Fri Sep 04 2015 13:37:30 GMT+0800 (Malay Peninsula Standard Time),,,pageReady,0:100:100
Fri Sep 04 2015 13:37:30 GMT+0800 (Malay Peninsula Standard Time),,s0,twitterId,1293460
Fri Sep 04 2015 13:37:30 GMT+0800 (Malay Peninsula Standard Time),,s1,twitterId,1293460
Fri Sep 04 2015 13:37:30 GMT+0800 (Malay Peninsula Standard Time),,s2,twitterId,1293460
Fri Sep 04 2015 13:37:30 GMT+0800 (Malay Peninsula Standard Time),,s3,twitterId,1293460
Fri Sep 04 2015 13:37:30 GMT+0800 (Malay Peninsula Standard Time),,s4,twitterId,1293460
Fri Sep 04 2015 13:37:30 GMT+0800 (Malay Peninsula Standard Time),,s5,twitterId,1293460
Fri Sep 04 2015 13:37:30 GMT+0800 (Malay Peninsula Standard Time),,s6,twitterId,1293460
Fri Sep 04 2015 13:37:30 GMT+0800 (Malay Peninsula Standard Time),,s7,twitterId,1293460
Fri Sep 04 2015 13:37:30 GMT+0800 (Malay Peninsula Standard Time),,s8,twitterId,1293460
Fri Sep 04 2015 13:37:30 GMT+0800 (Malay Peninsula Standard Time),,s9,twitterId,1293460
Fri Sep 04 2015 13:37:30 GMT+0800 (Malay Peninsula Standard Time),,s10,twitterId,1293460
Fri Sep 04 2015 13:37:30 GMT+0800 (Malay Peninsula Standard Time),,s11,twitterId,1293460
Fri Sep 04 2015 13:37:30 GMT+0800 (Malay Peninsula Standard Time),,s12,twitterId,1293460
Fri Sep 04 2015 13:37:30 GMT+0800 (Malay Peninsula Standard Time),,s13,twitterId,1293460
Fri Sep 04 2015 13:37:36 GMT+0800 (Malay Peninsula Standard Time),,s0w1,focus,
Fri Sep 04 2015 13:37:36 GMT+0800 (Malay Peninsula Standard Time),,s0w1,focus,
Fri Sep 04 2015 13:37:38 GMT+0800 (Malay Peninsula Standard Time),,s0w4,focus,
Fri Sep 04 2015 13:37:38 GMT+0800 (Malay Peninsula Standard Time),,s0w4,focus,
Fri Sep 04 2015 13:37:40 GMT+0800 (Malay Peninsula Standard Time),,s0w4,label,"^"
Fri Sep 04 2015 13:37:41 GMT+0800 (Malay Peninsula Standard Time),,s0w6,focus,
Fri Sep 04 2015 13:37:42 GMT+0800 (Malay Peninsula Standard Time),,s0w6,focus,
Fri Sep 04 2015 13:37:42 GMT+0800 (Malay Peninsula Standard Time),,s0w6,label,"^"
Fri Sep 04 2015 13:37:57 GMT+0800 (Malay Peninsula Standard Time),,s1w11,focus,
Fri Sep 04 2015 13:37:57 GMT+0800 (Malay Peninsula Standard Time),,s1w11,focus,
Fri Sep 04 2015 13:37:58 GMT+0800 (Malay Peninsula Standard Time),,s1w11,label,"N"
Fri Sep 04 2015 13:38:04 GMT+0800 (Malay Peninsula Standard Time),,s1w14,focus,
Fri Sep 04 2015 13:38:04 GMT+0800 (Malay Peninsula Standard Time),,s1w14,focus,
Fri Sep 04 2015 13:38:04 GMT+0800 (Malay Peninsula Standard Time),,s1w14,label,"N"
Fri Sep 04 2015 13:38:11 GMT+0800 (Malay Peninsula Standard Time),,s1w28,focus,
Fri Sep 04 2015 13:38:11 GMT+0800 (Malay Peninsula Standard Time),,s1w28,focus,
Fri Sep 04 2015 13:38:12 GMT+0800 (Malay Peninsula Standard Time),,s1w28,label,"N"
Fri Sep 04 2015 13:38:16 GMT+0800 (Malay Peninsula Standard Time),,s1w33,focus,
Fri Sep 04 2015 13:38:16 GMT+0800 (Malay Peninsula Standard Time),,s1w33,focus,
Fri Sep 04 2015 13:38:16 GMT+0800 (Malay Peninsula Standard Time),,s1w33,label,"N"
Fri Sep 04 2015 13:39:02 GMT+0800 (Malay Peninsula Standard Time),,s1w71,focus,
Fri Sep 04 2015 13:39:02 GMT+0800 (Malay Peninsula Standard Time),,s1w71,focus,
Fri Sep 04 2015 13:39:02 GMT+0800 (Malay Peninsula Standard Time),,s1w71,label,"N"
Fri Sep 04 2015 13:40:10 GMT+0800 (Malay Peninsula Standard Time),,s1w71,focus,
Fri Sep 04 2015 13:40:16 GMT+0800 (Malay Peninsula Standard Time),,s1w71,focus,
Fri Sep 04 2015 13:40:25 GMT+0800 (Malay Peninsula Standard Time),,s1w71,focus,
Fri Sep 04 2015 13:40:27 GMT+0800 (Malay Peninsula Standard Time),,s1w96,focus,
Fri Sep 04 2015 13:40:27 GMT+0800 (Malay Peninsula Standard Time),,s1w96,focus,
Fri Sep 04 2015 13:40:27 GMT+0800 (Malay Peninsula Standard Time),,s1w96,label,"O"
Fri Sep 04 2015 13:40:40 GMT+0800 (Malay Peninsula Standard Time),,s2w7,focus,
Fri Sep 04 2015 13:40:40 GMT+0800 (Malay Peninsula Standard Time),,s2w7,focus,
Fri Sep 04 2015 13:40:41 GMT+0800 (Malay Peninsula Standard Time),,s2w7,label,"N"
Fri Sep 04 2015 13:40:51 GMT+0800 (Malay Peninsula Standard Time),,s3w9,focus,
Fri Sep 04 2015 13:40:51 GMT+0800 (Malay Peninsula Standard Time),,s3w9,focus,
Fri Sep 04 2015 13:40:52 GMT+0800 (Malay Peninsula Standard Time),,s3w9,label,"N"
Fri Sep 04 2015 13:40:58 GMT+0800 (Malay Peninsula Standard Time),,s3w19,focus,
Fri Sep 04 2015 13:40:58 GMT+0800 (Malay Peninsula Standard Time),,s3w19,focus,
Fri Sep 04 2015 13:40:58 GMT+0800 (Malay Peninsula Standard Time),,s3w19,label,"^"
Fri Sep 04 2015 13:41:17 GMT+0800 (Malay Peninsula Standard Time),,s3w35,focus,
Fri Sep 04 2015 13:41:17 GMT+0800 (Malay Peninsula Standard Time),,s3w35,focus,
Fri Sep 04 2015 13:41:17 GMT+0800 (Malay Peninsula Standard Time),,s3w35,label,"N"
Fri Sep 04 2015 13:42:50 GMT+0800 (Malay Peninsula Standard Time),,s3w56,focus,
Fri Sep 04 2015 13:42:50 GMT+0800 (Malay Peninsula Standard Time),,s3w56,focus,
Fri Sep 04 2015 13:42:50 GMT+0800 (Malay Peninsula Standard Time),,s3w56,label,"N"
Fri Sep 04 2015 13:42:55 GMT+0800 (Malay Peninsula Standard Time),,s3w60,focus,
Fri Sep 04 2015 13:42:55 GMT+0800 (Malay Peninsula Standard Time),,s3w60,focus,
Fri Sep 04 2015 13:42:56 GMT+0800 (Malay Peninsula Standard Time),,s3w60,label,"^"
Fri Sep 04 2015 13:42:58 GMT+0800 (Malay Peninsula Standard Time),,s3w63,focus,
Fri Sep 04 2015 13:42:59 GMT+0800 (Malay Peninsula Standard Time),,s3w63,focus,
Fri Sep 04 2015 13:42:59 GMT+0800 (Malay Peninsula Standard Time),,s3w63,label,"^"
Fri Sep 04 2015 13:43:13 GMT+0800 (Malay Peninsula Standard Time),,s3w63,label,"G"
Fri Sep 04 2015 13:43:15 GMT+0800 (Malay Peninsula Standard Time),,s3w63,label,"^"
Fri Sep 04 2015 13:43:19 GMT+0800 (Malay Peninsula Standard Time),,s3w92,focus,
Fri Sep 04 2015 13:43:19 GMT+0800 (Malay Peninsula Standard Time),,s3w92,focus,
Fri Sep 04 2015 13:43:20 GMT+0800 (Malay Peninsula Standard Time),,s3w92,label,"G"
Fri Sep 04 2015 13:43:28 GMT+0800 (Malay Peninsula Standard Time),,s3w95,focus,
Fri Sep 04 2015 13:43:28 GMT+0800 (Malay Peninsula Standard Time),,s3w95,focus,
Fri Sep 04 2015 13:43:28 GMT+0800 (Malay Peninsula Standard Time),,s3w95,label,"^"
Fri Sep 04 2015 13:43:30 GMT+0800 (Malay Peninsula Standard Time),,s3w96,focus,
Fri Sep 04 2015 13:43:30 GMT+0800 (Malay Peninsula Standard Time),,s3w96,focus,
Fri Sep 04 2015 13:43:30 GMT+0800 (Malay Peninsula Standard Time),,s3w96,label,"^"
Fri Sep 04 2015 13:43:39 GMT+0800 (Malay Peninsula Standard Time),,s3w117,focus,
Fri Sep 04 2015 13:43:39 GMT+0800 (Malay Peninsula Standard Time),,s3w117,focus,
Fri Sep 04 2015 13:43:40 GMT+0800 (Malay Peninsula Standard Time),,s3w117,label,"^"
Fri Sep 04 2015 13:43:45 GMT+0800 (Malay Peninsula Standard Time),,s3w125,focus,
Fri Sep 04 2015 13:43:46 GMT+0800 (Malay Peninsula Standard Time),,s3w125,focus,
Fri Sep 04 2015 13:43:46 GMT+0800 (Malay Peninsula Standard Time),,s3w125,label,"N"
Fri Sep 04 2015 13:43:51 GMT+0800 (Malay Peninsula Standard Time),,s3w139,focus,
Fri Sep 04 2015 13:43:51 GMT+0800 (Malay Peninsula Standard Time),,s3w139,focus,
Fri Sep 04 2015 13:43:52 GMT+0800 (Malay Peninsula Standard Time),,s3w139,label,"^"
Fri Sep 04 2015 13:45:02 GMT+0800 (Malay Peninsula Standard Time),,s4w30,focus,
Fri Sep 04 2015 13:45:02 GMT+0800 (Malay Peninsula Standard Time),,s4w30,focus,
Fri Sep 04 2015 13:45:03 GMT+0800 (Malay Peninsula Standard Time),,s4w30,focus,
Fri Sep 04 2015 13:45:07 GMT+0800 (Malay Peninsula Standard Time),,s4w30,focus,
Fri Sep 04 2015 13:46:06 GMT+0800 (Malay Peninsula Standard Time),,s4w30,focus,
Fri Sep 04 2015 13:46:08 GMT+0800 (Malay Peninsula Standard Time),,s4w30,label,"?"
Fri Sep 04 2015 13:48:24 GMT+0800 (Malay Peninsula Standard Time),,s4w30,label,"G"
Fri Sep 04 2015 13:48:39 GMT+0800 (Malay Peninsula Standard Time),,s4w52,focus,
Fri Sep 04 2015 13:48:39 GMT+0800 (Malay Peninsula Standard Time),,s4w52,focus,
Fri Sep 04 2015 13:48:40 GMT+0800 (Malay Peninsula Standard Time),,s4w52,label,"^"
Fri Sep 04 2015 13:48:47 GMT+0800 (Malay Peninsula Standard Time),,s4w53,focus,
Fri Sep 04 2015 13:48:47 GMT+0800 (Malay Peninsula Standard Time),,s4w53,focus,
Fri Sep 04 2015 13:48:48 GMT+0800 (Malay Peninsula Standard Time),,s4w53,label,","
Fri Sep 04 2015 13:48:51 GMT+0800 (Malay Peninsula Standard Time),,s4w54,focus,
Fri Sep 04 2015 13:48:51 GMT+0800 (Malay Peninsula Standard Time),,s4w54,focus,
Fri Sep 04 2015 13:48:51 GMT+0800 (Malay Peninsula Standard Time),,s4w54,label,"^"
Fri Sep 04 2015 13:48:54 GMT+0800 (Malay Peninsula Standard Time),,s4w55,focus,
Fri Sep 04 2015 13:48:54 GMT+0800 (Malay Peninsula Standard Time),,s4w55,focus,
Fri Sep 04 2015 13:48:54 GMT+0800 (Malay Peninsula Standard Time),,s4w55,label,","
Fri Sep 04 2015 13:49:11 GMT+0800 (Malay Peninsula Standard Time),,s4w55,focus,
Fri Sep 04 2015 13:49:16 GMT+0800 (Malay Peninsula Standard Time),,s4w55,focus,
Fri Sep 04 2015 13:49:22 GMT+0800 (Malay Peninsula Standard Time),,s4w55,focus,
Fri Sep 04 2015 13:50:06 GMT+0800 (Malay Peninsula Standard Time),,s4w55,label,"$"
Fri Sep 04 2015 13:50:08 GMT+0800 (Malay Peninsula Standard Time),,s4w55,label,","
Fri Sep 04 2015 13:50:10 GMT+0800 (Malay Peninsula Standard Time),,s4w54,focus,
Fri Sep 04 2015 13:50:10 GMT+0800 (Malay Peninsula Standard Time),,s4w54,focus,
Fri Sep 04 2015 13:50:12 GMT+0800 (Malay Peninsula Standard Time),,s4w54,label,"$"
Fri Sep 04 2015 13:50:30 GMT+0800 (Malay Peninsula Standard Time),,s4w93,focus,
Fri Sep 04 2015 13:50:30 GMT+0800 (Malay Peninsula Standard Time),,s4w93,focus,
Fri Sep 04 2015 13:50:31 GMT+0800 (Malay Peninsula Standard Time),,s4w93,label,"^"
Fri Sep 04 2015 13:50:58 GMT+0800 (Malay Peninsula Standard Time),,s4w93,focus,
Fri Sep 04 2015 13:51:21 GMT+0800 (Malay Peninsula Standard Time),,s4w113,focus,
Fri Sep 04 2015 13:51:21 GMT+0800 (Malay Peninsula Standard Time),,s4w113,focus,
Fri Sep 04 2015 13:51:23 GMT+0800 (Malay Peninsula Standard Time),,s4w113,label,","
Fri Sep 04 2015 13:51:32 GMT+0800 (Malay Peninsula Standard Time),,s4w114,focus,
Fri Sep 04 2015 13:51:32 GMT+0800 (Malay Peninsula Standard Time),,s4w114,focus,
Fri Sep 04 2015 13:51:56 GMT+0800 (Malay Peninsula Standard Time),,s4w54,focus,
Fri Sep 04 2015 13:51:56 GMT+0800 (Malay Peninsula Standard Time),,s4w54,focus,
Fri Sep 04 2015 13:51:57 GMT+0800 (Malay Peninsula Standard Time),,s4w54,label,"?"
Fri Sep 04 2015 13:52:07 GMT+0800 (Malay Peninsula Standard Time),,s4w114,focus,
Fri Sep 04 2015 13:52:07 GMT+0800 (Malay Peninsula Standard Time),,s4w114,focus,
Fri Sep 04 2015 13:52:13 GMT+0800 (Malay Peninsula Standard Time),,s4w114,focus,
Fri Sep 04 2015 13:52:14 GMT+0800 (Malay Peninsula Standard Time),,s4w114,label,"G"
Fri Sep 04 2015 13:52:36 GMT+0800 (Malay Peninsula Standard Time),,s4w114,focus,
Fri Sep 04 2015 13:52:37 GMT+0800 (Malay Peninsula Standard Time),,s4w114,label,"?"
Fri Sep 04 2015 13:52:39 GMT+0800 (Malay Peninsula Standard Time),,s4w115,focus,
Fri Sep 04 2015 13:52:39 GMT+0800 (Malay Peninsula Standard Time),,s4w115,focus,
Fri Sep 04 2015 13:52:40 GMT+0800 (Malay Peninsula Standard Time),,s4w115,label,"?"
Fri Sep 04 2015 13:52:42 GMT+0800 (Malay Peninsula Standard Time),,s4w113,focus,
Fri Sep 04 2015 13:52:42 GMT+0800 (Malay Peninsula Standard Time),,s4w113,focus,
Fri Sep 04 2015 13:52:42 GMT+0800 (Malay Peninsula Standard Time),,s4w113,label,"?"
Fri Sep 04 2015 13:52:50 GMT+0800 (Malay Peninsula Standard Time),,s4w116,focus,
Fri Sep 04 2015 13:52:51 GMT+0800 (Malay Peninsula Standard Time),,s4w116,focus,
Fri Sep 04 2015 13:52:51 GMT+0800 (Malay Peninsula Standard Time),,s4w116,label,"N"
Fri Sep 04 2015 13:54:26 GMT+0800 (Malay Peninsula Standard Time),,s4w130,focus,
Fri Sep 04 2015 13:54:26 GMT+0800 (Malay Peninsula Standard Time),,s4w130,focus,
Fri Sep 04 2015 13:54:27 GMT+0800 (Malay Peninsula Standard Time),,s4w130,label,"N"
Fri Sep 04 2015 13:54:34 GMT+0800 (Malay Peninsula Standard Time),,s4w134,focus,
Fri Sep 04 2015 13:54:34 GMT+0800 (Malay Peninsula Standard Time),,s4w134,focus,
Fri Sep 04 2015 13:54:35 GMT+0800 (Malay Peninsula Standard Time),,s4w134,label,"N"
Fri Sep 04 2015 13:54:49 GMT+0800 (Malay Peninsula Standard Time),,s4w134,focus,
Fri Sep 04 2015 13:54:52 GMT+0800 (Malay Peninsula Standard Time),,s4w132,focus,
Fri Sep 04 2015 13:54:52 GMT+0800 (Malay Peninsula Standard Time),,s4w132,focus,
Fri Sep 04 2015 13:54:52 GMT+0800 (Malay Peninsula Standard Time),,s4w132,label,"A"
Fri Sep 04 2015 14:02:04 GMT+0800 (Malay Peninsula Standard Time),,s4w141,focus,
Fri Sep 04 2015 14:02:04 GMT+0800 (Malay Peninsula Standard Time),,s4w141,focus,
Fri Sep 04 2015 14:02:05 GMT+0800 (Malay Peninsula Standard Time),,s4w141,label,"V"
Fri Sep 04 2015 14:02:10 GMT+0800 (Malay Peninsula Standard Time),,s4w145,focus,
Fri Sep 04 2015 14:02:10 GMT+0800 (Malay Peninsula Standard Time),,s4w145,focus,
Fri Sep 04 2015 14:02:16 GMT+0800 (Malay Peninsula Standard Time),,s4w145,label,"M"
Fri Sep 04 2015 14:02:30 GMT+0800 (Malay Peninsula Standard Time),,s4w145,focus,
Fri Sep 04 2015 14:02:56 GMT+0800 (Malay Peninsula Standard Time),,s4w146,focus,
Fri Sep 04 2015 14:02:57 GMT+0800 (Malay Peninsula Standard Time),,s4w146,focus,
Fri Sep 04 2015 14:02:58 GMT+0800 (Malay Peninsula Standard Time),,s4w146,label,"^"
Fri Sep 04 2015 14:03:22 GMT+0800 (Malay Peninsula Standard Time),,s4w168,focus,
Fri Sep 04 2015 14:03:22 GMT+0800 (Malay Peninsula Standard Time),,s4w168,focus,
Fri Sep 04 2015 14:03:24 GMT+0800 (Malay Peninsula Standard Time),,s4w168,label,"^"
Fri Sep 04 2015 14:03:38 GMT+0800 (Malay Peninsula Standard Time),,s4w159,focus,
Fri Sep 04 2015 14:03:38 GMT+0800 (Malay Peninsula Standard Time),,s4w159,focus,
Fri Sep 04 2015 14:03:40 GMT+0800 (Malay Peninsula Standard Time),,s4w159,label,"="
Fri Sep 04 2015 14:04:29 GMT+0800 (Malay Peninsula Standard Time),,s4w174,focus,
Fri Sep 04 2015 14:04:30 GMT+0800 (Malay Peninsula Standard Time),,s4w174,focus,
Fri Sep 04 2015 14:04:30 GMT+0800 (Malay Peninsula Standard Time),,s4w174,label,"N"
Fri Sep 04 2015 14:04:33 GMT+0800 (Malay Peninsula Standard Time),,s4w179,focus,
Fri Sep 04 2015 14:04:33 GMT+0800 (Malay Peninsula Standard Time),,s4w179,focus,
Fri Sep 04 2015 14:04:34 GMT+0800 (Malay Peninsula Standard Time),,s4w179,label,"^"
Fri Sep 04 2015 14:04:48 GMT+0800 (Malay Peninsula Standard Time),,s4w200,focus,
Fri Sep 04 2015 14:04:48 GMT+0800 (Malay Peninsula Standard Time),,s4w200,focus,
Fri Sep 04 2015 14:04:48 GMT+0800 (Malay Peninsula Standard Time),,s4w200,label,"^"
Fri Sep 04 2015 14:04:51 GMT+0800 (Malay Peninsula Standard Time),,s4w203,focus,
Fri Sep 04 2015 14:04:51 GMT+0800 (Malay Peninsula Standard Time),,s4w203,focus,
Fri Sep 04 2015 14:04:51 GMT+0800 (Malay Peninsula Standard Time),,s4w203,label,"^"
Fri Sep 04 2015 14:04:56 GMT+0800 (Malay Peninsula Standard Time),,s4w209,focus,
Fri Sep 04 2015 14:04:56 GMT+0800 (Malay Peninsula Standard Time),,s4w209,focus,
Fri Sep 04 2015 14:04:57 GMT+0800 (Malay Peninsula Standard Time),,s4w209,label,"^"
Fri Sep 04 2015 14:05:27 GMT+0800 (Malay Peninsula Standard Time),,s4w209,focus,
Fri Sep 04 2015 14:05:29 GMT+0800 (Malay Peninsula Standard Time),,s4w210,focus,
Fri Sep 04 2015 14:05:30 GMT+0800 (Malay Peninsula Standard Time),,s4w210,focus,
Fri Sep 04 2015 14:05:30 GMT+0800 (Malay Peninsula Standard Time),,s4w210,label,"N"
Fri Sep 04 2015 14:05:49 GMT+0800 (Malay Peninsula Standard Time),,s4w210,focus,
Fri Sep 04 2015 14:05:52 GMT+0800 (Malay Peninsula Standard Time),,s4w223,focus,
Fri Sep 04 2015 14:05:53 GMT+0800 (Malay Peninsula Standard Time),,s4w223,focus,
Fri Sep 04 2015 14:05:54 GMT+0800 (Malay Peninsula Standard Time),,s4w223,label,"^"
Fri Sep 04 2015 14:05:58 GMT+0800 (Malay Peninsula Standard Time),,s4w226,focus,
Fri Sep 04 2015 14:05:58 GMT+0800 (Malay Peninsula Standard Time),,s4w226,focus,
Fri Sep 04 2015 14:06:03 GMT+0800 (Malay Peninsula Standard Time),,s4w226,label,"A"
Fri Sep 04 2015 14:06:41 GMT+0800 (Malay Peninsula Standard Time),,s4w145,focus,
Fri Sep 04 2015 14:06:41 GMT+0800 (Malay Peninsula Standard Time),,s4w145,focus,
Fri Sep 04 2015 14:06:44 GMT+0800 (Malay Peninsula Standard Time),,s4w145,focus,
Fri Sep 04 2015 14:06:44 GMT+0800 (Malay Peninsula Standard Time),,s4w145,label,"Z"
Fri Sep 04 2015 14:07:08 GMT+0800 (Malay Peninsula Standard Time),,s4w145,focus,
Fri Sep 04 2015 14:07:30 GMT+0800 (Malay Peninsula Standard Time),,s4w145,focus,
Fri Sep 04 2015 14:07:47 GMT+0800 (Malay Peninsula Standard Time),,s4w132,focus,
Fri Sep 04 2015 14:07:47 GMT+0800 (Malay Peninsula Standard Time),,s4w132,focus,
Fri Sep 04 2015 14:07:48 GMT+0800 (Malay Peninsula Standard Time),,s4w132,label,"N"
Fri Sep 04 2015 14:08:00 GMT+0800 (Malay Peninsula Standard Time),,s4w291,focus,
Fri Sep 04 2015 14:08:00 GMT+0800 (Malay Peninsula Standard Time),,s4w291,focus,
Fri Sep 04 2015 14:08:02 GMT+0800 (Malay Peninsula Standard Time),,s4w291,label,"^"
Fri Sep 04 2015 14:08:09 GMT+0800 (Malay Peninsula Standard Time),,s4w289,focus,
Fri Sep 04 2015 14:08:09 GMT+0800 (Malay Peninsula Standard Time),,s4w289,focus,
Fri Sep 04 2015 14:08:10 GMT+0800 (Malay Peninsula Standard Time),,s4w289,label,"N"
Fri Sep 04 2015 14:08:32 GMT+0800 (Malay Peninsula Standard Time),,s4w289,focus,
Fri Sep 04 2015 14:08:34 GMT+0800 (Malay Peninsula Standard Time),,s4w301,focus,
Fri Sep 04 2015 14:08:34 GMT+0800 (Malay Peninsula Standard Time),,s4w301,focus,
Fri Sep 04 2015 14:08:35 GMT+0800 (Malay Peninsula Standard Time),,s4w301,label,"N"
Fri Sep 04 2015 14:08:39 GMT+0800 (Malay Peninsula Standard Time),,s4w303,focus,
Fri Sep 04 2015 14:08:39 GMT+0800 (Malay Peninsula Standard Time),,s4w303,focus,
Fri Sep 04 2015 14:09:11 GMT+0800 (Malay Peninsula Standard Time),,s4w303,focus,
Fri Sep 04 2015 14:09:12 GMT+0800 (Malay Peninsula Standard Time),,s4w303,label,"D"
Fri Sep 04 2015 14:09:13 GMT+0800 (Malay Peninsula Standard Time),,s4w304,focus,
Fri Sep 04 2015 14:09:13 GMT+0800 (Malay Peninsula Standard Time),,s4w304,focus,
Fri Sep 04 2015 14:09:16 GMT+0800 (Malay Peninsula Standard Time),,s4w304,label,"V"
Fri Sep 04 2015 14:10:29 GMT+0800 (Malay Peninsula Standard Time),,s4w396,focus,
Fri Sep 04 2015 14:10:30 GMT+0800 (Malay Peninsula Standard Time),,s4w396,focus,
Fri Sep 04 2015 14:10:31 GMT+0800 (Malay Peninsula Standard Time),,s4w396,label,"^"
Fri Sep 04 2015 14:10:59 GMT+0800 (Malay Peninsula Standard Time),,s4w396,focus,
Fri Sep 04 2015 14:11:16 GMT+0800 (Malay Peninsula Standard Time),,s4w396,focus,
Fri Sep 04 2015 14:11:32 GMT+0800 (Malay Peninsula Standard Time),,s4w396,focus,
Fri Sep 04 2015 14:11:50 GMT+0800 (Malay Peninsula Standard Time),,s6w4,focus,
Fri Sep 04 2015 14:11:50 GMT+0800 (Malay Peninsula Standard Time),,s6w4,focus,
Fri Sep 04 2015 14:12:03 GMT+0800 (Malay Peninsula Standard Time),,s6w4,focus,
Fri Sep 04 2015 14:12:05 GMT+0800 (Malay Peninsula Standard Time),,s6w5,focus,
Fri Sep 04 2015 14:12:05 GMT+0800 (Malay Peninsula Standard Time),,s6w5,focus,
Fri Sep 04 2015 14:12:05 GMT+0800 (Malay Peninsula Standard Time),,s6w5,label,"A"
Fri Sep 04 2015 14:12:10 GMT+0800 (Malay Peninsula Standard Time),,s6w11,focus,
Fri Sep 04 2015 14:12:10 GMT+0800 (Malay Peninsula Standard Time),,s6w11,focus,
Fri Sep 04 2015 14:12:11 GMT+0800 (Malay Peninsula Standard Time),,s6w11,label,"N"
Fri Sep 04 2015 14:12:13 GMT+0800 (Malay Peninsula Standard Time),,s6w12,focus,
Fri Sep 04 2015 14:12:13 GMT+0800 (Malay Peninsula Standard Time),,s6w12,focus,
Fri Sep 04 2015 14:12:14 GMT+0800 (Malay Peninsula Standard Time),,s6w12,label,"A"
Fri Sep 04 2015 14:12:31 GMT+0800 (Malay Peninsula Standard Time),,s6w40,focus,
Fri Sep 04 2015 14:12:32 GMT+0800 (Malay Peninsula Standard Time),,s6w40,focus,
Fri Sep 04 2015 14:12:32 GMT+0800 (Malay Peninsula Standard Time),,s6w40,label,"N"
Fri Sep 04 2015 14:12:39 GMT+0800 (Malay Peninsula Standard Time),,s6w57,focus,
Fri Sep 04 2015 14:12:39 GMT+0800 (Malay Peninsula Standard Time),,s6w57,focus,
Fri Sep 04 2015 14:12:40 GMT+0800 (Malay Peninsula Standard Time),,s6w57,label,"^"
Fri Sep 04 2015 14:12:41 GMT+0800 (Malay Peninsula Standard Time),,s6w59,focus,
Fri Sep 04 2015 14:12:42 GMT+0800 (Malay Peninsula Standard Time),,s6w59,focus,
Fri Sep 04 2015 14:12:42 GMT+0800 (Malay Peninsula Standard Time),,s6w59,label,"^"
Fri Sep 04 2015 14:13:14 GMT+0800 (Malay Peninsula Standard Time),,s7w8,focus,
Fri Sep 04 2015 14:13:14 GMT+0800 (Malay Peninsula Standard Time),,s7w8,focus,
Fri Sep 04 2015 14:13:14 GMT+0800 (Malay Peninsula Standard Time),,s7w8,label,"^"
Fri Sep 04 2015 14:13:15 GMT+0800 (Malay Peninsula Standard Time),,s7w10,focus,
Fri Sep 04 2015 14:13:16 GMT+0800 (Malay Peninsula Standard Time),,s7w10,focus,
Fri Sep 04 2015 14:13:16 GMT+0800 (Malay Peninsula Standard Time),,s7w10,label,"^"
Fri Sep 04 2015 14:13:41 GMT+0800 (Malay Peninsula Standard Time),,s7w21,focus,
Fri Sep 04 2015 14:13:41 GMT+0800 (Malay Peninsula Standard Time),,s7w21,focus,
Fri Sep 04 2015 14:13:42 GMT+0800 (Malay Peninsula Standard Time),,s7w21,label,"^"
Fri Sep 04 2015 14:13:44 GMT+0800 (Malay Peninsula Standard Time),,s7w22,focus,
Fri Sep 04 2015 14:13:44 GMT+0800 (Malay Peninsula Standard Time),,s7w22,focus,
Fri Sep 04 2015 14:13:45 GMT+0800 (Malay Peninsula Standard Time),,s7w22,label,"^"
Fri Sep 04 2015 14:13:46 GMT+0800 (Malay Peninsula Standard Time),,s7w23,focus,
Fri Sep 04 2015 14:13:46 GMT+0800 (Malay Peninsula Standard Time),,s7w23,focus,
Fri Sep 04 2015 14:13:47 GMT+0800 (Malay Peninsula Standard Time),,s7w23,label,"^"
Fri Sep 04 2015 14:13:54 GMT+0800 (Malay Peninsula Standard Time),,s7w30,focus,
Fri Sep 04 2015 14:13:54 GMT+0800 (Malay Peninsula Standard Time),,s7w30,focus,
Fri Sep 04 2015 14:13:55 GMT+0800 (Malay Peninsula Standard Time),,s7w30,label,"^"
Fri Sep 04 2015 14:13:56 GMT+0800 (Malay Peninsula Standard Time),,s7w29,focus,
Fri Sep 04 2015 14:13:56 GMT+0800 (Malay Peninsula Standard Time),,s7w29,focus,
Fri Sep 04 2015 14:13:56 GMT+0800 (Malay Peninsula Standard Time),,s7w29,label,"^"
Fri Sep 04 2015 14:14:13 GMT+0800 (Malay Peninsula Standard Time),,s7w44,focus,
Fri Sep 04 2015 14:14:13 GMT+0800 (Malay Peninsula Standard Time),,s7w44,focus,
Fri Sep 04 2015 14:14:14 GMT+0800 (Malay Peninsula Standard Time),,s7w44,label,"N"
Fri Sep 04 2015 14:14:20 GMT+0800 (Malay Peninsula Standard Time),,s7w48,focus,
Fri Sep 04 2015 14:14:20 GMT+0800 (Malay Peninsula Standard Time),,s7w48,focus,
Fri Sep 04 2015 14:14:23 GMT+0800 (Malay Peninsula Standard Time),,s7w48,label,"O"
Fri Sep 04 2015 14:14:30 GMT+0800 (Malay Peninsula Standard Time),,s7w53,focus,
Fri Sep 04 2015 14:14:30 GMT+0800 (Malay Peninsula Standard Time),,s7w53,focus,
Fri Sep 04 2015 14:14:31 GMT+0800 (Malay Peninsula Standard Time),,s7w53,label,"^"
Fri Sep 04 2015 14:14:36 GMT+0800 (Malay Peninsula Standard Time),,s7w58,focus,
Fri Sep 04 2015 14:14:36 GMT+0800 (Malay Peninsula Standard Time),,s7w58,focus,
Fri Sep 04 2015 14:14:37 GMT+0800 (Malay Peninsula Standard Time),,s7w58,label,"^"
Fri Sep 04 2015 14:14:43 GMT+0800 (Malay Peninsula Standard Time),,s7w61,focus,
Fri Sep 04 2015 14:14:43 GMT+0800 (Malay Peninsula Standard Time),,s7w61,focus,
Fri Sep 04 2015 14:14:43 GMT+0800 (Malay Peninsula Standard Time),,s7w61,label,"V"
Fri Sep 04 2015 14:14:47 GMT+0800 (Malay Peninsula Standard Time),,s7w66,focus,
Fri Sep 04 2015 14:14:47 GMT+0800 (Malay Peninsula Standard Time),,s7w66,focus,
Fri Sep 04 2015 14:14:48 GMT+0800 (Malay Peninsula Standard Time),,s7w66,label,"^"
Fri Sep 04 2015 14:16:00 GMT+0800 (Malay Peninsula Standard Time),,s7w66,label,"N"
Fri Sep 04 2015 14:16:03 GMT+0800 (Malay Peninsula Standard Time),,s7w66,label,"^"
Fri Sep 04 2015 14:16:05 GMT+0800 (Malay Peninsula Standard Time),,s7w70,focus,
Fri Sep 04 2015 14:16:05 GMT+0800 (Malay Peninsula Standard Time),,s7w70,focus,
Fri Sep 04 2015 14:16:06 GMT+0800 (Malay Peninsula Standard Time),,s7w70,label,"N"
Fri Sep 04 2015 14:16:34 GMT+0800 (Malay Peninsula Standard Time),,s7w93,focus,
Fri Sep 04 2015 14:16:34 GMT+0800 (Malay Peninsula Standard Time),,s7w93,focus,
Fri Sep 04 2015 14:16:35 GMT+0800 (Malay Peninsula Standard Time),,s7w93,label,"Z"
Fri Sep 04 2015 14:16:36 GMT+0800 (Malay Peninsula Standard Time),,s7w93,label,"^"
Fri Sep 04 2015 14:16:42 GMT+0800 (Malay Peninsula Standard Time),,s8w8,focus,
Fri Sep 04 2015 14:16:42 GMT+0800 (Malay Peninsula Standard Time),,s8w8,focus,
Fri Sep 04 2015 14:16:42 GMT+0800 (Malay Peninsula Standard Time),,s8w8,label,"N"
Fri Sep 04 2015 14:16:49 GMT+0800 (Malay Peninsula Standard Time),,s9w6,focus,
Fri Sep 04 2015 14:16:49 GMT+0800 (Malay Peninsula Standard Time),,s9w6,focus,
Fri Sep 04 2015 14:16:50 GMT+0800 (Malay Peninsula Standard Time),,s9w6,label,"V"
Fri Sep 04 2015 14:16:51 GMT+0800 (Malay Peninsula Standard Time),,s9w6,label,"A"
Fri Sep 04 2015 14:17:02 GMT+0800 (Malay Peninsula Standard Time),,s9w29,focus,
Fri Sep 04 2015 14:17:02 GMT+0800 (Malay Peninsula Standard Time),,s9w29,focus,
Fri Sep 04 2015 14:17:04 GMT+0800 (Malay Peninsula Standard Time),,s9w29,label,"V"
Fri Sep 04 2015 14:17:09 GMT+0800 (Malay Peninsula Standard Time),,s9w33,focus,
Fri Sep 04 2015 14:17:10 GMT+0800 (Malay Peninsula Standard Time),,s9w33,focus,
Fri Sep 04 2015 14:17:10 GMT+0800 (Malay Peninsula Standard Time),,s9w33,label,"N"
Fri Sep 04 2015 14:17:20 GMT+0800 (Malay Peninsula Standard Time),,s9w47,focus,
Fri Sep 04 2015 14:17:20 GMT+0800 (Malay Peninsula Standard Time),,s9w47,focus,
Fri Sep 04 2015 14:17:20 GMT+0800 (Malay Peninsula Standard Time),,s9w47,label,"N"
Fri Sep 04 2015 14:17:42 GMT+0800 (Malay Peninsula Standard Time),,s9w85,focus,
Fri Sep 04 2015 14:17:42 GMT+0800 (Malay Peninsula Standard Time),,s9w85,focus,
Fri Sep 04 2015 14:17:43 GMT+0800 (Malay Peninsula Standard Time),,s9w85,label,"N"
Fri Sep 04 2015 14:17:50 GMT+0800 (Malay Peninsula Standard Time),,s9w92,focus,
Fri Sep 04 2015 14:17:50 GMT+0800 (Malay Peninsula Standard Time),,s9w92,focus,
Fri Sep 04 2015 14:17:51 GMT+0800 (Malay Peninsula Standard Time),,s9w92,label,"^"
Fri Sep 04 2015 14:18:29 GMT+0800 (Malay Peninsula Standard Time),,s10w4,focus,
Fri Sep 04 2015 14:18:29 GMT+0800 (Malay Peninsula Standard Time),,s10w4,focus,
Fri Sep 04 2015 14:18:40 GMT+0800 (Malay Peninsula Standard Time),,s10w21,focus,
Fri Sep 04 2015 14:18:40 GMT+0800 (Malay Peninsula Standard Time),,s10w21,focus,
Fri Sep 04 2015 14:18:41 GMT+0800 (Malay Peninsula Standard Time),,s10w21,label,"N"
Fri Sep 04 2015 14:18:42 GMT+0800 (Malay Peninsula Standard Time),,s10w22,focus,
Fri Sep 04 2015 14:18:42 GMT+0800 (Malay Peninsula Standard Time),,s10w22,focus,
Fri Sep 04 2015 14:18:44 GMT+0800 (Malay Peninsula Standard Time),,s10w22,label,"$"
Fri Sep 04 2015 14:19:00 GMT+0800 (Malay Peninsula Standard Time),,s10w41,focus,
Fri Sep 04 2015 14:19:00 GMT+0800 (Malay Peninsula Standard Time),,s10w41,focus,
Fri Sep 04 2015 14:19:01 GMT+0800 (Malay Peninsula Standard Time),,s10w41,label,"A"
Fri Sep 04 2015 14:19:11 GMT+0800 (Malay Peninsula Standard Time),,s10w46,focus,
Fri Sep 04 2015 14:19:11 GMT+0800 (Malay Peninsula Standard Time),,s10w46,focus,
Fri Sep 04 2015 14:19:12 GMT+0800 (Malay Peninsula Standard Time),,s10w46,label,"A"
Fri Sep 04 2015 14:19:18 GMT+0800 (Malay Peninsula Standard Time),,s10w54,focus,
Fri Sep 04 2015 14:19:18 GMT+0800 (Malay Peninsula Standard Time),,s10w54,focus,
Fri Sep 04 2015 14:19:19 GMT+0800 (Malay Peninsula Standard Time),,s10w54,label,"V"
Fri Sep 04 2015 14:19:25 GMT+0800 (Malay Peninsula Standard Time),,s10w63,focus,
Fri Sep 04 2015 14:19:25 GMT+0800 (Malay Peninsula Standard Time),,s10w63,focus,
Fri Sep 04 2015 14:19:25 GMT+0800 (Malay Peninsula Standard Time),,s10w63,label,"N"
Fri Sep 04 2015 14:19:32 GMT+0800 (Malay Peninsula Standard Time),,s11w1,focus,
Fri Sep 04 2015 14:19:32 GMT+0800 (Malay Peninsula Standard Time),,s11w1,focus,
Fri Sep 04 2015 14:19:32 GMT+0800 (Malay Peninsula Standard Time),,s11w1,label,"N"
Fri Sep 04 2015 14:19:33 GMT+0800 (Malay Peninsula Standard Time),,s11w1,label,"V"
Fri Sep 04 2015 14:19:44 GMT+0800 (Malay Peninsula Standard Time),,s11w25,focus,
Fri Sep 04 2015 14:19:44 GMT+0800 (Malay Peninsula Standard Time),,s11w25,focus,
Fri Sep 04 2015 14:19:45 GMT+0800 (Malay Peninsula Standard Time),,s11w25,label,"^"
Fri Sep 04 2015 14:19:49 GMT+0800 (Malay Peninsula Standard Time),,s11w34,focus,
Fri Sep 04 2015 14:19:49 GMT+0800 (Malay Peninsula Standard Time),,s11w34,focus,
Fri Sep 04 2015 14:19:50 GMT+0800 (Malay Peninsula Standard Time),,s11w34,label,"N"
Fri Sep 04 2015 14:19:54 GMT+0800 (Malay Peninsula Standard Time),,s11w45,focus,
Fri Sep 04 2015 14:19:54 GMT+0800 (Malay Peninsula Standard Time),,s11w45,focus,
Fri Sep 04 2015 14:19:56 GMT+0800 (Malay Peninsula Standard Time),,s11w45,label,"^"
Fri Sep 04 2015 14:21:17 GMT+0800 (Malay Peninsula Standard Time),,s12w51,focus,
Fri Sep 04 2015 14:21:17 GMT+0800 (Malay Peninsula Standard Time),,s12w51,focus,
Fri Sep 04 2015 14:21:17 GMT+0800 (Malay Peninsula Standard Time),,s12w51,label,"N"
Fri Sep 04 2015 14:21:31 GMT+0800 (Malay Peninsula Standard Time),,s13w33,focus,
Fri Sep 04 2015 14:21:31 GMT+0800 (Malay Peninsula Standard Time),,s13w33,focus,
Fri Sep 04 2015 14:21:32 GMT+0800 (Malay Peninsula Standard Time),,s13w15,focus,
Fri Sep 04 2015 14:21:32 GMT+0800 (Malay Peninsula Standard Time),,s13w15,focus,
Fri Sep 04 2015 14:21:33 GMT+0800 (Malay Peninsula Standard Time),,s13w15,label,"^"
Fri Sep 04 2015 14:21:38 GMT+0800 (Malay Peninsula Standard Time),,s13w43,focus,
Fri Sep 04 2015 14:21:38 GMT+0800 (Malay Peninsula Standard Time),,s13w43,focus,
Fri Sep 04 2015 14:21:39 GMT+0800 (Malay Peninsula Standard Time),,s13w25,focus,
Fri Sep 04 2015 14:21:39 GMT+0800 (Malay Peninsula Standard Time),,s13w25,focus,
Fri Sep 04 2015 14:21:40 GMT+0800 (Malay Peninsula Standard Time),,s13w25,label,"$"
Fri Sep 04 2015 14:21:42 GMT+0800 (Malay Peninsula Standard Time),,s13w24,focus,
Fri Sep 04 2015 14:21:42 GMT+0800 (Malay Peninsula Standard Time),,s13w24,focus,
Fri Sep 04 2015 14:21:42 GMT+0800 (Malay Peninsula Standard Time),,s13w24,label,"N"
Fri Sep 04 2015 14:21:46 GMT+0800 (Malay Peninsula Standard Time),,s13w33,focus,
Fri Sep 04 2015 14:21:46 GMT+0800 (Malay Peninsula Standard Time),,s13w33,focus,
Fri Sep 04 2015 14:21:47 GMT+0800 (Malay Peninsula Standard Time),,s13w33,label,"N"
Fri Sep 04 2015 14:21:55 GMT+0800 (Malay Peninsula Standard Time),,s13w59,focus,
Fri Sep 04 2015 14:21:55 GMT+0800 (Malay Peninsula Standard Time),,s13w59,focus,
Fri Sep 04 2015 14:21:56 GMT+0800 (Malay Peninsula Standard Time),,s13w59,label,"^"
Fri Sep 04 2015 14:21:59 GMT+0800 (Malay Peninsula Standard Time),,s13w63,focus,
Fri Sep 04 2015 14:21:59 GMT+0800 (Malay Peninsula Standard Time),,s13w63,focus,
Fri Sep 04 2015 14:22:00 GMT+0800 (Malay Peninsula Standard Time),,s13w63,label,"^"
Fri Sep 04 2015 14:22:03 GMT+0800 (Malay Peninsula Standard Time),,s13w64,focus,
Fri Sep 04 2015 14:22:03 GMT+0800 (Malay Peninsula Standard Time),,s13w64,focus,
Fri Sep 04 2015 14:22:04 GMT+0800 (Malay Peninsula Standard Time),,s13w64,label,"^"
Fri Sep 04 2015 14:22:08 GMT+0800 (Malay Peninsula Standard Time),,s13w68,focus,
Fri Sep 04 2015 14:22:08 GMT+0800 (Malay Peninsula Standard Time),,s13w68,focus,
Fri Sep 04 2015 14:22:08 GMT+0800 (Malay Peninsula Standard Time),,s13w68,label,"V"
Fri Sep 04 2015 14:22:23 GMT+0800 (Malay Peninsula Standard Time),,s13w96,focus,
Fri Sep 04 2015 14:22:23 GMT+0800 (Malay Peninsula Standard Time),,s13w96,focus,
Fri Sep 04 2015 14:22:23 GMT+0800 (Malay Peninsula Standard Time),,s13w96,label,"N"
Fri Sep 04 2015 14:22:29 GMT+0800 (Malay Peninsula Standard Time),,s13w109,focus,
Fri Sep 04 2015 14:22:29 GMT+0800 (Malay Peninsula Standard Time),,s13w109,focus,
Fri Sep 04 2015 14:22:30 GMT+0800 (Malay Peninsula Standard Time),,s13w109,label,"N"
Fri Sep 04 2015 14:22:31 GMT+0800 (Malay Peninsula Standard Time),,s13w110,focus,
Fri Sep 04 2015 14:22:31 GMT+0800 (Malay Peninsula Standard Time),,s13w110,focus,
Fri Sep 04 2015 14:22:31 GMT+0800 (Malay Peninsula Standard Time),,s13w110,label,"N"
Fri Sep 04 2015 14:22:33 GMT+0800 (Malay Peninsula Standard Time),,s13w111,focus,
Fri Sep 04 2015 14:22:33 GMT+0800 (Malay Peninsula Standard Time),,s13w111,focus,
Fri Sep 04 2015 14:22:33 GMT+0800 (Malay Peninsula Standard Time),,s13w111,label,"N"
Fri Sep 04 2015 14:22:41 GMT+0800 (Malay Peninsula Standard Time),,,submitPage,
