Thu Sep 03 2015 14:29:23 GMT+0800 (Malay Peninsula Standard Time),,,pageReady,0:100:100
Thu Sep 03 2015 14:29:23 GMT+0800 (Malay Peninsula Standard Time),,s0,twitterId,1200091
Thu Sep 03 2015 14:29:23 GMT+0800 (Malay Peninsula Standard Time),,s1,twitterId,1200091
Thu Sep 03 2015 14:29:23 GMT+0800 (Malay Peninsula Standard Time),,s2,twitterId,1200091
Thu Sep 03 2015 14:29:23 GMT+0800 (Malay Peninsula Standard Time),,s3,twitterId,1200091
Thu Sep 03 2015 14:29:23 GMT+0800 (Malay Peninsula Standard Time),,s4,twitterId,1200091
Thu Sep 03 2015 14:33:45 GMT+0800 (Malay Peninsula Standard Time),,s0,changeSentenceFlag,"Tokenization Error"
Thu Sep 03 2015 14:33:48 GMT+0800 (Malay Peninsula Standard Time),,s0,toggleMetadata,block
Thu Sep 03 2015 14:33:49 GMT+0800 (Malay Peninsula Standard Time),,s0,toggleMetadata,none
Thu Sep 03 2015 14:33:52 GMT+0800 (Malay Peninsula Standard Time),,s0,changeSentenceFlag,""
Thu Sep 03 2015 14:34:01 GMT+0800 (Malay Peninsula Standard Time),,s0,changeSentenceFlag,"Garbage"
Thu Sep 03 2015 14:34:05 GMT+0800 (Malay Peninsula Standard Time),,s0,changeSentenceFlag,""
Thu Sep 03 2015 14:34:08 GMT+0800 (Malay Peninsula Standard Time),,s0,changeSentenceFlag,"Garbage"
Thu Sep 03 2015 14:34:09 GMT+0800 (Malay Peninsula Standard Time),,s0,changeSentenceFlag,"Tokenization Error"
Thu Sep 03 2015 14:34:14 GMT+0800 (Malay Peninsula Standard Time),,s0,changeSentenceFlag,""
Thu Sep 03 2015 14:39:47 GMT+0800 (Malay Peninsula Standard Time),,s0w4,focus,
Thu Sep 03 2015 14:39:47 GMT+0800 (Malay Peninsula Standard Time),,s0w4,focus,
Thu Sep 03 2015 14:39:49 GMT+0800 (Malay Peninsula Standard Time),,s0w4,label,"N"
Thu Sep 03 2015 14:40:14 GMT+0800 (Malay Peninsula Standard Time),,s0w9,focus,
Thu Sep 03 2015 14:40:14 GMT+0800 (Malay Peninsula Standard Time),,s0w9,focus,
Thu Sep 03 2015 14:40:19 GMT+0800 (Malay Peninsula Standard Time),,s0w9,label,"^"
Thu Sep 03 2015 14:40:50 GMT+0800 (Malay Peninsula Standard Time),,s0w9,focus,
Thu Sep 03 2015 14:40:50 GMT+0800 (Malay Peninsula Standard Time),,s1w11,focus,
Thu Sep 03 2015 14:40:50 GMT+0800 (Malay Peninsula Standard Time),,s1w11,focus,
Thu Sep 03 2015 14:40:51 GMT+0800 (Malay Peninsula Standard Time),,s1w11,label,"^"
Thu Sep 03 2015 14:41:05 GMT+0800 (Malay Peninsula Standard Time),,s1w16,focus,
Thu Sep 03 2015 14:41:05 GMT+0800 (Malay Peninsula Standard Time),,s1w16,focus,
Thu Sep 03 2015 14:41:15 GMT+0800 (Malay Peninsula Standard Time),,s1w22,focus,
Thu Sep 03 2015 14:41:15 GMT+0800 (Malay Peninsula Standard Time),,s1w22,focus,
Thu Sep 03 2015 14:41:22 GMT+0800 (Malay Peninsula Standard Time),,s1w28,focus,
Thu Sep 03 2015 14:41:22 GMT+0800 (Malay Peninsula Standard Time),,s1w28,focus,
Thu Sep 03 2015 14:41:24 GMT+0800 (Malay Peninsula Standard Time),,s1w28,label,"N"
Thu Sep 03 2015 14:41:44 GMT+0800 (Malay Peninsula Standard Time),,s1w28,focus,
Thu Sep 03 2015 18:39:16 GMT+0800 (Malay Peninsula Standard Time),,s1w40,focus,
Thu Sep 03 2015 18:39:16 GMT+0800 (Malay Peninsula Standard Time),,s1w40,focus,
Thu Sep 03 2015 18:39:35 GMT+0800 (Malay Peninsula Standard Time),,s1w57,focus,
Thu Sep 03 2015 18:39:36 GMT+0800 (Malay Peninsula Standard Time),,s1w57,focus,
Thu Sep 03 2015 18:39:38 GMT+0800 (Malay Peninsula Standard Time),,s1w57,label,"^"
Thu Sep 03 2015 18:39:56 GMT+0800 (Malay Peninsula Standard Time),,s1w63,focus,
Thu Sep 03 2015 18:39:56 GMT+0800 (Malay Peninsula Standard Time),,s1w63,focus,
Thu Sep 03 2015 18:39:57 GMT+0800 (Malay Peninsula Standard Time),,s1w63,label,"^"
Thu Sep 03 2015 18:40:02 GMT+0800 (Malay Peninsula Standard Time),,s1w40,focus,
Thu Sep 03 2015 18:40:03 GMT+0800 (Malay Peninsula Standard Time),,s1w40,focus,
Thu Sep 03 2015 18:40:08 GMT+0800 (Malay Peninsula Standard Time),,s1w40,label,"N"
Thu Sep 03 2015 18:40:15 GMT+0800 (Malay Peninsula Standard Time),,s1w63,focus,
Thu Sep 03 2015 18:40:15 GMT+0800 (Malay Peninsula Standard Time),,s1w63,focus,
Thu Sep 03 2015 18:40:18 GMT+0800 (Malay Peninsula Standard Time),,s1w63,label,"N"
Thu Sep 03 2015 18:40:46 GMT+0800 (Malay Peninsula Standard Time),,s1w68,focus,
Thu Sep 03 2015 18:40:46 GMT+0800 (Malay Peninsula Standard Time),,s1w68,focus,
Thu Sep 03 2015 18:40:48 GMT+0800 (Malay Peninsula Standard Time),,s1w68,label,"N"
Thu Sep 03 2015 18:41:03 GMT+0800 (Malay Peninsula Standard Time),,s1w82,focus,
Thu Sep 03 2015 18:41:04 GMT+0800 (Malay Peninsula Standard Time),,s1w82,focus,
Thu Sep 03 2015 18:41:05 GMT+0800 (Malay Peninsula Standard Time),,s1w82,label,"^"
Thu Sep 03 2015 18:41:19 GMT+0800 (Malay Peninsula Standard Time),,s1w101,focus,
Thu Sep 03 2015 18:41:19 GMT+0800 (Malay Peninsula Standard Time),,s1w101,focus,
Thu Sep 03 2015 18:41:22 GMT+0800 (Malay Peninsula Standard Time),,s1w101,label,"G"
Thu Sep 03 2015 18:49:15 GMT+0800 (Malay Peninsula Standard Time),,s1w103,focus,
Thu Sep 03 2015 18:49:16 GMT+0800 (Malay Peninsula Standard Time),,s1w103,focus,
Thu Sep 03 2015 18:49:17 GMT+0800 (Malay Peninsula Standard Time),,s1w103,label,"G"
Thu Sep 03 2015 18:49:22 GMT+0800 (Malay Peninsula Standard Time),,s1w107,focus,
Thu Sep 03 2015 18:49:22 GMT+0800 (Malay Peninsula Standard Time),,s1w107,focus,
Thu Sep 03 2015 18:49:23 GMT+0800 (Malay Peninsula Standard Time),,s1w107,label,"^"
Thu Sep 03 2015 18:49:28 GMT+0800 (Malay Peninsula Standard Time),,s1w115,focus,
Thu Sep 03 2015 18:49:28 GMT+0800 (Malay Peninsula Standard Time),,s1w115,focus,
Thu Sep 03 2015 18:49:39 GMT+0800 (Malay Peninsula Standard Time),,s1w116,focus,
Thu Sep 03 2015 18:49:39 GMT+0800 (Malay Peninsula Standard Time),,s1w116,focus,
Thu Sep 03 2015 18:49:40 GMT+0800 (Malay Peninsula Standard Time),,s1w116,label,"^"
Thu Sep 03 2015 18:49:56 GMT+0800 (Malay Peninsula Standard Time),,s1w128,focus,
Thu Sep 03 2015 18:49:57 GMT+0800 (Malay Peninsula Standard Time),,s1w128,focus,
Thu Sep 03 2015 18:49:57 GMT+0800 (Malay Peninsula Standard Time),,s1w128,label,"G"
Thu Sep 03 2015 18:50:00 GMT+0800 (Malay Peninsula Standard Time),,s1w140,focus,
Thu Sep 03 2015 18:50:00 GMT+0800 (Malay Peninsula Standard Time),,s1w140,focus,
Thu Sep 03 2015 18:50:04 GMT+0800 (Malay Peninsula Standard Time),,s1w140,label,"N"
Thu Sep 03 2015 18:50:18 GMT+0800 (Malay Peninsula Standard Time),,s2w1,focus,
Thu Sep 03 2015 18:50:18 GMT+0800 (Malay Peninsula Standard Time),,s2w1,focus,
Thu Sep 03 2015 18:50:34 GMT+0800 (Malay Peninsula Standard Time),,s2w1,focus,
Thu Sep 03 2015 18:50:35 GMT+0800 (Malay Peninsula Standard Time),,s2w21,focus,
Thu Sep 03 2015 18:50:35 GMT+0800 (Malay Peninsula Standard Time),,s2w21,focus,
Thu Sep 03 2015 18:50:37 GMT+0800 (Malay Peninsula Standard Time),,s2w21,label,"^"
Thu Sep 03 2015 18:52:19 GMT+0800 (Malay Peninsula Standard Time),,s2w61,focus,
Thu Sep 03 2015 18:52:19 GMT+0800 (Malay Peninsula Standard Time),,s2w61,focus,
Thu Sep 03 2015 18:52:20 GMT+0800 (Malay Peninsula Standard Time),,s2w49,focus,
Thu Sep 03 2015 18:52:20 GMT+0800 (Malay Peninsula Standard Time),,s2w49,focus,
Thu Sep 03 2015 18:52:22 GMT+0800 (Malay Peninsula Standard Time),,s2w49,label,"N"
Thu Sep 03 2015 18:52:28 GMT+0800 (Malay Peninsula Standard Time),,s2w53,focus,
Thu Sep 03 2015 18:52:28 GMT+0800 (Malay Peninsula Standard Time),,s2w53,focus,
Thu Sep 03 2015 18:52:29 GMT+0800 (Malay Peninsula Standard Time),,s2w53,label,","
Thu Sep 03 2015 18:52:41 GMT+0800 (Malay Peninsula Standard Time),,s2w76,focus,
Thu Sep 03 2015 18:52:41 GMT+0800 (Malay Peninsula Standard Time),,s2w76,focus,
Thu Sep 03 2015 18:52:42 GMT+0800 (Malay Peninsula Standard Time),,s2w76,label,"N"
Thu Sep 03 2015 18:52:59 GMT+0800 (Malay Peninsula Standard Time),,s2w77,focus,
Thu Sep 03 2015 18:53:01 GMT+0800 (Malay Peninsula Standard Time),,s2w78,focus,
Thu Sep 03 2015 18:53:02 GMT+0800 (Malay Peninsula Standard Time),,s2w79,focus,
Thu Sep 03 2015 18:53:02 GMT+0800 (Malay Peninsula Standard Time),,s2w80,focus,
Thu Sep 03 2015 18:53:03 GMT+0800 (Malay Peninsula Standard Time),,s2w79,focus,
Thu Sep 03 2015 18:53:03 GMT+0800 (Malay Peninsula Standard Time),,s2w80,focus,
Thu Sep 03 2015 18:53:04 GMT+0800 (Malay Peninsula Standard Time),,s2w81,focus,
Thu Sep 03 2015 18:53:04 GMT+0800 (Malay Peninsula Standard Time),,s3w1,focus,
Thu Sep 03 2015 18:53:04 GMT+0800 (Malay Peninsula Standard Time),,s3w2,focus,
Thu Sep 03 2015 18:53:04 GMT+0800 (Malay Peninsula Standard Time),,s3w3,focus,
Thu Sep 03 2015 18:53:04 GMT+0800 (Malay Peninsula Standard Time),,s3w4,focus,
Thu Sep 03 2015 18:53:05 GMT+0800 (Malay Peninsula Standard Time),,s3w5,focus,
Thu Sep 03 2015 18:53:05 GMT+0800 (Malay Peninsula Standard Time),,s3w6,focus,
Thu Sep 03 2015 18:53:05 GMT+0800 (Malay Peninsula Standard Time),,s3w5,focus,
Thu Sep 03 2015 18:53:15 GMT+0800 (Malay Peninsula Standard Time),,s3w6,focus,
Thu Sep 03 2015 18:53:16 GMT+0800 (Malay Peninsula Standard Time),,s3w7,focus,
Thu Sep 03 2015 18:53:17 GMT+0800 (Malay Peninsula Standard Time),,s3w8,focus,
Thu Sep 03 2015 18:53:17 GMT+0800 (Malay Peninsula Standard Time),,s3w9,focus,
Thu Sep 03 2015 18:53:18 GMT+0800 (Malay Peninsula Standard Time),,s3w10,focus,
Thu Sep 03 2015 18:53:18 GMT+0800 (Malay Peninsula Standard Time),,s3w11,focus,
Thu Sep 03 2015 18:53:19 GMT+0800 (Malay Peninsula Standard Time),,s3w12,focus,
Thu Sep 03 2015 18:53:19 GMT+0800 (Malay Peninsula Standard Time),,s3w13,focus,
Thu Sep 03 2015 18:53:20 GMT+0800 (Malay Peninsula Standard Time),,s3w14,focus,
Thu Sep 03 2015 18:53:20 GMT+0800 (Malay Peninsula Standard Time),,s3w15,focus,
Thu Sep 03 2015 18:53:20 GMT+0800 (Malay Peninsula Standard Time),,s3w16,focus,
Thu Sep 03 2015 18:53:23 GMT+0800 (Malay Peninsula Standard Time),,s3w17,focus,
Thu Sep 03 2015 18:53:24 GMT+0800 (Malay Peninsula Standard Time),,s3w16,focus,
Thu Sep 03 2015 18:53:24 GMT+0800 (Malay Peninsula Standard Time),,s3w15,focus,
Thu Sep 03 2015 18:53:24 GMT+0800 (Malay Peninsula Standard Time),,s3w16,focus,
Thu Sep 03 2015 18:53:25 GMT+0800 (Malay Peninsula Standard Time),,s3w17,focus,
Thu Sep 03 2015 18:53:25 GMT+0800 (Malay Peninsula Standard Time),,s3w18,focus,
Thu Sep 03 2015 18:53:25 GMT+0800 (Malay Peninsula Standard Time),,s3w19,focus,
Thu Sep 03 2015 18:53:25 GMT+0800 (Malay Peninsula Standard Time),,s3w20,focus,
Thu Sep 03 2015 18:53:25 GMT+0800 (Malay Peninsula Standard Time),,s3w21,focus,
Thu Sep 03 2015 18:53:26 GMT+0800 (Malay Peninsula Standard Time),,s3w22,focus,
Thu Sep 03 2015 18:53:26 GMT+0800 (Malay Peninsula Standard Time),,s3w23,focus,
Thu Sep 03 2015 18:53:26 GMT+0800 (Malay Peninsula Standard Time),,s3w24,focus,
Thu Sep 03 2015 18:53:27 GMT+0800 (Malay Peninsula Standard Time),,s3w25,focus,
Thu Sep 03 2015 18:53:27 GMT+0800 (Malay Peninsula Standard Time),,s3w26,focus,
Thu Sep 03 2015 18:53:27 GMT+0800 (Malay Peninsula Standard Time),,s3w27,focus,
Thu Sep 03 2015 18:53:27 GMT+0800 (Malay Peninsula Standard Time),,s3w28,focus,
Thu Sep 03 2015 18:53:28 GMT+0800 (Malay Peninsula Standard Time),,s3w29,focus,
Thu Sep 03 2015 18:53:28 GMT+0800 (Malay Peninsula Standard Time),,s3w30,focus,
Thu Sep 03 2015 18:53:28 GMT+0800 (Malay Peninsula Standard Time),,s4w1,focus,
Thu Sep 03 2015 18:53:29 GMT+0800 (Malay Peninsula Standard Time),,s4w2,focus,
Thu Sep 03 2015 18:53:29 GMT+0800 (Malay Peninsula Standard Time),,s4w3,focus,
Thu Sep 03 2015 18:53:29 GMT+0800 (Malay Peninsula Standard Time),,s4w4,focus,
Thu Sep 03 2015 18:53:29 GMT+0800 (Malay Peninsula Standard Time),,s4w5,focus,
Thu Sep 03 2015 18:53:30 GMT+0800 (Malay Peninsula Standard Time),,s4w6,focus,
Thu Sep 03 2015 18:53:30 GMT+0800 (Malay Peninsula Standard Time),,s4w7,focus,
Thu Sep 03 2015 18:53:30 GMT+0800 (Malay Peninsula Standard Time),,s4w6,focus,
Thu Sep 03 2015 18:53:31 GMT+0800 (Malay Peninsula Standard Time),,s4w5,focus,
Thu Sep 03 2015 18:53:31 GMT+0800 (Malay Peninsula Standard Time),,s4w4,focus,
Thu Sep 03 2015 18:53:31 GMT+0800 (Malay Peninsula Standard Time),,s4w3,focus,
Thu Sep 03 2015 18:53:31 GMT+0800 (Malay Peninsula Standard Time),,s4w2,focus,
Thu Sep 03 2015 18:53:31 GMT+0800 (Malay Peninsula Standard Time),,s4w1,focus,
Thu Sep 03 2015 18:53:32 GMT+0800 (Malay Peninsula Standard Time),,s3w30,focus,
Thu Sep 03 2015 18:53:32 GMT+0800 (Malay Peninsula Standard Time),,s3w29,focus,
Thu Sep 03 2015 18:53:35 GMT+0800 (Malay Peninsula Standard Time),,s3w29,label,"N"
Thu Sep 03 2015 18:53:36 GMT+0800 (Malay Peninsula Standard Time),,s3w28,focus,
Thu Sep 03 2015 18:53:37 GMT+0800 (Malay Peninsula Standard Time),,s3w29,focus,
Thu Sep 03 2015 18:53:37 GMT+0800 (Malay Peninsula Standard Time),,s3w28,focus,
Thu Sep 03 2015 18:53:38 GMT+0800 (Malay Peninsula Standard Time),,s3w29,focus,
Thu Sep 03 2015 18:53:38 GMT+0800 (Malay Peninsula Standard Time),,s3w30,focus,
Thu Sep 03 2015 18:53:39 GMT+0800 (Malay Peninsula Standard Time),,s4w1,focus,
Thu Sep 03 2015 18:53:39 GMT+0800 (Malay Peninsula Standard Time),,s4w2,focus,
Thu Sep 03 2015 18:53:44 GMT+0800 (Malay Peninsula Standard Time),,s4w3,focus,
Thu Sep 03 2015 18:53:44 GMT+0800 (Malay Peninsula Standard Time),,s4w4,focus,
Thu Sep 03 2015 18:53:44 GMT+0800 (Malay Peninsula Standard Time),,s4w5,focus,
Thu Sep 03 2015 18:53:47 GMT+0800 (Malay Peninsula Standard Time),,s4w5,label,"^"
Thu Sep 03 2015 18:53:47 GMT+0800 (Malay Peninsula Standard Time),,s4w6,focus,
Thu Sep 03 2015 18:53:48 GMT+0800 (Malay Peninsula Standard Time),,s4w7,focus,
Thu Sep 03 2015 18:53:48 GMT+0800 (Malay Peninsula Standard Time),,s4w8,focus,
Thu Sep 03 2015 18:53:52 GMT+0800 (Malay Peninsula Standard Time),,s4w8,label,"G"
Thu Sep 03 2015 18:53:53 GMT+0800 (Malay Peninsula Standard Time),,s4w9,focus,
Thu Sep 03 2015 18:53:53 GMT+0800 (Malay Peninsula Standard Time),,s4w10,focus,
Thu Sep 03 2015 18:53:54 GMT+0800 (Malay Peninsula Standard Time),,s4w9,focus,
Thu Sep 03 2015 18:53:54 GMT+0800 (Malay Peninsula Standard Time),,s4w8,focus,
Thu Sep 03 2015 18:53:54 GMT+0800 (Malay Peninsula Standard Time),,s4w7,focus,
Thu Sep 03 2015 18:53:55 GMT+0800 (Malay Peninsula Standard Time),,s4w8,focus,
Thu Sep 03 2015 18:54:00 GMT+0800 (Malay Peninsula Standard Time),,s4w9,focus,
Thu Sep 03 2015 18:54:02 GMT+0800 (Malay Peninsula Standard Time),,s4w10,focus,
Thu Sep 03 2015 18:54:02 GMT+0800 (Malay Peninsula Standard Time),,s4w9,focus,
Thu Sep 03 2015 18:54:03 GMT+0800 (Malay Peninsula Standard Time),,s4w8,focus,
Thu Sep 03 2015 18:54:12 GMT+0800 (Malay Peninsula Standard Time),,s4w9,focus,
Thu Sep 03 2015 18:54:12 GMT+0800 (Malay Peninsula Standard Time),,s4w10,focus,
Thu Sep 03 2015 18:54:13 GMT+0800 (Malay Peninsula Standard Time),,s4w11,focus,
Thu Sep 03 2015 18:54:13 GMT+0800 (Malay Peninsula Standard Time),,s4w10,focus,
Thu Sep 03 2015 18:54:14 GMT+0800 (Malay Peninsula Standard Time),,s4w9,focus,
Thu Sep 03 2015 18:54:14 GMT+0800 (Malay Peninsula Standard Time),,s4w10,focus,
Thu Sep 03 2015 18:54:14 GMT+0800 (Malay Peninsula Standard Time),,s4w11,focus,
Thu Sep 03 2015 18:54:15 GMT+0800 (Malay Peninsula Standard Time),,s4w12,focus,
Thu Sep 03 2015 18:54:15 GMT+0800 (Malay Peninsula Standard Time),,s4w13,focus,
Thu Sep 03 2015 18:54:16 GMT+0800 (Malay Peninsula Standard Time),,s4w14,focus,
Thu Sep 03 2015 18:54:17 GMT+0800 (Malay Peninsula Standard Time),,s4w15,focus,
Thu Sep 03 2015 18:54:18 GMT+0800 (Malay Peninsula Standard Time),,s4w16,focus,
Thu Sep 03 2015 18:54:18 GMT+0800 (Malay Peninsula Standard Time),,s4w17,focus,
Thu Sep 03 2015 18:54:19 GMT+0800 (Malay Peninsula Standard Time),,s4w16,focus,
Thu Sep 03 2015 18:54:21 GMT+0800 (Malay Peninsula Standard Time),,s4w17,focus,
Thu Sep 03 2015 18:54:22 GMT+0800 (Malay Peninsula Standard Time),,s4w18,focus,
Thu Sep 03 2015 18:54:22 GMT+0800 (Malay Peninsula Standard Time),,s4w19,focus,
Thu Sep 03 2015 18:54:23 GMT+0800 (Malay Peninsula Standard Time),,s4w18,focus,
Thu Sep 03 2015 18:54:23 GMT+0800 (Malay Peninsula Standard Time),,s4w17,focus,
Thu Sep 03 2015 18:54:24 GMT+0800 (Malay Peninsula Standard Time),,s4w16,focus,
Thu Sep 03 2015 18:54:24 GMT+0800 (Malay Peninsula Standard Time),,s4w16,label,"&"
Thu Sep 03 2015 18:54:45 GMT+0800 (Malay Peninsula Standard Time),,s4w16,focus,
Thu Sep 03 2015 18:54:51 GMT+0800 (Malay Peninsula Standard Time),,s4w16,focus,
Thu Sep 03 2015 18:54:57 GMT+0800 (Malay Peninsula Standard Time),,s4w16,focus,
Thu Sep 03 2015 18:54:57 GMT+0800 (Malay Peninsula Standard Time),,s4w16,focus,
Thu Sep 03 2015 18:55:01 GMT+0800 (Malay Peninsula Standard Time),,s4w16,label,"O"
Thu Sep 03 2015 18:55:04 GMT+0800 (Malay Peninsula Standard Time),,s4w16,label,"&"
Thu Sep 03 2015 18:55:04 GMT+0800 (Malay Peninsula Standard Time),,s4w15,focus,
Thu Sep 03 2015 18:55:04 GMT+0800 (Malay Peninsula Standard Time),,s4w14,focus,
Thu Sep 03 2015 18:55:05 GMT+0800 (Malay Peninsula Standard Time),,s4w15,focus,
Thu Sep 03 2015 18:55:06 GMT+0800 (Malay Peninsula Standard Time),,s4w14,focus,
Thu Sep 03 2015 18:55:06 GMT+0800 (Malay Peninsula Standard Time),,s4w13,focus,
Thu Sep 03 2015 18:55:06 GMT+0800 (Malay Peninsula Standard Time),,s4w12,focus,
Thu Sep 03 2015 18:55:06 GMT+0800 (Malay Peninsula Standard Time),,s4w11,focus,
Thu Sep 03 2015 18:55:06 GMT+0800 (Malay Peninsula Standard Time),,s4w12,focus,
Thu Sep 03 2015 18:55:07 GMT+0800 (Malay Peninsula Standard Time),,s4w13,focus,
Thu Sep 03 2015 18:55:07 GMT+0800 (Malay Peninsula Standard Time),,s4w14,focus,
Thu Sep 03 2015 18:55:07 GMT+0800 (Malay Peninsula Standard Time),,s4w15,focus,
Thu Sep 03 2015 18:55:07 GMT+0800 (Malay Peninsula Standard Time),,s4w16,focus,
Thu Sep 03 2015 18:55:08 GMT+0800 (Malay Peninsula Standard Time),,s4w17,focus,
Thu Sep 03 2015 18:55:08 GMT+0800 (Malay Peninsula Standard Time),,s4w18,focus,
Thu Sep 03 2015 18:55:08 GMT+0800 (Malay Peninsula Standard Time),,s4w19,focus,
Thu Sep 03 2015 18:55:08 GMT+0800 (Malay Peninsula Standard Time),,s4w20,focus,
Thu Sep 03 2015 18:55:08 GMT+0800 (Malay Peninsula Standard Time),,s4w21,focus,
Thu Sep 03 2015 18:55:09 GMT+0800 (Malay Peninsula Standard Time),,s4w22,focus,
Thu Sep 03 2015 18:55:09 GMT+0800 (Malay Peninsula Standard Time),,s4w23,focus,
Thu Sep 03 2015 18:55:09 GMT+0800 (Malay Peninsula Standard Time),,s4w24,focus,
Thu Sep 03 2015 18:55:10 GMT+0800 (Malay Peninsula Standard Time),,s4w25,focus,
Thu Sep 03 2015 18:55:10 GMT+0800 (Malay Peninsula Standard Time),,s4w24,focus,
Thu Sep 03 2015 18:55:11 GMT+0800 (Malay Peninsula Standard Time),,s4w23,focus,
Thu Sep 03 2015 18:55:11 GMT+0800 (Malay Peninsula Standard Time),,s4w24,focus,
Thu Sep 03 2015 18:55:11 GMT+0800 (Malay Peninsula Standard Time),,s4w25,focus,
Thu Sep 03 2015 18:55:12 GMT+0800 (Malay Peninsula Standard Time),,s4w26,focus,
Thu Sep 03 2015 18:55:12 GMT+0800 (Malay Peninsula Standard Time),,s4w27,focus,
Thu Sep 03 2015 18:55:12 GMT+0800 (Malay Peninsula Standard Time),,s4w28,focus,
Thu Sep 03 2015 18:55:13 GMT+0800 (Malay Peninsula Standard Time),,s4w27,focus,
Thu Sep 03 2015 18:55:13 GMT+0800 (Malay Peninsula Standard Time),,s4w26,focus,
Thu Sep 03 2015 18:55:13 GMT+0800 (Malay Peninsula Standard Time),,s4w27,focus,
Thu Sep 03 2015 18:55:14 GMT+0800 (Malay Peninsula Standard Time),,s4w26,focus,
Thu Sep 03 2015 18:55:14 GMT+0800 (Malay Peninsula Standard Time),,s4w27,focus,
Thu Sep 03 2015 18:55:14 GMT+0800 (Malay Peninsula Standard Time),,s4w26,focus,
Thu Sep 03 2015 18:55:14 GMT+0800 (Malay Peninsula Standard Time),,s4w27,focus,
Thu Sep 03 2015 18:55:14 GMT+0800 (Malay Peninsula Standard Time),,s4w26,focus,
Thu Sep 03 2015 18:55:14 GMT+0800 (Malay Peninsula Standard Time),,s4w27,focus,
Thu Sep 03 2015 18:55:14 GMT+0800 (Malay Peninsula Standard Time),,s4w26,focus,
Thu Sep 03 2015 18:55:15 GMT+0800 (Malay Peninsula Standard Time),,s4w27,focus,
Thu Sep 03 2015 18:55:15 GMT+0800 (Malay Peninsula Standard Time),,s4w28,focus,
Thu Sep 03 2015 18:55:15 GMT+0800 (Malay Peninsula Standard Time),,s4w29,focus,
Thu Sep 03 2015 18:55:15 GMT+0800 (Malay Peninsula Standard Time),,s4w30,focus,
Thu Sep 03 2015 18:55:15 GMT+0800 (Malay Peninsula Standard Time),,s4w31,focus,
Thu Sep 03 2015 18:55:16 GMT+0800 (Malay Peninsula Standard Time),,s4w32,focus,
Thu Sep 03 2015 18:55:16 GMT+0800 (Malay Peninsula Standard Time),,s4w33,focus,
Thu Sep 03 2015 18:55:16 GMT+0800 (Malay Peninsula Standard Time),,s4w34,focus,
Thu Sep 03 2015 18:55:17 GMT+0800 (Malay Peninsula Standard Time),,s4w33,focus,
Thu Sep 03 2015 18:55:18 GMT+0800 (Malay Peninsula Standard Time),,s4w33,label,"D"
Thu Sep 03 2015 18:55:19 GMT+0800 (Malay Peninsula Standard Time),,s4w34,focus,
Thu Sep 03 2015 18:55:21 GMT+0800 (Malay Peninsula Standard Time),,s4w34,label,"G"
Thu Sep 03 2015 18:55:23 GMT+0800 (Malay Peninsula Standard Time),,s4w35,focus,
Thu Sep 03 2015 18:55:23 GMT+0800 (Malay Peninsula Standard Time),,s4w36,focus,
Thu Sep 03 2015 18:55:24 GMT+0800 (Malay Peninsula Standard Time),,s4w37,focus,
Thu Sep 03 2015 18:55:24 GMT+0800 (Malay Peninsula Standard Time),,s4w38,focus,
Thu Sep 03 2015 18:55:25 GMT+0800 (Malay Peninsula Standard Time),,s4w39,focus,
Thu Sep 03 2015 18:55:25 GMT+0800 (Malay Peninsula Standard Time),,s4w40,focus,
Thu Sep 03 2015 18:55:26 GMT+0800 (Malay Peninsula Standard Time),,s4w41,focus,
Thu Sep 03 2015 18:55:26 GMT+0800 (Malay Peninsula Standard Time),,s4w42,focus,
Thu Sep 03 2015 18:55:27 GMT+0800 (Malay Peninsula Standard Time),,s4w43,focus,
Thu Sep 03 2015 18:55:28 GMT+0800 (Malay Peninsula Standard Time),,s4w44,focus,
Thu Sep 03 2015 18:55:30 GMT+0800 (Malay Peninsula Standard Time),,s4w44,label,"&"
Thu Sep 03 2015 18:55:31 GMT+0800 (Malay Peninsula Standard Time),,s4w45,focus,
Thu Sep 03 2015 18:55:31 GMT+0800 (Malay Peninsula Standard Time),,s4w46,focus,
Thu Sep 03 2015 18:55:31 GMT+0800 (Malay Peninsula Standard Time),,s4w46,label,"&"
Thu Sep 03 2015 18:55:32 GMT+0800 (Malay Peninsula Standard Time),,s4w46,label,"&"
Thu Sep 03 2015 18:55:33 GMT+0800 (Malay Peninsula Standard Time),,s4w45,focus,
Thu Sep 03 2015 18:55:33 GMT+0800 (Malay Peninsula Standard Time),,s4w44,focus,
Thu Sep 03 2015 18:55:33 GMT+0800 (Malay Peninsula Standard Time),,s4w43,focus,
Thu Sep 03 2015 18:55:34 GMT+0800 (Malay Peninsula Standard Time),,s4w42,focus,
Thu Sep 03 2015 18:55:34 GMT+0800 (Malay Peninsula Standard Time),,s4w41,focus,
Thu Sep 03 2015 18:55:34 GMT+0800 (Malay Peninsula Standard Time),,s4w42,focus,
Thu Sep 03 2015 18:55:34 GMT+0800 (Malay Peninsula Standard Time),,s4w43,focus,
Thu Sep 03 2015 18:55:35 GMT+0800 (Malay Peninsula Standard Time),,s4w44,focus,
Thu Sep 03 2015 18:55:35 GMT+0800 (Malay Peninsula Standard Time),,s4w45,focus,
Thu Sep 03 2015 18:55:36 GMT+0800 (Malay Peninsula Standard Time),,s4w45,label,"&"
Thu Sep 03 2015 18:55:37 GMT+0800 (Malay Peninsula Standard Time),,s4w45,label,"&"
Thu Sep 03 2015 18:55:38 GMT+0800 (Malay Peninsula Standard Time),,s4w44,focus,
Thu Sep 03 2015 18:55:39 GMT+0800 (Malay Peninsula Standard Time),,s4w45,focus,
Thu Sep 03 2015 18:55:39 GMT+0800 (Malay Peninsula Standard Time),,s4w44,focus,
Thu Sep 03 2015 18:55:40 GMT+0800 (Malay Peninsula Standard Time),,s4w45,focus,
Thu Sep 03 2015 18:55:40 GMT+0800 (Malay Peninsula Standard Time),,s4w46,focus,
Thu Sep 03 2015 18:55:40 GMT+0800 (Malay Peninsula Standard Time),,s4w45,focus,
Thu Sep 03 2015 18:55:41 GMT+0800 (Malay Peninsula Standard Time),,s4w44,focus,
Thu Sep 03 2015 18:55:41 GMT+0800 (Malay Peninsula Standard Time),,s4w43,focus,
Thu Sep 03 2015 18:55:41 GMT+0800 (Malay Peninsula Standard Time),,s4w44,focus,
Thu Sep 03 2015 18:55:43 GMT+0800 (Malay Peninsula Standard Time),,s4w44,label,"P"
Thu Sep 03 2015 18:55:44 GMT+0800 (Malay Peninsula Standard Time),,s4w45,focus,
Thu Sep 03 2015 18:55:46 GMT+0800 (Malay Peninsula Standard Time),,s4w45,label,"D"
Thu Sep 03 2015 18:55:47 GMT+0800 (Malay Peninsula Standard Time),,s4w45,label,"&"
Thu Sep 03 2015 18:55:49 GMT+0800 (Malay Peninsula Standard Time),,s4w45,label,"D"
Thu Sep 03 2015 18:55:53 GMT+0800 (Malay Peninsula Standard Time),,s4w34,focus,
Thu Sep 03 2015 18:55:53 GMT+0800 (Malay Peninsula Standard Time),,s4w34,focus,
Thu Sep 03 2015 18:55:59 GMT+0800 (Malay Peninsula Standard Time),,s4w16,focus,
Thu Sep 03 2015 18:56:00 GMT+0800 (Malay Peninsula Standard Time),,s4w16,focus,
Thu Sep 03 2015 18:56:01 GMT+0800 (Malay Peninsula Standard Time),,s4w16,label,"O"
Thu Sep 03 2015 18:56:03 GMT+0800 (Malay Peninsula Standard Time),,s4w16,label,"&"
Thu Sep 03 2015 18:56:08 GMT+0800 (Malay Peninsula Standard Time),,s4w16,label,"O"
Thu Sep 03 2015 18:56:11 GMT+0800 (Malay Peninsula Standard Time),,s4w16,label,"&"
Thu Sep 03 2015 18:56:14 GMT+0800 (Malay Peninsula Standard Time),,s4w16,label,"O"
Thu Sep 03 2015 18:56:15 GMT+0800 (Malay Peninsula Standard Time),,s4w17,focus,
Thu Sep 03 2015 18:56:16 GMT+0800 (Malay Peninsula Standard Time),,s4w18,focus,
Thu Sep 03 2015 18:56:16 GMT+0800 (Malay Peninsula Standard Time),,s4w19,focus,
Thu Sep 03 2015 18:56:16 GMT+0800 (Malay Peninsula Standard Time),,s4w20,focus,
Thu Sep 03 2015 18:56:16 GMT+0800 (Malay Peninsula Standard Time),,s4w21,focus,
Thu Sep 03 2015 18:56:16 GMT+0800 (Malay Peninsula Standard Time),,s4w22,focus,
Thu Sep 03 2015 18:56:17 GMT+0800 (Malay Peninsula Standard Time),,s4w23,focus,
Thu Sep 03 2015 18:56:18 GMT+0800 (Malay Peninsula Standard Time),,s4w34,focus,
Thu Sep 03 2015 18:56:18 GMT+0800 (Malay Peninsula Standard Time),,s4w34,focus,
Thu Sep 03 2015 18:56:32 GMT+0800 (Malay Peninsula Standard Time),,s4w34,focus,
Thu Sep 03 2015 18:56:40 GMT+0800 (Malay Peninsula Standard Time),,s4w34,label,"N"
Thu Sep 03 2015 18:56:41 GMT+0800 (Malay Peninsula Standard Time),,s4w35,focus,
Thu Sep 03 2015 18:56:41 GMT+0800 (Malay Peninsula Standard Time),,s4w36,focus,
Thu Sep 03 2015 18:56:42 GMT+0800 (Malay Peninsula Standard Time),,s4w37,focus,
Thu Sep 03 2015 18:56:42 GMT+0800 (Malay Peninsula Standard Time),,s4w38,focus,
Thu Sep 03 2015 18:56:42 GMT+0800 (Malay Peninsula Standard Time),,s4w39,focus,
Thu Sep 03 2015 18:56:42 GMT+0800 (Malay Peninsula Standard Time),,s4w40,focus,
Thu Sep 03 2015 18:56:43 GMT+0800 (Malay Peninsula Standard Time),,s4w41,focus,
Thu Sep 03 2015 18:56:43 GMT+0800 (Malay Peninsula Standard Time),,s4w40,focus,
Thu Sep 03 2015 18:56:44 GMT+0800 (Malay Peninsula Standard Time),,s4w41,focus,
Thu Sep 03 2015 18:56:44 GMT+0800 (Malay Peninsula Standard Time),,s4w42,focus,
Thu Sep 03 2015 18:56:44 GMT+0800 (Malay Peninsula Standard Time),,s4w43,focus,
Thu Sep 03 2015 18:56:45 GMT+0800 (Malay Peninsula Standard Time),,s4w44,focus,
Thu Sep 03 2015 18:56:46 GMT+0800 (Malay Peninsula Standard Time),,s4w45,focus,
Thu Sep 03 2015 18:56:47 GMT+0800 (Malay Peninsula Standard Time),,s4w46,focus,
Thu Sep 03 2015 18:56:52 GMT+0800 (Malay Peninsula Standard Time),,s4w45,focus,
Thu Sep 03 2015 18:56:53 GMT+0800 (Malay Peninsula Standard Time),,s4w46,focus,
Thu Sep 03 2015 18:56:56 GMT+0800 (Malay Peninsula Standard Time),,s4w47,focus,
Thu Sep 03 2015 18:56:56 GMT+0800 (Malay Peninsula Standard Time),,s4w46,focus,
Thu Sep 03 2015 18:57:08 GMT+0800 (Malay Peninsula Standard Time),,s4w47,focus,
Thu Sep 03 2015 18:57:10 GMT+0800 (Malay Peninsula Standard Time),,s4w46,focus,
Thu Sep 03 2015 18:57:13 GMT+0800 (Malay Peninsula Standard Time),,s4w46,label,"?"
Thu Sep 03 2015 18:57:14 GMT+0800 (Malay Peninsula Standard Time),,s4w47,focus,
Thu Sep 03 2015 18:57:16 GMT+0800 (Malay Peninsula Standard Time),,s4w48,focus,
Thu Sep 03 2015 18:57:16 GMT+0800 (Malay Peninsula Standard Time),,s4w49,focus,
Thu Sep 03 2015 18:57:17 GMT+0800 (Malay Peninsula Standard Time),,s4w50,focus,
Thu Sep 03 2015 18:57:17 GMT+0800 (Malay Peninsula Standard Time),,s4w51,focus,
Thu Sep 03 2015 18:57:18 GMT+0800 (Malay Peninsula Standard Time),,s4w52,focus,
Thu Sep 03 2015 18:57:18 GMT+0800 (Malay Peninsula Standard Time),,s4w53,focus,
Thu Sep 03 2015 18:57:19 GMT+0800 (Malay Peninsula Standard Time),,s4w54,focus,
Thu Sep 03 2015 18:57:19 GMT+0800 (Malay Peninsula Standard Time),,s4w55,focus,
Thu Sep 03 2015 18:57:19 GMT+0800 (Malay Peninsula Standard Time),,s4w56,focus,
Thu Sep 03 2015 18:57:20 GMT+0800 (Malay Peninsula Standard Time),,s4w57,focus,
Thu Sep 03 2015 18:57:20 GMT+0800 (Malay Peninsula Standard Time),,s4w58,focus,
Thu Sep 03 2015 18:57:21 GMT+0800 (Malay Peninsula Standard Time),,s4w59,focus,
Thu Sep 03 2015 18:57:21 GMT+0800 (Malay Peninsula Standard Time),,s4w60,focus,
Thu Sep 03 2015 18:57:22 GMT+0800 (Malay Peninsula Standard Time),,s4w61,focus,
Thu Sep 03 2015 18:57:23 GMT+0800 (Malay Peninsula Standard Time),,s4w60,focus,
Thu Sep 03 2015 18:57:24 GMT+0800 (Malay Peninsula Standard Time),,s4w60,label,"^"
Thu Sep 03 2015 18:57:25 GMT+0800 (Malay Peninsula Standard Time),,s4w61,focus,
Thu Sep 03 2015 18:57:25 GMT+0800 (Malay Peninsula Standard Time),,s4w62,focus,
Thu Sep 03 2015 18:57:26 GMT+0800 (Malay Peninsula Standard Time),,s4w63,focus,
Thu Sep 03 2015 18:57:26 GMT+0800 (Malay Peninsula Standard Time),,s4w64,focus,
Thu Sep 03 2015 18:57:26 GMT+0800 (Malay Peninsula Standard Time),,s4w65,focus,
Thu Sep 03 2015 18:57:27 GMT+0800 (Malay Peninsula Standard Time),,s4w66,focus,
Thu Sep 03 2015 18:57:28 GMT+0800 (Malay Peninsula Standard Time),,s4w67,focus,
Thu Sep 03 2015 18:57:28 GMT+0800 (Malay Peninsula Standard Time),,s4w68,focus,
Thu Sep 03 2015 18:57:28 GMT+0800 (Malay Peninsula Standard Time),,s4w69,focus,
Thu Sep 03 2015 18:57:29 GMT+0800 (Malay Peninsula Standard Time),,s4w70,focus,
Thu Sep 03 2015 18:57:29 GMT+0800 (Malay Peninsula Standard Time),,s4w71,focus,
Thu Sep 03 2015 18:57:29 GMT+0800 (Malay Peninsula Standard Time),,s4w72,focus,
Thu Sep 03 2015 18:57:29 GMT+0800 (Malay Peninsula Standard Time),,s4w73,focus,
Thu Sep 03 2015 18:57:30 GMT+0800 (Malay Peninsula Standard Time),,s4w74,focus,
Thu Sep 03 2015 18:57:30 GMT+0800 (Malay Peninsula Standard Time),,s4w75,focus,
Thu Sep 03 2015 18:57:30 GMT+0800 (Malay Peninsula Standard Time),,s4w76,focus,
Thu Sep 03 2015 18:57:30 GMT+0800 (Malay Peninsula Standard Time),,s4w77,focus,
Thu Sep 03 2015 18:57:31 GMT+0800 (Malay Peninsula Standard Time),,s4w78,focus,
Thu Sep 03 2015 18:57:31 GMT+0800 (Malay Peninsula Standard Time),,s4w79,focus,
Thu Sep 03 2015 18:57:31 GMT+0800 (Malay Peninsula Standard Time),,s4w80,focus,
Thu Sep 03 2015 18:57:32 GMT+0800 (Malay Peninsula Standard Time),,s4w81,focus,
Thu Sep 03 2015 18:57:32 GMT+0800 (Malay Peninsula Standard Time),,s4w82,focus,
Thu Sep 03 2015 18:57:32 GMT+0800 (Malay Peninsula Standard Time),,s4w83,focus,
Thu Sep 03 2015 18:57:32 GMT+0800 (Malay Peninsula Standard Time),,s4w84,focus,
Thu Sep 03 2015 18:57:33 GMT+0800 (Malay Peninsula Standard Time),,s4w85,focus,
Thu Sep 03 2015 18:57:33 GMT+0800 (Malay Peninsula Standard Time),,s4w86,focus,
Thu Sep 03 2015 18:57:33 GMT+0800 (Malay Peninsula Standard Time),,s4w87,focus,
Thu Sep 03 2015 18:57:34 GMT+0800 (Malay Peninsula Standard Time),,s4w88,focus,
Thu Sep 03 2015 18:57:35 GMT+0800 (Malay Peninsula Standard Time),,s4w87,focus,
Thu Sep 03 2015 18:57:35 GMT+0800 (Malay Peninsula Standard Time),,s4w87,label,"&"
Thu Sep 03 2015 18:57:40 GMT+0800 (Malay Peninsula Standard Time),,s4w87,label,"^"
Thu Sep 03 2015 18:57:40 GMT+0800 (Malay Peninsula Standard Time),,s4w86,focus,
Thu Sep 03 2015 18:57:41 GMT+0800 (Malay Peninsula Standard Time),,s4w85,focus,
Thu Sep 03 2015 18:57:42 GMT+0800 (Malay Peninsula Standard Time),,s4w85,label,"^"
Thu Sep 03 2015 18:57:47 GMT+0800 (Malay Peninsula Standard Time),,s4w88,focus,
Thu Sep 03 2015 18:57:47 GMT+0800 (Malay Peninsula Standard Time),,s4w88,focus,
Thu Sep 03 2015 18:57:49 GMT+0800 (Malay Peninsula Standard Time),,s4w91,focus,
Thu Sep 03 2015 18:57:49 GMT+0800 (Malay Peninsula Standard Time),,s4w91,focus,
Thu Sep 03 2015 18:57:51 GMT+0800 (Malay Peninsula Standard Time),,s4w91,label,"N"
Thu Sep 03 2015 18:58:01 GMT+0800 (Malay Peninsula Standard Time),,,submitPage,
