Thu Sep 03 2015 20:22:00 GMT+0800 (Malay Peninsula Standard Time),,,pageReady,0:100:100
Thu Sep 03 2015 20:22:00 GMT+0800 (Malay Peninsula Standard Time),,s0,twitterId,1239076
Thu Sep 03 2015 20:22:00 GMT+0800 (Malay Peninsula Standard Time),,s1,twitterId,1239076
Thu Sep 03 2015 20:22:00 GMT+0800 (Malay Peninsula Standard Time),,s2,twitterId,1239076
Thu Sep 03 2015 20:22:00 GMT+0800 (Malay Peninsula Standard Time),,s3,twitterId,1239076
Thu Sep 03 2015 20:22:00 GMT+0800 (Malay Peninsula Standard Time),,s4,twitterId,1239076
Thu Sep 03 2015 20:22:00 GMT+0800 (Malay Peninsula Standard Time),,s5,twitterId,1239076
Thu Sep 03 2015 20:22:00 GMT+0800 (Malay Peninsula Standard Time),,s6,twitterId,1239076
Thu Sep 03 2015 20:22:00 GMT+0800 (Malay Peninsula Standard Time),,s7,twitterId,1239076
Thu Sep 03 2015 20:22:00 GMT+0800 (Malay Peninsula Standard Time),,s8,twitterId,1239076
Thu Sep 03 2015 20:22:00 GMT+0800 (Malay Peninsula Standard Time),,s9,twitterId,1239076
Thu Sep 03 2015 20:22:00 GMT+0800 (Malay Peninsula Standard Time),,s10,twitterId,1239076
Thu Sep 03 2015 20:22:00 GMT+0800 (Malay Peninsula Standard Time),,s11,twitterId,1239076
Thu Sep 03 2015 20:22:00 GMT+0800 (Malay Peninsula Standard Time),,s12,twitterId,1239076
Thu Sep 03 2015 20:22:00 GMT+0800 (Malay Peninsula Standard Time),,s13,twitterId,1239076
Thu Sep 03 2015 20:22:00 GMT+0800 (Malay Peninsula Standard Time),,s14,twitterId,1239076
Thu Sep 03 2015 20:22:00 GMT+0800 (Malay Peninsula Standard Time),,s15,twitterId,1239076
Thu Sep 03 2015 20:22:00 GMT+0800 (Malay Peninsula Standard Time),,s16,twitterId,1239076
Thu Sep 03 2015 20:22:00 GMT+0800 (Malay Peninsula Standard Time),,s17,twitterId,1239076
Thu Sep 03 2015 20:22:00 GMT+0800 (Malay Peninsula Standard Time),,s18,twitterId,1239076
Thu Sep 03 2015 20:22:23 GMT+0800 (Malay Peninsula Standard Time),,s1w43,focus,
Thu Sep 03 2015 20:22:24 GMT+0800 (Malay Peninsula Standard Time),,s1w43,focus,
Thu Sep 03 2015 20:22:25 GMT+0800 (Malay Peninsula Standard Time),,s1w43,label,"^"
Thu Sep 03 2015 20:22:29 GMT+0800 (Malay Peninsula Standard Time),,s1w95,focus,
Thu Sep 03 2015 20:22:29 GMT+0800 (Malay Peninsula Standard Time),,s1w95,focus,
Thu Sep 03 2015 20:22:30 GMT+0800 (Malay Peninsula Standard Time),,s1w95,label,"^"
Thu Sep 03 2015 20:22:37 GMT+0800 (Malay Peninsula Standard Time),,s5w18,focus,
Thu Sep 03 2015 20:22:37 GMT+0800 (Malay Peninsula Standard Time),,s5w18,focus,
Thu Sep 03 2015 20:22:38 GMT+0800 (Malay Peninsula Standard Time),,s5w18,label,"^"
Thu Sep 03 2015 20:22:42 GMT+0800 (Malay Peninsula Standard Time),,s5w41,focus,
Thu Sep 03 2015 20:22:42 GMT+0800 (Malay Peninsula Standard Time),,s5w41,focus,
Thu Sep 03 2015 20:22:43 GMT+0800 (Malay Peninsula Standard Time),,s5w41,label,"^"
Thu Sep 03 2015 20:22:49 GMT+0800 (Malay Peninsula Standard Time),,s7w11,focus,
Thu Sep 03 2015 20:22:49 GMT+0800 (Malay Peninsula Standard Time),,s7w11,focus,
Thu Sep 03 2015 20:22:50 GMT+0800 (Malay Peninsula Standard Time),,s7w11,label,"^"
Thu Sep 03 2015 20:23:02 GMT+0800 (Malay Peninsula Standard Time),,s8w63,focus,
Thu Sep 03 2015 20:23:02 GMT+0800 (Malay Peninsula Standard Time),,s8w63,focus,
Thu Sep 03 2015 20:23:03 GMT+0800 (Malay Peninsula Standard Time),,s8w63,label,"^"
Thu Sep 03 2015 20:23:18 GMT+0800 (Malay Peninsula Standard Time),,s9w83,focus,
Thu Sep 03 2015 20:23:18 GMT+0800 (Malay Peninsula Standard Time),,s9w83,focus,
Thu Sep 03 2015 20:23:19 GMT+0800 (Malay Peninsula Standard Time),,s9w83,label,"^"
Thu Sep 03 2015 20:23:20 GMT+0800 (Malay Peninsula Standard Time),,s9w115,focus,
Thu Sep 03 2015 20:23:20 GMT+0800 (Malay Peninsula Standard Time),,s9w115,focus,
Thu Sep 03 2015 20:23:21 GMT+0800 (Malay Peninsula Standard Time),,s9w115,label,"^"
Thu Sep 03 2015 20:23:31 GMT+0800 (Malay Peninsula Standard Time),,s9w433,focus,
Thu Sep 03 2015 20:23:31 GMT+0800 (Malay Peninsula Standard Time),,s9w433,focus,
Thu Sep 03 2015 20:23:32 GMT+0800 (Malay Peninsula Standard Time),,s9w433,label,"^"
Thu Sep 03 2015 20:23:37 GMT+0800 (Malay Peninsula Standard Time),,s10w32,focus,
Thu Sep 03 2015 20:23:37 GMT+0800 (Malay Peninsula Standard Time),,s10w32,focus,
Thu Sep 03 2015 20:23:38 GMT+0800 (Malay Peninsula Standard Time),,s10w32,label,"^"
Thu Sep 03 2015 20:23:43 GMT+0800 (Malay Peninsula Standard Time),,s10w64,focus,
Thu Sep 03 2015 20:23:43 GMT+0800 (Malay Peninsula Standard Time),,s10w64,focus,
Thu Sep 03 2015 20:23:44 GMT+0800 (Malay Peninsula Standard Time),,s10w64,label,"^"
Thu Sep 03 2015 20:23:49 GMT+0800 (Malay Peninsula Standard Time),,s11w32,focus,
Thu Sep 03 2015 20:23:49 GMT+0800 (Malay Peninsula Standard Time),,s11w32,focus,
Thu Sep 03 2015 20:23:50 GMT+0800 (Malay Peninsula Standard Time),,s11w32,label,"^"
Thu Sep 03 2015 20:23:55 GMT+0800 (Malay Peninsula Standard Time),,s11w194,focus,
Thu Sep 03 2015 20:23:55 GMT+0800 (Malay Peninsula Standard Time),,s11w194,focus,
Thu Sep 03 2015 20:23:57 GMT+0800 (Malay Peninsula Standard Time),,s11w194,label,"L"
Thu Sep 03 2015 20:24:04 GMT+0800 (Malay Peninsula Standard Time),,s11w294,focus,
Thu Sep 03 2015 20:24:04 GMT+0800 (Malay Peninsula Standard Time),,s11w294,focus,
Thu Sep 03 2015 20:24:05 GMT+0800 (Malay Peninsula Standard Time),,s11w294,label,"^"
Thu Sep 03 2015 20:24:11 GMT+0800 (Malay Peninsula Standard Time),,s12w7,focus,
Thu Sep 03 2015 20:24:11 GMT+0800 (Malay Peninsula Standard Time),,s12w7,focus,
Thu Sep 03 2015 20:24:12 GMT+0800 (Malay Peninsula Standard Time),,s12w7,label,"^"
Thu Sep 03 2015 20:24:16 GMT+0800 (Malay Peninsula Standard Time),,s12w121,focus,
Thu Sep 03 2015 20:24:16 GMT+0800 (Malay Peninsula Standard Time),,s12w121,focus,
Thu Sep 03 2015 20:24:17 GMT+0800 (Malay Peninsula Standard Time),,s12w121,label,"^"
Thu Sep 03 2015 20:24:23 GMT+0800 (Malay Peninsula Standard Time),,s13w27,focus,
Thu Sep 03 2015 20:24:23 GMT+0800 (Malay Peninsula Standard Time),,s13w27,focus,
Thu Sep 03 2015 20:24:25 GMT+0800 (Malay Peninsula Standard Time),,s13w27,label,"^"
Thu Sep 03 2015 20:24:31 GMT+0800 (Malay Peninsula Standard Time),,s15w3,focus,
Thu Sep 03 2015 20:24:31 GMT+0800 (Malay Peninsula Standard Time),,s15w3,focus,
Thu Sep 03 2015 20:24:32 GMT+0800 (Malay Peninsula Standard Time),,s15w3,label,"^"
Thu Sep 03 2015 20:24:36 GMT+0800 (Malay Peninsula Standard Time),,s15w60,focus,
Thu Sep 03 2015 20:24:36 GMT+0800 (Malay Peninsula Standard Time),,s15w60,focus,
Thu Sep 03 2015 20:24:37 GMT+0800 (Malay Peninsula Standard Time),,s15w60,label,"^"
Thu Sep 03 2015 20:24:58 GMT+0800 (Malay Peninsula Standard Time),,s15w164,focus,
Thu Sep 03 2015 20:24:58 GMT+0800 (Malay Peninsula Standard Time),,s15w164,focus,
Thu Sep 03 2015 20:24:59 GMT+0800 (Malay Peninsula Standard Time),,s15w164,label,"^"
Thu Sep 03 2015 20:25:04 GMT+0800 (Malay Peninsula Standard Time),,s16w33,focus,
Thu Sep 03 2015 20:25:04 GMT+0800 (Malay Peninsula Standard Time),,s16w33,focus,
Thu Sep 03 2015 20:25:05 GMT+0800 (Malay Peninsula Standard Time),,s16w33,label,"^"
Thu Sep 03 2015 20:25:15 GMT+0800 (Malay Peninsula Standard Time),,s9w330,focus,
Thu Sep 03 2015 20:25:15 GMT+0800 (Malay Peninsula Standard Time),,s9w330,focus,
Thu Sep 03 2015 20:25:16 GMT+0800 (Malay Peninsula Standard Time),,s9w330,label,"Z"
Thu Sep 03 2015 20:26:16 GMT+0800 (Malay Peninsula Standard Time),,s9w330,focus,
Thu Sep 03 2015 20:26:33 GMT+0800 (Malay Peninsula Standard Time),,s1w49,focus,
Thu Sep 03 2015 20:26:33 GMT+0800 (Malay Peninsula Standard Time),,s1w49,focus,
Thu Sep 03 2015 20:26:34 GMT+0800 (Malay Peninsula Standard Time),,s1w49,label,"^"
Thu Sep 03 2015 20:26:38 GMT+0800 (Malay Peninsula Standard Time),,s1w51,focus,
Thu Sep 03 2015 20:26:38 GMT+0800 (Malay Peninsula Standard Time),,s1w51,focus,
Thu Sep 03 2015 20:26:40 GMT+0800 (Malay Peninsula Standard Time),,s1w51,label,"^"
Thu Sep 03 2015 20:26:48 GMT+0800 (Malay Peninsula Standard Time),,s6w36,focus,
Thu Sep 03 2015 20:26:48 GMT+0800 (Malay Peninsula Standard Time),,s6w36,focus,
Thu Sep 03 2015 20:26:50 GMT+0800 (Malay Peninsula Standard Time),,s6w36,label,"^"
Thu Sep 03 2015 20:26:54 GMT+0800 (Malay Peninsula Standard Time),,s6w96,focus,
Thu Sep 03 2015 20:26:54 GMT+0800 (Malay Peninsula Standard Time),,s6w96,focus,
Thu Sep 03 2015 20:26:55 GMT+0800 (Malay Peninsula Standard Time),,s6w96,label,"^"
Thu Sep 03 2015 20:27:01 GMT+0800 (Malay Peninsula Standard Time),,s9w111,focus,
Thu Sep 03 2015 20:27:01 GMT+0800 (Malay Peninsula Standard Time),,s9w111,focus,
Thu Sep 03 2015 20:27:02 GMT+0800 (Malay Peninsula Standard Time),,s9w111,label,"^"
Thu Sep 03 2015 20:27:06 GMT+0800 (Malay Peninsula Standard Time),,s9w161,focus,
Thu Sep 03 2015 20:27:06 GMT+0800 (Malay Peninsula Standard Time),,s9w161,focus,
Thu Sep 03 2015 20:27:07 GMT+0800 (Malay Peninsula Standard Time),,s9w161,label,"^"
Thu Sep 03 2015 20:27:11 GMT+0800 (Malay Peninsula Standard Time),,s9w273,focus,
Thu Sep 03 2015 20:27:11 GMT+0800 (Malay Peninsula Standard Time),,s9w273,focus,
Thu Sep 03 2015 20:27:12 GMT+0800 (Malay Peninsula Standard Time),,s9w273,label,"^"
Thu Sep 03 2015 20:27:17 GMT+0800 (Malay Peninsula Standard Time),,s9w316,focus,
Thu Sep 03 2015 20:27:17 GMT+0800 (Malay Peninsula Standard Time),,s9w316,focus,
Thu Sep 03 2015 20:27:18 GMT+0800 (Malay Peninsula Standard Time),,s9w316,label,"^"
Thu Sep 03 2015 20:27:23 GMT+0800 (Malay Peninsula Standard Time),,s9w324,focus,
Thu Sep 03 2015 20:27:23 GMT+0800 (Malay Peninsula Standard Time),,s9w324,focus,
Thu Sep 03 2015 20:27:24 GMT+0800 (Malay Peninsula Standard Time),,s9w324,label,"^"
Thu Sep 03 2015 20:27:28 GMT+0800 (Malay Peninsula Standard Time),,s9w498,focus,
Thu Sep 03 2015 20:27:29 GMT+0800 (Malay Peninsula Standard Time),,s9w498,focus,
Thu Sep 03 2015 20:27:30 GMT+0800 (Malay Peninsula Standard Time),,s9w498,label,"^"
Thu Sep 03 2015 20:27:35 GMT+0800 (Malay Peninsula Standard Time),,s9w595,focus,
Thu Sep 03 2015 20:27:36 GMT+0800 (Malay Peninsula Standard Time),,s9w595,focus,
Thu Sep 03 2015 20:27:37 GMT+0800 (Malay Peninsula Standard Time),,s9w595,label,"^"
Thu Sep 03 2015 20:28:10 GMT+0800 (Malay Peninsula Standard Time),,s1w53,focus,
Thu Sep 03 2015 20:28:10 GMT+0800 (Malay Peninsula Standard Time),,s1w53,focus,
Thu Sep 03 2015 20:28:11 GMT+0800 (Malay Peninsula Standard Time),,s1w53,label,"&"
Thu Sep 03 2015 20:29:02 GMT+0800 (Malay Peninsula Standard Time),,s3w10,focus,
Thu Sep 03 2015 20:29:02 GMT+0800 (Malay Peninsula Standard Time),,s3w10,focus,
Thu Sep 03 2015 20:29:06 GMT+0800 (Malay Peninsula Standard Time),,s3w10,label,"N"
Thu Sep 03 2015 20:29:12 GMT+0800 (Malay Peninsula Standard Time),,s3w27,focus,
Thu Sep 03 2015 20:29:12 GMT+0800 (Malay Peninsula Standard Time),,s3w27,focus,
Thu Sep 03 2015 20:29:13 GMT+0800 (Malay Peninsula Standard Time),,s3w27,label,"A"
Thu Sep 03 2015 20:29:22 GMT+0800 (Malay Peninsula Standard Time),,s5w1,focus,
Thu Sep 03 2015 20:29:22 GMT+0800 (Malay Peninsula Standard Time),,s5w1,focus,
Thu Sep 03 2015 20:29:27 GMT+0800 (Malay Peninsula Standard Time),,s5w1,label,"!"
Thu Sep 03 2015 20:29:42 GMT+0800 (Malay Peninsula Standard Time),,s5w1,focus,
Thu Sep 03 2015 20:30:09 GMT+0800 (Malay Peninsula Standard Time),,s5w70,focus,
Thu Sep 03 2015 20:30:09 GMT+0800 (Malay Peninsula Standard Time),,s5w70,focus,
Thu Sep 03 2015 20:30:11 GMT+0800 (Malay Peninsula Standard Time),,s5w70,label,"N"
Thu Sep 03 2015 20:30:50 GMT+0800 (Malay Peninsula Standard Time),,s6w59,focus,
Thu Sep 03 2015 20:30:50 GMT+0800 (Malay Peninsula Standard Time),,s6w59,focus,
Thu Sep 03 2015 20:30:52 GMT+0800 (Malay Peninsula Standard Time),,s6w59,label,"R"
Thu Sep 03 2015 20:31:04 GMT+0800 (Malay Peninsula Standard Time),,s6w68,focus,
Thu Sep 03 2015 20:31:04 GMT+0800 (Malay Peninsula Standard Time),,s6w68,focus,
Thu Sep 03 2015 20:31:10 GMT+0800 (Malay Peninsula Standard Time),,s6w68,label,"A"
Thu Sep 03 2015 20:31:35 GMT+0800 (Malay Peninsula Standard Time),,s6w87,focus,
Thu Sep 03 2015 20:31:35 GMT+0800 (Malay Peninsula Standard Time),,s6w87,focus,
Thu Sep 03 2015 20:32:22 GMT+0800 (Malay Peninsula Standard Time),,s8w39,focus,
Thu Sep 03 2015 20:32:22 GMT+0800 (Malay Peninsula Standard Time),,s8w39,focus,
Thu Sep 03 2015 20:32:23 GMT+0800 (Malay Peninsula Standard Time),,s8w39,label,"N"
Thu Sep 03 2015 20:32:56 GMT+0800 (Malay Peninsula Standard Time),,s8w92,focus,
Thu Sep 03 2015 20:32:56 GMT+0800 (Malay Peninsula Standard Time),,s8w92,focus,
Thu Sep 03 2015 20:33:06 GMT+0800 (Malay Peninsula Standard Time),,s8w92,focus,
Thu Sep 03 2015 20:33:06 GMT+0800 (Malay Peninsula Standard Time),,s8w92,focus,
Thu Sep 03 2015 20:33:08 GMT+0800 (Malay Peninsula Standard Time),,s8w92,label,"A"
Thu Sep 03 2015 20:33:15 GMT+0800 (Malay Peninsula Standard Time),,s8w104,focus,
Thu Sep 03 2015 20:33:16 GMT+0800 (Malay Peninsula Standard Time),,s8w104,focus,
Thu Sep 03 2015 20:33:16 GMT+0800 (Malay Peninsula Standard Time),,s8w104,label,"A"
Thu Sep 03 2015 20:42:45 GMT+0800 (Malay Peninsula Standard Time),,s9w16,focus,
Thu Sep 03 2015 20:42:45 GMT+0800 (Malay Peninsula Standard Time),,s9w16,focus,
Thu Sep 03 2015 20:42:49 GMT+0800 (Malay Peninsula Standard Time),,s9w16,label,"L"
Thu Sep 03 2015 20:43:36 GMT+0800 (Malay Peninsula Standard Time),,s9w16,focus,
Thu Sep 03 2015 20:43:56 GMT+0800 (Malay Peninsula Standard Time),,s9w31,focus,
Thu Sep 03 2015 20:43:56 GMT+0800 (Malay Peninsula Standard Time),,s9w31,focus,
Thu Sep 03 2015 20:43:57 GMT+0800 (Malay Peninsula Standard Time),,s9w31,label,"A"
Thu Sep 03 2015 20:43:58 GMT+0800 (Malay Peninsula Standard Time),,s9w33,focus,
Thu Sep 03 2015 20:43:58 GMT+0800 (Malay Peninsula Standard Time),,s9w33,focus,
Thu Sep 03 2015 20:44:00 GMT+0800 (Malay Peninsula Standard Time),,s9w33,label,"N"
Thu Sep 03 2015 20:44:29 GMT+0800 (Malay Peninsula Standard Time),,s9w95,focus,
Thu Sep 03 2015 20:44:29 GMT+0800 (Malay Peninsula Standard Time),,s9w95,focus,
Thu Sep 03 2015 20:44:29 GMT+0800 (Malay Peninsula Standard Time),,s9w95,label,"A"
Thu Sep 03 2015 20:44:49 GMT+0800 (Malay Peninsula Standard Time),,s9w120,focus,
Thu Sep 03 2015 20:44:50 GMT+0800 (Malay Peninsula Standard Time),,s9w120,focus,
Thu Sep 03 2015 20:44:53 GMT+0800 (Malay Peninsula Standard Time),,s9w120,label,"G"
Thu Sep 03 2015 20:45:01 GMT+0800 (Malay Peninsula Standard Time),,s9w120,focus,
Thu Sep 03 2015 20:45:01 GMT+0800 (Malay Peninsula Standard Time),,s9w120,focus,
Thu Sep 03 2015 20:45:02 GMT+0800 (Malay Peninsula Standard Time),,s9w120,label,"^"
Thu Sep 03 2015 20:45:42 GMT+0800 (Malay Peninsula Standard Time),,s9w200,focus,
Thu Sep 03 2015 20:45:42 GMT+0800 (Malay Peninsula Standard Time),,s9w200,focus,
Thu Sep 03 2015 20:45:48 GMT+0800 (Malay Peninsula Standard Time),,s9w200,label,"N"
Thu Sep 03 2015 20:46:04 GMT+0800 (Malay Peninsula Standard Time),,s9w200,focus,
Thu Sep 03 2015 20:46:04 GMT+0800 (Malay Peninsula Standard Time),,s9w200,focus,
Thu Sep 03 2015 20:46:04 GMT+0800 (Malay Peninsula Standard Time),,s9w200,label,"A"
Thu Sep 03 2015 20:47:43 GMT+0800 (Malay Peninsula Standard Time),,s9w200,focus,
Thu Sep 03 2015 20:47:43 GMT+0800 (Malay Peninsula Standard Time),,s9w225,focus,
Thu Sep 03 2015 20:47:43 GMT+0800 (Malay Peninsula Standard Time),,s9w225,focus,
Thu Sep 03 2015 20:47:45 GMT+0800 (Malay Peninsula Standard Time),,s9w225,label,"N"
Thu Sep 03 2015 20:48:02 GMT+0800 (Malay Peninsula Standard Time),,s9w244,focus,
Thu Sep 03 2015 20:48:03 GMT+0800 (Malay Peninsula Standard Time),,s9w244,focus,
Thu Sep 03 2015 20:48:04 GMT+0800 (Malay Peninsula Standard Time),,s9w244,label,"^"
Thu Sep 03 2015 20:48:37 GMT+0800 (Malay Peninsula Standard Time),,s9w284,focus,
Thu Sep 03 2015 20:48:37 GMT+0800 (Malay Peninsula Standard Time),,s9w284,focus,
Thu Sep 03 2015 20:48:48 GMT+0800 (Malay Peninsula Standard Time),,s9w284,focus,
Thu Sep 03 2015 20:48:48 GMT+0800 (Malay Peninsula Standard Time),,s9w284,focus,
Thu Sep 03 2015 20:48:50 GMT+0800 (Malay Peninsula Standard Time),,s9w284,label,"&"
Thu Sep 03 2015 20:48:52 GMT+0800 (Malay Peninsula Standard Time),,s9w285,focus,
Thu Sep 03 2015 20:48:52 GMT+0800 (Malay Peninsula Standard Time),,s9w285,focus,
Thu Sep 03 2015 20:49:01 GMT+0800 (Malay Peninsula Standard Time),,s9w285,focus,
Thu Sep 03 2015 20:49:01 GMT+0800 (Malay Peninsula Standard Time),,s9w297,focus,
Thu Sep 03 2015 20:49:01 GMT+0800 (Malay Peninsula Standard Time),,s9w297,focus,
Thu Sep 03 2015 20:49:02 GMT+0800 (Malay Peninsula Standard Time),,s9w285,focus,
Thu Sep 03 2015 20:49:02 GMT+0800 (Malay Peninsula Standard Time),,s9w285,focus,
Thu Sep 03 2015 20:49:04 GMT+0800 (Malay Peninsula Standard Time),,s9w285,label,"&"
Thu Sep 03 2015 20:49:09 GMT+0800 (Malay Peninsula Standard Time),,s9w297,focus,
Thu Sep 03 2015 20:49:09 GMT+0800 (Malay Peninsula Standard Time),,s9w297,focus,
Thu Sep 03 2015 20:49:10 GMT+0800 (Malay Peninsula Standard Time),,s9w297,label,"A"
Thu Sep 03 2015 20:49:45 GMT+0800 (Malay Peninsula Standard Time),,s9w371,focus,
Thu Sep 03 2015 20:49:45 GMT+0800 (Malay Peninsula Standard Time),,s9w371,focus,
Thu Sep 03 2015 20:49:47 GMT+0800 (Malay Peninsula Standard Time),,s9w371,label,"V"
Thu Sep 03 2015 20:49:52 GMT+0800 (Malay Peninsula Standard Time),,s9w372,focus,
Thu Sep 03 2015 20:49:52 GMT+0800 (Malay Peninsula Standard Time),,s9w372,focus,
Thu Sep 03 2015 20:49:53 GMT+0800 (Malay Peninsula Standard Time),,s9w372,label,"A"
Thu Sep 03 2015 20:49:57 GMT+0800 (Malay Peninsula Standard Time),,s9w379,focus,
Thu Sep 03 2015 20:49:57 GMT+0800 (Malay Peninsula Standard Time),,s9w379,focus,
Thu Sep 03 2015 20:49:58 GMT+0800 (Malay Peninsula Standard Time),,s9w379,label,"G"
Thu Sep 03 2015 20:49:59 GMT+0800 (Malay Peninsula Standard Time),,s9w380,focus,
Thu Sep 03 2015 20:50:01 GMT+0800 (Malay Peninsula Standard Time),,s9w380,label,","
Thu Sep 03 2015 20:50:04 GMT+0800 (Malay Peninsula Standard Time),,s9w381,focus,
Thu Sep 03 2015 20:50:04 GMT+0800 (Malay Peninsula Standard Time),,s9w381,label,"G"
Thu Sep 03 2015 20:50:05 GMT+0800 (Malay Peninsula Standard Time),,s9w382,focus,
Thu Sep 03 2015 20:50:17 GMT+0800 (Malay Peninsula Standard Time),,s9w383,focus,
Thu Sep 03 2015 20:50:18 GMT+0800 (Malay Peninsula Standard Time),,s9w384,focus,
Thu Sep 03 2015 20:50:18 GMT+0800 (Malay Peninsula Standard Time),,s9w385,focus,
Thu Sep 03 2015 20:50:19 GMT+0800 (Malay Peninsula Standard Time),,s9w386,focus,
Thu Sep 03 2015 20:50:19 GMT+0800 (Malay Peninsula Standard Time),,s9w387,focus,
Thu Sep 03 2015 20:50:19 GMT+0800 (Malay Peninsula Standard Time),,s9w388,focus,
Thu Sep 03 2015 20:50:20 GMT+0800 (Malay Peninsula Standard Time),,s9w389,focus,
Thu Sep 03 2015 20:50:20 GMT+0800 (Malay Peninsula Standard Time),,s9w390,focus,
Thu Sep 03 2015 20:50:20 GMT+0800 (Malay Peninsula Standard Time),,s9w391,focus,
Thu Sep 03 2015 20:50:20 GMT+0800 (Malay Peninsula Standard Time),,s9w392,focus,
Thu Sep 03 2015 20:50:21 GMT+0800 (Malay Peninsula Standard Time),,s9w393,focus,
Thu Sep 03 2015 20:50:21 GMT+0800 (Malay Peninsula Standard Time),,s9w394,focus,
Thu Sep 03 2015 20:50:21 GMT+0800 (Malay Peninsula Standard Time),,s9w395,focus,
Thu Sep 03 2015 20:50:21 GMT+0800 (Malay Peninsula Standard Time),,s9w396,focus,
Thu Sep 03 2015 20:50:22 GMT+0800 (Malay Peninsula Standard Time),,s9w397,focus,
Thu Sep 03 2015 20:50:23 GMT+0800 (Malay Peninsula Standard Time),,s9w398,focus,
Thu Sep 03 2015 20:50:24 GMT+0800 (Malay Peninsula Standard Time),,s9w399,focus,
Thu Sep 03 2015 20:50:24 GMT+0800 (Malay Peninsula Standard Time),,s9w400,focus,
Thu Sep 03 2015 20:50:24 GMT+0800 (Malay Peninsula Standard Time),,s9w401,focus,
Thu Sep 03 2015 20:50:24 GMT+0800 (Malay Peninsula Standard Time),,s9w402,focus,
Thu Sep 03 2015 20:50:25 GMT+0800 (Malay Peninsula Standard Time),,s9w403,focus,
Thu Sep 03 2015 20:50:25 GMT+0800 (Malay Peninsula Standard Time),,s9w404,focus,
Thu Sep 03 2015 20:50:28 GMT+0800 (Malay Peninsula Standard Time),,s9w404,label,"^"
Thu Sep 03 2015 20:50:29 GMT+0800 (Malay Peninsula Standard Time),,s9w405,focus,
Thu Sep 03 2015 20:50:29 GMT+0800 (Malay Peninsula Standard Time),,s9w406,focus,
Thu Sep 03 2015 20:50:30 GMT+0800 (Malay Peninsula Standard Time),,s9w407,focus,
Thu Sep 03 2015 20:50:30 GMT+0800 (Malay Peninsula Standard Time),,s9w408,focus,
Thu Sep 03 2015 20:50:30 GMT+0800 (Malay Peninsula Standard Time),,s9w409,focus,
Thu Sep 03 2015 20:50:30 GMT+0800 (Malay Peninsula Standard Time),,s9w410,focus,
Thu Sep 03 2015 20:50:31 GMT+0800 (Malay Peninsula Standard Time),,s9w411,focus,
Thu Sep 03 2015 20:50:31 GMT+0800 (Malay Peninsula Standard Time),,s9w412,focus,
Thu Sep 03 2015 20:50:32 GMT+0800 (Malay Peninsula Standard Time),,s9w413,focus,
Thu Sep 03 2015 20:50:32 GMT+0800 (Malay Peninsula Standard Time),,s9w414,focus,
Thu Sep 03 2015 20:50:32 GMT+0800 (Malay Peninsula Standard Time),,s9w415,focus,
Thu Sep 03 2015 20:50:32 GMT+0800 (Malay Peninsula Standard Time),,s9w416,focus,
Thu Sep 03 2015 20:50:32 GMT+0800 (Malay Peninsula Standard Time),,s9w417,focus,
Thu Sep 03 2015 20:50:32 GMT+0800 (Malay Peninsula Standard Time),,s9w418,focus,
Thu Sep 03 2015 20:50:32 GMT+0800 (Malay Peninsula Standard Time),,s9w419,focus,
Thu Sep 03 2015 20:50:32 GMT+0800 (Malay Peninsula Standard Time),,s9w420,focus,
Thu Sep 03 2015 20:50:32 GMT+0800 (Malay Peninsula Standard Time),,s9w421,focus,
Thu Sep 03 2015 20:50:32 GMT+0800 (Malay Peninsula Standard Time),,s9w422,focus,
Thu Sep 03 2015 20:50:32 GMT+0800 (Malay Peninsula Standard Time),,s9w423,focus,
Thu Sep 03 2015 20:50:41 GMT+0800 (Malay Peninsula Standard Time),,s9w424,focus,
Thu Sep 03 2015 20:50:41 GMT+0800 (Malay Peninsula Standard Time),,s9w425,focus,
Thu Sep 03 2015 20:50:42 GMT+0800 (Malay Peninsula Standard Time),,s9w426,focus,
Thu Sep 03 2015 20:50:43 GMT+0800 (Malay Peninsula Standard Time),,s9w427,focus,
Thu Sep 03 2015 20:50:43 GMT+0800 (Malay Peninsula Standard Time),,s9w428,focus,
Thu Sep 03 2015 20:50:43 GMT+0800 (Malay Peninsula Standard Time),,s9w429,focus,
Thu Sep 03 2015 20:50:44 GMT+0800 (Malay Peninsula Standard Time),,s9w430,focus,
Thu Sep 03 2015 20:50:45 GMT+0800 (Malay Peninsula Standard Time),,s9w431,focus,
Thu Sep 03 2015 20:50:45 GMT+0800 (Malay Peninsula Standard Time),,s9w432,focus,
Thu Sep 03 2015 20:50:45 GMT+0800 (Malay Peninsula Standard Time),,s9w433,focus,
Thu Sep 03 2015 20:50:45 GMT+0800 (Malay Peninsula Standard Time),,s9w434,focus,
Thu Sep 03 2015 20:50:46 GMT+0800 (Malay Peninsula Standard Time),,s9w435,focus,
Thu Sep 03 2015 20:50:46 GMT+0800 (Malay Peninsula Standard Time),,s9w436,focus,
Thu Sep 03 2015 20:50:46 GMT+0800 (Malay Peninsula Standard Time),,s9w437,focus,
Thu Sep 03 2015 20:50:53 GMT+0800 (Malay Peninsula Standard Time),,s9w438,focus,
Thu Sep 03 2015 20:50:53 GMT+0800 (Malay Peninsula Standard Time),,s9w439,focus,
Thu Sep 03 2015 20:50:53 GMT+0800 (Malay Peninsula Standard Time),,s9w440,focus,
Thu Sep 03 2015 20:50:54 GMT+0800 (Malay Peninsula Standard Time),,s9w441,focus,
Thu Sep 03 2015 20:50:54 GMT+0800 (Malay Peninsula Standard Time),,s9w442,focus,
Thu Sep 03 2015 20:50:55 GMT+0800 (Malay Peninsula Standard Time),,s9w443,focus,
Thu Sep 03 2015 20:51:20 GMT+0800 (Malay Peninsula Standard Time),,s9w444,focus,
Thu Sep 03 2015 20:51:32 GMT+0800 (Malay Peninsula Standard Time),,s9w445,focus,
Thu Sep 03 2015 20:51:35 GMT+0800 (Malay Peninsula Standard Time),,s9w446,focus,
Thu Sep 03 2015 20:51:36 GMT+0800 (Malay Peninsula Standard Time),,s9w447,focus,
Thu Sep 03 2015 20:51:37 GMT+0800 (Malay Peninsula Standard Time),,s9w448,focus,
Thu Sep 03 2015 20:52:16 GMT+0800 (Malay Peninsula Standard Time),,s9w449,focus,
Thu Sep 03 2015 20:52:16 GMT+0800 (Malay Peninsula Standard Time),,s9w450,focus,
Thu Sep 03 2015 20:52:16 GMT+0800 (Malay Peninsula Standard Time),,s9w451,focus,
Thu Sep 03 2015 20:52:17 GMT+0800 (Malay Peninsula Standard Time),,s9w452,focus,
Thu Sep 03 2015 20:52:17 GMT+0800 (Malay Peninsula Standard Time),,s9w453,focus,
Thu Sep 03 2015 20:52:17 GMT+0800 (Malay Peninsula Standard Time),,s9w454,focus,
Thu Sep 03 2015 20:52:18 GMT+0800 (Malay Peninsula Standard Time),,s9w455,focus,
Thu Sep 03 2015 20:52:18 GMT+0800 (Malay Peninsula Standard Time),,s9w456,focus,
Thu Sep 03 2015 20:52:18 GMT+0800 (Malay Peninsula Standard Time),,s9w457,focus,
Thu Sep 03 2015 20:52:18 GMT+0800 (Malay Peninsula Standard Time),,s9w458,focus,
Thu Sep 03 2015 20:52:19 GMT+0800 (Malay Peninsula Standard Time),,s9w459,focus,
Thu Sep 03 2015 20:52:20 GMT+0800 (Malay Peninsula Standard Time),,s9w460,focus,
Thu Sep 03 2015 20:52:40 GMT+0800 (Malay Peninsula Standard Time),,s9w461,focus,
Thu Sep 03 2015 20:52:41 GMT+0800 (Malay Peninsula Standard Time),,s9w462,focus,
Thu Sep 03 2015 20:52:41 GMT+0800 (Malay Peninsula Standard Time),,s9w463,focus,
Thu Sep 03 2015 20:52:41 GMT+0800 (Malay Peninsula Standard Time),,s9w464,focus,
Thu Sep 03 2015 20:52:41 GMT+0800 (Malay Peninsula Standard Time),,s9w465,focus,
Thu Sep 03 2015 20:52:41 GMT+0800 (Malay Peninsula Standard Time),,s9w466,focus,
Thu Sep 03 2015 20:52:41 GMT+0800 (Malay Peninsula Standard Time),,s9w467,focus,
Thu Sep 03 2015 20:52:41 GMT+0800 (Malay Peninsula Standard Time),,s9w468,focus,
Thu Sep 03 2015 20:52:41 GMT+0800 (Malay Peninsula Standard Time),,s9w469,focus,
Thu Sep 03 2015 20:52:41 GMT+0800 (Malay Peninsula Standard Time),,s9w470,focus,
Thu Sep 03 2015 20:52:41 GMT+0800 (Malay Peninsula Standard Time),,s9w471,focus,
Thu Sep 03 2015 20:52:41 GMT+0800 (Malay Peninsula Standard Time),,s9w472,focus,
Thu Sep 03 2015 20:52:41 GMT+0800 (Malay Peninsula Standard Time),,s9w473,focus,
Thu Sep 03 2015 20:52:42 GMT+0800 (Malay Peninsula Standard Time),,s9w474,focus,
Thu Sep 03 2015 20:52:42 GMT+0800 (Malay Peninsula Standard Time),,s9w475,focus,
Thu Sep 03 2015 20:52:42 GMT+0800 (Malay Peninsula Standard Time),,s9w476,focus,
Thu Sep 03 2015 20:52:42 GMT+0800 (Malay Peninsula Standard Time),,s9w477,focus,
Thu Sep 03 2015 20:52:42 GMT+0800 (Malay Peninsula Standard Time),,s9w478,focus,
Thu Sep 03 2015 20:52:43 GMT+0800 (Malay Peninsula Standard Time),,s9w479,focus,
Thu Sep 03 2015 20:52:43 GMT+0800 (Malay Peninsula Standard Time),,s9w480,focus,
Thu Sep 03 2015 20:52:43 GMT+0800 (Malay Peninsula Standard Time),,s9w481,focus,
Thu Sep 03 2015 20:52:44 GMT+0800 (Malay Peninsula Standard Time),,s9w482,focus,
Thu Sep 03 2015 20:52:44 GMT+0800 (Malay Peninsula Standard Time),,s9w483,focus,
Thu Sep 03 2015 20:52:44 GMT+0800 (Malay Peninsula Standard Time),,s9w484,focus,
Thu Sep 03 2015 20:52:45 GMT+0800 (Malay Peninsula Standard Time),,s9w485,focus,
Thu Sep 03 2015 20:52:45 GMT+0800 (Malay Peninsula Standard Time),,s9w486,focus,
Thu Sep 03 2015 20:52:45 GMT+0800 (Malay Peninsula Standard Time),,s9w487,focus,
Thu Sep 03 2015 20:52:45 GMT+0800 (Malay Peninsula Standard Time),,s9w488,focus,
Thu Sep 03 2015 20:52:46 GMT+0800 (Malay Peninsula Standard Time),,s9w489,focus,
Thu Sep 03 2015 20:52:46 GMT+0800 (Malay Peninsula Standard Time),,s9w490,focus,
Thu Sep 03 2015 20:52:46 GMT+0800 (Malay Peninsula Standard Time),,s9w491,focus,
Thu Sep 03 2015 20:52:47 GMT+0800 (Malay Peninsula Standard Time),,s9w492,focus,
Thu Sep 03 2015 20:52:49 GMT+0800 (Malay Peninsula Standard Time),,s9w493,focus,
Thu Sep 03 2015 20:52:49 GMT+0800 (Malay Peninsula Standard Time),,s9w494,focus,
Thu Sep 03 2015 20:52:49 GMT+0800 (Malay Peninsula Standard Time),,s9w495,focus,
Thu Sep 03 2015 20:52:50 GMT+0800 (Malay Peninsula Standard Time),,s9w496,focus,
Thu Sep 03 2015 20:52:50 GMT+0800 (Malay Peninsula Standard Time),,s9w497,focus,
Thu Sep 03 2015 20:52:50 GMT+0800 (Malay Peninsula Standard Time),,s9w498,focus,
Thu Sep 03 2015 20:52:50 GMT+0800 (Malay Peninsula Standard Time),,s9w499,focus,
Thu Sep 03 2015 20:52:51 GMT+0800 (Malay Peninsula Standard Time),,s9w500,focus,
Thu Sep 03 2015 20:52:51 GMT+0800 (Malay Peninsula Standard Time),,s9w501,focus,
Thu Sep 03 2015 20:52:51 GMT+0800 (Malay Peninsula Standard Time),,s9w502,focus,
Thu Sep 03 2015 20:52:53 GMT+0800 (Malay Peninsula Standard Time),,s9w501,focus,
Thu Sep 03 2015 20:52:53 GMT+0800 (Malay Peninsula Standard Time),,s9w500,focus,
Thu Sep 03 2015 20:52:54 GMT+0800 (Malay Peninsula Standard Time),,s9w501,focus,
Thu Sep 03 2015 20:52:55 GMT+0800 (Malay Peninsula Standard Time),,s9w502,focus,
Thu Sep 03 2015 20:52:57 GMT+0800 (Malay Peninsula Standard Time),,s9w501,focus,
Thu Sep 03 2015 20:52:57 GMT+0800 (Malay Peninsula Standard Time),,s9w500,focus,
Thu Sep 03 2015 20:53:00 GMT+0800 (Malay Peninsula Standard Time),,s9w500,label,"R"
Thu Sep 03 2015 20:53:01 GMT+0800 (Malay Peninsula Standard Time),,s9w501,focus,
Thu Sep 03 2015 20:53:01 GMT+0800 (Malay Peninsula Standard Time),,s9w502,focus,
Thu Sep 03 2015 20:53:01 GMT+0800 (Malay Peninsula Standard Time),,s9w503,focus,
Thu Sep 03 2015 20:53:02 GMT+0800 (Malay Peninsula Standard Time),,s9w504,focus,
Thu Sep 03 2015 20:53:02 GMT+0800 (Malay Peninsula Standard Time),,s9w505,focus,
Thu Sep 03 2015 20:53:02 GMT+0800 (Malay Peninsula Standard Time),,s9w506,focus,
Thu Sep 03 2015 20:53:03 GMT+0800 (Malay Peninsula Standard Time),,s9w507,focus,
Thu Sep 03 2015 20:53:03 GMT+0800 (Malay Peninsula Standard Time),,s9w508,focus,
Thu Sep 03 2015 20:53:03 GMT+0800 (Malay Peninsula Standard Time),,s9w509,focus,
Thu Sep 03 2015 20:53:04 GMT+0800 (Malay Peninsula Standard Time),,s9w510,focus,
Thu Sep 03 2015 20:53:04 GMT+0800 (Malay Peninsula Standard Time),,s9w511,focus,
Thu Sep 03 2015 20:53:04 GMT+0800 (Malay Peninsula Standard Time),,s9w512,focus,
Thu Sep 03 2015 20:53:05 GMT+0800 (Malay Peninsula Standard Time),,s9w513,focus,
Thu Sep 03 2015 20:53:05 GMT+0800 (Malay Peninsula Standard Time),,s9w514,focus,
Thu Sep 03 2015 20:53:05 GMT+0800 (Malay Peninsula Standard Time),,s9w515,focus,
Thu Sep 03 2015 20:53:05 GMT+0800 (Malay Peninsula Standard Time),,s9w516,focus,
Thu Sep 03 2015 20:53:06 GMT+0800 (Malay Peninsula Standard Time),,s9w517,focus,
Thu Sep 03 2015 20:53:06 GMT+0800 (Malay Peninsula Standard Time),,s9w518,focus,
Thu Sep 03 2015 20:53:06 GMT+0800 (Malay Peninsula Standard Time),,s9w519,focus,
Thu Sep 03 2015 20:53:07 GMT+0800 (Malay Peninsula Standard Time),,s9w520,focus,
Thu Sep 03 2015 20:53:07 GMT+0800 (Malay Peninsula Standard Time),,s9w519,focus,
Thu Sep 03 2015 20:53:08 GMT+0800 (Malay Peninsula Standard Time),,s9w518,focus,
Thu Sep 03 2015 20:53:08 GMT+0800 (Malay Peninsula Standard Time),,s9w517,focus,
Thu Sep 03 2015 20:53:09 GMT+0800 (Malay Peninsula Standard Time),,s9w517,label,"V"
Thu Sep 03 2015 20:53:09 GMT+0800 (Malay Peninsula Standard Time),,s9w518,focus,
Thu Sep 03 2015 20:53:09 GMT+0800 (Malay Peninsula Standard Time),,s9w519,focus,
Thu Sep 03 2015 20:53:10 GMT+0800 (Malay Peninsula Standard Time),,s9w520,focus,
Thu Sep 03 2015 20:53:11 GMT+0800 (Malay Peninsula Standard Time),,s9w520,label,"R"
Thu Sep 03 2015 20:53:12 GMT+0800 (Malay Peninsula Standard Time),,s9w521,focus,
Thu Sep 03 2015 20:53:12 GMT+0800 (Malay Peninsula Standard Time),,s9w522,focus,
Thu Sep 03 2015 20:53:13 GMT+0800 (Malay Peninsula Standard Time),,s9w521,focus,
Thu Sep 03 2015 20:53:14 GMT+0800 (Malay Peninsula Standard Time),,s9w522,focus,
Thu Sep 03 2015 20:53:14 GMT+0800 (Malay Peninsula Standard Time),,s9w523,focus,
Thu Sep 03 2015 20:53:40 GMT+0800 (Malay Peninsula Standard Time),,s9w583,focus,
Thu Sep 03 2015 20:53:40 GMT+0800 (Malay Peninsula Standard Time),,s9w583,focus,
Thu Sep 03 2015 20:53:41 GMT+0800 (Malay Peninsula Standard Time),,s9w583,label,"N"
Thu Sep 03 2015 20:54:23 GMT+0800 (Malay Peninsula Standard Time),,s9w583,focus,
Thu Sep 03 2015 20:54:26 GMT+0800 (Malay Peninsula Standard Time),,s9w599,focus,
Thu Sep 03 2015 20:54:26 GMT+0800 (Malay Peninsula Standard Time),,s9w599,focus,
Thu Sep 03 2015 20:54:28 GMT+0800 (Malay Peninsula Standard Time),,s9w599,label,"^"
Thu Sep 03 2015 20:55:04 GMT+0800 (Malay Peninsula Standard Time),,s9w605,focus,
Thu Sep 03 2015 20:55:04 GMT+0800 (Malay Peninsula Standard Time),,s9w605,focus,
Thu Sep 03 2015 20:55:06 GMT+0800 (Malay Peninsula Standard Time),,s9w605,label,"N"
Thu Sep 03 2015 20:55:27 GMT+0800 (Malay Peninsula Standard Time),,s10w29,focus,
Thu Sep 03 2015 20:55:27 GMT+0800 (Malay Peninsula Standard Time),,s10w29,focus,
Thu Sep 03 2015 20:55:27 GMT+0800 (Malay Peninsula Standard Time),,s10w29,label,"A"
Thu Sep 03 2015 20:55:44 GMT+0800 (Malay Peninsula Standard Time),,s10w46,focus,
Thu Sep 03 2015 20:55:44 GMT+0800 (Malay Peninsula Standard Time),,s10w46,focus,
Thu Sep 03 2015 20:55:45 GMT+0800 (Malay Peninsula Standard Time),,s10w46,label,"D"
Thu Sep 03 2015 20:55:47 GMT+0800 (Malay Peninsula Standard Time),,s10w47,focus,
Thu Sep 03 2015 20:55:47 GMT+0800 (Malay Peninsula Standard Time),,s10w47,focus,
Thu Sep 03 2015 20:55:48 GMT+0800 (Malay Peninsula Standard Time),,s10w47,label,"^"
Thu Sep 03 2015 20:55:52 GMT+0800 (Malay Peninsula Standard Time),,s10w53,focus,
Thu Sep 03 2015 20:55:53 GMT+0800 (Malay Peninsula Standard Time),,s10w53,focus,
Thu Sep 03 2015 20:55:53 GMT+0800 (Malay Peninsula Standard Time),,s10w53,label,"N"
Thu Sep 03 2015 20:56:00 GMT+0800 (Malay Peninsula Standard Time),,s10w58,focus,
Thu Sep 03 2015 20:56:00 GMT+0800 (Malay Peninsula Standard Time),,s10w58,focus,
Thu Sep 03 2015 20:56:01 GMT+0800 (Malay Peninsula Standard Time),,s10w58,label,"A"
Thu Sep 03 2015 20:56:07 GMT+0800 (Malay Peninsula Standard Time),,s10w66,focus,
Thu Sep 03 2015 20:56:07 GMT+0800 (Malay Peninsula Standard Time),,s10w66,focus,
Thu Sep 03 2015 20:56:14 GMT+0800 (Malay Peninsula Standard Time),,s10w72,focus,
Thu Sep 03 2015 20:56:14 GMT+0800 (Malay Peninsula Standard Time),,s10w72,focus,
Thu Sep 03 2015 20:56:15 GMT+0800 (Malay Peninsula Standard Time),,s10w72,label,","
Thu Sep 03 2015 20:56:17 GMT+0800 (Malay Peninsula Standard Time),,s11w1,focus,
Thu Sep 03 2015 20:56:17 GMT+0800 (Malay Peninsula Standard Time),,s11w1,focus,
Thu Sep 03 2015 20:56:19 GMT+0800 (Malay Peninsula Standard Time),,s11w1,label,"&"
Thu Sep 03 2015 20:56:51 GMT+0800 (Malay Peninsula Standard Time),,s11w62,focus,
Thu Sep 03 2015 20:56:51 GMT+0800 (Malay Peninsula Standard Time),,s11w62,focus,
Thu Sep 03 2015 20:56:53 GMT+0800 (Malay Peninsula Standard Time),,s11w62,label,"^"
Thu Sep 03 2015 20:57:07 GMT+0800 (Malay Peninsula Standard Time),,s11w62,focus,
Thu Sep 03 2015 20:57:14 GMT+0800 (Malay Peninsula Standard Time),,s11w72,focus,
Thu Sep 03 2015 20:57:14 GMT+0800 (Malay Peninsula Standard Time),,s11w72,focus,
Thu Sep 03 2015 20:57:15 GMT+0800 (Malay Peninsula Standard Time),,s11w72,label,"^"
Thu Sep 03 2015 20:57:22 GMT+0800 (Malay Peninsula Standard Time),,s11w74,focus,
Thu Sep 03 2015 20:57:22 GMT+0800 (Malay Peninsula Standard Time),,s11w74,focus,
Thu Sep 03 2015 20:57:40 GMT+0800 (Malay Peninsula Standard Time),,s11w74,focus,
Thu Sep 03 2015 20:57:40 GMT+0800 (Malay Peninsula Standard Time),,s11w74,focus,
Thu Sep 03 2015 20:57:42 GMT+0800 (Malay Peninsula Standard Time),,s11w74,label,"&"
Thu Sep 03 2015 20:58:07 GMT+0800 (Malay Peninsula Standard Time),,s11w102,focus,
Thu Sep 03 2015 20:58:07 GMT+0800 (Malay Peninsula Standard Time),,s11w102,focus,
Thu Sep 03 2015 20:58:08 GMT+0800 (Malay Peninsula Standard Time),,s11w102,label,"N"
Thu Sep 03 2015 20:58:09 GMT+0800 (Malay Peninsula Standard Time),,s11w103,focus,
Thu Sep 03 2015 20:58:09 GMT+0800 (Malay Peninsula Standard Time),,s11w103,focus,
Thu Sep 03 2015 20:58:09 GMT+0800 (Malay Peninsula Standard Time),,s11w103,label,"N"
Thu Sep 03 2015 20:58:14 GMT+0800 (Malay Peninsula Standard Time),,s11w109,focus,
Thu Sep 03 2015 20:58:14 GMT+0800 (Malay Peninsula Standard Time),,s11w109,focus,
Thu Sep 03 2015 20:58:16 GMT+0800 (Malay Peninsula Standard Time),,s11w109,label,"A"
Thu Sep 03 2015 20:58:17 GMT+0800 (Malay Peninsula Standard Time),,s11w109,label,"N"
Thu Sep 03 2015 20:58:24 GMT+0800 (Malay Peninsula Standard Time),,s11w114,focus,
Thu Sep 03 2015 20:58:25 GMT+0800 (Malay Peninsula Standard Time),,s11w114,focus,
Thu Sep 03 2015 20:58:27 GMT+0800 (Malay Peninsula Standard Time),,s11w114,label,"V"
Thu Sep 03 2015 20:58:30 GMT+0800 (Malay Peninsula Standard Time),,s11w118,focus,
Thu Sep 03 2015 20:58:30 GMT+0800 (Malay Peninsula Standard Time),,s11w118,focus,
Thu Sep 03 2015 20:58:32 GMT+0800 (Malay Peninsula Standard Time),,s11w118,label,"O"
Thu Sep 03 2015 20:59:08 GMT+0800 (Malay Peninsula Standard Time),,s11w187,focus,
Thu Sep 03 2015 20:59:08 GMT+0800 (Malay Peninsula Standard Time),,s11w187,focus,
Thu Sep 03 2015 20:59:10 GMT+0800 (Malay Peninsula Standard Time),,s11w187,label,"A"
Thu Sep 03 2015 20:59:12 GMT+0800 (Malay Peninsula Standard Time),,s11w188,focus,
Thu Sep 03 2015 20:59:12 GMT+0800 (Malay Peninsula Standard Time),,s11w188,focus,
Thu Sep 03 2015 20:59:12 GMT+0800 (Malay Peninsula Standard Time),,s11w188,label,"N"
Thu Sep 03 2015 20:59:21 GMT+0800 (Malay Peninsula Standard Time),,s11w204,focus,
Thu Sep 03 2015 20:59:21 GMT+0800 (Malay Peninsula Standard Time),,s11w204,focus,
Thu Sep 03 2015 20:59:21 GMT+0800 (Malay Peninsula Standard Time),,s11w204,label,"N"
Thu Sep 03 2015 20:59:22 GMT+0800 (Malay Peninsula Standard Time),,s11w206,focus,
Thu Sep 03 2015 20:59:22 GMT+0800 (Malay Peninsula Standard Time),,s11w206,focus,
Thu Sep 03 2015 20:59:23 GMT+0800 (Malay Peninsula Standard Time),,s11w204,focus,
Thu Sep 03 2015 20:59:23 GMT+0800 (Malay Peninsula Standard Time),,s11w204,focus,
Thu Sep 03 2015 20:59:24 GMT+0800 (Malay Peninsula Standard Time),,s11w204,label,"^"
Thu Sep 03 2015 20:59:25 GMT+0800 (Malay Peninsula Standard Time),,s11w206,focus,
Thu Sep 03 2015 20:59:25 GMT+0800 (Malay Peninsula Standard Time),,s11w206,focus,
Thu Sep 03 2015 20:59:25 GMT+0800 (Malay Peninsula Standard Time),,s11w206,label,"^"
Thu Sep 03 2015 20:59:32 GMT+0800 (Malay Peninsula Standard Time),,s11w215,focus,
Thu Sep 03 2015 20:59:32 GMT+0800 (Malay Peninsula Standard Time),,s11w215,focus,
Thu Sep 03 2015 20:59:33 GMT+0800 (Malay Peninsula Standard Time),,s11w215,label,"^"
Thu Sep 03 2015 20:59:40 GMT+0800 (Malay Peninsula Standard Time),,s11w232,focus,
Thu Sep 03 2015 20:59:40 GMT+0800 (Malay Peninsula Standard Time),,s11w232,focus,
Thu Sep 03 2015 20:59:41 GMT+0800 (Malay Peninsula Standard Time),,s11w232,label,"^"
Thu Sep 03 2015 20:59:47 GMT+0800 (Malay Peninsula Standard Time),,s11w245,focus,
Thu Sep 03 2015 20:59:48 GMT+0800 (Malay Peninsula Standard Time),,s11w245,focus,
Thu Sep 03 2015 20:59:48 GMT+0800 (Malay Peninsula Standard Time),,s11w245,label,"^"
Thu Sep 03 2015 20:59:56 GMT+0800 (Malay Peninsula Standard Time),,s11w264,focus,
Thu Sep 03 2015 20:59:56 GMT+0800 (Malay Peninsula Standard Time),,s11w264,focus,
Thu Sep 03 2015 20:59:58 GMT+0800 (Malay Peninsula Standard Time),,s11w264,label,"D"
Thu Sep 03 2015 20:59:59 GMT+0800 (Malay Peninsula Standard Time),,s11w266,focus,
Thu Sep 03 2015 20:59:59 GMT+0800 (Malay Peninsula Standard Time),,s11w266,focus,
Thu Sep 03 2015 21:00:58 GMT+0800 (Malay Peninsula Standard Time),,s12w31,focus,
Thu Sep 03 2015 21:00:58 GMT+0800 (Malay Peninsula Standard Time),,s12w31,focus,
Thu Sep 03 2015 21:01:02 GMT+0800 (Malay Peninsula Standard Time),,s12w31,label,"G"
Thu Sep 03 2015 21:01:09 GMT+0800 (Malay Peninsula Standard Time),,s12w39,focus,
Thu Sep 03 2015 21:01:09 GMT+0800 (Malay Peninsula Standard Time),,s12w39,focus,
Thu Sep 03 2015 21:01:10 GMT+0800 (Malay Peninsula Standard Time),,s12w39,label,"^"
Thu Sep 03 2015 21:01:12 GMT+0800 (Malay Peninsula Standard Time),,s12w40,focus,
Thu Sep 03 2015 21:01:13 GMT+0800 (Malay Peninsula Standard Time),,s12w40,focus,
Thu Sep 03 2015 21:01:14 GMT+0800 (Malay Peninsula Standard Time),,s12w40,label,"N"
Thu Sep 03 2015 21:01:59 GMT+0800 (Malay Peninsula Standard Time),,s12w112,focus,
Thu Sep 03 2015 21:01:59 GMT+0800 (Malay Peninsula Standard Time),,s12w112,focus,
Thu Sep 03 2015 21:02:00 GMT+0800 (Malay Peninsula Standard Time),,s12w112,label,"G"
Thu Sep 03 2015 21:02:23 GMT+0800 (Malay Peninsula Standard Time),,s12w134,focus,
Thu Sep 03 2015 21:02:23 GMT+0800 (Malay Peninsula Standard Time),,s12w134,focus,
Thu Sep 03 2015 21:02:28 GMT+0800 (Malay Peninsula Standard Time),,s12w134,label,"&"
Thu Sep 03 2015 21:03:00 GMT+0800 (Malay Peninsula Standard Time),,s13w42,focus,
Thu Sep 03 2015 21:03:00 GMT+0800 (Malay Peninsula Standard Time),,s13w42,focus,
Thu Sep 03 2015 21:03:02 GMT+0800 (Malay Peninsula Standard Time),,s13w42,label,"^"
Thu Sep 03 2015 21:03:10 GMT+0800 (Malay Peninsula Standard Time),,s13w58,focus,
Thu Sep 03 2015 21:03:10 GMT+0800 (Malay Peninsula Standard Time),,s13w58,focus,
Thu Sep 03 2015 21:03:11 GMT+0800 (Malay Peninsula Standard Time),,s13w58,label,"D"
Thu Sep 03 2015 21:03:14 GMT+0800 (Malay Peninsula Standard Time),,s13w61,focus,
Thu Sep 03 2015 21:03:15 GMT+0800 (Malay Peninsula Standard Time),,s13w61,focus,
Thu Sep 03 2015 21:03:18 GMT+0800 (Malay Peninsula Standard Time),,s13w61,label,"V"
Thu Sep 03 2015 21:03:22 GMT+0800 (Malay Peninsula Standard Time),,s13w61,label,"A"
Thu Sep 03 2015 21:03:25 GMT+0800 (Malay Peninsula Standard Time),,s13w63,focus,
Thu Sep 03 2015 21:03:25 GMT+0800 (Malay Peninsula Standard Time),,s13w63,focus,
Thu Sep 03 2015 21:03:26 GMT+0800 (Malay Peninsula Standard Time),,s13w63,label,"G"
Thu Sep 03 2015 21:03:37 GMT+0800 (Malay Peninsula Standard Time),,s13w78,focus,
Thu Sep 03 2015 21:03:37 GMT+0800 (Malay Peninsula Standard Time),,s13w78,focus,
Thu Sep 03 2015 21:03:40 GMT+0800 (Malay Peninsula Standard Time),,s13w78,label,"^"
Thu Sep 03 2015 21:03:45 GMT+0800 (Malay Peninsula Standard Time),,s14w1,focus,
Thu Sep 03 2015 21:03:45 GMT+0800 (Malay Peninsula Standard Time),,s14w1,focus,
Thu Sep 03 2015 21:03:48 GMT+0800 (Malay Peninsula Standard Time),,s14w1,label,"R"
Thu Sep 03 2015 21:03:50 GMT+0800 (Malay Peninsula Standard Time),,s14w3,focus,
Thu Sep 03 2015 21:03:50 GMT+0800 (Malay Peninsula Standard Time),,s14w3,focus,
Thu Sep 03 2015 21:03:51 GMT+0800 (Malay Peninsula Standard Time),,s14w3,label,"N"
Thu Sep 03 2015 21:03:55 GMT+0800 (Malay Peninsula Standard Time),,s14w9,focus,
Thu Sep 03 2015 21:03:55 GMT+0800 (Malay Peninsula Standard Time),,s14w9,focus,
Thu Sep 03 2015 21:03:55 GMT+0800 (Malay Peninsula Standard Time),,s14w9,label,"N"
Thu Sep 03 2015 21:04:27 GMT+0800 (Malay Peninsula Standard Time),,s15w38,focus,
Thu Sep 03 2015 21:04:28 GMT+0800 (Malay Peninsula Standard Time),,s15w38,focus,
Thu Sep 03 2015 21:04:30 GMT+0800 (Malay Peninsula Standard Time),,s15w38,focus,
Thu Sep 03 2015 21:04:31 GMT+0800 (Malay Peninsula Standard Time),,s15w38,label,","
Thu Sep 03 2015 21:04:47 GMT+0800 (Malay Peninsula Standard Time),,s15w68,focus,
Thu Sep 03 2015 21:04:47 GMT+0800 (Malay Peninsula Standard Time),,s15w68,focus,
Thu Sep 03 2015 21:04:49 GMT+0800 (Malay Peninsula Standard Time),,s15w68,label,"^"
Thu Sep 03 2015 21:04:58 GMT+0800 (Malay Peninsula Standard Time),,s15w84,focus,
Thu Sep 03 2015 21:04:58 GMT+0800 (Malay Peninsula Standard Time),,s15w84,focus,
Thu Sep 03 2015 21:04:59 GMT+0800 (Malay Peninsula Standard Time),,s15w84,label,"V"
Thu Sep 03 2015 21:05:15 GMT+0800 (Malay Peninsula Standard Time),,s15w84,focus,
Thu Sep 03 2015 21:05:40 GMT+0800 (Malay Peninsula Standard Time),,s15w120,focus,
Thu Sep 03 2015 21:05:40 GMT+0800 (Malay Peninsula Standard Time),,s15w120,focus,
Thu Sep 03 2015 21:05:42 GMT+0800 (Malay Peninsula Standard Time),,s15w120,label,"P"
Thu Sep 03 2015 21:05:47 GMT+0800 (Malay Peninsula Standard Time),,s15w129,focus,
Thu Sep 03 2015 21:05:47 GMT+0800 (Malay Peninsula Standard Time),,s15w129,focus,
Thu Sep 03 2015 21:05:48 GMT+0800 (Malay Peninsula Standard Time),,s15w129,label,"D"
Thu Sep 03 2015 21:05:50 GMT+0800 (Malay Peninsula Standard Time),,s15w131,focus,
Thu Sep 03 2015 21:05:50 GMT+0800 (Malay Peninsula Standard Time),,s15w131,focus,
Thu Sep 03 2015 21:05:50 GMT+0800 (Malay Peninsula Standard Time),,s15w131,label,"N"
Thu Sep 03 2015 21:05:55 GMT+0800 (Malay Peninsula Standard Time),,s15w147,focus,
Thu Sep 03 2015 21:05:55 GMT+0800 (Malay Peninsula Standard Time),,s15w147,focus,
Thu Sep 03 2015 21:05:56 GMT+0800 (Malay Peninsula Standard Time),,s15w137,focus,
Thu Sep 03 2015 21:05:56 GMT+0800 (Malay Peninsula Standard Time),,s15w137,focus,
Thu Sep 03 2015 21:05:57 GMT+0800 (Malay Peninsula Standard Time),,s15w137,label,"V"
Thu Sep 03 2015 21:06:04 GMT+0800 (Malay Peninsula Standard Time),,s15w144,focus,
Thu Sep 03 2015 21:06:04 GMT+0800 (Malay Peninsula Standard Time),,s15w144,focus,
Thu Sep 03 2015 21:06:05 GMT+0800 (Malay Peninsula Standard Time),,s15w144,label,"N"
Thu Sep 03 2015 21:06:13 GMT+0800 (Malay Peninsula Standard Time),,s15w151,focus,
Thu Sep 03 2015 21:06:13 GMT+0800 (Malay Peninsula Standard Time),,s15w151,focus,
Thu Sep 03 2015 21:06:14 GMT+0800 (Malay Peninsula Standard Time),,s15w151,label,"N"
Thu Sep 03 2015 21:06:29 GMT+0800 (Malay Peninsula Standard Time),,s15w169,focus,
Thu Sep 03 2015 21:06:29 GMT+0800 (Malay Peninsula Standard Time),,s15w169,focus,
Thu Sep 03 2015 21:06:32 GMT+0800 (Malay Peninsula Standard Time),,s15w169,label,"&"
Thu Sep 03 2015 21:06:40 GMT+0800 (Malay Peninsula Standard Time),,s15w170,focus,
Thu Sep 03 2015 21:06:40 GMT+0800 (Malay Peninsula Standard Time),,s15w170,focus,
Thu Sep 03 2015 21:06:41 GMT+0800 (Malay Peninsula Standard Time),,s15w170,label,"R"
Thu Sep 03 2015 21:06:50 GMT+0800 (Malay Peninsula Standard Time),,s15w178,focus,
Thu Sep 03 2015 21:06:50 GMT+0800 (Malay Peninsula Standard Time),,s15w178,focus,
Thu Sep 03 2015 21:07:16 GMT+0800 (Malay Peninsula Standard Time),,s16w5,focus,
Thu Sep 03 2015 21:07:16 GMT+0800 (Malay Peninsula Standard Time),,s16w5,focus,
Thu Sep 03 2015 21:07:18 GMT+0800 (Malay Peninsula Standard Time),,s16w5,label,"^"
Thu Sep 03 2015 21:08:02 GMT+0800 (Malay Peninsula Standard Time),,s17w19,focus,
Thu Sep 03 2015 21:08:02 GMT+0800 (Malay Peninsula Standard Time),,s17w19,focus,
Thu Sep 03 2015 21:08:03 GMT+0800 (Malay Peninsula Standard Time),,s17w19,label,","
Thu Sep 03 2015 21:08:38 GMT+0800 (Malay Peninsula Standard Time),,s18w4,focus,
Thu Sep 03 2015 21:08:38 GMT+0800 (Malay Peninsula Standard Time),,s18w4,focus,
Thu Sep 03 2015 21:08:39 GMT+0800 (Malay Peninsula Standard Time),,s18w4,label,"A"
Thu Sep 03 2015 21:08:45 GMT+0800 (Malay Peninsula Standard Time),,s18w12,focus,
Thu Sep 03 2015 21:08:45 GMT+0800 (Malay Peninsula Standard Time),,s18w12,focus,
Thu Sep 03 2015 21:08:56 GMT+0800 (Malay Peninsula Standard Time),,s18w27,focus,
Thu Sep 03 2015 21:08:56 GMT+0800 (Malay Peninsula Standard Time),,s18w27,focus,
Thu Sep 03 2015 21:08:57 GMT+0800 (Malay Peninsula Standard Time),,s18w27,label,"^"
Thu Sep 03 2015 21:09:01 GMT+0800 (Malay Peninsula Standard Time),,s18w28,focus,
Thu Sep 03 2015 21:09:01 GMT+0800 (Malay Peninsula Standard Time),,s18w28,focus,
Thu Sep 03 2015 21:09:02 GMT+0800 (Malay Peninsula Standard Time),,s18w28,label,"P"
Thu Sep 03 2015 21:09:07 GMT+0800 (Malay Peninsula Standard Time),,s18w35,focus,
Thu Sep 03 2015 21:09:07 GMT+0800 (Malay Peninsula Standard Time),,s18w35,focus,
Thu Sep 03 2015 21:09:10 GMT+0800 (Malay Peninsula Standard Time),,s18w35,label,"A"
Thu Sep 03 2015 21:09:26 GMT+0800 (Malay Peninsula Standard Time),,s18w53,focus,
Thu Sep 03 2015 21:09:26 GMT+0800 (Malay Peninsula Standard Time),,s18w53,focus,
Thu Sep 03 2015 21:09:27 GMT+0800 (Malay Peninsula Standard Time),,s18w54,focus,
Thu Sep 03 2015 21:09:27 GMT+0800 (Malay Peninsula Standard Time),,s18w54,focus,
Thu Sep 03 2015 21:09:27 GMT+0800 (Malay Peninsula Standard Time),,s18w55,focus,
Thu Sep 03 2015 21:09:27 GMT+0800 (Malay Peninsula Standard Time),,s18w55,focus,
Thu Sep 03 2015 21:09:28 GMT+0800 (Malay Peninsula Standard Time),,s18w56,focus,
Thu Sep 03 2015 21:09:28 GMT+0800 (Malay Peninsula Standard Time),,s18w56,focus,
Thu Sep 03 2015 21:09:36 GMT+0800 (Malay Peninsula Standard Time),,s18w70,focus,
Thu Sep 03 2015 21:09:36 GMT+0800 (Malay Peninsula Standard Time),,s18w70,focus,
Thu Sep 03 2015 21:09:45 GMT+0800 (Malay Peninsula Standard Time),,s18w82,focus,
Thu Sep 03 2015 21:09:45 GMT+0800 (Malay Peninsula Standard Time),,s18w82,focus,
Thu Sep 03 2015 21:09:46 GMT+0800 (Malay Peninsula Standard Time),,s18w82,label,"D"
Thu Sep 03 2015 21:09:46 GMT+0800 (Malay Peninsula Standard Time),,s18w83,focus,
Thu Sep 03 2015 21:09:46 GMT+0800 (Malay Peninsula Standard Time),,s18w83,focus,
Thu Sep 03 2015 21:09:47 GMT+0800 (Malay Peninsula Standard Time),,s18w83,label,"N"
Thu Sep 03 2015 21:10:00 GMT+0800 (Malay Peninsula Standard Time),,s18w83,focus,
Thu Sep 03 2015 21:10:00 GMT+0800 (Malay Peninsula Standard Time),,s18w86,focus,
Thu Sep 03 2015 21:10:00 GMT+0800 (Malay Peninsula Standard Time),,s18w86,focus,
Thu Sep 03 2015 21:10:01 GMT+0800 (Malay Peninsula Standard Time),,s18w86,label,"S"
Thu Sep 03 2015 21:10:02 GMT+0800 (Malay Peninsula Standard Time),,s18w86,focus,
Thu Sep 03 2015 21:10:03 GMT+0800 (Malay Peninsula Standard Time),,s18w86,label,"A"
Thu Sep 03 2015 21:10:10 GMT+0800 (Malay Peninsula Standard Time),,s18w92,focus,
Thu Sep 03 2015 21:10:10 GMT+0800 (Malay Peninsula Standard Time),,s18w92,focus,
Thu Sep 03 2015 21:10:10 GMT+0800 (Malay Peninsula Standard Time),,s18w92,label,"A"
Thu Sep 03 2015 21:10:34 GMT+0800 (Malay Peninsula Standard Time),,,submitPage,
