Thu Sep 03 2015 19:18:42 GMT+0800 (Malay Peninsula Standard Time),,,pageReady,0:100:100
Thu Sep 03 2015 19:18:42 GMT+0800 (Malay Peninsula Standard Time),,s0,twitterId,1216213
Thu Sep 03 2015 19:18:42 GMT+0800 (Malay Peninsula Standard Time),,s1,twitterId,1216213
Thu Sep 03 2015 19:18:42 GMT+0800 (Malay Peninsula Standard Time),,s2,twitterId,1216213
Thu Sep 03 2015 19:18:42 GMT+0800 (Malay Peninsula Standard Time),,s3,twitterId,1216213
Thu Sep 03 2015 19:20:13 GMT+0800 (Malay Peninsula Standard Time),,s1w14,focus,
Thu Sep 03 2015 19:20:14 GMT+0800 (Malay Peninsula Standard Time),,s1w14,focus,
Thu Sep 03 2015 19:20:14 GMT+0800 (Malay Peninsula Standard Time),,s1w3,focus,
Thu Sep 03 2015 19:20:14 GMT+0800 (Malay Peninsula Standard Time),,s1w3,focus,
Thu Sep 03 2015 19:20:15 GMT+0800 (Malay Peninsula Standard Time),,s1w3,label,"^"
Thu Sep 03 2015 19:21:02 GMT+0800 (Malay Peninsula Standard Time),,s1w19,focus,
Thu Sep 03 2015 19:21:02 GMT+0800 (Malay Peninsula Standard Time),,s1w19,focus,
Thu Sep 03 2015 19:21:03 GMT+0800 (Malay Peninsula Standard Time),,s1w19,label,"^"
Thu Sep 03 2015 19:22:06 GMT+0800 (Malay Peninsula Standard Time),,s2w16,focus,
Thu Sep 03 2015 19:22:06 GMT+0800 (Malay Peninsula Standard Time),,s2w16,focus,
Thu Sep 03 2015 19:22:07 GMT+0800 (Malay Peninsula Standard Time),,s2w16,label,"R"
Thu Sep 03 2015 19:22:08 GMT+0800 (Malay Peninsula Standard Time),,s2w19,focus,
Thu Sep 03 2015 19:22:08 GMT+0800 (Malay Peninsula Standard Time),,s2w19,focus,
Thu Sep 03 2015 19:22:08 GMT+0800 (Malay Peninsula Standard Time),,s2w19,label,"R"
Thu Sep 03 2015 19:22:12 GMT+0800 (Malay Peninsula Standard Time),,s2w22,focus,
Thu Sep 03 2015 19:22:12 GMT+0800 (Malay Peninsula Standard Time),,s2w22,focus,
Thu Sep 03 2015 19:22:12 GMT+0800 (Malay Peninsula Standard Time),,s2w22,label,"R"
Thu Sep 03 2015 19:22:29 GMT+0800 (Malay Peninsula Standard Time),,s2w45,focus,
Thu Sep 03 2015 19:22:29 GMT+0800 (Malay Peninsula Standard Time),,s2w45,focus,
Thu Sep 03 2015 19:22:31 GMT+0800 (Malay Peninsula Standard Time),,s2w45,label,"N"
Thu Sep 03 2015 19:22:43 GMT+0800 (Malay Peninsula Standard Time),,s2w71,focus,
Thu Sep 03 2015 19:22:43 GMT+0800 (Malay Peninsula Standard Time),,s2w71,focus,
Thu Sep 03 2015 19:22:44 GMT+0800 (Malay Peninsula Standard Time),,s2w59,focus,
Thu Sep 03 2015 19:22:44 GMT+0800 (Malay Peninsula Standard Time),,s2w59,focus,
Thu Sep 03 2015 19:22:45 GMT+0800 (Malay Peninsula Standard Time),,s2w59,label,"A"
Thu Sep 03 2015 19:23:08 GMT+0800 (Malay Peninsula Standard Time),,s2w103,focus,
Thu Sep 03 2015 19:23:08 GMT+0800 (Malay Peninsula Standard Time),,s2w103,focus,
Thu Sep 03 2015 19:23:10 GMT+0800 (Malay Peninsula Standard Time),,s2w103,label,"G"
Thu Sep 03 2015 19:25:34 GMT+0800 (Malay Peninsula Standard Time),,s2w108,focus,
Thu Sep 03 2015 19:25:34 GMT+0800 (Malay Peninsula Standard Time),,s2w108,focus,
Thu Sep 03 2015 19:25:35 GMT+0800 (Malay Peninsula Standard Time),,s2w108,label,"N"
Thu Sep 03 2015 19:25:40 GMT+0800 (Malay Peninsula Standard Time),,s2w108,label,"A"
Thu Sep 03 2015 19:25:51 GMT+0800 (Malay Peninsula Standard Time),,s3w21,focus,
Thu Sep 03 2015 19:25:51 GMT+0800 (Malay Peninsula Standard Time),,s3w21,focus,
Thu Sep 03 2015 19:25:51 GMT+0800 (Malay Peninsula Standard Time),,s3w21,label,"A"
Thu Sep 03 2015 19:25:56 GMT+0800 (Malay Peninsula Standard Time),,s3w10,focus,
Thu Sep 03 2015 19:25:56 GMT+0800 (Malay Peninsula Standard Time),,s3w10,focus,
Thu Sep 03 2015 19:25:56 GMT+0800 (Malay Peninsula Standard Time),,s3w10,label,"N"
Thu Sep 03 2015 19:26:02 GMT+0800 (Malay Peninsula Standard Time),,s3w16,focus,
Thu Sep 03 2015 19:26:02 GMT+0800 (Malay Peninsula Standard Time),,s3w16,focus,
Thu Sep 03 2015 19:26:03 GMT+0800 (Malay Peninsula Standard Time),,s3w16,label,","
Thu Sep 03 2015 19:26:07 GMT+0800 (Malay Peninsula Standard Time),,s3w25,focus,
Thu Sep 03 2015 19:26:07 GMT+0800 (Malay Peninsula Standard Time),,s3w25,focus,
Thu Sep 03 2015 19:26:09 GMT+0800 (Malay Peninsula Standard Time),,s3w25,label,"^"
Thu Sep 03 2015 19:26:17 GMT+0800 (Malay Peninsula Standard Time),,s3w42,focus,
Thu Sep 03 2015 19:26:17 GMT+0800 (Malay Peninsula Standard Time),,s3w42,focus,
Thu Sep 03 2015 19:26:18 GMT+0800 (Malay Peninsula Standard Time),,s3w42,label,"^"
Thu Sep 03 2015 19:26:20 GMT+0800 (Malay Peninsula Standard Time),,s3w43,focus,
Thu Sep 03 2015 19:26:20 GMT+0800 (Malay Peninsula Standard Time),,s3w43,focus,
Thu Sep 03 2015 19:26:20 GMT+0800 (Malay Peninsula Standard Time),,s3w43,label,","
Thu Sep 03 2015 19:26:21 GMT+0800 (Malay Peninsula Standard Time),,s3w44,focus,
Thu Sep 03 2015 19:26:23 GMT+0800 (Malay Peninsula Standard Time),,s3w44,label,"A"
Thu Sep 03 2015 19:26:23 GMT+0800 (Malay Peninsula Standard Time),,s3w45,focus,
Thu Sep 03 2015 19:26:24 GMT+0800 (Malay Peninsula Standard Time),,s3w45,label,","
Thu Sep 03 2015 19:26:24 GMT+0800 (Malay Peninsula Standard Time),,s3w46,focus,
Thu Sep 03 2015 19:26:25 GMT+0800 (Malay Peninsula Standard Time),,s3w46,label,","
Thu Sep 03 2015 19:26:26 GMT+0800 (Malay Peninsula Standard Time),,s3w47,focus,
Thu Sep 03 2015 19:26:26 GMT+0800 (Malay Peninsula Standard Time),,s3w48,focus,
Thu Sep 03 2015 19:26:36 GMT+0800 (Malay Peninsula Standard Time),,s3w48,label,"A"
Thu Sep 03 2015 19:26:37 GMT+0800 (Malay Peninsula Standard Time),,s3w49,focus,
Thu Sep 03 2015 19:26:38 GMT+0800 (Malay Peninsula Standard Time),,s3w50,focus,
Thu Sep 03 2015 19:26:38 GMT+0800 (Malay Peninsula Standard Time),,s3w51,focus,
Thu Sep 03 2015 19:26:38 GMT+0800 (Malay Peninsula Standard Time),,s3w52,focus,
Thu Sep 03 2015 19:26:39 GMT+0800 (Malay Peninsula Standard Time),,s3w53,focus,
Thu Sep 03 2015 19:26:39 GMT+0800 (Malay Peninsula Standard Time),,s3w54,focus,
Thu Sep 03 2015 19:26:41 GMT+0800 (Malay Peninsula Standard Time),,s3w55,focus,
Thu Sep 03 2015 19:26:41 GMT+0800 (Malay Peninsula Standard Time),,s3w56,focus,
Thu Sep 03 2015 19:26:42 GMT+0800 (Malay Peninsula Standard Time),,s3w57,focus,
Thu Sep 03 2015 19:26:42 GMT+0800 (Malay Peninsula Standard Time),,s3w58,focus,
Thu Sep 03 2015 19:26:42 GMT+0800 (Malay Peninsula Standard Time),,s3w59,focus,
Thu Sep 03 2015 19:26:43 GMT+0800 (Malay Peninsula Standard Time),,s3w60,focus,
Thu Sep 03 2015 19:26:43 GMT+0800 (Malay Peninsula Standard Time),,s3w61,focus,
Thu Sep 03 2015 19:26:44 GMT+0800 (Malay Peninsula Standard Time),,s3w62,focus,
Thu Sep 03 2015 19:26:44 GMT+0800 (Malay Peninsula Standard Time),,s3w63,focus,
Thu Sep 03 2015 19:26:45 GMT+0800 (Malay Peninsula Standard Time),,s3w64,focus,
Thu Sep 03 2015 19:26:45 GMT+0800 (Malay Peninsula Standard Time),,s3w65,focus,
Thu Sep 03 2015 19:26:45 GMT+0800 (Malay Peninsula Standard Time),,s3w66,focus,
Thu Sep 03 2015 19:26:48 GMT+0800 (Malay Peninsula Standard Time),,,submitPage,
