Thu Sep 03 2015 09:46:12 GMT+0800 (Malay Peninsula Standard Time),,,pageReady,0:100:100
Thu Sep 03 2015 09:46:12 GMT+0800 (Malay Peninsula Standard Time),,s0,twitterId,1178713
Thu Sep 03 2015 09:46:12 GMT+0800 (Malay Peninsula Standard Time),,s1,twitterId,1178713
Thu Sep 03 2015 09:46:12 GMT+0800 (Malay Peninsula Standard Time),,s2,twitterId,1178713
Thu Sep 03 2015 09:46:12 GMT+0800 (Malay Peninsula Standard Time),,s3,twitterId,1178713
Thu Sep 03 2015 09:46:12 GMT+0800 (Malay Peninsula Standard Time),,s4,twitterId,1178713
Thu Sep 03 2015 09:46:12 GMT+0800 (Malay Peninsula Standard Time),,s5,twitterId,1178713
Thu Sep 03 2015 09:47:55 GMT+0800 (Malay Peninsula Standard Time),,s0w1,focus,
Thu Sep 03 2015 09:47:55 GMT+0800 (Malay Peninsula Standard Time),,s0w1,focus,
Thu Sep 03 2015 09:47:56 GMT+0800 (Malay Peninsula Standard Time),,s0w1,label,"^"
Thu Sep 03 2015 09:47:59 GMT+0800 (Malay Peninsula Standard Time),,s0w2,focus,
Thu Sep 03 2015 09:47:59 GMT+0800 (Malay Peninsula Standard Time),,s0w2,focus,
Thu Sep 03 2015 09:48:28 GMT+0800 (Malay Peninsula Standard Time),,s0w2,focus,
Thu Sep 03 2015 09:48:28 GMT+0800 (Malay Peninsula Standard Time),,s0w4,focus,
Thu Sep 03 2015 09:48:28 GMT+0800 (Malay Peninsula Standard Time),,s0w4,focus,
Thu Sep 03 2015 09:48:33 GMT+0800 (Malay Peninsula Standard Time),,s0w4,label,"^"
Thu Sep 03 2015 09:48:37 GMT+0800 (Malay Peninsula Standard Time),,s1w4,focus,
Thu Sep 03 2015 09:48:37 GMT+0800 (Malay Peninsula Standard Time),,s1w4,focus,
Thu Sep 03 2015 09:48:38 GMT+0800 (Malay Peninsula Standard Time),,s1w4,label,"^"
Thu Sep 03 2015 09:48:44 GMT+0800 (Malay Peninsula Standard Time),,s1w7,focus,
Thu Sep 03 2015 09:48:45 GMT+0800 (Malay Peninsula Standard Time),,s1w7,focus,
Thu Sep 03 2015 09:48:46 GMT+0800 (Malay Peninsula Standard Time),,s1w7,label,"^"
Thu Sep 03 2015 09:48:49 GMT+0800 (Malay Peninsula Standard Time),,s1w10,focus,
Thu Sep 03 2015 09:48:49 GMT+0800 (Malay Peninsula Standard Time),,s1w10,focus,
Thu Sep 03 2015 09:48:51 GMT+0800 (Malay Peninsula Standard Time),,s1w10,label,"^"
Thu Sep 03 2015 09:49:36 GMT+0800 (Malay Peninsula Standard Time),,s1w10,focus,
Thu Sep 03 2015 09:51:19 GMT+0800 (Malay Peninsula Standard Time),,s1w21,focus,
Thu Sep 03 2015 09:51:19 GMT+0800 (Malay Peninsula Standard Time),,s1w21,focus,
Thu Sep 03 2015 09:51:20 GMT+0800 (Malay Peninsula Standard Time),,s1w21,label,"^"
Thu Sep 03 2015 09:51:30 GMT+0800 (Malay Peninsula Standard Time),,s1w26,focus,
Thu Sep 03 2015 09:51:30 GMT+0800 (Malay Peninsula Standard Time),,s1w26,focus,
Thu Sep 03 2015 09:51:32 GMT+0800 (Malay Peninsula Standard Time),,s1w26,label,"V"
Thu Sep 03 2015 09:51:35 GMT+0800 (Malay Peninsula Standard Time),,s1w26,label,"N"
Thu Sep 03 2015 09:51:36 GMT+0800 (Malay Peninsula Standard Time),,s1w27,focus,
Thu Sep 03 2015 09:51:37 GMT+0800 (Malay Peninsula Standard Time),,s1w28,focus,
Thu Sep 03 2015 09:51:44 GMT+0800 (Malay Peninsula Standard Time),,s1w28,label,"N"
Thu Sep 03 2015 09:51:45 GMT+0800 (Malay Peninsula Standard Time),,s1w29,focus,
Thu Sep 03 2015 09:51:46 GMT+0800 (Malay Peninsula Standard Time),,s1w30,focus,
Thu Sep 03 2015 09:51:58 GMT+0800 (Malay Peninsula Standard Time),,s1w30,label,"O"
Thu Sep 03 2015 09:51:59 GMT+0800 (Malay Peninsula Standard Time),,s2w1,focus,
Thu Sep 03 2015 09:52:02 GMT+0800 (Malay Peninsula Standard Time),,s2w2,focus,
Thu Sep 03 2015 09:52:03 GMT+0800 (Malay Peninsula Standard Time),,s2w3,focus,
Thu Sep 03 2015 09:52:05 GMT+0800 (Malay Peninsula Standard Time),,s2w3,label,"V"
Thu Sep 03 2015 09:52:05 GMT+0800 (Malay Peninsula Standard Time),,s2w4,focus,
Thu Sep 03 2015 09:52:06 GMT+0800 (Malay Peninsula Standard Time),,s2w5,focus,
Thu Sep 03 2015 09:52:06 GMT+0800 (Malay Peninsula Standard Time),,s2w6,focus,
Thu Sep 03 2015 09:52:07 GMT+0800 (Malay Peninsula Standard Time),,s2w7,focus,
Thu Sep 03 2015 09:52:07 GMT+0800 (Malay Peninsula Standard Time),,s2w8,focus,
Thu Sep 03 2015 09:52:07 GMT+0800 (Malay Peninsula Standard Time),,s2w9,focus,
Thu Sep 03 2015 09:52:08 GMT+0800 (Malay Peninsula Standard Time),,s2w10,focus,
Thu Sep 03 2015 09:52:08 GMT+0800 (Malay Peninsula Standard Time),,s2w11,focus,
Thu Sep 03 2015 09:52:09 GMT+0800 (Malay Peninsula Standard Time),,s3w1,focus,
Thu Sep 03 2015 09:52:09 GMT+0800 (Malay Peninsula Standard Time),,s3w2,focus,
Thu Sep 03 2015 09:52:10 GMT+0800 (Malay Peninsula Standard Time),,s3w3,focus,
Thu Sep 03 2015 09:52:11 GMT+0800 (Malay Peninsula Standard Time),,s3w4,focus,
Thu Sep 03 2015 09:52:12 GMT+0800 (Malay Peninsula Standard Time),,s3w5,focus,
Thu Sep 03 2015 09:52:13 GMT+0800 (Malay Peninsula Standard Time),,s3w6,focus,
Thu Sep 03 2015 09:52:14 GMT+0800 (Malay Peninsula Standard Time),,s3w7,focus,
Thu Sep 03 2015 09:52:14 GMT+0800 (Malay Peninsula Standard Time),,s3w8,focus,
Thu Sep 03 2015 09:52:15 GMT+0800 (Malay Peninsula Standard Time),,s3w9,focus,
Thu Sep 03 2015 09:52:15 GMT+0800 (Malay Peninsula Standard Time),,s3w10,focus,
Thu Sep 03 2015 09:52:16 GMT+0800 (Malay Peninsula Standard Time),,s3w11,focus,
Thu Sep 03 2015 09:52:17 GMT+0800 (Malay Peninsula Standard Time),,s3w10,focus,
Thu Sep 03 2015 09:52:21 GMT+0800 (Malay Peninsula Standard Time),,s3w11,focus,
Thu Sep 03 2015 09:52:22 GMT+0800 (Malay Peninsula Standard Time),,s3w12,focus,
Thu Sep 03 2015 09:52:23 GMT+0800 (Malay Peninsula Standard Time),,s3w13,focus,
Thu Sep 03 2015 09:52:25 GMT+0800 (Malay Peninsula Standard Time),,s3w12,focus,
Thu Sep 03 2015 09:52:26 GMT+0800 (Malay Peninsula Standard Time),,s3w13,focus,
Thu Sep 03 2015 09:52:27 GMT+0800 (Malay Peninsula Standard Time),,s3w14,focus,
Thu Sep 03 2015 09:52:28 GMT+0800 (Malay Peninsula Standard Time),,s3w15,focus,
Thu Sep 03 2015 09:52:31 GMT+0800 (Malay Peninsula Standard Time),,s3w16,focus,
Thu Sep 03 2015 09:52:31 GMT+0800 (Malay Peninsula Standard Time),,s3w15,focus,
Thu Sep 03 2015 09:52:32 GMT+0800 (Malay Peninsula Standard Time),,s3w16,focus,
Thu Sep 03 2015 09:52:32 GMT+0800 (Malay Peninsula Standard Time),,s3w17,focus,
Thu Sep 03 2015 09:52:33 GMT+0800 (Malay Peninsula Standard Time),,s3w18,focus,
Thu Sep 03 2015 09:52:33 GMT+0800 (Malay Peninsula Standard Time),,s3w19,focus,
Thu Sep 03 2015 09:52:34 GMT+0800 (Malay Peninsula Standard Time),,s3w20,focus,
Thu Sep 03 2015 09:52:34 GMT+0800 (Malay Peninsula Standard Time),,s3w21,focus,
Thu Sep 03 2015 09:52:35 GMT+0800 (Malay Peninsula Standard Time),,s3w22,focus,
Thu Sep 03 2015 09:52:36 GMT+0800 (Malay Peninsula Standard Time),,s3w21,focus,
Thu Sep 03 2015 09:52:39 GMT+0800 (Malay Peninsula Standard Time),,s3w21,label,"N"
Thu Sep 03 2015 09:52:40 GMT+0800 (Malay Peninsula Standard Time),,s3w22,focus,
Thu Sep 03 2015 09:52:40 GMT+0800 (Malay Peninsula Standard Time),,s3w22,label,"N"
Thu Sep 03 2015 09:52:41 GMT+0800 (Malay Peninsula Standard Time),,s3w23,focus,
Thu Sep 03 2015 09:52:42 GMT+0800 (Malay Peninsula Standard Time),,s3w24,focus,
Thu Sep 03 2015 09:52:43 GMT+0800 (Malay Peninsula Standard Time),,s3w25,focus,
Thu Sep 03 2015 09:52:43 GMT+0800 (Malay Peninsula Standard Time),,s3w26,focus,
Thu Sep 03 2015 09:52:44 GMT+0800 (Malay Peninsula Standard Time),,s3w27,focus,
Thu Sep 03 2015 09:52:44 GMT+0800 (Malay Peninsula Standard Time),,s3w28,focus,
Thu Sep 03 2015 09:52:45 GMT+0800 (Malay Peninsula Standard Time),,s3w29,focus,
Thu Sep 03 2015 09:52:45 GMT+0800 (Malay Peninsula Standard Time),,s3w28,focus,
Thu Sep 03 2015 09:52:47 GMT+0800 (Malay Peninsula Standard Time),,s3w28,label,"^"
Thu Sep 03 2015 09:52:47 GMT+0800 (Malay Peninsula Standard Time),,s3w29,focus,
Thu Sep 03 2015 09:52:48 GMT+0800 (Malay Peninsula Standard Time),,s3w30,focus,
Thu Sep 03 2015 09:52:48 GMT+0800 (Malay Peninsula Standard Time),,s3w31,focus,
Thu Sep 03 2015 09:52:49 GMT+0800 (Malay Peninsula Standard Time),,s3w32,focus,
Thu Sep 03 2015 09:52:49 GMT+0800 (Malay Peninsula Standard Time),,s3w33,focus,
Thu Sep 03 2015 09:52:50 GMT+0800 (Malay Peninsula Standard Time),,s3w34,focus,
Thu Sep 03 2015 09:52:50 GMT+0800 (Malay Peninsula Standard Time),,s3w35,focus,
Thu Sep 03 2015 09:52:51 GMT+0800 (Malay Peninsula Standard Time),,s3w36,focus,
Thu Sep 03 2015 09:52:52 GMT+0800 (Malay Peninsula Standard Time),,s3w37,focus,
Thu Sep 03 2015 09:52:55 GMT+0800 (Malay Peninsula Standard Time),,s3w36,focus,
Thu Sep 03 2015 09:52:57 GMT+0800 (Malay Peninsula Standard Time),,s3w35,focus,
Thu Sep 03 2015 09:52:58 GMT+0800 (Malay Peninsula Standard Time),,s3w34,focus,
Thu Sep 03 2015 09:53:02 GMT+0800 (Malay Peninsula Standard Time),,s3w34,label,"N"
Thu Sep 03 2015 09:53:03 GMT+0800 (Malay Peninsula Standard Time),,s3w35,focus,
Thu Sep 03 2015 09:53:03 GMT+0800 (Malay Peninsula Standard Time),,s3w36,focus,
Thu Sep 03 2015 09:53:03 GMT+0800 (Malay Peninsula Standard Time),,s3w37,focus,
Thu Sep 03 2015 09:53:04 GMT+0800 (Malay Peninsula Standard Time),,s3w38,focus,
Thu Sep 03 2015 09:53:04 GMT+0800 (Malay Peninsula Standard Time),,s3w39,focus,
Thu Sep 03 2015 09:53:04 GMT+0800 (Malay Peninsula Standard Time),,s3w40,focus,
Thu Sep 03 2015 09:53:05 GMT+0800 (Malay Peninsula Standard Time),,s4w1,focus,
Thu Sep 03 2015 09:53:05 GMT+0800 (Malay Peninsula Standard Time),,s3w40,focus,
Thu Sep 03 2015 09:53:06 GMT+0800 (Malay Peninsula Standard Time),,s3w39,focus,
Thu Sep 03 2015 09:53:06 GMT+0800 (Malay Peninsula Standard Time),,s3w38,focus,
Thu Sep 03 2015 09:53:06 GMT+0800 (Malay Peninsula Standard Time),,s3w39,focus,
Thu Sep 03 2015 09:53:08 GMT+0800 (Malay Peninsula Standard Time),,s3w39,label,"P"
Thu Sep 03 2015 09:53:09 GMT+0800 (Malay Peninsula Standard Time),,s3w40,focus,
Thu Sep 03 2015 09:53:09 GMT+0800 (Malay Peninsula Standard Time),,s4w1,focus,
Thu Sep 03 2015 09:53:12 GMT+0800 (Malay Peninsula Standard Time),,s4w2,focus,
Thu Sep 03 2015 09:53:13 GMT+0800 (Malay Peninsula Standard Time),,s4w3,focus,
Thu Sep 03 2015 09:53:13 GMT+0800 (Malay Peninsula Standard Time),,s4w4,focus,
Thu Sep 03 2015 09:53:14 GMT+0800 (Malay Peninsula Standard Time),,s4w5,focus,
Thu Sep 03 2015 09:53:14 GMT+0800 (Malay Peninsula Standard Time),,s4w6,focus,
Thu Sep 03 2015 09:53:14 GMT+0800 (Malay Peninsula Standard Time),,s4w7,focus,
Thu Sep 03 2015 09:53:14 GMT+0800 (Malay Peninsula Standard Time),,s4w8,focus,
Thu Sep 03 2015 09:53:15 GMT+0800 (Malay Peninsula Standard Time),,s4w9,focus,
Thu Sep 03 2015 09:53:16 GMT+0800 (Malay Peninsula Standard Time),,s4w10,focus,
Thu Sep 03 2015 09:53:16 GMT+0800 (Malay Peninsula Standard Time),,s4w11,focus,
Thu Sep 03 2015 09:53:24 GMT+0800 (Malay Peninsula Standard Time),,s4w12,focus,
Thu Sep 03 2015 09:53:29 GMT+0800 (Malay Peninsula Standard Time),,s4w12,label,"N"
Thu Sep 03 2015 09:54:26 GMT+0800 (Malay Peninsula Standard Time),,s4w12,focus,
Thu Sep 03 2015 09:54:36 GMT+0800 (Malay Peninsula Standard Time),,s4w13,focus,
Thu Sep 03 2015 09:54:36 GMT+0800 (Malay Peninsula Standard Time),,s4w13,focus,
Thu Sep 03 2015 09:54:38 GMT+0800 (Malay Peninsula Standard Time),,s4w14,focus,
Thu Sep 03 2015 09:54:38 GMT+0800 (Malay Peninsula Standard Time),,s4w15,focus,
Thu Sep 03 2015 09:54:39 GMT+0800 (Malay Peninsula Standard Time),,s4w16,focus,
Thu Sep 03 2015 09:54:39 GMT+0800 (Malay Peninsula Standard Time),,s4w17,focus,
Thu Sep 03 2015 09:54:41 GMT+0800 (Malay Peninsula Standard Time),,s4w17,label,"^"
Thu Sep 03 2015 09:54:41 GMT+0800 (Malay Peninsula Standard Time),,s4w18,focus,
Thu Sep 03 2015 09:54:43 GMT+0800 (Malay Peninsula Standard Time),,s4w19,focus,
Thu Sep 03 2015 09:54:43 GMT+0800 (Malay Peninsula Standard Time),,s4w20,focus,
Thu Sep 03 2015 09:54:43 GMT+0800 (Malay Peninsula Standard Time),,s4w21,focus,
Thu Sep 03 2015 09:54:44 GMT+0800 (Malay Peninsula Standard Time),,s4w22,focus,
Thu Sep 03 2015 09:54:44 GMT+0800 (Malay Peninsula Standard Time),,s4w23,focus,
Thu Sep 03 2015 09:54:44 GMT+0800 (Malay Peninsula Standard Time),,s4w24,focus,
Thu Sep 03 2015 09:54:45 GMT+0800 (Malay Peninsula Standard Time),,s4w25,focus,
Thu Sep 03 2015 09:54:45 GMT+0800 (Malay Peninsula Standard Time),,s4w26,focus,
Thu Sep 03 2015 09:54:46 GMT+0800 (Malay Peninsula Standard Time),,s4w25,focus,
Thu Sep 03 2015 09:54:48 GMT+0800 (Malay Peninsula Standard Time),,s4w25,label,"^"
Thu Sep 03 2015 09:54:49 GMT+0800 (Malay Peninsula Standard Time),,s4w25,label,"N"
Thu Sep 03 2015 09:54:49 GMT+0800 (Malay Peninsula Standard Time),,s4w26,focus,
Thu Sep 03 2015 09:54:50 GMT+0800 (Malay Peninsula Standard Time),,s4w27,focus,
Thu Sep 03 2015 09:54:50 GMT+0800 (Malay Peninsula Standard Time),,s4w28,focus,
Thu Sep 03 2015 09:54:50 GMT+0800 (Malay Peninsula Standard Time),,s4w29,focus,
Thu Sep 03 2015 09:54:51 GMT+0800 (Malay Peninsula Standard Time),,s4w30,focus,
Thu Sep 03 2015 09:54:51 GMT+0800 (Malay Peninsula Standard Time),,s4w31,focus,
Thu Sep 03 2015 09:54:51 GMT+0800 (Malay Peninsula Standard Time),,s4w32,focus,
Thu Sep 03 2015 09:54:52 GMT+0800 (Malay Peninsula Standard Time),,s4w33,focus,
Thu Sep 03 2015 09:54:53 GMT+0800 (Malay Peninsula Standard Time),,s4w34,focus,
Thu Sep 03 2015 09:54:54 GMT+0800 (Malay Peninsula Standard Time),,s4w33,focus,
Thu Sep 03 2015 09:54:57 GMT+0800 (Malay Peninsula Standard Time),,s4w33,label,"G"
Thu Sep 03 2015 09:54:58 GMT+0800 (Malay Peninsula Standard Time),,s4w34,focus,
Thu Sep 03 2015 09:54:59 GMT+0800 (Malay Peninsula Standard Time),,s4w35,focus,
Thu Sep 03 2015 09:55:00 GMT+0800 (Malay Peninsula Standard Time),,s4w36,focus,
Thu Sep 03 2015 09:55:00 GMT+0800 (Malay Peninsula Standard Time),,s4w37,focus,
Thu Sep 03 2015 09:55:01 GMT+0800 (Malay Peninsula Standard Time),,s4w38,focus,
Thu Sep 03 2015 09:55:02 GMT+0800 (Malay Peninsula Standard Time),,s4w38,label,"^"
Thu Sep 03 2015 09:55:02 GMT+0800 (Malay Peninsula Standard Time),,s4w39,focus,
Thu Sep 03 2015 09:55:04 GMT+0800 (Malay Peninsula Standard Time),,s4w40,focus,
Thu Sep 03 2015 09:55:04 GMT+0800 (Malay Peninsula Standard Time),,s4w41,focus,
Thu Sep 03 2015 09:55:04 GMT+0800 (Malay Peninsula Standard Time),,s4w42,focus,
Thu Sep 03 2015 09:55:05 GMT+0800 (Malay Peninsula Standard Time),,s4w41,focus,
Thu Sep 03 2015 09:55:06 GMT+0800 (Malay Peninsula Standard Time),,s4w40,focus,
Thu Sep 03 2015 09:55:06 GMT+0800 (Malay Peninsula Standard Time),,s4w39,focus,
Thu Sep 03 2015 09:55:07 GMT+0800 (Malay Peninsula Standard Time),,s4w40,focus,
Thu Sep 03 2015 09:55:24 GMT+0800 (Malay Peninsula Standard Time),,s4w40,label,"A"
Thu Sep 03 2015 09:55:25 GMT+0800 (Malay Peninsula Standard Time),,s4w41,focus,
Thu Sep 03 2015 09:55:27 GMT+0800 (Malay Peninsula Standard Time),,s4w42,focus,
Thu Sep 03 2015 09:55:27 GMT+0800 (Malay Peninsula Standard Time),,s4w43,focus,
Thu Sep 03 2015 09:55:28 GMT+0800 (Malay Peninsula Standard Time),,s4w44,focus,
Thu Sep 03 2015 09:55:28 GMT+0800 (Malay Peninsula Standard Time),,s4w45,focus,
Thu Sep 03 2015 09:55:29 GMT+0800 (Malay Peninsula Standard Time),,s4w46,focus,
Thu Sep 03 2015 09:55:29 GMT+0800 (Malay Peninsula Standard Time),,s5w1,focus,
Thu Sep 03 2015 09:55:31 GMT+0800 (Malay Peninsula Standard Time),,s5w2,focus,
Thu Sep 03 2015 09:55:31 GMT+0800 (Malay Peninsula Standard Time),,s5w3,focus,
Thu Sep 03 2015 09:55:32 GMT+0800 (Malay Peninsula Standard Time),,s5w4,focus,
Thu Sep 03 2015 09:55:32 GMT+0800 (Malay Peninsula Standard Time),,s5w5,focus,
Thu Sep 03 2015 09:55:33 GMT+0800 (Malay Peninsula Standard Time),,s5w6,focus,
Thu Sep 03 2015 09:55:33 GMT+0800 (Malay Peninsula Standard Time),,s5w7,focus,
Thu Sep 03 2015 09:55:34 GMT+0800 (Malay Peninsula Standard Time),,s5w8,focus,
Thu Sep 03 2015 09:55:35 GMT+0800 (Malay Peninsula Standard Time),,s5w9,focus,
Thu Sep 03 2015 09:55:35 GMT+0800 (Malay Peninsula Standard Time),,s5w10,focus,
Thu Sep 03 2015 09:55:36 GMT+0800 (Malay Peninsula Standard Time),,s5w11,focus,
Thu Sep 03 2015 09:55:37 GMT+0800 (Malay Peninsula Standard Time),,s5w12,focus,
Thu Sep 03 2015 09:55:39 GMT+0800 (Malay Peninsula Standard Time),,s5w12,label,"N"
Thu Sep 03 2015 09:55:40 GMT+0800 (Malay Peninsula Standard Time),,s5w13,focus,
Thu Sep 03 2015 09:55:42 GMT+0800 (Malay Peninsula Standard Time),,s5w14,focus,
Thu Sep 03 2015 09:55:42 GMT+0800 (Malay Peninsula Standard Time),,s5w15,focus,
Thu Sep 03 2015 09:55:43 GMT+0800 (Malay Peninsula Standard Time),,s5w16,focus,
Thu Sep 03 2015 09:55:43 GMT+0800 (Malay Peninsula Standard Time),,s5w17,focus,
Thu Sep 03 2015 09:55:44 GMT+0800 (Malay Peninsula Standard Time),,s5w18,focus,
Thu Sep 03 2015 09:55:45 GMT+0800 (Malay Peninsula Standard Time),,s5w17,focus,
Thu Sep 03 2015 09:55:46 GMT+0800 (Malay Peninsula Standard Time),,s5w16,focus,
Thu Sep 03 2015 09:55:49 GMT+0800 (Malay Peninsula Standard Time),,s5w16,label,"N"
Thu Sep 03 2015 09:55:50 GMT+0800 (Malay Peninsula Standard Time),,s5w17,focus,
Thu Sep 03 2015 09:55:51 GMT+0800 (Malay Peninsula Standard Time),,s5w18,focus,
Thu Sep 03 2015 09:55:52 GMT+0800 (Malay Peninsula Standard Time),,s5w19,focus,
Thu Sep 03 2015 09:55:52 GMT+0800 (Malay Peninsula Standard Time),,s5w20,focus,
Thu Sep 03 2015 09:55:53 GMT+0800 (Malay Peninsula Standard Time),,s5w21,focus,
Thu Sep 03 2015 09:55:54 GMT+0800 (Malay Peninsula Standard Time),,s5w22,focus,
Thu Sep 03 2015 09:55:54 GMT+0800 (Malay Peninsula Standard Time),,s5w23,focus,
Thu Sep 03 2015 09:55:57 GMT+0800 (Malay Peninsula Standard Time),,s5w23,label,"D"
Thu Sep 03 2015 09:55:58 GMT+0800 (Malay Peninsula Standard Time),,s5w24,focus,
Thu Sep 03 2015 09:55:59 GMT+0800 (Malay Peninsula Standard Time),,s5w25,focus,
Thu Sep 03 2015 09:56:01 GMT+0800 (Malay Peninsula Standard Time),,s5w26,focus,
Thu Sep 03 2015 09:56:02 GMT+0800 (Malay Peninsula Standard Time),,s5w27,focus,
Thu Sep 03 2015 09:56:05 GMT+0800 (Malay Peninsula Standard Time),,s5w27,label,"V"
Thu Sep 03 2015 09:56:05 GMT+0800 (Malay Peninsula Standard Time),,s5w28,focus,
Thu Sep 03 2015 09:56:06 GMT+0800 (Malay Peninsula Standard Time),,s5w29,focus,
Thu Sep 03 2015 09:56:08 GMT+0800 (Malay Peninsula Standard Time),,s5w29,label,"N"
Thu Sep 03 2015 09:56:09 GMT+0800 (Malay Peninsula Standard Time),,s5w30,focus,
Thu Sep 03 2015 09:56:10 GMT+0800 (Malay Peninsula Standard Time),,s5w31,focus,
Thu Sep 03 2015 09:56:11 GMT+0800 (Malay Peninsula Standard Time),,s5w32,focus,
Thu Sep 03 2015 09:56:12 GMT+0800 (Malay Peninsula Standard Time),,s5w33,focus,
Thu Sep 03 2015 09:56:12 GMT+0800 (Malay Peninsula Standard Time),,s5w34,focus,
Thu Sep 03 2015 09:56:13 GMT+0800 (Malay Peninsula Standard Time),,s5w34,label,"N"
Thu Sep 03 2015 09:56:14 GMT+0800 (Malay Peninsula Standard Time),,s5w35,focus,
Thu Sep 03 2015 09:56:14 GMT+0800 (Malay Peninsula Standard Time),,s5w36,focus,
Thu Sep 03 2015 09:56:15 GMT+0800 (Malay Peninsula Standard Time),,s5w37,focus,
Thu Sep 03 2015 09:56:15 GMT+0800 (Malay Peninsula Standard Time),,s5w38,focus,
Thu Sep 03 2015 09:56:43 GMT+0800 (Malay Peninsula Standard Time),,s5w38,focus,
Thu Sep 03 2015 09:56:43 GMT+0800 (Malay Peninsula Standard Time),,s5w38,focus,
Thu Sep 03 2015 09:56:45 GMT+0800 (Malay Peninsula Standard Time),,s5w38,label,"A"
Thu Sep 03 2015 09:56:57 GMT+0800 (Malay Peninsula Standard Time),,s5w38,focus,
Thu Sep 03 2015 09:57:24 GMT+0800 (Malay Peninsula Standard Time),,s5w38,focus,
Thu Sep 03 2015 10:03:08 GMT+0800 (Malay Peninsula Standard Time),,s5w45,focus,
Thu Sep 03 2015 10:03:09 GMT+0800 (Malay Peninsula Standard Time),,s5w45,focus,
Thu Sep 03 2015 10:03:11 GMT+0800 (Malay Peninsula Standard Time),,s5w45,label,"R"
Thu Sep 03 2015 10:03:35 GMT+0800 (Malay Peninsula Standard Time),,s5w61,focus,
Thu Sep 03 2015 10:03:35 GMT+0800 (Malay Peninsula Standard Time),,s5w61,focus,
Thu Sep 03 2015 10:03:39 GMT+0800 (Malay Peninsula Standard Time),,s5w61,label,"G"
Thu Sep 03 2015 10:03:44 GMT+0800 (Malay Peninsula Standard Time),,s5w63,focus,
Thu Sep 03 2015 10:03:44 GMT+0800 (Malay Peninsula Standard Time),,s5w63,focus,
Thu Sep 03 2015 10:03:47 GMT+0800 (Malay Peninsula Standard Time),,s5w63,label,"N"
Thu Sep 03 2015 10:03:50 GMT+0800 (Malay Peninsula Standard Time),,s5w66,focus,
Thu Sep 03 2015 10:03:50 GMT+0800 (Malay Peninsula Standard Time),,s5w66,focus,
Thu Sep 03 2015 10:03:54 GMT+0800 (Malay Peninsula Standard Time),,s5w66,label,"^"
Thu Sep 03 2015 10:04:14 GMT+0800 (Malay Peninsula Standard Time),,s5w72,focus,
Thu Sep 03 2015 10:04:14 GMT+0800 (Malay Peninsula Standard Time),,s5w72,focus,
Thu Sep 03 2015 10:04:21 GMT+0800 (Malay Peninsula Standard Time),,s5w72,label,"^"
Thu Sep 03 2015 10:04:23 GMT+0800 (Malay Peninsula Standard Time),,s5w82,focus,
Thu Sep 03 2015 10:04:23 GMT+0800 (Malay Peninsula Standard Time),,s5w82,focus,
Thu Sep 03 2015 10:04:24 GMT+0800 (Malay Peninsula Standard Time),,s5w73,focus,
Thu Sep 03 2015 10:04:24 GMT+0800 (Malay Peninsula Standard Time),,s5w73,focus,
Thu Sep 03 2015 10:04:25 GMT+0800 (Malay Peninsula Standard Time),,s5w73,label,","
Thu Sep 03 2015 10:04:26 GMT+0800 (Malay Peninsula Standard Time),,s5w74,focus,
Thu Sep 03 2015 10:04:26 GMT+0800 (Malay Peninsula Standard Time),,s5w74,focus,
Thu Sep 03 2015 10:04:28 GMT+0800 (Malay Peninsula Standard Time),,s5w74,label,"G"
Thu Sep 03 2015 10:04:56 GMT+0800 (Malay Peninsula Standard Time),,s5w74,focus,
Thu Sep 03 2015 10:04:56 GMT+0800 (Malay Peninsula Standard Time),,s5w75,focus,
Thu Sep 03 2015 10:04:56 GMT+0800 (Malay Peninsula Standard Time),,s5w75,focus,
Thu Sep 03 2015 10:04:59 GMT+0800 (Malay Peninsula Standard Time),,s5w75,label,"N"
Thu Sep 03 2015 10:05:02 GMT+0800 (Malay Peninsula Standard Time),,s5w76,focus,
Thu Sep 03 2015 10:05:02 GMT+0800 (Malay Peninsula Standard Time),,s5w76,focus,
Thu Sep 03 2015 10:05:14 GMT+0800 (Malay Peninsula Standard Time),,s5w76,label,"="
Thu Sep 03 2015 10:05:18 GMT+0800 (Malay Peninsula Standard Time),,s5w77,focus,
Thu Sep 03 2015 10:05:19 GMT+0800 (Malay Peninsula Standard Time),,s5w77,focus,
Thu Sep 03 2015 10:05:21 GMT+0800 (Malay Peninsula Standard Time),,s5w77,label,","
Thu Sep 03 2015 10:05:23 GMT+0800 (Malay Peninsula Standard Time),,s5w78,focus,
Thu Sep 03 2015 10:05:23 GMT+0800 (Malay Peninsula Standard Time),,s5w78,focus,
Thu Sep 03 2015 10:05:28 GMT+0800 (Malay Peninsula Standard Time),,s5w78,label,"N"
Thu Sep 03 2015 10:05:30 GMT+0800 (Malay Peninsula Standard Time),,s5w79,focus,
Thu Sep 03 2015 10:05:30 GMT+0800 (Malay Peninsula Standard Time),,s5w79,focus,
Thu Sep 03 2015 10:05:31 GMT+0800 (Malay Peninsula Standard Time),,s5w79,label,","
Thu Sep 03 2015 10:05:33 GMT+0800 (Malay Peninsula Standard Time),,s5w81,focus,
Thu Sep 03 2015 10:05:33 GMT+0800 (Malay Peninsula Standard Time),,s5w81,focus,
Thu Sep 03 2015 10:05:36 GMT+0800 (Malay Peninsula Standard Time),,s5w81,label,"="
Thu Sep 03 2015 10:05:38 GMT+0800 (Malay Peninsula Standard Time),,s5w82,focus,
Thu Sep 03 2015 10:05:38 GMT+0800 (Malay Peninsula Standard Time),,s5w82,focus,
Thu Sep 03 2015 10:05:47 GMT+0800 (Malay Peninsula Standard Time),,s5w82,focus,
Thu Sep 03 2015 10:05:49 GMT+0800 (Malay Peninsula Standard Time),,s5w82,label,"^"
Thu Sep 03 2015 10:06:06 GMT+0800 (Malay Peninsula Standard Time),,s5w82,focus,
Thu Sep 03 2015 10:06:09 GMT+0800 (Malay Peninsula Standard Time),,s5w83,focus,
Thu Sep 03 2015 10:06:09 GMT+0800 (Malay Peninsula Standard Time),,s5w83,focus,
Thu Sep 03 2015 10:06:18 GMT+0800 (Malay Peninsula Standard Time),,s5w83,label,"G"
Thu Sep 03 2015 10:06:19 GMT+0800 (Malay Peninsula Standard Time),,s5w81,focus,
Thu Sep 03 2015 10:06:19 GMT+0800 (Malay Peninsula Standard Time),,s5w81,focus,
Thu Sep 03 2015 10:06:19 GMT+0800 (Malay Peninsula Standard Time),,s5w81,label,"G"
Thu Sep 03 2015 10:06:24 GMT+0800 (Malay Peninsula Standard Time),,s5w89,focus,
Thu Sep 03 2015 10:06:24 GMT+0800 (Malay Peninsula Standard Time),,s5w89,focus,
Thu Sep 03 2015 10:06:26 GMT+0800 (Malay Peninsula Standard Time),,s5w89,label,"G"
Thu Sep 03 2015 10:06:28 GMT+0800 (Malay Peninsula Standard Time),,s5w92,focus,
Thu Sep 03 2015 10:06:28 GMT+0800 (Malay Peninsula Standard Time),,s5w92,focus,
Thu Sep 03 2015 10:06:29 GMT+0800 (Malay Peninsula Standard Time),,s5w92,label,"G"
Thu Sep 03 2015 10:06:37 GMT+0800 (Malay Peninsula Standard Time),,s5w105,focus,
Thu Sep 03 2015 10:06:37 GMT+0800 (Malay Peninsula Standard Time),,s5w105,focus,
Thu Sep 03 2015 10:06:38 GMT+0800 (Malay Peninsula Standard Time),,s5w105,label,","
Thu Sep 03 2015 10:06:38 GMT+0800 (Malay Peninsula Standard Time),,s5w106,focus,
Thu Sep 03 2015 10:06:39 GMT+0800 (Malay Peninsula Standard Time),,s5w106,focus,
Thu Sep 03 2015 10:06:40 GMT+0800 (Malay Peninsula Standard Time),,s5w106,label,"G"
Thu Sep 03 2015 10:06:45 GMT+0800 (Malay Peninsula Standard Time),,s5w108,focus,
Thu Sep 03 2015 10:06:45 GMT+0800 (Malay Peninsula Standard Time),,s5w108,focus,
Thu Sep 03 2015 10:06:48 GMT+0800 (Malay Peninsula Standard Time),,s5w108,label,"="
Thu Sep 03 2015 10:06:50 GMT+0800 (Malay Peninsula Standard Time),,s5w116,focus,
Thu Sep 03 2015 10:06:50 GMT+0800 (Malay Peninsula Standard Time),,s5w116,focus,
Thu Sep 03 2015 10:06:51 GMT+0800 (Malay Peninsula Standard Time),,s5w109,focus,
Thu Sep 03 2015 10:06:51 GMT+0800 (Malay Peninsula Standard Time),,s5w109,focus,
Thu Sep 03 2015 10:06:52 GMT+0800 (Malay Peninsula Standard Time),,s5w109,label,","
Thu Sep 03 2015 10:06:55 GMT+0800 (Malay Peninsula Standard Time),,s5w110,focus,
Thu Sep 03 2015 10:06:55 GMT+0800 (Malay Peninsula Standard Time),,s5w110,focus,
Thu Sep 03 2015 10:06:56 GMT+0800 (Malay Peninsula Standard Time),,s5w110,label,"G"
Thu Sep 03 2015 10:06:59 GMT+0800 (Malay Peninsula Standard Time),,s5w113,focus,
Thu Sep 03 2015 10:06:59 GMT+0800 (Malay Peninsula Standard Time),,s5w113,focus,
Thu Sep 03 2015 10:06:59 GMT+0800 (Malay Peninsula Standard Time),,s5w113,label,"G"
Thu Sep 03 2015 10:07:01 GMT+0800 (Malay Peninsula Standard Time),,s5w116,focus,
Thu Sep 03 2015 10:07:01 GMT+0800 (Malay Peninsula Standard Time),,s5w116,focus,
Thu Sep 03 2015 10:07:13 GMT+0800 (Malay Peninsula Standard Time),,s5w116,focus,
Thu Sep 03 2015 10:07:29 GMT+0800 (Malay Peninsula Standard Time),,s5w119,focus,
Thu Sep 03 2015 10:07:29 GMT+0800 (Malay Peninsula Standard Time),,s5w119,focus,
Thu Sep 03 2015 10:07:30 GMT+0800 (Malay Peninsula Standard Time),,s5w119,label,"G"
Thu Sep 03 2015 10:07:31 GMT+0800 (Malay Peninsula Standard Time),,s5w120,focus,
Thu Sep 03 2015 10:07:31 GMT+0800 (Malay Peninsula Standard Time),,s5w120,focus,
Thu Sep 03 2015 10:07:31 GMT+0800 (Malay Peninsula Standard Time),,s5w120,label,"G"
Thu Sep 03 2015 10:07:46 GMT+0800 (Malay Peninsula Standard Time),,s5w120,focus,
Thu Sep 03 2015 10:07:46 GMT+0800 (Malay Peninsula Standard Time),,s5w124,focus,
Thu Sep 03 2015 10:07:46 GMT+0800 (Malay Peninsula Standard Time),,s5w124,focus,
Thu Sep 03 2015 10:07:48 GMT+0800 (Malay Peninsula Standard Time),,s5w124,label,"G"
Thu Sep 03 2015 10:07:52 GMT+0800 (Malay Peninsula Standard Time),,s5w126,focus,
Thu Sep 03 2015 10:07:52 GMT+0800 (Malay Peninsula Standard Time),,s5w126,focus,
Thu Sep 03 2015 10:07:53 GMT+0800 (Malay Peninsula Standard Time),,s5w126,label,"="
Thu Sep 03 2015 10:07:59 GMT+0800 (Malay Peninsula Standard Time),,s5w130,focus,
Thu Sep 03 2015 10:07:59 GMT+0800 (Malay Peninsula Standard Time),,s5w130,focus,
Thu Sep 03 2015 10:08:00 GMT+0800 (Malay Peninsula Standard Time),,s5w130,label,","
Thu Sep 03 2015 10:08:03 GMT+0800 (Malay Peninsula Standard Time),,s5w131,focus,
Thu Sep 03 2015 10:08:03 GMT+0800 (Malay Peninsula Standard Time),,s5w131,focus,
Thu Sep 03 2015 10:08:04 GMT+0800 (Malay Peninsula Standard Time),,s5w131,label,"G"
Thu Sep 03 2015 10:08:07 GMT+0800 (Malay Peninsula Standard Time),,s5w132,focus,
Thu Sep 03 2015 10:08:07 GMT+0800 (Malay Peninsula Standard Time),,s5w132,focus,
Thu Sep 03 2015 10:08:10 GMT+0800 (Malay Peninsula Standard Time),,s5w132,label,"^"
Thu Sep 03 2015 10:08:11 GMT+0800 (Malay Peninsula Standard Time),,s5w133,focus,
Thu Sep 03 2015 10:08:11 GMT+0800 (Malay Peninsula Standard Time),,s5w133,focus,
Thu Sep 03 2015 10:08:12 GMT+0800 (Malay Peninsula Standard Time),,s5w133,label,"="
Thu Sep 03 2015 10:08:12 GMT+0800 (Malay Peninsula Standard Time),,s5w134,focus,
Thu Sep 03 2015 10:08:13 GMT+0800 (Malay Peninsula Standard Time),,s5w134,focus,
Thu Sep 03 2015 10:08:16 GMT+0800 (Malay Peninsula Standard Time),,s5w134,label,"^"
Thu Sep 03 2015 10:08:18 GMT+0800 (Malay Peninsula Standard Time),,s5w135,focus,
Thu Sep 03 2015 10:08:18 GMT+0800 (Malay Peninsula Standard Time),,s5w135,focus,
Thu Sep 03 2015 10:08:19 GMT+0800 (Malay Peninsula Standard Time),,s5w135,label,","
Thu Sep 03 2015 10:08:20 GMT+0800 (Malay Peninsula Standard Time),,s5w136,focus,
Thu Sep 03 2015 10:08:20 GMT+0800 (Malay Peninsula Standard Time),,s5w136,focus,
Thu Sep 03 2015 10:08:22 GMT+0800 (Malay Peninsula Standard Time),,s5w136,label,"G"
Thu Sep 03 2015 10:08:23 GMT+0800 (Malay Peninsula Standard Time),,s5w137,focus,
Thu Sep 03 2015 10:08:23 GMT+0800 (Malay Peninsula Standard Time),,s5w137,focus,
Thu Sep 03 2015 10:08:25 GMT+0800 (Malay Peninsula Standard Time),,s5w138,focus,
Thu Sep 03 2015 10:08:25 GMT+0800 (Malay Peninsula Standard Time),,s5w138,focus,
Thu Sep 03 2015 10:08:26 GMT+0800 (Malay Peninsula Standard Time),,s5w138,label,"="
Thu Sep 03 2015 10:08:31 GMT+0800 (Malay Peninsula Standard Time),,s5w145,focus,
Thu Sep 03 2015 10:08:32 GMT+0800 (Malay Peninsula Standard Time),,s5w145,focus,
Thu Sep 03 2015 10:08:33 GMT+0800 (Malay Peninsula Standard Time),,s5w145,label,"G"
Thu Sep 03 2015 10:08:39 GMT+0800 (Malay Peninsula Standard Time),,s5w146,focus,
Thu Sep 03 2015 10:08:40 GMT+0800 (Malay Peninsula Standard Time),,s5w146,focus,
Thu Sep 03 2015 10:08:41 GMT+0800 (Malay Peninsula Standard Time),,s5w146,label,"N"
Thu Sep 03 2015 10:08:44 GMT+0800 (Malay Peninsula Standard Time),,s5w149,focus,
Thu Sep 03 2015 10:08:44 GMT+0800 (Malay Peninsula Standard Time),,s5w149,focus,
Thu Sep 03 2015 10:08:45 GMT+0800 (Malay Peninsula Standard Time),,s5w149,label,","
Thu Sep 03 2015 10:08:46 GMT+0800 (Malay Peninsula Standard Time),,s5w150,focus,
Thu Sep 03 2015 10:08:46 GMT+0800 (Malay Peninsula Standard Time),,s5w150,focus,
Thu Sep 03 2015 10:08:46 GMT+0800 (Malay Peninsula Standard Time),,s5w150,label,","
Thu Sep 03 2015 10:08:47 GMT+0800 (Malay Peninsula Standard Time),,s5w151,focus,
Thu Sep 03 2015 10:08:47 GMT+0800 (Malay Peninsula Standard Time),,s5w151,focus,
Thu Sep 03 2015 10:08:48 GMT+0800 (Malay Peninsula Standard Time),,s5w151,label,"N"
Thu Sep 03 2015 10:08:50 GMT+0800 (Malay Peninsula Standard Time),,s5w152,focus,
Thu Sep 03 2015 10:08:50 GMT+0800 (Malay Peninsula Standard Time),,s5w152,focus,
Thu Sep 03 2015 10:08:51 GMT+0800 (Malay Peninsula Standard Time),,s5w152,label,"="
Thu Sep 03 2015 10:08:52 GMT+0800 (Malay Peninsula Standard Time),,s5w153,focus,
Thu Sep 03 2015 10:08:53 GMT+0800 (Malay Peninsula Standard Time),,s5w153,focus,
Thu Sep 03 2015 10:08:53 GMT+0800 (Malay Peninsula Standard Time),,s5w153,label,","
Thu Sep 03 2015 10:08:57 GMT+0800 (Malay Peninsula Standard Time),,s5w171,focus,
Thu Sep 03 2015 10:08:57 GMT+0800 (Malay Peninsula Standard Time),,s5w171,focus,
Thu Sep 03 2015 10:08:58 GMT+0800 (Malay Peninsula Standard Time),,s5w156,focus,
Thu Sep 03 2015 10:08:58 GMT+0800 (Malay Peninsula Standard Time),,s5w156,focus,
Thu Sep 03 2015 10:08:59 GMT+0800 (Malay Peninsula Standard Time),,s5w156,label,"="
Thu Sep 03 2015 10:09:00 GMT+0800 (Malay Peninsula Standard Time),,s5w157,focus,
Thu Sep 03 2015 10:09:00 GMT+0800 (Malay Peninsula Standard Time),,s5w157,focus,
Thu Sep 03 2015 10:09:01 GMT+0800 (Malay Peninsula Standard Time),,s5w157,label,"N"
Thu Sep 03 2015 10:09:03 GMT+0800 (Malay Peninsula Standard Time),,s5w158,focus,
Thu Sep 03 2015 10:09:03 GMT+0800 (Malay Peninsula Standard Time),,s5w158,focus,
Thu Sep 03 2015 10:09:04 GMT+0800 (Malay Peninsula Standard Time),,s5w158,label,"="
Thu Sep 03 2015 10:09:05 GMT+0800 (Malay Peninsula Standard Time),,s5w160,focus,
Thu Sep 03 2015 10:09:05 GMT+0800 (Malay Peninsula Standard Time),,s5w160,focus,
Thu Sep 03 2015 10:09:06 GMT+0800 (Malay Peninsula Standard Time),,s5w160,label,"="
Thu Sep 03 2015 10:09:06 GMT+0800 (Malay Peninsula Standard Time),,s5w161,focus,
Thu Sep 03 2015 10:09:07 GMT+0800 (Malay Peninsula Standard Time),,s5w161,focus,
Thu Sep 03 2015 10:09:09 GMT+0800 (Malay Peninsula Standard Time),,s5w161,label,","
Thu Sep 03 2015 10:09:10 GMT+0800 (Malay Peninsula Standard Time),,s5w162,focus,
Thu Sep 03 2015 10:09:10 GMT+0800 (Malay Peninsula Standard Time),,s5w162,focus,
Thu Sep 03 2015 10:09:11 GMT+0800 (Malay Peninsula Standard Time),,s5w162,label,"="
Thu Sep 03 2015 10:09:12 GMT+0800 (Malay Peninsula Standard Time),,s5w163,focus,
Thu Sep 03 2015 10:09:12 GMT+0800 (Malay Peninsula Standard Time),,s5w163,focus,
Thu Sep 03 2015 10:09:13 GMT+0800 (Malay Peninsula Standard Time),,s5w163,label,"="
Thu Sep 03 2015 10:09:15 GMT+0800 (Malay Peninsula Standard Time),,s5w163,label,"G"
Thu Sep 03 2015 10:09:16 GMT+0800 (Malay Peninsula Standard Time),,s5w164,focus,
Thu Sep 03 2015 10:09:17 GMT+0800 (Malay Peninsula Standard Time),,s5w164,focus,
Thu Sep 03 2015 10:09:17 GMT+0800 (Malay Peninsula Standard Time),,s5w164,label,","
Thu Sep 03 2015 10:09:19 GMT+0800 (Malay Peninsula Standard Time),,s5w165,focus,
Thu Sep 03 2015 10:09:19 GMT+0800 (Malay Peninsula Standard Time),,s5w165,focus,
Thu Sep 03 2015 10:09:20 GMT+0800 (Malay Peninsula Standard Time),,s5w165,label,"="
Thu Sep 03 2015 10:09:21 GMT+0800 (Malay Peninsula Standard Time),,s5w166,focus,
Thu Sep 03 2015 10:09:24 GMT+0800 (Malay Peninsula Standard Time),,s5w166,label,","
Thu Sep 03 2015 10:09:24 GMT+0800 (Malay Peninsula Standard Time),,s5w167,focus,
Thu Sep 03 2015 10:09:25 GMT+0800 (Malay Peninsula Standard Time),,s5w167,label,","
Thu Sep 03 2015 10:09:25 GMT+0800 (Malay Peninsula Standard Time),,s5w168,focus,
Thu Sep 03 2015 10:09:26 GMT+0800 (Malay Peninsula Standard Time),,s5w168,label,","
Thu Sep 03 2015 10:09:27 GMT+0800 (Malay Peninsula Standard Time),,s5w169,focus,
Thu Sep 03 2015 10:09:28 GMT+0800 (Malay Peninsula Standard Time),,s5w170,focus,
Thu Sep 03 2015 10:09:29 GMT+0800 (Malay Peninsula Standard Time),,s5w170,label,"="
Thu Sep 03 2015 10:09:30 GMT+0800 (Malay Peninsula Standard Time),,s5w171,focus,
Thu Sep 03 2015 10:09:32 GMT+0800 (Malay Peninsula Standard Time),,s5w172,focus,
Thu Sep 03 2015 10:09:32 GMT+0800 (Malay Peninsula Standard Time),,s5w173,focus,
Thu Sep 03 2015 10:09:32 GMT+0800 (Malay Peninsula Standard Time),,s5w174,focus,
Thu Sep 03 2015 10:09:33 GMT+0800 (Malay Peninsula Standard Time),,s5w175,focus,
Thu Sep 03 2015 10:09:33 GMT+0800 (Malay Peninsula Standard Time),,s5w176,focus,
Thu Sep 03 2015 10:09:36 GMT+0800 (Malay Peninsula Standard Time),,s5w176,label,"G"
Thu Sep 03 2015 10:09:37 GMT+0800 (Malay Peninsula Standard Time),,s5w177,focus,
Thu Sep 03 2015 10:09:38 GMT+0800 (Malay Peninsula Standard Time),,s5w178,focus,
Thu Sep 03 2015 10:09:38 GMT+0800 (Malay Peninsula Standard Time),,s5w179,focus,
Thu Sep 03 2015 10:09:38 GMT+0800 (Malay Peninsula Standard Time),,s5w180,focus,
Thu Sep 03 2015 10:09:39 GMT+0800 (Malay Peninsula Standard Time),,s5w180,label,","
Thu Sep 03 2015 10:09:40 GMT+0800 (Malay Peninsula Standard Time),,s5w181,focus,
Thu Sep 03 2015 10:09:40 GMT+0800 (Malay Peninsula Standard Time),,s5w181,label,","
Thu Sep 03 2015 10:09:40 GMT+0800 (Malay Peninsula Standard Time),,s5w182,focus,
Thu Sep 03 2015 10:09:41 GMT+0800 (Malay Peninsula Standard Time),,s5w183,focus,
Thu Sep 03 2015 10:09:42 GMT+0800 (Malay Peninsula Standard Time),,s5w183,label,"="
Thu Sep 03 2015 10:09:43 GMT+0800 (Malay Peninsula Standard Time),,s5w184,focus,
Thu Sep 03 2015 10:09:44 GMT+0800 (Malay Peninsula Standard Time),,s5w185,focus,
Thu Sep 03 2015 10:09:46 GMT+0800 (Malay Peninsula Standard Time),,s5w185,label,"N"
Thu Sep 03 2015 10:09:47 GMT+0800 (Malay Peninsula Standard Time),,s5w186,focus,
Thu Sep 03 2015 10:09:48 GMT+0800 (Malay Peninsula Standard Time),,s5w186,label,"N"
Thu Sep 03 2015 10:09:48 GMT+0800 (Malay Peninsula Standard Time),,s5w187,focus,
Thu Sep 03 2015 10:09:50 GMT+0800 (Malay Peninsula Standard Time),,s5w187,label,","
Thu Sep 03 2015 10:09:51 GMT+0800 (Malay Peninsula Standard Time),,s5w188,focus,
Thu Sep 03 2015 10:09:52 GMT+0800 (Malay Peninsula Standard Time),,s5w188,label,"="
Thu Sep 03 2015 10:09:53 GMT+0800 (Malay Peninsula Standard Time),,s5w189,focus,
Thu Sep 03 2015 10:09:53 GMT+0800 (Malay Peninsula Standard Time),,s5w189,label,"N"
Thu Sep 03 2015 10:09:54 GMT+0800 (Malay Peninsula Standard Time),,s5w190,focus,
Thu Sep 03 2015 10:09:55 GMT+0800 (Malay Peninsula Standard Time),,s5w190,label,","
Thu Sep 03 2015 10:09:56 GMT+0800 (Malay Peninsula Standard Time),,s5w191,focus,
Thu Sep 03 2015 10:09:56 GMT+0800 (Malay Peninsula Standard Time),,s5w191,label,","
Thu Sep 03 2015 10:09:57 GMT+0800 (Malay Peninsula Standard Time),,s5w192,focus,
Thu Sep 03 2015 10:09:57 GMT+0800 (Malay Peninsula Standard Time),,s5w192,label,"N"
Thu Sep 03 2015 10:09:58 GMT+0800 (Malay Peninsula Standard Time),,s5w193,focus,
Thu Sep 03 2015 10:09:59 GMT+0800 (Malay Peninsula Standard Time),,s5w193,label,","
Thu Sep 03 2015 10:09:59 GMT+0800 (Malay Peninsula Standard Time),,s5w194,focus,
Thu Sep 03 2015 10:09:59 GMT+0800 (Malay Peninsula Standard Time),,s5w194,label,","
Thu Sep 03 2015 10:10:01 GMT+0800 (Malay Peninsula Standard Time),,s5w194,label,"="
Thu Sep 03 2015 10:10:01 GMT+0800 (Malay Peninsula Standard Time),,s5w195,focus,
Thu Sep 03 2015 10:10:04 GMT+0800 (Malay Peninsula Standard Time),,s5w195,label,"G"
Thu Sep 03 2015 10:10:05 GMT+0800 (Malay Peninsula Standard Time),,s5w196,focus,
Thu Sep 03 2015 10:10:06 GMT+0800 (Malay Peninsula Standard Time),,s5w196,label,","
Thu Sep 03 2015 10:10:06 GMT+0800 (Malay Peninsula Standard Time),,s5w197,focus,
Thu Sep 03 2015 10:10:08 GMT+0800 (Malay Peninsula Standard Time),,s5w197,label,"="
Thu Sep 03 2015 10:10:09 GMT+0800 (Malay Peninsula Standard Time),,s5w198,focus,
Thu Sep 03 2015 10:10:09 GMT+0800 (Malay Peninsula Standard Time),,s5w198,label,","
Thu Sep 03 2015 10:10:09 GMT+0800 (Malay Peninsula Standard Time),,s5w199,focus,
Thu Sep 03 2015 10:10:09 GMT+0800 (Malay Peninsula Standard Time),,s5w199,label,","
Thu Sep 03 2015 10:10:10 GMT+0800 (Malay Peninsula Standard Time),,s5w200,focus,
Thu Sep 03 2015 10:10:10 GMT+0800 (Malay Peninsula Standard Time),,s5w201,focus,
Thu Sep 03 2015 10:10:11 GMT+0800 (Malay Peninsula Standard Time),,s5w201,label,","
Thu Sep 03 2015 10:10:12 GMT+0800 (Malay Peninsula Standard Time),,s5w202,focus,
Thu Sep 03 2015 10:10:12 GMT+0800 (Malay Peninsula Standard Time),,s5w203,focus,
Thu Sep 03 2015 10:10:14 GMT+0800 (Malay Peninsula Standard Time),,s5w204,focus,
Thu Sep 03 2015 10:10:15 GMT+0800 (Malay Peninsula Standard Time),,s5w204,label,"="
Thu Sep 03 2015 10:10:16 GMT+0800 (Malay Peninsula Standard Time),,s5w205,focus,
Thu Sep 03 2015 10:10:17 GMT+0800 (Malay Peninsula Standard Time),,s5w206,focus,
Thu Sep 03 2015 10:10:17 GMT+0800 (Malay Peninsula Standard Time),,s5w207,focus,
Thu Sep 03 2015 10:10:18 GMT+0800 (Malay Peninsula Standard Time),,s5w208,focus,
Thu Sep 03 2015 10:10:18 GMT+0800 (Malay Peninsula Standard Time),,s5w209,focus,
Thu Sep 03 2015 10:10:19 GMT+0800 (Malay Peninsula Standard Time),,s5w210,focus,
Thu Sep 03 2015 10:10:21 GMT+0800 (Malay Peninsula Standard Time),,s5w211,focus,
Thu Sep 03 2015 10:10:21 GMT+0800 (Malay Peninsula Standard Time),,s5w212,focus,
Thu Sep 03 2015 10:10:22 GMT+0800 (Malay Peninsula Standard Time),,s5w213,focus,
Thu Sep 03 2015 10:10:24 GMT+0800 (Malay Peninsula Standard Time),,s5w213,label,","
Thu Sep 03 2015 10:10:25 GMT+0800 (Malay Peninsula Standard Time),,s5w214,focus,
Thu Sep 03 2015 10:10:26 GMT+0800 (Malay Peninsula Standard Time),,s5w214,label,","
Thu Sep 03 2015 10:10:27 GMT+0800 (Malay Peninsula Standard Time),,s5w215,focus,
Thu Sep 03 2015 10:10:32 GMT+0800 (Malay Peninsula Standard Time),,s5w215,label,"^"
Thu Sep 03 2015 10:10:33 GMT+0800 (Malay Peninsula Standard Time),,s5w216,focus,
Thu Sep 03 2015 10:10:34 GMT+0800 (Malay Peninsula Standard Time),,s5w216,label,","
Thu Sep 03 2015 10:10:35 GMT+0800 (Malay Peninsula Standard Time),,s5w217,focus,
Thu Sep 03 2015 10:10:35 GMT+0800 (Malay Peninsula Standard Time),,s5w217,label,","
Thu Sep 03 2015 10:10:36 GMT+0800 (Malay Peninsula Standard Time),,s5w218,focus,
Thu Sep 03 2015 10:10:39 GMT+0800 (Malay Peninsula Standard Time),,s5w218,label,"N"
Thu Sep 03 2015 10:10:39 GMT+0800 (Malay Peninsula Standard Time),,s5w219,focus,
Thu Sep 03 2015 10:10:41 GMT+0800 (Malay Peninsula Standard Time),,s5w219,label,","
Thu Sep 03 2015 10:10:42 GMT+0800 (Malay Peninsula Standard Time),,s5w220,focus,
Thu Sep 03 2015 10:10:43 GMT+0800 (Malay Peninsula Standard Time),,s5w220,label,","
Thu Sep 03 2015 10:10:43 GMT+0800 (Malay Peninsula Standard Time),,s5w221,focus,
Thu Sep 03 2015 10:10:48 GMT+0800 (Malay Peninsula Standard Time),,s5w221,label,"N"
Thu Sep 03 2015 10:10:48 GMT+0800 (Malay Peninsula Standard Time),,s5w222,focus,
Thu Sep 03 2015 10:10:50 GMT+0800 (Malay Peninsula Standard Time),,s5w222,label,"="
Thu Sep 03 2015 10:10:50 GMT+0800 (Malay Peninsula Standard Time),,s5w223,focus,
Thu Sep 03 2015 10:10:54 GMT+0800 (Malay Peninsula Standard Time),,s5w223,label,"^"
Thu Sep 03 2015 10:10:55 GMT+0800 (Malay Peninsula Standard Time),,s5w224,focus,
Thu Sep 03 2015 10:10:56 GMT+0800 (Malay Peninsula Standard Time),,s5w224,label,","
Thu Sep 03 2015 10:10:56 GMT+0800 (Malay Peninsula Standard Time),,s5w225,focus,
Thu Sep 03 2015 10:10:57 GMT+0800 (Malay Peninsula Standard Time),,s5w226,focus,
Thu Sep 03 2015 10:10:58 GMT+0800 (Malay Peninsula Standard Time),,s5w227,focus,
Thu Sep 03 2015 10:10:59 GMT+0800 (Malay Peninsula Standard Time),,s5w228,focus,
Thu Sep 03 2015 10:10:59 GMT+0800 (Malay Peninsula Standard Time),,s5w229,focus,
Thu Sep 03 2015 10:11:00 GMT+0800 (Malay Peninsula Standard Time),,s5w230,focus,
Thu Sep 03 2015 10:11:01 GMT+0800 (Malay Peninsula Standard Time),,s5w230,label,","
Thu Sep 03 2015 10:11:02 GMT+0800 (Malay Peninsula Standard Time),,s5w231,focus,
Thu Sep 03 2015 10:11:05 GMT+0800 (Malay Peninsula Standard Time),,s5w231,label,"^"
Thu Sep 03 2015 10:11:06 GMT+0800 (Malay Peninsula Standard Time),,s5w232,focus,
Thu Sep 03 2015 10:11:07 GMT+0800 (Malay Peninsula Standard Time),,s5w232,label,","
Thu Sep 03 2015 10:11:07 GMT+0800 (Malay Peninsula Standard Time),,s5w233,focus,
Thu Sep 03 2015 10:11:08 GMT+0800 (Malay Peninsula Standard Time),,s5w233,label,","
Thu Sep 03 2015 10:11:10 GMT+0800 (Malay Peninsula Standard Time),,s5w233,label,"G"
Thu Sep 03 2015 10:11:10 GMT+0800 (Malay Peninsula Standard Time),,s5w234,focus,
Thu Sep 03 2015 10:11:11 GMT+0800 (Malay Peninsula Standard Time),,s5w234,label,","
Thu Sep 03 2015 10:11:12 GMT+0800 (Malay Peninsula Standard Time),,s5w235,focus,
Thu Sep 03 2015 10:11:12 GMT+0800 (Malay Peninsula Standard Time),,s5w235,label,","
Thu Sep 03 2015 10:11:12 GMT+0800 (Malay Peninsula Standard Time),,s5w236,focus,
Thu Sep 03 2015 10:11:14 GMT+0800 (Malay Peninsula Standard Time),,s5w236,label,"G"
Thu Sep 03 2015 10:11:15 GMT+0800 (Malay Peninsula Standard Time),,s5w237,focus,
Thu Sep 03 2015 10:11:16 GMT+0800 (Malay Peninsula Standard Time),,s5w237,label,"="
Thu Sep 03 2015 10:11:16 GMT+0800 (Malay Peninsula Standard Time),,s5w238,focus,
Thu Sep 03 2015 10:11:20 GMT+0800 (Malay Peninsula Standard Time),,s5w238,label,"^"
Thu Sep 03 2015 10:11:20 GMT+0800 (Malay Peninsula Standard Time),,s5w239,focus,
Thu Sep 03 2015 10:11:23 GMT+0800 (Malay Peninsula Standard Time),,s5w239,label,","
Thu Sep 03 2015 10:11:23 GMT+0800 (Malay Peninsula Standard Time),,s5w240,focus,
Thu Sep 03 2015 10:11:24 GMT+0800 (Malay Peninsula Standard Time),,s5w240,label,","
Thu Sep 03 2015 10:11:24 GMT+0800 (Malay Peninsula Standard Time),,s5w241,focus,
Thu Sep 03 2015 10:11:27 GMT+0800 (Malay Peninsula Standard Time),,s5w241,label,"^"
Thu Sep 03 2015 10:11:27 GMT+0800 (Malay Peninsula Standard Time),,s5w242,focus,
Thu Sep 03 2015 10:11:28 GMT+0800 (Malay Peninsula Standard Time),,s5w242,label,","
Thu Sep 03 2015 10:11:29 GMT+0800 (Malay Peninsula Standard Time),,s5w243,focus,
Thu Sep 03 2015 10:11:29 GMT+0800 (Malay Peninsula Standard Time),,s5w243,label,","
Thu Sep 03 2015 10:11:30 GMT+0800 (Malay Peninsula Standard Time),,s5w244,focus,
Thu Sep 03 2015 10:11:31 GMT+0800 (Malay Peninsula Standard Time),,s5w245,focus,
Thu Sep 03 2015 10:11:31 GMT+0800 (Malay Peninsula Standard Time),,s5w245,label,","
Thu Sep 03 2015 10:11:32 GMT+0800 (Malay Peninsula Standard Time),,s5w246,focus,
Thu Sep 03 2015 10:11:33 GMT+0800 (Malay Peninsula Standard Time),,s5w246,label,","
Thu Sep 03 2015 10:11:34 GMT+0800 (Malay Peninsula Standard Time),,s5w247,focus,
Thu Sep 03 2015 10:11:37 GMT+0800 (Malay Peninsula Standard Time),,s5w248,focus,
Thu Sep 03 2015 10:11:38 GMT+0800 (Malay Peninsula Standard Time),,s5w249,focus,
Thu Sep 03 2015 10:11:41 GMT+0800 (Malay Peninsula Standard Time),,,submitPage,
