Wed Sep 02 2015 17:41:39 GMT+0800 (Malay Peninsula Standard Time),,,pageReady,0:100:100
Wed Sep 02 2015 17:41:39 GMT+0800 (Malay Peninsula Standard Time),,s0,twitterId,158149
Wed Sep 02 2015 17:41:39 GMT+0800 (Malay Peninsula Standard Time),,s1,twitterId,158149
Wed Sep 02 2015 17:41:39 GMT+0800 (Malay Peninsula Standard Time),,s2,twitterId,158149
Wed Sep 02 2015 17:41:39 GMT+0800 (Malay Peninsula Standard Time),,s3,twitterId,158149
Wed Sep 02 2015 17:41:39 GMT+0800 (Malay Peninsula Standard Time),,s4,twitterId,158149
Wed Sep 02 2015 18:05:22 GMT+0800 (Malay Peninsula Standard Time),,s2w112,focus,
Wed Sep 02 2015 18:05:22 GMT+0800 (Malay Peninsula Standard Time),,s2w112,focus,
Wed Sep 02 2015 18:05:24 GMT+0800 (Malay Peninsula Standard Time),,s2w112,label,"N"
Wed Sep 02 2015 18:05:36 GMT+0800 (Malay Peninsula Standard Time),,s3w24,focus,
Wed Sep 02 2015 18:05:36 GMT+0800 (Malay Peninsula Standard Time),,s3w24,focus,
Wed Sep 02 2015 18:05:37 GMT+0800 (Malay Peninsula Standard Time),,s3w24,label,"V"
Wed Sep 02 2015 18:06:18 GMT+0800 (Malay Peninsula Standard Time),,s4w4,focus,
Wed Sep 02 2015 18:06:18 GMT+0800 (Malay Peninsula Standard Time),,s4w4,focus,
Wed Sep 02 2015 18:06:20 GMT+0800 (Malay Peninsula Standard Time),,s4w4,label,"^"
Wed Sep 02 2015 18:06:35 GMT+0800 (Malay Peninsula Standard Time),,s4w54,focus,
Wed Sep 02 2015 18:06:35 GMT+0800 (Malay Peninsula Standard Time),,s4w54,focus,
Wed Sep 02 2015 18:06:39 GMT+0800 (Malay Peninsula Standard Time),,s4w54,label,"G"
Wed Sep 02 2015 18:06:41 GMT+0800 (Malay Peninsula Standard Time),,s4w56,focus,
Wed Sep 02 2015 18:06:41 GMT+0800 (Malay Peninsula Standard Time),,s4w56,focus,
Wed Sep 02 2015 18:06:47 GMT+0800 (Malay Peninsula Standard Time),,s4w56,label,"X"
Wed Sep 02 2015 18:06:58 GMT+0800 (Malay Peninsula Standard Time),,s4w56,label,"&"
Wed Sep 02 2015 18:07:27 GMT+0800 (Malay Peninsula Standard Time),,,submitPage,
