Wed Sep 02 2015 15:19:44 GMT+0800 (Malay Peninsula Standard Time),,,pageReady,0:100:100
Wed Sep 02 2015 15:19:44 GMT+0800 (Malay Peninsula Standard Time),,s0,twitterId,126631
Wed Sep 02 2015 15:19:44 GMT+0800 (Malay Peninsula Standard Time),,s1,twitterId,126631
Wed Sep 02 2015 15:19:44 GMT+0800 (Malay Peninsula Standard Time),,s2,twitterId,126631
Wed Sep 02 2015 15:19:44 GMT+0800 (Malay Peninsula Standard Time),,s3,twitterId,126631
Wed Sep 02 2015 15:19:44 GMT+0800 (Malay Peninsula Standard Time),,s4,twitterId,126631
Wed Sep 02 2015 15:19:44 GMT+0800 (Malay Peninsula Standard Time),,s5,twitterId,126631
Wed Sep 02 2015 15:19:44 GMT+0800 (Malay Peninsula Standard Time),,s6,twitterId,126631
Wed Sep 02 2015 15:19:44 GMT+0800 (Malay Peninsula Standard Time),,s7,twitterId,126631
Wed Sep 02 2015 15:21:32 GMT+0800 (Malay Peninsula Standard Time),,s1w11,focus,
Wed Sep 02 2015 15:21:32 GMT+0800 (Malay Peninsula Standard Time),,s1w11,focus,
Wed Sep 02 2015 15:21:34 GMT+0800 (Malay Peninsula Standard Time),,s1w11,focus,
Wed Sep 02 2015 15:21:35 GMT+0800 (Malay Peninsula Standard Time),,s1w11,label,"^"
Wed Sep 02 2015 15:21:37 GMT+0800 (Malay Peninsula Standard Time),,s1w14,focus,
Wed Sep 02 2015 15:21:37 GMT+0800 (Malay Peninsula Standard Time),,s1w14,focus,
Wed Sep 02 2015 15:21:38 GMT+0800 (Malay Peninsula Standard Time),,s1w14,label,"^"
Wed Sep 02 2015 15:21:50 GMT+0800 (Malay Peninsula Standard Time),,s2w4,focus,
Wed Sep 02 2015 15:21:50 GMT+0800 (Malay Peninsula Standard Time),,s2w4,focus,
Wed Sep 02 2015 15:21:52 GMT+0800 (Malay Peninsula Standard Time),,s2w4,label,"^"
Wed Sep 02 2015 15:21:54 GMT+0800 (Malay Peninsula Standard Time),,s2w9,focus,
Wed Sep 02 2015 15:21:55 GMT+0800 (Malay Peninsula Standard Time),,s2w9,focus,
Wed Sep 02 2015 15:21:55 GMT+0800 (Malay Peninsula Standard Time),,s2w9,label,"^"
Wed Sep 02 2015 15:22:07 GMT+0800 (Malay Peninsula Standard Time),,s3w18,focus,
Wed Sep 02 2015 15:22:07 GMT+0800 (Malay Peninsula Standard Time),,s3w18,focus,
Wed Sep 02 2015 15:22:08 GMT+0800 (Malay Peninsula Standard Time),,s3w18,label,"^"
Wed Sep 02 2015 15:22:11 GMT+0800 (Malay Peninsula Standard Time),,s3w24,focus,
Wed Sep 02 2015 15:22:11 GMT+0800 (Malay Peninsula Standard Time),,s3w24,focus,
Wed Sep 02 2015 15:22:12 GMT+0800 (Malay Peninsula Standard Time),,s3w24,label,"^"
Wed Sep 02 2015 15:22:30 GMT+0800 (Malay Peninsula Standard Time),,s5w5,focus,
Wed Sep 02 2015 15:22:30 GMT+0800 (Malay Peninsula Standard Time),,s5w5,focus,
Wed Sep 02 2015 15:23:23 GMT+0800 (Malay Peninsula Standard Time),,s5w5,focus,
Wed Sep 02 2015 15:23:47 GMT+0800 (Malay Peninsula Standard Time),,s5w5,focus,
Wed Sep 02 2015 15:24:41 GMT+0800 (Malay Peninsula Standard Time),,s5w45,focus,
Wed Sep 02 2015 15:24:41 GMT+0800 (Malay Peninsula Standard Time),,s5w45,focus,
Wed Sep 02 2015 15:24:42 GMT+0800 (Malay Peninsula Standard Time),,s5w45,label,"^"
Wed Sep 02 2015 15:26:47 GMT+0800 (Malay Peninsula Standard Time),,s7w5,focus,
Wed Sep 02 2015 15:26:48 GMT+0800 (Malay Peninsula Standard Time),,s7w5,focus,
Wed Sep 02 2015 15:26:49 GMT+0800 (Malay Peninsula Standard Time),,s7w5,label,"^"
Wed Sep 02 2015 15:26:59 GMT+0800 (Malay Peninsula Standard Time),,,submitPage,
Wed Sep 02 2015 16:48:22 GMT+0800 (Malay Peninsula Standard Time),,,pageReady,0:100:100
Wed Sep 02 2015 16:48:22 GMT+0800 (Malay Peninsula Standard Time),,s0,twitterId,126631
Wed Sep 02 2015 16:48:22 GMT+0800 (Malay Peninsula Standard Time),,s1,twitterId,126631
Wed Sep 02 2015 16:48:22 GMT+0800 (Malay Peninsula Standard Time),,s2,twitterId,126631
Wed Sep 02 2015 16:48:22 GMT+0800 (Malay Peninsula Standard Time),,s3,twitterId,126631
Wed Sep 02 2015 16:48:22 GMT+0800 (Malay Peninsula Standard Time),,s4,twitterId,126631
Wed Sep 02 2015 16:48:22 GMT+0800 (Malay Peninsula Standard Time),,s5,twitterId,126631
Wed Sep 02 2015 16:48:22 GMT+0800 (Malay Peninsula Standard Time),,s6,twitterId,126631
Wed Sep 02 2015 16:48:22 GMT+0800 (Malay Peninsula Standard Time),,s7,twitterId,126631
Wed Sep 02 2015 16:57:07 GMT+0800 (Malay Peninsula Standard Time),,s2w4,focus,
Wed Sep 02 2015 16:57:07 GMT+0800 (Malay Peninsula Standard Time),,s2w4,focus,
Wed Sep 02 2015 16:57:09 GMT+0800 (Malay Peninsula Standard Time),,s2w4,label,"^"
Wed Sep 02 2015 16:57:12 GMT+0800 (Malay Peninsula Standard Time),,s2w9,focus,
Wed Sep 02 2015 16:57:12 GMT+0800 (Malay Peninsula Standard Time),,s2w9,focus,
Wed Sep 02 2015 16:57:12 GMT+0800 (Malay Peninsula Standard Time),,s2w9,label,"^"
Wed Sep 02 2015 16:57:20 GMT+0800 (Malay Peninsula Standard Time),,s2w9,focus,
Wed Sep 02 2015 16:57:31 GMT+0800 (Malay Peninsula Standard Time),,s2w9,focus,
Wed Sep 02 2015 16:57:57 GMT+0800 (Malay Peninsula Standard Time),,s2w9,focus,
Wed Sep 02 2015 16:59:13 GMT+0800 (Malay Peninsula Standard Time),,s2w9,focus,
Wed Sep 02 2015 16:59:17 GMT+0800 (Malay Peninsula Standard Time),,s2w9,focus,
Wed Sep 02 2015 17:00:42 GMT+0800 (Malay Peninsula Standard Time),,s2w9,focus,
Wed Sep 02 2015 17:00:55 GMT+0800 (Malay Peninsula Standard Time),,s3w18,focus,
Wed Sep 02 2015 17:00:55 GMT+0800 (Malay Peninsula Standard Time),,s3w18,focus,
Wed Sep 02 2015 17:00:56 GMT+0800 (Malay Peninsula Standard Time),,s3w18,label,"^"
Wed Sep 02 2015 17:01:00 GMT+0800 (Malay Peninsula Standard Time),,s3w24,focus,
Wed Sep 02 2015 17:01:01 GMT+0800 (Malay Peninsula Standard Time),,s3w24,focus,
Wed Sep 02 2015 17:01:02 GMT+0800 (Malay Peninsula Standard Time),,s3w24,label,"^"
Wed Sep 02 2015 17:01:50 GMT+0800 (Malay Peninsula Standard Time),,s5w45,focus,
Wed Sep 02 2015 17:01:50 GMT+0800 (Malay Peninsula Standard Time),,s5w45,focus,
Wed Sep 02 2015 17:01:51 GMT+0800 (Malay Peninsula Standard Time),,s5w45,label,"^"
Wed Sep 02 2015 17:02:09 GMT+0800 (Malay Peninsula Standard Time),,s5w45,focus,
Wed Sep 02 2015 17:02:11 GMT+0800 (Malay Peninsula Standard Time),,s5w45,focus,
Wed Sep 02 2015 17:02:20 GMT+0800 (Malay Peninsula Standard Time),,s5w45,focus,
Wed Sep 02 2015 17:02:23 GMT+0800 (Malay Peninsula Standard Time),,s7w5,focus,
Wed Sep 02 2015 17:02:23 GMT+0800 (Malay Peninsula Standard Time),,s7w5,focus,
Wed Sep 02 2015 17:02:24 GMT+0800 (Malay Peninsula Standard Time),,s7w5,label,"^"
Wed Sep 02 2015 17:02:31 GMT+0800 (Malay Peninsula Standard Time),,,submitPage,
