Fri Aug 21 2015 16:02:03 GMT+0800 (中国标准时间),,,pageReady,0:100:100
Fri Aug 21 2015 16:02:03 GMT+0800 (中国标准时间),,s0,twitterId,64843
Fri Aug 21 2015 16:02:03 GMT+0800 (中国标准时间),,s1,twitterId,64843
Fri Aug 21 2015 16:02:03 GMT+0800 (中国标准时间),,s2,twitterId,64843
Fri Aug 21 2015 16:02:03 GMT+0800 (中国标准时间),,s3,twitterId,64843
Fri Aug 21 2015 16:02:03 GMT+0800 (中国标准时间),,s4,twitterId,64843
Fri Aug 21 2015 16:02:03 GMT+0800 (中国标准时间),,s5,twitterId,64843
Fri Aug 21 2015 16:02:03 GMT+0800 (中国标准时间),,s6,twitterId,64843
Fri Aug 21 2015 16:02:03 GMT+0800 (中国标准时间),,s7,twitterId,64843
Fri Aug 21 2015 16:02:08 GMT+0800 (中国标准时间),,s0w13,focus,
Fri Aug 21 2015 16:02:08 GMT+0800 (中国标准时间),,s0w13,focus,
Fri Aug 21 2015 16:02:10 GMT+0800 (中国标准时间),,s0w3,focus,
Fri Aug 21 2015 16:02:10 GMT+0800 (中国标准时间),,s0w3,focus,
Fri Aug 21 2015 16:02:12 GMT+0800 (中国标准时间),,s0w3,label,"^"
Fri Aug 21 2015 16:02:28 GMT+0800 (中国标准时间),,s0w3,label,"N"
Fri Aug 21 2015 16:02:31 GMT+0800 (中国标准时间),,s0w5,focus,
Fri Aug 21 2015 16:02:31 GMT+0800 (中国标准时间),,s0w5,focus,
Fri Aug 21 2015 16:02:37 GMT+0800 (中国标准时间),,s0w5,label,"V"
Fri Aug 21 2015 16:02:46 GMT+0800 (中国标准时间),,s0w9,focus,
Fri Aug 21 2015 16:02:46 GMT+0800 (中国标准时间),,s0w9,focus,
Fri Aug 21 2015 16:02:48 GMT+0800 (中国标准时间),,s0w9,label,"^"
Fri Aug 21 2015 16:03:40 GMT+0800 (中国标准时间),,s1w16,focus,
Fri Aug 21 2015 16:03:40 GMT+0800 (中国标准时间),,s1w16,focus,
Fri Aug 21 2015 16:03:42 GMT+0800 (中国标准时间),,s1w16,label,"^"
Fri Aug 21 2015 16:04:21 GMT+0800 (中国标准时间),,s1w29,focus,
Fri Aug 21 2015 16:04:21 GMT+0800 (中国标准时间),,s1w29,focus,
Fri Aug 21 2015 16:04:25 GMT+0800 (中国标准时间),,s1w33,focus,
Fri Aug 21 2015 16:04:25 GMT+0800 (中国标准时间),,s1w33,focus,
Fri Aug 21 2015 16:04:28 GMT+0800 (中国标准时间),,s1w33,label,"^"
Fri Aug 21 2015 16:04:30 GMT+0800 (中国标准时间),,s1w46,focus,
Fri Aug 21 2015 16:04:30 GMT+0800 (中国标准时间),,s1w46,focus,
Fri Aug 21 2015 16:04:31 GMT+0800 (中国标准时间),,s1w37,focus,
Fri Aug 21 2015 16:04:31 GMT+0800 (中国标准时间),,s1w37,focus,
Fri Aug 21 2015 16:04:33 GMT+0800 (中国标准时间),,s1w37,label,"^"
Fri Aug 21 2015 16:04:36 GMT+0800 (中国标准时间),,s1w42,focus,
Fri Aug 21 2015 16:04:36 GMT+0800 (中国标准时间),,s1w42,focus,
Fri Aug 21 2015 16:04:38 GMT+0800 (中国标准时间),,s1w42,label,"^"
Fri Aug 21 2015 16:04:47 GMT+0800 (中国标准时间),,s1w45,focus,
Fri Aug 21 2015 16:04:47 GMT+0800 (中国标准时间),,s1w45,focus,
Fri Aug 21 2015 16:05:13 GMT+0800 (中国标准时间),,s1w46,focus,
Fri Aug 21 2015 16:05:13 GMT+0800 (中国标准时间),,s1w46,focus,
Fri Aug 21 2015 16:05:16 GMT+0800 (中国标准时间),,s1w55,focus,
Fri Aug 21 2015 16:05:16 GMT+0800 (中国标准时间),,s1w55,focus,
Fri Aug 21 2015 16:05:17 GMT+0800 (中国标准时间),,s1w46,focus,
Fri Aug 21 2015 16:05:17 GMT+0800 (中国标准时间),,s1w46,focus,
Fri Aug 21 2015 16:05:18 GMT+0800 (中国标准时间),,s1w45,focus,
Fri Aug 21 2015 16:05:18 GMT+0800 (中国标准时间),,s1w45,focus,
Fri Aug 21 2015 16:05:21 GMT+0800 (中国标准时间),,s1w45,label,"N"
Fri Aug 21 2015 16:05:22 GMT+0800 (中国标准时间),,s1w46,focus,
Fri Aug 21 2015 16:05:22 GMT+0800 (中国标准时间),,s1w46,focus,
Fri Aug 21 2015 16:05:23 GMT+0800 (中国标准时间),,s1w46,label,"N"
Fri Aug 21 2015 16:05:45 GMT+0800 (中国标准时间),,s1w61,focus,
Fri Aug 21 2015 16:05:45 GMT+0800 (中国标准时间),,s1w61,focus,
Fri Aug 21 2015 16:05:47 GMT+0800 (中国标准时间),,s1w61,label,"^"
Fri Aug 21 2015 16:05:48 GMT+0800 (中国标准时间),,s1w64,focus,
Fri Aug 21 2015 16:05:48 GMT+0800 (中国标准时间),,s1w64,focus,
Fri Aug 21 2015 16:05:49 GMT+0800 (中国标准时间),,s1w64,label,"^"
Fri Aug 21 2015 16:06:09 GMT+0800 (中国标准时间),,s1w81,focus,
Fri Aug 21 2015 16:06:09 GMT+0800 (中国标准时间),,s1w81,focus,
Fri Aug 21 2015 16:06:10 GMT+0800 (中国标准时间),,s1w81,label,"^"
Fri Aug 21 2015 16:06:11 GMT+0800 (中国标准时间),,s1w94,focus,
Fri Aug 21 2015 16:06:11 GMT+0800 (中国标准时间),,s1w94,focus,
Fri Aug 21 2015 16:06:12 GMT+0800 (中国标准时间),,s1w85,focus,
Fri Aug 21 2015 16:06:12 GMT+0800 (中国标准时间),,s1w85,focus,
Fri Aug 21 2015 16:06:16 GMT+0800 (中国标准时间),,s1w88,focus,
Fri Aug 21 2015 16:06:16 GMT+0800 (中国标准时间),,s1w88,focus,
Fri Aug 21 2015 16:06:18 GMT+0800 (中国标准时间),,s1w88,label,"^"
Fri Aug 21 2015 16:06:19 GMT+0800 (中国标准时间),,s1w94,focus,
Fri Aug 21 2015 16:06:19 GMT+0800 (中国标准时间),,s1w94,focus,
Fri Aug 21 2015 16:06:20 GMT+0800 (中国标准时间),,s1w85,focus,
Fri Aug 21 2015 16:06:20 GMT+0800 (中国标准时间),,s1w85,focus,
Fri Aug 21 2015 16:06:22 GMT+0800 (中国标准时间),,s1w85,label,"^"
Fri Aug 21 2015 16:06:24 GMT+0800 (中国标准时间),,s1w93,focus,
Fri Aug 21 2015 16:06:24 GMT+0800 (中国标准时间),,s1w93,focus,
Fri Aug 21 2015 16:06:25 GMT+0800 (中国标准时间),,s1w93,label,"^"
Fri Aug 21 2015 16:06:30 GMT+0800 (中国标准时间),,s2w7,focus,
Fri Aug 21 2015 16:06:30 GMT+0800 (中国标准时间),,s2w7,focus,
Fri Aug 21 2015 16:06:31 GMT+0800 (中国标准时间),,s2w7,label,"^"
Fri Aug 21 2015 16:07:07 GMT+0800 (中国标准时间),,s3w31,focus,
Fri Aug 21 2015 16:07:07 GMT+0800 (中国标准时间),,s3w31,focus,
Fri Aug 21 2015 16:07:09 GMT+0800 (中国标准时间),,s3w31,label,"^"
Fri Aug 21 2015 16:07:12 GMT+0800 (中国标准时间),,s3w35,focus,
Fri Aug 21 2015 16:07:12 GMT+0800 (中国标准时间),,s3w35,focus,
Fri Aug 21 2015 16:07:14 GMT+0800 (中国标准时间),,s3w35,label,"^"
Fri Aug 21 2015 16:07:15 GMT+0800 (中国标准时间),,s3w38,focus,
Fri Aug 21 2015 16:07:15 GMT+0800 (中国标准时间),,s3w38,focus,
Fri Aug 21 2015 16:07:17 GMT+0800 (中国标准时间),,s3w38,label,"^"
Fri Aug 21 2015 16:07:20 GMT+0800 (中国标准时间),,s3w43,focus,
Fri Aug 21 2015 16:07:20 GMT+0800 (中国标准时间),,s3w43,focus,
Fri Aug 21 2015 16:07:21 GMT+0800 (中国标准时间),,s3w43,label,"^"
Fri Aug 21 2015 16:07:45 GMT+0800 (中国标准时间),,s4w12,focus,
Fri Aug 21 2015 16:07:45 GMT+0800 (中国标准时间),,s4w12,focus,
Fri Aug 21 2015 16:07:45 GMT+0800 (中国标准时间),,s4w11,focus,
Fri Aug 21 2015 16:07:45 GMT+0800 (中国标准时间),,s4w11,focus,
Fri Aug 21 2015 16:07:46 GMT+0800 (中国标准时间),,s4w6,focus,
Fri Aug 21 2015 16:07:46 GMT+0800 (中国标准时间),,s4w6,focus,
Fri Aug 21 2015 16:07:47 GMT+0800 (中国标准时间),,s4w6,label,"^"
Fri Aug 21 2015 16:07:48 GMT+0800 (中国标准时间),,s4w8,focus,
Fri Aug 21 2015 16:07:48 GMT+0800 (中国标准时间),,s4w8,focus,
Fri Aug 21 2015 16:07:49 GMT+0800 (中国标准时间),,s4w8,label,"^"
Fri Aug 21 2015 16:08:03 GMT+0800 (中国标准时间),,s4w30,focus,
Fri Aug 21 2015 16:08:03 GMT+0800 (中国标准时间),,s4w30,focus,
Fri Aug 21 2015 16:08:04 GMT+0800 (中国标准时间),,s4w30,label,"^"
Fri Aug 21 2015 16:08:19 GMT+0800 (中国标准时间),,s4w47,focus,
Fri Aug 21 2015 16:08:19 GMT+0800 (中国标准时间),,s4w47,focus,
Fri Aug 21 2015 16:08:21 GMT+0800 (中国标准时间),,s4w46,focus,
Fri Aug 21 2015 16:08:21 GMT+0800 (中国标准时间),,s4w46,focus,
Fri Aug 21 2015 16:08:23 GMT+0800 (中国标准时间),,s4w46,focus,
Fri Aug 21 2015 16:08:23 GMT+0800 (中国标准时间),,s4w46,label,"A"
Fri Aug 21 2015 16:08:29 GMT+0800 (中国标准时间),,s4w57,focus,
Fri Aug 21 2015 16:08:29 GMT+0800 (中国标准时间),,s4w57,focus,
Fri Aug 21 2015 16:08:37 GMT+0800 (中国标准时间),,s4w57,label,"^"
Fri Aug 21 2015 16:12:13 GMT+0800 (中国标准时间),,s4w57,focus,
Fri Aug 21 2015 16:12:48 GMT+0800 (中国标准时间),,s5w13,focus,
Fri Aug 21 2015 16:12:48 GMT+0800 (中国标准时间),,s5w13,focus,
Fri Aug 21 2015 16:12:52 GMT+0800 (中国标准时间),,s5w13,label,"^"
Fri Aug 21 2015 16:13:49 GMT+0800 (中国标准时间),,s6w19,focus,
Fri Aug 21 2015 16:13:49 GMT+0800 (中国标准时间),,s6w19,focus,
Fri Aug 21 2015 16:14:00 GMT+0800 (中国标准时间),,s6w19,label,"^"
Fri Aug 21 2015 16:14:54 GMT+0800 (中国标准时间),,s7w34,focus,
Fri Aug 21 2015 16:14:54 GMT+0800 (中国标准时间),,s7w34,focus,
Fri Aug 21 2015 16:14:56 GMT+0800 (中国标准时间),,s7w34,label,"^"
Fri Aug 21 2015 16:17:09 GMT+0800 (中国标准时间),,s7w35,focus,
Fri Aug 21 2015 16:17:11 GMT+0800 (中国标准时间),,s7w36,focus,
Fri Aug 21 2015 16:17:11 GMT+0800 (中国标准时间),,s7w37,focus,
Fri Aug 21 2015 16:17:11 GMT+0800 (中国标准时间),,s7w38,focus,
Fri Aug 21 2015 16:17:12 GMT+0800 (中国标准时间),,s7w39,focus,
Fri Aug 21 2015 16:17:12 GMT+0800 (中国标准时间),,s7w40,focus,
Fri Aug 21 2015 16:17:12 GMT+0800 (中国标准时间),,s7w41,focus,
Fri Aug 21 2015 16:17:12 GMT+0800 (中国标准时间),,s7w42,focus,
Fri Aug 21 2015 16:17:13 GMT+0800 (中国标准时间),,s7w43,focus,
Fri Aug 21 2015 16:17:13 GMT+0800 (中国标准时间),,s7w44,focus,
Fri Aug 21 2015 16:17:13 GMT+0800 (中国标准时间),,s7w45,focus,
Fri Aug 21 2015 16:17:13 GMT+0800 (中国标准时间),,s7w46,focus,
Fri Aug 21 2015 16:17:13 GMT+0800 (中国标准时间),,s7w47,focus,
Fri Aug 21 2015 16:17:13 GMT+0800 (中国标准时间),,s7w48,focus,
Fri Aug 21 2015 16:17:13 GMT+0800 (中国标准时间),,s7w49,focus,
Fri Aug 21 2015 16:17:13 GMT+0800 (中国标准时间),,s7w50,focus,
Fri Aug 21 2015 16:17:14 GMT+0800 (中国标准时间),,s7w51,focus,
Fri Aug 21 2015 16:17:14 GMT+0800 (中国标准时间),,s7w52,focus,
Fri Aug 21 2015 16:17:14 GMT+0800 (中国标准时间),,s7w53,focus,
Fri Aug 21 2015 16:17:14 GMT+0800 (中国标准时间),,s7w54,focus,
Fri Aug 21 2015 16:17:14 GMT+0800 (中国标准时间),,s7w55,focus,
Fri Aug 21 2015 16:17:14 GMT+0800 (中国标准时间),,s7w56,focus,
Fri Aug 21 2015 16:17:14 GMT+0800 (中国标准时间),,s7w57,focus,
Fri Aug 21 2015 16:17:14 GMT+0800 (中国标准时间),,s7w58,focus,
Fri Aug 21 2015 16:17:14 GMT+0800 (中国标准时间),,s7w59,focus,
Fri Aug 21 2015 16:17:14 GMT+0800 (中国标准时间),,s7w60,focus,
Fri Aug 21 2015 16:17:14 GMT+0800 (中国标准时间),,s7w61,focus,
Fri Aug 21 2015 16:17:14 GMT+0800 (中国标准时间),,s7w62,focus,
Fri Aug 21 2015 16:17:14 GMT+0800 (中国标准时间),,s7w63,focus,
Fri Aug 21 2015 16:17:14 GMT+0800 (中国标准时间),,s7w64,focus,
Fri Aug 21 2015 16:17:14 GMT+0800 (中国标准时间),,s7w65,focus,
Fri Aug 21 2015 16:17:14 GMT+0800 (中国标准时间),,s7w66,focus,
Fri Aug 21 2015 16:17:14 GMT+0800 (中国标准时间),,s7w67,focus,
Fri Aug 21 2015 16:17:14 GMT+0800 (中国标准时间),,s7w68,focus,
Fri Aug 21 2015 16:17:15 GMT+0800 (中国标准时间),,s7w69,focus,
Fri Aug 21 2015 16:17:15 GMT+0800 (中国标准时间),,s7w70,focus,
Fri Aug 21 2015 16:17:15 GMT+0800 (中国标准时间),,s7w71,focus,
Fri Aug 21 2015 16:17:15 GMT+0800 (中国标准时间),,s7w72,focus,
Fri Aug 21 2015 16:17:15 GMT+0800 (中国标准时间),,s7w73,focus,
Fri Aug 21 2015 16:17:15 GMT+0800 (中国标准时间),,s7w74,focus,
Fri Aug 21 2015 16:17:15 GMT+0800 (中国标准时间),,s7w75,focus,
Fri Aug 21 2015 16:17:15 GMT+0800 (中国标准时间),,s7w76,focus,
Fri Aug 21 2015 16:17:15 GMT+0800 (中国标准时间),,s7w77,focus,
Fri Aug 21 2015 16:17:15 GMT+0800 (中国标准时间),,s7w78,focus,
Fri Aug 21 2015 16:17:15 GMT+0800 (中国标准时间),,s7w79,focus,
Fri Aug 21 2015 16:17:15 GMT+0800 (中国标准时间),,s7w80,focus,
Fri Aug 21 2015 16:17:16 GMT+0800 (中国标准时间),,s7w81,focus,
Fri Aug 21 2015 16:17:16 GMT+0800 (中国标准时间),,s7w82,focus,
Fri Aug 21 2015 16:17:16 GMT+0800 (中国标准时间),,s7w83,focus,
Fri Aug 21 2015 16:17:16 GMT+0800 (中国标准时间),,s7w84,focus,
Fri Aug 21 2015 16:17:16 GMT+0800 (中国标准时间),,s7w85,focus,
Fri Aug 21 2015 16:17:16 GMT+0800 (中国标准时间),,s7w86,focus,
Fri Aug 21 2015 16:17:16 GMT+0800 (中国标准时间),,s7w87,focus,
Fri Aug 21 2015 16:17:16 GMT+0800 (中国标准时间),,s7w88,focus,
Fri Aug 21 2015 16:17:16 GMT+0800 (中国标准时间),,s7w89,focus,
Fri Aug 21 2015 16:17:17 GMT+0800 (中国标准时间),,s7w90,focus,
Fri Aug 21 2015 16:17:17 GMT+0800 (中国标准时间),,s7w91,focus,
Fri Aug 21 2015 16:17:18 GMT+0800 (中国标准时间),,s7w92,focus,
Fri Aug 21 2015 16:17:18 GMT+0800 (中国标准时间),,s7w93,focus,
Fri Aug 21 2015 16:17:19 GMT+0800 (中国标准时间),,s7w94,focus,
Fri Aug 21 2015 16:17:19 GMT+0800 (中国标准时间),,s7w95,focus,
Fri Aug 21 2015 16:17:20 GMT+0800 (中国标准时间),,s7w96,focus,
Fri Aug 21 2015 16:17:21 GMT+0800 (中国标准时间),,s7w97,focus,
Fri Aug 21 2015 16:17:21 GMT+0800 (中国标准时间),,s7w98,focus,
Fri Aug 21 2015 16:17:22 GMT+0800 (中国标准时间),,s7w99,focus,
Fri Aug 21 2015 16:17:22 GMT+0800 (中国标准时间),,s7w100,focus,
Fri Aug 21 2015 16:17:22 GMT+0800 (中国标准时间),,s7w101,focus,
Fri Aug 21 2015 16:17:22 GMT+0800 (中国标准时间),,s7w102,focus,
Fri Aug 21 2015 16:17:22 GMT+0800 (中国标准时间),,s7w103,focus,
Fri Aug 21 2015 16:17:22 GMT+0800 (中国标准时间),,s7w104,focus,
Fri Aug 21 2015 16:17:22 GMT+0800 (中国标准时间),,s7w105,focus,
Fri Aug 21 2015 16:17:22 GMT+0800 (中国标准时间),,s7w106,focus,
Fri Aug 21 2015 16:17:23 GMT+0800 (中国标准时间),,s7w107,focus,
Fri Aug 21 2015 16:17:24 GMT+0800 (中国标准时间),,s7w108,focus,
Fri Aug 21 2015 16:17:24 GMT+0800 (中国标准时间),,s7w109,focus,
Fri Aug 21 2015 16:17:25 GMT+0800 (中国标准时间),,s7w110,focus,
Fri Aug 21 2015 16:17:26 GMT+0800 (中国标准时间),,s7w111,focus,
Fri Aug 21 2015 16:17:56 GMT+0800 (中国标准时间),,s7w131,focus,
Fri Aug 21 2015 16:17:56 GMT+0800 (中国标准时间),,s7w131,focus,
Fri Aug 21 2015 16:17:58 GMT+0800 (中国标准时间),,s7w131,label,"^"
Fri Aug 21 2015 16:18:07 GMT+0800 (中国标准时间),,s7w142,focus,
Fri Aug 21 2015 16:18:07 GMT+0800 (中国标准时间),,s7w142,focus,
Fri Aug 21 2015 16:18:10 GMT+0800 (中国标准时间),,s7w142,label,"^"
Fri Aug 21 2015 16:18:14 GMT+0800 (中国标准时间),,s7w146,focus,
Fri Aug 21 2015 16:18:14 GMT+0800 (中国标准时间),,s7w146,focus,
Fri Aug 21 2015 16:18:16 GMT+0800 (中国标准时间),,s7w146,label,"^"
Fri Aug 21 2015 16:18:17 GMT+0800 (中国标准时间),,s7w148,focus,
Fri Aug 21 2015 16:18:17 GMT+0800 (中国标准时间),,s7w148,focus,
Fri Aug 21 2015 16:18:18 GMT+0800 (中国标准时间),,s7w148,label,"^"
Fri Aug 21 2015 16:18:34 GMT+0800 (中国标准时间),,,submitPage,
