Mon Aug 10 2015 22:33:57 GMT+0800 (Malay Peninsula Standard Time),,,pageReady,0:1:1
Mon Aug 10 2015 22:33:57 GMT+0800 (Malay Peninsula Standard Time),,s0,twitterId,1
Mon Aug 10 2015 22:34:45 GMT+0800 (Malay Peninsula Standard Time),,s0w1,focus,
Mon Aug 10 2015 22:34:45 GMT+0800 (Malay Peninsula Standard Time),,s0w1,focus,
Mon Aug 10 2015 22:34:47 GMT+0800 (Malay Peninsula Standard Time),,s0w2,focus,
Mon Aug 10 2015 22:34:48 GMT+0800 (Malay Peninsula Standard Time),,s0w3,focus,
Mon Aug 10 2015 22:35:11 GMT+0800 (Malay Peninsula Standard Time),,s0w6,focus,
Mon Aug 10 2015 22:35:11 GMT+0800 (Malay Peninsula Standard Time),,s0w6,focus,
Mon Aug 10 2015 22:35:14 GMT+0800 (Malay Peninsula Standard Time),,s0w6,focus,
Mon Aug 10 2015 22:35:16 GMT+0800 (Malay Peninsula Standard Time),,s0w6,label,","
Mon Aug 10 2015 22:35:25 GMT+0800 (Malay Peninsula Standard Time),,s0w9,focus,
Mon Aug 10 2015 22:35:25 GMT+0800 (Malay Peninsula Standard Time),,s0w9,focus,
Mon Aug 10 2015 22:35:25 GMT+0800 (Malay Peninsula Standard Time),,s0w9,label,","
Mon Aug 10 2015 22:35:53 GMT+0800 (Malay Peninsula Standard Time),,s0w13,focus,
Mon Aug 10 2015 22:35:53 GMT+0800 (Malay Peninsula Standard Time),,s0w13,focus,
Mon Aug 10 2015 22:35:53 GMT+0800 (Malay Peninsula Standard Time),,s0w13,label,","
Mon Aug 10 2015 22:35:56 GMT+0800 (Malay Peninsula Standard Time),,s0w13,label,","
Mon Aug 10 2015 22:35:57 GMT+0800 (Malay Peninsula Standard Time),,s0w14,focus,
Mon Aug 10 2015 22:35:57 GMT+0800 (Malay Peninsula Standard Time),,s0w14,focus,
Mon Aug 10 2015 22:35:59 GMT+0800 (Malay Peninsula Standard Time),,s0w13,focus,
Mon Aug 10 2015 22:35:59 GMT+0800 (Malay Peninsula Standard Time),,s0w13,focus,
Mon Aug 10 2015 22:35:59 GMT+0800 (Malay Peninsula Standard Time),,s0w13,label,","
Mon Aug 10 2015 22:36:00 GMT+0800 (Malay Peninsula Standard Time),,s0w14,focus,
Mon Aug 10 2015 22:36:00 GMT+0800 (Malay Peninsula Standard Time),,s0w14,focus,
Mon Aug 10 2015 22:36:00 GMT+0800 (Malay Peninsula Standard Time),,s0w14,label,","
Mon Aug 10 2015 22:36:02 GMT+0800 (Malay Peninsula Standard Time),,s0w14,label,"A"
Mon Aug 10 2015 22:36:14 GMT+0800 (Malay Peninsula Standard Time),,s0w18,focus,
Mon Aug 10 2015 22:36:14 GMT+0800 (Malay Peninsula Standard Time),,s0w18,focus,
Mon Aug 10 2015 22:36:14 GMT+0800 (Malay Peninsula Standard Time),,s0w18,label,","
Mon Aug 10 2015 22:36:25 GMT+0800 (Malay Peninsula Standard Time),,s0w26,focus,
Mon Aug 10 2015 22:36:25 GMT+0800 (Malay Peninsula Standard Time),,s0w26,focus,
Mon Aug 10 2015 22:36:26 GMT+0800 (Malay Peninsula Standard Time),,s0w26,label,"^"
Mon Aug 10 2015 22:36:30 GMT+0800 (Malay Peninsula Standard Time),,s0w26,focus,
Mon Aug 10 2015 22:36:31 GMT+0800 (Malay Peninsula Standard Time),,s0w26,label,"&"
Mon Aug 10 2015 22:36:33 GMT+0800 (Malay Peninsula Standard Time),,s0w26,label,"^"
Mon Aug 10 2015 22:36:48 GMT+0800 (Malay Peninsula Standard Time),,s0w33,focus,
Mon Aug 10 2015 22:36:48 GMT+0800 (Malay Peninsula Standard Time),,s0w33,focus,
Mon Aug 10 2015 22:36:49 GMT+0800 (Malay Peninsula Standard Time),,s0w33,label,"^"
Mon Aug 10 2015 22:37:24 GMT+0800 (Malay Peninsula Standard Time),,s0w43,focus,
Mon Aug 10 2015 22:37:24 GMT+0800 (Malay Peninsula Standard Time),,s0w43,focus,
Mon Aug 10 2015 22:37:26 GMT+0800 (Malay Peninsula Standard Time),,s0w43,label,"U"
Mon Aug 10 2015 22:37:53 GMT+0800 (Malay Peninsula Standard Time),,s0w64,focus,
Mon Aug 10 2015 22:37:53 GMT+0800 (Malay Peninsula Standard Time),,s0w64,focus,
Mon Aug 10 2015 22:37:54 GMT+0800 (Malay Peninsula Standard Time),,s0w51,focus,
Mon Aug 10 2015 22:37:54 GMT+0800 (Malay Peninsula Standard Time),,s0w51,focus,
Mon Aug 10 2015 22:37:55 GMT+0800 (Malay Peninsula Standard Time),,s0w51,label,"U"
Mon Aug 10 2015 22:38:52 GMT+0800 (Malay Peninsula Standard Time),,s0w181,focus,
Mon Aug 10 2015 22:38:52 GMT+0800 (Malay Peninsula Standard Time),,s0w181,focus,
Mon Aug 10 2015 22:38:53 GMT+0800 (Malay Peninsula Standard Time),,s0w181,label,","
Mon Aug 10 2015 22:38:56 GMT+0800 (Malay Peninsula Standard Time),,s0w170,focus,
Mon Aug 10 2015 22:38:56 GMT+0800 (Malay Peninsula Standard Time),,s0w170,focus,
Mon Aug 10 2015 22:38:56 GMT+0800 (Malay Peninsula Standard Time),,s0w170,label,","
Mon Aug 10 2015 22:39:00 GMT+0800 (Malay Peninsula Standard Time),,s0w164,focus,
Mon Aug 10 2015 22:39:00 GMT+0800 (Malay Peninsula Standard Time),,s0w164,focus,
Mon Aug 10 2015 22:39:00 GMT+0800 (Malay Peninsula Standard Time),,s0w164,label,","
Mon Aug 10 2015 22:39:02 GMT+0800 (Malay Peninsula Standard Time),,s0w160,focus,
Mon Aug 10 2015 22:39:02 GMT+0800 (Malay Peninsula Standard Time),,s0w160,focus,
Mon Aug 10 2015 22:39:02 GMT+0800 (Malay Peninsula Standard Time),,s0w160,label,","
Mon Aug 10 2015 22:39:12 GMT+0800 (Malay Peninsula Standard Time),,s0w129,focus,
Mon Aug 10 2015 22:39:12 GMT+0800 (Malay Peninsula Standard Time),,s0w129,focus,
Mon Aug 10 2015 22:39:12 GMT+0800 (Malay Peninsula Standard Time),,s0w129,label,","
Mon Aug 10 2015 22:39:14 GMT+0800 (Malay Peninsula Standard Time),,s0w131,focus,
Mon Aug 10 2015 22:39:14 GMT+0800 (Malay Peninsula Standard Time),,s0w131,focus,
Mon Aug 10 2015 22:39:14 GMT+0800 (Malay Peninsula Standard Time),,s0w131,label,","
Mon Aug 10 2015 22:39:24 GMT+0800 (Malay Peninsula Standard Time),,s0w103,focus,
Mon Aug 10 2015 22:39:24 GMT+0800 (Malay Peninsula Standard Time),,s0w103,focus,
Mon Aug 10 2015 22:39:24 GMT+0800 (Malay Peninsula Standard Time),,s0w103,label,","
Mon Aug 10 2015 22:39:26 GMT+0800 (Malay Peninsula Standard Time),,s0w50,focus,
Mon Aug 10 2015 22:39:26 GMT+0800 (Malay Peninsula Standard Time),,s0w50,focus,
Mon Aug 10 2015 22:39:26 GMT+0800 (Malay Peninsula Standard Time),,s0w50,label,","
Mon Aug 10 2015 22:39:28 GMT+0800 (Malay Peninsula Standard Time),,s0w47,focus,
Mon Aug 10 2015 22:39:28 GMT+0800 (Malay Peninsula Standard Time),,s0w47,focus,
Mon Aug 10 2015 22:39:28 GMT+0800 (Malay Peninsula Standard Time),,s0w47,label,","
Mon Aug 10 2015 22:39:29 GMT+0800 (Malay Peninsula Standard Time),,s0w42,focus,
Mon Aug 10 2015 22:39:29 GMT+0800 (Malay Peninsula Standard Time),,s0w42,focus,
Mon Aug 10 2015 22:39:29 GMT+0800 (Malay Peninsula Standard Time),,s0w42,label,","
Mon Aug 10 2015 22:39:31 GMT+0800 (Malay Peninsula Standard Time),,s0w45,focus,
Mon Aug 10 2015 22:39:31 GMT+0800 (Malay Peninsula Standard Time),,s0w45,focus,
Mon Aug 10 2015 22:39:32 GMT+0800 (Malay Peninsula Standard Time),,s0w45,label,","
Mon Aug 10 2015 22:39:33 GMT+0800 (Malay Peninsula Standard Time),,s0w45,focus,
Mon Aug 10 2015 22:39:35 GMT+0800 (Malay Peninsula Standard Time),,s0w45,label,"^"
Mon Aug 10 2015 22:39:36 GMT+0800 (Malay Peninsula Standard Time),,s0w40,focus,
Mon Aug 10 2015 22:39:36 GMT+0800 (Malay Peninsula Standard Time),,s0w40,focus,
Mon Aug 10 2015 22:39:38 GMT+0800 (Malay Peninsula Standard Time),,s0w40,label,","
Mon Aug 10 2015 22:39:48 GMT+0800 (Malay Peninsula Standard Time),,s0w51,focus,
Mon Aug 10 2015 22:39:48 GMT+0800 (Malay Peninsula Standard Time),,s0w51,focus,
Mon Aug 10 2015 22:39:49 GMT+0800 (Malay Peninsula Standard Time),,s0w51,label,"N"
Mon Aug 10 2015 22:39:51 GMT+0800 (Malay Peninsula Standard Time),,s0w51,focus,
Mon Aug 10 2015 22:39:52 GMT+0800 (Malay Peninsula Standard Time),,s0w46,focus,
Mon Aug 10 2015 22:39:52 GMT+0800 (Malay Peninsula Standard Time),,s0w46,focus,
Mon Aug 10 2015 22:39:53 GMT+0800 (Malay Peninsula Standard Time),,s0w46,label,"N"
Mon Aug 10 2015 22:39:54 GMT+0800 (Malay Peninsula Standard Time),,s0w51,focus,
Mon Aug 10 2015 22:39:54 GMT+0800 (Malay Peninsula Standard Time),,s0w51,focus,
Mon Aug 10 2015 22:39:55 GMT+0800 (Malay Peninsula Standard Time),,s0w51,label,"U"
Mon Aug 10 2015 22:39:58 GMT+0800 (Malay Peninsula Standard Time),,s0w48,focus,
Mon Aug 10 2015 22:39:58 GMT+0800 (Malay Peninsula Standard Time),,s0w48,focus,
Mon Aug 10 2015 22:40:01 GMT+0800 (Malay Peninsula Standard Time),,s0w48,label,"U"
Mon Aug 10 2015 22:40:22 GMT+0800 (Malay Peninsula Standard Time),,s0w89,focus,
Mon Aug 10 2015 22:40:23 GMT+0800 (Malay Peninsula Standard Time),,s0w89,focus,
Mon Aug 10 2015 22:40:23 GMT+0800 (Malay Peninsula Standard Time),,s0w89,focus,
Mon Aug 10 2015 22:40:24 GMT+0800 (Malay Peninsula Standard Time),,s0w89,label,"^"
Mon Aug 10 2015 22:40:38 GMT+0800 (Malay Peninsula Standard Time),,s0w113,focus,
Mon Aug 10 2015 22:40:38 GMT+0800 (Malay Peninsula Standard Time),,s0w113,focus,
Mon Aug 10 2015 22:40:39 GMT+0800 (Malay Peninsula Standard Time),,s0w113,label,"^"
Mon Aug 10 2015 22:40:55 GMT+0800 (Malay Peninsula Standard Time),,s0w137,focus,
Mon Aug 10 2015 22:40:55 GMT+0800 (Malay Peninsula Standard Time),,s0w137,focus,
Mon Aug 10 2015 22:40:56 GMT+0800 (Malay Peninsula Standard Time),,s0w137,label,"^"
Mon Aug 10 2015 22:41:09 GMT+0800 (Malay Peninsula Standard Time),,s0w158,focus,
Mon Aug 10 2015 22:41:09 GMT+0800 (Malay Peninsula Standard Time),,s0w158,focus,
Mon Aug 10 2015 22:41:10 GMT+0800 (Malay Peninsula Standard Time),,s0w158,label,"^"
Mon Aug 10 2015 22:41:24 GMT+0800 (Malay Peninsula Standard Time),,,submitPage,
Mon Aug 10 2015 22:29:09 GMT+0800 (SGT),,,pageReady,0:1:1
Mon Aug 10 2015 22:29:09 GMT+0800 (SGT),,s0,twitterId,1
Mon Aug 10 2015 22:43:01 GMT+0800 (SGT),,,pageReady,0:1:1
Mon Aug 10 2015 22:43:01 GMT+0800 (SGT),,s0,twitterId,1
Mon Aug 10 2015 22:43:03 GMT+0800 (SGT),,,pageReady,0:1:1
Mon Aug 10 2015 22:43:03 GMT+0800 (SGT),,s0,twitterId,1
Mon Aug 10 2015 22:43:05 GMT+0800 (SGT),,s0w46,focus,
Mon Aug 10 2015 22:43:05 GMT+0800 (SGT),,s0w46,focus,
Mon Aug 10 2015 22:43:07 GMT+0800 (SGT),,s0w46,label,"N"
Mon Aug 10 2015 22:43:09 GMT+0800 (SGT),,s0w48,focus,
Mon Aug 10 2015 22:43:09 GMT+0800 (SGT),,s0w48,focus,
Mon Aug 10 2015 22:43:10 GMT+0800 (SGT),,s0w48,label,"U"
Mon Aug 10 2015 22:43:15 GMT+0800 (SGT),,s0w43,focus,
Mon Aug 10 2015 22:43:15 GMT+0800 (SGT),,s0w43,focus,
Mon Aug 10 2015 22:43:16 GMT+0800 (SGT),,s0w43,label,"U"
Mon Aug 10 2015 22:43:17 GMT+0800 (SGT),,s0w51,focus,
Mon Aug 10 2015 22:43:17 GMT+0800 (SGT),,s0w51,focus,
Mon Aug 10 2015 22:43:17 GMT+0800 (SGT),,s0w51,label,"U"
Mon Aug 10 2015 22:43:22 GMT+0800 (SGT),,,submitPage,
Wed Aug 12 2015 13:30:17 GMT+0800 (SGT),,,pageReady,0:1:1
Wed Aug 12 2015 13:30:17 GMT+0800 (SGT),,s0,twitterId,1
Wed Aug 12 2015 13:30:29 GMT+0800 (SGT),,,submitPage,
Mon Aug 24 2015 17:20:08 GMT+0800 (Malay Peninsula Standard Time),,,pageReady,0:1:1
Mon Aug 24 2015 17:20:08 GMT+0800 (Malay Peninsula Standard Time),,s0,twitterId,18553292
Mon Aug 24 2015 17:33:45 GMT+0800 (Malay Peninsula Standard Time),,s0w1,focus,
Mon Aug 24 2015 17:33:45 GMT+0800 (Malay Peninsula Standard Time),,s0w1,focus,
Mon Aug 24 2015 17:33:48 GMT+0800 (Malay Peninsula Standard Time),,s0w1,focus,
Mon Aug 24 2015 17:33:50 GMT+0800 (Malay Peninsula Standard Time),,s0w1,label,"^"
Mon Aug 24 2015 17:33:50 GMT+0800 (Malay Peninsula Standard Time),,s0w2,focus,
Mon Aug 24 2015 17:33:51 GMT+0800 (Malay Peninsula Standard Time),,s0w2,focus,
Mon Aug 24 2015 17:33:53 GMT+0800 (Malay Peninsula Standard Time),,s0w2,label,"N"
Mon Aug 24 2015 17:33:54 GMT+0800 (Malay Peninsula Standard Time),,s0w3,focus,
Mon Aug 24 2015 17:33:54 GMT+0800 (Malay Peninsula Standard Time),,s0w3,focus,
Mon Aug 24 2015 17:33:54 GMT+0800 (Malay Peninsula Standard Time),,s0w3,label,"N"
Mon Aug 24 2015 17:33:55 GMT+0800 (Malay Peninsula Standard Time),,s0w4,focus,
Mon Aug 24 2015 17:33:56 GMT+0800 (Malay Peninsula Standard Time),,s0w4,focus,
Mon Aug 24 2015 17:33:59 GMT+0800 (Malay Peninsula Standard Time),,s0w4,label,"P"
Mon Aug 24 2015 17:33:59 GMT+0800 (Malay Peninsula Standard Time),,s0w5,focus,
Mon Aug 24 2015 17:33:59 GMT+0800 (Malay Peninsula Standard Time),,s0w5,focus,
Mon Aug 24 2015 17:34:04 GMT+0800 (Malay Peninsula Standard Time),,s0w5,label,"^"
Mon Aug 24 2015 17:34:06 GMT+0800 (Malay Peninsula Standard Time),,,submitPage,
