Fri Aug 21 2015 11:52:44 GMT+0800 (SGT),,,pageReady,0:100:100
Fri Aug 21 2015 11:52:44 GMT+0800 (SGT),,s0,twitterId,538898
Fri Aug 21 2015 11:52:44 GMT+0800 (SGT),,s1,twitterId,538898
Fri Aug 21 2015 11:52:44 GMT+0800 (SGT),,s2,twitterId,538898
Fri Aug 21 2015 11:52:44 GMT+0800 (SGT),,s3,twitterId,538898
Fri Aug 21 2015 11:52:44 GMT+0800 (SGT),,s4,twitterId,538898
Fri Aug 21 2015 11:52:44 GMT+0800 (SGT),,s5,twitterId,538898
Fri Aug 21 2015 11:52:44 GMT+0800 (SGT),,s6,twitterId,538898
Fri Aug 21 2015 11:53:28 GMT+0800 (SGT),,,submitPage,
Fri Aug 21 2015 15:08:07 GMT+0800 (Malay Peninsula Standard Time),,,pageReady,0:100:100
Fri Aug 21 2015 15:08:07 GMT+0800 (Malay Peninsula Standard Time),,s0,twitterId,538898
Fri Aug 21 2015 15:08:07 GMT+0800 (Malay Peninsula Standard Time),,s1,twitterId,538898
Fri Aug 21 2015 15:08:07 GMT+0800 (Malay Peninsula Standard Time),,s2,twitterId,538898
Fri Aug 21 2015 15:08:07 GMT+0800 (Malay Peninsula Standard Time),,s3,twitterId,538898
Fri Aug 21 2015 15:08:07 GMT+0800 (Malay Peninsula Standard Time),,s4,twitterId,538898
Fri Aug 21 2015 15:08:07 GMT+0800 (Malay Peninsula Standard Time),,s5,twitterId,538898
Fri Aug 21 2015 15:08:07 GMT+0800 (Malay Peninsula Standard Time),,s6,twitterId,538898
Fri Aug 21 2015 15:11:39 GMT+0800 (Malay Peninsula Standard Time),,s0w1,focus,
Fri Aug 21 2015 15:11:39 GMT+0800 (Malay Peninsula Standard Time),,s0w1,focus,
Fri Aug 21 2015 15:13:01 GMT+0800 (Malay Peninsula Standard Time),,s0w2,focus,
Fri Aug 21 2015 15:14:15 GMT+0800 (Malay Peninsula Standard Time),,s0w3,focus,
Fri Aug 21 2015 15:14:16 GMT+0800 (Malay Peninsula Standard Time),,s0w4,focus,
Fri Aug 21 2015 15:14:16 GMT+0800 (Malay Peninsula Standard Time),,s0w5,focus,
Fri Aug 21 2015 15:14:16 GMT+0800 (Malay Peninsula Standard Time),,s0w6,focus,
Fri Aug 21 2015 15:14:18 GMT+0800 (Malay Peninsula Standard Time),,s0w7,focus,
Fri Aug 21 2015 15:14:19 GMT+0800 (Malay Peninsula Standard Time),,s0w7,label,"N"
Fri Aug 21 2015 15:14:20 GMT+0800 (Malay Peninsula Standard Time),,s0w8,focus,
Fri Aug 21 2015 15:14:20 GMT+0800 (Malay Peninsula Standard Time),,s0w8,label,"N"
Fri Aug 21 2015 15:14:21 GMT+0800 (Malay Peninsula Standard Time),,s1w1,focus,
Fri Aug 21 2015 15:14:24 GMT+0800 (Malay Peninsula Standard Time),,s1w2,focus,
Fri Aug 21 2015 15:14:30 GMT+0800 (Malay Peninsula Standard Time),,s1w3,focus,
Fri Aug 21 2015 15:14:46 GMT+0800 (Malay Peninsula Standard Time),,s1w4,focus,
Fri Aug 21 2015 15:14:57 GMT+0800 (Malay Peninsula Standard Time),,s1w5,focus,
Fri Aug 21 2015 15:14:58 GMT+0800 (Malay Peninsula Standard Time),,s1w6,focus,
Fri Aug 21 2015 15:15:02 GMT+0800 (Malay Peninsula Standard Time),,s1w7,focus,
Fri Aug 21 2015 15:15:03 GMT+0800 (Malay Peninsula Standard Time),,s1w8,focus,
Fri Aug 21 2015 15:15:04 GMT+0800 (Malay Peninsula Standard Time),,s1w9,focus,
Fri Aug 21 2015 15:15:05 GMT+0800 (Malay Peninsula Standard Time),,s1w10,focus,
Fri Aug 21 2015 15:15:05 GMT+0800 (Malay Peninsula Standard Time),,s1w11,focus,
Fri Aug 21 2015 15:15:06 GMT+0800 (Malay Peninsula Standard Time),,s1w11,label,"N"
Fri Aug 21 2015 15:15:07 GMT+0800 (Malay Peninsula Standard Time),,s1w12,focus,
Fri Aug 21 2015 15:15:08 GMT+0800 (Malay Peninsula Standard Time),,s1w12,label,"N"
Fri Aug 21 2015 15:15:08 GMT+0800 (Malay Peninsula Standard Time),,s1w13,focus,
Fri Aug 21 2015 15:15:57 GMT+0800 (Malay Peninsula Standard Time),,s1w13,label,"D"
Fri Aug 21 2015 15:15:58 GMT+0800 (Malay Peninsula Standard Time),,s1w14,focus,
Fri Aug 21 2015 15:16:16 GMT+0800 (Malay Peninsula Standard Time),,s1w15,focus,
Fri Aug 21 2015 15:16:17 GMT+0800 (Malay Peninsula Standard Time),,s1w16,focus,
Fri Aug 21 2015 15:16:17 GMT+0800 (Malay Peninsula Standard Time),,s1w17,focus,
Fri Aug 21 2015 15:16:20 GMT+0800 (Malay Peninsula Standard Time),,s1w18,focus,
Fri Aug 21 2015 15:16:22 GMT+0800 (Malay Peninsula Standard Time),,s1w19,focus,
Fri Aug 21 2015 15:16:23 GMT+0800 (Malay Peninsula Standard Time),,s1w20,focus,
Fri Aug 21 2015 15:16:58 GMT+0800 (Malay Peninsula Standard Time),,s1w20,label,"V"
Fri Aug 21 2015 15:16:59 GMT+0800 (Malay Peninsula Standard Time),,s1w21,focus,
Fri Aug 21 2015 15:17:18 GMT+0800 (Malay Peninsula Standard Time),,s1w20,focus,
Fri Aug 21 2015 15:17:19 GMT+0800 (Malay Peninsula Standard Time),,s1w20,label,"N"
Fri Aug 21 2015 15:17:19 GMT+0800 (Malay Peninsula Standard Time),,s1w21,focus,
Fri Aug 21 2015 15:17:20 GMT+0800 (Malay Peninsula Standard Time),,s2w1,focus,
Fri Aug 21 2015 15:17:32 GMT+0800 (Malay Peninsula Standard Time),,s2w2,focus,
Fri Aug 21 2015 15:17:45 GMT+0800 (Malay Peninsula Standard Time),,s2w3,focus,
Fri Aug 21 2015 15:17:50 GMT+0800 (Malay Peninsula Standard Time),,s2w4,focus,
Fri Aug 21 2015 15:17:51 GMT+0800 (Malay Peninsula Standard Time),,s2w5,focus,
Fri Aug 21 2015 15:17:57 GMT+0800 (Malay Peninsula Standard Time),,s2w6,focus,
Fri Aug 21 2015 15:18:02 GMT+0800 (Malay Peninsula Standard Time),,s2w7,focus,
Fri Aug 21 2015 15:18:06 GMT+0800 (Malay Peninsula Standard Time),,s2w8,focus,
Fri Aug 21 2015 15:18:08 GMT+0800 (Malay Peninsula Standard Time),,s2w9,focus,
Fri Aug 21 2015 15:18:14 GMT+0800 (Malay Peninsula Standard Time),,s2w8,focus,
Fri Aug 21 2015 15:19:07 GMT+0800 (Malay Peninsula Standard Time),,s2w8,label,"^"
Fri Aug 21 2015 15:19:08 GMT+0800 (Malay Peninsula Standard Time),,s2w9,focus,
Fri Aug 21 2015 15:19:09 GMT+0800 (Malay Peninsula Standard Time),,s2w10,focus,
Fri Aug 21 2015 15:19:09 GMT+0800 (Malay Peninsula Standard Time),,s2w11,focus,
Fri Aug 21 2015 15:19:10 GMT+0800 (Malay Peninsula Standard Time),,s2w12,focus,
Fri Aug 21 2015 15:19:10 GMT+0800 (Malay Peninsula Standard Time),,s2w13,focus,
Fri Aug 21 2015 15:19:58 GMT+0800 (Malay Peninsula Standard Time),,s2w13,label,"^"
Fri Aug 21 2015 15:20:00 GMT+0800 (Malay Peninsula Standard Time),,s2w14,focus,
Fri Aug 21 2015 15:20:06 GMT+0800 (Malay Peninsula Standard Time),,s2w14,label,"D"
Fri Aug 21 2015 15:20:11 GMT+0800 (Malay Peninsula Standard Time),,s2w15,focus,
Fri Aug 21 2015 15:20:11 GMT+0800 (Malay Peninsula Standard Time),,s2w16,focus,
Fri Aug 21 2015 15:20:12 GMT+0800 (Malay Peninsula Standard Time),,s2w17,focus,
Fri Aug 21 2015 15:20:13 GMT+0800 (Malay Peninsula Standard Time),,s2w18,focus,
Fri Aug 21 2015 15:20:17 GMT+0800 (Malay Peninsula Standard Time),,s2w19,focus,
Fri Aug 21 2015 15:20:25 GMT+0800 (Malay Peninsula Standard Time),,s2w20,focus,
Fri Aug 21 2015 15:20:25 GMT+0800 (Malay Peninsula Standard Time),,s2w21,focus,
Fri Aug 21 2015 15:20:26 GMT+0800 (Malay Peninsula Standard Time),,s2w22,focus,
Fri Aug 21 2015 15:20:32 GMT+0800 (Malay Peninsula Standard Time),,s2w21,focus,
Fri Aug 21 2015 15:20:32 GMT+0800 (Malay Peninsula Standard Time),,s2w20,focus,
Fri Aug 21 2015 15:20:32 GMT+0800 (Malay Peninsula Standard Time),,s2w19,focus,
Fri Aug 21 2015 15:20:32 GMT+0800 (Malay Peninsula Standard Time),,s2w18,focus,
Fri Aug 21 2015 15:20:33 GMT+0800 (Malay Peninsula Standard Time),,s2w19,focus,
Fri Aug 21 2015 15:20:37 GMT+0800 (Malay Peninsula Standard Time),,s2w20,focus,
Fri Aug 21 2015 15:20:37 GMT+0800 (Malay Peninsula Standard Time),,s2w21,focus,
Fri Aug 21 2015 15:20:38 GMT+0800 (Malay Peninsula Standard Time),,s2w22,focus,
Fri Aug 21 2015 15:20:38 GMT+0800 (Malay Peninsula Standard Time),,s2w23,focus,
Fri Aug 21 2015 15:20:38 GMT+0800 (Malay Peninsula Standard Time),,s2w24,focus,
Fri Aug 21 2015 15:20:38 GMT+0800 (Malay Peninsula Standard Time),,s2w25,focus,
Fri Aug 21 2015 15:20:39 GMT+0800 (Malay Peninsula Standard Time),,s2w24,focus,
Fri Aug 21 2015 15:21:11 GMT+0800 (Malay Peninsula Standard Time),,s2w25,focus,
Fri Aug 21 2015 15:21:17 GMT+0800 (Malay Peninsula Standard Time),,s2w26,focus,
Fri Aug 21 2015 15:21:17 GMT+0800 (Malay Peninsula Standard Time),,s2w27,focus,
Fri Aug 21 2015 15:21:18 GMT+0800 (Malay Peninsula Standard Time),,s2w28,focus,
Fri Aug 21 2015 15:21:20 GMT+0800 (Malay Peninsula Standard Time),,s2w29,focus,
Fri Aug 21 2015 15:21:26 GMT+0800 (Malay Peninsula Standard Time),,s2w30,focus,
Fri Aug 21 2015 15:21:26 GMT+0800 (Malay Peninsula Standard Time),,s2w31,focus,
Fri Aug 21 2015 15:21:27 GMT+0800 (Malay Peninsula Standard Time),,s2w32,focus,
Fri Aug 21 2015 15:21:33 GMT+0800 (Malay Peninsula Standard Time),,s3w1,focus,
Fri Aug 21 2015 15:21:34 GMT+0800 (Malay Peninsula Standard Time),,s3w2,focus,
Fri Aug 21 2015 15:21:35 GMT+0800 (Malay Peninsula Standard Time),,s3w3,focus,
Fri Aug 21 2015 15:21:45 GMT+0800 (Malay Peninsula Standard Time),,s3w4,focus,
Fri Aug 21 2015 15:21:46 GMT+0800 (Malay Peninsula Standard Time),,s3w5,focus,
Fri Aug 21 2015 15:21:46 GMT+0800 (Malay Peninsula Standard Time),,s3w6,focus,
Fri Aug 21 2015 15:22:28 GMT+0800 (Malay Peninsula Standard Time),,s3w7,focus,
Fri Aug 21 2015 15:22:32 GMT+0800 (Malay Peninsula Standard Time),,s4w1,focus,
Fri Aug 21 2015 15:22:42 GMT+0800 (Malay Peninsula Standard Time),,s4w2,focus,
Fri Aug 21 2015 15:22:42 GMT+0800 (Malay Peninsula Standard Time),,s4w3,focus,
Fri Aug 21 2015 15:22:45 GMT+0800 (Malay Peninsula Standard Time),,s4w2,focus,
Fri Aug 21 2015 15:22:48 GMT+0800 (Malay Peninsula Standard Time),,s4w3,focus,
Fri Aug 21 2015 15:22:53 GMT+0800 (Malay Peninsula Standard Time),,s4w2,focus,
Fri Aug 21 2015 15:22:53 GMT+0800 (Malay Peninsula Standard Time),,s4w3,focus,
Fri Aug 21 2015 15:24:01 GMT+0800 (Malay Peninsula Standard Time),,s3w7,focus,
Fri Aug 21 2015 15:24:01 GMT+0800 (Malay Peninsula Standard Time),,s3w7,focus,
Fri Aug 21 2015 15:24:03 GMT+0800 (Malay Peninsula Standard Time),,s3w7,label,"G"
Fri Aug 21 2015 15:24:18 GMT+0800 (Malay Peninsula Standard Time),,s4w1,focus,
Fri Aug 21 2015 15:24:18 GMT+0800 (Malay Peninsula Standard Time),,s4w2,focus,
Fri Aug 21 2015 15:24:19 GMT+0800 (Malay Peninsula Standard Time),,s4w3,focus,
Fri Aug 21 2015 15:24:19 GMT+0800 (Malay Peninsula Standard Time),,s4w4,focus,
Fri Aug 21 2015 15:25:32 GMT+0800 (Malay Peninsula Standard Time),,s4w5,focus,
Fri Aug 21 2015 15:25:33 GMT+0800 (Malay Peninsula Standard Time),,s4w6,focus,
Fri Aug 21 2015 15:25:34 GMT+0800 (Malay Peninsula Standard Time),,s4w5,focus,
Fri Aug 21 2015 15:25:35 GMT+0800 (Malay Peninsula Standard Time),,s4w6,focus,
Fri Aug 21 2015 15:25:35 GMT+0800 (Malay Peninsula Standard Time),,s4w7,focus,
Fri Aug 21 2015 15:25:44 GMT+0800 (Malay Peninsula Standard Time),,s4w8,focus,
Fri Aug 21 2015 15:25:45 GMT+0800 (Malay Peninsula Standard Time),,s4w9,focus,
Fri Aug 21 2015 15:25:46 GMT+0800 (Malay Peninsula Standard Time),,s4w10,focus,
Fri Aug 21 2015 15:25:47 GMT+0800 (Malay Peninsula Standard Time),,s4w10,label,"^"
Fri Aug 21 2015 15:25:48 GMT+0800 (Malay Peninsula Standard Time),,s4w11,focus,
Fri Aug 21 2015 15:25:50 GMT+0800 (Malay Peninsula Standard Time),,s4w12,focus,
Fri Aug 21 2015 15:25:56 GMT+0800 (Malay Peninsula Standard Time),,s4w13,focus,
Fri Aug 21 2015 15:26:15 GMT+0800 (Malay Peninsula Standard Time),,s4w13,label,"N"
Fri Aug 21 2015 15:26:29 GMT+0800 (Malay Peninsula Standard Time),,s4w13,label,"^"
Fri Aug 21 2015 15:26:30 GMT+0800 (Malay Peninsula Standard Time),,s4w14,focus,
Fri Aug 21 2015 15:26:33 GMT+0800 (Malay Peninsula Standard Time),,s4w15,focus,
Fri Aug 21 2015 15:26:37 GMT+0800 (Malay Peninsula Standard Time),,s4w16,focus,
Fri Aug 21 2015 15:26:50 GMT+0800 (Malay Peninsula Standard Time),,s4w16,label,"N"
Fri Aug 21 2015 15:26:51 GMT+0800 (Malay Peninsula Standard Time),,s4w17,focus,
Fri Aug 21 2015 15:26:51 GMT+0800 (Malay Peninsula Standard Time),,s5w1,focus,
Fri Aug 21 2015 15:26:57 GMT+0800 (Malay Peninsula Standard Time),,s5w2,focus,
Fri Aug 21 2015 15:27:03 GMT+0800 (Malay Peninsula Standard Time),,s5w3,focus,
Fri Aug 21 2015 15:27:09 GMT+0800 (Malay Peninsula Standard Time),,s5w4,focus,
Fri Aug 21 2015 15:27:11 GMT+0800 (Malay Peninsula Standard Time),,s5w5,focus,
Fri Aug 21 2015 15:27:18 GMT+0800 (Malay Peninsula Standard Time),,s5w6,focus,
Fri Aug 21 2015 15:27:19 GMT+0800 (Malay Peninsula Standard Time),,s5w7,focus,
Fri Aug 21 2015 15:27:19 GMT+0800 (Malay Peninsula Standard Time),,s5w8,focus,
Fri Aug 21 2015 15:27:21 GMT+0800 (Malay Peninsula Standard Time),,s5w9,focus,
Fri Aug 21 2015 15:27:22 GMT+0800 (Malay Peninsula Standard Time),,s5w10,focus,
Fri Aug 21 2015 15:27:23 GMT+0800 (Malay Peninsula Standard Time),,s5w11,focus,
Fri Aug 21 2015 15:27:28 GMT+0800 (Malay Peninsula Standard Time),,s5w12,focus,
Fri Aug 21 2015 15:27:31 GMT+0800 (Malay Peninsula Standard Time),,s5w13,focus,
Fri Aug 21 2015 15:27:33 GMT+0800 (Malay Peninsula Standard Time),,s5w14,focus,
Fri Aug 21 2015 15:27:34 GMT+0800 (Malay Peninsula Standard Time),,s5w15,focus,
Fri Aug 21 2015 15:27:35 GMT+0800 (Malay Peninsula Standard Time),,s5w16,focus,
Fri Aug 21 2015 15:27:38 GMT+0800 (Malay Peninsula Standard Time),,s5w17,focus,
Fri Aug 21 2015 15:27:40 GMT+0800 (Malay Peninsula Standard Time),,s5w18,focus,
Fri Aug 21 2015 15:27:41 GMT+0800 (Malay Peninsula Standard Time),,s5w19,focus,
Fri Aug 21 2015 15:27:42 GMT+0800 (Malay Peninsula Standard Time),,s5w20,focus,
Fri Aug 21 2015 15:27:42 GMT+0800 (Malay Peninsula Standard Time),,s5w21,focus,
Fri Aug 21 2015 15:27:47 GMT+0800 (Malay Peninsula Standard Time),,s5w22,focus,
Fri Aug 21 2015 15:27:48 GMT+0800 (Malay Peninsula Standard Time),,s5w23,focus,
Fri Aug 21 2015 15:27:48 GMT+0800 (Malay Peninsula Standard Time),,s5w24,focus,
Fri Aug 21 2015 15:27:52 GMT+0800 (Malay Peninsula Standard Time),,s5w25,focus,
Fri Aug 21 2015 15:27:54 GMT+0800 (Malay Peninsula Standard Time),,s5w26,focus,
Fri Aug 21 2015 15:27:57 GMT+0800 (Malay Peninsula Standard Time),,s5w27,focus,
Fri Aug 21 2015 15:27:57 GMT+0800 (Malay Peninsula Standard Time),,s5w28,focus,
Fri Aug 21 2015 15:27:58 GMT+0800 (Malay Peninsula Standard Time),,s6w1,focus,
Fri Aug 21 2015 15:28:00 GMT+0800 (Malay Peninsula Standard Time),,s6w2,focus,
Fri Aug 21 2015 15:28:04 GMT+0800 (Malay Peninsula Standard Time),,s6w3,focus,
Fri Aug 21 2015 15:28:05 GMT+0800 (Malay Peninsula Standard Time),,s6w4,focus,
Fri Aug 21 2015 15:28:32 GMT+0800 (Malay Peninsula Standard Time),,s6w4,label,"^"
Fri Aug 21 2015 15:28:33 GMT+0800 (Malay Peninsula Standard Time),,s6w5,focus,
Fri Aug 21 2015 15:28:34 GMT+0800 (Malay Peninsula Standard Time),,s6w6,focus,
Fri Aug 21 2015 15:28:34 GMT+0800 (Malay Peninsula Standard Time),,s6w7,focus,
Fri Aug 21 2015 15:28:35 GMT+0800 (Malay Peninsula Standard Time),,s6w8,focus,
Fri Aug 21 2015 15:28:41 GMT+0800 (Malay Peninsula Standard Time),,,submitPage,
