Wed Sep 02 2015 17:35:00 GMT+0800 (Malay Peninsula Standard Time),,,pageReady,0:100:100
Wed Sep 02 2015 17:35:00 GMT+0800 (Malay Peninsula Standard Time),,s0,twitterId,715646
Wed Sep 02 2015 17:35:00 GMT+0800 (Malay Peninsula Standard Time),,s1,twitterId,715646
Wed Sep 02 2015 17:35:00 GMT+0800 (Malay Peninsula Standard Time),,s2,twitterId,715646
Wed Sep 02 2015 17:35:00 GMT+0800 (Malay Peninsula Standard Time),,s3,twitterId,715646
Wed Sep 02 2015 17:36:53 GMT+0800 (Malay Peninsula Standard Time),,s0w1,focus,
Wed Sep 02 2015 17:36:53 GMT+0800 (Malay Peninsula Standard Time),,s0w1,focus,
Wed Sep 02 2015 17:36:56 GMT+0800 (Malay Peninsula Standard Time),,s0w1,focus,
Wed Sep 02 2015 17:37:09 GMT+0800 (Malay Peninsula Standard Time),,s0w1,label,"V"
Wed Sep 02 2015 17:37:35 GMT+0800 (Malay Peninsula Standard Time),,s0w1,focus,
Wed Sep 02 2015 17:37:37 GMT+0800 (Malay Peninsula Standard Time),,s0w1,label,"V"
Wed Sep 02 2015 17:37:39 GMT+0800 (Malay Peninsula Standard Time),,s0w1,label,"N"
Wed Sep 02 2015 17:37:40 GMT+0800 (Malay Peninsula Standard Time),,s0w1,label,"V"
Wed Sep 02 2015 17:37:43 GMT+0800 (Malay Peninsula Standard Time),,s0w2,focus,
Wed Sep 02 2015 17:37:43 GMT+0800 (Malay Peninsula Standard Time),,s0w3,focus,
Wed Sep 02 2015 17:37:43 GMT+0800 (Malay Peninsula Standard Time),,s0w4,focus,
Wed Sep 02 2015 17:37:43 GMT+0800 (Malay Peninsula Standard Time),,s0w5,focus,
Wed Sep 02 2015 17:37:44 GMT+0800 (Malay Peninsula Standard Time),,s0w6,focus,
Wed Sep 02 2015 17:37:44 GMT+0800 (Malay Peninsula Standard Time),,s1w1,focus,
Wed Sep 02 2015 17:37:46 GMT+0800 (Malay Peninsula Standard Time),,s0w6,focus,
Wed Sep 02 2015 17:37:46 GMT+0800 (Malay Peninsula Standard Time),,s0w5,focus,
Wed Sep 02 2015 17:37:46 GMT+0800 (Malay Peninsula Standard Time),,s0w4,focus,
Wed Sep 02 2015 17:37:46 GMT+0800 (Malay Peninsula Standard Time),,s0w3,focus,
Wed Sep 02 2015 17:37:47 GMT+0800 (Malay Peninsula Standard Time),,s0w2,focus,
Wed Sep 02 2015 17:37:49 GMT+0800 (Malay Peninsula Standard Time),,s1w2,focus,
Wed Sep 02 2015 17:37:49 GMT+0800 (Malay Peninsula Standard Time),,s1w2,focus,
Wed Sep 02 2015 17:37:51 GMT+0800 (Malay Peninsula Standard Time),,s1w3,focus,
Wed Sep 02 2015 17:37:51 GMT+0800 (Malay Peninsula Standard Time),,s1w3,focus,
Wed Sep 02 2015 17:37:51 GMT+0800 (Malay Peninsula Standard Time),,s1w4,focus,
Wed Sep 02 2015 17:37:52 GMT+0800 (Malay Peninsula Standard Time),,s1w4,focus,
Wed Sep 02 2015 17:37:52 GMT+0800 (Malay Peninsula Standard Time),,s1w5,focus,
Wed Sep 02 2015 17:37:52 GMT+0800 (Malay Peninsula Standard Time),,s1w5,focus,
Wed Sep 02 2015 17:37:53 GMT+0800 (Malay Peninsula Standard Time),,s1w6,focus,
Wed Sep 02 2015 17:37:53 GMT+0800 (Malay Peninsula Standard Time),,s1w6,focus,
Wed Sep 02 2015 17:38:42 GMT+0800 (Malay Peninsula Standard Time),,s1w7,focus,
Wed Sep 02 2015 17:38:46 GMT+0800 (Malay Peninsula Standard Time),,s1w8,focus,
Wed Sep 02 2015 17:38:49 GMT+0800 (Malay Peninsula Standard Time),,s1w9,focus,
Wed Sep 02 2015 17:38:50 GMT+0800 (Malay Peninsula Standard Time),,s1w10,focus,
Wed Sep 02 2015 17:38:51 GMT+0800 (Malay Peninsula Standard Time),,s1w11,focus,
Wed Sep 02 2015 17:39:59 GMT+0800 (Malay Peninsula Standard Time),,s1w12,focus,
Wed Sep 02 2015 17:39:59 GMT+0800 (Malay Peninsula Standard Time),,s1w13,focus,
Wed Sep 02 2015 17:40:00 GMT+0800 (Malay Peninsula Standard Time),,s1w14,focus,
Wed Sep 02 2015 17:40:01 GMT+0800 (Malay Peninsula Standard Time),,s1w15,focus,
Wed Sep 02 2015 17:40:03 GMT+0800 (Malay Peninsula Standard Time),,s1w16,focus,
Wed Sep 02 2015 17:40:03 GMT+0800 (Malay Peninsula Standard Time),,s1w17,focus,
Wed Sep 02 2015 17:40:03 GMT+0800 (Malay Peninsula Standard Time),,s1w18,focus,
Wed Sep 02 2015 17:40:04 GMT+0800 (Malay Peninsula Standard Time),,s1w19,focus,
Wed Sep 02 2015 17:40:07 GMT+0800 (Malay Peninsula Standard Time),,s1w20,focus,
Wed Sep 02 2015 17:40:08 GMT+0800 (Malay Peninsula Standard Time),,s1w21,focus,
Wed Sep 02 2015 17:40:14 GMT+0800 (Malay Peninsula Standard Time),,s1w22,focus,
Wed Sep 02 2015 17:40:15 GMT+0800 (Malay Peninsula Standard Time),,s1w23,focus,
Wed Sep 02 2015 17:40:16 GMT+0800 (Malay Peninsula Standard Time),,s1w24,focus,
Wed Sep 02 2015 17:40:53 GMT+0800 (Malay Peninsula Standard Time),,s1w25,focus,
Wed Sep 02 2015 17:40:53 GMT+0800 (Malay Peninsula Standard Time),,s1w26,focus,
Wed Sep 02 2015 17:40:54 GMT+0800 (Malay Peninsula Standard Time),,s1w27,focus,
Wed Sep 02 2015 17:40:55 GMT+0800 (Malay Peninsula Standard Time),,s1w28,focus,
Wed Sep 02 2015 17:40:56 GMT+0800 (Malay Peninsula Standard Time),,s1w29,focus,
Wed Sep 02 2015 17:40:56 GMT+0800 (Malay Peninsula Standard Time),,s1w30,focus,
Wed Sep 02 2015 17:40:57 GMT+0800 (Malay Peninsula Standard Time),,s1w31,focus,
Wed Sep 02 2015 17:40:59 GMT+0800 (Malay Peninsula Standard Time),,s1w32,focus,
Wed Sep 02 2015 17:41:11 GMT+0800 (Malay Peninsula Standard Time),,s1w33,focus,
Wed Sep 02 2015 17:41:14 GMT+0800 (Malay Peninsula Standard Time),,s1w34,focus,
Wed Sep 02 2015 17:41:16 GMT+0800 (Malay Peninsula Standard Time),,s1w35,focus,
Wed Sep 02 2015 17:41:16 GMT+0800 (Malay Peninsula Standard Time),,s1w36,focus,
Wed Sep 02 2015 17:41:17 GMT+0800 (Malay Peninsula Standard Time),,s1w37,focus,
Wed Sep 02 2015 17:41:23 GMT+0800 (Malay Peninsula Standard Time),,s1w37,label,"N"
Wed Sep 02 2015 17:41:40 GMT+0800 (Malay Peninsula Standard Time),,s1w38,focus,
Wed Sep 02 2015 17:41:40 GMT+0800 (Malay Peninsula Standard Time),,s1w39,focus,
Wed Sep 02 2015 17:42:18 GMT+0800 (Malay Peninsula Standard Time),,s1w39,focus,
Wed Sep 02 2015 17:42:21 GMT+0800 (Malay Peninsula Standard Time),,s1w39,label,"P"
Wed Sep 02 2015 17:42:22 GMT+0800 (Malay Peninsula Standard Time),,s1w40,focus,
Wed Sep 02 2015 17:42:23 GMT+0800 (Malay Peninsula Standard Time),,s1w41,focus,
Wed Sep 02 2015 17:42:24 GMT+0800 (Malay Peninsula Standard Time),,s1w42,focus,
Wed Sep 02 2015 17:42:25 GMT+0800 (Malay Peninsula Standard Time),,s1w43,focus,
Wed Sep 02 2015 17:42:26 GMT+0800 (Malay Peninsula Standard Time),,s1w44,focus,
Wed Sep 02 2015 17:42:27 GMT+0800 (Malay Peninsula Standard Time),,s1w45,focus,
Wed Sep 02 2015 17:42:28 GMT+0800 (Malay Peninsula Standard Time),,s1w46,focus,
Wed Sep 02 2015 17:42:29 GMT+0800 (Malay Peninsula Standard Time),,s1w47,focus,
Wed Sep 02 2015 17:42:29 GMT+0800 (Malay Peninsula Standard Time),,s1w48,focus,
Wed Sep 02 2015 17:42:30 GMT+0800 (Malay Peninsula Standard Time),,s1w49,focus,
Wed Sep 02 2015 17:42:31 GMT+0800 (Malay Peninsula Standard Time),,s1w50,focus,
Wed Sep 02 2015 17:42:32 GMT+0800 (Malay Peninsula Standard Time),,s2w1,focus,
Wed Sep 02 2015 17:42:33 GMT+0800 (Malay Peninsula Standard Time),,s2w2,focus,
Wed Sep 02 2015 17:42:34 GMT+0800 (Malay Peninsula Standard Time),,s2w3,focus,
Wed Sep 02 2015 17:42:34 GMT+0800 (Malay Peninsula Standard Time),,s2w4,focus,
Wed Sep 02 2015 17:42:34 GMT+0800 (Malay Peninsula Standard Time),,s2w5,focus,
Wed Sep 02 2015 17:42:37 GMT+0800 (Malay Peninsula Standard Time),,s2w6,focus,
Wed Sep 02 2015 17:42:38 GMT+0800 (Malay Peninsula Standard Time),,s2w7,focus,
Wed Sep 02 2015 17:42:43 GMT+0800 (Malay Peninsula Standard Time),,s2w7,label,"V"
Wed Sep 02 2015 17:42:46 GMT+0800 (Malay Peninsula Standard Time),,s2w8,focus,
Wed Sep 02 2015 17:42:47 GMT+0800 (Malay Peninsula Standard Time),,s2w9,focus,
Wed Sep 02 2015 17:42:48 GMT+0800 (Malay Peninsula Standard Time),,s2w10,focus,
Wed Sep 02 2015 17:42:49 GMT+0800 (Malay Peninsula Standard Time),,s2w11,focus,
Wed Sep 02 2015 17:42:50 GMT+0800 (Malay Peninsula Standard Time),,s2w12,focus,
Wed Sep 02 2015 17:42:51 GMT+0800 (Malay Peninsula Standard Time),,s2w13,focus,
Wed Sep 02 2015 17:42:51 GMT+0800 (Malay Peninsula Standard Time),,s2w14,focus,
Wed Sep 02 2015 17:42:52 GMT+0800 (Malay Peninsula Standard Time),,s2w15,focus,
Wed Sep 02 2015 17:42:54 GMT+0800 (Malay Peninsula Standard Time),,s2w16,focus,
Wed Sep 02 2015 17:42:55 GMT+0800 (Malay Peninsula Standard Time),,s2w17,focus,
Wed Sep 02 2015 17:42:55 GMT+0800 (Malay Peninsula Standard Time),,s2w18,focus,
Wed Sep 02 2015 17:42:56 GMT+0800 (Malay Peninsula Standard Time),,s2w19,focus,
Wed Sep 02 2015 17:42:56 GMT+0800 (Malay Peninsula Standard Time),,s2w20,focus,
Wed Sep 02 2015 17:42:56 GMT+0800 (Malay Peninsula Standard Time),,s2w21,focus,
Wed Sep 02 2015 17:42:57 GMT+0800 (Malay Peninsula Standard Time),,s2w22,focus,
Wed Sep 02 2015 17:42:57 GMT+0800 (Malay Peninsula Standard Time),,s2w23,focus,
Wed Sep 02 2015 17:43:00 GMT+0800 (Malay Peninsula Standard Time),,s2w24,focus,
Wed Sep 02 2015 17:43:00 GMT+0800 (Malay Peninsula Standard Time),,s2w25,focus,
Wed Sep 02 2015 17:43:01 GMT+0800 (Malay Peninsula Standard Time),,s2w26,focus,
Wed Sep 02 2015 17:43:01 GMT+0800 (Malay Peninsula Standard Time),,s2w27,focus,
Wed Sep 02 2015 17:43:02 GMT+0800 (Malay Peninsula Standard Time),,s3w1,focus,
Wed Sep 02 2015 17:43:10 GMT+0800 (Malay Peninsula Standard Time),,s3w2,focus,
Wed Sep 02 2015 17:43:11 GMT+0800 (Malay Peninsula Standard Time),,s3w3,focus,
Wed Sep 02 2015 17:43:11 GMT+0800 (Malay Peninsula Standard Time),,s3w4,focus,
Wed Sep 02 2015 17:43:12 GMT+0800 (Malay Peninsula Standard Time),,s3w5,focus,
Wed Sep 02 2015 17:43:12 GMT+0800 (Malay Peninsula Standard Time),,s3w6,focus,
Wed Sep 02 2015 17:43:12 GMT+0800 (Malay Peninsula Standard Time),,s3w7,focus,
Wed Sep 02 2015 17:43:13 GMT+0800 (Malay Peninsula Standard Time),,s3w8,focus,
Wed Sep 02 2015 17:43:14 GMT+0800 (Malay Peninsula Standard Time),,s3w9,focus,
Wed Sep 02 2015 17:43:14 GMT+0800 (Malay Peninsula Standard Time),,s3w10,focus,
Wed Sep 02 2015 17:43:15 GMT+0800 (Malay Peninsula Standard Time),,s3w11,focus,
Wed Sep 02 2015 17:43:15 GMT+0800 (Malay Peninsula Standard Time),,s3w12,focus,
Wed Sep 02 2015 17:43:15 GMT+0800 (Malay Peninsula Standard Time),,s3w13,focus,
Wed Sep 02 2015 17:43:19 GMT+0800 (Malay Peninsula Standard Time),,s3w13,label,"^"
Wed Sep 02 2015 17:43:25 GMT+0800 (Malay Peninsula Standard Time),,s3w14,focus,
Wed Sep 02 2015 17:43:25 GMT+0800 (Malay Peninsula Standard Time),,s3w15,focus,
Wed Sep 02 2015 17:43:26 GMT+0800 (Malay Peninsula Standard Time),,s3w16,focus,
Wed Sep 02 2015 17:43:52 GMT+0800 (Malay Peninsula Standard Time),,s3w16,focus,
Wed Sep 02 2015 17:43:54 GMT+0800 (Malay Peninsula Standard Time),,s3w16,focus,
Wed Sep 02 2015 17:43:55 GMT+0800 (Malay Peninsula Standard Time),,s3w17,focus,
Wed Sep 02 2015 17:43:56 GMT+0800 (Malay Peninsula Standard Time),,s3w18,focus,
Wed Sep 02 2015 17:43:56 GMT+0800 (Malay Peninsula Standard Time),,s3w19,focus,
Wed Sep 02 2015 17:43:56 GMT+0800 (Malay Peninsula Standard Time),,s3w20,focus,
Wed Sep 02 2015 17:43:59 GMT+0800 (Malay Peninsula Standard Time),,s3w21,focus,
Wed Sep 02 2015 17:44:00 GMT+0800 (Malay Peninsula Standard Time),,s3w22,focus,
Wed Sep 02 2015 17:44:01 GMT+0800 (Malay Peninsula Standard Time),,s3w23,focus,
Wed Sep 02 2015 17:44:01 GMT+0800 (Malay Peninsula Standard Time),,s3w24,focus,
Wed Sep 02 2015 17:44:05 GMT+0800 (Malay Peninsula Standard Time),,,submitPage,
Thu Sep 03 2015 14:12:20 GMT+0800 (Malay Peninsula Standard Time),,,pageReady,0:100:100
Thu Sep 03 2015 14:12:20 GMT+0800 (Malay Peninsula Standard Time),,s0,twitterId,715646
Thu Sep 03 2015 14:12:20 GMT+0800 (Malay Peninsula Standard Time),,s1,twitterId,715646
Thu Sep 03 2015 14:12:20 GMT+0800 (Malay Peninsula Standard Time),,s2,twitterId,715646
Thu Sep 03 2015 14:12:20 GMT+0800 (Malay Peninsula Standard Time),,s3,twitterId,715646
Thu Sep 03 2015 14:12:52 GMT+0800 (Malay Peninsula Standard Time),,s0w1,focus,
Thu Sep 03 2015 14:12:52 GMT+0800 (Malay Peninsula Standard Time),,s0w1,focus,
Thu Sep 03 2015 14:12:54 GMT+0800 (Malay Peninsula Standard Time),,s0w1,label,"V"
Thu Sep 03 2015 14:12:59 GMT+0800 (Malay Peninsula Standard Time),,s0w2,focus,
Thu Sep 03 2015 14:12:59 GMT+0800 (Malay Peninsula Standard Time),,s0w3,focus,
Thu Sep 03 2015 14:12:59 GMT+0800 (Malay Peninsula Standard Time),,s0w4,focus,
Thu Sep 03 2015 14:12:59 GMT+0800 (Malay Peninsula Standard Time),,s0w5,focus,
Thu Sep 03 2015 14:13:00 GMT+0800 (Malay Peninsula Standard Time),,s0w6,focus,
Thu Sep 03 2015 14:13:01 GMT+0800 (Malay Peninsula Standard Time),,s1w1,focus,
Thu Sep 03 2015 14:13:05 GMT+0800 (Malay Peninsula Standard Time),,s1w2,focus,
Thu Sep 03 2015 14:13:05 GMT+0800 (Malay Peninsula Standard Time),,s1w3,focus,
Thu Sep 03 2015 14:13:05 GMT+0800 (Malay Peninsula Standard Time),,s1w4,focus,
Thu Sep 03 2015 14:13:07 GMT+0800 (Malay Peninsula Standard Time),,s1w5,focus,
Thu Sep 03 2015 14:13:08 GMT+0800 (Malay Peninsula Standard Time),,s1w6,focus,
Thu Sep 03 2015 14:13:08 GMT+0800 (Malay Peninsula Standard Time),,s1w7,focus,
Thu Sep 03 2015 14:13:09 GMT+0800 (Malay Peninsula Standard Time),,s1w8,focus,
Thu Sep 03 2015 14:13:09 GMT+0800 (Malay Peninsula Standard Time),,s1w9,focus,
Thu Sep 03 2015 14:13:09 GMT+0800 (Malay Peninsula Standard Time),,s1w10,focus,
Thu Sep 03 2015 14:13:10 GMT+0800 (Malay Peninsula Standard Time),,s1w11,focus,
Thu Sep 03 2015 14:13:10 GMT+0800 (Malay Peninsula Standard Time),,s1w12,focus,
Thu Sep 03 2015 14:13:10 GMT+0800 (Malay Peninsula Standard Time),,s1w13,focus,
Thu Sep 03 2015 14:13:11 GMT+0800 (Malay Peninsula Standard Time),,s1w14,focus,
Thu Sep 03 2015 14:13:11 GMT+0800 (Malay Peninsula Standard Time),,s1w15,focus,
Thu Sep 03 2015 14:13:15 GMT+0800 (Malay Peninsula Standard Time),,s1w16,focus,
Thu Sep 03 2015 14:13:15 GMT+0800 (Malay Peninsula Standard Time),,s1w17,focus,
Thu Sep 03 2015 14:13:16 GMT+0800 (Malay Peninsula Standard Time),,s1w18,focus,
Thu Sep 03 2015 14:13:16 GMT+0800 (Malay Peninsula Standard Time),,s1w19,focus,
Thu Sep 03 2015 14:13:16 GMT+0800 (Malay Peninsula Standard Time),,s1w20,focus,
Thu Sep 03 2015 14:13:17 GMT+0800 (Malay Peninsula Standard Time),,s1w21,focus,
Thu Sep 03 2015 14:13:17 GMT+0800 (Malay Peninsula Standard Time),,s1w22,focus,
Thu Sep 03 2015 14:13:18 GMT+0800 (Malay Peninsula Standard Time),,s1w23,focus,
Thu Sep 03 2015 14:13:18 GMT+0800 (Malay Peninsula Standard Time),,s1w24,focus,
Thu Sep 03 2015 14:13:20 GMT+0800 (Malay Peninsula Standard Time),,s1w25,focus,
Thu Sep 03 2015 14:13:21 GMT+0800 (Malay Peninsula Standard Time),,s1w26,focus,
Thu Sep 03 2015 14:13:22 GMT+0800 (Malay Peninsula Standard Time),,s1w27,focus,
Thu Sep 03 2015 14:13:22 GMT+0800 (Malay Peninsula Standard Time),,s1w28,focus,
Thu Sep 03 2015 14:13:23 GMT+0800 (Malay Peninsula Standard Time),,s1w29,focus,
Thu Sep 03 2015 14:13:23 GMT+0800 (Malay Peninsula Standard Time),,s1w30,focus,
Thu Sep 03 2015 14:13:23 GMT+0800 (Malay Peninsula Standard Time),,s1w31,focus,
Thu Sep 03 2015 14:13:24 GMT+0800 (Malay Peninsula Standard Time),,s1w32,focus,
Thu Sep 03 2015 14:13:24 GMT+0800 (Malay Peninsula Standard Time),,s1w33,focus,
Thu Sep 03 2015 14:13:25 GMT+0800 (Malay Peninsula Standard Time),,s1w34,focus,
Thu Sep 03 2015 14:13:25 GMT+0800 (Malay Peninsula Standard Time),,s1w35,focus,
Thu Sep 03 2015 14:13:25 GMT+0800 (Malay Peninsula Standard Time),,s1w36,focus,
Thu Sep 03 2015 14:13:26 GMT+0800 (Malay Peninsula Standard Time),,s1w37,focus,
Thu Sep 03 2015 14:13:26 GMT+0800 (Malay Peninsula Standard Time),,s1w37,label,"N"
Thu Sep 03 2015 14:13:27 GMT+0800 (Malay Peninsula Standard Time),,s1w38,focus,
Thu Sep 03 2015 14:13:27 GMT+0800 (Malay Peninsula Standard Time),,s1w39,focus,
Thu Sep 03 2015 14:13:27 GMT+0800 (Malay Peninsula Standard Time),,s1w40,focus,
Thu Sep 03 2015 14:13:28 GMT+0800 (Malay Peninsula Standard Time),,s1w41,focus,
Thu Sep 03 2015 14:13:31 GMT+0800 (Malay Peninsula Standard Time),,s1w40,focus,
Thu Sep 03 2015 14:13:31 GMT+0800 (Malay Peninsula Standard Time),,s1w39,focus,
Thu Sep 03 2015 14:14:17 GMT+0800 (Malay Peninsula Standard Time),,s1w39,focus,
Thu Sep 03 2015 14:14:18 GMT+0800 (Malay Peninsula Standard Time),,s1w39,focus,
Thu Sep 03 2015 14:14:18 GMT+0800 (Malay Peninsula Standard Time),,s1w39,focus,
Thu Sep 03 2015 14:14:19 GMT+0800 (Malay Peninsula Standard Time),,s1w39,label,"P"
Thu Sep 03 2015 14:14:20 GMT+0800 (Malay Peninsula Standard Time),,s1w40,focus,
Thu Sep 03 2015 14:14:20 GMT+0800 (Malay Peninsula Standard Time),,s1w41,focus,
Thu Sep 03 2015 14:14:20 GMT+0800 (Malay Peninsula Standard Time),,s1w42,focus,
Thu Sep 03 2015 14:14:21 GMT+0800 (Malay Peninsula Standard Time),,s1w43,focus,
Thu Sep 03 2015 14:14:21 GMT+0800 (Malay Peninsula Standard Time),,s1w44,focus,
Thu Sep 03 2015 14:14:22 GMT+0800 (Malay Peninsula Standard Time),,s1w45,focus,
Thu Sep 03 2015 14:14:22 GMT+0800 (Malay Peninsula Standard Time),,s1w46,focus,
Thu Sep 03 2015 14:14:22 GMT+0800 (Malay Peninsula Standard Time),,s1w47,focus,
Thu Sep 03 2015 14:14:22 GMT+0800 (Malay Peninsula Standard Time),,s1w48,focus,
Thu Sep 03 2015 14:14:23 GMT+0800 (Malay Peninsula Standard Time),,s1w49,focus,
Thu Sep 03 2015 14:14:23 GMT+0800 (Malay Peninsula Standard Time),,s1w50,focus,
Thu Sep 03 2015 14:14:24 GMT+0800 (Malay Peninsula Standard Time),,s2w1,focus,
Thu Sep 03 2015 14:14:25 GMT+0800 (Malay Peninsula Standard Time),,s2w2,focus,
Thu Sep 03 2015 14:14:25 GMT+0800 (Malay Peninsula Standard Time),,s2w3,focus,
Thu Sep 03 2015 14:14:25 GMT+0800 (Malay Peninsula Standard Time),,s2w4,focus,
Thu Sep 03 2015 14:14:25 GMT+0800 (Malay Peninsula Standard Time),,s2w5,focus,
Thu Sep 03 2015 14:14:25 GMT+0800 (Malay Peninsula Standard Time),,s2w6,focus,
Thu Sep 03 2015 14:14:31 GMT+0800 (Malay Peninsula Standard Time),,s2w7,focus,
Thu Sep 03 2015 14:14:32 GMT+0800 (Malay Peninsula Standard Time),,s2w7,label,"V"
Thu Sep 03 2015 14:14:33 GMT+0800 (Malay Peninsula Standard Time),,s2w8,focus,
Thu Sep 03 2015 14:14:33 GMT+0800 (Malay Peninsula Standard Time),,s2w9,focus,
Thu Sep 03 2015 14:14:33 GMT+0800 (Malay Peninsula Standard Time),,s2w10,focus,
Thu Sep 03 2015 14:14:45 GMT+0800 (Malay Peninsula Standard Time),,s2w10,focus,
Thu Sep 03 2015 14:16:12 GMT+0800 (Malay Peninsula Standard Time),,s2w10,focus,
Thu Sep 03 2015 14:16:13 GMT+0800 (Malay Peninsula Standard Time),,s2w11,focus,
Thu Sep 03 2015 14:16:14 GMT+0800 (Malay Peninsula Standard Time),,s2w11,label,"?"
Thu Sep 03 2015 14:18:34 GMT+0800 (Malay Peninsula Standard Time),,s2w11,focus,
Thu Sep 03 2015 14:19:14 GMT+0800 (Malay Peninsula Standard Time),,s2w11,focus,
Thu Sep 03 2015 14:21:52 GMT+0800 (Malay Peninsula Standard Time),,s2w11,focus,
Thu Sep 03 2015 14:21:54 GMT+0800 (Malay Peninsula Standard Time),,s2w11,label,"R"
Thu Sep 03 2015 14:21:56 GMT+0800 (Malay Peninsula Standard Time),,s2w12,focus,
Thu Sep 03 2015 14:21:56 GMT+0800 (Malay Peninsula Standard Time),,s2w13,focus,
Thu Sep 03 2015 14:21:57 GMT+0800 (Malay Peninsula Standard Time),,s2w14,focus,
Thu Sep 03 2015 14:21:57 GMT+0800 (Malay Peninsula Standard Time),,s2w15,focus,
Thu Sep 03 2015 14:21:58 GMT+0800 (Malay Peninsula Standard Time),,s2w16,focus,
Thu Sep 03 2015 14:21:59 GMT+0800 (Malay Peninsula Standard Time),,s2w17,focus,
Thu Sep 03 2015 14:22:00 GMT+0800 (Malay Peninsula Standard Time),,s2w18,focus,
Thu Sep 03 2015 14:22:00 GMT+0800 (Malay Peninsula Standard Time),,s2w19,focus,
Thu Sep 03 2015 14:22:01 GMT+0800 (Malay Peninsula Standard Time),,s2w20,focus,
Thu Sep 03 2015 14:22:01 GMT+0800 (Malay Peninsula Standard Time),,s2w21,focus,
Thu Sep 03 2015 14:22:01 GMT+0800 (Malay Peninsula Standard Time),,s2w22,focus,
Thu Sep 03 2015 14:22:02 GMT+0800 (Malay Peninsula Standard Time),,s2w23,focus,
Thu Sep 03 2015 14:22:02 GMT+0800 (Malay Peninsula Standard Time),,s2w24,focus,
Thu Sep 03 2015 14:22:03 GMT+0800 (Malay Peninsula Standard Time),,s2w25,focus,
Thu Sep 03 2015 14:22:03 GMT+0800 (Malay Peninsula Standard Time),,s2w26,focus,
Thu Sep 03 2015 14:22:04 GMT+0800 (Malay Peninsula Standard Time),,s2w27,focus,
Thu Sep 03 2015 14:22:05 GMT+0800 (Malay Peninsula Standard Time),,s3w1,focus,
Thu Sep 03 2015 14:22:05 GMT+0800 (Malay Peninsula Standard Time),,s3w2,focus,
Thu Sep 03 2015 14:22:06 GMT+0800 (Malay Peninsula Standard Time),,s3w3,focus,
Thu Sep 03 2015 14:22:07 GMT+0800 (Malay Peninsula Standard Time),,s3w4,focus,
Thu Sep 03 2015 14:22:07 GMT+0800 (Malay Peninsula Standard Time),,s3w5,focus,
Thu Sep 03 2015 14:22:07 GMT+0800 (Malay Peninsula Standard Time),,s3w6,focus,
Thu Sep 03 2015 14:22:08 GMT+0800 (Malay Peninsula Standard Time),,s3w7,focus,
Thu Sep 03 2015 14:22:08 GMT+0800 (Malay Peninsula Standard Time),,s3w8,focus,
Thu Sep 03 2015 14:22:12 GMT+0800 (Malay Peninsula Standard Time),,s3w9,focus,
Thu Sep 03 2015 14:22:13 GMT+0800 (Malay Peninsula Standard Time),,s3w10,focus,
Thu Sep 03 2015 14:22:13 GMT+0800 (Malay Peninsula Standard Time),,s3w11,focus,
Thu Sep 03 2015 14:22:13 GMT+0800 (Malay Peninsula Standard Time),,s3w12,focus,
Thu Sep 03 2015 14:22:14 GMT+0800 (Malay Peninsula Standard Time),,s3w13,focus,
Thu Sep 03 2015 14:22:16 GMT+0800 (Malay Peninsula Standard Time),,s3w13,label,"^"
Thu Sep 03 2015 14:22:16 GMT+0800 (Malay Peninsula Standard Time),,s3w14,focus,
Thu Sep 03 2015 14:22:17 GMT+0800 (Malay Peninsula Standard Time),,s3w15,focus,
Thu Sep 03 2015 14:22:18 GMT+0800 (Malay Peninsula Standard Time),,s3w16,focus,
Thu Sep 03 2015 14:22:19 GMT+0800 (Malay Peninsula Standard Time),,s3w17,focus,
Thu Sep 03 2015 14:22:20 GMT+0800 (Malay Peninsula Standard Time),,s3w18,focus,
Thu Sep 03 2015 14:22:21 GMT+0800 (Malay Peninsula Standard Time),,s3w19,focus,
Thu Sep 03 2015 14:22:21 GMT+0800 (Malay Peninsula Standard Time),,s3w20,focus,
Thu Sep 03 2015 14:22:22 GMT+0800 (Malay Peninsula Standard Time),,s3w21,focus,
Thu Sep 03 2015 14:22:22 GMT+0800 (Malay Peninsula Standard Time),,s3w22,focus,
Thu Sep 03 2015 14:22:22 GMT+0800 (Malay Peninsula Standard Time),,s3w23,focus,
Thu Sep 03 2015 14:22:22 GMT+0800 (Malay Peninsula Standard Time),,s3w24,focus,
Thu Sep 03 2015 14:22:25 GMT+0800 (Malay Peninsula Standard Time),,,submitPage,
