Mon Aug 31 2015 16:06:29 GMT+0800 (Malay Peninsula Standard Time),,,pageReady,0:100:100
Mon Aug 31 2015 16:06:29 GMT+0800 (Malay Peninsula Standard Time),,s0,twitterId,727528
Mon Aug 31 2015 16:06:29 GMT+0800 (Malay Peninsula Standard Time),,s1,twitterId,727528
Mon Aug 31 2015 16:06:29 GMT+0800 (Malay Peninsula Standard Time),,s2,twitterId,727528
Mon Aug 31 2015 16:06:29 GMT+0800 (Malay Peninsula Standard Time),,s3,twitterId,727528
Mon Aug 31 2015 16:06:29 GMT+0800 (Malay Peninsula Standard Time),,s4,twitterId,727528
Mon Aug 31 2015 16:06:29 GMT+0800 (Malay Peninsula Standard Time),,s5,twitterId,727528
Mon Aug 31 2015 16:06:29 GMT+0800 (Malay Peninsula Standard Time),,s6,twitterId,727528
Mon Aug 31 2015 16:06:29 GMT+0800 (Malay Peninsula Standard Time),,s7,twitterId,727528
Mon Aug 31 2015 16:06:45 GMT+0800 (Malay Peninsula Standard Time),,s0w1,focus,
Mon Aug 31 2015 16:06:45 GMT+0800 (Malay Peninsula Standard Time),,s0w1,focus,
Mon Aug 31 2015 16:06:51 GMT+0800 (Malay Peninsula Standard Time),,s0w2,focus,
Mon Aug 31 2015 16:06:53 GMT+0800 (Malay Peninsula Standard Time),,s0w3,focus,
Mon Aug 31 2015 16:06:54 GMT+0800 (Malay Peninsula Standard Time),,s0w4,focus,
Mon Aug 31 2015 16:06:55 GMT+0800 (Malay Peninsula Standard Time),,s0w5,focus,
Mon Aug 31 2015 16:07:18 GMT+0800 (Malay Peninsula Standard Time),,s0w6,focus,
Mon Aug 31 2015 16:07:21 GMT+0800 (Malay Peninsula Standard Time),,s0w6,label,"N"
Mon Aug 31 2015 16:07:32 GMT+0800 (Malay Peninsula Standard Time),,s0w7,focus,
Mon Aug 31 2015 16:09:08 GMT+0800 (Malay Peninsula Standard Time),,s0w8,focus,
Mon Aug 31 2015 16:09:09 GMT+0800 (Malay Peninsula Standard Time),,s0w9,focus,
Mon Aug 31 2015 16:09:09 GMT+0800 (Malay Peninsula Standard Time),,s0w10,focus,
Mon Aug 31 2015 16:09:09 GMT+0800 (Malay Peninsula Standard Time),,s0w11,focus,
Mon Aug 31 2015 16:09:33 GMT+0800 (Malay Peninsula Standard Time),,s0w11,label,"^"
Mon Aug 31 2015 16:09:35 GMT+0800 (Malay Peninsula Standard Time),,s0w12,focus,
Mon Aug 31 2015 16:09:36 GMT+0800 (Malay Peninsula Standard Time),,s0w13,focus,
Mon Aug 31 2015 16:09:59 GMT+0800 (Malay Peninsula Standard Time),,s0w13,focus,
Mon Aug 31 2015 16:11:17 GMT+0800 (Malay Peninsula Standard Time),,s1w1,focus,
Mon Aug 31 2015 16:11:17 GMT+0800 (Malay Peninsula Standard Time),,s1w1,focus,
Mon Aug 31 2015 16:11:18 GMT+0800 (Malay Peninsula Standard Time),,s1w2,focus,
Mon Aug 31 2015 16:11:22 GMT+0800 (Malay Peninsula Standard Time),,s1w3,focus,
Mon Aug 31 2015 16:11:22 GMT+0800 (Malay Peninsula Standard Time),,s1w4,focus,
Mon Aug 31 2015 16:11:23 GMT+0800 (Malay Peninsula Standard Time),,s1w5,focus,
Mon Aug 31 2015 16:11:23 GMT+0800 (Malay Peninsula Standard Time),,s1w6,focus,
Mon Aug 31 2015 16:11:28 GMT+0800 (Malay Peninsula Standard Time),,s1w7,focus,
Mon Aug 31 2015 16:11:29 GMT+0800 (Malay Peninsula Standard Time),,s1w8,focus,
Mon Aug 31 2015 16:11:30 GMT+0800 (Malay Peninsula Standard Time),,s1w9,focus,
Mon Aug 31 2015 16:11:33 GMT+0800 (Malay Peninsula Standard Time),,s1w10,focus,
Mon Aug 31 2015 16:11:34 GMT+0800 (Malay Peninsula Standard Time),,s1w11,focus,
Mon Aug 31 2015 16:11:40 GMT+0800 (Malay Peninsula Standard Time),,s1w12,focus,
Mon Aug 31 2015 16:11:42 GMT+0800 (Malay Peninsula Standard Time),,s1w13,focus,
Mon Aug 31 2015 16:11:47 GMT+0800 (Malay Peninsula Standard Time),,s1w14,focus,
Mon Aug 31 2015 16:11:48 GMT+0800 (Malay Peninsula Standard Time),,s1w15,focus,
Mon Aug 31 2015 16:11:49 GMT+0800 (Malay Peninsula Standard Time),,s1w16,focus,
Mon Aug 31 2015 16:12:28 GMT+0800 (Malay Peninsula Standard Time),,s1w16,label,"G"
Mon Aug 31 2015 16:13:14 GMT+0800 (Malay Peninsula Standard Time),,s1w17,focus,
Mon Aug 31 2015 16:13:15 GMT+0800 (Malay Peninsula Standard Time),,s1w18,focus,
Mon Aug 31 2015 16:13:15 GMT+0800 (Malay Peninsula Standard Time),,s1w19,focus,
Mon Aug 31 2015 16:13:16 GMT+0800 (Malay Peninsula Standard Time),,s1w20,focus,
Mon Aug 31 2015 16:13:17 GMT+0800 (Malay Peninsula Standard Time),,s1w21,focus,
Mon Aug 31 2015 16:13:18 GMT+0800 (Malay Peninsula Standard Time),,s1w22,focus,
Mon Aug 31 2015 16:13:21 GMT+0800 (Malay Peninsula Standard Time),,s1w23,focus,
Mon Aug 31 2015 16:13:40 GMT+0800 (Malay Peninsula Standard Time),,s1w23,label,"V"
Mon Aug 31 2015 16:13:43 GMT+0800 (Malay Peninsula Standard Time),,s1w24,focus,
Mon Aug 31 2015 16:13:44 GMT+0800 (Malay Peninsula Standard Time),,s1w25,focus,
Mon Aug 31 2015 16:14:02 GMT+0800 (Malay Peninsula Standard Time),,s1w26,focus,
Mon Aug 31 2015 16:15:08 GMT+0800 (Malay Peninsula Standard Time),,s1w26,focus,
Mon Aug 31 2015 16:16:48 GMT+0800 (Malay Peninsula Standard Time),,s1w26,focus,
Mon Aug 31 2015 16:16:53 GMT+0800 (Malay Peninsula Standard Time),,s1w27,focus,
Mon Aug 31 2015 16:16:53 GMT+0800 (Malay Peninsula Standard Time),,s1w27,focus,
Mon Aug 31 2015 16:16:54 GMT+0800 (Malay Peninsula Standard Time),,s1w28,focus,
Mon Aug 31 2015 16:16:54 GMT+0800 (Malay Peninsula Standard Time),,s1w28,focus,
Mon Aug 31 2015 16:16:55 GMT+0800 (Malay Peninsula Standard Time),,s1w29,focus,
Mon Aug 31 2015 16:16:55 GMT+0800 (Malay Peninsula Standard Time),,s1w29,focus,
Mon Aug 31 2015 16:16:55 GMT+0800 (Malay Peninsula Standard Time),,s1w30,focus,
Mon Aug 31 2015 16:16:55 GMT+0800 (Malay Peninsula Standard Time),,s1w30,focus,
Mon Aug 31 2015 16:16:56 GMT+0800 (Malay Peninsula Standard Time),,s1w26,focus,
Mon Aug 31 2015 16:16:56 GMT+0800 (Malay Peninsula Standard Time),,s1w26,focus,
Mon Aug 31 2015 16:17:01 GMT+0800 (Malay Peninsula Standard Time),,s2w1,focus,
Mon Aug 31 2015 16:17:01 GMT+0800 (Malay Peninsula Standard Time),,s2w1,focus,
Mon Aug 31 2015 16:17:04 GMT+0800 (Malay Peninsula Standard Time),,s2w2,focus,
Mon Aug 31 2015 16:17:04 GMT+0800 (Malay Peninsula Standard Time),,s2w3,focus,
Mon Aug 31 2015 16:17:04 GMT+0800 (Malay Peninsula Standard Time),,s2w4,focus,
Mon Aug 31 2015 16:17:05 GMT+0800 (Malay Peninsula Standard Time),,s2w5,focus,
Mon Aug 31 2015 16:17:06 GMT+0800 (Malay Peninsula Standard Time),,s3w1,focus,
Mon Aug 31 2015 16:17:13 GMT+0800 (Malay Peninsula Standard Time),,s3w1,label,"^"
Mon Aug 31 2015 16:17:28 GMT+0800 (Malay Peninsula Standard Time),,s3w1,focus,
Mon Aug 31 2015 16:17:29 GMT+0800 (Malay Peninsula Standard Time),,s3w2,focus,
Mon Aug 31 2015 16:17:30 GMT+0800 (Malay Peninsula Standard Time),,s3w3,focus,
Mon Aug 31 2015 16:17:31 GMT+0800 (Malay Peninsula Standard Time),,s3w4,focus,
Mon Aug 31 2015 16:17:32 GMT+0800 (Malay Peninsula Standard Time),,s3w4,label,"^"
Mon Aug 31 2015 16:17:33 GMT+0800 (Malay Peninsula Standard Time),,s3w5,focus,
Mon Aug 31 2015 16:17:34 GMT+0800 (Malay Peninsula Standard Time),,s3w6,focus,
Mon Aug 31 2015 16:17:35 GMT+0800 (Malay Peninsula Standard Time),,s3w7,focus,
Mon Aug 31 2015 16:17:37 GMT+0800 (Malay Peninsula Standard Time),,s3w8,focus,
Mon Aug 31 2015 16:17:39 GMT+0800 (Malay Peninsula Standard Time),,s3w9,focus,
Mon Aug 31 2015 16:18:21 GMT+0800 (Malay Peninsula Standard Time),,s3w10,focus,
Mon Aug 31 2015 16:18:22 GMT+0800 (Malay Peninsula Standard Time),,s3w11,focus,
Mon Aug 31 2015 16:18:22 GMT+0800 (Malay Peninsula Standard Time),,s3w12,focus,
Mon Aug 31 2015 16:18:23 GMT+0800 (Malay Peninsula Standard Time),,s3w13,focus,
Mon Aug 31 2015 16:18:24 GMT+0800 (Malay Peninsula Standard Time),,s3w14,focus,
Mon Aug 31 2015 16:18:24 GMT+0800 (Malay Peninsula Standard Time),,s3w15,focus,
Mon Aug 31 2015 16:18:26 GMT+0800 (Malay Peninsula Standard Time),,s3w16,focus,
Mon Aug 31 2015 16:18:26 GMT+0800 (Malay Peninsula Standard Time),,s3w17,focus,
Mon Aug 31 2015 16:18:27 GMT+0800 (Malay Peninsula Standard Time),,s3w18,focus,
Mon Aug 31 2015 16:18:28 GMT+0800 (Malay Peninsula Standard Time),,s3w19,focus,
Mon Aug 31 2015 16:18:28 GMT+0800 (Malay Peninsula Standard Time),,s3w20,focus,
Mon Aug 31 2015 16:18:45 GMT+0800 (Malay Peninsula Standard Time),,s3w20,label,"^"
Mon Aug 31 2015 16:18:56 GMT+0800 (Malay Peninsula Standard Time),,s3w20,label,"N"
Mon Aug 31 2015 16:18:56 GMT+0800 (Malay Peninsula Standard Time),,s3w20,label,"N"
Mon Aug 31 2015 16:18:56 GMT+0800 (Malay Peninsula Standard Time),,s3w20,label,"N"
Mon Aug 31 2015 16:18:57 GMT+0800 (Malay Peninsula Standard Time),,s3w20,label,"^"
Mon Aug 31 2015 16:18:57 GMT+0800 (Malay Peninsula Standard Time),,s3w21,focus,
Mon Aug 31 2015 16:18:59 GMT+0800 (Malay Peninsula Standard Time),,s3w22,focus,
Mon Aug 31 2015 16:18:59 GMT+0800 (Malay Peninsula Standard Time),,s3w23,focus,
Mon Aug 31 2015 16:19:00 GMT+0800 (Malay Peninsula Standard Time),,s3w24,focus,
Mon Aug 31 2015 16:19:00 GMT+0800 (Malay Peninsula Standard Time),,s3w25,focus,
Mon Aug 31 2015 16:19:29 GMT+0800 (Malay Peninsula Standard Time),,s3w26,focus,
Mon Aug 31 2015 16:19:29 GMT+0800 (Malay Peninsula Standard Time),,s3w27,focus,
Mon Aug 31 2015 16:19:57 GMT+0800 (Malay Peninsula Standard Time),,s3w28,focus,
Mon Aug 31 2015 16:19:59 GMT+0800 (Malay Peninsula Standard Time),,s3w29,focus,
Mon Aug 31 2015 16:19:59 GMT+0800 (Malay Peninsula Standard Time),,s3w30,focus,
Mon Aug 31 2015 16:20:01 GMT+0800 (Malay Peninsula Standard Time),,s3w31,focus,
Mon Aug 31 2015 16:20:01 GMT+0800 (Malay Peninsula Standard Time),,s3w32,focus,
Mon Aug 31 2015 16:20:01 GMT+0800 (Malay Peninsula Standard Time),,s3w33,focus,
Mon Aug 31 2015 16:20:02 GMT+0800 (Malay Peninsula Standard Time),,s3w34,focus,
Mon Aug 31 2015 16:20:02 GMT+0800 (Malay Peninsula Standard Time),,s3w35,focus,
Mon Aug 31 2015 16:20:06 GMT+0800 (Malay Peninsula Standard Time),,s3w35,label,"^"
Mon Aug 31 2015 16:20:10 GMT+0800 (Malay Peninsula Standard Time),,s3w36,focus,
Mon Aug 31 2015 16:20:11 GMT+0800 (Malay Peninsula Standard Time),,s3w37,focus,
Mon Aug 31 2015 16:20:11 GMT+0800 (Malay Peninsula Standard Time),,s3w38,focus,
Mon Aug 31 2015 16:20:11 GMT+0800 (Malay Peninsula Standard Time),,s3w39,focus,
Mon Aug 31 2015 16:20:11 GMT+0800 (Malay Peninsula Standard Time),,s3w40,focus,
Mon Aug 31 2015 16:20:12 GMT+0800 (Malay Peninsula Standard Time),,s3w41,focus,
Mon Aug 31 2015 16:20:13 GMT+0800 (Malay Peninsula Standard Time),,s3w41,label,"^"
Mon Aug 31 2015 16:20:15 GMT+0800 (Malay Peninsula Standard Time),,s3w42,focus,
Mon Aug 31 2015 16:20:16 GMT+0800 (Malay Peninsula Standard Time),,s3w43,focus,
Mon Aug 31 2015 16:20:16 GMT+0800 (Malay Peninsula Standard Time),,s3w44,focus,
Mon Aug 31 2015 16:20:16 GMT+0800 (Malay Peninsula Standard Time),,s3w45,focus,
Mon Aug 31 2015 16:20:17 GMT+0800 (Malay Peninsula Standard Time),,s3w46,focus,
Mon Aug 31 2015 16:20:17 GMT+0800 (Malay Peninsula Standard Time),,s3w47,focus,
Mon Aug 31 2015 16:20:17 GMT+0800 (Malay Peninsula Standard Time),,s3w48,focus,
Mon Aug 31 2015 16:20:18 GMT+0800 (Malay Peninsula Standard Time),,s3w49,focus,
Mon Aug 31 2015 16:20:18 GMT+0800 (Malay Peninsula Standard Time),,s3w50,focus,
Mon Aug 31 2015 16:20:18 GMT+0800 (Malay Peninsula Standard Time),,s3w51,focus,
Mon Aug 31 2015 16:20:18 GMT+0800 (Malay Peninsula Standard Time),,s3w52,focus,
Mon Aug 31 2015 16:20:18 GMT+0800 (Malay Peninsula Standard Time),,s3w53,focus,
Mon Aug 31 2015 16:20:19 GMT+0800 (Malay Peninsula Standard Time),,s3w54,focus,
Mon Aug 31 2015 16:20:20 GMT+0800 (Malay Peninsula Standard Time),,s4w1,focus,
Mon Aug 31 2015 16:20:20 GMT+0800 (Malay Peninsula Standard Time),,s4w2,focus,
Mon Aug 31 2015 16:20:20 GMT+0800 (Malay Peninsula Standard Time),,s4w3,focus,
Mon Aug 31 2015 16:20:21 GMT+0800 (Malay Peninsula Standard Time),,s4w4,focus,
Mon Aug 31 2015 16:20:21 GMT+0800 (Malay Peninsula Standard Time),,s4w5,focus,
Mon Aug 31 2015 16:20:21 GMT+0800 (Malay Peninsula Standard Time),,s4w6,focus,
Mon Aug 31 2015 16:20:22 GMT+0800 (Malay Peninsula Standard Time),,s4w7,focus,
Mon Aug 31 2015 16:20:23 GMT+0800 (Malay Peninsula Standard Time),,s4w8,focus,
Mon Aug 31 2015 16:20:23 GMT+0800 (Malay Peninsula Standard Time),,s4w9,focus,
Mon Aug 31 2015 16:20:23 GMT+0800 (Malay Peninsula Standard Time),,s4w10,focus,
Mon Aug 31 2015 16:20:23 GMT+0800 (Malay Peninsula Standard Time),,s4w11,focus,
Mon Aug 31 2015 16:20:24 GMT+0800 (Malay Peninsula Standard Time),,s4w12,focus,
Mon Aug 31 2015 16:20:25 GMT+0800 (Malay Peninsula Standard Time),,s4w12,label,"^"
Mon Aug 31 2015 16:20:35 GMT+0800 (Malay Peninsula Standard Time),,s4w11,focus,
Mon Aug 31 2015 16:20:36 GMT+0800 (Malay Peninsula Standard Time),,s4w10,focus,
Mon Aug 31 2015 16:20:36 GMT+0800 (Malay Peninsula Standard Time),,s4w9,focus,
Mon Aug 31 2015 16:20:40 GMT+0800 (Malay Peninsula Standard Time),,s4w9,label,"G"
Mon Aug 31 2015 16:20:41 GMT+0800 (Malay Peninsula Standard Time),,s4w10,focus,
Mon Aug 31 2015 16:20:42 GMT+0800 (Malay Peninsula Standard Time),,s4w10,label,"G"
Mon Aug 31 2015 16:20:43 GMT+0800 (Malay Peninsula Standard Time),,s4w11,focus,
Mon Aug 31 2015 16:20:44 GMT+0800 (Malay Peninsula Standard Time),,s4w11,label,"G"
Mon Aug 31 2015 16:20:51 GMT+0800 (Malay Peninsula Standard Time),,s4w12,focus,
Mon Aug 31 2015 16:20:51 GMT+0800 (Malay Peninsula Standard Time),,s4w13,focus,
Mon Aug 31 2015 16:20:52 GMT+0800 (Malay Peninsula Standard Time),,s4w14,focus,
Mon Aug 31 2015 16:20:52 GMT+0800 (Malay Peninsula Standard Time),,s4w15,focus,
Mon Aug 31 2015 16:20:52 GMT+0800 (Malay Peninsula Standard Time),,s4w16,focus,
Mon Aug 31 2015 16:20:53 GMT+0800 (Malay Peninsula Standard Time),,s4w17,focus,
Mon Aug 31 2015 16:20:54 GMT+0800 (Malay Peninsula Standard Time),,s4w18,focus,
Mon Aug 31 2015 16:20:54 GMT+0800 (Malay Peninsula Standard Time),,s4w19,focus,
Mon Aug 31 2015 16:20:55 GMT+0800 (Malay Peninsula Standard Time),,s4w20,focus,
Mon Aug 31 2015 16:20:55 GMT+0800 (Malay Peninsula Standard Time),,s4w21,focus,
Mon Aug 31 2015 16:20:55 GMT+0800 (Malay Peninsula Standard Time),,s4w22,focus,
Mon Aug 31 2015 16:20:56 GMT+0800 (Malay Peninsula Standard Time),,s4w23,focus,
Mon Aug 31 2015 16:20:57 GMT+0800 (Malay Peninsula Standard Time),,s4w24,focus,
Mon Aug 31 2015 16:20:58 GMT+0800 (Malay Peninsula Standard Time),,s4w25,focus,
Mon Aug 31 2015 16:20:59 GMT+0800 (Malay Peninsula Standard Time),,s4w26,focus,
Mon Aug 31 2015 16:21:01 GMT+0800 (Malay Peninsula Standard Time),,s4w25,focus,
Mon Aug 31 2015 16:21:06 GMT+0800 (Malay Peninsula Standard Time),,s4w25,label,"N"
Mon Aug 31 2015 16:21:08 GMT+0800 (Malay Peninsula Standard Time),,s4w26,focus,
Mon Aug 31 2015 16:21:09 GMT+0800 (Malay Peninsula Standard Time),,s4w27,focus,
Mon Aug 31 2015 16:21:12 GMT+0800 (Malay Peninsula Standard Time),,s4w26,focus,
Mon Aug 31 2015 16:21:14 GMT+0800 (Malay Peninsula Standard Time),,s4w26,label,"&"
Mon Aug 31 2015 16:21:14 GMT+0800 (Malay Peninsula Standard Time),,s4w27,focus,
Mon Aug 31 2015 16:21:15 GMT+0800 (Malay Peninsula Standard Time),,s4w28,focus,
Mon Aug 31 2015 16:21:15 GMT+0800 (Malay Peninsula Standard Time),,s4w29,focus,
Mon Aug 31 2015 16:21:15 GMT+0800 (Malay Peninsula Standard Time),,s4w30,focus,
Mon Aug 31 2015 16:21:16 GMT+0800 (Malay Peninsula Standard Time),,s4w31,focus,
Mon Aug 31 2015 16:21:16 GMT+0800 (Malay Peninsula Standard Time),,s4w32,focus,
Mon Aug 31 2015 16:21:16 GMT+0800 (Malay Peninsula Standard Time),,s4w33,focus,
Mon Aug 31 2015 16:21:17 GMT+0800 (Malay Peninsula Standard Time),,s4w34,focus,
Mon Aug 31 2015 16:21:18 GMT+0800 (Malay Peninsula Standard Time),,s4w34,label,"^"
Mon Aug 31 2015 16:23:20 GMT+0800 (Malay Peninsula Standard Time),,s4w34,focus,
Mon Aug 31 2015 16:25:24 GMT+0800 (Malay Peninsula Standard Time),,,submitPage,
Wed Sep 02 2015 09:46:15 GMT+0800 (Malay Peninsula Standard Time),,,pageReady,0:100:100
Wed Sep 02 2015 09:46:15 GMT+0800 (Malay Peninsula Standard Time),,s0,twitterId,727528
Wed Sep 02 2015 09:46:15 GMT+0800 (Malay Peninsula Standard Time),,s1,twitterId,727528
Wed Sep 02 2015 09:46:15 GMT+0800 (Malay Peninsula Standard Time),,s2,twitterId,727528
Wed Sep 02 2015 09:46:15 GMT+0800 (Malay Peninsula Standard Time),,s3,twitterId,727528
Wed Sep 02 2015 09:46:15 GMT+0800 (Malay Peninsula Standard Time),,s4,twitterId,727528
Wed Sep 02 2015 09:46:15 GMT+0800 (Malay Peninsula Standard Time),,s5,twitterId,727528
Wed Sep 02 2015 09:46:15 GMT+0800 (Malay Peninsula Standard Time),,s6,twitterId,727528
Wed Sep 02 2015 09:46:15 GMT+0800 (Malay Peninsula Standard Time),,s7,twitterId,727528
Wed Sep 02 2015 09:46:20 GMT+0800 (Malay Peninsula Standard Time),,s0w1,focus,
Wed Sep 02 2015 09:46:20 GMT+0800 (Malay Peninsula Standard Time),,s0w1,focus,
Wed Sep 02 2015 09:46:22 GMT+0800 (Malay Peninsula Standard Time),,s0w2,focus,
Wed Sep 02 2015 09:46:23 GMT+0800 (Malay Peninsula Standard Time),,s0w3,focus,
Wed Sep 02 2015 09:46:24 GMT+0800 (Malay Peninsula Standard Time),,s0w4,focus,
Wed Sep 02 2015 09:46:24 GMT+0800 (Malay Peninsula Standard Time),,s0w5,focus,
Wed Sep 02 2015 09:46:26 GMT+0800 (Malay Peninsula Standard Time),,s0w6,focus,
Wed Sep 02 2015 09:46:27 GMT+0800 (Malay Peninsula Standard Time),,s0w7,focus,
Wed Sep 02 2015 09:46:27 GMT+0800 (Malay Peninsula Standard Time),,s0w8,focus,
Wed Sep 02 2015 09:46:27 GMT+0800 (Malay Peninsula Standard Time),,s0w9,focus,
Wed Sep 02 2015 09:46:28 GMT+0800 (Malay Peninsula Standard Time),,s0w10,focus,
Wed Sep 02 2015 09:46:29 GMT+0800 (Malay Peninsula Standard Time),,s0w11,focus,
Wed Sep 02 2015 09:46:31 GMT+0800 (Malay Peninsula Standard Time),,s0w11,label,"^"
Wed Sep 02 2015 09:46:33 GMT+0800 (Malay Peninsula Standard Time),,s0w12,focus,
Wed Sep 02 2015 09:46:33 GMT+0800 (Malay Peninsula Standard Time),,s0w13,focus,
Wed Sep 02 2015 09:46:34 GMT+0800 (Malay Peninsula Standard Time),,s0w14,focus,
Wed Sep 02 2015 09:46:34 GMT+0800 (Malay Peninsula Standard Time),,s1w1,focus,
Wed Sep 02 2015 09:46:37 GMT+0800 (Malay Peninsula Standard Time),,s1w2,focus,
Wed Sep 02 2015 09:46:37 GMT+0800 (Malay Peninsula Standard Time),,s1w3,focus,
Wed Sep 02 2015 09:46:37 GMT+0800 (Malay Peninsula Standard Time),,s1w4,focus,
Wed Sep 02 2015 09:46:38 GMT+0800 (Malay Peninsula Standard Time),,s1w5,focus,
Wed Sep 02 2015 09:46:38 GMT+0800 (Malay Peninsula Standard Time),,s1w6,focus,
Wed Sep 02 2015 09:46:39 GMT+0800 (Malay Peninsula Standard Time),,s1w7,focus,
Wed Sep 02 2015 09:46:39 GMT+0800 (Malay Peninsula Standard Time),,s1w8,focus,
Wed Sep 02 2015 09:46:39 GMT+0800 (Malay Peninsula Standard Time),,s1w9,focus,
Wed Sep 02 2015 09:46:40 GMT+0800 (Malay Peninsula Standard Time),,s1w10,focus,
Wed Sep 02 2015 09:46:40 GMT+0800 (Malay Peninsula Standard Time),,s1w11,focus,
Wed Sep 02 2015 09:46:41 GMT+0800 (Malay Peninsula Standard Time),,s1w12,focus,
Wed Sep 02 2015 09:46:41 GMT+0800 (Malay Peninsula Standard Time),,s1w13,focus,
Wed Sep 02 2015 09:46:41 GMT+0800 (Malay Peninsula Standard Time),,s1w14,focus,
Wed Sep 02 2015 09:46:42 GMT+0800 (Malay Peninsula Standard Time),,s1w15,focus,
Wed Sep 02 2015 09:46:42 GMT+0800 (Malay Peninsula Standard Time),,s1w16,focus,
Wed Sep 02 2015 09:46:44 GMT+0800 (Malay Peninsula Standard Time),,s1w16,label,","
Wed Sep 02 2015 09:46:45 GMT+0800 (Malay Peninsula Standard Time),,s1w17,focus,
Wed Sep 02 2015 09:46:46 GMT+0800 (Malay Peninsula Standard Time),,s1w18,focus,
Wed Sep 02 2015 09:46:46 GMT+0800 (Malay Peninsula Standard Time),,s1w19,focus,
Wed Sep 02 2015 09:46:47 GMT+0800 (Malay Peninsula Standard Time),,s1w20,focus,
Wed Sep 02 2015 09:46:47 GMT+0800 (Malay Peninsula Standard Time),,s1w21,focus,
Wed Sep 02 2015 09:46:49 GMT+0800 (Malay Peninsula Standard Time),,s1w22,focus,
Wed Sep 02 2015 09:46:49 GMT+0800 (Malay Peninsula Standard Time),,s1w23,focus,
Wed Sep 02 2015 09:46:50 GMT+0800 (Malay Peninsula Standard Time),,s1w24,focus,
Wed Sep 02 2015 09:46:50 GMT+0800 (Malay Peninsula Standard Time),,s1w25,focus,
Wed Sep 02 2015 09:46:51 GMT+0800 (Malay Peninsula Standard Time),,s1w26,focus,
Wed Sep 02 2015 09:46:51 GMT+0800 (Malay Peninsula Standard Time),,s1w27,focus,
Wed Sep 02 2015 09:46:51 GMT+0800 (Malay Peninsula Standard Time),,s1w28,focus,
Wed Sep 02 2015 09:46:52 GMT+0800 (Malay Peninsula Standard Time),,s1w29,focus,
Wed Sep 02 2015 09:46:52 GMT+0800 (Malay Peninsula Standard Time),,s1w30,focus,
Wed Sep 02 2015 09:46:52 GMT+0800 (Malay Peninsula Standard Time),,s1w31,focus,
Wed Sep 02 2015 09:46:53 GMT+0800 (Malay Peninsula Standard Time),,s1w32,focus,
Wed Sep 02 2015 09:46:53 GMT+0800 (Malay Peninsula Standard Time),,s2w1,focus,
Wed Sep 02 2015 09:46:53 GMT+0800 (Malay Peninsula Standard Time),,s2w2,focus,
Wed Sep 02 2015 09:46:54 GMT+0800 (Malay Peninsula Standard Time),,s2w3,focus,
Wed Sep 02 2015 09:46:55 GMT+0800 (Malay Peninsula Standard Time),,s2w4,focus,
Wed Sep 02 2015 09:46:55 GMT+0800 (Malay Peninsula Standard Time),,s2w5,focus,
Wed Sep 02 2015 09:46:56 GMT+0800 (Malay Peninsula Standard Time),,s3w1,focus,
Wed Sep 02 2015 09:46:57 GMT+0800 (Malay Peninsula Standard Time),,s3w1,label,"^"
Wed Sep 02 2015 09:46:58 GMT+0800 (Malay Peninsula Standard Time),,s3w2,focus,
Wed Sep 02 2015 09:46:58 GMT+0800 (Malay Peninsula Standard Time),,s3w3,focus,
Wed Sep 02 2015 09:46:59 GMT+0800 (Malay Peninsula Standard Time),,s3w4,focus,
Wed Sep 02 2015 09:47:00 GMT+0800 (Malay Peninsula Standard Time),,s3w4,label,"^"
Wed Sep 02 2015 09:47:02 GMT+0800 (Malay Peninsula Standard Time),,s3w5,focus,
Wed Sep 02 2015 09:47:02 GMT+0800 (Malay Peninsula Standard Time),,s3w6,focus,
Wed Sep 02 2015 09:47:03 GMT+0800 (Malay Peninsula Standard Time),,s3w7,focus,
Wed Sep 02 2015 09:47:03 GMT+0800 (Malay Peninsula Standard Time),,s3w8,focus,
Wed Sep 02 2015 09:47:03 GMT+0800 (Malay Peninsula Standard Time),,s3w9,focus,
Wed Sep 02 2015 09:47:05 GMT+0800 (Malay Peninsula Standard Time),,s3w10,focus,
Wed Sep 02 2015 09:47:05 GMT+0800 (Malay Peninsula Standard Time),,s3w11,focus,
Wed Sep 02 2015 09:47:05 GMT+0800 (Malay Peninsula Standard Time),,s3w12,focus,
Wed Sep 02 2015 09:47:07 GMT+0800 (Malay Peninsula Standard Time),,s3w13,focus,
Wed Sep 02 2015 09:47:07 GMT+0800 (Malay Peninsula Standard Time),,s3w14,focus,
Wed Sep 02 2015 09:47:08 GMT+0800 (Malay Peninsula Standard Time),,s3w15,focus,
Wed Sep 02 2015 09:47:08 GMT+0800 (Malay Peninsula Standard Time),,s3w16,focus,
Wed Sep 02 2015 09:47:08 GMT+0800 (Malay Peninsula Standard Time),,s3w17,focus,
Wed Sep 02 2015 09:47:09 GMT+0800 (Malay Peninsula Standard Time),,s3w18,focus,
Wed Sep 02 2015 09:47:09 GMT+0800 (Malay Peninsula Standard Time),,s3w19,focus,
Wed Sep 02 2015 09:47:09 GMT+0800 (Malay Peninsula Standard Time),,s3w20,focus,
Wed Sep 02 2015 09:47:09 GMT+0800 (Malay Peninsula Standard Time),,s3w21,focus,
Wed Sep 02 2015 09:47:10 GMT+0800 (Malay Peninsula Standard Time),,s3w22,focus,
Wed Sep 02 2015 09:47:10 GMT+0800 (Malay Peninsula Standard Time),,s3w23,focus,
Wed Sep 02 2015 09:47:11 GMT+0800 (Malay Peninsula Standard Time),,s3w24,focus,
Wed Sep 02 2015 09:47:11 GMT+0800 (Malay Peninsula Standard Time),,s3w25,focus,
Wed Sep 02 2015 09:47:24 GMT+0800 (Malay Peninsula Standard Time),,s3w26,focus,
Wed Sep 02 2015 09:47:24 GMT+0800 (Malay Peninsula Standard Time),,s3w27,focus,
Wed Sep 02 2015 09:47:24 GMT+0800 (Malay Peninsula Standard Time),,s3w28,focus,
Wed Sep 02 2015 09:47:24 GMT+0800 (Malay Peninsula Standard Time),,s3w29,focus,
Wed Sep 02 2015 09:47:25 GMT+0800 (Malay Peninsula Standard Time),,s3w30,focus,
Wed Sep 02 2015 09:47:25 GMT+0800 (Malay Peninsula Standard Time),,s3w31,focus,
Wed Sep 02 2015 09:47:25 GMT+0800 (Malay Peninsula Standard Time),,s3w32,focus,
Wed Sep 02 2015 09:47:25 GMT+0800 (Malay Peninsula Standard Time),,s3w33,focus,
Wed Sep 02 2015 09:47:25 GMT+0800 (Malay Peninsula Standard Time),,s3w34,focus,
Wed Sep 02 2015 09:47:26 GMT+0800 (Malay Peninsula Standard Time),,s3w35,focus,
Wed Sep 02 2015 09:47:27 GMT+0800 (Malay Peninsula Standard Time),,s3w35,label,"^"
Wed Sep 02 2015 09:47:28 GMT+0800 (Malay Peninsula Standard Time),,s3w36,focus,
Wed Sep 02 2015 09:47:29 GMT+0800 (Malay Peninsula Standard Time),,s3w37,focus,
Wed Sep 02 2015 09:47:30 GMT+0800 (Malay Peninsula Standard Time),,s3w38,focus,
Wed Sep 02 2015 09:47:30 GMT+0800 (Malay Peninsula Standard Time),,s3w39,focus,
Wed Sep 02 2015 09:47:30 GMT+0800 (Malay Peninsula Standard Time),,s3w40,focus,
Wed Sep 02 2015 09:47:30 GMT+0800 (Malay Peninsula Standard Time),,s3w41,focus,
Wed Sep 02 2015 09:47:31 GMT+0800 (Malay Peninsula Standard Time),,s3w41,label,"^"
Wed Sep 02 2015 09:47:32 GMT+0800 (Malay Peninsula Standard Time),,s3w42,focus,
Wed Sep 02 2015 09:47:35 GMT+0800 (Malay Peninsula Standard Time),,s3w43,focus,
Wed Sep 02 2015 09:47:35 GMT+0800 (Malay Peninsula Standard Time),,s3w44,focus,
Wed Sep 02 2015 09:47:35 GMT+0800 (Malay Peninsula Standard Time),,s3w45,focus,
Wed Sep 02 2015 09:47:35 GMT+0800 (Malay Peninsula Standard Time),,s3w46,focus,
Wed Sep 02 2015 09:47:36 GMT+0800 (Malay Peninsula Standard Time),,s3w47,focus,
Wed Sep 02 2015 09:47:36 GMT+0800 (Malay Peninsula Standard Time),,s3w48,focus,
Wed Sep 02 2015 09:47:36 GMT+0800 (Malay Peninsula Standard Time),,s3w49,focus,
Wed Sep 02 2015 09:47:36 GMT+0800 (Malay Peninsula Standard Time),,s3w50,focus,
Wed Sep 02 2015 09:47:36 GMT+0800 (Malay Peninsula Standard Time),,s3w51,focus,
Wed Sep 02 2015 09:47:37 GMT+0800 (Malay Peninsula Standard Time),,s3w52,focus,
Wed Sep 02 2015 09:47:37 GMT+0800 (Malay Peninsula Standard Time),,s3w53,focus,
Wed Sep 02 2015 09:47:37 GMT+0800 (Malay Peninsula Standard Time),,s3w54,focus,
Wed Sep 02 2015 09:47:38 GMT+0800 (Malay Peninsula Standard Time),,s4w1,focus,
Wed Sep 02 2015 09:47:40 GMT+0800 (Malay Peninsula Standard Time),,s4w2,focus,
Wed Sep 02 2015 09:47:41 GMT+0800 (Malay Peninsula Standard Time),,s4w3,focus,
Wed Sep 02 2015 09:47:41 GMT+0800 (Malay Peninsula Standard Time),,s4w4,focus,
Wed Sep 02 2015 09:47:41 GMT+0800 (Malay Peninsula Standard Time),,s4w5,focus,
Wed Sep 02 2015 09:47:42 GMT+0800 (Malay Peninsula Standard Time),,s4w5,label,"N"
Wed Sep 02 2015 09:47:43 GMT+0800 (Malay Peninsula Standard Time),,s4w6,focus,
Wed Sep 02 2015 09:47:44 GMT+0800 (Malay Peninsula Standard Time),,s4w6,label,"N"
Wed Sep 02 2015 09:47:45 GMT+0800 (Malay Peninsula Standard Time),,s4w7,focus,
Wed Sep 02 2015 09:47:47 GMT+0800 (Malay Peninsula Standard Time),,s4w8,focus,
Wed Sep 02 2015 09:47:48 GMT+0800 (Malay Peninsula Standard Time),,s4w9,focus,
Wed Sep 02 2015 09:47:49 GMT+0800 (Malay Peninsula Standard Time),,s4w9,label,"G"
Wed Sep 02 2015 09:47:50 GMT+0800 (Malay Peninsula Standard Time),,s4w9,label,"G"
Wed Sep 02 2015 09:47:50 GMT+0800 (Malay Peninsula Standard Time),,s4w10,focus,
Wed Sep 02 2015 09:47:51 GMT+0800 (Malay Peninsula Standard Time),,s4w10,label,"G"
Wed Sep 02 2015 09:47:51 GMT+0800 (Malay Peninsula Standard Time),,s4w11,focus,
Wed Sep 02 2015 09:47:52 GMT+0800 (Malay Peninsula Standard Time),,s4w11,label,"G"
Wed Sep 02 2015 09:47:53 GMT+0800 (Malay Peninsula Standard Time),,s4w12,focus,
Wed Sep 02 2015 09:47:54 GMT+0800 (Malay Peninsula Standard Time),,s4w12,label,"^"
Wed Sep 02 2015 09:47:55 GMT+0800 (Malay Peninsula Standard Time),,s4w13,focus,
Wed Sep 02 2015 09:47:56 GMT+0800 (Malay Peninsula Standard Time),,s4w14,focus,
Wed Sep 02 2015 09:47:57 GMT+0800 (Malay Peninsula Standard Time),,s4w15,focus,
Wed Sep 02 2015 09:48:02 GMT+0800 (Malay Peninsula Standard Time),,s4w16,focus,
Wed Sep 02 2015 09:48:02 GMT+0800 (Malay Peninsula Standard Time),,s4w17,focus,
Wed Sep 02 2015 09:48:02 GMT+0800 (Malay Peninsula Standard Time),,s4w18,focus,
Wed Sep 02 2015 09:48:04 GMT+0800 (Malay Peninsula Standard Time),,s4w19,focus,
Wed Sep 02 2015 09:48:08 GMT+0800 (Malay Peninsula Standard Time),,s4w20,focus,
Wed Sep 02 2015 09:48:08 GMT+0800 (Malay Peninsula Standard Time),,s4w21,focus,
Wed Sep 02 2015 09:48:09 GMT+0800 (Malay Peninsula Standard Time),,s4w22,focus,
Wed Sep 02 2015 09:48:09 GMT+0800 (Malay Peninsula Standard Time),,s4w23,focus,
Wed Sep 02 2015 09:48:09 GMT+0800 (Malay Peninsula Standard Time),,s4w24,focus,
Wed Sep 02 2015 09:48:09 GMT+0800 (Malay Peninsula Standard Time),,s4w25,focus,
Wed Sep 02 2015 09:48:23 GMT+0800 (Malay Peninsula Standard Time),,s4w25,label,"N"
Wed Sep 02 2015 09:48:24 GMT+0800 (Malay Peninsula Standard Time),,s4w26,focus,
Wed Sep 02 2015 09:48:25 GMT+0800 (Malay Peninsula Standard Time),,s4w27,focus,
Wed Sep 02 2015 09:48:25 GMT+0800 (Malay Peninsula Standard Time),,s4w28,focus,
Wed Sep 02 2015 09:48:25 GMT+0800 (Malay Peninsula Standard Time),,s4w29,focus,
Wed Sep 02 2015 09:48:26 GMT+0800 (Malay Peninsula Standard Time),,s4w30,focus,
Wed Sep 02 2015 09:48:26 GMT+0800 (Malay Peninsula Standard Time),,s4w31,focus,
Wed Sep 02 2015 09:48:26 GMT+0800 (Malay Peninsula Standard Time),,s4w32,focus,
Wed Sep 02 2015 09:48:28 GMT+0800 (Malay Peninsula Standard Time),,s4w33,focus,
Wed Sep 02 2015 09:48:28 GMT+0800 (Malay Peninsula Standard Time),,s4w34,focus,
Wed Sep 02 2015 09:48:30 GMT+0800 (Malay Peninsula Standard Time),,s4w35,focus,
Wed Sep 02 2015 09:48:30 GMT+0800 (Malay Peninsula Standard Time),,s5w1,focus,
Wed Sep 02 2015 09:48:37 GMT+0800 (Malay Peninsula Standard Time),,s5w2,focus,
Wed Sep 02 2015 09:48:37 GMT+0800 (Malay Peninsula Standard Time),,s5w3,focus,
Wed Sep 02 2015 09:48:40 GMT+0800 (Malay Peninsula Standard Time),,s5w4,focus,
Wed Sep 02 2015 09:48:40 GMT+0800 (Malay Peninsula Standard Time),,s5w5,focus,
Wed Sep 02 2015 09:48:40 GMT+0800 (Malay Peninsula Standard Time),,s5w6,focus,
Wed Sep 02 2015 09:48:40 GMT+0800 (Malay Peninsula Standard Time),,s5w7,focus,
Wed Sep 02 2015 09:48:41 GMT+0800 (Malay Peninsula Standard Time),,s5w8,focus,
Wed Sep 02 2015 09:48:41 GMT+0800 (Malay Peninsula Standard Time),,s5w9,focus,
Wed Sep 02 2015 09:48:42 GMT+0800 (Malay Peninsula Standard Time),,s5w10,focus,
Wed Sep 02 2015 09:48:42 GMT+0800 (Malay Peninsula Standard Time),,s5w11,focus,
Wed Sep 02 2015 09:48:42 GMT+0800 (Malay Peninsula Standard Time),,s5w12,focus,
Wed Sep 02 2015 09:48:42 GMT+0800 (Malay Peninsula Standard Time),,s5w13,focus,
Wed Sep 02 2015 09:48:42 GMT+0800 (Malay Peninsula Standard Time),,s5w14,focus,
Wed Sep 02 2015 09:48:43 GMT+0800 (Malay Peninsula Standard Time),,s5w15,focus,
Wed Sep 02 2015 09:48:43 GMT+0800 (Malay Peninsula Standard Time),,s5w16,focus,
Wed Sep 02 2015 09:48:45 GMT+0800 (Malay Peninsula Standard Time),,s5w16,label,"^"
Wed Sep 02 2015 09:48:45 GMT+0800 (Malay Peninsula Standard Time),,s5w17,focus,
Wed Sep 02 2015 09:48:46 GMT+0800 (Malay Peninsula Standard Time),,s5w18,focus,
Wed Sep 02 2015 09:48:46 GMT+0800 (Malay Peninsula Standard Time),,s6w1,focus,
Wed Sep 02 2015 09:48:48 GMT+0800 (Malay Peninsula Standard Time),,s6w1,label,"^"
Wed Sep 02 2015 09:48:48 GMT+0800 (Malay Peninsula Standard Time),,s6w2,focus,
Wed Sep 02 2015 09:48:49 GMT+0800 (Malay Peninsula Standard Time),,s6w3,focus,
Wed Sep 02 2015 09:48:50 GMT+0800 (Malay Peninsula Standard Time),,s6w4,focus,
Wed Sep 02 2015 09:48:50 GMT+0800 (Malay Peninsula Standard Time),,s6w5,focus,
Wed Sep 02 2015 09:48:50 GMT+0800 (Malay Peninsula Standard Time),,s6w6,focus,
Wed Sep 02 2015 09:48:50 GMT+0800 (Malay Peninsula Standard Time),,s6w7,focus,
Wed Sep 02 2015 09:48:51 GMT+0800 (Malay Peninsula Standard Time),,s6w8,focus,
Wed Sep 02 2015 09:48:51 GMT+0800 (Malay Peninsula Standard Time),,s6w9,focus,
Wed Sep 02 2015 09:48:51 GMT+0800 (Malay Peninsula Standard Time),,s6w10,focus,
Wed Sep 02 2015 09:48:52 GMT+0800 (Malay Peninsula Standard Time),,s6w11,focus,
Wed Sep 02 2015 09:48:52 GMT+0800 (Malay Peninsula Standard Time),,s6w12,focus,
Wed Sep 02 2015 09:48:52 GMT+0800 (Malay Peninsula Standard Time),,s6w13,focus,
Wed Sep 02 2015 09:48:53 GMT+0800 (Malay Peninsula Standard Time),,s6w14,focus,
Wed Sep 02 2015 09:48:53 GMT+0800 (Malay Peninsula Standard Time),,s6w15,focus,
Wed Sep 02 2015 09:48:54 GMT+0800 (Malay Peninsula Standard Time),,s6w16,focus,
Wed Sep 02 2015 09:48:54 GMT+0800 (Malay Peninsula Standard Time),,s6w17,focus,
Wed Sep 02 2015 09:48:54 GMT+0800 (Malay Peninsula Standard Time),,s6w18,focus,
Wed Sep 02 2015 09:48:55 GMT+0800 (Malay Peninsula Standard Time),,s6w19,focus,
Wed Sep 02 2015 09:49:02 GMT+0800 (Malay Peninsula Standard Time),,s6w20,focus,
Wed Sep 02 2015 09:49:02 GMT+0800 (Malay Peninsula Standard Time),,s6w21,focus,
Wed Sep 02 2015 09:49:02 GMT+0800 (Malay Peninsula Standard Time),,s6w22,focus,
Wed Sep 02 2015 09:49:02 GMT+0800 (Malay Peninsula Standard Time),,s6w23,focus,
Wed Sep 02 2015 09:49:02 GMT+0800 (Malay Peninsula Standard Time),,s6w24,focus,
Wed Sep 02 2015 09:49:02 GMT+0800 (Malay Peninsula Standard Time),,s6w25,focus,
Wed Sep 02 2015 09:49:02 GMT+0800 (Malay Peninsula Standard Time),,s6w26,focus,
Wed Sep 02 2015 09:49:02 GMT+0800 (Malay Peninsula Standard Time),,s6w27,focus,
Wed Sep 02 2015 09:49:02 GMT+0800 (Malay Peninsula Standard Time),,s6w28,focus,
Wed Sep 02 2015 09:49:02 GMT+0800 (Malay Peninsula Standard Time),,s6w29,focus,
Wed Sep 02 2015 09:49:02 GMT+0800 (Malay Peninsula Standard Time),,s6w30,focus,
Wed Sep 02 2015 09:49:02 GMT+0800 (Malay Peninsula Standard Time),,s6w31,focus,
Wed Sep 02 2015 09:49:03 GMT+0800 (Malay Peninsula Standard Time),,s6w32,focus,
Wed Sep 02 2015 09:49:03 GMT+0800 (Malay Peninsula Standard Time),,s6w33,focus,
Wed Sep 02 2015 09:49:03 GMT+0800 (Malay Peninsula Standard Time),,s6w34,focus,
Wed Sep 02 2015 09:49:04 GMT+0800 (Malay Peninsula Standard Time),,s6w35,focus,
Wed Sep 02 2015 09:49:04 GMT+0800 (Malay Peninsula Standard Time),,s6w36,focus,
Wed Sep 02 2015 09:49:04 GMT+0800 (Malay Peninsula Standard Time),,s6w37,focus,
Wed Sep 02 2015 09:49:04 GMT+0800 (Malay Peninsula Standard Time),,s7w1,focus,
Wed Sep 02 2015 09:49:07 GMT+0800 (Malay Peninsula Standard Time),,s7w1,label,"^"
Wed Sep 02 2015 09:49:08 GMT+0800 (Malay Peninsula Standard Time),,s7w2,focus,
Wed Sep 02 2015 09:49:08 GMT+0800 (Malay Peninsula Standard Time),,s7w3,focus,
Wed Sep 02 2015 09:49:09 GMT+0800 (Malay Peninsula Standard Time),,s7w4,focus,
Wed Sep 02 2015 09:49:15 GMT+0800 (Malay Peninsula Standard Time),,s7w5,focus,
Wed Sep 02 2015 09:49:15 GMT+0800 (Malay Peninsula Standard Time),,s7w6,focus,
Wed Sep 02 2015 09:49:15 GMT+0800 (Malay Peninsula Standard Time),,s7w7,focus,
Wed Sep 02 2015 09:49:15 GMT+0800 (Malay Peninsula Standard Time),,s7w8,focus,
Wed Sep 02 2015 09:49:15 GMT+0800 (Malay Peninsula Standard Time),,s7w9,focus,
Wed Sep 02 2015 09:49:15 GMT+0800 (Malay Peninsula Standard Time),,s7w10,focus,
Wed Sep 02 2015 09:49:15 GMT+0800 (Malay Peninsula Standard Time),,s7w11,focus,
Wed Sep 02 2015 09:49:15 GMT+0800 (Malay Peninsula Standard Time),,s7w12,focus,
Wed Sep 02 2015 09:49:16 GMT+0800 (Malay Peninsula Standard Time),,s7w13,focus,
Wed Sep 02 2015 09:49:16 GMT+0800 (Malay Peninsula Standard Time),,s7w14,focus,
Wed Sep 02 2015 09:49:16 GMT+0800 (Malay Peninsula Standard Time),,s7w15,focus,
Wed Sep 02 2015 09:49:17 GMT+0800 (Malay Peninsula Standard Time),,s7w16,focus,
Wed Sep 02 2015 09:49:19 GMT+0800 (Malay Peninsula Standard Time),,s7w16,label,"V"
Wed Sep 02 2015 09:49:20 GMT+0800 (Malay Peninsula Standard Time),,s7w17,focus,
Wed Sep 02 2015 09:49:20 GMT+0800 (Malay Peninsula Standard Time),,s7w18,focus,
Wed Sep 02 2015 09:49:21 GMT+0800 (Malay Peninsula Standard Time),,s7w18,label,"N"
Wed Sep 02 2015 09:49:22 GMT+0800 (Malay Peninsula Standard Time),,s7w19,focus,
Wed Sep 02 2015 09:49:22 GMT+0800 (Malay Peninsula Standard Time),,s7w20,focus,
Wed Sep 02 2015 09:49:23 GMT+0800 (Malay Peninsula Standard Time),,s7w21,focus,
Wed Sep 02 2015 09:49:24 GMT+0800 (Malay Peninsula Standard Time),,s7w22,focus,
Wed Sep 02 2015 09:49:24 GMT+0800 (Malay Peninsula Standard Time),,s7w23,focus,
Wed Sep 02 2015 09:49:25 GMT+0800 (Malay Peninsula Standard Time),,s7w23,label,"^"
Wed Sep 02 2015 09:49:26 GMT+0800 (Malay Peninsula Standard Time),,s7w24,focus,
Wed Sep 02 2015 09:49:26 GMT+0800 (Malay Peninsula Standard Time),,s7w25,focus,
Wed Sep 02 2015 09:49:33 GMT+0800 (Malay Peninsula Standard Time),,,submitPage,
