Fri Sep 04 2015 16:45:40 GMT+0800 (Malay Peninsula Standard Time),,,pageReady,0:100:100
Fri Sep 04 2015 16:45:40 GMT+0800 (Malay Peninsula Standard Time),,s0,twitterId,650377
Fri Sep 04 2015 16:45:40 GMT+0800 (Malay Peninsula Standard Time),,s1,twitterId,650377
Fri Sep 04 2015 16:45:40 GMT+0800 (Malay Peninsula Standard Time),,s2,twitterId,650377
Fri Sep 04 2015 16:45:40 GMT+0800 (Malay Peninsula Standard Time),,s3,twitterId,650377
Fri Sep 04 2015 16:45:40 GMT+0800 (Malay Peninsula Standard Time),,s4,twitterId,650377
Fri Sep 04 2015 16:45:40 GMT+0800 (Malay Peninsula Standard Time),,s5,twitterId,650377
Fri Sep 04 2015 16:45:40 GMT+0800 (Malay Peninsula Standard Time),,s6,twitterId,650377
Fri Sep 04 2015 16:45:40 GMT+0800 (Malay Peninsula Standard Time),,s7,twitterId,650377
Fri Sep 04 2015 16:45:40 GMT+0800 (Malay Peninsula Standard Time),,s8,twitterId,650377
Fri Sep 04 2015 16:45:40 GMT+0800 (Malay Peninsula Standard Time),,s9,twitterId,650377
Fri Sep 04 2015 16:46:07 GMT+0800 (Malay Peninsula Standard Time),,s0w1,focus,
Fri Sep 04 2015 16:46:07 GMT+0800 (Malay Peninsula Standard Time),,s0w1,focus,
Fri Sep 04 2015 16:46:08 GMT+0800 (Malay Peninsula Standard Time),,s0w2,focus,
Fri Sep 04 2015 16:46:09 GMT+0800 (Malay Peninsula Standard Time),,s0w3,focus,
Fri Sep 04 2015 16:46:10 GMT+0800 (Malay Peninsula Standard Time),,s0w3,label,"^"
Fri Sep 04 2015 16:46:10 GMT+0800 (Malay Peninsula Standard Time),,s0w4,focus,
Fri Sep 04 2015 16:46:11 GMT+0800 (Malay Peninsula Standard Time),,s0w5,focus,
Fri Sep 04 2015 16:46:11 GMT+0800 (Malay Peninsula Standard Time),,s0w6,focus,
Fri Sep 04 2015 16:46:12 GMT+0800 (Malay Peninsula Standard Time),,s0w7,focus,
Fri Sep 04 2015 16:46:13 GMT+0800 (Malay Peninsula Standard Time),,s0w8,focus,
Fri Sep 04 2015 16:46:13 GMT+0800 (Malay Peninsula Standard Time),,s0w9,focus,
Fri Sep 04 2015 16:46:14 GMT+0800 (Malay Peninsula Standard Time),,s0w10,focus,
Fri Sep 04 2015 16:46:15 GMT+0800 (Malay Peninsula Standard Time),,s1w1,focus,
Fri Sep 04 2015 16:46:15 GMT+0800 (Malay Peninsula Standard Time),,s1w2,focus,
Fri Sep 04 2015 16:46:16 GMT+0800 (Malay Peninsula Standard Time),,s1w3,focus,
Fri Sep 04 2015 16:46:17 GMT+0800 (Malay Peninsula Standard Time),,s1w4,focus,
Fri Sep 04 2015 16:46:17 GMT+0800 (Malay Peninsula Standard Time),,s1w5,focus,
Fri Sep 04 2015 16:46:17 GMT+0800 (Malay Peninsula Standard Time),,s1w6,focus,
Fri Sep 04 2015 16:46:19 GMT+0800 (Malay Peninsula Standard Time),,s1w7,focus,
Fri Sep 04 2015 16:46:19 GMT+0800 (Malay Peninsula Standard Time),,s1w8,focus,
Fri Sep 04 2015 16:46:19 GMT+0800 (Malay Peninsula Standard Time),,s1w9,focus,
Fri Sep 04 2015 16:46:20 GMT+0800 (Malay Peninsula Standard Time),,s1w10,focus,
Fri Sep 04 2015 16:46:21 GMT+0800 (Malay Peninsula Standard Time),,s1w11,focus,
Fri Sep 04 2015 16:46:21 GMT+0800 (Malay Peninsula Standard Time),,s1w12,focus,
Fri Sep 04 2015 16:46:22 GMT+0800 (Malay Peninsula Standard Time),,s1w13,focus,
Fri Sep 04 2015 16:46:23 GMT+0800 (Malay Peninsula Standard Time),,s1w14,focus,
Fri Sep 04 2015 16:46:23 GMT+0800 (Malay Peninsula Standard Time),,s1w15,focus,
Fri Sep 04 2015 16:46:23 GMT+0800 (Malay Peninsula Standard Time),,s1w16,focus,
Fri Sep 04 2015 16:46:23 GMT+0800 (Malay Peninsula Standard Time),,s1w17,focus,
Fri Sep 04 2015 16:46:24 GMT+0800 (Malay Peninsula Standard Time),,s1w18,focus,
Fri Sep 04 2015 16:46:24 GMT+0800 (Malay Peninsula Standard Time),,s1w19,focus,
Fri Sep 04 2015 16:46:25 GMT+0800 (Malay Peninsula Standard Time),,s1w20,focus,
Fri Sep 04 2015 16:46:25 GMT+0800 (Malay Peninsula Standard Time),,s1w21,focus,
Fri Sep 04 2015 16:46:26 GMT+0800 (Malay Peninsula Standard Time),,s1w22,focus,
Fri Sep 04 2015 16:46:27 GMT+0800 (Malay Peninsula Standard Time),,s1w23,focus,
Fri Sep 04 2015 16:46:28 GMT+0800 (Malay Peninsula Standard Time),,s1w24,focus,
Fri Sep 04 2015 16:46:29 GMT+0800 (Malay Peninsula Standard Time),,s1w25,focus,
Fri Sep 04 2015 16:46:30 GMT+0800 (Malay Peninsula Standard Time),,s1w26,focus,
Fri Sep 04 2015 16:46:30 GMT+0800 (Malay Peninsula Standard Time),,s1w27,focus,
Fri Sep 04 2015 16:46:30 GMT+0800 (Malay Peninsula Standard Time),,s1w28,focus,
Fri Sep 04 2015 16:46:31 GMT+0800 (Malay Peninsula Standard Time),,s1w29,focus,
Fri Sep 04 2015 16:46:32 GMT+0800 (Malay Peninsula Standard Time),,s1w30,focus,
Fri Sep 04 2015 16:46:34 GMT+0800 (Malay Peninsula Standard Time),,s1w31,focus,
Fri Sep 04 2015 16:46:35 GMT+0800 (Malay Peninsula Standard Time),,s1w32,focus,
Fri Sep 04 2015 16:46:35 GMT+0800 (Malay Peninsula Standard Time),,s1w33,focus,
Fri Sep 04 2015 16:46:36 GMT+0800 (Malay Peninsula Standard Time),,s1w34,focus,
Fri Sep 04 2015 16:46:38 GMT+0800 (Malay Peninsula Standard Time),,s1w35,focus,
Fri Sep 04 2015 16:46:39 GMT+0800 (Malay Peninsula Standard Time),,s1w34,focus,
Fri Sep 04 2015 16:46:41 GMT+0800 (Malay Peninsula Standard Time),,s1w34,label,"^"
Fri Sep 04 2015 16:46:42 GMT+0800 (Malay Peninsula Standard Time),,s1w35,focus,
Fri Sep 04 2015 16:46:42 GMT+0800 (Malay Peninsula Standard Time),,s1w36,focus,
Fri Sep 04 2015 16:46:43 GMT+0800 (Malay Peninsula Standard Time),,s2w1,focus,
Fri Sep 04 2015 16:46:45 GMT+0800 (Malay Peninsula Standard Time),,s2w2,focus,
Fri Sep 04 2015 16:46:46 GMT+0800 (Malay Peninsula Standard Time),,s2w3,focus,
Fri Sep 04 2015 16:46:48 GMT+0800 (Malay Peninsula Standard Time),,s2w2,focus,
Fri Sep 04 2015 16:46:48 GMT+0800 (Malay Peninsula Standard Time),,s2w1,focus,
Fri Sep 04 2015 16:46:50 GMT+0800 (Malay Peninsula Standard Time),,s2w2,focus,
Fri Sep 04 2015 16:46:50 GMT+0800 (Malay Peninsula Standard Time),,s2w2,label,"G"
Fri Sep 04 2015 16:46:51 GMT+0800 (Malay Peninsula Standard Time),,s2w1,focus,
Fri Sep 04 2015 16:46:51 GMT+0800 (Malay Peninsula Standard Time),,s2w1,label,"G"
Fri Sep 04 2015 16:46:51 GMT+0800 (Malay Peninsula Standard Time),,s2w2,focus,
Fri Sep 04 2015 16:46:51 GMT+0800 (Malay Peninsula Standard Time),,s2w2,label,"G"
Fri Sep 04 2015 16:46:51 GMT+0800 (Malay Peninsula Standard Time),,s2w3,focus,
Fri Sep 04 2015 16:46:52 GMT+0800 (Malay Peninsula Standard Time),,s2w3,label,"G"
Fri Sep 04 2015 16:46:52 GMT+0800 (Malay Peninsula Standard Time),,s2w4,focus,
Fri Sep 04 2015 16:46:53 GMT+0800 (Malay Peninsula Standard Time),,s2w5,focus,
Fri Sep 04 2015 16:46:54 GMT+0800 (Malay Peninsula Standard Time),,s2w6,focus,
Fri Sep 04 2015 16:46:55 GMT+0800 (Malay Peninsula Standard Time),,s2w7,focus,
Fri Sep 04 2015 16:46:57 GMT+0800 (Malay Peninsula Standard Time),,s2w8,focus,
Fri Sep 04 2015 16:46:58 GMT+0800 (Malay Peninsula Standard Time),,s2w9,focus,
Fri Sep 04 2015 16:46:58 GMT+0800 (Malay Peninsula Standard Time),,s2w10,focus,
Fri Sep 04 2015 16:46:59 GMT+0800 (Malay Peninsula Standard Time),,s2w11,focus,
Fri Sep 04 2015 16:46:59 GMT+0800 (Malay Peninsula Standard Time),,s2w12,focus,
Fri Sep 04 2015 16:46:59 GMT+0800 (Malay Peninsula Standard Time),,s2w13,focus,
Fri Sep 04 2015 16:47:00 GMT+0800 (Malay Peninsula Standard Time),,s2w14,focus,
Fri Sep 04 2015 16:47:00 GMT+0800 (Malay Peninsula Standard Time),,s2w15,focus,
Fri Sep 04 2015 16:47:01 GMT+0800 (Malay Peninsula Standard Time),,s2w16,focus,
Fri Sep 04 2015 16:47:01 GMT+0800 (Malay Peninsula Standard Time),,s2w17,focus,
Fri Sep 04 2015 16:47:01 GMT+0800 (Malay Peninsula Standard Time),,s2w18,focus,
Fri Sep 04 2015 16:47:02 GMT+0800 (Malay Peninsula Standard Time),,s2w19,focus,
Fri Sep 04 2015 16:47:03 GMT+0800 (Malay Peninsula Standard Time),,s2w20,focus,
Fri Sep 04 2015 16:47:03 GMT+0800 (Malay Peninsula Standard Time),,s2w21,focus,
Fri Sep 04 2015 16:47:04 GMT+0800 (Malay Peninsula Standard Time),,s2w22,focus,
Fri Sep 04 2015 16:47:04 GMT+0800 (Malay Peninsula Standard Time),,s2w23,focus,
Fri Sep 04 2015 16:47:05 GMT+0800 (Malay Peninsula Standard Time),,s2w24,focus,
Fri Sep 04 2015 16:47:05 GMT+0800 (Malay Peninsula Standard Time),,s2w25,focus,
Fri Sep 04 2015 16:47:06 GMT+0800 (Malay Peninsula Standard Time),,s2w26,focus,
Fri Sep 04 2015 16:47:08 GMT+0800 (Malay Peninsula Standard Time),,s2w27,focus,
Fri Sep 04 2015 16:47:08 GMT+0800 (Malay Peninsula Standard Time),,s3w1,focus,
Fri Sep 04 2015 16:47:10 GMT+0800 (Malay Peninsula Standard Time),,s3w2,focus,
Fri Sep 04 2015 16:47:10 GMT+0800 (Malay Peninsula Standard Time),,s3w3,focus,
Fri Sep 04 2015 16:47:11 GMT+0800 (Malay Peninsula Standard Time),,s3w4,focus,
Fri Sep 04 2015 16:47:15 GMT+0800 (Malay Peninsula Standard Time),,s4w6,focus,
Fri Sep 04 2015 16:47:15 GMT+0800 (Malay Peninsula Standard Time),,s4w6,focus,
Fri Sep 04 2015 16:47:15 GMT+0800 (Malay Peninsula Standard Time),,s4w7,focus,
Fri Sep 04 2015 16:47:16 GMT+0800 (Malay Peninsula Standard Time),,s4w8,focus,
Fri Sep 04 2015 16:47:16 GMT+0800 (Malay Peninsula Standard Time),,s4w9,focus,
Fri Sep 04 2015 16:47:18 GMT+0800 (Malay Peninsula Standard Time),,s4w10,focus,
Fri Sep 04 2015 16:47:19 GMT+0800 (Malay Peninsula Standard Time),,s4w11,focus,
Fri Sep 04 2015 16:47:19 GMT+0800 (Malay Peninsula Standard Time),,s4w12,focus,
Fri Sep 04 2015 16:47:20 GMT+0800 (Malay Peninsula Standard Time),,s4w11,focus,
Fri Sep 04 2015 16:47:20 GMT+0800 (Malay Peninsula Standard Time),,s4w12,focus,
Fri Sep 04 2015 16:47:20 GMT+0800 (Malay Peninsula Standard Time),,s4w13,focus,
Fri Sep 04 2015 16:47:22 GMT+0800 (Malay Peninsula Standard Time),,s4w14,focus,
Fri Sep 04 2015 16:47:22 GMT+0800 (Malay Peninsula Standard Time),,s4w15,focus,
Fri Sep 04 2015 16:47:24 GMT+0800 (Malay Peninsula Standard Time),,s4w16,focus,
Fri Sep 04 2015 16:47:25 GMT+0800 (Malay Peninsula Standard Time),,s4w17,focus,
Fri Sep 04 2015 16:47:25 GMT+0800 (Malay Peninsula Standard Time),,s4w18,focus,
Fri Sep 04 2015 16:47:26 GMT+0800 (Malay Peninsula Standard Time),,s4w19,focus,
Fri Sep 04 2015 16:47:26 GMT+0800 (Malay Peninsula Standard Time),,s4w20,focus,
Fri Sep 04 2015 16:47:27 GMT+0800 (Malay Peninsula Standard Time),,s4w20,label,"^"
Fri Sep 04 2015 16:47:28 GMT+0800 (Malay Peninsula Standard Time),,s4w21,focus,
Fri Sep 04 2015 16:47:28 GMT+0800 (Malay Peninsula Standard Time),,s4w22,focus,
Fri Sep 04 2015 16:47:28 GMT+0800 (Malay Peninsula Standard Time),,s4w23,focus,
Fri Sep 04 2015 16:47:29 GMT+0800 (Malay Peninsula Standard Time),,s4w24,focus,
Fri Sep 04 2015 16:47:29 GMT+0800 (Malay Peninsula Standard Time),,s4w25,focus,
Fri Sep 04 2015 16:47:31 GMT+0800 (Malay Peninsula Standard Time),,s4w26,focus,
Fri Sep 04 2015 16:47:31 GMT+0800 (Malay Peninsula Standard Time),,s4w27,focus,
Fri Sep 04 2015 16:47:31 GMT+0800 (Malay Peninsula Standard Time),,s4w28,focus,
Fri Sep 04 2015 16:47:32 GMT+0800 (Malay Peninsula Standard Time),,s4w29,focus,
Fri Sep 04 2015 16:47:33 GMT+0800 (Malay Peninsula Standard Time),,s4w30,focus,
Fri Sep 04 2015 16:47:35 GMT+0800 (Malay Peninsula Standard Time),,s4w31,focus,
Fri Sep 04 2015 16:47:36 GMT+0800 (Malay Peninsula Standard Time),,s4w32,focus,
Fri Sep 04 2015 16:47:36 GMT+0800 (Malay Peninsula Standard Time),,s4w33,focus,
Fri Sep 04 2015 16:47:37 GMT+0800 (Malay Peninsula Standard Time),,s4w34,focus,
Fri Sep 04 2015 16:47:38 GMT+0800 (Malay Peninsula Standard Time),,s4w35,focus,
Fri Sep 04 2015 16:47:39 GMT+0800 (Malay Peninsula Standard Time),,s4w36,focus,
Fri Sep 04 2015 16:47:39 GMT+0800 (Malay Peninsula Standard Time),,s4w37,focus,
Fri Sep 04 2015 16:47:40 GMT+0800 (Malay Peninsula Standard Time),,s4w38,focus,
Fri Sep 04 2015 16:47:40 GMT+0800 (Malay Peninsula Standard Time),,s4w39,focus,
Fri Sep 04 2015 16:47:40 GMT+0800 (Malay Peninsula Standard Time),,s4w40,focus,
Fri Sep 04 2015 16:47:41 GMT+0800 (Malay Peninsula Standard Time),,s4w41,focus,
Fri Sep 04 2015 16:47:42 GMT+0800 (Malay Peninsula Standard Time),,s4w42,focus,
Fri Sep 04 2015 16:47:42 GMT+0800 (Malay Peninsula Standard Time),,s4w43,focus,
Fri Sep 04 2015 16:47:43 GMT+0800 (Malay Peninsula Standard Time),,s4w44,focus,
Fri Sep 04 2015 16:47:44 GMT+0800 (Malay Peninsula Standard Time),,s4w45,focus,
Fri Sep 04 2015 16:47:44 GMT+0800 (Malay Peninsula Standard Time),,s4w46,focus,
Fri Sep 04 2015 16:47:47 GMT+0800 (Malay Peninsula Standard Time),,s4w47,focus,
Fri Sep 04 2015 16:47:59 GMT+0800 (Malay Peninsula Standard Time),,s4w46,focus,
Fri Sep 04 2015 16:48:01 GMT+0800 (Malay Peninsula Standard Time),,s4w47,focus,
Fri Sep 04 2015 16:48:01 GMT+0800 (Malay Peninsula Standard Time),,s4w48,focus,
Fri Sep 04 2015 16:48:01 GMT+0800 (Malay Peninsula Standard Time),,s4w49,focus,
Fri Sep 04 2015 16:48:02 GMT+0800 (Malay Peninsula Standard Time),,s4w50,focus,
Fri Sep 04 2015 16:48:02 GMT+0800 (Malay Peninsula Standard Time),,s4w51,focus,
Fri Sep 04 2015 16:48:03 GMT+0800 (Malay Peninsula Standard Time),,s4w52,focus,
Fri Sep 04 2015 16:48:03 GMT+0800 (Malay Peninsula Standard Time),,s4w53,focus,
Fri Sep 04 2015 16:48:04 GMT+0800 (Malay Peninsula Standard Time),,s4w54,focus,
Fri Sep 04 2015 16:48:04 GMT+0800 (Malay Peninsula Standard Time),,s4w55,focus,
Fri Sep 04 2015 16:48:05 GMT+0800 (Malay Peninsula Standard Time),,s4w56,focus,
Fri Sep 04 2015 16:48:05 GMT+0800 (Malay Peninsula Standard Time),,s4w57,focus,
Fri Sep 04 2015 16:48:05 GMT+0800 (Malay Peninsula Standard Time),,s4w58,focus,
Fri Sep 04 2015 16:48:06 GMT+0800 (Malay Peninsula Standard Time),,s4w59,focus,
Fri Sep 04 2015 16:48:06 GMT+0800 (Malay Peninsula Standard Time),,s4w60,focus,
Fri Sep 04 2015 16:48:06 GMT+0800 (Malay Peninsula Standard Time),,s4w61,focus,
Fri Sep 04 2015 16:48:07 GMT+0800 (Malay Peninsula Standard Time),,s4w62,focus,
Fri Sep 04 2015 16:48:08 GMT+0800 (Malay Peninsula Standard Time),,s4w63,focus,
Fri Sep 04 2015 16:48:08 GMT+0800 (Malay Peninsula Standard Time),,s4w64,focus,
Fri Sep 04 2015 16:48:09 GMT+0800 (Malay Peninsula Standard Time),,s4w65,focus,
Fri Sep 04 2015 16:48:09 GMT+0800 (Malay Peninsula Standard Time),,s4w66,focus,
Fri Sep 04 2015 16:48:09 GMT+0800 (Malay Peninsula Standard Time),,s4w67,focus,
Fri Sep 04 2015 16:48:10 GMT+0800 (Malay Peninsula Standard Time),,s4w68,focus,
Fri Sep 04 2015 16:48:10 GMT+0800 (Malay Peninsula Standard Time),,s4w69,focus,
Fri Sep 04 2015 16:48:11 GMT+0800 (Malay Peninsula Standard Time),,s4w70,focus,
Fri Sep 04 2015 16:48:11 GMT+0800 (Malay Peninsula Standard Time),,s4w71,focus,
Fri Sep 04 2015 16:48:11 GMT+0800 (Malay Peninsula Standard Time),,s4w72,focus,
Fri Sep 04 2015 16:48:12 GMT+0800 (Malay Peninsula Standard Time),,s4w73,focus,
Fri Sep 04 2015 16:48:12 GMT+0800 (Malay Peninsula Standard Time),,s4w74,focus,
Fri Sep 04 2015 16:48:13 GMT+0800 (Malay Peninsula Standard Time),,s4w75,focus,
Fri Sep 04 2015 16:48:14 GMT+0800 (Malay Peninsula Standard Time),,s4w76,focus,
Fri Sep 04 2015 16:48:14 GMT+0800 (Malay Peninsula Standard Time),,s4w77,focus,
Fri Sep 04 2015 16:48:15 GMT+0800 (Malay Peninsula Standard Time),,s4w78,focus,
Fri Sep 04 2015 16:48:15 GMT+0800 (Malay Peninsula Standard Time),,s4w79,focus,
Fri Sep 04 2015 16:48:15 GMT+0800 (Malay Peninsula Standard Time),,s4w80,focus,
Fri Sep 04 2015 16:48:16 GMT+0800 (Malay Peninsula Standard Time),,s4w81,focus,
Fri Sep 04 2015 16:48:16 GMT+0800 (Malay Peninsula Standard Time),,s4w82,focus,
Fri Sep 04 2015 16:48:17 GMT+0800 (Malay Peninsula Standard Time),,s4w83,focus,
Fri Sep 04 2015 16:48:17 GMT+0800 (Malay Peninsula Standard Time),,s4w84,focus,
Fri Sep 04 2015 16:48:17 GMT+0800 (Malay Peninsula Standard Time),,s4w85,focus,
Fri Sep 04 2015 16:48:18 GMT+0800 (Malay Peninsula Standard Time),,s4w86,focus,
Fri Sep 04 2015 16:48:18 GMT+0800 (Malay Peninsula Standard Time),,s4w87,focus,
Fri Sep 04 2015 16:48:18 GMT+0800 (Malay Peninsula Standard Time),,s4w88,focus,
Fri Sep 04 2015 16:48:19 GMT+0800 (Malay Peninsula Standard Time),,s4w89,focus,
Fri Sep 04 2015 16:48:19 GMT+0800 (Malay Peninsula Standard Time),,s4w90,focus,
Fri Sep 04 2015 16:48:19 GMT+0800 (Malay Peninsula Standard Time),,s4w91,focus,
Fri Sep 04 2015 16:48:20 GMT+0800 (Malay Peninsula Standard Time),,s5w1,focus,
Fri Sep 04 2015 16:48:20 GMT+0800 (Malay Peninsula Standard Time),,s5w2,focus,
Fri Sep 04 2015 16:48:21 GMT+0800 (Malay Peninsula Standard Time),,s5w3,focus,
Fri Sep 04 2015 16:48:21 GMT+0800 (Malay Peninsula Standard Time),,s5w4,focus,
Fri Sep 04 2015 16:48:22 GMT+0800 (Malay Peninsula Standard Time),,s5w5,focus,
Fri Sep 04 2015 16:48:23 GMT+0800 (Malay Peninsula Standard Time),,s5w6,focus,
Fri Sep 04 2015 16:48:23 GMT+0800 (Malay Peninsula Standard Time),,s5w7,focus,
Fri Sep 04 2015 16:48:23 GMT+0800 (Malay Peninsula Standard Time),,s5w8,focus,
Fri Sep 04 2015 16:48:24 GMT+0800 (Malay Peninsula Standard Time),,s5w9,focus,
Fri Sep 04 2015 16:48:24 GMT+0800 (Malay Peninsula Standard Time),,s6w1,focus,
Fri Sep 04 2015 16:48:25 GMT+0800 (Malay Peninsula Standard Time),,s6w2,focus,
Fri Sep 04 2015 16:48:25 GMT+0800 (Malay Peninsula Standard Time),,s6w3,focus,
Fri Sep 04 2015 16:48:26 GMT+0800 (Malay Peninsula Standard Time),,s6w4,focus,
Fri Sep 04 2015 16:48:26 GMT+0800 (Malay Peninsula Standard Time),,s6w5,focus,
Fri Sep 04 2015 16:48:27 GMT+0800 (Malay Peninsula Standard Time),,s6w6,focus,
Fri Sep 04 2015 16:48:27 GMT+0800 (Malay Peninsula Standard Time),,s6w7,focus,
Fri Sep 04 2015 16:48:29 GMT+0800 (Malay Peninsula Standard Time),,s6w8,focus,
Fri Sep 04 2015 16:48:29 GMT+0800 (Malay Peninsula Standard Time),,s6w9,focus,
Fri Sep 04 2015 16:48:30 GMT+0800 (Malay Peninsula Standard Time),,s6w10,focus,
Fri Sep 04 2015 16:48:30 GMT+0800 (Malay Peninsula Standard Time),,s6w11,focus,
Fri Sep 04 2015 16:48:31 GMT+0800 (Malay Peninsula Standard Time),,s6w12,focus,
Fri Sep 04 2015 16:48:32 GMT+0800 (Malay Peninsula Standard Time),,s6w13,focus,
Fri Sep 04 2015 16:48:32 GMT+0800 (Malay Peninsula Standard Time),,s6w14,focus,
Fri Sep 04 2015 16:48:33 GMT+0800 (Malay Peninsula Standard Time),,s6w15,focus,
Fri Sep 04 2015 16:48:33 GMT+0800 (Malay Peninsula Standard Time),,s6w16,focus,
Fri Sep 04 2015 16:48:33 GMT+0800 (Malay Peninsula Standard Time),,s6w17,focus,
Fri Sep 04 2015 16:48:34 GMT+0800 (Malay Peninsula Standard Time),,s7w1,focus,
Fri Sep 04 2015 16:48:36 GMT+0800 (Malay Peninsula Standard Time),,s7w2,focus,
Fri Sep 04 2015 16:48:36 GMT+0800 (Malay Peninsula Standard Time),,s7w3,focus,
Fri Sep 04 2015 16:48:37 GMT+0800 (Malay Peninsula Standard Time),,s7w4,focus,
Fri Sep 04 2015 16:48:37 GMT+0800 (Malay Peninsula Standard Time),,s7w5,focus,
Fri Sep 04 2015 16:48:38 GMT+0800 (Malay Peninsula Standard Time),,s7w6,focus,
Fri Sep 04 2015 16:48:38 GMT+0800 (Malay Peninsula Standard Time),,s7w7,focus,
Fri Sep 04 2015 16:48:39 GMT+0800 (Malay Peninsula Standard Time),,s7w8,focus,
Fri Sep 04 2015 16:48:39 GMT+0800 (Malay Peninsula Standard Time),,s7w9,focus,
Fri Sep 04 2015 16:48:39 GMT+0800 (Malay Peninsula Standard Time),,s7w10,focus,
Fri Sep 04 2015 16:48:40 GMT+0800 (Malay Peninsula Standard Time),,s7w11,focus,
Fri Sep 04 2015 16:48:41 GMT+0800 (Malay Peninsula Standard Time),,s7w11,label,"^"
Fri Sep 04 2015 16:48:42 GMT+0800 (Malay Peninsula Standard Time),,s7w12,focus,
Fri Sep 04 2015 16:48:42 GMT+0800 (Malay Peninsula Standard Time),,s7w13,focus,
Fri Sep 04 2015 16:48:42 GMT+0800 (Malay Peninsula Standard Time),,s7w14,focus,
Fri Sep 04 2015 16:48:43 GMT+0800 (Malay Peninsula Standard Time),,s7w15,focus,
Fri Sep 04 2015 16:48:43 GMT+0800 (Malay Peninsula Standard Time),,s7w16,focus,
Fri Sep 04 2015 16:48:43 GMT+0800 (Malay Peninsula Standard Time),,s7w17,focus,
Fri Sep 04 2015 16:48:44 GMT+0800 (Malay Peninsula Standard Time),,s7w18,focus,
Fri Sep 04 2015 16:48:45 GMT+0800 (Malay Peninsula Standard Time),,s7w19,focus,
Fri Sep 04 2015 16:48:46 GMT+0800 (Malay Peninsula Standard Time),,s7w20,focus,
Fri Sep 04 2015 16:48:47 GMT+0800 (Malay Peninsula Standard Time),,s7w21,focus,
Fri Sep 04 2015 16:48:47 GMT+0800 (Malay Peninsula Standard Time),,s7w22,focus,
Fri Sep 04 2015 16:48:48 GMT+0800 (Malay Peninsula Standard Time),,s7w23,focus,
Fri Sep 04 2015 16:48:48 GMT+0800 (Malay Peninsula Standard Time),,s7w24,focus,
Fri Sep 04 2015 16:48:49 GMT+0800 (Malay Peninsula Standard Time),,s8w1,focus,
Fri Sep 04 2015 16:48:50 GMT+0800 (Malay Peninsula Standard Time),,s8w2,focus,
Fri Sep 04 2015 16:48:54 GMT+0800 (Malay Peninsula Standard Time),,s8w3,focus,
Fri Sep 04 2015 16:48:54 GMT+0800 (Malay Peninsula Standard Time),,s8w4,focus,
Fri Sep 04 2015 16:48:54 GMT+0800 (Malay Peninsula Standard Time),,s8w5,focus,
Fri Sep 04 2015 16:48:55 GMT+0800 (Malay Peninsula Standard Time),,s8w6,focus,
Fri Sep 04 2015 16:48:55 GMT+0800 (Malay Peninsula Standard Time),,s8w7,focus,
Fri Sep 04 2015 16:48:57 GMT+0800 (Malay Peninsula Standard Time),,s8w8,focus,
Fri Sep 04 2015 16:48:57 GMT+0800 (Malay Peninsula Standard Time),,s8w9,focus,
Fri Sep 04 2015 16:48:58 GMT+0800 (Malay Peninsula Standard Time),,s8w10,focus,
Fri Sep 04 2015 16:48:58 GMT+0800 (Malay Peninsula Standard Time),,s8w11,focus,
Fri Sep 04 2015 16:48:59 GMT+0800 (Malay Peninsula Standard Time),,s8w12,focus,
Fri Sep 04 2015 16:48:59 GMT+0800 (Malay Peninsula Standard Time),,s9w1,focus,
Fri Sep 04 2015 16:49:00 GMT+0800 (Malay Peninsula Standard Time),,s9w2,focus,
Fri Sep 04 2015 16:49:00 GMT+0800 (Malay Peninsula Standard Time),,s9w3,focus,
Fri Sep 04 2015 16:49:00 GMT+0800 (Malay Peninsula Standard Time),,s9w4,focus,
Fri Sep 04 2015 16:49:01 GMT+0800 (Malay Peninsula Standard Time),,s9w5,focus,
Fri Sep 04 2015 16:49:02 GMT+0800 (Malay Peninsula Standard Time),,s9w6,focus,
Fri Sep 04 2015 16:49:02 GMT+0800 (Malay Peninsula Standard Time),,s9w7,focus,
Fri Sep 04 2015 16:49:03 GMT+0800 (Malay Peninsula Standard Time),,s9w8,focus,
Fri Sep 04 2015 16:49:03 GMT+0800 (Malay Peninsula Standard Time),,s9w9,focus,
Fri Sep 04 2015 16:49:04 GMT+0800 (Malay Peninsula Standard Time),,s9w10,focus,
Fri Sep 04 2015 16:49:05 GMT+0800 (Malay Peninsula Standard Time),,s9w11,focus,
Fri Sep 04 2015 16:49:07 GMT+0800 (Malay Peninsula Standard Time),,s9w11,label,"N"
Fri Sep 04 2015 16:49:08 GMT+0800 (Malay Peninsula Standard Time),,s9w12,focus,
Fri Sep 04 2015 16:49:08 GMT+0800 (Malay Peninsula Standard Time),,s9w13,focus,
Fri Sep 04 2015 16:49:09 GMT+0800 (Malay Peninsula Standard Time),,s9w14,focus,
Fri Sep 04 2015 16:49:11 GMT+0800 (Malay Peninsula Standard Time),,s9w14,label,"$"
Fri Sep 04 2015 16:49:12 GMT+0800 (Malay Peninsula Standard Time),,s9w15,focus,
Fri Sep 04 2015 16:49:16 GMT+0800 (Malay Peninsula Standard Time),,s9w15,label,"$"
Fri Sep 04 2015 16:49:17 GMT+0800 (Malay Peninsula Standard Time),,s9w16,focus,
Fri Sep 04 2015 16:49:17 GMT+0800 (Malay Peninsula Standard Time),,s9w17,focus,
Fri Sep 04 2015 16:49:18 GMT+0800 (Malay Peninsula Standard Time),,s9w18,focus,
Fri Sep 04 2015 16:49:19 GMT+0800 (Malay Peninsula Standard Time),,s9w19,focus,
Fri Sep 04 2015 16:49:20 GMT+0800 (Malay Peninsula Standard Time),,s9w20,focus,
Fri Sep 04 2015 16:49:20 GMT+0800 (Malay Peninsula Standard Time),,s9w21,focus,
Fri Sep 04 2015 16:49:20 GMT+0800 (Malay Peninsula Standard Time),,s9w22,focus,
Fri Sep 04 2015 16:49:21 GMT+0800 (Malay Peninsula Standard Time),,s9w23,focus,
Fri Sep 04 2015 16:49:22 GMT+0800 (Malay Peninsula Standard Time),,s9w24,focus,
Fri Sep 04 2015 16:49:22 GMT+0800 (Malay Peninsula Standard Time),,s9w25,focus,
Fri Sep 04 2015 16:49:23 GMT+0800 (Malay Peninsula Standard Time),,s9w26,focus,
Fri Sep 04 2015 16:49:23 GMT+0800 (Malay Peninsula Standard Time),,s9w27,focus,
Fri Sep 04 2015 16:49:23 GMT+0800 (Malay Peninsula Standard Time),,s9w28,focus,
Fri Sep 04 2015 16:49:24 GMT+0800 (Malay Peninsula Standard Time),,s9w29,focus,
Fri Sep 04 2015 16:49:24 GMT+0800 (Malay Peninsula Standard Time),,s9w30,focus,
Fri Sep 04 2015 16:49:25 GMT+0800 (Malay Peninsula Standard Time),,s9w31,focus,
Fri Sep 04 2015 16:49:25 GMT+0800 (Malay Peninsula Standard Time),,s9w32,focus,
Fri Sep 04 2015 16:49:26 GMT+0800 (Malay Peninsula Standard Time),,s9w33,focus,
Fri Sep 04 2015 16:49:26 GMT+0800 (Malay Peninsula Standard Time),,s9w34,focus,
Fri Sep 04 2015 16:49:27 GMT+0800 (Malay Peninsula Standard Time),,s9w35,focus,
Fri Sep 04 2015 16:49:27 GMT+0800 (Malay Peninsula Standard Time),,s9w36,focus,
Fri Sep 04 2015 16:49:27 GMT+0800 (Malay Peninsula Standard Time),,s9w37,focus,
Fri Sep 04 2015 16:49:28 GMT+0800 (Malay Peninsula Standard Time),,s9w38,focus,
Fri Sep 04 2015 16:49:29 GMT+0800 (Malay Peninsula Standard Time),,s9w39,focus,
Fri Sep 04 2015 16:49:31 GMT+0800 (Malay Peninsula Standard Time),,s9w39,label,"^"
Fri Sep 04 2015 16:49:33 GMT+0800 (Malay Peninsula Standard Time),,,submitPage,
