Fri Aug 21 2015 16:24:16 GMT+0800 (Malay Peninsula Standard Time),,,pageReady,0:100:100
Fri Aug 21 2015 16:24:16 GMT+0800 (Malay Peninsula Standard Time),,s0,twitterId,570818
Fri Aug 21 2015 16:24:16 GMT+0800 (Malay Peninsula Standard Time),,s1,twitterId,570818
Fri Aug 21 2015 16:24:16 GMT+0800 (Malay Peninsula Standard Time),,s2,twitterId,570818
Fri Aug 21 2015 16:24:16 GMT+0800 (Malay Peninsula Standard Time),,s3,twitterId,570818
Fri Aug 21 2015 16:24:16 GMT+0800 (Malay Peninsula Standard Time),,s4,twitterId,570818
Fri Aug 21 2015 16:24:16 GMT+0800 (Malay Peninsula Standard Time),,s5,twitterId,570818
Fri Aug 21 2015 16:24:16 GMT+0800 (Malay Peninsula Standard Time),,s6,twitterId,570818
Fri Aug 21 2015 16:24:22 GMT+0800 (Malay Peninsula Standard Time),,s0w1,focus,
Fri Aug 21 2015 16:24:22 GMT+0800 (Malay Peninsula Standard Time),,s0w1,focus,
Fri Aug 21 2015 16:24:29 GMT+0800 (Malay Peninsula Standard Time),,s0w2,focus,
Fri Aug 21 2015 16:24:32 GMT+0800 (Malay Peninsula Standard Time),,s0w3,focus,
Fri Aug 21 2015 16:24:33 GMT+0800 (Malay Peninsula Standard Time),,s0w4,focus,
Fri Aug 21 2015 16:24:33 GMT+0800 (Malay Peninsula Standard Time),,s0w5,focus,
Fri Aug 21 2015 16:24:34 GMT+0800 (Malay Peninsula Standard Time),,s0w6,focus,
Fri Aug 21 2015 16:24:34 GMT+0800 (Malay Peninsula Standard Time),,s0w7,focus,
Fri Aug 21 2015 16:24:35 GMT+0800 (Malay Peninsula Standard Time),,s0w8,focus,
Fri Aug 21 2015 16:24:36 GMT+0800 (Malay Peninsula Standard Time),,s0w9,focus,
Fri Aug 21 2015 16:24:40 GMT+0800 (Malay Peninsula Standard Time),,s0w9,label,"N"
Fri Aug 21 2015 16:24:40 GMT+0800 (Malay Peninsula Standard Time),,s0w10,focus,
Fri Aug 21 2015 16:24:42 GMT+0800 (Malay Peninsula Standard Time),,s0w11,focus,
Fri Aug 21 2015 16:24:42 GMT+0800 (Malay Peninsula Standard Time),,s0w12,focus,
Fri Aug 21 2015 16:24:43 GMT+0800 (Malay Peninsula Standard Time),,s0w13,focus,
Fri Aug 21 2015 16:24:44 GMT+0800 (Malay Peninsula Standard Time),,s0w14,focus,
Fri Aug 21 2015 16:24:45 GMT+0800 (Malay Peninsula Standard Time),,s0w15,focus,
Fri Aug 21 2015 16:24:45 GMT+0800 (Malay Peninsula Standard Time),,s0w16,focus,
Fri Aug 21 2015 16:24:45 GMT+0800 (Malay Peninsula Standard Time),,s0w17,focus,
Fri Aug 21 2015 16:24:50 GMT+0800 (Malay Peninsula Standard Time),,s0w18,focus,
Fri Aug 21 2015 16:24:51 GMT+0800 (Malay Peninsula Standard Time),,s1w1,focus,
Fri Aug 21 2015 16:24:51 GMT+0800 (Malay Peninsula Standard Time),,s1w2,focus,
Fri Aug 21 2015 16:24:52 GMT+0800 (Malay Peninsula Standard Time),,s1w3,focus,
Fri Aug 21 2015 16:24:52 GMT+0800 (Malay Peninsula Standard Time),,s1w4,focus,
Fri Aug 21 2015 16:24:55 GMT+0800 (Malay Peninsula Standard Time),,s1w4,label,"^"
Fri Aug 21 2015 16:24:56 GMT+0800 (Malay Peninsula Standard Time),,s1w5,focus,
Fri Aug 21 2015 16:24:56 GMT+0800 (Malay Peninsula Standard Time),,s1w6,focus,
Fri Aug 21 2015 16:24:57 GMT+0800 (Malay Peninsula Standard Time),,s1w7,focus,
Fri Aug 21 2015 16:24:59 GMT+0800 (Malay Peninsula Standard Time),,s1w8,focus,
Fri Aug 21 2015 16:25:01 GMT+0800 (Malay Peninsula Standard Time),,s1w9,focus,
Fri Aug 21 2015 16:25:03 GMT+0800 (Malay Peninsula Standard Time),,s1w10,focus,
Fri Aug 21 2015 16:25:08 GMT+0800 (Malay Peninsula Standard Time),,s1w11,focus,
Fri Aug 21 2015 16:25:08 GMT+0800 (Malay Peninsula Standard Time),,s1w12,focus,
Fri Aug 21 2015 16:25:08 GMT+0800 (Malay Peninsula Standard Time),,s1w13,focus,
Fri Aug 21 2015 16:25:11 GMT+0800 (Malay Peninsula Standard Time),,s1w14,focus,
Fri Aug 21 2015 16:25:11 GMT+0800 (Malay Peninsula Standard Time),,s1w15,focus,
Fri Aug 21 2015 16:25:12 GMT+0800 (Malay Peninsula Standard Time),,s1w16,focus,
Fri Aug 21 2015 16:25:13 GMT+0800 (Malay Peninsula Standard Time),,s1w17,focus,
Fri Aug 21 2015 16:25:14 GMT+0800 (Malay Peninsula Standard Time),,s1w18,focus,
Fri Aug 21 2015 16:25:14 GMT+0800 (Malay Peninsula Standard Time),,s1w19,focus,
Fri Aug 21 2015 16:25:15 GMT+0800 (Malay Peninsula Standard Time),,s1w20,focus,
Fri Aug 21 2015 16:25:15 GMT+0800 (Malay Peninsula Standard Time),,s1w21,focus,
Fri Aug 21 2015 16:25:15 GMT+0800 (Malay Peninsula Standard Time),,s1w22,focus,
Fri Aug 21 2015 16:25:17 GMT+0800 (Malay Peninsula Standard Time),,s1w23,focus,
Fri Aug 21 2015 16:25:18 GMT+0800 (Malay Peninsula Standard Time),,s1w24,focus,
Fri Aug 21 2015 16:25:19 GMT+0800 (Malay Peninsula Standard Time),,s1w25,focus,
Fri Aug 21 2015 16:25:19 GMT+0800 (Malay Peninsula Standard Time),,s1w26,focus,
Fri Aug 21 2015 16:25:20 GMT+0800 (Malay Peninsula Standard Time),,s1w27,focus,
Fri Aug 21 2015 16:25:20 GMT+0800 (Malay Peninsula Standard Time),,s1w28,focus,
Fri Aug 21 2015 16:25:21 GMT+0800 (Malay Peninsula Standard Time),,s1w29,focus,
Fri Aug 21 2015 16:25:21 GMT+0800 (Malay Peninsula Standard Time),,s1w30,focus,
Fri Aug 21 2015 16:25:22 GMT+0800 (Malay Peninsula Standard Time),,s1w31,focus,
Fri Aug 21 2015 16:25:23 GMT+0800 (Malay Peninsula Standard Time),,s1w32,focus,
Fri Aug 21 2015 16:25:23 GMT+0800 (Malay Peninsula Standard Time),,s1w33,focus,
Fri Aug 21 2015 16:25:23 GMT+0800 (Malay Peninsula Standard Time),,s1w34,focus,
Fri Aug 21 2015 16:25:24 GMT+0800 (Malay Peninsula Standard Time),,s1w35,focus,
Fri Aug 21 2015 16:25:24 GMT+0800 (Malay Peninsula Standard Time),,s1w36,focus,
Fri Aug 21 2015 16:25:25 GMT+0800 (Malay Peninsula Standard Time),,s1w37,focus,
Fri Aug 21 2015 16:25:26 GMT+0800 (Malay Peninsula Standard Time),,s1w38,focus,
Fri Aug 21 2015 16:25:26 GMT+0800 (Malay Peninsula Standard Time),,s1w39,focus,
Fri Aug 21 2015 16:25:27 GMT+0800 (Malay Peninsula Standard Time),,s1w40,focus,
Fri Aug 21 2015 16:25:27 GMT+0800 (Malay Peninsula Standard Time),,s1w41,focus,
Fri Aug 21 2015 16:25:27 GMT+0800 (Malay Peninsula Standard Time),,s1w42,focus,
Fri Aug 21 2015 16:25:29 GMT+0800 (Malay Peninsula Standard Time),,s1w43,focus,
Fri Aug 21 2015 16:25:29 GMT+0800 (Malay Peninsula Standard Time),,s1w44,focus,
Fri Aug 21 2015 16:25:30 GMT+0800 (Malay Peninsula Standard Time),,s1w45,focus,
Fri Aug 21 2015 16:25:31 GMT+0800 (Malay Peninsula Standard Time),,s1w46,focus,
Fri Aug 21 2015 16:25:33 GMT+0800 (Malay Peninsula Standard Time),,s1w47,focus,
Fri Aug 21 2015 16:25:33 GMT+0800 (Malay Peninsula Standard Time),,s1w48,focus,
Fri Aug 21 2015 16:25:33 GMT+0800 (Malay Peninsula Standard Time),,s1w49,focus,
Fri Aug 21 2015 16:25:35 GMT+0800 (Malay Peninsula Standard Time),,s1w50,focus,
Fri Aug 21 2015 16:25:59 GMT+0800 (Malay Peninsula Standard Time),,s1w51,focus,
Fri Aug 21 2015 16:25:59 GMT+0800 (Malay Peninsula Standard Time),,s1w52,focus,
Fri Aug 21 2015 16:26:00 GMT+0800 (Malay Peninsula Standard Time),,s1w53,focus,
Fri Aug 21 2015 16:26:00 GMT+0800 (Malay Peninsula Standard Time),,s1w54,focus,
Fri Aug 21 2015 16:26:02 GMT+0800 (Malay Peninsula Standard Time),,s1w55,focus,
Fri Aug 21 2015 16:26:02 GMT+0800 (Malay Peninsula Standard Time),,s1w56,focus,
Fri Aug 21 2015 16:26:03 GMT+0800 (Malay Peninsula Standard Time),,s1w57,focus,
Fri Aug 21 2015 16:26:03 GMT+0800 (Malay Peninsula Standard Time),,s1w58,focus,
Fri Aug 21 2015 16:26:04 GMT+0800 (Malay Peninsula Standard Time),,s1w59,focus,
Fri Aug 21 2015 16:26:04 GMT+0800 (Malay Peninsula Standard Time),,s1w60,focus,
Fri Aug 21 2015 16:26:05 GMT+0800 (Malay Peninsula Standard Time),,s1w61,focus,
Fri Aug 21 2015 16:26:05 GMT+0800 (Malay Peninsula Standard Time),,s1w62,focus,
Fri Aug 21 2015 16:26:06 GMT+0800 (Malay Peninsula Standard Time),,s1w63,focus,
Fri Aug 21 2015 16:26:06 GMT+0800 (Malay Peninsula Standard Time),,s1w64,focus,
Fri Aug 21 2015 16:26:07 GMT+0800 (Malay Peninsula Standard Time),,s1w65,focus,
Fri Aug 21 2015 16:26:07 GMT+0800 (Malay Peninsula Standard Time),,s1w66,focus,
Fri Aug 21 2015 16:26:07 GMT+0800 (Malay Peninsula Standard Time),,s1w67,focus,
Fri Aug 21 2015 16:26:07 GMT+0800 (Malay Peninsula Standard Time),,s1w68,focus,
Fri Aug 21 2015 16:26:08 GMT+0800 (Malay Peninsula Standard Time),,s1w69,focus,
Fri Aug 21 2015 16:26:09 GMT+0800 (Malay Peninsula Standard Time),,s1w70,focus,
Fri Aug 21 2015 16:26:10 GMT+0800 (Malay Peninsula Standard Time),,s1w71,focus,
Fri Aug 21 2015 16:26:11 GMT+0800 (Malay Peninsula Standard Time),,s1w72,focus,
Fri Aug 21 2015 16:26:12 GMT+0800 (Malay Peninsula Standard Time),,s1w73,focus,
Fri Aug 21 2015 16:26:12 GMT+0800 (Malay Peninsula Standard Time),,s1w74,focus,
Fri Aug 21 2015 16:26:12 GMT+0800 (Malay Peninsula Standard Time),,s1w75,focus,
Fri Aug 21 2015 16:26:13 GMT+0800 (Malay Peninsula Standard Time),,s1w76,focus,
Fri Aug 21 2015 16:26:15 GMT+0800 (Malay Peninsula Standard Time),,s1w77,focus,
Fri Aug 21 2015 16:26:16 GMT+0800 (Malay Peninsula Standard Time),,s1w78,focus,
Fri Aug 21 2015 16:26:17 GMT+0800 (Malay Peninsula Standard Time),,s1w79,focus,
Fri Aug 21 2015 16:26:19 GMT+0800 (Malay Peninsula Standard Time),,s1w80,focus,
Fri Aug 21 2015 16:26:21 GMT+0800 (Malay Peninsula Standard Time),,s1w81,focus,
Fri Aug 21 2015 16:26:21 GMT+0800 (Malay Peninsula Standard Time),,s1w82,focus,
Fri Aug 21 2015 16:26:23 GMT+0800 (Malay Peninsula Standard Time),,s1w83,focus,
Fri Aug 21 2015 16:26:23 GMT+0800 (Malay Peninsula Standard Time),,s1w84,focus,
Fri Aug 21 2015 16:26:24 GMT+0800 (Malay Peninsula Standard Time),,s1w85,focus,
Fri Aug 21 2015 16:26:25 GMT+0800 (Malay Peninsula Standard Time),,s1w86,focus,
Fri Aug 21 2015 16:26:27 GMT+0800 (Malay Peninsula Standard Time),,s1w86,label,"^"
Fri Aug 21 2015 16:26:28 GMT+0800 (Malay Peninsula Standard Time),,s1w87,focus,
Fri Aug 21 2015 16:26:29 GMT+0800 (Malay Peninsula Standard Time),,s1w88,focus,
Fri Aug 21 2015 16:26:30 GMT+0800 (Malay Peninsula Standard Time),,s1w89,focus,
Fri Aug 21 2015 16:26:30 GMT+0800 (Malay Peninsula Standard Time),,s1w90,focus,
Fri Aug 21 2015 16:26:32 GMT+0800 (Malay Peninsula Standard Time),,s1w90,label,"^"
Fri Aug 21 2015 16:26:33 GMT+0800 (Malay Peninsula Standard Time),,s1w91,focus,
Fri Aug 21 2015 16:26:33 GMT+0800 (Malay Peninsula Standard Time),,s1w92,focus,
Fri Aug 21 2015 16:26:34 GMT+0800 (Malay Peninsula Standard Time),,s1w93,focus,
Fri Aug 21 2015 16:26:35 GMT+0800 (Malay Peninsula Standard Time),,s1w93,label,"^"
Fri Aug 21 2015 16:26:36 GMT+0800 (Malay Peninsula Standard Time),,s1w94,focus,
Fri Aug 21 2015 16:26:42 GMT+0800 (Malay Peninsula Standard Time),,s1w95,focus,
Fri Aug 21 2015 16:26:44 GMT+0800 (Malay Peninsula Standard Time),,s1w96,focus,
Fri Aug 21 2015 16:26:44 GMT+0800 (Malay Peninsula Standard Time),,s1w97,focus,
Fri Aug 21 2015 16:26:45 GMT+0800 (Malay Peninsula Standard Time),,s1w98,focus,
Fri Aug 21 2015 16:26:46 GMT+0800 (Malay Peninsula Standard Time),,s1w97,focus,
Fri Aug 21 2015 16:26:49 GMT+0800 (Malay Peninsula Standard Time),,s1w97,label,"E"
Fri Aug 21 2015 16:26:51 GMT+0800 (Malay Peninsula Standard Time),,s1w98,focus,
Fri Aug 21 2015 16:26:55 GMT+0800 (Malay Peninsula Standard Time),,s1w99,focus,
Fri Aug 21 2015 16:26:55 GMT+0800 (Malay Peninsula Standard Time),,s1w100,focus,
Fri Aug 21 2015 16:26:55 GMT+0800 (Malay Peninsula Standard Time),,s1w101,focus,
Fri Aug 21 2015 16:26:56 GMT+0800 (Malay Peninsula Standard Time),,s1w102,focus,
Fri Aug 21 2015 16:26:57 GMT+0800 (Malay Peninsula Standard Time),,s1w103,focus,
Fri Aug 21 2015 16:26:58 GMT+0800 (Malay Peninsula Standard Time),,s1w104,focus,
Fri Aug 21 2015 16:28:00 GMT+0800 (Malay Peninsula Standard Time),,s1w105,focus,
Fri Aug 21 2015 16:28:01 GMT+0800 (Malay Peninsula Standard Time),,s1w106,focus,
Fri Aug 21 2015 16:28:01 GMT+0800 (Malay Peninsula Standard Time),,s1w107,focus,
Fri Aug 21 2015 16:28:02 GMT+0800 (Malay Peninsula Standard Time),,s1w108,focus,
Fri Aug 21 2015 16:28:02 GMT+0800 (Malay Peninsula Standard Time),,s1w109,focus,
Fri Aug 21 2015 16:28:02 GMT+0800 (Malay Peninsula Standard Time),,s1w110,focus,
Fri Aug 21 2015 16:28:04 GMT+0800 (Malay Peninsula Standard Time),,s1w111,focus,
Fri Aug 21 2015 16:28:05 GMT+0800 (Malay Peninsula Standard Time),,s1w112,focus,
Fri Aug 21 2015 16:28:05 GMT+0800 (Malay Peninsula Standard Time),,s1w113,focus,
Fri Aug 21 2015 16:28:06 GMT+0800 (Malay Peninsula Standard Time),,s1w114,focus,
Fri Aug 21 2015 16:28:06 GMT+0800 (Malay Peninsula Standard Time),,s1w115,focus,
Fri Aug 21 2015 16:28:07 GMT+0800 (Malay Peninsula Standard Time),,s1w116,focus,
Fri Aug 21 2015 16:28:08 GMT+0800 (Malay Peninsula Standard Time),,s1w117,focus,
Fri Aug 21 2015 16:28:08 GMT+0800 (Malay Peninsula Standard Time),,s1w118,focus,
Fri Aug 21 2015 16:28:08 GMT+0800 (Malay Peninsula Standard Time),,s1w119,focus,
Fri Aug 21 2015 16:28:09 GMT+0800 (Malay Peninsula Standard Time),,s1w120,focus,
Fri Aug 21 2015 16:28:09 GMT+0800 (Malay Peninsula Standard Time),,s1w121,focus,
Fri Aug 21 2015 16:28:10 GMT+0800 (Malay Peninsula Standard Time),,s1w122,focus,
Fri Aug 21 2015 16:28:10 GMT+0800 (Malay Peninsula Standard Time),,s1w123,focus,
Fri Aug 21 2015 16:28:11 GMT+0800 (Malay Peninsula Standard Time),,s1w124,focus,
Fri Aug 21 2015 16:28:12 GMT+0800 (Malay Peninsula Standard Time),,s1w125,focus,
Fri Aug 21 2015 16:28:13 GMT+0800 (Malay Peninsula Standard Time),,s1w126,focus,
Fri Aug 21 2015 16:28:13 GMT+0800 (Malay Peninsula Standard Time),,s1w127,focus,
Fri Aug 21 2015 16:28:13 GMT+0800 (Malay Peninsula Standard Time),,s1w128,focus,
Fri Aug 21 2015 16:28:13 GMT+0800 (Malay Peninsula Standard Time),,s1w129,focus,
Fri Aug 21 2015 16:28:14 GMT+0800 (Malay Peninsula Standard Time),,s1w130,focus,
Fri Aug 21 2015 16:28:17 GMT+0800 (Malay Peninsula Standard Time),,s1w130,label,"N"
Fri Aug 21 2015 16:28:18 GMT+0800 (Malay Peninsula Standard Time),,s1w131,focus,
Fri Aug 21 2015 16:28:18 GMT+0800 (Malay Peninsula Standard Time),,s1w132,focus,
Fri Aug 21 2015 16:28:18 GMT+0800 (Malay Peninsula Standard Time),,s1w133,focus,
Fri Aug 21 2015 16:28:20 GMT+0800 (Malay Peninsula Standard Time),,s1w134,focus,
Fri Aug 21 2015 16:28:20 GMT+0800 (Malay Peninsula Standard Time),,s1w135,focus,
Fri Aug 21 2015 16:28:20 GMT+0800 (Malay Peninsula Standard Time),,s1w136,focus,
Fri Aug 21 2015 16:28:21 GMT+0800 (Malay Peninsula Standard Time),,s1w137,focus,
Fri Aug 21 2015 16:28:22 GMT+0800 (Malay Peninsula Standard Time),,s1w138,focus,
Fri Aug 21 2015 16:28:22 GMT+0800 (Malay Peninsula Standard Time),,s1w139,focus,
Fri Aug 21 2015 16:28:23 GMT+0800 (Malay Peninsula Standard Time),,s1w140,focus,
Fri Aug 21 2015 16:28:23 GMT+0800 (Malay Peninsula Standard Time),,s1w141,focus,
Fri Aug 21 2015 16:28:24 GMT+0800 (Malay Peninsula Standard Time),,s1w142,focus,
Fri Aug 21 2015 16:28:25 GMT+0800 (Malay Peninsula Standard Time),,s1w143,focus,
Fri Aug 21 2015 16:28:25 GMT+0800 (Malay Peninsula Standard Time),,s1w144,focus,
Fri Aug 21 2015 16:28:25 GMT+0800 (Malay Peninsula Standard Time),,s1w145,focus,
Fri Aug 21 2015 16:28:26 GMT+0800 (Malay Peninsula Standard Time),,s1w146,focus,
Fri Aug 21 2015 16:28:26 GMT+0800 (Malay Peninsula Standard Time),,s1w147,focus,
Fri Aug 21 2015 16:28:26 GMT+0800 (Malay Peninsula Standard Time),,s1w148,focus,
Fri Aug 21 2015 16:28:26 GMT+0800 (Malay Peninsula Standard Time),,s1w149,focus,
Fri Aug 21 2015 16:28:32 GMT+0800 (Malay Peninsula Standard Time),,s2w1,focus,
Fri Aug 21 2015 16:28:32 GMT+0800 (Malay Peninsula Standard Time),,s2w2,focus,
Fri Aug 21 2015 16:28:32 GMT+0800 (Malay Peninsula Standard Time),,s2w3,focus,
Fri Aug 21 2015 16:28:33 GMT+0800 (Malay Peninsula Standard Time),,s2w4,focus,
Fri Aug 21 2015 16:28:33 GMT+0800 (Malay Peninsula Standard Time),,s2w5,focus,
Fri Aug 21 2015 16:28:33 GMT+0800 (Malay Peninsula Standard Time),,s2w6,focus,
Fri Aug 21 2015 16:28:34 GMT+0800 (Malay Peninsula Standard Time),,s2w7,focus,
Fri Aug 21 2015 16:28:34 GMT+0800 (Malay Peninsula Standard Time),,s2w8,focus,
Fri Aug 21 2015 16:28:34 GMT+0800 (Malay Peninsula Standard Time),,s2w9,focus,
Fri Aug 21 2015 16:28:35 GMT+0800 (Malay Peninsula Standard Time),,s2w10,focus,
Fri Aug 21 2015 16:28:36 GMT+0800 (Malay Peninsula Standard Time),,s2w11,focus,
Fri Aug 21 2015 16:28:37 GMT+0800 (Malay Peninsula Standard Time),,s2w12,focus,
Fri Aug 21 2015 16:28:37 GMT+0800 (Malay Peninsula Standard Time),,s2w13,focus,
Fri Aug 21 2015 16:28:37 GMT+0800 (Malay Peninsula Standard Time),,s2w14,focus,
Fri Aug 21 2015 16:28:38 GMT+0800 (Malay Peninsula Standard Time),,s2w15,focus,
Fri Aug 21 2015 16:28:38 GMT+0800 (Malay Peninsula Standard Time),,s2w16,focus,
Fri Aug 21 2015 16:28:39 GMT+0800 (Malay Peninsula Standard Time),,s2w17,focus,
Fri Aug 21 2015 16:28:39 GMT+0800 (Malay Peninsula Standard Time),,s2w18,focus,
Fri Aug 21 2015 16:28:40 GMT+0800 (Malay Peninsula Standard Time),,s3w1,focus,
Fri Aug 21 2015 16:28:40 GMT+0800 (Malay Peninsula Standard Time),,s3w2,focus,
Fri Aug 21 2015 16:28:41 GMT+0800 (Malay Peninsula Standard Time),,s3w3,focus,
Fri Aug 21 2015 16:28:41 GMT+0800 (Malay Peninsula Standard Time),,s3w4,focus,
Fri Aug 21 2015 16:28:42 GMT+0800 (Malay Peninsula Standard Time),,s3w5,focus,
Fri Aug 21 2015 16:28:42 GMT+0800 (Malay Peninsula Standard Time),,s3w6,focus,
Fri Aug 21 2015 16:28:42 GMT+0800 (Malay Peninsula Standard Time),,s3w7,focus,
Fri Aug 21 2015 16:28:43 GMT+0800 (Malay Peninsula Standard Time),,s3w8,focus,
Fri Aug 21 2015 16:28:44 GMT+0800 (Malay Peninsula Standard Time),,s3w9,focus,
Fri Aug 21 2015 16:28:44 GMT+0800 (Malay Peninsula Standard Time),,s3w10,focus,
Fri Aug 21 2015 16:28:45 GMT+0800 (Malay Peninsula Standard Time),,s3w11,focus,
Fri Aug 21 2015 16:28:46 GMT+0800 (Malay Peninsula Standard Time),,s3w12,focus,
Fri Aug 21 2015 16:28:47 GMT+0800 (Malay Peninsula Standard Time),,s3w13,focus,
Fri Aug 21 2015 16:28:53 GMT+0800 (Malay Peninsula Standard Time),,s3w14,focus,
Fri Aug 21 2015 16:29:19 GMT+0800 (Malay Peninsula Standard Time),,s3w14,focus,
Fri Aug 21 2015 16:29:22 GMT+0800 (Malay Peninsula Standard Time),,s0w1,focus,
Fri Aug 21 2015 16:29:51 GMT+0800 (Malay Peninsula Standard Time),,s3w35,focus,
Fri Aug 21 2015 16:29:52 GMT+0800 (Malay Peninsula Standard Time),,s3w23,focus,
Fri Aug 21 2015 16:29:52 GMT+0800 (Malay Peninsula Standard Time),,s3w23,focus,
Fri Aug 21 2015 16:29:57 GMT+0800 (Malay Peninsula Standard Time),,s3w16,focus,
Fri Aug 21 2015 16:29:57 GMT+0800 (Malay Peninsula Standard Time),,s3w16,focus,
Fri Aug 21 2015 16:29:58 GMT+0800 (Malay Peninsula Standard Time),,s3w17,focus,
Fri Aug 21 2015 16:29:58 GMT+0800 (Malay Peninsula Standard Time),,s3w18,focus,
Fri Aug 21 2015 16:29:58 GMT+0800 (Malay Peninsula Standard Time),,s3w19,focus,
Fri Aug 21 2015 16:29:59 GMT+0800 (Malay Peninsula Standard Time),,s3w20,focus,
Fri Aug 21 2015 16:29:59 GMT+0800 (Malay Peninsula Standard Time),,s3w21,focus,
Fri Aug 21 2015 16:29:59 GMT+0800 (Malay Peninsula Standard Time),,s3w22,focus,
Fri Aug 21 2015 16:30:00 GMT+0800 (Malay Peninsula Standard Time),,s3w23,focus,
Fri Aug 21 2015 16:30:01 GMT+0800 (Malay Peninsula Standard Time),,s3w24,focus,
Fri Aug 21 2015 16:30:01 GMT+0800 (Malay Peninsula Standard Time),,s3w25,focus,
Fri Aug 21 2015 16:30:01 GMT+0800 (Malay Peninsula Standard Time),,s3w26,focus,
Fri Aug 21 2015 16:30:02 GMT+0800 (Malay Peninsula Standard Time),,s3w27,focus,
Fri Aug 21 2015 16:30:02 GMT+0800 (Malay Peninsula Standard Time),,s3w28,focus,
Fri Aug 21 2015 16:30:03 GMT+0800 (Malay Peninsula Standard Time),,s3w29,focus,
Fri Aug 21 2015 16:30:03 GMT+0800 (Malay Peninsula Standard Time),,s3w30,focus,
Fri Aug 21 2015 16:30:03 GMT+0800 (Malay Peninsula Standard Time),,s3w31,focus,
Fri Aug 21 2015 16:30:04 GMT+0800 (Malay Peninsula Standard Time),,s3w32,focus,
Fri Aug 21 2015 16:30:05 GMT+0800 (Malay Peninsula Standard Time),,s3w33,focus,
Fri Aug 21 2015 16:30:05 GMT+0800 (Malay Peninsula Standard Time),,s3w34,focus,
Fri Aug 21 2015 16:30:06 GMT+0800 (Malay Peninsula Standard Time),,s3w35,focus,
Fri Aug 21 2015 16:30:06 GMT+0800 (Malay Peninsula Standard Time),,s3w36,focus,
Fri Aug 21 2015 16:30:07 GMT+0800 (Malay Peninsula Standard Time),,s3w37,focus,
Fri Aug 21 2015 16:30:07 GMT+0800 (Malay Peninsula Standard Time),,s3w38,focus,
Fri Aug 21 2015 16:30:08 GMT+0800 (Malay Peninsula Standard Time),,s3w39,focus,
Fri Aug 21 2015 16:30:09 GMT+0800 (Malay Peninsula Standard Time),,s3w40,focus,
Fri Aug 21 2015 16:30:09 GMT+0800 (Malay Peninsula Standard Time),,s3w41,focus,
Fri Aug 21 2015 16:30:10 GMT+0800 (Malay Peninsula Standard Time),,s3w42,focus,
Fri Aug 21 2015 16:30:10 GMT+0800 (Malay Peninsula Standard Time),,s3w43,focus,
Fri Aug 21 2015 16:30:10 GMT+0800 (Malay Peninsula Standard Time),,s3w44,focus,
Fri Aug 21 2015 16:30:11 GMT+0800 (Malay Peninsula Standard Time),,s3w45,focus,
Fri Aug 21 2015 16:30:11 GMT+0800 (Malay Peninsula Standard Time),,s3w46,focus,
Fri Aug 21 2015 16:30:13 GMT+0800 (Malay Peninsula Standard Time),,s3w46,label,"^"
Fri Aug 21 2015 16:30:13 GMT+0800 (Malay Peninsula Standard Time),,s3w47,focus,
Fri Aug 21 2015 16:30:14 GMT+0800 (Malay Peninsula Standard Time),,s3w48,focus,
Fri Aug 21 2015 16:30:15 GMT+0800 (Malay Peninsula Standard Time),,s3w49,focus,
Fri Aug 21 2015 16:30:19 GMT+0800 (Malay Peninsula Standard Time),,s3w50,focus,
Fri Aug 21 2015 16:30:19 GMT+0800 (Malay Peninsula Standard Time),,s4w1,focus,
Fri Aug 21 2015 16:30:21 GMT+0800 (Malay Peninsula Standard Time),,s4w2,focus,
Fri Aug 21 2015 16:30:22 GMT+0800 (Malay Peninsula Standard Time),,s4w2,label,"G"
Fri Aug 21 2015 16:30:23 GMT+0800 (Malay Peninsula Standard Time),,s4w3,focus,
Fri Aug 21 2015 16:30:24 GMT+0800 (Malay Peninsula Standard Time),,s4w4,focus,
Fri Aug 21 2015 16:30:25 GMT+0800 (Malay Peninsula Standard Time),,s4w5,focus,
Fri Aug 21 2015 16:30:26 GMT+0800 (Malay Peninsula Standard Time),,s4w6,focus,
Fri Aug 21 2015 16:30:26 GMT+0800 (Malay Peninsula Standard Time),,s4w7,focus,
Fri Aug 21 2015 16:30:26 GMT+0800 (Malay Peninsula Standard Time),,s4w8,focus,
Fri Aug 21 2015 16:30:27 GMT+0800 (Malay Peninsula Standard Time),,s4w9,focus,
Fri Aug 21 2015 16:30:27 GMT+0800 (Malay Peninsula Standard Time),,s4w10,focus,
Fri Aug 21 2015 16:30:28 GMT+0800 (Malay Peninsula Standard Time),,s4w10,label,"^"
Fri Aug 21 2015 16:30:29 GMT+0800 (Malay Peninsula Standard Time),,s4w11,focus,
Fri Aug 21 2015 16:30:29 GMT+0800 (Malay Peninsula Standard Time),,s4w12,focus,
Fri Aug 21 2015 16:30:29 GMT+0800 (Malay Peninsula Standard Time),,s4w13,focus,
Fri Aug 21 2015 16:30:29 GMT+0800 (Malay Peninsula Standard Time),,s4w14,focus,
Fri Aug 21 2015 16:30:30 GMT+0800 (Malay Peninsula Standard Time),,s4w15,focus,
Fri Aug 21 2015 16:30:30 GMT+0800 (Malay Peninsula Standard Time),,s5w1,focus,
Fri Aug 21 2015 16:30:31 GMT+0800 (Malay Peninsula Standard Time),,s5w2,focus,
Fri Aug 21 2015 16:30:31 GMT+0800 (Malay Peninsula Standard Time),,s5w3,focus,
Fri Aug 21 2015 16:30:32 GMT+0800 (Malay Peninsula Standard Time),,s5w4,focus,
Fri Aug 21 2015 16:30:32 GMT+0800 (Malay Peninsula Standard Time),,s5w5,focus,
Fri Aug 21 2015 16:30:34 GMT+0800 (Malay Peninsula Standard Time),,s5w6,focus,
Fri Aug 21 2015 16:30:34 GMT+0800 (Malay Peninsula Standard Time),,s5w7,focus,
Fri Aug 21 2015 16:30:36 GMT+0800 (Malay Peninsula Standard Time),,s5w8,focus,
Fri Aug 21 2015 16:30:37 GMT+0800 (Malay Peninsula Standard Time),,s5w9,focus,
Fri Aug 21 2015 16:30:38 GMT+0800 (Malay Peninsula Standard Time),,s5w10,focus,
Fri Aug 21 2015 16:30:38 GMT+0800 (Malay Peninsula Standard Time),,s5w11,focus,
Fri Aug 21 2015 16:30:38 GMT+0800 (Malay Peninsula Standard Time),,s5w12,focus,
Fri Aug 21 2015 16:30:39 GMT+0800 (Malay Peninsula Standard Time),,s5w13,focus,
Fri Aug 21 2015 16:30:40 GMT+0800 (Malay Peninsula Standard Time),,s5w14,focus,
Fri Aug 21 2015 16:30:40 GMT+0800 (Malay Peninsula Standard Time),,s5w15,focus,
Fri Aug 21 2015 16:30:41 GMT+0800 (Malay Peninsula Standard Time),,s5w16,focus,
Fri Aug 21 2015 16:30:42 GMT+0800 (Malay Peninsula Standard Time),,s5w17,focus,
Fri Aug 21 2015 16:30:43 GMT+0800 (Malay Peninsula Standard Time),,s5w18,focus,
Fri Aug 21 2015 16:30:46 GMT+0800 (Malay Peninsula Standard Time),,s5w19,focus,
Fri Aug 21 2015 16:30:47 GMT+0800 (Malay Peninsula Standard Time),,s5w20,focus,
Fri Aug 21 2015 16:30:48 GMT+0800 (Malay Peninsula Standard Time),,s5w21,focus,
Fri Aug 21 2015 16:30:48 GMT+0800 (Malay Peninsula Standard Time),,s5w22,focus,
Fri Aug 21 2015 16:30:49 GMT+0800 (Malay Peninsula Standard Time),,s5w23,focus,
Fri Aug 21 2015 16:30:49 GMT+0800 (Malay Peninsula Standard Time),,s5w24,focus,
Fri Aug 21 2015 16:30:50 GMT+0800 (Malay Peninsula Standard Time),,s5w25,focus,
Fri Aug 21 2015 16:30:50 GMT+0800 (Malay Peninsula Standard Time),,s5w26,focus,
Fri Aug 21 2015 16:30:51 GMT+0800 (Malay Peninsula Standard Time),,s5w27,focus,
Fri Aug 21 2015 16:30:51 GMT+0800 (Malay Peninsula Standard Time),,s5w28,focus,
Fri Aug 21 2015 16:30:52 GMT+0800 (Malay Peninsula Standard Time),,s5w29,focus,
Fri Aug 21 2015 16:30:53 GMT+0800 (Malay Peninsula Standard Time),,s5w30,focus,
Fri Aug 21 2015 16:30:53 GMT+0800 (Malay Peninsula Standard Time),,s5w31,focus,
Fri Aug 21 2015 16:30:54 GMT+0800 (Malay Peninsula Standard Time),,s5w32,focus,
Fri Aug 21 2015 16:30:55 GMT+0800 (Malay Peninsula Standard Time),,s5w32,label,"^"
Fri Aug 21 2015 16:30:55 GMT+0800 (Malay Peninsula Standard Time),,s5w33,focus,
Fri Aug 21 2015 16:30:56 GMT+0800 (Malay Peninsula Standard Time),,s5w34,focus,
Fri Aug 21 2015 16:30:56 GMT+0800 (Malay Peninsula Standard Time),,s5w35,focus,
Fri Aug 21 2015 16:30:57 GMT+0800 (Malay Peninsula Standard Time),,s5w36,focus,
Fri Aug 21 2015 16:30:57 GMT+0800 (Malay Peninsula Standard Time),,s5w37,focus,
Fri Aug 21 2015 16:30:58 GMT+0800 (Malay Peninsula Standard Time),,s5w38,focus,
Fri Aug 21 2015 16:30:59 GMT+0800 (Malay Peninsula Standard Time),,s5w39,focus,
Fri Aug 21 2015 16:30:59 GMT+0800 (Malay Peninsula Standard Time),,s5w40,focus,
Fri Aug 21 2015 16:31:10 GMT+0800 (Malay Peninsula Standard Time),,s5w41,focus,
Fri Aug 21 2015 16:31:12 GMT+0800 (Malay Peninsula Standard Time),,s5w41,label,"G"
Fri Aug 21 2015 16:31:12 GMT+0800 (Malay Peninsula Standard Time),,s5w42,focus,
Fri Aug 21 2015 16:31:12 GMT+0800 (Malay Peninsula Standard Time),,s5w42,label,"G"
Fri Aug 21 2015 16:31:13 GMT+0800 (Malay Peninsula Standard Time),,s5w43,focus,
Fri Aug 21 2015 16:31:13 GMT+0800 (Malay Peninsula Standard Time),,s5w43,label,"G"
Fri Aug 21 2015 16:31:14 GMT+0800 (Malay Peninsula Standard Time),,s5w44,focus,
Fri Aug 21 2015 16:31:14 GMT+0800 (Malay Peninsula Standard Time),,s5w45,focus,
Fri Aug 21 2015 16:31:14 GMT+0800 (Malay Peninsula Standard Time),,s5w45,label,"G"
Fri Aug 21 2015 16:31:15 GMT+0800 (Malay Peninsula Standard Time),,s5w44,focus,
Fri Aug 21 2015 16:31:16 GMT+0800 (Malay Peninsula Standard Time),,s5w44,label,"G"
Fri Aug 21 2015 16:31:16 GMT+0800 (Malay Peninsula Standard Time),,s5w45,focus,
Fri Aug 21 2015 16:31:17 GMT+0800 (Malay Peninsula Standard Time),,s5w46,focus,
Fri Aug 21 2015 16:31:17 GMT+0800 (Malay Peninsula Standard Time),,s5w46,label,"G"
Fri Aug 21 2015 16:31:17 GMT+0800 (Malay Peninsula Standard Time),,s5w47,focus,
Fri Aug 21 2015 16:31:17 GMT+0800 (Malay Peninsula Standard Time),,s5w47,label,"G"
Fri Aug 21 2015 16:31:18 GMT+0800 (Malay Peninsula Standard Time),,s5w48,focus,
Fri Aug 21 2015 16:31:18 GMT+0800 (Malay Peninsula Standard Time),,s5w48,label,"G"
Fri Aug 21 2015 16:31:18 GMT+0800 (Malay Peninsula Standard Time),,s5w49,focus,
Fri Aug 21 2015 16:31:19 GMT+0800 (Malay Peninsula Standard Time),,s5w49,label,"G"
Fri Aug 21 2015 16:31:19 GMT+0800 (Malay Peninsula Standard Time),,s5w50,focus,
Fri Aug 21 2015 16:31:19 GMT+0800 (Malay Peninsula Standard Time),,s5w50,label,"G"
Fri Aug 21 2015 16:31:19 GMT+0800 (Malay Peninsula Standard Time),,s5w51,focus,
Fri Aug 21 2015 16:31:20 GMT+0800 (Malay Peninsula Standard Time),,s5w51,label,"G"
Fri Aug 21 2015 16:31:20 GMT+0800 (Malay Peninsula Standard Time),,s5w52,focus,
Fri Aug 21 2015 16:31:20 GMT+0800 (Malay Peninsula Standard Time),,s5w52,label,"G"
Fri Aug 21 2015 16:31:20 GMT+0800 (Malay Peninsula Standard Time),,s5w53,focus,
Fri Aug 21 2015 16:31:20 GMT+0800 (Malay Peninsula Standard Time),,s5w53,label,"G"
Fri Aug 21 2015 16:31:21 GMT+0800 (Malay Peninsula Standard Time),,s5w54,focus,
Fri Aug 21 2015 16:31:21 GMT+0800 (Malay Peninsula Standard Time),,s5w54,label,"G"
Fri Aug 21 2015 16:31:21 GMT+0800 (Malay Peninsula Standard Time),,s5w55,focus,
Fri Aug 21 2015 16:31:21 GMT+0800 (Malay Peninsula Standard Time),,s5w55,label,"G"
Fri Aug 21 2015 16:31:21 GMT+0800 (Malay Peninsula Standard Time),,s5w56,focus,
Fri Aug 21 2015 16:31:22 GMT+0800 (Malay Peninsula Standard Time),,s5w56,label,"G"
Fri Aug 21 2015 16:31:22 GMT+0800 (Malay Peninsula Standard Time),,s5w57,focus,
Fri Aug 21 2015 16:31:22 GMT+0800 (Malay Peninsula Standard Time),,s5w57,label,"G"
Fri Aug 21 2015 16:31:22 GMT+0800 (Malay Peninsula Standard Time),,s5w58,focus,
Fri Aug 21 2015 16:31:22 GMT+0800 (Malay Peninsula Standard Time),,s5w58,label,"G"
Fri Aug 21 2015 16:31:22 GMT+0800 (Malay Peninsula Standard Time),,s5w59,focus,
Fri Aug 21 2015 16:31:23 GMT+0800 (Malay Peninsula Standard Time),,s5w59,label,"G"
Fri Aug 21 2015 16:31:27 GMT+0800 (Malay Peninsula Standard Time),,s6w1,focus,
Fri Aug 21 2015 16:31:29 GMT+0800 (Malay Peninsula Standard Time),,s6w2,focus,
Fri Aug 21 2015 16:31:30 GMT+0800 (Malay Peninsula Standard Time),,s6w3,focus,
Fri Aug 21 2015 16:31:33 GMT+0800 (Malay Peninsula Standard Time),,s6w4,focus,
Fri Aug 21 2015 16:31:33 GMT+0800 (Malay Peninsula Standard Time),,s6w5,focus,
Fri Aug 21 2015 16:31:33 GMT+0800 (Malay Peninsula Standard Time),,s6w6,focus,
Fri Aug 21 2015 16:31:34 GMT+0800 (Malay Peninsula Standard Time),,s6w7,focus,
Fri Aug 21 2015 16:31:34 GMT+0800 (Malay Peninsula Standard Time),,s6w8,focus,
Fri Aug 21 2015 16:31:34 GMT+0800 (Malay Peninsula Standard Time),,s6w9,focus,
Fri Aug 21 2015 16:31:35 GMT+0800 (Malay Peninsula Standard Time),,s6w10,focus,
Fri Aug 21 2015 16:31:41 GMT+0800 (Malay Peninsula Standard Time),,s6w10,label,"N"
Fri Aug 21 2015 16:31:42 GMT+0800 (Malay Peninsula Standard Time),,s6w10,label,"A"
Fri Aug 21 2015 16:32:00 GMT+0800 (Malay Peninsula Standard Time),,s6w10,label,"N"
Fri Aug 21 2015 16:32:01 GMT+0800 (Malay Peninsula Standard Time),,s6w11,focus,
Fri Aug 21 2015 16:32:16 GMT+0800 (Malay Peninsula Standard Time),,s6w12,focus,
Fri Aug 21 2015 16:32:17 GMT+0800 (Malay Peninsula Standard Time),,s6w13,focus,
Fri Aug 21 2015 16:32:17 GMT+0800 (Malay Peninsula Standard Time),,s6w14,focus,
Fri Aug 21 2015 16:32:18 GMT+0800 (Malay Peninsula Standard Time),,s6w15,focus,
Fri Aug 21 2015 16:32:19 GMT+0800 (Malay Peninsula Standard Time),,s6w16,focus,
Fri Aug 21 2015 16:32:19 GMT+0800 (Malay Peninsula Standard Time),,s6w17,focus,
Fri Aug 21 2015 16:32:19 GMT+0800 (Malay Peninsula Standard Time),,s6w18,focus,
Fri Aug 21 2015 16:32:20 GMT+0800 (Malay Peninsula Standard Time),,s6w19,focus,
Fri Aug 21 2015 16:32:20 GMT+0800 (Malay Peninsula Standard Time),,s6w20,focus,
Fri Aug 21 2015 16:32:21 GMT+0800 (Malay Peninsula Standard Time),,s6w21,focus,
Fri Aug 21 2015 16:32:21 GMT+0800 (Malay Peninsula Standard Time),,s6w22,focus,
Fri Aug 21 2015 16:32:21 GMT+0800 (Malay Peninsula Standard Time),,s6w23,focus,
Fri Aug 21 2015 16:32:22 GMT+0800 (Malay Peninsula Standard Time),,s6w24,focus,
Fri Aug 21 2015 16:32:22 GMT+0800 (Malay Peninsula Standard Time),,s6w25,focus,
Fri Aug 21 2015 16:32:23 GMT+0800 (Malay Peninsula Standard Time),,s6w26,focus,
Fri Aug 21 2015 16:32:23 GMT+0800 (Malay Peninsula Standard Time),,s6w27,focus,
Fri Aug 21 2015 16:32:24 GMT+0800 (Malay Peninsula Standard Time),,s6w28,focus,
Fri Aug 21 2015 16:32:24 GMT+0800 (Malay Peninsula Standard Time),,s6w29,focus,
Fri Aug 21 2015 16:32:25 GMT+0800 (Malay Peninsula Standard Time),,s6w30,focus,
Fri Aug 21 2015 16:32:27 GMT+0800 (Malay Peninsula Standard Time),,,submitPage,
