Thu Sep 03 2015 14:22:31 GMT+0800 (Malay Peninsula Standard Time),,,pageReady,0:100:100
Thu Sep 03 2015 14:22:31 GMT+0800 (Malay Peninsula Standard Time),,s0,twitterId,713276
Thu Sep 03 2015 14:22:31 GMT+0800 (Malay Peninsula Standard Time),,s1,twitterId,713276
Thu Sep 03 2015 14:22:31 GMT+0800 (Malay Peninsula Standard Time),,s2,twitterId,713276
Thu Sep 03 2015 14:22:31 GMT+0800 (Malay Peninsula Standard Time),,s3,twitterId,713276
Thu Sep 03 2015 14:22:31 GMT+0800 (Malay Peninsula Standard Time),,s4,twitterId,713276
Thu Sep 03 2015 14:22:31 GMT+0800 (Malay Peninsula Standard Time),,s5,twitterId,713276
Thu Sep 03 2015 14:22:31 GMT+0800 (Malay Peninsula Standard Time),,s6,twitterId,713276
Thu Sep 03 2015 14:22:31 GMT+0800 (Malay Peninsula Standard Time),,s7,twitterId,713276
Thu Sep 03 2015 14:22:31 GMT+0800 (Malay Peninsula Standard Time),,s8,twitterId,713276
Thu Sep 03 2015 14:22:31 GMT+0800 (Malay Peninsula Standard Time),,s9,twitterId,713276
Thu Sep 03 2015 14:22:31 GMT+0800 (Malay Peninsula Standard Time),,s10,twitterId,713276
Thu Sep 03 2015 14:22:38 GMT+0800 (Malay Peninsula Standard Time),,s0w1,focus,
Thu Sep 03 2015 14:22:39 GMT+0800 (Malay Peninsula Standard Time),,s0w1,focus,
Thu Sep 03 2015 14:22:42 GMT+0800 (Malay Peninsula Standard Time),,s0w1,label,"V"
Thu Sep 03 2015 14:22:43 GMT+0800 (Malay Peninsula Standard Time),,s0w2,focus,
Thu Sep 03 2015 14:23:27 GMT+0800 (Malay Peninsula Standard Time),,s0w2,focus,
Thu Sep 03 2015 14:23:45 GMT+0800 (Malay Peninsula Standard Time),,s0w2,focus,
Thu Sep 03 2015 14:23:51 GMT+0800 (Malay Peninsula Standard Time),,s0w5,focus,
Thu Sep 03 2015 14:23:51 GMT+0800 (Malay Peninsula Standard Time),,s0w5,focus,
Thu Sep 03 2015 14:23:53 GMT+0800 (Malay Peninsula Standard Time),,s0w5,label,"N"
Thu Sep 03 2015 14:23:54 GMT+0800 (Malay Peninsula Standard Time),,s0w6,focus,
Thu Sep 03 2015 14:23:54 GMT+0800 (Malay Peninsula Standard Time),,s0w7,focus,
Thu Sep 03 2015 14:24:00 GMT+0800 (Malay Peninsula Standard Time),,s0w8,focus,
Thu Sep 03 2015 14:24:00 GMT+0800 (Malay Peninsula Standard Time),,s0w9,focus,
Thu Sep 03 2015 14:24:00 GMT+0800 (Malay Peninsula Standard Time),,s0w10,focus,
Thu Sep 03 2015 14:24:01 GMT+0800 (Malay Peninsula Standard Time),,s1w1,focus,
Thu Sep 03 2015 14:24:07 GMT+0800 (Malay Peninsula Standard Time),,s1w2,focus,
Thu Sep 03 2015 14:24:10 GMT+0800 (Malay Peninsula Standard Time),,s1w3,focus,
Thu Sep 03 2015 14:24:10 GMT+0800 (Malay Peninsula Standard Time),,s1w4,focus,
Thu Sep 03 2015 14:24:11 GMT+0800 (Malay Peninsula Standard Time),,s1w5,focus,
Thu Sep 03 2015 14:24:11 GMT+0800 (Malay Peninsula Standard Time),,s1w6,focus,
Thu Sep 03 2015 14:24:11 GMT+0800 (Malay Peninsula Standard Time),,s1w7,focus,
Thu Sep 03 2015 14:24:12 GMT+0800 (Malay Peninsula Standard Time),,s1w8,focus,
Thu Sep 03 2015 14:24:12 GMT+0800 (Malay Peninsula Standard Time),,s1w9,focus,
Thu Sep 03 2015 14:24:13 GMT+0800 (Malay Peninsula Standard Time),,s1w10,focus,
Thu Sep 03 2015 14:24:13 GMT+0800 (Malay Peninsula Standard Time),,s1w11,focus,
Thu Sep 03 2015 14:24:15 GMT+0800 (Malay Peninsula Standard Time),,s1w11,label,"^"
Thu Sep 03 2015 14:24:16 GMT+0800 (Malay Peninsula Standard Time),,s1w12,focus,
Thu Sep 03 2015 14:24:16 GMT+0800 (Malay Peninsula Standard Time),,s1w13,focus,
Thu Sep 03 2015 14:24:18 GMT+0800 (Malay Peninsula Standard Time),,s1w14,focus,
Thu Sep 03 2015 14:24:18 GMT+0800 (Malay Peninsula Standard Time),,s1w15,focus,
Thu Sep 03 2015 14:24:19 GMT+0800 (Malay Peninsula Standard Time),,s1w16,focus,
Thu Sep 03 2015 14:24:21 GMT+0800 (Malay Peninsula Standard Time),,s1w17,focus,
Thu Sep 03 2015 14:24:30 GMT+0800 (Malay Peninsula Standard Time),,s1w18,focus,
Thu Sep 03 2015 14:24:31 GMT+0800 (Malay Peninsula Standard Time),,s1w19,focus,
Thu Sep 03 2015 14:24:31 GMT+0800 (Malay Peninsula Standard Time),,s1w20,focus,
Thu Sep 03 2015 14:24:32 GMT+0800 (Malay Peninsula Standard Time),,s1w21,focus,
Thu Sep 03 2015 14:24:32 GMT+0800 (Malay Peninsula Standard Time),,s1w22,focus,
Thu Sep 03 2015 14:24:33 GMT+0800 (Malay Peninsula Standard Time),,s1w23,focus,
Thu Sep 03 2015 14:24:33 GMT+0800 (Malay Peninsula Standard Time),,s1w24,focus,
Thu Sep 03 2015 14:24:34 GMT+0800 (Malay Peninsula Standard Time),,s1w25,focus,
Thu Sep 03 2015 14:24:35 GMT+0800 (Malay Peninsula Standard Time),,s1w26,focus,
Thu Sep 03 2015 14:24:35 GMT+0800 (Malay Peninsula Standard Time),,s1w27,focus,
Thu Sep 03 2015 14:24:36 GMT+0800 (Malay Peninsula Standard Time),,s1w28,focus,
Thu Sep 03 2015 14:24:37 GMT+0800 (Malay Peninsula Standard Time),,s1w29,focus,
Thu Sep 03 2015 14:24:37 GMT+0800 (Malay Peninsula Standard Time),,s1w30,focus,
Thu Sep 03 2015 14:24:38 GMT+0800 (Malay Peninsula Standard Time),,s1w31,focus,
Thu Sep 03 2015 14:24:46 GMT+0800 (Malay Peninsula Standard Time),,s1w32,focus,
Thu Sep 03 2015 14:24:47 GMT+0800 (Malay Peninsula Standard Time),,s1w33,focus,
Thu Sep 03 2015 14:24:55 GMT+0800 (Malay Peninsula Standard Time),,s1w34,focus,
Thu Sep 03 2015 14:24:55 GMT+0800 (Malay Peninsula Standard Time),,s1w35,focus,
Thu Sep 03 2015 14:24:55 GMT+0800 (Malay Peninsula Standard Time),,s1w36,focus,
Thu Sep 03 2015 14:24:56 GMT+0800 (Malay Peninsula Standard Time),,s1w37,focus,
Thu Sep 03 2015 14:24:57 GMT+0800 (Malay Peninsula Standard Time),,s1w38,focus,
Thu Sep 03 2015 14:24:58 GMT+0800 (Malay Peninsula Standard Time),,s1w39,focus,
Thu Sep 03 2015 14:24:59 GMT+0800 (Malay Peninsula Standard Time),,s1w40,focus,
Thu Sep 03 2015 14:24:59 GMT+0800 (Malay Peninsula Standard Time),,s1w41,focus,
Thu Sep 03 2015 14:24:59 GMT+0800 (Malay Peninsula Standard Time),,s1w42,focus,
Thu Sep 03 2015 14:24:59 GMT+0800 (Malay Peninsula Standard Time),,s1w43,focus,
Thu Sep 03 2015 14:25:00 GMT+0800 (Malay Peninsula Standard Time),,s1w44,focus,
Thu Sep 03 2015 14:25:00 GMT+0800 (Malay Peninsula Standard Time),,s1w45,focus,
Thu Sep 03 2015 14:25:46 GMT+0800 (Malay Peninsula Standard Time),,s1w45,focus,
Thu Sep 03 2015 14:25:48 GMT+0800 (Malay Peninsula Standard Time),,s1w45,focus,
Thu Sep 03 2015 14:26:28 GMT+0800 (Malay Peninsula Standard Time),,s1w45,focus,
Thu Sep 03 2015 14:26:50 GMT+0800 (Malay Peninsula Standard Time),,s1,changeSentenceFlag,"Tokenization Error"
Thu Sep 03 2015 14:26:52 GMT+0800 (Malay Peninsula Standard Time),,s1,changeSentenceFlag,""
Thu Sep 03 2015 14:26:54 GMT+0800 (Malay Peninsula Standard Time),,s1,toggleMetadata,block
Thu Sep 03 2015 14:26:55 GMT+0800 (Malay Peninsula Standard Time),,s1,toggleMetadata,none
Thu Sep 03 2015 14:26:56 GMT+0800 (Malay Peninsula Standard Time),,s1,toggleMetadata,block
Thu Sep 03 2015 14:26:57 GMT+0800 (Malay Peninsula Standard Time),,s1,toggleMetadata,none
Thu Sep 03 2015 14:26:58 GMT+0800 (Malay Peninsula Standard Time),,s0,toggleMetadata,block
Thu Sep 03 2015 14:26:59 GMT+0800 (Malay Peninsula Standard Time),,s0,toggleMetadata,none
Thu Sep 03 2015 14:27:27 GMT+0800 (Malay Peninsula Standard Time),,s0,toggleMetadata,block
Thu Sep 03 2015 14:27:28 GMT+0800 (Malay Peninsula Standard Time),,s1w1,focus,
Thu Sep 03 2015 14:27:28 GMT+0800 (Malay Peninsula Standard Time),,s1w1,focus,
Thu Sep 03 2015 14:27:28 GMT+0800 (Malay Peninsula Standard Time),,s1w1,focus,
Thu Sep 03 2015 14:28:27 GMT+0800 (Malay Peninsula Standard Time),,s1w71,focus,
Thu Sep 03 2015 14:28:27 GMT+0800 (Malay Peninsula Standard Time),,s1w71,focus,
Thu Sep 03 2015 14:28:28 GMT+0800 (Malay Peninsula Standard Time),,s1w71,label,"^"
Thu Sep 03 2015 14:28:35 GMT+0800 (Malay Peninsula Standard Time),,s1w70,focus,
Thu Sep 03 2015 14:28:35 GMT+0800 (Malay Peninsula Standard Time),,s1w70,focus,
Thu Sep 03 2015 14:28:38 GMT+0800 (Malay Peninsula Standard Time),,s1w70,label,"&"
Thu Sep 03 2015 14:28:46 GMT+0800 (Malay Peninsula Standard Time),,s1w51,focus,
Thu Sep 03 2015 14:28:46 GMT+0800 (Malay Peninsula Standard Time),,s1w51,focus,
Thu Sep 03 2015 14:29:00 GMT+0800 (Malay Peninsula Standard Time),,s1w52,focus,
Thu Sep 03 2015 14:29:01 GMT+0800 (Malay Peninsula Standard Time),,s1w52,label,"^"
Thu Sep 03 2015 14:30:11 GMT+0800 (Malay Peninsula Standard Time),,s1w51,focus,
Thu Sep 03 2015 14:30:12 GMT+0800 (Malay Peninsula Standard Time),,s1w51,label,"A"
Thu Sep 03 2015 14:30:13 GMT+0800 (Malay Peninsula Standard Time),,s1w52,focus,
Thu Sep 03 2015 14:30:13 GMT+0800 (Malay Peninsula Standard Time),,s1w53,focus,
Thu Sep 03 2015 14:30:13 GMT+0800 (Malay Peninsula Standard Time),,s1w54,focus,
Thu Sep 03 2015 14:30:15 GMT+0800 (Malay Peninsula Standard Time),,s1w55,focus,
Thu Sep 03 2015 14:30:17 GMT+0800 (Malay Peninsula Standard Time),,s1w56,focus,
Thu Sep 03 2015 14:30:17 GMT+0800 (Malay Peninsula Standard Time),,s1w57,focus,
Thu Sep 03 2015 14:30:19 GMT+0800 (Malay Peninsula Standard Time),,s1w58,focus,
Thu Sep 03 2015 14:30:21 GMT+0800 (Malay Peninsula Standard Time),,s1w59,focus,
Thu Sep 03 2015 14:30:21 GMT+0800 (Malay Peninsula Standard Time),,s1w60,focus,
Thu Sep 03 2015 14:30:22 GMT+0800 (Malay Peninsula Standard Time),,s1w61,focus,
Thu Sep 03 2015 14:30:23 GMT+0800 (Malay Peninsula Standard Time),,s1w62,focus,
Thu Sep 03 2015 14:30:23 GMT+0800 (Malay Peninsula Standard Time),,s1w63,focus,
Thu Sep 03 2015 14:30:27 GMT+0800 (Malay Peninsula Standard Time),,s1w64,focus,
Thu Sep 03 2015 14:30:28 GMT+0800 (Malay Peninsula Standard Time),,s1w65,focus,
Thu Sep 03 2015 14:30:28 GMT+0800 (Malay Peninsula Standard Time),,s1w66,focus,
Thu Sep 03 2015 14:30:29 GMT+0800 (Malay Peninsula Standard Time),,s1w67,focus,
Thu Sep 03 2015 14:30:29 GMT+0800 (Malay Peninsula Standard Time),,s1w68,focus,
Thu Sep 03 2015 14:30:31 GMT+0800 (Malay Peninsula Standard Time),,s1w69,focus,
Thu Sep 03 2015 14:30:32 GMT+0800 (Malay Peninsula Standard Time),,s1w70,focus,
Thu Sep 03 2015 14:30:32 GMT+0800 (Malay Peninsula Standard Time),,s1w71,focus,
Thu Sep 03 2015 14:30:32 GMT+0800 (Malay Peninsula Standard Time),,s1w72,focus,
Thu Sep 03 2015 14:30:37 GMT+0800 (Malay Peninsula Standard Time),,s1w73,focus,
Thu Sep 03 2015 14:30:40 GMT+0800 (Malay Peninsula Standard Time),,s1w74,focus,
Thu Sep 03 2015 14:30:41 GMT+0800 (Malay Peninsula Standard Time),,s1w75,focus,
Thu Sep 03 2015 14:30:45 GMT+0800 (Malay Peninsula Standard Time),,s1w76,focus,
Thu Sep 03 2015 14:31:14 GMT+0800 (Malay Peninsula Standard Time),,s1w77,focus,
Thu Sep 03 2015 14:31:16 GMT+0800 (Malay Peninsula Standard Time),,s1w78,focus,
Thu Sep 03 2015 14:31:16 GMT+0800 (Malay Peninsula Standard Time),,s1w79,focus,
Thu Sep 03 2015 14:31:17 GMT+0800 (Malay Peninsula Standard Time),,s1w80,focus,
Thu Sep 03 2015 14:31:22 GMT+0800 (Malay Peninsula Standard Time),,s1w80,label,"V"
Thu Sep 03 2015 14:32:11 GMT+0800 (Malay Peninsula Standard Time),,s1w81,focus,
Thu Sep 03 2015 14:32:18 GMT+0800 (Malay Peninsula Standard Time),,s1w82,focus,
Thu Sep 03 2015 14:32:18 GMT+0800 (Malay Peninsula Standard Time),,s1w83,focus,
Thu Sep 03 2015 14:32:19 GMT+0800 (Malay Peninsula Standard Time),,s1w84,focus,
Thu Sep 03 2015 14:32:20 GMT+0800 (Malay Peninsula Standard Time),,s1w85,focus,
Thu Sep 03 2015 14:32:20 GMT+0800 (Malay Peninsula Standard Time),,s1w86,focus,
Thu Sep 03 2015 14:32:28 GMT+0800 (Malay Peninsula Standard Time),,s1w86,focus,
Thu Sep 03 2015 14:32:29 GMT+0800 (Malay Peninsula Standard Time),,s1w87,focus,
Thu Sep 03 2015 14:32:30 GMT+0800 (Malay Peninsula Standard Time),,s1w88,focus,
Thu Sep 03 2015 14:32:31 GMT+0800 (Malay Peninsula Standard Time),,s1w89,focus,
Thu Sep 03 2015 14:32:31 GMT+0800 (Malay Peninsula Standard Time),,s2w1,focus,
Thu Sep 03 2015 14:32:33 GMT+0800 (Malay Peninsula Standard Time),,s2w2,focus,
Thu Sep 03 2015 14:32:47 GMT+0800 (Malay Peninsula Standard Time),,s2w2,focus,
Thu Sep 03 2015 14:32:50 GMT+0800 (Malay Peninsula Standard Time),,s2w3,focus,
Thu Sep 03 2015 14:32:57 GMT+0800 (Malay Peninsula Standard Time),,s2w3,focus,
Thu Sep 03 2015 14:35:41 GMT+0800 (Malay Peninsula Standard Time),,s2w3,focus,
Thu Sep 03 2015 14:35:43 GMT+0800 (Malay Peninsula Standard Time),,s2w5,focus,
Thu Sep 03 2015 14:35:43 GMT+0800 (Malay Peninsula Standard Time),,s2w5,focus,
Thu Sep 03 2015 14:35:45 GMT+0800 (Malay Peninsula Standard Time),,s2w5,label,"^"
Thu Sep 03 2015 14:35:47 GMT+0800 (Malay Peninsula Standard Time),,s2w6,focus,
Thu Sep 03 2015 14:35:59 GMT+0800 (Malay Peninsula Standard Time),,s2w6,label,"G"
Thu Sep 03 2015 14:36:00 GMT+0800 (Malay Peninsula Standard Time),,s2w7,focus,
Thu Sep 03 2015 14:36:01 GMT+0800 (Malay Peninsula Standard Time),,s2w7,label,"^"
Thu Sep 03 2015 14:36:02 GMT+0800 (Malay Peninsula Standard Time),,s2w8,focus,
Thu Sep 03 2015 14:36:07 GMT+0800 (Malay Peninsula Standard Time),,s2,changeSentenceFlag,"Tokenization Error"
Thu Sep 03 2015 14:36:08 GMT+0800 (Malay Peninsula Standard Time),,s2w8,focus,
Thu Sep 03 2015 14:36:08 GMT+0800 (Malay Peninsula Standard Time),,s2w8,focus,
Thu Sep 03 2015 14:36:11 GMT+0800 (Malay Peninsula Standard Time),,s2w8,label,"G"
Thu Sep 03 2015 14:36:11 GMT+0800 (Malay Peninsula Standard Time),,s2w9,focus,
Thu Sep 03 2015 14:36:11 GMT+0800 (Malay Peninsula Standard Time),,s2w9,label,"G"
Thu Sep 03 2015 14:36:14 GMT+0800 (Malay Peninsula Standard Time),,s2w9,label,"G"
Thu Sep 03 2015 14:36:15 GMT+0800 (Malay Peninsula Standard Time),,s2w10,focus,
Thu Sep 03 2015 14:36:15 GMT+0800 (Malay Peninsula Standard Time),,s2w10,label,"G"
Thu Sep 03 2015 14:36:16 GMT+0800 (Malay Peninsula Standard Time),,s2w11,focus,
Thu Sep 03 2015 14:36:18 GMT+0800 (Malay Peninsula Standard Time),,s2w11,label,"^"
Thu Sep 03 2015 14:36:19 GMT+0800 (Malay Peninsula Standard Time),,s2w12,focus,
Thu Sep 03 2015 14:36:21 GMT+0800 (Malay Peninsula Standard Time),,s2w12,label,"G"
Thu Sep 03 2015 14:36:30 GMT+0800 (Malay Peninsula Standard Time),,s2w11,focus,
Thu Sep 03 2015 14:36:30 GMT+0800 (Malay Peninsula Standard Time),,s2w10,focus,
Thu Sep 03 2015 14:36:31 GMT+0800 (Malay Peninsula Standard Time),,s2w9,focus,
Thu Sep 03 2015 14:36:31 GMT+0800 (Malay Peninsula Standard Time),,s2w8,focus,
Thu Sep 03 2015 14:36:31 GMT+0800 (Malay Peninsula Standard Time),,s2w7,focus,
Thu Sep 03 2015 14:36:31 GMT+0800 (Malay Peninsula Standard Time),,s2w6,focus,
Thu Sep 03 2015 14:36:31 GMT+0800 (Malay Peninsula Standard Time),,s2w5,focus,
Thu Sep 03 2015 14:36:32 GMT+0800 (Malay Peninsula Standard Time),,s2w6,focus,
Thu Sep 03 2015 14:36:33 GMT+0800 (Malay Peninsula Standard Time),,s2w6,label,"="
Thu Sep 03 2015 14:36:37 GMT+0800 (Malay Peninsula Standard Time),,,pageReady,0:100:100
Thu Sep 03 2015 14:36:37 GMT+0800 (Malay Peninsula Standard Time),,s0,twitterId,713276
Thu Sep 03 2015 14:36:37 GMT+0800 (Malay Peninsula Standard Time),,s1,twitterId,713276
Thu Sep 03 2015 14:36:37 GMT+0800 (Malay Peninsula Standard Time),,s2,twitterId,713276
Thu Sep 03 2015 14:36:37 GMT+0800 (Malay Peninsula Standard Time),,s3,twitterId,713276
Thu Sep 03 2015 14:36:37 GMT+0800 (Malay Peninsula Standard Time),,s4,twitterId,713276
Thu Sep 03 2015 14:36:37 GMT+0800 (Malay Peninsula Standard Time),,s5,twitterId,713276
Thu Sep 03 2015 14:36:37 GMT+0800 (Malay Peninsula Standard Time),,s6,twitterId,713276
Thu Sep 03 2015 14:36:37 GMT+0800 (Malay Peninsula Standard Time),,s7,twitterId,713276
Thu Sep 03 2015 14:36:37 GMT+0800 (Malay Peninsula Standard Time),,s8,twitterId,713276
Thu Sep 03 2015 14:36:37 GMT+0800 (Malay Peninsula Standard Time),,s9,twitterId,713276
Thu Sep 03 2015 14:36:37 GMT+0800 (Malay Peninsula Standard Time),,s10,twitterId,713276
Thu Sep 03 2015 14:36:44 GMT+0800 (Malay Peninsula Standard Time),,s0w1,focus,
Thu Sep 03 2015 14:36:45 GMT+0800 (Malay Peninsula Standard Time),,s0w1,focus,
Thu Sep 03 2015 14:36:51 GMT+0800 (Malay Peninsula Standard Time),,s2w23,focus,
Thu Sep 03 2015 14:36:51 GMT+0800 (Malay Peninsula Standard Time),,s2w23,focus,
Thu Sep 03 2015 14:36:58 GMT+0800 (Malay Peninsula Standard Time),,s2w23,label,"^"
Thu Sep 03 2015 14:37:00 GMT+0800 (Malay Peninsula Standard Time),,s2w24,focus,
Thu Sep 03 2015 14:37:01 GMT+0800 (Malay Peninsula Standard Time),,s2w24,label,"G"
Thu Sep 03 2015 14:37:04 GMT+0800 (Malay Peninsula Standard Time),,s2w23,focus,
Thu Sep 03 2015 14:37:04 GMT+0800 (Malay Peninsula Standard Time),,s2w22,focus,
Thu Sep 03 2015 14:37:05 GMT+0800 (Malay Peninsula Standard Time),,s2w22,label,"G"
Thu Sep 03 2015 14:37:05 GMT+0800 (Malay Peninsula Standard Time),,s2w21,focus,
Thu Sep 03 2015 14:37:07 GMT+0800 (Malay Peninsula Standard Time),,s2w21,label,"^"
Thu Sep 03 2015 14:37:08 GMT+0800 (Malay Peninsula Standard Time),,s2w20,focus,
Thu Sep 03 2015 14:37:12 GMT+0800 (Malay Peninsula Standard Time),,s2w19,focus,
Thu Sep 03 2015 14:37:12 GMT+0800 (Malay Peninsula Standard Time),,s2w18,focus,
Thu Sep 03 2015 14:37:13 GMT+0800 (Malay Peninsula Standard Time),,s2w17,focus,
Thu Sep 03 2015 14:37:13 GMT+0800 (Malay Peninsula Standard Time),,s2w16,focus,
Thu Sep 03 2015 14:37:13 GMT+0800 (Malay Peninsula Standard Time),,s2w15,focus,
Thu Sep 03 2015 14:37:13 GMT+0800 (Malay Peninsula Standard Time),,s2w14,focus,
Thu Sep 03 2015 14:37:13 GMT+0800 (Malay Peninsula Standard Time),,s2w13,focus,
Thu Sep 03 2015 14:37:13 GMT+0800 (Malay Peninsula Standard Time),,s2w12,focus,
Thu Sep 03 2015 14:37:13 GMT+0800 (Malay Peninsula Standard Time),,s2w11,focus,
Thu Sep 03 2015 14:37:14 GMT+0800 (Malay Peninsula Standard Time),,s2w10,focus,
Thu Sep 03 2015 14:37:14 GMT+0800 (Malay Peninsula Standard Time),,s2w9,focus,
Thu Sep 03 2015 14:37:14 GMT+0800 (Malay Peninsula Standard Time),,s2w8,focus,
Thu Sep 03 2015 14:37:14 GMT+0800 (Malay Peninsula Standard Time),,s2w7,focus,
Thu Sep 03 2015 14:37:14 GMT+0800 (Malay Peninsula Standard Time),,s2w6,focus,
Thu Sep 03 2015 14:37:14 GMT+0800 (Malay Peninsula Standard Time),,s2w5,focus,
Thu Sep 03 2015 14:37:15 GMT+0800 (Malay Peninsula Standard Time),,s2w5,label,"^"
Thu Sep 03 2015 14:37:16 GMT+0800 (Malay Peninsula Standard Time),,s2w6,focus,
Thu Sep 03 2015 14:37:17 GMT+0800 (Malay Peninsula Standard Time),,s2w6,label,"G"
Thu Sep 03 2015 14:37:18 GMT+0800 (Malay Peninsula Standard Time),,s2w7,focus,
Thu Sep 03 2015 14:37:23 GMT+0800 (Malay Peninsula Standard Time),,s2w6,focus,
Thu Sep 03 2015 14:37:25 GMT+0800 (Malay Peninsula Standard Time),,s2w6,label,","
Thu Sep 03 2015 14:37:26 GMT+0800 (Malay Peninsula Standard Time),,s2w5,focus,
Thu Sep 03 2015 14:37:27 GMT+0800 (Malay Peninsula Standard Time),,s2w6,focus,
Thu Sep 03 2015 14:37:27 GMT+0800 (Malay Peninsula Standard Time),,s2w7,focus,
Thu Sep 03 2015 14:37:28 GMT+0800 (Malay Peninsula Standard Time),,s2w7,label,"^"
Thu Sep 03 2015 14:37:34 GMT+0800 (Malay Peninsula Standard Time),,s2w8,focus,
Thu Sep 03 2015 14:37:41 GMT+0800 (Malay Peninsula Standard Time),,s2w8,label,"="
Thu Sep 03 2015 14:37:42 GMT+0800 (Malay Peninsula Standard Time),,s2w9,focus,
Thu Sep 03 2015 14:37:42 GMT+0800 (Malay Peninsula Standard Time),,s2w9,label,"="
Thu Sep 03 2015 14:37:43 GMT+0800 (Malay Peninsula Standard Time),,s2w10,focus,
Thu Sep 03 2015 14:37:43 GMT+0800 (Malay Peninsula Standard Time),,s2w10,label,"="
Thu Sep 03 2015 14:37:44 GMT+0800 (Malay Peninsula Standard Time),,s2w11,focus,
Thu Sep 03 2015 14:37:46 GMT+0800 (Malay Peninsula Standard Time),,s2w11,label,"^"
Thu Sep 03 2015 14:37:47 GMT+0800 (Malay Peninsula Standard Time),,s2w12,focus,
Thu Sep 03 2015 14:37:48 GMT+0800 (Malay Peninsula Standard Time),,s2w13,focus,
Thu Sep 03 2015 14:37:48 GMT+0800 (Malay Peninsula Standard Time),,s2w14,focus,
Thu Sep 03 2015 14:37:49 GMT+0800 (Malay Peninsula Standard Time),,s2w15,focus,
Thu Sep 03 2015 14:37:49 GMT+0800 (Malay Peninsula Standard Time),,s2w16,focus,
Thu Sep 03 2015 14:37:49 GMT+0800 (Malay Peninsula Standard Time),,s2w17,focus,
Thu Sep 03 2015 14:37:59 GMT+0800 (Malay Peninsula Standard Time),,s2w17,focus,
Thu Sep 03 2015 14:38:04 GMT+0800 (Malay Peninsula Standard Time),,s2,changeSentenceFlag,"Tokenization Error"
Thu Sep 03 2015 14:38:06 GMT+0800 (Malay Peninsula Standard Time),,s0w1,focus,
Thu Sep 03 2015 14:38:06 GMT+0800 (Malay Peninsula Standard Time),,s0w1,focus,
Thu Sep 03 2015 14:38:08 GMT+0800 (Malay Peninsula Standard Time),,s0w1,label,"V"
Thu Sep 03 2015 14:38:09 GMT+0800 (Malay Peninsula Standard Time),,s0w5,focus,
Thu Sep 03 2015 14:38:10 GMT+0800 (Malay Peninsula Standard Time),,s0w5,focus,
Thu Sep 03 2015 14:38:10 GMT+0800 (Malay Peninsula Standard Time),,s0w5,label,"N"
Thu Sep 03 2015 14:38:14 GMT+0800 (Malay Peninsula Standard Time),,s1w11,focus,
Thu Sep 03 2015 14:38:14 GMT+0800 (Malay Peninsula Standard Time),,s1w11,focus,
Thu Sep 03 2015 14:38:16 GMT+0800 (Malay Peninsula Standard Time),,s1w11,label,"^"
Thu Sep 03 2015 14:38:31 GMT+0800 (Malay Peninsula Standard Time),,s1w51,focus,
Thu Sep 03 2015 14:38:31 GMT+0800 (Malay Peninsula Standard Time),,s1w51,focus,
Thu Sep 03 2015 14:38:32 GMT+0800 (Malay Peninsula Standard Time),,s1w52,focus,
Thu Sep 03 2015 14:38:32 GMT+0800 (Malay Peninsula Standard Time),,s1w52,focus,
Thu Sep 03 2015 14:38:33 GMT+0800 (Malay Peninsula Standard Time),,s1w52,label,"^"
Thu Sep 03 2015 14:38:33 GMT+0800 (Malay Peninsula Standard Time),,s1w51,focus,
Thu Sep 03 2015 14:38:33 GMT+0800 (Malay Peninsula Standard Time),,s1w51,focus,
Thu Sep 03 2015 14:38:34 GMT+0800 (Malay Peninsula Standard Time),,s1w51,label,"A"
Thu Sep 03 2015 14:38:38 GMT+0800 (Malay Peninsula Standard Time),,s1w80,focus,
Thu Sep 03 2015 14:38:38 GMT+0800 (Malay Peninsula Standard Time),,s1w80,focus,
Thu Sep 03 2015 14:38:39 GMT+0800 (Malay Peninsula Standard Time),,s1w80,label,"V"
Thu Sep 03 2015 14:38:40 GMT+0800 (Malay Peninsula Standard Time),,s1w71,focus,
Thu Sep 03 2015 14:38:40 GMT+0800 (Malay Peninsula Standard Time),,s1w71,focus,
Thu Sep 03 2015 14:38:42 GMT+0800 (Malay Peninsula Standard Time),,s1w71,label,"^"
Thu Sep 03 2015 14:38:43 GMT+0800 (Malay Peninsula Standard Time),,s1w70,focus,
Thu Sep 03 2015 14:38:43 GMT+0800 (Malay Peninsula Standard Time),,s1w70,focus,
Thu Sep 03 2015 14:38:51 GMT+0800 (Malay Peninsula Standard Time),,s1w70,focus,
Thu Sep 03 2015 14:38:52 GMT+0800 (Malay Peninsula Standard Time),,s1w70,label,"&"
Thu Sep 03 2015 14:39:15 GMT+0800 (Malay Peninsula Standard Time),,s1w72,focus,
Thu Sep 03 2015 14:39:15 GMT+0800 (Malay Peninsula Standard Time),,s1w72,focus,
Thu Sep 03 2015 14:39:15 GMT+0800 (Malay Peninsula Standard Time),,s1w57,focus,
Thu Sep 03 2015 14:39:15 GMT+0800 (Malay Peninsula Standard Time),,s1w57,focus,
Thu Sep 03 2015 14:39:17 GMT+0800 (Malay Peninsula Standard Time),,s1w57,label,"V"
Thu Sep 03 2015 14:39:36 GMT+0800 (Malay Peninsula Standard Time),,s1w57,focus,
Thu Sep 03 2015 14:39:37 GMT+0800 (Malay Peninsula Standard Time),,s3w1,focus,
Thu Sep 03 2015 14:39:37 GMT+0800 (Malay Peninsula Standard Time),,s3w1,focus,
Thu Sep 03 2015 14:39:38 GMT+0800 (Malay Peninsula Standard Time),,s3w2,focus,
Thu Sep 03 2015 14:39:41 GMT+0800 (Malay Peninsula Standard Time),,s3w3,focus,
Thu Sep 03 2015 14:39:54 GMT+0800 (Malay Peninsula Standard Time),,s3w3,focus,
Thu Sep 03 2015 14:39:55 GMT+0800 (Malay Peninsula Standard Time),,s3w3,focus,
Thu Sep 03 2015 14:39:57 GMT+0800 (Malay Peninsula Standard Time),,s3w3,focus,
Thu Sep 03 2015 14:39:59 GMT+0800 (Malay Peninsula Standard Time),,s3w3,label,"R"
Thu Sep 03 2015 14:39:59 GMT+0800 (Malay Peninsula Standard Time),,s3w4,focus,
Thu Sep 03 2015 14:40:00 GMT+0800 (Malay Peninsula Standard Time),,s3w5,focus,
Thu Sep 03 2015 14:40:01 GMT+0800 (Malay Peninsula Standard Time),,s3w6,focus,
Thu Sep 03 2015 14:40:02 GMT+0800 (Malay Peninsula Standard Time),,s3w6,label,"^"
Thu Sep 03 2015 14:40:03 GMT+0800 (Malay Peninsula Standard Time),,s3w7,focus,
Thu Sep 03 2015 14:40:03 GMT+0800 (Malay Peninsula Standard Time),,s3w8,focus,
Thu Sep 03 2015 14:40:05 GMT+0800 (Malay Peninsula Standard Time),,s3w9,focus,
Thu Sep 03 2015 14:40:05 GMT+0800 (Malay Peninsula Standard Time),,s3w10,focus,
Thu Sep 03 2015 14:40:06 GMT+0800 (Malay Peninsula Standard Time),,s3w11,focus,
Thu Sep 03 2015 14:40:06 GMT+0800 (Malay Peninsula Standard Time),,s3w12,focus,
Thu Sep 03 2015 14:40:09 GMT+0800 (Malay Peninsula Standard Time),,s3w13,focus,
Thu Sep 03 2015 14:40:09 GMT+0800 (Malay Peninsula Standard Time),,s3w14,focus,
Thu Sep 03 2015 14:40:09 GMT+0800 (Malay Peninsula Standard Time),,s3w15,focus,
Thu Sep 03 2015 14:40:10 GMT+0800 (Malay Peninsula Standard Time),,s3w16,focus,
Thu Sep 03 2015 14:40:13 GMT+0800 (Malay Peninsula Standard Time),,s3w16,label,"N"
Thu Sep 03 2015 14:40:13 GMT+0800 (Malay Peninsula Standard Time),,s3w17,focus,
Thu Sep 03 2015 14:40:14 GMT+0800 (Malay Peninsula Standard Time),,s3w18,focus,
Thu Sep 03 2015 14:40:14 GMT+0800 (Malay Peninsula Standard Time),,s3w19,focus,
Thu Sep 03 2015 14:40:14 GMT+0800 (Malay Peninsula Standard Time),,s3w20,focus,
Thu Sep 03 2015 14:40:18 GMT+0800 (Malay Peninsula Standard Time),,s3w21,focus,
Thu Sep 03 2015 14:40:18 GMT+0800 (Malay Peninsula Standard Time),,s3w22,focus,
Thu Sep 03 2015 14:40:18 GMT+0800 (Malay Peninsula Standard Time),,s3w23,focus,
Thu Sep 03 2015 14:40:19 GMT+0800 (Malay Peninsula Standard Time),,s3w24,focus,
Thu Sep 03 2015 14:40:19 GMT+0800 (Malay Peninsula Standard Time),,s3w25,focus,
Thu Sep 03 2015 14:40:23 GMT+0800 (Malay Peninsula Standard Time),,s3w26,focus,
Thu Sep 03 2015 14:40:23 GMT+0800 (Malay Peninsula Standard Time),,s3w27,focus,
Thu Sep 03 2015 14:40:23 GMT+0800 (Malay Peninsula Standard Time),,s3w28,focus,
Thu Sep 03 2015 14:40:24 GMT+0800 (Malay Peninsula Standard Time),,s3w29,focus,
Thu Sep 03 2015 14:40:28 GMT+0800 (Malay Peninsula Standard Time),,s3w30,focus,
Thu Sep 03 2015 14:40:29 GMT+0800 (Malay Peninsula Standard Time),,s3w31,focus,
Thu Sep 03 2015 14:40:29 GMT+0800 (Malay Peninsula Standard Time),,s3w32,focus,
Thu Sep 03 2015 14:40:41 GMT+0800 (Malay Peninsula Standard Time),,s3w32,focus,
Thu Sep 03 2015 14:40:51 GMT+0800 (Malay Peninsula Standard Time),,s4w24,focus,
Thu Sep 03 2015 14:40:51 GMT+0800 (Malay Peninsula Standard Time),,s4w24,focus,
Thu Sep 03 2015 14:40:52 GMT+0800 (Malay Peninsula Standard Time),,s4w9,focus,
Thu Sep 03 2015 14:40:52 GMT+0800 (Malay Peninsula Standard Time),,s4w9,focus,
Thu Sep 03 2015 14:40:52 GMT+0800 (Malay Peninsula Standard Time),,s4w9,label,"A"
Thu Sep 03 2015 14:40:54 GMT+0800 (Malay Peninsula Standard Time),,s4w10,focus,
Thu Sep 03 2015 14:40:54 GMT+0800 (Malay Peninsula Standard Time),,s4w10,focus,
Thu Sep 03 2015 14:40:55 GMT+0800 (Malay Peninsula Standard Time),,s4w10,label,"^"
Thu Sep 03 2015 14:41:04 GMT+0800 (Malay Peninsula Standard Time),,s4w12,focus,
Thu Sep 03 2015 14:41:04 GMT+0800 (Malay Peninsula Standard Time),,s4w12,focus,
Thu Sep 03 2015 14:41:05 GMT+0800 (Malay Peninsula Standard Time),,s4w12,label,"N"
Thu Sep 03 2015 14:41:11 GMT+0800 (Malay Peninsula Standard Time),,s4w14,focus,
Thu Sep 03 2015 14:41:11 GMT+0800 (Malay Peninsula Standard Time),,s4w14,focus,
Thu Sep 03 2015 14:41:12 GMT+0800 (Malay Peninsula Standard Time),,s4w15,focus,
Thu Sep 03 2015 14:41:14 GMT+0800 (Malay Peninsula Standard Time),,s4w16,focus,
Thu Sep 03 2015 14:41:15 GMT+0800 (Malay Peninsula Standard Time),,s4w17,focus,
Thu Sep 03 2015 14:41:16 GMT+0800 (Malay Peninsula Standard Time),,s4w18,focus,
Thu Sep 03 2015 14:41:16 GMT+0800 (Malay Peninsula Standard Time),,s4w19,focus,
Thu Sep 03 2015 14:41:18 GMT+0800 (Malay Peninsula Standard Time),,s4w20,focus,
Thu Sep 03 2015 14:41:19 GMT+0800 (Malay Peninsula Standard Time),,s4w21,focus,
Thu Sep 03 2015 14:41:19 GMT+0800 (Malay Peninsula Standard Time),,s4w22,focus,
Thu Sep 03 2015 14:41:48 GMT+0800 (Malay Peninsula Standard Time),,s4w22,focus,
Thu Sep 03 2015 14:43:33 GMT+0800 (Malay Peninsula Standard Time),,s4w22,focus,
Thu Sep 03 2015 14:44:02 GMT+0800 (Malay Peninsula Standard Time),,s4w22,focus,
Thu Sep 03 2015 14:44:14 GMT+0800 (Malay Peninsula Standard Time),,s4w22,focus,
Thu Sep 03 2015 14:44:15 GMT+0800 (Malay Peninsula Standard Time),,s4w22,label,"&"
Thu Sep 03 2015 14:44:17 GMT+0800 (Malay Peninsula Standard Time),,s4w22,focus,
Thu Sep 03 2015 14:45:13 GMT+0800 (Malay Peninsula Standard Time),,s4w22,focus,
Thu Sep 03 2015 14:45:19 GMT+0800 (Malay Peninsula Standard Time),,s4w22,focus,
Thu Sep 03 2015 14:45:45 GMT+0800 (Malay Peninsula Standard Time),,s4w22,focus,
Thu Sep 03 2015 14:45:46 GMT+0800 (Malay Peninsula Standard Time),,s4w23,focus,
Thu Sep 03 2015 14:45:46 GMT+0800 (Malay Peninsula Standard Time),,s4w23,focus,
Thu Sep 03 2015 14:45:47 GMT+0800 (Malay Peninsula Standard Time),,s4w24,focus,
Thu Sep 03 2015 14:45:48 GMT+0800 (Malay Peninsula Standard Time),,s4w25,focus,
Thu Sep 03 2015 14:45:48 GMT+0800 (Malay Peninsula Standard Time),,s4w26,focus,
Thu Sep 03 2015 14:45:48 GMT+0800 (Malay Peninsula Standard Time),,s4w27,focus,
Thu Sep 03 2015 14:45:49 GMT+0800 (Malay Peninsula Standard Time),,s4w28,focus,
Thu Sep 03 2015 14:45:50 GMT+0800 (Malay Peninsula Standard Time),,s4w29,focus,
Thu Sep 03 2015 14:45:51 GMT+0800 (Malay Peninsula Standard Time),,s4w30,focus,
Thu Sep 03 2015 14:45:52 GMT+0800 (Malay Peninsula Standard Time),,s4w31,focus,
Thu Sep 03 2015 14:45:52 GMT+0800 (Malay Peninsula Standard Time),,s4w32,focus,
Thu Sep 03 2015 14:45:53 GMT+0800 (Malay Peninsula Standard Time),,s4w33,focus,
Thu Sep 03 2015 14:45:54 GMT+0800 (Malay Peninsula Standard Time),,s4w33,label,"N"
Thu Sep 03 2015 14:45:54 GMT+0800 (Malay Peninsula Standard Time),,s4w34,focus,
Thu Sep 03 2015 14:45:54 GMT+0800 (Malay Peninsula Standard Time),,s4w35,focus,
Thu Sep 03 2015 14:46:01 GMT+0800 (Malay Peninsula Standard Time),,s4w36,focus,
Thu Sep 03 2015 14:46:01 GMT+0800 (Malay Peninsula Standard Time),,s4w37,focus,
Thu Sep 03 2015 14:46:02 GMT+0800 (Malay Peninsula Standard Time),,s4w38,focus,
Thu Sep 03 2015 14:46:02 GMT+0800 (Malay Peninsula Standard Time),,s4w39,focus,
Thu Sep 03 2015 14:46:02 GMT+0800 (Malay Peninsula Standard Time),,s4w40,focus,
Thu Sep 03 2015 14:46:03 GMT+0800 (Malay Peninsula Standard Time),,s4w41,focus,
Thu Sep 03 2015 14:46:11 GMT+0800 (Malay Peninsula Standard Time),,s4w37,focus,
Thu Sep 03 2015 14:46:12 GMT+0800 (Malay Peninsula Standard Time),,s4w37,focus,
Thu Sep 03 2015 14:46:14 GMT+0800 (Malay Peninsula Standard Time),,s4w38,focus,
Thu Sep 03 2015 14:46:14 GMT+0800 (Malay Peninsula Standard Time),,s4w39,focus,
Thu Sep 03 2015 14:46:15 GMT+0800 (Malay Peninsula Standard Time),,s4w40,focus,
Thu Sep 03 2015 14:46:16 GMT+0800 (Malay Peninsula Standard Time),,s4w41,focus,
Thu Sep 03 2015 14:46:17 GMT+0800 (Malay Peninsula Standard Time),,s4w42,focus,
Thu Sep 03 2015 14:46:29 GMT+0800 (Malay Peninsula Standard Time),,s4w43,focus,
Thu Sep 03 2015 14:46:30 GMT+0800 (Malay Peninsula Standard Time),,s4w44,focus,
Thu Sep 03 2015 14:46:30 GMT+0800 (Malay Peninsula Standard Time),,s4w45,focus,
Thu Sep 03 2015 14:46:31 GMT+0800 (Malay Peninsula Standard Time),,s4w46,focus,
Thu Sep 03 2015 14:46:31 GMT+0800 (Malay Peninsula Standard Time),,s4w47,focus,
Thu Sep 03 2015 14:46:33 GMT+0800 (Malay Peninsula Standard Time),,s4w48,focus,
Thu Sep 03 2015 14:46:34 GMT+0800 (Malay Peninsula Standard Time),,s4w49,focus,
Thu Sep 03 2015 14:46:36 GMT+0800 (Malay Peninsula Standard Time),,s4w49,label,"V"
Thu Sep 03 2015 14:46:37 GMT+0800 (Malay Peninsula Standard Time),,s4w50,focus,
Thu Sep 03 2015 14:46:37 GMT+0800 (Malay Peninsula Standard Time),,s4w51,focus,
Thu Sep 03 2015 14:46:44 GMT+0800 (Malay Peninsula Standard Time),,s4w52,focus,
Thu Sep 03 2015 14:46:45 GMT+0800 (Malay Peninsula Standard Time),,s5w1,focus,
Thu Sep 03 2015 14:47:21 GMT+0800 (Malay Peninsula Standard Time),,s5w1,focus,
Thu Sep 03 2015 14:47:21 GMT+0800 (Malay Peninsula Standard Time),,s5w1,focus,
Thu Sep 03 2015 14:47:22 GMT+0800 (Malay Peninsula Standard Time),,s5w1,label,"N"
Thu Sep 03 2015 14:47:33 GMT+0800 (Malay Peninsula Standard Time),,s5w1,focus,
Thu Sep 03 2015 14:47:34 GMT+0800 (Malay Peninsula Standard Time),,s5w3,focus,
Thu Sep 03 2015 14:47:34 GMT+0800 (Malay Peninsula Standard Time),,s5w3,focus,
Thu Sep 03 2015 14:47:36 GMT+0800 (Malay Peninsula Standard Time),,s5w4,focus,
Thu Sep 03 2015 14:47:36 GMT+0800 (Malay Peninsula Standard Time),,s5w5,focus,
Thu Sep 03 2015 14:47:36 GMT+0800 (Malay Peninsula Standard Time),,s5w6,focus,
Thu Sep 03 2015 14:47:36 GMT+0800 (Malay Peninsula Standard Time),,s5w7,focus,
Thu Sep 03 2015 14:47:37 GMT+0800 (Malay Peninsula Standard Time),,s5w7,label,"^"
Thu Sep 03 2015 14:47:42 GMT+0800 (Malay Peninsula Standard Time),,s5w8,focus,
Thu Sep 03 2015 14:47:42 GMT+0800 (Malay Peninsula Standard Time),,s5w9,focus,
Thu Sep 03 2015 14:49:14 GMT+0800 (Malay Peninsula Standard Time),,s5w10,focus,
Thu Sep 03 2015 14:49:14 GMT+0800 (Malay Peninsula Standard Time),,s5w11,focus,
Thu Sep 03 2015 14:49:14 GMT+0800 (Malay Peninsula Standard Time),,s5w12,focus,
Thu Sep 03 2015 14:49:14 GMT+0800 (Malay Peninsula Standard Time),,s5w13,focus,
Thu Sep 03 2015 14:49:15 GMT+0800 (Malay Peninsula Standard Time),,s5w14,focus,
Thu Sep 03 2015 14:49:16 GMT+0800 (Malay Peninsula Standard Time),,s5w14,label,"A"
Thu Sep 03 2015 14:49:16 GMT+0800 (Malay Peninsula Standard Time),,s5w15,focus,
Thu Sep 03 2015 14:49:17 GMT+0800 (Malay Peninsula Standard Time),,s5w16,focus,
Thu Sep 03 2015 14:49:17 GMT+0800 (Malay Peninsula Standard Time),,s5w17,focus,
Thu Sep 03 2015 14:49:17 GMT+0800 (Malay Peninsula Standard Time),,s5w18,focus,
Thu Sep 03 2015 14:49:22 GMT+0800 (Malay Peninsula Standard Time),,s6w1,focus,
Thu Sep 03 2015 14:49:24 GMT+0800 (Malay Peninsula Standard Time),,s6w2,focus,
Thu Sep 03 2015 14:49:25 GMT+0800 (Malay Peninsula Standard Time),,s6w3,focus,
Thu Sep 03 2015 14:49:30 GMT+0800 (Malay Peninsula Standard Time),,s6w4,focus,
Thu Sep 03 2015 14:49:31 GMT+0800 (Malay Peninsula Standard Time),,s6w5,focus,
Thu Sep 03 2015 14:49:32 GMT+0800 (Malay Peninsula Standard Time),,s6w6,focus,
Thu Sep 03 2015 14:49:32 GMT+0800 (Malay Peninsula Standard Time),,s6w7,focus,
Thu Sep 03 2015 14:49:33 GMT+0800 (Malay Peninsula Standard Time),,s6w7,label,"^"
Thu Sep 03 2015 14:49:34 GMT+0800 (Malay Peninsula Standard Time),,s6w8,focus,
Thu Sep 03 2015 14:49:41 GMT+0800 (Malay Peninsula Standard Time),,s6w9,focus,
Thu Sep 03 2015 14:49:41 GMT+0800 (Malay Peninsula Standard Time),,s6w10,focus,
Thu Sep 03 2015 14:49:41 GMT+0800 (Malay Peninsula Standard Time),,s6w11,focus,
Thu Sep 03 2015 14:49:41 GMT+0800 (Malay Peninsula Standard Time),,s6w12,focus,
Thu Sep 03 2015 14:49:41 GMT+0800 (Malay Peninsula Standard Time),,s6w13,focus,
Thu Sep 03 2015 14:49:42 GMT+0800 (Malay Peninsula Standard Time),,s6w14,focus,
Thu Sep 03 2015 14:49:42 GMT+0800 (Malay Peninsula Standard Time),,s6w15,focus,
Thu Sep 03 2015 14:49:47 GMT+0800 (Malay Peninsula Standard Time),,s6w15,label,"="
Thu Sep 03 2015 14:50:20 GMT+0800 (Malay Peninsula Standard Time),,s6w16,focus,
Thu Sep 03 2015 14:50:21 GMT+0800 (Malay Peninsula Standard Time),,s6w17,focus,
Thu Sep 03 2015 14:50:22 GMT+0800 (Malay Peninsula Standard Time),,s6w18,focus,
Thu Sep 03 2015 14:50:23 GMT+0800 (Malay Peninsula Standard Time),,s6w19,focus,
Thu Sep 03 2015 14:50:24 GMT+0800 (Malay Peninsula Standard Time),,s6w20,focus,
Thu Sep 03 2015 14:50:26 GMT+0800 (Malay Peninsula Standard Time),,s6w21,focus,
Thu Sep 03 2015 14:50:26 GMT+0800 (Malay Peninsula Standard Time),,s6w22,focus,
Thu Sep 03 2015 14:50:27 GMT+0800 (Malay Peninsula Standard Time),,s6w23,focus,
Thu Sep 03 2015 14:50:38 GMT+0800 (Malay Peninsula Standard Time),,s6w23,focus,
Thu Sep 03 2015 14:50:52 GMT+0800 (Malay Peninsula Standard Time),,s6w23,focus,
Thu Sep 03 2015 14:50:53 GMT+0800 (Malay Peninsula Standard Time),,s6w24,focus,
Thu Sep 03 2015 14:50:54 GMT+0800 (Malay Peninsula Standard Time),,s6w24,label,"^"
Thu Sep 03 2015 14:50:55 GMT+0800 (Malay Peninsula Standard Time),,s6w25,focus,
Thu Sep 03 2015 14:50:57 GMT+0800 (Malay Peninsula Standard Time),,s6w26,focus,
Thu Sep 03 2015 14:50:58 GMT+0800 (Malay Peninsula Standard Time),,s6w27,focus,
Thu Sep 03 2015 14:50:58 GMT+0800 (Malay Peninsula Standard Time),,s6w28,focus,
Thu Sep 03 2015 14:50:58 GMT+0800 (Malay Peninsula Standard Time),,s6w29,focus,
Thu Sep 03 2015 14:50:59 GMT+0800 (Malay Peninsula Standard Time),,s6w30,focus,
Thu Sep 03 2015 14:50:59 GMT+0800 (Malay Peninsula Standard Time),,s6w31,focus,
Thu Sep 03 2015 14:51:01 GMT+0800 (Malay Peninsula Standard Time),,s6w32,focus,
Thu Sep 03 2015 14:51:01 GMT+0800 (Malay Peninsula Standard Time),,s6w33,focus,
Thu Sep 03 2015 14:51:01 GMT+0800 (Malay Peninsula Standard Time),,s6w34,focus,
Thu Sep 03 2015 14:51:02 GMT+0800 (Malay Peninsula Standard Time),,s6w35,focus,
Thu Sep 03 2015 14:51:04 GMT+0800 (Malay Peninsula Standard Time),,s6w36,focus,
Thu Sep 03 2015 14:51:04 GMT+0800 (Malay Peninsula Standard Time),,s7w1,focus,
Thu Sep 03 2015 14:51:07 GMT+0800 (Malay Peninsula Standard Time),,s7w1,label,"^"
Thu Sep 03 2015 14:51:07 GMT+0800 (Malay Peninsula Standard Time),,s7w2,focus,
Thu Sep 03 2015 14:51:08 GMT+0800 (Malay Peninsula Standard Time),,s7w3,focus,
Thu Sep 03 2015 14:51:08 GMT+0800 (Malay Peninsula Standard Time),,s7w4,focus,
Thu Sep 03 2015 14:51:09 GMT+0800 (Malay Peninsula Standard Time),,s7w5,focus,
Thu Sep 03 2015 14:51:09 GMT+0800 (Malay Peninsula Standard Time),,s7w6,focus,
Thu Sep 03 2015 14:51:09 GMT+0800 (Malay Peninsula Standard Time),,s7w7,focus,
Thu Sep 03 2015 14:51:10 GMT+0800 (Malay Peninsula Standard Time),,s7w8,focus,
Thu Sep 03 2015 14:51:10 GMT+0800 (Malay Peninsula Standard Time),,s7w9,focus,
Thu Sep 03 2015 14:51:13 GMT+0800 (Malay Peninsula Standard Time),,s7w10,focus,
Thu Sep 03 2015 14:51:13 GMT+0800 (Malay Peninsula Standard Time),,s7w11,focus,
Thu Sep 03 2015 14:51:14 GMT+0800 (Malay Peninsula Standard Time),,s7w12,focus,
Thu Sep 03 2015 14:51:14 GMT+0800 (Malay Peninsula Standard Time),,s7w13,focus,
Thu Sep 03 2015 14:51:15 GMT+0800 (Malay Peninsula Standard Time),,s7w13,label,"A"
Thu Sep 03 2015 14:51:15 GMT+0800 (Malay Peninsula Standard Time),,s7w14,focus,
Thu Sep 03 2015 14:51:19 GMT+0800 (Malay Peninsula Standard Time),,s7w15,focus,
Thu Sep 03 2015 14:51:21 GMT+0800 (Malay Peninsula Standard Time),,s7w16,focus,
Thu Sep 03 2015 14:51:21 GMT+0800 (Malay Peninsula Standard Time),,s7w17,focus,
Thu Sep 03 2015 14:51:21 GMT+0800 (Malay Peninsula Standard Time),,s7w18,focus,
Thu Sep 03 2015 14:51:21 GMT+0800 (Malay Peninsula Standard Time),,s7w19,focus,
Thu Sep 03 2015 14:51:24 GMT+0800 (Malay Peninsula Standard Time),,s7w20,focus,
Thu Sep 03 2015 14:51:25 GMT+0800 (Malay Peninsula Standard Time),,s7w21,focus,
Thu Sep 03 2015 14:51:25 GMT+0800 (Malay Peninsula Standard Time),,s7w22,focus,
Thu Sep 03 2015 14:51:25 GMT+0800 (Malay Peninsula Standard Time),,s7w23,focus,
Thu Sep 03 2015 14:51:26 GMT+0800 (Malay Peninsula Standard Time),,s7w24,focus,
Thu Sep 03 2015 14:51:41 GMT+0800 (Malay Peninsula Standard Time),,s7w24,focus,
Thu Sep 03 2015 14:51:42 GMT+0800 (Malay Peninsula Standard Time),,s7w25,focus,
Thu Sep 03 2015 14:51:42 GMT+0800 (Malay Peninsula Standard Time),,s7w26,focus,
Thu Sep 03 2015 14:51:42 GMT+0800 (Malay Peninsula Standard Time),,s7w27,focus,
Thu Sep 03 2015 14:51:42 GMT+0800 (Malay Peninsula Standard Time),,s7w28,focus,
Thu Sep 03 2015 14:51:42 GMT+0800 (Malay Peninsula Standard Time),,s7w29,focus,
Thu Sep 03 2015 14:51:43 GMT+0800 (Malay Peninsula Standard Time),,s7w30,focus,
Thu Sep 03 2015 14:51:43 GMT+0800 (Malay Peninsula Standard Time),,s7w31,focus,
Thu Sep 03 2015 14:51:44 GMT+0800 (Malay Peninsula Standard Time),,s7w31,label,"A"
Thu Sep 03 2015 14:51:48 GMT+0800 (Malay Peninsula Standard Time),,s7w31,focus,
Thu Sep 03 2015 14:51:51 GMT+0800 (Malay Peninsula Standard Time),,s7w31,focus,
Thu Sep 03 2015 14:52:17 GMT+0800 (Malay Peninsula Standard Time),,s7w31,focus,
Thu Sep 03 2015 14:52:22 GMT+0800 (Malay Peninsula Standard Time),,s8w1,focus,
Thu Sep 03 2015 14:52:22 GMT+0800 (Malay Peninsula Standard Time),,s8w1,focus,
Thu Sep 03 2015 14:52:32 GMT+0800 (Malay Peninsula Standard Time),,s8w1,focus,
Thu Sep 03 2015 14:52:51 GMT+0800 (Malay Peninsula Standard Time),,s8w1,focus,
Thu Sep 03 2015 14:52:52 GMT+0800 (Malay Peninsula Standard Time),,s6w1,focus,
Thu Sep 03 2015 14:52:52 GMT+0800 (Malay Peninsula Standard Time),,s6w1,focus,
Thu Sep 03 2015 14:52:53 GMT+0800 (Malay Peninsula Standard Time),,s6w1,label,"N"
Thu Sep 03 2015 14:52:55 GMT+0800 (Malay Peninsula Standard Time),,s8w1,focus,
Thu Sep 03 2015 14:52:55 GMT+0800 (Malay Peninsula Standard Time),,s8w1,focus,
Thu Sep 03 2015 14:52:56 GMT+0800 (Malay Peninsula Standard Time),,s8w1,label,"N"
Thu Sep 03 2015 14:53:01 GMT+0800 (Malay Peninsula Standard Time),,s8w2,focus,
Thu Sep 03 2015 14:53:01 GMT+0800 (Malay Peninsula Standard Time),,s8w3,focus,
Thu Sep 03 2015 14:53:01 GMT+0800 (Malay Peninsula Standard Time),,s8w4,focus,
Thu Sep 03 2015 14:53:02 GMT+0800 (Malay Peninsula Standard Time),,s8w5,focus,
Thu Sep 03 2015 14:53:02 GMT+0800 (Malay Peninsula Standard Time),,s8w6,focus,
Thu Sep 03 2015 14:53:02 GMT+0800 (Malay Peninsula Standard Time),,s8w7,focus,
Thu Sep 03 2015 14:53:03 GMT+0800 (Malay Peninsula Standard Time),,s8w8,focus,
Thu Sep 03 2015 14:53:03 GMT+0800 (Malay Peninsula Standard Time),,s8w9,focus,
Thu Sep 03 2015 14:53:06 GMT+0800 (Malay Peninsula Standard Time),,s8w10,focus,
Thu Sep 03 2015 14:53:07 GMT+0800 (Malay Peninsula Standard Time),,s8w11,focus,
Thu Sep 03 2015 14:53:07 GMT+0800 (Malay Peninsula Standard Time),,s8w12,focus,
Thu Sep 03 2015 14:53:07 GMT+0800 (Malay Peninsula Standard Time),,s8w13,focus,
Thu Sep 03 2015 14:54:43 GMT+0800 (Malay Peninsula Standard Time),,s8w13,focus,
Thu Sep 03 2015 14:54:46 GMT+0800 (Malay Peninsula Standard Time),,s8w13,focus,
Thu Sep 03 2015 14:56:21 GMT+0800 (Malay Peninsula Standard Time),,s8w13,focus,
Thu Sep 03 2015 14:56:21 GMT+0800 (Malay Peninsula Standard Time),,s8w6,focus,
Thu Sep 03 2015 14:56:21 GMT+0800 (Malay Peninsula Standard Time),,s8w6,focus,
Thu Sep 03 2015 14:57:09 GMT+0800 (Malay Peninsula Standard Time),,s8w6,focus,
Thu Sep 03 2015 14:57:11 GMT+0800 (Malay Peninsula Standard Time),,s8w13,focus,
Thu Sep 03 2015 14:57:11 GMT+0800 (Malay Peninsula Standard Time),,s8w13,focus,
Thu Sep 03 2015 14:57:17 GMT+0800 (Malay Peninsula Standard Time),,s8w13,label,"&"
Thu Sep 03 2015 14:57:19 GMT+0800 (Malay Peninsula Standard Time),,s8w14,focus,
Thu Sep 03 2015 14:57:19 GMT+0800 (Malay Peninsula Standard Time),,s8w15,focus,
Thu Sep 03 2015 14:57:20 GMT+0800 (Malay Peninsula Standard Time),,s8w16,focus,
Thu Sep 03 2015 14:57:20 GMT+0800 (Malay Peninsula Standard Time),,s8w17,focus,
Thu Sep 03 2015 14:57:20 GMT+0800 (Malay Peninsula Standard Time),,s8w18,focus,
Thu Sep 03 2015 14:57:23 GMT+0800 (Malay Peninsula Standard Time),,s8w19,focus,
Thu Sep 03 2015 14:57:23 GMT+0800 (Malay Peninsula Standard Time),,s8w20,focus,
Thu Sep 03 2015 14:57:23 GMT+0800 (Malay Peninsula Standard Time),,s8w21,focus,
Thu Sep 03 2015 14:57:23 GMT+0800 (Malay Peninsula Standard Time),,s8w22,focus,
Thu Sep 03 2015 14:57:24 GMT+0800 (Malay Peninsula Standard Time),,s8w23,focus,
Thu Sep 03 2015 14:57:25 GMT+0800 (Malay Peninsula Standard Time),,s8w24,focus,
Thu Sep 03 2015 14:57:25 GMT+0800 (Malay Peninsula Standard Time),,s8w25,focus,
Thu Sep 03 2015 14:57:26 GMT+0800 (Malay Peninsula Standard Time),,s8w26,focus,
Thu Sep 03 2015 14:57:26 GMT+0800 (Malay Peninsula Standard Time),,s8w26,label,"A"
Thu Sep 03 2015 14:59:02 GMT+0800 (Malay Peninsula Standard Time),,s8w27,focus,
Thu Sep 03 2015 14:59:03 GMT+0800 (Malay Peninsula Standard Time),,s8w28,focus,
Thu Sep 03 2015 14:59:03 GMT+0800 (Malay Peninsula Standard Time),,s8w29,focus,
Thu Sep 03 2015 14:59:04 GMT+0800 (Malay Peninsula Standard Time),,s8w30,focus,
Thu Sep 03 2015 14:59:04 GMT+0800 (Malay Peninsula Standard Time),,s8w31,focus,
Thu Sep 03 2015 14:59:05 GMT+0800 (Malay Peninsula Standard Time),,s8w32,focus,
Thu Sep 03 2015 14:59:05 GMT+0800 (Malay Peninsula Standard Time),,s8w33,focus,
Thu Sep 03 2015 14:59:06 GMT+0800 (Malay Peninsula Standard Time),,s9w1,focus,
Thu Sep 03 2015 14:59:09 GMT+0800 (Malay Peninsula Standard Time),,s9w2,focus,
Thu Sep 03 2015 14:59:09 GMT+0800 (Malay Peninsula Standard Time),,s9w3,focus,
Thu Sep 03 2015 14:59:10 GMT+0800 (Malay Peninsula Standard Time),,s9w4,focus,
Thu Sep 03 2015 14:59:10 GMT+0800 (Malay Peninsula Standard Time),,s9w5,focus,
Thu Sep 03 2015 14:59:10 GMT+0800 (Malay Peninsula Standard Time),,s9w6,focus,
Thu Sep 03 2015 14:59:10 GMT+0800 (Malay Peninsula Standard Time),,s9w7,focus,
Thu Sep 03 2015 14:59:11 GMT+0800 (Malay Peninsula Standard Time),,s9w8,focus,
Thu Sep 03 2015 14:59:11 GMT+0800 (Malay Peninsula Standard Time),,s9w9,focus,
Thu Sep 03 2015 14:59:11 GMT+0800 (Malay Peninsula Standard Time),,s9w10,focus,
Thu Sep 03 2015 14:59:11 GMT+0800 (Malay Peninsula Standard Time),,s9w11,focus,
Thu Sep 03 2015 14:59:12 GMT+0800 (Malay Peninsula Standard Time),,s9w12,focus,
Thu Sep 03 2015 14:59:12 GMT+0800 (Malay Peninsula Standard Time),,s9w13,focus,
Thu Sep 03 2015 14:59:12 GMT+0800 (Malay Peninsula Standard Time),,s9w14,focus,
Thu Sep 03 2015 14:59:13 GMT+0800 (Malay Peninsula Standard Time),,s9w15,focus,
Thu Sep 03 2015 14:59:13 GMT+0800 (Malay Peninsula Standard Time),,s9w16,focus,
Thu Sep 03 2015 14:59:13 GMT+0800 (Malay Peninsula Standard Time),,s9w17,focus,
Thu Sep 03 2015 14:59:13 GMT+0800 (Malay Peninsula Standard Time),,s9w18,focus,
Thu Sep 03 2015 14:59:14 GMT+0800 (Malay Peninsula Standard Time),,s9w19,focus,
Thu Sep 03 2015 14:59:14 GMT+0800 (Malay Peninsula Standard Time),,s9w20,focus,
Thu Sep 03 2015 14:59:14 GMT+0800 (Malay Peninsula Standard Time),,s9w21,focus,
Thu Sep 03 2015 14:59:14 GMT+0800 (Malay Peninsula Standard Time),,s9w22,focus,
Thu Sep 03 2015 14:59:15 GMT+0800 (Malay Peninsula Standard Time),,s9w23,focus,
Thu Sep 03 2015 14:59:18 GMT+0800 (Malay Peninsula Standard Time),,s10w1,focus,
Thu Sep 03 2015 14:59:18 GMT+0800 (Malay Peninsula Standard Time),,s10w1,focus,
Thu Sep 03 2015 14:59:18 GMT+0800 (Malay Peninsula Standard Time),,s10w3,focus,
Thu Sep 03 2015 14:59:18 GMT+0800 (Malay Peninsula Standard Time),,s10w3,focus,
Thu Sep 03 2015 14:59:19 GMT+0800 (Malay Peninsula Standard Time),,s10w4,focus,
Thu Sep 03 2015 14:59:19 GMT+0800 (Malay Peninsula Standard Time),,s10w4,focus,
Thu Sep 03 2015 14:59:20 GMT+0800 (Malay Peninsula Standard Time),,s10w4,label,"^"
Thu Sep 03 2015 14:59:22 GMT+0800 (Malay Peninsula Standard Time),,s10w9,focus,
Thu Sep 03 2015 14:59:22 GMT+0800 (Malay Peninsula Standard Time),,s10w9,focus,
Thu Sep 03 2015 14:59:23 GMT+0800 (Malay Peninsula Standard Time),,s10w9,label,"^"
Thu Sep 03 2015 14:59:24 GMT+0800 (Malay Peninsula Standard Time),,s10w8,focus,
Thu Sep 03 2015 14:59:24 GMT+0800 (Malay Peninsula Standard Time),,s10w8,focus,
Thu Sep 03 2015 15:00:41 GMT+0800 (Malay Peninsula Standard Time),,s10w8,focus,
Thu Sep 03 2015 15:02:15 GMT+0800 (Malay Peninsula Standard Time),,s10w13,focus,
Thu Sep 03 2015 15:02:15 GMT+0800 (Malay Peninsula Standard Time),,s10w13,focus,
Thu Sep 03 2015 15:02:15 GMT+0800 (Malay Peninsula Standard Time),,s10w13,label,"X"
Thu Sep 03 2015 15:02:27 GMT+0800 (Malay Peninsula Standard Time),,s10w8,focus,
Thu Sep 03 2015 15:02:27 GMT+0800 (Malay Peninsula Standard Time),,s10w8,focus,
Thu Sep 03 2015 15:02:35 GMT+0800 (Malay Peninsula Standard Time),,s10w8,label,"&"
Thu Sep 03 2015 15:02:45 GMT+0800 (Malay Peninsula Standard Time),,s10w8,focus,
Thu Sep 03 2015 15:03:54 GMT+0800 (Malay Peninsula Standard Time),,s10w8,focus,
Thu Sep 03 2015 15:03:57 GMT+0800 (Malay Peninsula Standard Time),,s10w19,focus,
Thu Sep 03 2015 15:03:57 GMT+0800 (Malay Peninsula Standard Time),,s10w19,focus,
Thu Sep 03 2015 15:03:58 GMT+0800 (Malay Peninsula Standard Time),,s10w19,label,"^"
Thu Sep 03 2015 15:03:59 GMT+0800 (Malay Peninsula Standard Time),,s10w20,focus,
Thu Sep 03 2015 15:03:59 GMT+0800 (Malay Peninsula Standard Time),,s10w20,focus,
Thu Sep 03 2015 15:03:59 GMT+0800 (Malay Peninsula Standard Time),,s10w21,focus,
Thu Sep 03 2015 15:03:59 GMT+0800 (Malay Peninsula Standard Time),,s10w21,focus,
Thu Sep 03 2015 15:04:01 GMT+0800 (Malay Peninsula Standard Time),,s10w21,label,"A"
Thu Sep 03 2015 15:04:11 GMT+0800 (Malay Peninsula Standard Time),,s10w29,focus,
Thu Sep 03 2015 15:04:11 GMT+0800 (Malay Peninsula Standard Time),,s10w29,focus,
Thu Sep 03 2015 15:04:12 GMT+0800 (Malay Peninsula Standard Time),,s10w29,label,"N"
Thu Sep 03 2015 15:04:31 GMT+0800 (Malay Peninsula Standard Time),,s10w29,focus,
Thu Sep 03 2015 15:04:52 GMT+0800 (Malay Peninsula Standard Time),,s10w29,focus,
Thu Sep 03 2015 15:05:54 GMT+0800 (Malay Peninsula Standard Time),,s10w27,focus,
Thu Sep 03 2015 15:05:54 GMT+0800 (Malay Peninsula Standard Time),,s10w27,focus,
Thu Sep 03 2015 15:05:55 GMT+0800 (Malay Peninsula Standard Time),,s10w27,label,"V"
Thu Sep 03 2015 15:06:08 GMT+0800 (Malay Peninsula Standard Time),,s10,toggleMetadata,block
Thu Sep 03 2015 15:07:28 GMT+0800 (Malay Peninsula Standard Time),,s10w41,focus,
Thu Sep 03 2015 15:07:28 GMT+0800 (Malay Peninsula Standard Time),,s10w41,focus,
Thu Sep 03 2015 15:07:58 GMT+0800 (Malay Peninsula Standard Time),,s10w41,focus,
Thu Sep 03 2015 15:07:59 GMT+0800 (Malay Peninsula Standard Time),,s10w41,label,"^"
Thu Sep 03 2015 15:08:16 GMT+0800 (Malay Peninsula Standard Time),,s10w41,focus,
Thu Sep 03 2015 15:08:20 GMT+0800 (Malay Peninsula Standard Time),,s10w48,focus,
Thu Sep 03 2015 15:08:20 GMT+0800 (Malay Peninsula Standard Time),,s10w48,focus,
Thu Sep 03 2015 15:08:47 GMT+0800 (Malay Peninsula Standard Time),,s10w48,focus,
Thu Sep 03 2015 15:08:48 GMT+0800 (Malay Peninsula Standard Time),,s10w48,focus,
Thu Sep 03 2015 15:08:50 GMT+0800 (Malay Peninsula Standard Time),,s10w48,label,"&"
Thu Sep 03 2015 15:10:54 GMT+0800 (Malay Peninsula Standard Time),,s10w48,focus,
Thu Sep 03 2015 15:10:56 GMT+0800 (Malay Peninsula Standard Time),,s10w48,focus,
Thu Sep 03 2015 15:13:01 GMT+0800 (Malay Peninsula Standard Time),,s10w48,focus,
Thu Sep 03 2015 15:13:17 GMT+0800 (Malay Peninsula Standard Time),,s10w48,focus,
Thu Sep 03 2015 15:13:18 GMT+0800 (Malay Peninsula Standard Time),,s10w48,focus,
Thu Sep 03 2015 15:13:20 GMT+0800 (Malay Peninsula Standard Time),,s10w48,label,"P"
Thu Sep 03 2015 15:13:20 GMT+0800 (Malay Peninsula Standard Time),,s10w49,focus,
Thu Sep 03 2015 15:13:21 GMT+0800 (Malay Peninsula Standard Time),,s10w50,focus,
Thu Sep 03 2015 15:13:21 GMT+0800 (Malay Peninsula Standard Time),,s10w51,focus,
Thu Sep 03 2015 15:13:22 GMT+0800 (Malay Peninsula Standard Time),,s10w52,focus,
Thu Sep 03 2015 15:13:23 GMT+0800 (Malay Peninsula Standard Time),,s10w53,focus,
Thu Sep 03 2015 15:13:35 GMT+0800 (Malay Peninsula Standard Time),,s10w54,focus,
Thu Sep 03 2015 15:13:35 GMT+0800 (Malay Peninsula Standard Time),,s10w55,focus,
Thu Sep 03 2015 15:13:38 GMT+0800 (Malay Peninsula Standard Time),,s10w54,focus,
Thu Sep 03 2015 15:13:38 GMT+0800 (Malay Peninsula Standard Time),,s10w54,label,"V"
Thu Sep 03 2015 15:13:38 GMT+0800 (Malay Peninsula Standard Time),,s10w55,focus,
Thu Sep 03 2015 15:13:39 GMT+0800 (Malay Peninsula Standard Time),,s10w56,focus,
Thu Sep 03 2015 15:13:41 GMT+0800 (Malay Peninsula Standard Time),,s10w57,focus,
Thu Sep 03 2015 15:13:46 GMT+0800 (Malay Peninsula Standard Time),,,submitPage,
