Fri Sep 04 2015 14:56:34 GMT+0800 (Malay Peninsula Standard Time),,,pageReady,0:100:100
Fri Sep 04 2015 14:56:34 GMT+0800 (Malay Peninsula Standard Time),,s0,twitterId,607176
Fri Sep 04 2015 14:56:34 GMT+0800 (Malay Peninsula Standard Time),,s1,twitterId,607176
Fri Sep 04 2015 14:56:34 GMT+0800 (Malay Peninsula Standard Time),,s2,twitterId,607176
Fri Sep 04 2015 14:56:34 GMT+0800 (Malay Peninsula Standard Time),,s3,twitterId,607176
Fri Sep 04 2015 14:56:34 GMT+0800 (Malay Peninsula Standard Time),,s4,twitterId,607176
Fri Sep 04 2015 14:56:34 GMT+0800 (Malay Peninsula Standard Time),,s5,twitterId,607176
Fri Sep 04 2015 14:56:34 GMT+0800 (Malay Peninsula Standard Time),,s6,twitterId,607176
Fri Sep 04 2015 14:56:34 GMT+0800 (Malay Peninsula Standard Time),,s7,twitterId,607176
Fri Sep 04 2015 14:56:34 GMT+0800 (Malay Peninsula Standard Time),,s8,twitterId,607176
Fri Sep 04 2015 14:56:34 GMT+0800 (Malay Peninsula Standard Time),,s9,twitterId,607176
Fri Sep 04 2015 14:56:34 GMT+0800 (Malay Peninsula Standard Time),,s10,twitterId,607176
Fri Sep 04 2015 14:56:34 GMT+0800 (Malay Peninsula Standard Time),,s11,twitterId,607176
Fri Sep 04 2015 14:56:34 GMT+0800 (Malay Peninsula Standard Time),,s12,twitterId,607176
Fri Sep 04 2015 14:56:34 GMT+0800 (Malay Peninsula Standard Time),,s13,twitterId,607176
Fri Sep 04 2015 14:56:34 GMT+0800 (Malay Peninsula Standard Time),,s14,twitterId,607176
Fri Sep 04 2015 14:56:34 GMT+0800 (Malay Peninsula Standard Time),,s15,twitterId,607176
Fri Sep 04 2015 14:56:34 GMT+0800 (Malay Peninsula Standard Time),,s16,twitterId,607176
Fri Sep 04 2015 14:56:34 GMT+0800 (Malay Peninsula Standard Time),,s17,twitterId,607176
Fri Sep 04 2015 14:56:34 GMT+0800 (Malay Peninsula Standard Time),,s18,twitterId,607176
Fri Sep 04 2015 14:56:34 GMT+0800 (Malay Peninsula Standard Time),,s19,twitterId,607176
Fri Sep 04 2015 14:56:34 GMT+0800 (Malay Peninsula Standard Time),,s20,twitterId,607176
Fri Sep 04 2015 15:09:07 GMT+0800 (Malay Peninsula Standard Time),,s0w1,focus,
Fri Sep 04 2015 15:09:07 GMT+0800 (Malay Peninsula Standard Time),,s0w1,focus,
Fri Sep 04 2015 15:09:10 GMT+0800 (Malay Peninsula Standard Time),,s0w2,focus,
Fri Sep 04 2015 15:09:10 GMT+0800 (Malay Peninsula Standard Time),,s0w3,focus,
Fri Sep 04 2015 15:09:11 GMT+0800 (Malay Peninsula Standard Time),,s0w4,focus,
Fri Sep 04 2015 15:09:29 GMT+0800 (Malay Peninsula Standard Time),,s0w4,label,"G"
Fri Sep 04 2015 15:09:33 GMT+0800 (Malay Peninsula Standard Time),,s0w4,focus,
Fri Sep 04 2015 15:09:34 GMT+0800 (Malay Peninsula Standard Time),,s0w4,focus,
Fri Sep 04 2015 15:09:34 GMT+0800 (Malay Peninsula Standard Time),,s0w4,focus,
Fri Sep 04 2015 15:09:35 GMT+0800 (Malay Peninsula Standard Time),,s0w4,focus,
Fri Sep 04 2015 15:09:36 GMT+0800 (Malay Peninsula Standard Time),,s0w4,label,"G"
Fri Sep 04 2015 15:09:37 GMT+0800 (Malay Peninsula Standard Time),,s0w4,label,"G"
Fri Sep 04 2015 15:09:39 GMT+0800 (Malay Peninsula Standard Time),,s0w5,focus,
Fri Sep 04 2015 15:09:44 GMT+0800 (Malay Peninsula Standard Time),,s0w4,focus,
Fri Sep 04 2015 15:09:45 GMT+0800 (Malay Peninsula Standard Time),,s0w4,label,"L"
Fri Sep 04 2015 15:09:46 GMT+0800 (Malay Peninsula Standard Time),,s0w5,focus,
Fri Sep 04 2015 15:09:58 GMT+0800 (Malay Peninsula Standard Time),,s0w5,label,"^"
Fri Sep 04 2015 15:09:58 GMT+0800 (Malay Peninsula Standard Time),,s0w6,focus,
Fri Sep 04 2015 15:10:04 GMT+0800 (Malay Peninsula Standard Time),,s0w7,focus,
Fri Sep 04 2015 15:10:04 GMT+0800 (Malay Peninsula Standard Time),,s0w8,focus,
Fri Sep 04 2015 15:10:05 GMT+0800 (Malay Peninsula Standard Time),,s0w9,focus,
Fri Sep 04 2015 15:10:05 GMT+0800 (Malay Peninsula Standard Time),,s0w10,focus,
Fri Sep 04 2015 15:10:11 GMT+0800 (Malay Peninsula Standard Time),,s1w1,focus,
Fri Sep 04 2015 15:10:25 GMT+0800 (Malay Peninsula Standard Time),,s1w2,focus,
Fri Sep 04 2015 15:10:26 GMT+0800 (Malay Peninsula Standard Time),,s1w3,focus,
Fri Sep 04 2015 15:10:26 GMT+0800 (Malay Peninsula Standard Time),,s1w4,focus,
Fri Sep 04 2015 15:10:27 GMT+0800 (Malay Peninsula Standard Time),,s1w5,focus,
Fri Sep 04 2015 15:10:28 GMT+0800 (Malay Peninsula Standard Time),,s1w6,focus,
Fri Sep 04 2015 15:10:29 GMT+0800 (Malay Peninsula Standard Time),,s1w7,focus,
Fri Sep 04 2015 15:10:29 GMT+0800 (Malay Peninsula Standard Time),,s1w8,focus,
Fri Sep 04 2015 15:10:30 GMT+0800 (Malay Peninsula Standard Time),,s1w9,focus,
Fri Sep 04 2015 15:10:31 GMT+0800 (Malay Peninsula Standard Time),,s1w10,focus,
Fri Sep 04 2015 15:10:33 GMT+0800 (Malay Peninsula Standard Time),,s1w11,focus,
Fri Sep 04 2015 15:10:34 GMT+0800 (Malay Peninsula Standard Time),,s1w12,focus,
Fri Sep 04 2015 15:10:34 GMT+0800 (Malay Peninsula Standard Time),,s1w13,focus,
Fri Sep 04 2015 15:10:37 GMT+0800 (Malay Peninsula Standard Time),,s1w14,focus,
Fri Sep 04 2015 15:10:37 GMT+0800 (Malay Peninsula Standard Time),,s1w15,focus,
Fri Sep 04 2015 15:10:38 GMT+0800 (Malay Peninsula Standard Time),,s1w16,focus,
Fri Sep 04 2015 15:10:39 GMT+0800 (Malay Peninsula Standard Time),,s1w17,focus,
Fri Sep 04 2015 15:10:55 GMT+0800 (Malay Peninsula Standard Time),,s1w17,focus,
Fri Sep 04 2015 15:11:24 GMT+0800 (Malay Peninsula Standard Time),,s1w17,focus,
Fri Sep 04 2015 15:11:52 GMT+0800 (Malay Peninsula Standard Time),,s1w17,focus,
Fri Sep 04 2015 15:12:00 GMT+0800 (Malay Peninsula Standard Time),,s1w17,focus,
Fri Sep 04 2015 15:12:06 GMT+0800 (Malay Peninsula Standard Time),,s1w18,focus,
Fri Sep 04 2015 15:12:07 GMT+0800 (Malay Peninsula Standard Time),,s1w18,label,"V"
Fri Sep 04 2015 15:12:07 GMT+0800 (Malay Peninsula Standard Time),,s1w19,focus,
Fri Sep 04 2015 15:12:08 GMT+0800 (Malay Peninsula Standard Time),,s1w20,focus,
Fri Sep 04 2015 15:12:09 GMT+0800 (Malay Peninsula Standard Time),,s1w21,focus,
Fri Sep 04 2015 15:12:10 GMT+0800 (Malay Peninsula Standard Time),,s1w22,focus,
Fri Sep 04 2015 15:12:11 GMT+0800 (Malay Peninsula Standard Time),,s1w23,focus,
Fri Sep 04 2015 15:12:11 GMT+0800 (Malay Peninsula Standard Time),,s1w24,focus,
Fri Sep 04 2015 15:12:15 GMT+0800 (Malay Peninsula Standard Time),,s1w25,focus,
Fri Sep 04 2015 15:12:15 GMT+0800 (Malay Peninsula Standard Time),,s1w26,focus,
Fri Sep 04 2015 15:12:16 GMT+0800 (Malay Peninsula Standard Time),,s1w27,focus,
Fri Sep 04 2015 15:12:21 GMT+0800 (Malay Peninsula Standard Time),,s1w28,focus,
Fri Sep 04 2015 15:12:21 GMT+0800 (Malay Peninsula Standard Time),,s1w29,focus,
Fri Sep 04 2015 15:12:23 GMT+0800 (Malay Peninsula Standard Time),,s1w29,label,"^"
Fri Sep 04 2015 15:12:23 GMT+0800 (Malay Peninsula Standard Time),,s1w30,focus,
Fri Sep 04 2015 15:12:25 GMT+0800 (Malay Peninsula Standard Time),,s1w31,focus,
Fri Sep 04 2015 15:12:26 GMT+0800 (Malay Peninsula Standard Time),,s1w32,focus,
Fri Sep 04 2015 15:12:28 GMT+0800 (Malay Peninsula Standard Time),,s1w33,focus,
Fri Sep 04 2015 15:12:35 GMT+0800 (Malay Peninsula Standard Time),,s1w34,focus,
Fri Sep 04 2015 15:12:36 GMT+0800 (Malay Peninsula Standard Time),,s1w35,focus,
Fri Sep 04 2015 15:12:37 GMT+0800 (Malay Peninsula Standard Time),,s1w36,focus,
Fri Sep 04 2015 15:12:37 GMT+0800 (Malay Peninsula Standard Time),,s1w37,focus,
Fri Sep 04 2015 15:13:04 GMT+0800 (Malay Peninsula Standard Time),,s1w37,focus,
Fri Sep 04 2015 15:13:05 GMT+0800 (Malay Peninsula Standard Time),,s0w4,focus,
Fri Sep 04 2015 15:13:05 GMT+0800 (Malay Peninsula Standard Time),,s0w4,focus,
Fri Sep 04 2015 15:13:06 GMT+0800 (Malay Peninsula Standard Time),,s0w4,label,"Z"
Fri Sep 04 2015 15:13:06 GMT+0800 (Malay Peninsula Standard Time),,s0w5,focus,
Fri Sep 04 2015 15:13:11 GMT+0800 (Malay Peninsula Standard Time),,s1w37,focus,
Fri Sep 04 2015 15:13:11 GMT+0800 (Malay Peninsula Standard Time),,s1w37,focus,
Fri Sep 04 2015 15:13:19 GMT+0800 (Malay Peninsula Standard Time),,s1w38,focus,
Fri Sep 04 2015 15:13:21 GMT+0800 (Malay Peninsula Standard Time),,s1w38,label,"^"
Fri Sep 04 2015 15:13:22 GMT+0800 (Malay Peninsula Standard Time),,s1w39,focus,
Fri Sep 04 2015 15:13:24 GMT+0800 (Malay Peninsula Standard Time),,s1w40,focus,
Fri Sep 04 2015 15:13:25 GMT+0800 (Malay Peninsula Standard Time),,s1w41,focus,
Fri Sep 04 2015 15:13:26 GMT+0800 (Malay Peninsula Standard Time),,s1w42,focus,
Fri Sep 04 2015 15:13:27 GMT+0800 (Malay Peninsula Standard Time),,s1w43,focus,
Fri Sep 04 2015 15:13:28 GMT+0800 (Malay Peninsula Standard Time),,s1w44,focus,
Fri Sep 04 2015 15:13:29 GMT+0800 (Malay Peninsula Standard Time),,s1w45,focus,
Fri Sep 04 2015 15:13:29 GMT+0800 (Malay Peninsula Standard Time),,s1w46,focus,
Fri Sep 04 2015 15:13:30 GMT+0800 (Malay Peninsula Standard Time),,s1w47,focus,
Fri Sep 04 2015 15:13:36 GMT+0800 (Malay Peninsula Standard Time),,s1w48,focus,
Fri Sep 04 2015 15:13:45 GMT+0800 (Malay Peninsula Standard Time),,s1w47,focus,
Fri Sep 04 2015 15:13:47 GMT+0800 (Malay Peninsula Standard Time),,s1w47,label,"G"
Fri Sep 04 2015 15:13:48 GMT+0800 (Malay Peninsula Standard Time),,s1w48,focus,
Fri Sep 04 2015 15:13:49 GMT+0800 (Malay Peninsula Standard Time),,s1w48,label,"G"
Fri Sep 04 2015 15:13:49 GMT+0800 (Malay Peninsula Standard Time),,s1w49,focus,
Fri Sep 04 2015 15:13:49 GMT+0800 (Malay Peninsula Standard Time),,s1w49,label,"G"
Fri Sep 04 2015 15:13:49 GMT+0800 (Malay Peninsula Standard Time),,s1w50,focus,
Fri Sep 04 2015 15:13:50 GMT+0800 (Malay Peninsula Standard Time),,s1w50,label,"G"
Fri Sep 04 2015 15:13:50 GMT+0800 (Malay Peninsula Standard Time),,s1w51,focus,
Fri Sep 04 2015 15:13:51 GMT+0800 (Malay Peninsula Standard Time),,s1w51,label,"G"
Fri Sep 04 2015 15:13:51 GMT+0800 (Malay Peninsula Standard Time),,s1w52,focus,
Fri Sep 04 2015 15:13:53 GMT+0800 (Malay Peninsula Standard Time),,s1w53,focus,
Fri Sep 04 2015 15:13:53 GMT+0800 (Malay Peninsula Standard Time),,s1w54,focus,
Fri Sep 04 2015 15:13:54 GMT+0800 (Malay Peninsula Standard Time),,s1w55,focus,
Fri Sep 04 2015 15:13:54 GMT+0800 (Malay Peninsula Standard Time),,s1w56,focus,
Fri Sep 04 2015 15:13:55 GMT+0800 (Malay Peninsula Standard Time),,s1w57,focus,
Fri Sep 04 2015 15:13:57 GMT+0800 (Malay Peninsula Standard Time),,s1w57,label,"^"
Fri Sep 04 2015 15:13:57 GMT+0800 (Malay Peninsula Standard Time),,s1w58,focus,
Fri Sep 04 2015 15:13:58 GMT+0800 (Malay Peninsula Standard Time),,s1w59,focus,
Fri Sep 04 2015 15:13:59 GMT+0800 (Malay Peninsula Standard Time),,s1w60,focus,
Fri Sep 04 2015 15:14:01 GMT+0800 (Malay Peninsula Standard Time),,s1w60,label,"^"
Fri Sep 04 2015 15:14:01 GMT+0800 (Malay Peninsula Standard Time),,s1w61,focus,
Fri Sep 04 2015 15:14:03 GMT+0800 (Malay Peninsula Standard Time),,s1w62,focus,
Fri Sep 04 2015 15:14:05 GMT+0800 (Malay Peninsula Standard Time),,s1w63,focus,
Fri Sep 04 2015 15:14:05 GMT+0800 (Malay Peninsula Standard Time),,s1w64,focus,
Fri Sep 04 2015 15:14:09 GMT+0800 (Malay Peninsula Standard Time),,s1w65,focus,
Fri Sep 04 2015 15:14:16 GMT+0800 (Malay Peninsula Standard Time),,s1w65,label,"G"
Fri Sep 04 2015 15:14:17 GMT+0800 (Malay Peninsula Standard Time),,s1w66,focus,
Fri Sep 04 2015 15:14:20 GMT+0800 (Malay Peninsula Standard Time),,s1w67,focus,
Fri Sep 04 2015 15:14:20 GMT+0800 (Malay Peninsula Standard Time),,s1w68,focus,
Fri Sep 04 2015 15:14:20 GMT+0800 (Malay Peninsula Standard Time),,s1w69,focus,
Fri Sep 04 2015 15:14:21 GMT+0800 (Malay Peninsula Standard Time),,s1w70,focus,
Fri Sep 04 2015 15:14:22 GMT+0800 (Malay Peninsula Standard Time),,s1w71,focus,
Fri Sep 04 2015 15:14:22 GMT+0800 (Malay Peninsula Standard Time),,s1w72,focus,
Fri Sep 04 2015 15:14:23 GMT+0800 (Malay Peninsula Standard Time),,s1w73,focus,
Fri Sep 04 2015 15:14:26 GMT+0800 (Malay Peninsula Standard Time),,s1w72,focus,
Fri Sep 04 2015 15:14:26 GMT+0800 (Malay Peninsula Standard Time),,s1w71,focus,
Fri Sep 04 2015 15:14:26 GMT+0800 (Malay Peninsula Standard Time),,s1w70,focus,
Fri Sep 04 2015 15:14:26 GMT+0800 (Malay Peninsula Standard Time),,s1w69,focus,
Fri Sep 04 2015 15:14:27 GMT+0800 (Malay Peninsula Standard Time),,s1w68,focus,
Fri Sep 04 2015 15:14:27 GMT+0800 (Malay Peninsula Standard Time),,s1w67,focus,
Fri Sep 04 2015 15:14:27 GMT+0800 (Malay Peninsula Standard Time),,s1w66,focus,
Fri Sep 04 2015 15:14:27 GMT+0800 (Malay Peninsula Standard Time),,s1w65,focus,
Fri Sep 04 2015 15:14:28 GMT+0800 (Malay Peninsula Standard Time),,s1w65,label,","
Fri Sep 04 2015 15:14:28 GMT+0800 (Malay Peninsula Standard Time),,s1w66,focus,
Fri Sep 04 2015 15:14:29 GMT+0800 (Malay Peninsula Standard Time),,s1w67,focus,
Fri Sep 04 2015 15:14:29 GMT+0800 (Malay Peninsula Standard Time),,s1w68,focus,
Fri Sep 04 2015 15:14:29 GMT+0800 (Malay Peninsula Standard Time),,s1w69,focus,
Fri Sep 04 2015 15:14:29 GMT+0800 (Malay Peninsula Standard Time),,s1w70,focus,
Fri Sep 04 2015 15:14:29 GMT+0800 (Malay Peninsula Standard Time),,s1w71,focus,
Fri Sep 04 2015 15:14:30 GMT+0800 (Malay Peninsula Standard Time),,s1w72,focus,
Fri Sep 04 2015 15:14:30 GMT+0800 (Malay Peninsula Standard Time),,s1w73,focus,
Fri Sep 04 2015 15:14:31 GMT+0800 (Malay Peninsula Standard Time),,s1w74,focus,
Fri Sep 04 2015 15:14:31 GMT+0800 (Malay Peninsula Standard Time),,s1w75,focus,
Fri Sep 04 2015 15:14:37 GMT+0800 (Malay Peninsula Standard Time),,s1w75,label,"V"
Fri Sep 04 2015 15:14:37 GMT+0800 (Malay Peninsula Standard Time),,s1w76,focus,
Fri Sep 04 2015 15:14:40 GMT+0800 (Malay Peninsula Standard Time),,s1w77,focus,
Fri Sep 04 2015 15:14:45 GMT+0800 (Malay Peninsula Standard Time),,s1w77,label,"^"
Fri Sep 04 2015 15:14:46 GMT+0800 (Malay Peninsula Standard Time),,s1w78,focus,
Fri Sep 04 2015 15:14:51 GMT+0800 (Malay Peninsula Standard Time),,s1w79,focus,
Fri Sep 04 2015 15:14:52 GMT+0800 (Malay Peninsula Standard Time),,s1w79,label,"G"
Fri Sep 04 2015 15:14:53 GMT+0800 (Malay Peninsula Standard Time),,s1w80,focus,
Fri Sep 04 2015 15:14:56 GMT+0800 (Malay Peninsula Standard Time),,s1w80,label,"^"
Fri Sep 04 2015 15:14:57 GMT+0800 (Malay Peninsula Standard Time),,s1w81,focus,
Fri Sep 04 2015 15:15:13 GMT+0800 (Malay Peninsula Standard Time),,s1w81,label,"V"
Fri Sep 04 2015 15:15:14 GMT+0800 (Malay Peninsula Standard Time),,s1w82,focus,
Fri Sep 04 2015 15:15:15 GMT+0800 (Malay Peninsula Standard Time),,s1w83,focus,
Fri Sep 04 2015 15:15:17 GMT+0800 (Malay Peninsula Standard Time),,s1w82,focus,
Fri Sep 04 2015 15:15:19 GMT+0800 (Malay Peninsula Standard Time),,s1w82,label,"G"
Fri Sep 04 2015 15:15:20 GMT+0800 (Malay Peninsula Standard Time),,s1w83,focus,
Fri Sep 04 2015 15:15:20 GMT+0800 (Malay Peninsula Standard Time),,s1w83,label,"G"
Fri Sep 04 2015 15:15:21 GMT+0800 (Malay Peninsula Standard Time),,s1w84,focus,
Fri Sep 04 2015 15:15:21 GMT+0800 (Malay Peninsula Standard Time),,s1w84,label,"G"
Fri Sep 04 2015 15:15:21 GMT+0800 (Malay Peninsula Standard Time),,s1w85,focus,
Fri Sep 04 2015 15:15:21 GMT+0800 (Malay Peninsula Standard Time),,s1w85,label,"G"
Fri Sep 04 2015 15:15:22 GMT+0800 (Malay Peninsula Standard Time),,s1w86,focus,
Fri Sep 04 2015 15:15:22 GMT+0800 (Malay Peninsula Standard Time),,s1w86,label,"G"
Fri Sep 04 2015 15:15:22 GMT+0800 (Malay Peninsula Standard Time),,s1w87,focus,
Fri Sep 04 2015 15:16:34 GMT+0800 (Malay Peninsula Standard Time),,s1w87,focus,
Fri Sep 04 2015 15:16:36 GMT+0800 (Malay Peninsula Standard Time),,s1w88,focus,
Fri Sep 04 2015 15:16:37 GMT+0800 (Malay Peninsula Standard Time),,s1w89,focus,
Fri Sep 04 2015 15:16:39 GMT+0800 (Malay Peninsula Standard Time),,s1w90,focus,
Fri Sep 04 2015 15:16:39 GMT+0800 (Malay Peninsula Standard Time),,s1w91,focus,
Fri Sep 04 2015 15:16:45 GMT+0800 (Malay Peninsula Standard Time),,s1w92,focus,
Fri Sep 04 2015 15:16:45 GMT+0800 (Malay Peninsula Standard Time),,s1w93,focus,
Fri Sep 04 2015 15:16:46 GMT+0800 (Malay Peninsula Standard Time),,s1w94,focus,
Fri Sep 04 2015 15:16:48 GMT+0800 (Malay Peninsula Standard Time),,s1w95,focus,
Fri Sep 04 2015 15:16:50 GMT+0800 (Malay Peninsula Standard Time),,s1w96,focus,
Fri Sep 04 2015 15:16:51 GMT+0800 (Malay Peninsula Standard Time),,s1w97,focus,
Fri Sep 04 2015 15:16:51 GMT+0800 (Malay Peninsula Standard Time),,s1w98,focus,
Fri Sep 04 2015 15:16:52 GMT+0800 (Malay Peninsula Standard Time),,s1w99,focus,
Fri Sep 04 2015 15:16:53 GMT+0800 (Malay Peninsula Standard Time),,s1w100,focus,
Fri Sep 04 2015 15:16:57 GMT+0800 (Malay Peninsula Standard Time),,s1w101,focus,
Fri Sep 04 2015 15:16:58 GMT+0800 (Malay Peninsula Standard Time),,s1w102,focus,
Fri Sep 04 2015 15:16:58 GMT+0800 (Malay Peninsula Standard Time),,s1w103,focus,
Fri Sep 04 2015 15:16:58 GMT+0800 (Malay Peninsula Standard Time),,s1w104,focus,
Fri Sep 04 2015 15:16:59 GMT+0800 (Malay Peninsula Standard Time),,s1w105,focus,
Fri Sep 04 2015 15:16:59 GMT+0800 (Malay Peninsula Standard Time),,s1w106,focus,
Fri Sep 04 2015 15:17:00 GMT+0800 (Malay Peninsula Standard Time),,s1w107,focus,
Fri Sep 04 2015 15:17:00 GMT+0800 (Malay Peninsula Standard Time),,s1w108,focus,
Fri Sep 04 2015 15:17:57 GMT+0800 (Malay Peninsula Standard Time),,s1w109,focus,
Fri Sep 04 2015 15:17:58 GMT+0800 (Malay Peninsula Standard Time),,s1w110,focus,
Fri Sep 04 2015 15:17:58 GMT+0800 (Malay Peninsula Standard Time),,s1w111,focus,
Fri Sep 04 2015 15:18:00 GMT+0800 (Malay Peninsula Standard Time),,s1w112,focus,
Fri Sep 04 2015 15:18:01 GMT+0800 (Malay Peninsula Standard Time),,s1w113,focus,
Fri Sep 04 2015 15:18:02 GMT+0800 (Malay Peninsula Standard Time),,s1w114,focus,
Fri Sep 04 2015 15:18:03 GMT+0800 (Malay Peninsula Standard Time),,s1w114,label,"^"
Fri Sep 04 2015 15:18:04 GMT+0800 (Malay Peninsula Standard Time),,s1w115,focus,
Fri Sep 04 2015 15:18:06 GMT+0800 (Malay Peninsula Standard Time),,s1w116,focus,
Fri Sep 04 2015 15:18:07 GMT+0800 (Malay Peninsula Standard Time),,s1w117,focus,
Fri Sep 04 2015 15:18:08 GMT+0800 (Malay Peninsula Standard Time),,s1w118,focus,
Fri Sep 04 2015 15:18:09 GMT+0800 (Malay Peninsula Standard Time),,s1w119,focus,
Fri Sep 04 2015 15:18:09 GMT+0800 (Malay Peninsula Standard Time),,s1w120,focus,
Fri Sep 04 2015 15:18:10 GMT+0800 (Malay Peninsula Standard Time),,s1w121,focus,
Fri Sep 04 2015 15:18:15 GMT+0800 (Malay Peninsula Standard Time),,s1w121,label,"G"
Fri Sep 04 2015 15:18:15 GMT+0800 (Malay Peninsula Standard Time),,s1w122,focus,
Fri Sep 04 2015 15:18:17 GMT+0800 (Malay Peninsula Standard Time),,s1w123,focus,
Fri Sep 04 2015 15:18:17 GMT+0800 (Malay Peninsula Standard Time),,s1w124,focus,
Fri Sep 04 2015 15:18:19 GMT+0800 (Malay Peninsula Standard Time),,s1w123,focus,
Fri Sep 04 2015 15:18:19 GMT+0800 (Malay Peninsula Standard Time),,s1w122,focus,
Fri Sep 04 2015 15:18:19 GMT+0800 (Malay Peninsula Standard Time),,s1w121,focus,
Fri Sep 04 2015 15:18:22 GMT+0800 (Malay Peninsula Standard Time),,s1w121,label,"$"
Fri Sep 04 2015 15:18:22 GMT+0800 (Malay Peninsula Standard Time),,s1w122,focus,
Fri Sep 04 2015 15:18:22 GMT+0800 (Malay Peninsula Standard Time),,s1w123,focus,
Fri Sep 04 2015 15:18:23 GMT+0800 (Malay Peninsula Standard Time),,s1w124,focus,
Fri Sep 04 2015 15:18:23 GMT+0800 (Malay Peninsula Standard Time),,s1w125,focus,
Fri Sep 04 2015 15:18:23 GMT+0800 (Malay Peninsula Standard Time),,s1w126,focus,
Fri Sep 04 2015 15:18:23 GMT+0800 (Malay Peninsula Standard Time),,s1w127,focus,
Fri Sep 04 2015 15:18:24 GMT+0800 (Malay Peninsula Standard Time),,s2w1,focus,
Fri Sep 04 2015 15:19:47 GMT+0800 (Malay Peninsula Standard Time),,s2w2,focus,
Fri Sep 04 2015 15:19:47 GMT+0800 (Malay Peninsula Standard Time),,s2w3,focus,
Fri Sep 04 2015 15:19:51 GMT+0800 (Malay Peninsula Standard Time),,s2w3,focus,
Fri Sep 04 2015 15:19:52 GMT+0800 (Malay Peninsula Standard Time),,s2w3,focus,
Fri Sep 04 2015 15:19:52 GMT+0800 (Malay Peninsula Standard Time),,s2w3,label,"^"
Fri Sep 04 2015 15:19:53 GMT+0800 (Malay Peninsula Standard Time),,s2w4,focus,
Fri Sep 04 2015 15:19:55 GMT+0800 (Malay Peninsula Standard Time),,s2w5,focus,
Fri Sep 04 2015 15:19:55 GMT+0800 (Malay Peninsula Standard Time),,s2w6,focus,
Fri Sep 04 2015 15:19:55 GMT+0800 (Malay Peninsula Standard Time),,s2w7,focus,
Fri Sep 04 2015 15:19:56 GMT+0800 (Malay Peninsula Standard Time),,s2w8,focus,
Fri Sep 04 2015 15:19:57 GMT+0800 (Malay Peninsula Standard Time),,s2w9,focus,
Fri Sep 04 2015 15:19:57 GMT+0800 (Malay Peninsula Standard Time),,s2w10,focus,
Fri Sep 04 2015 15:19:58 GMT+0800 (Malay Peninsula Standard Time),,s2w11,focus,
Fri Sep 04 2015 15:20:01 GMT+0800 (Malay Peninsula Standard Time),,s2w12,focus,
Fri Sep 04 2015 15:20:04 GMT+0800 (Malay Peninsula Standard Time),,s2w12,label,"G"
Fri Sep 04 2015 15:20:06 GMT+0800 (Malay Peninsula Standard Time),,s2w13,focus,
Fri Sep 04 2015 15:20:10 GMT+0800 (Malay Peninsula Standard Time),,s2w14,focus,
Fri Sep 04 2015 15:20:10 GMT+0800 (Malay Peninsula Standard Time),,s2w15,focus,
Fri Sep 04 2015 15:20:16 GMT+0800 (Malay Peninsula Standard Time),,s2w14,focus,
Fri Sep 04 2015 15:20:17 GMT+0800 (Malay Peninsula Standard Time),,s2w13,focus,
Fri Sep 04 2015 15:20:17 GMT+0800 (Malay Peninsula Standard Time),,s2w12,focus,
Fri Sep 04 2015 15:20:18 GMT+0800 (Malay Peninsula Standard Time),,s2w12,label,"^"
Fri Sep 04 2015 15:20:19 GMT+0800 (Malay Peninsula Standard Time),,s2w13,focus,
Fri Sep 04 2015 15:20:19 GMT+0800 (Malay Peninsula Standard Time),,s2w14,focus,
Fri Sep 04 2015 15:20:20 GMT+0800 (Malay Peninsula Standard Time),,s2w15,focus,
Fri Sep 04 2015 15:20:21 GMT+0800 (Malay Peninsula Standard Time),,s2w15,label,"^"
Fri Sep 04 2015 15:20:21 GMT+0800 (Malay Peninsula Standard Time),,s2w16,focus,
Fri Sep 04 2015 15:20:23 GMT+0800 (Malay Peninsula Standard Time),,s2w16,label,"^"
Fri Sep 04 2015 15:20:24 GMT+0800 (Malay Peninsula Standard Time),,s2w17,focus,
Fri Sep 04 2015 15:20:24 GMT+0800 (Malay Peninsula Standard Time),,s2w18,focus,
Fri Sep 04 2015 15:20:54 GMT+0800 (Malay Peninsula Standard Time),,s2w12,focus,
Fri Sep 04 2015 15:20:54 GMT+0800 (Malay Peninsula Standard Time),,s2w12,focus,
Fri Sep 04 2015 15:20:56 GMT+0800 (Malay Peninsula Standard Time),,s2w12,label,"G"
Fri Sep 04 2015 15:20:56 GMT+0800 (Malay Peninsula Standard Time),,s2w13,focus,
Fri Sep 04 2015 15:20:56 GMT+0800 (Malay Peninsula Standard Time),,s2w13,label,"G"
Fri Sep 04 2015 15:20:57 GMT+0800 (Malay Peninsula Standard Time),,s2w14,focus,
Fri Sep 04 2015 15:20:57 GMT+0800 (Malay Peninsula Standard Time),,s2w14,label,"G"
Fri Sep 04 2015 15:20:57 GMT+0800 (Malay Peninsula Standard Time),,s2w15,focus,
Fri Sep 04 2015 15:20:57 GMT+0800 (Malay Peninsula Standard Time),,s2w15,label,"G"
Fri Sep 04 2015 15:20:57 GMT+0800 (Malay Peninsula Standard Time),,s2w16,focus,
Fri Sep 04 2015 15:20:58 GMT+0800 (Malay Peninsula Standard Time),,s2w16,label,"G"
Fri Sep 04 2015 15:20:58 GMT+0800 (Malay Peninsula Standard Time),,s2w17,focus,
Fri Sep 04 2015 15:20:58 GMT+0800 (Malay Peninsula Standard Time),,s2w17,label,"G"
Fri Sep 04 2015 15:20:58 GMT+0800 (Malay Peninsula Standard Time),,s2w18,focus,
Fri Sep 04 2015 15:20:58 GMT+0800 (Malay Peninsula Standard Time),,s2w18,label,"G"
Fri Sep 04 2015 15:20:58 GMT+0800 (Malay Peninsula Standard Time),,s2w19,focus,
Fri Sep 04 2015 15:20:59 GMT+0800 (Malay Peninsula Standard Time),,s2w19,label,"G"
Fri Sep 04 2015 15:20:59 GMT+0800 (Malay Peninsula Standard Time),,s2w20,focus,
Fri Sep 04 2015 15:20:59 GMT+0800 (Malay Peninsula Standard Time),,s2w20,label,"G"
Fri Sep 04 2015 15:20:59 GMT+0800 (Malay Peninsula Standard Time),,s2w21,focus,
Fri Sep 04 2015 15:20:59 GMT+0800 (Malay Peninsula Standard Time),,s2w21,label,"G"
Fri Sep 04 2015 15:20:59 GMT+0800 (Malay Peninsula Standard Time),,s2w22,focus,
Fri Sep 04 2015 15:20:59 GMT+0800 (Malay Peninsula Standard Time),,s2w22,label,"G"
Fri Sep 04 2015 15:20:59 GMT+0800 (Malay Peninsula Standard Time),,s2w23,focus,
Fri Sep 04 2015 15:21:00 GMT+0800 (Malay Peninsula Standard Time),,s2w23,label,"G"
Fri Sep 04 2015 15:21:00 GMT+0800 (Malay Peninsula Standard Time),,s2w24,focus,
Fri Sep 04 2015 15:21:00 GMT+0800 (Malay Peninsula Standard Time),,s2w24,label,"G"
Fri Sep 04 2015 15:21:00 GMT+0800 (Malay Peninsula Standard Time),,s2w25,focus,
Fri Sep 04 2015 15:21:00 GMT+0800 (Malay Peninsula Standard Time),,s2w25,label,"G"
Fri Sep 04 2015 15:21:00 GMT+0800 (Malay Peninsula Standard Time),,s2w26,focus,
Fri Sep 04 2015 15:21:01 GMT+0800 (Malay Peninsula Standard Time),,s2w26,label,"G"
Fri Sep 04 2015 15:21:01 GMT+0800 (Malay Peninsula Standard Time),,s2w27,focus,
Fri Sep 04 2015 15:21:01 GMT+0800 (Malay Peninsula Standard Time),,s2w27,label,"G"
Fri Sep 04 2015 15:21:01 GMT+0800 (Malay Peninsula Standard Time),,s2w28,focus,
Fri Sep 04 2015 15:21:01 GMT+0800 (Malay Peninsula Standard Time),,s2w28,label,"G"
Fri Sep 04 2015 15:21:01 GMT+0800 (Malay Peninsula Standard Time),,s2w29,focus,
Fri Sep 04 2015 15:21:01 GMT+0800 (Malay Peninsula Standard Time),,s2w29,label,"G"
Fri Sep 04 2015 15:21:01 GMT+0800 (Malay Peninsula Standard Time),,s2w30,focus,
Fri Sep 04 2015 15:21:02 GMT+0800 (Malay Peninsula Standard Time),,s2w30,label,"G"
Fri Sep 04 2015 15:21:02 GMT+0800 (Malay Peninsula Standard Time),,s2w31,focus,
Fri Sep 04 2015 15:21:02 GMT+0800 (Malay Peninsula Standard Time),,s2w31,label,"G"
Fri Sep 04 2015 15:21:02 GMT+0800 (Malay Peninsula Standard Time),,s2w32,focus,
Fri Sep 04 2015 15:21:02 GMT+0800 (Malay Peninsula Standard Time),,s2w32,label,"G"
Fri Sep 04 2015 15:21:02 GMT+0800 (Malay Peninsula Standard Time),,s2w33,focus,
Fri Sep 04 2015 15:21:02 GMT+0800 (Malay Peninsula Standard Time),,s2w33,label,"G"
Fri Sep 04 2015 15:21:02 GMT+0800 (Malay Peninsula Standard Time),,s2w34,focus,
Fri Sep 04 2015 15:21:03 GMT+0800 (Malay Peninsula Standard Time),,s2w34,label,"G"
Fri Sep 04 2015 15:21:03 GMT+0800 (Malay Peninsula Standard Time),,s2w35,focus,
Fri Sep 04 2015 15:21:03 GMT+0800 (Malay Peninsula Standard Time),,s2w35,label,"G"
Fri Sep 04 2015 15:21:03 GMT+0800 (Malay Peninsula Standard Time),,s2w36,focus,
Fri Sep 04 2015 15:21:03 GMT+0800 (Malay Peninsula Standard Time),,s2w36,label,"G"
Fri Sep 04 2015 15:21:04 GMT+0800 (Malay Peninsula Standard Time),,s2w37,focus,
Fri Sep 04 2015 15:21:04 GMT+0800 (Malay Peninsula Standard Time),,s2w37,label,"G"
Fri Sep 04 2015 15:21:04 GMT+0800 (Malay Peninsula Standard Time),,s2w38,focus,
Fri Sep 04 2015 15:21:04 GMT+0800 (Malay Peninsula Standard Time),,s2w38,label,"G"
Fri Sep 04 2015 15:21:04 GMT+0800 (Malay Peninsula Standard Time),,s2w39,focus,
Fri Sep 04 2015 15:21:04 GMT+0800 (Malay Peninsula Standard Time),,s2w39,label,"G"
Fri Sep 04 2015 15:21:04 GMT+0800 (Malay Peninsula Standard Time),,s2w40,focus,
Fri Sep 04 2015 15:21:05 GMT+0800 (Malay Peninsula Standard Time),,s2w40,label,"G"
Fri Sep 04 2015 15:21:05 GMT+0800 (Malay Peninsula Standard Time),,s2w41,focus,
Fri Sep 04 2015 15:21:05 GMT+0800 (Malay Peninsula Standard Time),,s2w41,label,"G"
Fri Sep 04 2015 15:21:05 GMT+0800 (Malay Peninsula Standard Time),,s2w42,focus,
Fri Sep 04 2015 15:21:05 GMT+0800 (Malay Peninsula Standard Time),,s2w42,label,"G"
Fri Sep 04 2015 15:21:05 GMT+0800 (Malay Peninsula Standard Time),,s2w43,focus,
Fri Sep 04 2015 15:21:05 GMT+0800 (Malay Peninsula Standard Time),,s2w43,label,"G"
Fri Sep 04 2015 15:21:05 GMT+0800 (Malay Peninsula Standard Time),,s2w44,focus,
Fri Sep 04 2015 15:21:06 GMT+0800 (Malay Peninsula Standard Time),,s2w44,label,"G"
Fri Sep 04 2015 15:21:06 GMT+0800 (Malay Peninsula Standard Time),,s2w45,focus,
Fri Sep 04 2015 15:21:06 GMT+0800 (Malay Peninsula Standard Time),,s2w45,label,"G"
Fri Sep 04 2015 15:21:06 GMT+0800 (Malay Peninsula Standard Time),,s2w46,focus,
Fri Sep 04 2015 15:21:06 GMT+0800 (Malay Peninsula Standard Time),,s2w46,label,"G"
Fri Sep 04 2015 15:21:06 GMT+0800 (Malay Peninsula Standard Time),,s2w47,focus,
Fri Sep 04 2015 15:21:06 GMT+0800 (Malay Peninsula Standard Time),,s2w47,label,"G"
Fri Sep 04 2015 15:21:06 GMT+0800 (Malay Peninsula Standard Time),,s2w48,focus,
Fri Sep 04 2015 15:21:07 GMT+0800 (Malay Peninsula Standard Time),,s2w48,label,"G"
Fri Sep 04 2015 15:21:07 GMT+0800 (Malay Peninsula Standard Time),,s2w49,focus,
Fri Sep 04 2015 15:21:07 GMT+0800 (Malay Peninsula Standard Time),,s2w49,label,"G"
Fri Sep 04 2015 15:21:07 GMT+0800 (Malay Peninsula Standard Time),,s2w50,focus,
Fri Sep 04 2015 15:21:07 GMT+0800 (Malay Peninsula Standard Time),,s2w51,focus,
Fri Sep 04 2015 15:21:07 GMT+0800 (Malay Peninsula Standard Time),,s2w51,label,"G"
Fri Sep 04 2015 15:21:08 GMT+0800 (Malay Peninsula Standard Time),,s2w52,focus,
Fri Sep 04 2015 15:21:08 GMT+0800 (Malay Peninsula Standard Time),,s2w52,label,"G"
Fri Sep 04 2015 15:21:08 GMT+0800 (Malay Peninsula Standard Time),,s2w53,focus,
Fri Sep 04 2015 15:21:09 GMT+0800 (Malay Peninsula Standard Time),,s2w52,focus,
Fri Sep 04 2015 15:21:09 GMT+0800 (Malay Peninsula Standard Time),,s2w51,focus,
Fri Sep 04 2015 15:21:09 GMT+0800 (Malay Peninsula Standard Time),,s2w50,focus,
Fri Sep 04 2015 15:21:10 GMT+0800 (Malay Peninsula Standard Time),,s2w50,label,"G"
Fri Sep 04 2015 15:21:10 GMT+0800 (Malay Peninsula Standard Time),,s2w51,focus,
Fri Sep 04 2015 15:21:11 GMT+0800 (Malay Peninsula Standard Time),,s2w52,focus,
Fri Sep 04 2015 15:21:12 GMT+0800 (Malay Peninsula Standard Time),,s2w53,focus,
Fri Sep 04 2015 15:21:12 GMT+0800 (Malay Peninsula Standard Time),,s2w53,label,"G"
Fri Sep 04 2015 15:21:12 GMT+0800 (Malay Peninsula Standard Time),,s2w54,focus,
Fri Sep 04 2015 15:21:12 GMT+0800 (Malay Peninsula Standard Time),,s2w54,label,"G"
Fri Sep 04 2015 15:21:12 GMT+0800 (Malay Peninsula Standard Time),,s2w55,focus,
Fri Sep 04 2015 15:21:13 GMT+0800 (Malay Peninsula Standard Time),,s2w55,label,"G"
Fri Sep 04 2015 15:21:13 GMT+0800 (Malay Peninsula Standard Time),,s2w56,focus,
Fri Sep 04 2015 15:21:13 GMT+0800 (Malay Peninsula Standard Time),,s2w56,label,"G"
Fri Sep 04 2015 15:21:13 GMT+0800 (Malay Peninsula Standard Time),,s2w57,focus,
Fri Sep 04 2015 15:21:13 GMT+0800 (Malay Peninsula Standard Time),,s2w57,label,"G"
Fri Sep 04 2015 15:21:13 GMT+0800 (Malay Peninsula Standard Time),,s2w58,focus,
Fri Sep 04 2015 15:21:14 GMT+0800 (Malay Peninsula Standard Time),,s2w58,label,"G"
Fri Sep 04 2015 15:21:14 GMT+0800 (Malay Peninsula Standard Time),,s2w59,focus,
Fri Sep 04 2015 15:21:14 GMT+0800 (Malay Peninsula Standard Time),,s2w59,label,"G"
Fri Sep 04 2015 15:21:14 GMT+0800 (Malay Peninsula Standard Time),,s2w60,focus,
Fri Sep 04 2015 15:21:14 GMT+0800 (Malay Peninsula Standard Time),,s2w60,label,"G"
Fri Sep 04 2015 15:21:14 GMT+0800 (Malay Peninsula Standard Time),,s2w61,focus,
Fri Sep 04 2015 15:21:14 GMT+0800 (Malay Peninsula Standard Time),,s2w61,label,"G"
Fri Sep 04 2015 15:21:14 GMT+0800 (Malay Peninsula Standard Time),,s2w62,focus,
Fri Sep 04 2015 15:21:15 GMT+0800 (Malay Peninsula Standard Time),,s2w62,label,"G"
Fri Sep 04 2015 15:21:15 GMT+0800 (Malay Peninsula Standard Time),,s2w63,focus,
Fri Sep 04 2015 15:21:15 GMT+0800 (Malay Peninsula Standard Time),,s2w63,label,"G"
Fri Sep 04 2015 15:21:15 GMT+0800 (Malay Peninsula Standard Time),,s2w64,focus,
Fri Sep 04 2015 15:21:15 GMT+0800 (Malay Peninsula Standard Time),,s2w65,focus,
Fri Sep 04 2015 15:21:15 GMT+0800 (Malay Peninsula Standard Time),,s2w65,label,"G"
Fri Sep 04 2015 15:21:16 GMT+0800 (Malay Peninsula Standard Time),,s2w64,focus,
Fri Sep 04 2015 15:21:17 GMT+0800 (Malay Peninsula Standard Time),,s2w64,label,"G"
Fri Sep 04 2015 15:21:17 GMT+0800 (Malay Peninsula Standard Time),,s2w65,focus,
Fri Sep 04 2015 15:21:17 GMT+0800 (Malay Peninsula Standard Time),,s2w66,focus,
Fri Sep 04 2015 15:21:17 GMT+0800 (Malay Peninsula Standard Time),,s2w66,label,"G"
Fri Sep 04 2015 15:21:18 GMT+0800 (Malay Peninsula Standard Time),,s2w67,focus,
Fri Sep 04 2015 15:21:18 GMT+0800 (Malay Peninsula Standard Time),,s2w67,label,"G"
Fri Sep 04 2015 15:21:18 GMT+0800 (Malay Peninsula Standard Time),,s2w68,focus,
Fri Sep 04 2015 15:21:24 GMT+0800 (Malay Peninsula Standard Time),,s2w67,focus,
Fri Sep 04 2015 15:21:26 GMT+0800 (Malay Peninsula Standard Time),,s2w67,label,"N"
Fri Sep 04 2015 15:21:26 GMT+0800 (Malay Peninsula Standard Time),,s2w68,focus,
Fri Sep 04 2015 15:21:27 GMT+0800 (Malay Peninsula Standard Time),,s2w69,focus,
Fri Sep 04 2015 15:21:29 GMT+0800 (Malay Peninsula Standard Time),,s2w69,label,"G"
Fri Sep 04 2015 15:21:29 GMT+0800 (Malay Peninsula Standard Time),,s2w70,focus,
Fri Sep 04 2015 15:21:30 GMT+0800 (Malay Peninsula Standard Time),,s2w71,focus,
Fri Sep 04 2015 15:21:31 GMT+0800 (Malay Peninsula Standard Time),,s2w72,focus,
Fri Sep 04 2015 15:21:31 GMT+0800 (Malay Peninsula Standard Time),,s2w73,focus,
Fri Sep 04 2015 15:21:33 GMT+0800 (Malay Peninsula Standard Time),,s2w74,focus,
Fri Sep 04 2015 15:21:34 GMT+0800 (Malay Peninsula Standard Time),,s2w75,focus,
Fri Sep 04 2015 15:21:34 GMT+0800 (Malay Peninsula Standard Time),,s2w76,focus,
Fri Sep 04 2015 15:21:35 GMT+0800 (Malay Peninsula Standard Time),,s2w77,focus,
Fri Sep 04 2015 15:21:35 GMT+0800 (Malay Peninsula Standard Time),,s2w78,focus,
Fri Sep 04 2015 15:21:35 GMT+0800 (Malay Peninsula Standard Time),,s2w79,focus,
Fri Sep 04 2015 15:21:36 GMT+0800 (Malay Peninsula Standard Time),,s2w80,focus,
Fri Sep 04 2015 15:21:36 GMT+0800 (Malay Peninsula Standard Time),,s2w81,focus,
Fri Sep 04 2015 15:21:37 GMT+0800 (Malay Peninsula Standard Time),,s3w1,focus,
Fri Sep 04 2015 15:21:47 GMT+0800 (Malay Peninsula Standard Time),,s3w2,focus,
Fri Sep 04 2015 15:21:50 GMT+0800 (Malay Peninsula Standard Time),,s3w3,focus,
Fri Sep 04 2015 15:22:54 GMT+0800 (Malay Peninsula Standard Time),,s3w3,focus,
Fri Sep 04 2015 15:23:09 GMT+0800 (Malay Peninsula Standard Time),,s3w4,focus,
Fri Sep 04 2015 15:23:10 GMT+0800 (Malay Peninsula Standard Time),,s3w3,focus,
Fri Sep 04 2015 15:23:50 GMT+0800 (Malay Peninsula Standard Time),,s3w3,focus,
Fri Sep 04 2015 16:25:15 GMT+0800 (Malay Peninsula Standard Time),,s2w69,focus,
Fri Sep 04 2015 16:25:15 GMT+0800 (Malay Peninsula Standard Time),,s2w69,focus,
Fri Sep 04 2015 16:25:16 GMT+0800 (Malay Peninsula Standard Time),,s2w70,focus,
Fri Sep 04 2015 16:25:17 GMT+0800 (Malay Peninsula Standard Time),,s2w71,focus,
Fri Sep 04 2015 16:25:17 GMT+0800 (Malay Peninsula Standard Time),,s2w72,focus,
Fri Sep 04 2015 16:25:18 GMT+0800 (Malay Peninsula Standard Time),,s2w73,focus,
Fri Sep 04 2015 16:25:18 GMT+0800 (Malay Peninsula Standard Time),,s2w74,focus,
Fri Sep 04 2015 16:25:19 GMT+0800 (Malay Peninsula Standard Time),,s2w75,focus,
Fri Sep 04 2015 16:25:19 GMT+0800 (Malay Peninsula Standard Time),,s2w76,focus,
Fri Sep 04 2015 16:25:20 GMT+0800 (Malay Peninsula Standard Time),,s2w77,focus,
Fri Sep 04 2015 16:25:20 GMT+0800 (Malay Peninsula Standard Time),,s2w78,focus,
Fri Sep 04 2015 16:25:20 GMT+0800 (Malay Peninsula Standard Time),,s2w79,focus,
Fri Sep 04 2015 16:25:20 GMT+0800 (Malay Peninsula Standard Time),,s2w80,focus,
Fri Sep 04 2015 16:25:21 GMT+0800 (Malay Peninsula Standard Time),,s2w81,focus,
Fri Sep 04 2015 16:25:21 GMT+0800 (Malay Peninsula Standard Time),,s3w1,focus,
Fri Sep 04 2015 16:25:24 GMT+0800 (Malay Peninsula Standard Time),,s3w6,focus,
Fri Sep 04 2015 16:25:24 GMT+0800 (Malay Peninsula Standard Time),,s3w6,focus,
Fri Sep 04 2015 16:25:24 GMT+0800 (Malay Peninsula Standard Time),,s3w7,focus,
Fri Sep 04 2015 16:25:24 GMT+0800 (Malay Peninsula Standard Time),,s3w8,focus,
Fri Sep 04 2015 16:25:24 GMT+0800 (Malay Peninsula Standard Time),,s3w9,focus,
Fri Sep 04 2015 16:25:25 GMT+0800 (Malay Peninsula Standard Time),,s3w10,focus,
Fri Sep 04 2015 16:25:26 GMT+0800 (Malay Peninsula Standard Time),,s3w11,focus,
Fri Sep 04 2015 16:25:26 GMT+0800 (Malay Peninsula Standard Time),,s3w12,focus,
Fri Sep 04 2015 16:25:27 GMT+0800 (Malay Peninsula Standard Time),,s3w13,focus,
Fri Sep 04 2015 16:25:27 GMT+0800 (Malay Peninsula Standard Time),,s3w14,focus,
Fri Sep 04 2015 16:25:28 GMT+0800 (Malay Peninsula Standard Time),,s3w15,focus,
Fri Sep 04 2015 16:25:29 GMT+0800 (Malay Peninsula Standard Time),,s3w16,focus,
Fri Sep 04 2015 16:25:31 GMT+0800 (Malay Peninsula Standard Time),,s3w16,label,"$"
Fri Sep 04 2015 16:25:31 GMT+0800 (Malay Peninsula Standard Time),,s3w17,focus,
Fri Sep 04 2015 16:25:34 GMT+0800 (Malay Peninsula Standard Time),,s3w18,focus,
Fri Sep 04 2015 16:25:34 GMT+0800 (Malay Peninsula Standard Time),,s3w19,focus,
Fri Sep 04 2015 16:25:35 GMT+0800 (Malay Peninsula Standard Time),,s3w20,focus,
Fri Sep 04 2015 16:25:35 GMT+0800 (Malay Peninsula Standard Time),,s3w21,focus,
Fri Sep 04 2015 16:25:37 GMT+0800 (Malay Peninsula Standard Time),,s3w22,focus,
Fri Sep 04 2015 16:25:38 GMT+0800 (Malay Peninsula Standard Time),,s4w1,focus,
Fri Sep 04 2015 16:25:44 GMT+0800 (Malay Peninsula Standard Time),,s4w1,label,"!"
Fri Sep 04 2015 16:25:45 GMT+0800 (Malay Peninsula Standard Time),,s4w2,focus,
Fri Sep 04 2015 16:25:46 GMT+0800 (Malay Peninsula Standard Time),,s4w3,focus,
Fri Sep 04 2015 16:25:48 GMT+0800 (Malay Peninsula Standard Time),,s4w4,focus,
Fri Sep 04 2015 16:25:48 GMT+0800 (Malay Peninsula Standard Time),,s4w5,focus,
Fri Sep 04 2015 16:25:49 GMT+0800 (Malay Peninsula Standard Time),,s4w6,focus,
Fri Sep 04 2015 16:25:50 GMT+0800 (Malay Peninsula Standard Time),,s4w7,focus,
Fri Sep 04 2015 16:25:50 GMT+0800 (Malay Peninsula Standard Time),,s4w8,focus,
Fri Sep 04 2015 16:25:50 GMT+0800 (Malay Peninsula Standard Time),,s4w9,focus,
Fri Sep 04 2015 16:25:51 GMT+0800 (Malay Peninsula Standard Time),,s4w10,focus,
Fri Sep 04 2015 16:25:51 GMT+0800 (Malay Peninsula Standard Time),,s4w11,focus,
Fri Sep 04 2015 16:25:54 GMT+0800 (Malay Peninsula Standard Time),,s5w2,focus,
Fri Sep 04 2015 16:25:54 GMT+0800 (Malay Peninsula Standard Time),,s5w2,focus,
Fri Sep 04 2015 16:25:56 GMT+0800 (Malay Peninsula Standard Time),,s5w2,label,"^"
Fri Sep 04 2015 16:25:57 GMT+0800 (Malay Peninsula Standard Time),,s5w3,focus,
Fri Sep 04 2015 16:25:59 GMT+0800 (Malay Peninsula Standard Time),,s5w4,focus,
Fri Sep 04 2015 16:25:59 GMT+0800 (Malay Peninsula Standard Time),,s5w5,focus,
Fri Sep 04 2015 16:25:59 GMT+0800 (Malay Peninsula Standard Time),,s5w6,focus,
Fri Sep 04 2015 16:26:00 GMT+0800 (Malay Peninsula Standard Time),,s5w7,focus,
Fri Sep 04 2015 16:26:00 GMT+0800 (Malay Peninsula Standard Time),,s5w8,focus,
Fri Sep 04 2015 16:26:00 GMT+0800 (Malay Peninsula Standard Time),,s5w9,focus,
Fri Sep 04 2015 16:26:03 GMT+0800 (Malay Peninsula Standard Time),,s5w10,focus,
Fri Sep 04 2015 16:26:04 GMT+0800 (Malay Peninsula Standard Time),,s5w11,focus,
Fri Sep 04 2015 16:26:05 GMT+0800 (Malay Peninsula Standard Time),,s5w12,focus,
Fri Sep 04 2015 16:26:05 GMT+0800 (Malay Peninsula Standard Time),,s5w13,focus,
Fri Sep 04 2015 16:26:06 GMT+0800 (Malay Peninsula Standard Time),,s5w14,focus,
Fri Sep 04 2015 16:26:08 GMT+0800 (Malay Peninsula Standard Time),,s5w15,focus,
Fri Sep 04 2015 16:26:08 GMT+0800 (Malay Peninsula Standard Time),,s5w16,focus,
Fri Sep 04 2015 16:26:09 GMT+0800 (Malay Peninsula Standard Time),,s5w17,focus,
Fri Sep 04 2015 16:26:09 GMT+0800 (Malay Peninsula Standard Time),,s5w18,focus,
Fri Sep 04 2015 16:26:09 GMT+0800 (Malay Peninsula Standard Time),,s5w19,focus,
Fri Sep 04 2015 16:26:10 GMT+0800 (Malay Peninsula Standard Time),,s5w20,focus,
Fri Sep 04 2015 16:26:11 GMT+0800 (Malay Peninsula Standard Time),,s5w21,focus,
Fri Sep 04 2015 16:26:11 GMT+0800 (Malay Peninsula Standard Time),,s6w1,focus,
Fri Sep 04 2015 16:26:14 GMT+0800 (Malay Peninsula Standard Time),,s6w2,focus,
Fri Sep 04 2015 16:26:28 GMT+0800 (Malay Peninsula Standard Time),,s6w3,focus,
Fri Sep 04 2015 16:26:28 GMT+0800 (Malay Peninsula Standard Time),,s6w4,focus,
Fri Sep 04 2015 16:26:28 GMT+0800 (Malay Peninsula Standard Time),,s6w5,focus,
Fri Sep 04 2015 16:26:29 GMT+0800 (Malay Peninsula Standard Time),,s6w6,focus,
Fri Sep 04 2015 16:26:29 GMT+0800 (Malay Peninsula Standard Time),,s6w7,focus,
Fri Sep 04 2015 16:26:29 GMT+0800 (Malay Peninsula Standard Time),,s6w8,focus,
Fri Sep 04 2015 16:26:30 GMT+0800 (Malay Peninsula Standard Time),,s6w9,focus,
Fri Sep 04 2015 16:26:30 GMT+0800 (Malay Peninsula Standard Time),,s6w10,focus,
Fri Sep 04 2015 16:26:32 GMT+0800 (Malay Peninsula Standard Time),,s6w11,focus,
Fri Sep 04 2015 16:26:33 GMT+0800 (Malay Peninsula Standard Time),,s6w12,focus,
Fri Sep 04 2015 16:26:33 GMT+0800 (Malay Peninsula Standard Time),,s6w13,focus,
Fri Sep 04 2015 16:26:34 GMT+0800 (Malay Peninsula Standard Time),,s6w14,focus,
Fri Sep 04 2015 16:26:36 GMT+0800 (Malay Peninsula Standard Time),,s6w15,focus,
Fri Sep 04 2015 16:26:37 GMT+0800 (Malay Peninsula Standard Time),,s6w16,focus,
Fri Sep 04 2015 16:26:37 GMT+0800 (Malay Peninsula Standard Time),,s6w17,focus,
Fri Sep 04 2015 16:26:38 GMT+0800 (Malay Peninsula Standard Time),,s6w18,focus,
Fri Sep 04 2015 16:26:39 GMT+0800 (Malay Peninsula Standard Time),,s6w19,focus,
Fri Sep 04 2015 16:26:39 GMT+0800 (Malay Peninsula Standard Time),,s6w20,focus,
Fri Sep 04 2015 16:26:39 GMT+0800 (Malay Peninsula Standard Time),,s6w21,focus,
Fri Sep 04 2015 16:26:40 GMT+0800 (Malay Peninsula Standard Time),,s6w22,focus,
Fri Sep 04 2015 16:26:40 GMT+0800 (Malay Peninsula Standard Time),,s6w23,focus,
Fri Sep 04 2015 16:26:41 GMT+0800 (Malay Peninsula Standard Time),,s6w24,focus,
Fri Sep 04 2015 16:26:43 GMT+0800 (Malay Peninsula Standard Time),,s6w25,focus,
Fri Sep 04 2015 16:26:43 GMT+0800 (Malay Peninsula Standard Time),,s6w26,focus,
Fri Sep 04 2015 16:26:43 GMT+0800 (Malay Peninsula Standard Time),,s6w27,focus,
Fri Sep 04 2015 16:26:44 GMT+0800 (Malay Peninsula Standard Time),,s6w28,focus,
Fri Sep 04 2015 16:26:44 GMT+0800 (Malay Peninsula Standard Time),,s6w29,focus,
Fri Sep 04 2015 16:26:45 GMT+0800 (Malay Peninsula Standard Time),,s6w30,focus,
Fri Sep 04 2015 16:26:45 GMT+0800 (Malay Peninsula Standard Time),,s6w31,focus,
Fri Sep 04 2015 16:26:46 GMT+0800 (Malay Peninsula Standard Time),,s6w31,label,"^"
Fri Sep 04 2015 16:26:47 GMT+0800 (Malay Peninsula Standard Time),,s6w32,focus,
Fri Sep 04 2015 16:26:48 GMT+0800 (Malay Peninsula Standard Time),,s6w33,focus,
Fri Sep 04 2015 16:26:48 GMT+0800 (Malay Peninsula Standard Time),,s6w34,focus,
Fri Sep 04 2015 16:26:48 GMT+0800 (Malay Peninsula Standard Time),,s6w35,focus,
Fri Sep 04 2015 16:26:49 GMT+0800 (Malay Peninsula Standard Time),,s6w36,focus,
Fri Sep 04 2015 16:26:51 GMT+0800 (Malay Peninsula Standard Time),,s6w37,focus,
Fri Sep 04 2015 16:26:51 GMT+0800 (Malay Peninsula Standard Time),,s6w38,focus,
Fri Sep 04 2015 16:26:52 GMT+0800 (Malay Peninsula Standard Time),,s6w39,focus,
Fri Sep 04 2015 16:26:52 GMT+0800 (Malay Peninsula Standard Time),,s6w40,focus,
Fri Sep 04 2015 16:26:53 GMT+0800 (Malay Peninsula Standard Time),,s7w1,focus,
Fri Sep 04 2015 16:27:00 GMT+0800 (Malay Peninsula Standard Time),,s7w2,focus,
Fri Sep 04 2015 16:27:02 GMT+0800 (Malay Peninsula Standard Time),,s7w3,focus,
Fri Sep 04 2015 16:27:02 GMT+0800 (Malay Peninsula Standard Time),,s7w4,focus,
Fri Sep 04 2015 16:27:03 GMT+0800 (Malay Peninsula Standard Time),,s7w5,focus,
Fri Sep 04 2015 16:27:04 GMT+0800 (Malay Peninsula Standard Time),,s7w6,focus,
Fri Sep 04 2015 16:27:04 GMT+0800 (Malay Peninsula Standard Time),,s7w7,focus,
Fri Sep 04 2015 16:27:05 GMT+0800 (Malay Peninsula Standard Time),,s7w8,focus,
Fri Sep 04 2015 16:27:05 GMT+0800 (Malay Peninsula Standard Time),,s7w9,focus,
Fri Sep 04 2015 16:27:06 GMT+0800 (Malay Peninsula Standard Time),,s7w10,focus,
Fri Sep 04 2015 16:27:07 GMT+0800 (Malay Peninsula Standard Time),,s7w11,focus,
Fri Sep 04 2015 16:27:07 GMT+0800 (Malay Peninsula Standard Time),,s7w12,focus,
Fri Sep 04 2015 16:27:08 GMT+0800 (Malay Peninsula Standard Time),,s7w13,focus,
Fri Sep 04 2015 16:27:08 GMT+0800 (Malay Peninsula Standard Time),,s7w14,focus,
Fri Sep 04 2015 16:27:14 GMT+0800 (Malay Peninsula Standard Time),,s7w14,label,"N"
Fri Sep 04 2015 16:27:15 GMT+0800 (Malay Peninsula Standard Time),,s7w15,focus,
Fri Sep 04 2015 16:27:16 GMT+0800 (Malay Peninsula Standard Time),,s7w16,focus,
Fri Sep 04 2015 16:27:17 GMT+0800 (Malay Peninsula Standard Time),,s7w17,focus,
Fri Sep 04 2015 16:27:17 GMT+0800 (Malay Peninsula Standard Time),,s7w18,focus,
Fri Sep 04 2015 16:27:18 GMT+0800 (Malay Peninsula Standard Time),,s7w19,focus,
Fri Sep 04 2015 16:27:19 GMT+0800 (Malay Peninsula Standard Time),,s7w20,focus,
Fri Sep 04 2015 16:27:20 GMT+0800 (Malay Peninsula Standard Time),,s7w21,focus,
Fri Sep 04 2015 16:27:21 GMT+0800 (Malay Peninsula Standard Time),,s7w22,focus,
Fri Sep 04 2015 16:27:22 GMT+0800 (Malay Peninsula Standard Time),,s7w23,focus,
Fri Sep 04 2015 16:27:22 GMT+0800 (Malay Peninsula Standard Time),,s7w24,focus,
Fri Sep 04 2015 16:27:22 GMT+0800 (Malay Peninsula Standard Time),,s7w25,focus,
Fri Sep 04 2015 16:27:23 GMT+0800 (Malay Peninsula Standard Time),,s7w26,focus,
Fri Sep 04 2015 16:27:23 GMT+0800 (Malay Peninsula Standard Time),,s7w27,focus,
Fri Sep 04 2015 16:27:24 GMT+0800 (Malay Peninsula Standard Time),,s7w28,focus,
Fri Sep 04 2015 16:27:24 GMT+0800 (Malay Peninsula Standard Time),,s7w29,focus,
Fri Sep 04 2015 16:27:25 GMT+0800 (Malay Peninsula Standard Time),,s7w30,focus,
Fri Sep 04 2015 16:27:25 GMT+0800 (Malay Peninsula Standard Time),,s7w31,focus,
Fri Sep 04 2015 16:27:26 GMT+0800 (Malay Peninsula Standard Time),,s7w32,focus,
Fri Sep 04 2015 16:27:26 GMT+0800 (Malay Peninsula Standard Time),,s7w33,focus,
Fri Sep 04 2015 16:27:26 GMT+0800 (Malay Peninsula Standard Time),,s7w34,focus,
Fri Sep 04 2015 16:27:28 GMT+0800 (Malay Peninsula Standard Time),,s7w35,focus,
Fri Sep 04 2015 16:27:29 GMT+0800 (Malay Peninsula Standard Time),,s7w36,focus,
Fri Sep 04 2015 16:27:31 GMT+0800 (Malay Peninsula Standard Time),,s7w37,focus,
Fri Sep 04 2015 16:27:41 GMT+0800 (Malay Peninsula Standard Time),,s7w37,label,"G"
Fri Sep 04 2015 16:27:41 GMT+0800 (Malay Peninsula Standard Time),,s7w38,focus,
Fri Sep 04 2015 16:27:41 GMT+0800 (Malay Peninsula Standard Time),,s7w38,label,"G"
Fri Sep 04 2015 16:27:41 GMT+0800 (Malay Peninsula Standard Time),,s7w39,focus,
Fri Sep 04 2015 16:27:42 GMT+0800 (Malay Peninsula Standard Time),,s7w39,label,"G"
Fri Sep 04 2015 16:27:42 GMT+0800 (Malay Peninsula Standard Time),,s7w40,focus,
Fri Sep 04 2015 16:27:42 GMT+0800 (Malay Peninsula Standard Time),,s7w41,focus,
Fri Sep 04 2015 16:27:43 GMT+0800 (Malay Peninsula Standard Time),,s7w42,focus,
Fri Sep 04 2015 16:27:44 GMT+0800 (Malay Peninsula Standard Time),,s7w43,focus,
Fri Sep 04 2015 16:27:44 GMT+0800 (Malay Peninsula Standard Time),,s7w44,focus,
Fri Sep 04 2015 16:27:44 GMT+0800 (Malay Peninsula Standard Time),,s7w45,focus,
Fri Sep 04 2015 16:27:45 GMT+0800 (Malay Peninsula Standard Time),,s7w46,focus,
Fri Sep 04 2015 16:27:46 GMT+0800 (Malay Peninsula Standard Time),,s7w47,focus,
Fri Sep 04 2015 16:27:47 GMT+0800 (Malay Peninsula Standard Time),,s8w1,focus,
Fri Sep 04 2015 16:27:49 GMT+0800 (Malay Peninsula Standard Time),,s8w2,focus,
Fri Sep 04 2015 16:27:50 GMT+0800 (Malay Peninsula Standard Time),,s8w3,focus,
Fri Sep 04 2015 16:27:54 GMT+0800 (Malay Peninsula Standard Time),,s8w2,focus,
Fri Sep 04 2015 16:27:57 GMT+0800 (Malay Peninsula Standard Time),,s8w2,label,"G"
Fri Sep 04 2015 16:27:57 GMT+0800 (Malay Peninsula Standard Time),,s8w3,focus,
Fri Sep 04 2015 16:27:58 GMT+0800 (Malay Peninsula Standard Time),,s8w4,focus,
Fri Sep 04 2015 16:27:58 GMT+0800 (Malay Peninsula Standard Time),,s8w5,focus,
Fri Sep 04 2015 16:27:58 GMT+0800 (Malay Peninsula Standard Time),,s9w1,focus,
Fri Sep 04 2015 16:28:01 GMT+0800 (Malay Peninsula Standard Time),,s9w2,focus,
Fri Sep 04 2015 16:28:02 GMT+0800 (Malay Peninsula Standard Time),,s9w3,focus,
Fri Sep 04 2015 16:28:02 GMT+0800 (Malay Peninsula Standard Time),,s9w4,focus,
Fri Sep 04 2015 16:28:03 GMT+0800 (Malay Peninsula Standard Time),,s9w5,focus,
Fri Sep 04 2015 16:28:03 GMT+0800 (Malay Peninsula Standard Time),,s9w6,focus,
Fri Sep 04 2015 16:28:03 GMT+0800 (Malay Peninsula Standard Time),,s9w7,focus,
Fri Sep 04 2015 16:28:04 GMT+0800 (Malay Peninsula Standard Time),,s9w8,focus,
Fri Sep 04 2015 16:28:04 GMT+0800 (Malay Peninsula Standard Time),,s9w9,focus,
Fri Sep 04 2015 16:28:05 GMT+0800 (Malay Peninsula Standard Time),,s9w10,focus,
Fri Sep 04 2015 16:28:05 GMT+0800 (Malay Peninsula Standard Time),,s9w11,focus,
Fri Sep 04 2015 16:28:06 GMT+0800 (Malay Peninsula Standard Time),,s9w12,focus,
Fri Sep 04 2015 16:28:07 GMT+0800 (Malay Peninsula Standard Time),,s9w13,focus,
Fri Sep 04 2015 16:28:07 GMT+0800 (Malay Peninsula Standard Time),,s9w14,focus,
Fri Sep 04 2015 16:28:07 GMT+0800 (Malay Peninsula Standard Time),,s9w15,focus,
Fri Sep 04 2015 16:28:08 GMT+0800 (Malay Peninsula Standard Time),,s9w16,focus,
Fri Sep 04 2015 16:28:08 GMT+0800 (Malay Peninsula Standard Time),,s9w17,focus,
Fri Sep 04 2015 16:28:09 GMT+0800 (Malay Peninsula Standard Time),,s10w1,focus,
Fri Sep 04 2015 16:28:10 GMT+0800 (Malay Peninsula Standard Time),,s10w2,focus,
Fri Sep 04 2015 16:28:11 GMT+0800 (Malay Peninsula Standard Time),,s10w3,focus,
Fri Sep 04 2015 16:28:11 GMT+0800 (Malay Peninsula Standard Time),,s10w4,focus,
Fri Sep 04 2015 16:28:11 GMT+0800 (Malay Peninsula Standard Time),,s10w5,focus,
Fri Sep 04 2015 16:28:12 GMT+0800 (Malay Peninsula Standard Time),,s10w6,focus,
Fri Sep 04 2015 16:28:13 GMT+0800 (Malay Peninsula Standard Time),,s10w7,focus,
Fri Sep 04 2015 16:28:13 GMT+0800 (Malay Peninsula Standard Time),,s10w8,focus,
Fri Sep 04 2015 16:28:14 GMT+0800 (Malay Peninsula Standard Time),,s10w9,focus,
Fri Sep 04 2015 16:28:15 GMT+0800 (Malay Peninsula Standard Time),,s10w10,focus,
Fri Sep 04 2015 16:28:16 GMT+0800 (Malay Peninsula Standard Time),,s10w11,focus,
Fri Sep 04 2015 16:28:16 GMT+0800 (Malay Peninsula Standard Time),,s10w12,focus,
Fri Sep 04 2015 16:28:17 GMT+0800 (Malay Peninsula Standard Time),,s10w13,focus,
Fri Sep 04 2015 16:28:18 GMT+0800 (Malay Peninsula Standard Time),,s10w14,focus,
Fri Sep 04 2015 16:28:19 GMT+0800 (Malay Peninsula Standard Time),,s10w15,focus,
Fri Sep 04 2015 16:28:20 GMT+0800 (Malay Peninsula Standard Time),,s10w16,focus,
Fri Sep 04 2015 16:28:23 GMT+0800 (Malay Peninsula Standard Time),,s10w17,focus,
Fri Sep 04 2015 16:28:24 GMT+0800 (Malay Peninsula Standard Time),,s10w18,focus,
Fri Sep 04 2015 16:28:25 GMT+0800 (Malay Peninsula Standard Time),,s10w18,label,"^"
Fri Sep 04 2015 16:28:25 GMT+0800 (Malay Peninsula Standard Time),,s10w19,focus,
Fri Sep 04 2015 16:28:27 GMT+0800 (Malay Peninsula Standard Time),,s10w20,focus,
Fri Sep 04 2015 16:28:36 GMT+0800 (Malay Peninsula Standard Time),,s10w20,label,"G"
Fri Sep 04 2015 16:28:36 GMT+0800 (Malay Peninsula Standard Time),,s10w21,focus,
Fri Sep 04 2015 16:28:36 GMT+0800 (Malay Peninsula Standard Time),,s10w21,label,"G"
Fri Sep 04 2015 16:28:37 GMT+0800 (Malay Peninsula Standard Time),,s10w22,focus,
Fri Sep 04 2015 16:28:37 GMT+0800 (Malay Peninsula Standard Time),,s10w22,label,"G"
Fri Sep 04 2015 16:28:37 GMT+0800 (Malay Peninsula Standard Time),,s10w23,focus,
Fri Sep 04 2015 16:28:37 GMT+0800 (Malay Peninsula Standard Time),,s10w23,label,"G"
Fri Sep 04 2015 16:28:37 GMT+0800 (Malay Peninsula Standard Time),,s10w24,focus,
Fri Sep 04 2015 16:28:37 GMT+0800 (Malay Peninsula Standard Time),,s10w24,label,"G"
Fri Sep 04 2015 16:28:38 GMT+0800 (Malay Peninsula Standard Time),,s10w25,focus,
Fri Sep 04 2015 16:28:38 GMT+0800 (Malay Peninsula Standard Time),,s10w25,label,"G"
Fri Sep 04 2015 16:28:39 GMT+0800 (Malay Peninsula Standard Time),,s10w24,focus,
Fri Sep 04 2015 16:28:39 GMT+0800 (Malay Peninsula Standard Time),,s10w23,focus,
Fri Sep 04 2015 16:28:40 GMT+0800 (Malay Peninsula Standard Time),,s10w23,label,"G"
Fri Sep 04 2015 16:28:40 GMT+0800 (Malay Peninsula Standard Time),,s10w24,focus,
Fri Sep 04 2015 16:28:40 GMT+0800 (Malay Peninsula Standard Time),,s10w25,focus,
Fri Sep 04 2015 16:28:41 GMT+0800 (Malay Peninsula Standard Time),,s10w26,focus,
Fri Sep 04 2015 16:28:42 GMT+0800 (Malay Peninsula Standard Time),,s10w26,label,"G"
Fri Sep 04 2015 16:28:42 GMT+0800 (Malay Peninsula Standard Time),,s10w27,focus,
Fri Sep 04 2015 16:28:42 GMT+0800 (Malay Peninsula Standard Time),,s10w27,label,"G"
Fri Sep 04 2015 16:28:42 GMT+0800 (Malay Peninsula Standard Time),,s10w28,focus,
Fri Sep 04 2015 16:28:42 GMT+0800 (Malay Peninsula Standard Time),,s10w28,label,"G"
Fri Sep 04 2015 16:28:42 GMT+0800 (Malay Peninsula Standard Time),,s10w29,focus,
Fri Sep 04 2015 16:28:44 GMT+0800 (Malay Peninsula Standard Time),,s10w30,focus,
Fri Sep 04 2015 16:28:44 GMT+0800 (Malay Peninsula Standard Time),,s10w31,focus,
Fri Sep 04 2015 16:28:46 GMT+0800 (Malay Peninsula Standard Time),,s10w32,focus,
Fri Sep 04 2015 16:28:57 GMT+0800 (Malay Peninsula Standard Time),,s10w43,focus,
Fri Sep 04 2015 16:28:57 GMT+0800 (Malay Peninsula Standard Time),,s10w43,focus,
Fri Sep 04 2015 16:28:58 GMT+0800 (Malay Peninsula Standard Time),,s10w31,focus,
Fri Sep 04 2015 16:28:58 GMT+0800 (Malay Peninsula Standard Time),,s10w31,focus,
Fri Sep 04 2015 16:29:00 GMT+0800 (Malay Peninsula Standard Time),,s10w31,label,"G"
Fri Sep 04 2015 16:29:00 GMT+0800 (Malay Peninsula Standard Time),,s10w32,focus,
Fri Sep 04 2015 16:29:01 GMT+0800 (Malay Peninsula Standard Time),,s10w33,focus,
Fri Sep 04 2015 16:29:02 GMT+0800 (Malay Peninsula Standard Time),,s10w34,focus,
Fri Sep 04 2015 16:29:02 GMT+0800 (Malay Peninsula Standard Time),,s10w35,focus,
Fri Sep 04 2015 16:29:03 GMT+0800 (Malay Peninsula Standard Time),,s10w36,focus,
Fri Sep 04 2015 16:29:04 GMT+0800 (Malay Peninsula Standard Time),,s10w37,focus,
Fri Sep 04 2015 16:29:04 GMT+0800 (Malay Peninsula Standard Time),,s10w38,focus,
Fri Sep 04 2015 16:29:05 GMT+0800 (Malay Peninsula Standard Time),,s10w39,focus,
Fri Sep 04 2015 16:29:05 GMT+0800 (Malay Peninsula Standard Time),,s10w40,focus,
Fri Sep 04 2015 16:29:07 GMT+0800 (Malay Peninsula Standard Time),,s10w40,label,"^"
Fri Sep 04 2015 16:29:07 GMT+0800 (Malay Peninsula Standard Time),,s10w41,focus,
Fri Sep 04 2015 16:29:08 GMT+0800 (Malay Peninsula Standard Time),,s10w42,focus,
Fri Sep 04 2015 16:29:11 GMT+0800 (Malay Peninsula Standard Time),,s10w42,label,"G"
Fri Sep 04 2015 16:29:11 GMT+0800 (Malay Peninsula Standard Time),,s10w43,focus,
Fri Sep 04 2015 16:29:12 GMT+0800 (Malay Peninsula Standard Time),,s10w43,label,"G"
Fri Sep 04 2015 16:29:12 GMT+0800 (Malay Peninsula Standard Time),,s10w44,focus,
Fri Sep 04 2015 16:29:12 GMT+0800 (Malay Peninsula Standard Time),,s10w44,label,"G"
Fri Sep 04 2015 16:29:12 GMT+0800 (Malay Peninsula Standard Time),,s10w45,focus,
Fri Sep 04 2015 16:29:12 GMT+0800 (Malay Peninsula Standard Time),,s10w45,label,"G"
Fri Sep 04 2015 16:29:13 GMT+0800 (Malay Peninsula Standard Time),,s10w45,label,"G"
Fri Sep 04 2015 16:29:13 GMT+0800 (Malay Peninsula Standard Time),,s10w46,focus,
Fri Sep 04 2015 16:29:14 GMT+0800 (Malay Peninsula Standard Time),,s10w47,focus,
Fri Sep 04 2015 16:29:15 GMT+0800 (Malay Peninsula Standard Time),,s10w48,focus,
Fri Sep 04 2015 16:29:15 GMT+0800 (Malay Peninsula Standard Time),,s10w49,focus,
Fri Sep 04 2015 16:29:16 GMT+0800 (Malay Peninsula Standard Time),,s10w50,focus,
Fri Sep 04 2015 16:29:17 GMT+0800 (Malay Peninsula Standard Time),,s10w51,focus,
Fri Sep 04 2015 16:29:17 GMT+0800 (Malay Peninsula Standard Time),,s10w52,focus,
Fri Sep 04 2015 16:29:18 GMT+0800 (Malay Peninsula Standard Time),,s10w53,focus,
Fri Sep 04 2015 16:29:19 GMT+0800 (Malay Peninsula Standard Time),,s10w54,focus,
Fri Sep 04 2015 16:29:19 GMT+0800 (Malay Peninsula Standard Time),,s10w55,focus,
Fri Sep 04 2015 16:29:20 GMT+0800 (Malay Peninsula Standard Time),,s10w56,focus,
Fri Sep 04 2015 16:29:21 GMT+0800 (Malay Peninsula Standard Time),,s10w57,focus,
Fri Sep 04 2015 16:29:24 GMT+0800 (Malay Peninsula Standard Time),,s10w57,label,"G"
Fri Sep 04 2015 16:29:24 GMT+0800 (Malay Peninsula Standard Time),,s10w58,focus,
Fri Sep 04 2015 16:29:25 GMT+0800 (Malay Peninsula Standard Time),,s10w58,label,"G"
Fri Sep 04 2015 16:29:25 GMT+0800 (Malay Peninsula Standard Time),,s10w59,focus,
Fri Sep 04 2015 16:29:25 GMT+0800 (Malay Peninsula Standard Time),,s10w59,label,"G"
Fri Sep 04 2015 16:29:25 GMT+0800 (Malay Peninsula Standard Time),,s10w60,focus,
Fri Sep 04 2015 16:29:26 GMT+0800 (Malay Peninsula Standard Time),,s10w61,focus,
Fri Sep 04 2015 16:29:27 GMT+0800 (Malay Peninsula Standard Time),,s10w62,focus,
Fri Sep 04 2015 16:29:28 GMT+0800 (Malay Peninsula Standard Time),,s10w63,focus,
Fri Sep 04 2015 16:29:28 GMT+0800 (Malay Peninsula Standard Time),,s10w64,focus,
Fri Sep 04 2015 16:29:30 GMT+0800 (Malay Peninsula Standard Time),,s10w65,focus,
Fri Sep 04 2015 16:29:30 GMT+0800 (Malay Peninsula Standard Time),,s10w66,focus,
Fri Sep 04 2015 16:29:31 GMT+0800 (Malay Peninsula Standard Time),,s10w67,focus,
Fri Sep 04 2015 16:29:31 GMT+0800 (Malay Peninsula Standard Time),,s10w68,focus,
Fri Sep 04 2015 16:29:32 GMT+0800 (Malay Peninsula Standard Time),,s10w69,focus,
Fri Sep 04 2015 16:29:33 GMT+0800 (Malay Peninsula Standard Time),,s10w70,focus,
Fri Sep 04 2015 16:29:33 GMT+0800 (Malay Peninsula Standard Time),,s10w71,focus,
Fri Sep 04 2015 16:29:34 GMT+0800 (Malay Peninsula Standard Time),,s10w71,label,"^"
Fri Sep 04 2015 16:29:35 GMT+0800 (Malay Peninsula Standard Time),,s10w72,focus,
Fri Sep 04 2015 16:29:36 GMT+0800 (Malay Peninsula Standard Time),,s10w73,focus,
Fri Sep 04 2015 16:29:38 GMT+0800 (Malay Peninsula Standard Time),,s10w74,focus,
Fri Sep 04 2015 16:29:45 GMT+0800 (Malay Peninsula Standard Time),,s10w74,label,"G"
Fri Sep 04 2015 16:29:45 GMT+0800 (Malay Peninsula Standard Time),,s10w75,focus,
Fri Sep 04 2015 16:29:45 GMT+0800 (Malay Peninsula Standard Time),,s10w75,label,"G"
Fri Sep 04 2015 16:29:45 GMT+0800 (Malay Peninsula Standard Time),,s10w76,focus,
Fri Sep 04 2015 16:29:45 GMT+0800 (Malay Peninsula Standard Time),,s10w76,label,"G"
Fri Sep 04 2015 16:29:46 GMT+0800 (Malay Peninsula Standard Time),,s10w77,focus,
Fri Sep 04 2015 16:29:46 GMT+0800 (Malay Peninsula Standard Time),,s10w77,label,"G"
Fri Sep 04 2015 16:29:47 GMT+0800 (Malay Peninsula Standard Time),,s10w77,label,"G"
Fri Sep 04 2015 16:29:47 GMT+0800 (Malay Peninsula Standard Time),,s10w77,label,"G"
Fri Sep 04 2015 16:29:48 GMT+0800 (Malay Peninsula Standard Time),,s10w78,focus,
Fri Sep 04 2015 16:29:49 GMT+0800 (Malay Peninsula Standard Time),,s10w79,focus,
Fri Sep 04 2015 16:29:49 GMT+0800 (Malay Peninsula Standard Time),,s10w80,focus,
Fri Sep 04 2015 16:29:50 GMT+0800 (Malay Peninsula Standard Time),,s10w81,focus,
Fri Sep 04 2015 16:29:50 GMT+0800 (Malay Peninsula Standard Time),,s10w82,focus,
Fri Sep 04 2015 16:29:51 GMT+0800 (Malay Peninsula Standard Time),,s10w83,focus,
Fri Sep 04 2015 16:29:51 GMT+0800 (Malay Peninsula Standard Time),,s10w84,focus,
Fri Sep 04 2015 16:29:52 GMT+0800 (Malay Peninsula Standard Time),,s10w85,focus,
Fri Sep 04 2015 16:29:52 GMT+0800 (Malay Peninsula Standard Time),,s10w86,focus,
Fri Sep 04 2015 16:29:53 GMT+0800 (Malay Peninsula Standard Time),,s10w87,focus,
Fri Sep 04 2015 16:29:54 GMT+0800 (Malay Peninsula Standard Time),,s10w88,focus,
Fri Sep 04 2015 16:29:55 GMT+0800 (Malay Peninsula Standard Time),,s10w89,focus,
Fri Sep 04 2015 16:29:55 GMT+0800 (Malay Peninsula Standard Time),,s10w90,focus,
Fri Sep 04 2015 16:29:56 GMT+0800 (Malay Peninsula Standard Time),,s10w91,focus,
Fri Sep 04 2015 16:29:57 GMT+0800 (Malay Peninsula Standard Time),,s10w90,focus,
Fri Sep 04 2015 16:29:57 GMT+0800 (Malay Peninsula Standard Time),,s10w89,focus,
Fri Sep 04 2015 16:29:57 GMT+0800 (Malay Peninsula Standard Time),,s10w88,focus,
Fri Sep 04 2015 16:29:58 GMT+0800 (Malay Peninsula Standard Time),,s10w88,label,"G"
Fri Sep 04 2015 16:29:58 GMT+0800 (Malay Peninsula Standard Time),,s10w89,focus,
Fri Sep 04 2015 16:29:59 GMT+0800 (Malay Peninsula Standard Time),,s10w89,label,"G"
Fri Sep 04 2015 16:29:59 GMT+0800 (Malay Peninsula Standard Time),,s10w90,focus,
Fri Sep 04 2015 16:29:59 GMT+0800 (Malay Peninsula Standard Time),,s10w90,label,"G"
Fri Sep 04 2015 16:29:59 GMT+0800 (Malay Peninsula Standard Time),,s10w91,focus,
Fri Sep 04 2015 16:30:00 GMT+0800 (Malay Peninsula Standard Time),,s10w92,focus,
Fri Sep 04 2015 16:30:00 GMT+0800 (Malay Peninsula Standard Time),,s10w92,label,"G"
Fri Sep 04 2015 16:30:00 GMT+0800 (Malay Peninsula Standard Time),,s10w93,focus,
Fri Sep 04 2015 16:30:00 GMT+0800 (Malay Peninsula Standard Time),,s10w93,label,"G"
Fri Sep 04 2015 16:30:00 GMT+0800 (Malay Peninsula Standard Time),,s10w94,focus,
Fri Sep 04 2015 16:30:00 GMT+0800 (Malay Peninsula Standard Time),,s10w94,label,"G"
Fri Sep 04 2015 16:30:01 GMT+0800 (Malay Peninsula Standard Time),,s10w95,focus,
Fri Sep 04 2015 16:30:02 GMT+0800 (Malay Peninsula Standard Time),,s10w96,focus,
Fri Sep 04 2015 16:30:02 GMT+0800 (Malay Peninsula Standard Time),,s10w97,focus,
Fri Sep 04 2015 16:30:02 GMT+0800 (Malay Peninsula Standard Time),,s10w98,focus,
Fri Sep 04 2015 16:30:03 GMT+0800 (Malay Peninsula Standard Time),,s10w99,focus,
Fri Sep 04 2015 16:30:03 GMT+0800 (Malay Peninsula Standard Time),,s10w99,label,"G"
Fri Sep 04 2015 16:30:04 GMT+0800 (Malay Peninsula Standard Time),,s10w100,focus,
Fri Sep 04 2015 16:30:04 GMT+0800 (Malay Peninsula Standard Time),,s10w100,label,"G"
Fri Sep 04 2015 16:30:04 GMT+0800 (Malay Peninsula Standard Time),,s10w101,focus,
Fri Sep 04 2015 16:30:04 GMT+0800 (Malay Peninsula Standard Time),,s10w101,label,"G"
Fri Sep 04 2015 16:30:04 GMT+0800 (Malay Peninsula Standard Time),,s10w102,focus,
Fri Sep 04 2015 16:30:06 GMT+0800 (Malay Peninsula Standard Time),,s10w103,focus,
Fri Sep 04 2015 16:30:06 GMT+0800 (Malay Peninsula Standard Time),,s10w104,focus,
Fri Sep 04 2015 16:30:07 GMT+0800 (Malay Peninsula Standard Time),,s10w105,focus,
Fri Sep 04 2015 16:30:08 GMT+0800 (Malay Peninsula Standard Time),,s10w105,label,"G"
Fri Sep 04 2015 16:30:08 GMT+0800 (Malay Peninsula Standard Time),,s10w106,focus,
Fri Sep 04 2015 16:30:08 GMT+0800 (Malay Peninsula Standard Time),,s10w106,label,"G"
Fri Sep 04 2015 16:30:08 GMT+0800 (Malay Peninsula Standard Time),,s10w107,focus,
Fri Sep 04 2015 16:30:09 GMT+0800 (Malay Peninsula Standard Time),,s10w107,label,"G"
Fri Sep 04 2015 16:30:09 GMT+0800 (Malay Peninsula Standard Time),,s10w108,focus,
Fri Sep 04 2015 16:30:09 GMT+0800 (Malay Peninsula Standard Time),,s10w108,label,"G"
Fri Sep 04 2015 16:30:09 GMT+0800 (Malay Peninsula Standard Time),,s10w109,focus,
Fri Sep 04 2015 16:30:10 GMT+0800 (Malay Peninsula Standard Time),,s10w109,label,"G"
Fri Sep 04 2015 16:30:10 GMT+0800 (Malay Peninsula Standard Time),,s10w110,focus,
Fri Sep 04 2015 16:30:10 GMT+0800 (Malay Peninsula Standard Time),,s10w110,label,"G"
Fri Sep 04 2015 16:30:10 GMT+0800 (Malay Peninsula Standard Time),,s10w111,focus,
Fri Sep 04 2015 16:30:11 GMT+0800 (Malay Peninsula Standard Time),,s10w112,focus,
Fri Sep 04 2015 16:30:11 GMT+0800 (Malay Peninsula Standard Time),,s10w113,focus,
Fri Sep 04 2015 16:30:12 GMT+0800 (Malay Peninsula Standard Time),,s10w114,focus,
Fri Sep 04 2015 16:30:12 GMT+0800 (Malay Peninsula Standard Time),,s10w115,focus,
Fri Sep 04 2015 16:30:13 GMT+0800 (Malay Peninsula Standard Time),,s11w1,focus,
Fri Sep 04 2015 16:30:17 GMT+0800 (Malay Peninsula Standard Time),,s11w2,focus,
Fri Sep 04 2015 16:30:18 GMT+0800 (Malay Peninsula Standard Time),,s11w3,focus,
Fri Sep 04 2015 16:30:19 GMT+0800 (Malay Peninsula Standard Time),,s11w4,focus,
Fri Sep 04 2015 16:30:20 GMT+0800 (Malay Peninsula Standard Time),,s11w5,focus,
Fri Sep 04 2015 16:30:20 GMT+0800 (Malay Peninsula Standard Time),,s11w6,focus,
Fri Sep 04 2015 16:30:24 GMT+0800 (Malay Peninsula Standard Time),,s11w6,label,"G"
Fri Sep 04 2015 16:30:25 GMT+0800 (Malay Peninsula Standard Time),,s11w7,focus,
Fri Sep 04 2015 16:30:27 GMT+0800 (Malay Peninsula Standard Time),,s11w8,focus,
Fri Sep 04 2015 16:30:27 GMT+0800 (Malay Peninsula Standard Time),,s11w9,focus,
Fri Sep 04 2015 16:30:28 GMT+0800 (Malay Peninsula Standard Time),,s11w10,focus,
Fri Sep 04 2015 16:30:28 GMT+0800 (Malay Peninsula Standard Time),,s11w11,focus,
Fri Sep 04 2015 16:30:28 GMT+0800 (Malay Peninsula Standard Time),,s11w11,label,"G"
Fri Sep 04 2015 16:30:28 GMT+0800 (Malay Peninsula Standard Time),,s11w12,focus,
Fri Sep 04 2015 16:30:29 GMT+0800 (Malay Peninsula Standard Time),,s11w12,label,"G"
Fri Sep 04 2015 16:30:29 GMT+0800 (Malay Peninsula Standard Time),,s11w13,focus,
Fri Sep 04 2015 16:30:29 GMT+0800 (Malay Peninsula Standard Time),,s11w13,label,"G"
Fri Sep 04 2015 16:30:29 GMT+0800 (Malay Peninsula Standard Time),,s11w14,focus,
Fri Sep 04 2015 16:30:30 GMT+0800 (Malay Peninsula Standard Time),,s11w15,focus,
Fri Sep 04 2015 16:30:31 GMT+0800 (Malay Peninsula Standard Time),,s11w16,focus,
Fri Sep 04 2015 16:30:32 GMT+0800 (Malay Peninsula Standard Time),,s11w17,focus,
Fri Sep 04 2015 16:30:33 GMT+0800 (Malay Peninsula Standard Time),,s11w17,label,"G"
Fri Sep 04 2015 16:30:33 GMT+0800 (Malay Peninsula Standard Time),,s11w18,focus,
Fri Sep 04 2015 16:30:34 GMT+0800 (Malay Peninsula Standard Time),,s11w18,label,"G"
Fri Sep 04 2015 16:30:34 GMT+0800 (Malay Peninsula Standard Time),,s11w19,focus,
Fri Sep 04 2015 16:30:34 GMT+0800 (Malay Peninsula Standard Time),,s11w19,label,"G"
Fri Sep 04 2015 16:30:34 GMT+0800 (Malay Peninsula Standard Time),,s11w19,label,"G"
Fri Sep 04 2015 16:30:35 GMT+0800 (Malay Peninsula Standard Time),,s11w20,focus,
Fri Sep 04 2015 16:30:35 GMT+0800 (Malay Peninsula Standard Time),,s11w20,label,"G"
Fri Sep 04 2015 16:30:35 GMT+0800 (Malay Peninsula Standard Time),,s11w21,focus,
Fri Sep 04 2015 16:30:35 GMT+0800 (Malay Peninsula Standard Time),,s11w21,label,"G"
Fri Sep 04 2015 16:30:35 GMT+0800 (Malay Peninsula Standard Time),,s11w22,focus,
Fri Sep 04 2015 16:30:35 GMT+0800 (Malay Peninsula Standard Time),,s11w22,label,"G"
Fri Sep 04 2015 16:30:36 GMT+0800 (Malay Peninsula Standard Time),,s11w23,focus,
Fri Sep 04 2015 16:30:37 GMT+0800 (Malay Peninsula Standard Time),,s11w24,focus,
Fri Sep 04 2015 16:30:37 GMT+0800 (Malay Peninsula Standard Time),,s11w25,focus,
Fri Sep 04 2015 16:30:38 GMT+0800 (Malay Peninsula Standard Time),,s11w26,focus,
Fri Sep 04 2015 16:30:38 GMT+0800 (Malay Peninsula Standard Time),,s11w27,focus,
Fri Sep 04 2015 16:30:39 GMT+0800 (Malay Peninsula Standard Time),,s11w28,focus,
Fri Sep 04 2015 16:30:51 GMT+0800 (Malay Peninsula Standard Time),,s11w6,focus,
Fri Sep 04 2015 16:30:51 GMT+0800 (Malay Peninsula Standard Time),,s11w6,focus,
Fri Sep 04 2015 16:30:52 GMT+0800 (Malay Peninsula Standard Time),,s11w6,label,","
Fri Sep 04 2015 16:30:53 GMT+0800 (Malay Peninsula Standard Time),,s11w7,focus,
Fri Sep 04 2015 16:30:55 GMT+0800 (Malay Peninsula Standard Time),,s11w32,focus,
Fri Sep 04 2015 16:30:56 GMT+0800 (Malay Peninsula Standard Time),,s11w32,focus,
Fri Sep 04 2015 16:31:04 GMT+0800 (Malay Peninsula Standard Time),,s12w2,focus,
Fri Sep 04 2015 16:31:04 GMT+0800 (Malay Peninsula Standard Time),,s12w2,focus,
Fri Sep 04 2015 16:31:10 GMT+0800 (Malay Peninsula Standard Time),,s12w3,focus,
Fri Sep 04 2015 16:31:10 GMT+0800 (Malay Peninsula Standard Time),,s12w4,focus,
Fri Sep 04 2015 16:31:11 GMT+0800 (Malay Peninsula Standard Time),,s12w3,focus,
Fri Sep 04 2015 16:31:11 GMT+0800 (Malay Peninsula Standard Time),,s12w2,focus,
Fri Sep 04 2015 16:31:12 GMT+0800 (Malay Peninsula Standard Time),,s12w2,label,"G"
Fri Sep 04 2015 16:31:12 GMT+0800 (Malay Peninsula Standard Time),,s12w3,focus,
Fri Sep 04 2015 16:31:12 GMT+0800 (Malay Peninsula Standard Time),,s12w3,label,"G"
Fri Sep 04 2015 16:31:12 GMT+0800 (Malay Peninsula Standard Time),,s12w4,focus,
Fri Sep 04 2015 16:31:12 GMT+0800 (Malay Peninsula Standard Time),,s12w4,label,"G"
Fri Sep 04 2015 16:31:12 GMT+0800 (Malay Peninsula Standard Time),,s12w5,focus,
Fri Sep 04 2015 16:31:13 GMT+0800 (Malay Peninsula Standard Time),,s12w5,label,"G"
Fri Sep 04 2015 16:31:13 GMT+0800 (Malay Peninsula Standard Time),,s12w6,focus,
Fri Sep 04 2015 16:31:13 GMT+0800 (Malay Peninsula Standard Time),,s12w6,label,"G"
Fri Sep 04 2015 16:31:13 GMT+0800 (Malay Peninsula Standard Time),,s12w7,focus,
Fri Sep 04 2015 16:31:13 GMT+0800 (Malay Peninsula Standard Time),,s12w7,label,"G"
Fri Sep 04 2015 16:31:13 GMT+0800 (Malay Peninsula Standard Time),,s12w8,focus,
Fri Sep 04 2015 16:31:13 GMT+0800 (Malay Peninsula Standard Time),,s12w8,label,"G"
Fri Sep 04 2015 16:31:13 GMT+0800 (Malay Peninsula Standard Time),,s12w9,focus,
Fri Sep 04 2015 16:31:13 GMT+0800 (Malay Peninsula Standard Time),,s12w9,label,"G"
Fri Sep 04 2015 16:31:16 GMT+0800 (Malay Peninsula Standard Time),,s12w10,focus,
Fri Sep 04 2015 16:31:17 GMT+0800 (Malay Peninsula Standard Time),,s12w11,focus,
Fri Sep 04 2015 16:31:17 GMT+0800 (Malay Peninsula Standard Time),,s12w11,label,"G"
Fri Sep 04 2015 16:31:17 GMT+0800 (Malay Peninsula Standard Time),,s12w12,focus,
Fri Sep 04 2015 16:31:18 GMT+0800 (Malay Peninsula Standard Time),,s12w12,label,"G"
Fri Sep 04 2015 16:31:18 GMT+0800 (Malay Peninsula Standard Time),,s12w13,focus,
Fri Sep 04 2015 16:31:18 GMT+0800 (Malay Peninsula Standard Time),,s12w13,label,"G"
Fri Sep 04 2015 16:31:18 GMT+0800 (Malay Peninsula Standard Time),,s12w14,focus,
Fri Sep 04 2015 16:31:18 GMT+0800 (Malay Peninsula Standard Time),,s12w14,label,"G"
Fri Sep 04 2015 16:31:18 GMT+0800 (Malay Peninsula Standard Time),,s12w15,focus,
Fri Sep 04 2015 16:31:18 GMT+0800 (Malay Peninsula Standard Time),,s12w15,label,"G"
Fri Sep 04 2015 16:31:18 GMT+0800 (Malay Peninsula Standard Time),,s12w16,focus,
Fri Sep 04 2015 16:31:18 GMT+0800 (Malay Peninsula Standard Time),,s12w16,label,"G"
Fri Sep 04 2015 16:31:19 GMT+0800 (Malay Peninsula Standard Time),,s12w17,focus,
Fri Sep 04 2015 16:31:19 GMT+0800 (Malay Peninsula Standard Time),,s12w17,label,"G"
Fri Sep 04 2015 16:31:19 GMT+0800 (Malay Peninsula Standard Time),,s12w18,focus,
Fri Sep 04 2015 16:31:19 GMT+0800 (Malay Peninsula Standard Time),,s12w18,label,"G"
Fri Sep 04 2015 16:31:20 GMT+0800 (Malay Peninsula Standard Time),,s12w19,focus,
Fri Sep 04 2015 16:31:20 GMT+0800 (Malay Peninsula Standard Time),,s12w19,label,"G"
Fri Sep 04 2015 16:31:20 GMT+0800 (Malay Peninsula Standard Time),,s12w20,focus,
Fri Sep 04 2015 16:31:20 GMT+0800 (Malay Peninsula Standard Time),,s12w20,label,"G"
Fri Sep 04 2015 16:31:20 GMT+0800 (Malay Peninsula Standard Time),,s12w21,focus,
Fri Sep 04 2015 16:31:20 GMT+0800 (Malay Peninsula Standard Time),,s12w21,label,"G"
Fri Sep 04 2015 16:31:21 GMT+0800 (Malay Peninsula Standard Time),,s12w22,focus,
Fri Sep 04 2015 16:31:21 GMT+0800 (Malay Peninsula Standard Time),,s12w22,label,"G"
Fri Sep 04 2015 16:31:21 GMT+0800 (Malay Peninsula Standard Time),,s12w23,focus,
Fri Sep 04 2015 16:31:21 GMT+0800 (Malay Peninsula Standard Time),,s12w23,label,"G"
Fri Sep 04 2015 16:31:21 GMT+0800 (Malay Peninsula Standard Time),,s12w24,focus,
Fri Sep 04 2015 16:31:22 GMT+0800 (Malay Peninsula Standard Time),,s12w24,label,"G"
Fri Sep 04 2015 16:31:22 GMT+0800 (Malay Peninsula Standard Time),,s12w25,focus,
Fri Sep 04 2015 16:31:22 GMT+0800 (Malay Peninsula Standard Time),,s12w25,label,"G"
Fri Sep 04 2015 16:31:22 GMT+0800 (Malay Peninsula Standard Time),,s12w26,focus,
Fri Sep 04 2015 16:31:22 GMT+0800 (Malay Peninsula Standard Time),,s12w26,label,"G"
Fri Sep 04 2015 16:31:23 GMT+0800 (Malay Peninsula Standard Time),,s12w27,focus,
Fri Sep 04 2015 16:31:23 GMT+0800 (Malay Peninsula Standard Time),,s12w27,label,"G"
Fri Sep 04 2015 16:31:23 GMT+0800 (Malay Peninsula Standard Time),,s12w28,focus,
Fri Sep 04 2015 16:31:25 GMT+0800 (Malay Peninsula Standard Time),,s12w29,focus,
Fri Sep 04 2015 16:31:26 GMT+0800 (Malay Peninsula Standard Time),,s12w28,focus,
Fri Sep 04 2015 16:31:27 GMT+0800 (Malay Peninsula Standard Time),,s12w27,focus,
Fri Sep 04 2015 16:31:28 GMT+0800 (Malay Peninsula Standard Time),,s12w27,label,"E"
Fri Sep 04 2015 16:31:28 GMT+0800 (Malay Peninsula Standard Time),,s12w28,focus,
Fri Sep 04 2015 16:31:32 GMT+0800 (Malay Peninsula Standard Time),,s12w28,label,"O"
Fri Sep 04 2015 16:31:32 GMT+0800 (Malay Peninsula Standard Time),,s12w29,focus,
Fri Sep 04 2015 16:31:34 GMT+0800 (Malay Peninsula Standard Time),,s12w30,focus,
Fri Sep 04 2015 16:31:37 GMT+0800 (Malay Peninsula Standard Time),,s12w31,focus,
Fri Sep 04 2015 16:31:38 GMT+0800 (Malay Peninsula Standard Time),,s12w32,focus,
Fri Sep 04 2015 16:31:39 GMT+0800 (Malay Peninsula Standard Time),,s12w32,label,"^"
Fri Sep 04 2015 16:31:39 GMT+0800 (Malay Peninsula Standard Time),,s12w33,focus,
Fri Sep 04 2015 16:31:40 GMT+0800 (Malay Peninsula Standard Time),,s12w34,focus,
Fri Sep 04 2015 16:31:41 GMT+0800 (Malay Peninsula Standard Time),,s12w35,focus,
Fri Sep 04 2015 16:31:41 GMT+0800 (Malay Peninsula Standard Time),,s12w36,focus,
Fri Sep 04 2015 16:31:42 GMT+0800 (Malay Peninsula Standard Time),,s12w37,focus,
Fri Sep 04 2015 16:31:42 GMT+0800 (Malay Peninsula Standard Time),,s12w38,focus,
Fri Sep 04 2015 16:31:44 GMT+0800 (Malay Peninsula Standard Time),,s12w39,focus,
Fri Sep 04 2015 16:31:45 GMT+0800 (Malay Peninsula Standard Time),,s12w40,focus,
Fri Sep 04 2015 16:31:45 GMT+0800 (Malay Peninsula Standard Time),,s12w41,focus,
Fri Sep 04 2015 16:31:46 GMT+0800 (Malay Peninsula Standard Time),,s12w42,focus,
Fri Sep 04 2015 16:31:46 GMT+0800 (Malay Peninsula Standard Time),,s12w43,focus,
Fri Sep 04 2015 16:31:47 GMT+0800 (Malay Peninsula Standard Time),,s12w44,focus,
Fri Sep 04 2015 16:31:47 GMT+0800 (Malay Peninsula Standard Time),,s12w45,focus,
Fri Sep 04 2015 16:31:48 GMT+0800 (Malay Peninsula Standard Time),,s12w46,focus,
Fri Sep 04 2015 16:31:49 GMT+0800 (Malay Peninsula Standard Time),,s12w47,focus,
Fri Sep 04 2015 16:31:49 GMT+0800 (Malay Peninsula Standard Time),,s12w48,focus,
Fri Sep 04 2015 16:31:50 GMT+0800 (Malay Peninsula Standard Time),,s12w49,focus,
Fri Sep 04 2015 16:31:50 GMT+0800 (Malay Peninsula Standard Time),,s12w50,focus,
Fri Sep 04 2015 16:31:51 GMT+0800 (Malay Peninsula Standard Time),,s12w51,focus,
Fri Sep 04 2015 16:31:51 GMT+0800 (Malay Peninsula Standard Time),,s12w52,focus,
Fri Sep 04 2015 16:31:52 GMT+0800 (Malay Peninsula Standard Time),,s12w53,focus,
Fri Sep 04 2015 16:31:52 GMT+0800 (Malay Peninsula Standard Time),,s12w54,focus,
Fri Sep 04 2015 16:31:52 GMT+0800 (Malay Peninsula Standard Time),,s12w55,focus,
Fri Sep 04 2015 16:31:52 GMT+0800 (Malay Peninsula Standard Time),,s12w56,focus,
Fri Sep 04 2015 16:31:53 GMT+0800 (Malay Peninsula Standard Time),,s12w57,focus,
Fri Sep 04 2015 16:31:53 GMT+0800 (Malay Peninsula Standard Time),,s12w58,focus,
Fri Sep 04 2015 16:31:57 GMT+0800 (Malay Peninsula Standard Time),,s12w58,label,","
Fri Sep 04 2015 16:31:58 GMT+0800 (Malay Peninsula Standard Time),,s13w1,focus,
Fri Sep 04 2015 16:31:59 GMT+0800 (Malay Peninsula Standard Time),,s13w2,focus,
Fri Sep 04 2015 16:32:01 GMT+0800 (Malay Peninsula Standard Time),,s13w3,focus,
Fri Sep 04 2015 16:32:02 GMT+0800 (Malay Peninsula Standard Time),,s13w4,focus,
Fri Sep 04 2015 16:32:02 GMT+0800 (Malay Peninsula Standard Time),,s13w5,focus,
Fri Sep 04 2015 16:32:02 GMT+0800 (Malay Peninsula Standard Time),,s13w6,focus,
Fri Sep 04 2015 16:32:03 GMT+0800 (Malay Peninsula Standard Time),,s13w7,focus,
Fri Sep 04 2015 16:32:03 GMT+0800 (Malay Peninsula Standard Time),,s13w8,focus,
Fri Sep 04 2015 16:32:03 GMT+0800 (Malay Peninsula Standard Time),,s13w9,focus,
Fri Sep 04 2015 16:32:04 GMT+0800 (Malay Peninsula Standard Time),,s13w10,focus,
Fri Sep 04 2015 16:32:05 GMT+0800 (Malay Peninsula Standard Time),,s13w11,focus,
Fri Sep 04 2015 16:32:05 GMT+0800 (Malay Peninsula Standard Time),,s13w12,focus,
Fri Sep 04 2015 16:32:05 GMT+0800 (Malay Peninsula Standard Time),,s14w1,focus,
Fri Sep 04 2015 16:32:06 GMT+0800 (Malay Peninsula Standard Time),,s14w2,focus,
Fri Sep 04 2015 16:32:06 GMT+0800 (Malay Peninsula Standard Time),,s14w3,focus,
Fri Sep 04 2015 16:32:08 GMT+0800 (Malay Peninsula Standard Time),,s14w4,focus,
Fri Sep 04 2015 16:32:08 GMT+0800 (Malay Peninsula Standard Time),,s14w5,focus,
Fri Sep 04 2015 16:32:08 GMT+0800 (Malay Peninsula Standard Time),,s14w6,focus,
Fri Sep 04 2015 16:32:09 GMT+0800 (Malay Peninsula Standard Time),,s14w7,focus,
Fri Sep 04 2015 16:32:09 GMT+0800 (Malay Peninsula Standard Time),,s14w8,focus,
Fri Sep 04 2015 16:32:12 GMT+0800 (Malay Peninsula Standard Time),,s14w8,label,"G"
Fri Sep 04 2015 16:32:12 GMT+0800 (Malay Peninsula Standard Time),,s15w1,focus,
Fri Sep 04 2015 16:32:15 GMT+0800 (Malay Peninsula Standard Time),,s15w2,focus,
Fri Sep 04 2015 16:32:15 GMT+0800 (Malay Peninsula Standard Time),,s15w3,focus,
Fri Sep 04 2015 16:32:17 GMT+0800 (Malay Peninsula Standard Time),,s15w4,focus,
Fri Sep 04 2015 16:32:18 GMT+0800 (Malay Peninsula Standard Time),,s15w5,focus,
Fri Sep 04 2015 16:32:18 GMT+0800 (Malay Peninsula Standard Time),,s15w6,focus,
Fri Sep 04 2015 16:32:19 GMT+0800 (Malay Peninsula Standard Time),,s15w7,focus,
Fri Sep 04 2015 16:32:19 GMT+0800 (Malay Peninsula Standard Time),,s15w8,focus,
Fri Sep 04 2015 16:32:20 GMT+0800 (Malay Peninsula Standard Time),,s15w9,focus,
Fri Sep 04 2015 16:32:20 GMT+0800 (Malay Peninsula Standard Time),,s15w10,focus,
Fri Sep 04 2015 16:32:20 GMT+0800 (Malay Peninsula Standard Time),,s15w11,focus,
Fri Sep 04 2015 16:32:21 GMT+0800 (Malay Peninsula Standard Time),,s15w12,focus,
Fri Sep 04 2015 16:32:22 GMT+0800 (Malay Peninsula Standard Time),,s15w13,focus,
Fri Sep 04 2015 16:32:22 GMT+0800 (Malay Peninsula Standard Time),,s15w14,focus,
Fri Sep 04 2015 16:32:22 GMT+0800 (Malay Peninsula Standard Time),,s15w15,focus,
Fri Sep 04 2015 16:32:22 GMT+0800 (Malay Peninsula Standard Time),,s15w16,focus,
Fri Sep 04 2015 16:32:25 GMT+0800 (Malay Peninsula Standard Time),,s15w16,label,"G"
Fri Sep 04 2015 16:32:25 GMT+0800 (Malay Peninsula Standard Time),,s15w17,focus,
Fri Sep 04 2015 16:32:25 GMT+0800 (Malay Peninsula Standard Time),,s15w17,label,"G"
Fri Sep 04 2015 16:32:26 GMT+0800 (Malay Peninsula Standard Time),,s15w18,focus,
Fri Sep 04 2015 16:32:26 GMT+0800 (Malay Peninsula Standard Time),,s15w18,label,"G"
Fri Sep 04 2015 16:32:26 GMT+0800 (Malay Peninsula Standard Time),,s15w19,focus,
Fri Sep 04 2015 16:32:27 GMT+0800 (Malay Peninsula Standard Time),,s15w20,focus,
Fri Sep 04 2015 16:32:29 GMT+0800 (Malay Peninsula Standard Time),,s15w21,focus,
Fri Sep 04 2015 16:32:30 GMT+0800 (Malay Peninsula Standard Time),,s15w22,focus,
Fri Sep 04 2015 16:32:30 GMT+0800 (Malay Peninsula Standard Time),,s15w23,focus,
Fri Sep 04 2015 16:32:30 GMT+0800 (Malay Peninsula Standard Time),,s15w24,focus,
Fri Sep 04 2015 16:32:32 GMT+0800 (Malay Peninsula Standard Time),,s15w23,focus,
Fri Sep 04 2015 16:32:33 GMT+0800 (Malay Peninsula Standard Time),,s15w23,label,"N"
Fri Sep 04 2015 16:32:33 GMT+0800 (Malay Peninsula Standard Time),,s15w24,focus,
Fri Sep 04 2015 16:32:34 GMT+0800 (Malay Peninsula Standard Time),,s15w25,focus,
Fri Sep 04 2015 16:32:35 GMT+0800 (Malay Peninsula Standard Time),,s15w26,focus,
Fri Sep 04 2015 16:32:35 GMT+0800 (Malay Peninsula Standard Time),,s15w27,focus,
Fri Sep 04 2015 16:32:36 GMT+0800 (Malay Peninsula Standard Time),,s15w28,focus,
Fri Sep 04 2015 16:32:37 GMT+0800 (Malay Peninsula Standard Time),,s15w29,focus,
Fri Sep 04 2015 16:32:37 GMT+0800 (Malay Peninsula Standard Time),,s15w30,focus,
Fri Sep 04 2015 16:32:38 GMT+0800 (Malay Peninsula Standard Time),,s15w31,focus,
Fri Sep 04 2015 16:32:38 GMT+0800 (Malay Peninsula Standard Time),,s15w32,focus,
Fri Sep 04 2015 16:32:38 GMT+0800 (Malay Peninsula Standard Time),,s15w33,focus,
Fri Sep 04 2015 16:32:40 GMT+0800 (Malay Peninsula Standard Time),,s15w33,label,"^"
Fri Sep 04 2015 16:32:41 GMT+0800 (Malay Peninsula Standard Time),,s15w34,focus,
Fri Sep 04 2015 16:32:41 GMT+0800 (Malay Peninsula Standard Time),,s16w1,focus,
Fri Sep 04 2015 16:32:42 GMT+0800 (Malay Peninsula Standard Time),,s16w2,focus,
Fri Sep 04 2015 16:32:43 GMT+0800 (Malay Peninsula Standard Time),,s16w3,focus,
Fri Sep 04 2015 16:32:44 GMT+0800 (Malay Peninsula Standard Time),,s16w4,focus,
Fri Sep 04 2015 16:32:44 GMT+0800 (Malay Peninsula Standard Time),,s16w5,focus,
Fri Sep 04 2015 16:32:45 GMT+0800 (Malay Peninsula Standard Time),,s16w6,focus,
Fri Sep 04 2015 16:32:46 GMT+0800 (Malay Peninsula Standard Time),,s16w7,focus,
Fri Sep 04 2015 16:32:47 GMT+0800 (Malay Peninsula Standard Time),,s16w8,focus,
Fri Sep 04 2015 16:32:49 GMT+0800 (Malay Peninsula Standard Time),,s16w9,focus,
Fri Sep 04 2015 16:32:49 GMT+0800 (Malay Peninsula Standard Time),,s16w10,focus,
Fri Sep 04 2015 16:32:51 GMT+0800 (Malay Peninsula Standard Time),,s16w11,focus,
Fri Sep 04 2015 16:32:52 GMT+0800 (Malay Peninsula Standard Time),,s16w12,focus,
Fri Sep 04 2015 16:32:52 GMT+0800 (Malay Peninsula Standard Time),,s16w13,focus,
Fri Sep 04 2015 16:32:54 GMT+0800 (Malay Peninsula Standard Time),,s16w14,focus,
Fri Sep 04 2015 16:32:54 GMT+0800 (Malay Peninsula Standard Time),,s16w15,focus,
Fri Sep 04 2015 16:32:54 GMT+0800 (Malay Peninsula Standard Time),,s16w16,focus,
Fri Sep 04 2015 16:32:55 GMT+0800 (Malay Peninsula Standard Time),,s16w17,focus,
Fri Sep 04 2015 16:32:57 GMT+0800 (Malay Peninsula Standard Time),,s16w18,focus,
Fri Sep 04 2015 16:32:57 GMT+0800 (Malay Peninsula Standard Time),,s16w19,focus,
Fri Sep 04 2015 16:32:58 GMT+0800 (Malay Peninsula Standard Time),,s17w1,focus,
Fri Sep 04 2015 16:33:02 GMT+0800 (Malay Peninsula Standard Time),,s17w2,focus,
Fri Sep 04 2015 16:33:03 GMT+0800 (Malay Peninsula Standard Time),,s17w3,focus,
Fri Sep 04 2015 16:33:03 GMT+0800 (Malay Peninsula Standard Time),,s17w4,focus,
Fri Sep 04 2015 16:33:03 GMT+0800 (Malay Peninsula Standard Time),,s17w5,focus,
Fri Sep 04 2015 16:33:03 GMT+0800 (Malay Peninsula Standard Time),,s17w6,focus,
Fri Sep 04 2015 16:33:04 GMT+0800 (Malay Peninsula Standard Time),,s17w7,focus,
Fri Sep 04 2015 16:33:05 GMT+0800 (Malay Peninsula Standard Time),,s17w8,focus,
Fri Sep 04 2015 16:33:05 GMT+0800 (Malay Peninsula Standard Time),,s17w9,focus,
Fri Sep 04 2015 16:33:06 GMT+0800 (Malay Peninsula Standard Time),,s17w10,focus,
Fri Sep 04 2015 16:33:07 GMT+0800 (Malay Peninsula Standard Time),,s17w10,label,"^"
Fri Sep 04 2015 16:33:08 GMT+0800 (Malay Peninsula Standard Time),,s17w11,focus,
Fri Sep 04 2015 16:33:08 GMT+0800 (Malay Peninsula Standard Time),,s17w12,focus,
Fri Sep 04 2015 16:33:09 GMT+0800 (Malay Peninsula Standard Time),,s17w13,focus,
Fri Sep 04 2015 16:33:10 GMT+0800 (Malay Peninsula Standard Time),,s17w14,focus,
Fri Sep 04 2015 16:33:10 GMT+0800 (Malay Peninsula Standard Time),,s17w15,focus,
Fri Sep 04 2015 16:33:11 GMT+0800 (Malay Peninsula Standard Time),,s17w16,focus,
Fri Sep 04 2015 16:33:11 GMT+0800 (Malay Peninsula Standard Time),,s17w17,focus,
Fri Sep 04 2015 16:33:16 GMT+0800 (Malay Peninsula Standard Time),,s17w18,focus,
Fri Sep 04 2015 16:33:16 GMT+0800 (Malay Peninsula Standard Time),,s17w19,focus,
Fri Sep 04 2015 16:33:17 GMT+0800 (Malay Peninsula Standard Time),,s17w20,focus,
Fri Sep 04 2015 16:33:17 GMT+0800 (Malay Peninsula Standard Time),,s17w21,focus,
Fri Sep 04 2015 16:33:19 GMT+0800 (Malay Peninsula Standard Time),,s17w22,focus,
Fri Sep 04 2015 16:33:19 GMT+0800 (Malay Peninsula Standard Time),,s17w23,focus,
Fri Sep 04 2015 16:33:19 GMT+0800 (Malay Peninsula Standard Time),,s17w24,focus,
Fri Sep 04 2015 16:33:24 GMT+0800 (Malay Peninsula Standard Time),,s17w25,focus,
Fri Sep 04 2015 16:33:25 GMT+0800 (Malay Peninsula Standard Time),,s17w26,focus,
Fri Sep 04 2015 16:33:25 GMT+0800 (Malay Peninsula Standard Time),,s17w27,focus,
Fri Sep 04 2015 16:33:25 GMT+0800 (Malay Peninsula Standard Time),,s17w28,focus,
Fri Sep 04 2015 16:33:29 GMT+0800 (Malay Peninsula Standard Time),,s17w28,label,"^"
Fri Sep 04 2015 16:33:30 GMT+0800 (Malay Peninsula Standard Time),,s17w29,focus,
Fri Sep 04 2015 16:33:31 GMT+0800 (Malay Peninsula Standard Time),,s17w30,focus,
Fri Sep 04 2015 16:33:31 GMT+0800 (Malay Peninsula Standard Time),,s17w31,focus,
Fri Sep 04 2015 16:33:31 GMT+0800 (Malay Peninsula Standard Time),,s17w32,focus,
Fri Sep 04 2015 16:33:32 GMT+0800 (Malay Peninsula Standard Time),,s17w33,focus,
Fri Sep 04 2015 16:33:33 GMT+0800 (Malay Peninsula Standard Time),,s17w34,focus,
Fri Sep 04 2015 16:33:33 GMT+0800 (Malay Peninsula Standard Time),,s17w35,focus,
Fri Sep 04 2015 16:33:34 GMT+0800 (Malay Peninsula Standard Time),,s17w36,focus,
Fri Sep 04 2015 16:33:34 GMT+0800 (Malay Peninsula Standard Time),,s17w37,focus,
Fri Sep 04 2015 16:33:34 GMT+0800 (Malay Peninsula Standard Time),,s17w38,focus,
Fri Sep 04 2015 16:33:35 GMT+0800 (Malay Peninsula Standard Time),,s17w39,focus,
Fri Sep 04 2015 16:33:36 GMT+0800 (Malay Peninsula Standard Time),,s17w40,focus,
Fri Sep 04 2015 16:33:36 GMT+0800 (Malay Peninsula Standard Time),,s17w41,focus,
Fri Sep 04 2015 16:33:36 GMT+0800 (Malay Peninsula Standard Time),,s17w42,focus,
Fri Sep 04 2015 16:33:37 GMT+0800 (Malay Peninsula Standard Time),,s17w43,focus,
Fri Sep 04 2015 16:33:37 GMT+0800 (Malay Peninsula Standard Time),,s17w44,focus,
Fri Sep 04 2015 16:33:37 GMT+0800 (Malay Peninsula Standard Time),,s17w45,focus,
Fri Sep 04 2015 16:33:39 GMT+0800 (Malay Peninsula Standard Time),,s17w46,focus,
Fri Sep 04 2015 16:33:41 GMT+0800 (Malay Peninsula Standard Time),,s17w47,focus,
Fri Sep 04 2015 16:33:41 GMT+0800 (Malay Peninsula Standard Time),,s18w1,focus,
Fri Sep 04 2015 16:33:43 GMT+0800 (Malay Peninsula Standard Time),,s18w2,focus,
Fri Sep 04 2015 16:33:44 GMT+0800 (Malay Peninsula Standard Time),,s18w3,focus,
Fri Sep 04 2015 16:33:44 GMT+0800 (Malay Peninsula Standard Time),,s18w4,focus,
Fri Sep 04 2015 16:33:45 GMT+0800 (Malay Peninsula Standard Time),,s18w5,focus,
Fri Sep 04 2015 16:33:45 GMT+0800 (Malay Peninsula Standard Time),,s18w6,focus,
Fri Sep 04 2015 16:33:46 GMT+0800 (Malay Peninsula Standard Time),,s18w7,focus,
Fri Sep 04 2015 16:33:46 GMT+0800 (Malay Peninsula Standard Time),,s18w8,focus,
Fri Sep 04 2015 16:33:47 GMT+0800 (Malay Peninsula Standard Time),,s18w9,focus,
Fri Sep 04 2015 16:33:47 GMT+0800 (Malay Peninsula Standard Time),,s18w10,focus,
Fri Sep 04 2015 16:33:51 GMT+0800 (Malay Peninsula Standard Time),,s18w11,focus,
Fri Sep 04 2015 16:33:51 GMT+0800 (Malay Peninsula Standard Time),,s18w12,focus,
Fri Sep 04 2015 16:33:53 GMT+0800 (Malay Peninsula Standard Time),,s18w13,focus,
Fri Sep 04 2015 16:33:53 GMT+0800 (Malay Peninsula Standard Time),,s18w14,focus,
Fri Sep 04 2015 16:33:57 GMT+0800 (Malay Peninsula Standard Time),,s18w14,label,"G"
Fri Sep 04 2015 16:33:58 GMT+0800 (Malay Peninsula Standard Time),,s18w15,focus,
Fri Sep 04 2015 16:33:58 GMT+0800 (Malay Peninsula Standard Time),,s18w16,focus,
Fri Sep 04 2015 16:33:59 GMT+0800 (Malay Peninsula Standard Time),,s18w17,focus,
Fri Sep 04 2015 16:34:00 GMT+0800 (Malay Peninsula Standard Time),,s18w18,focus,
Fri Sep 04 2015 16:34:01 GMT+0800 (Malay Peninsula Standard Time),,s18w19,focus,
Fri Sep 04 2015 16:34:02 GMT+0800 (Malay Peninsula Standard Time),,s18w20,focus,
Fri Sep 04 2015 16:34:02 GMT+0800 (Malay Peninsula Standard Time),,s18w21,focus,
Fri Sep 04 2015 16:34:02 GMT+0800 (Malay Peninsula Standard Time),,s18w22,focus,
Fri Sep 04 2015 16:34:03 GMT+0800 (Malay Peninsula Standard Time),,s18w23,focus,
Fri Sep 04 2015 16:34:05 GMT+0800 (Malay Peninsula Standard Time),,s18w23,label,"^"
Fri Sep 04 2015 16:34:05 GMT+0800 (Malay Peninsula Standard Time),,s18w24,focus,
Fri Sep 04 2015 16:34:06 GMT+0800 (Malay Peninsula Standard Time),,s18w25,focus,
Fri Sep 04 2015 16:34:06 GMT+0800 (Malay Peninsula Standard Time),,s18w26,focus,
Fri Sep 04 2015 16:34:07 GMT+0800 (Malay Peninsula Standard Time),,s18w27,focus,
Fri Sep 04 2015 16:34:07 GMT+0800 (Malay Peninsula Standard Time),,s18w28,focus,
Fri Sep 04 2015 16:34:08 GMT+0800 (Malay Peninsula Standard Time),,s18w29,focus,
Fri Sep 04 2015 16:34:09 GMT+0800 (Malay Peninsula Standard Time),,s18w30,focus,
Fri Sep 04 2015 16:34:09 GMT+0800 (Malay Peninsula Standard Time),,s18w31,focus,
Fri Sep 04 2015 16:34:10 GMT+0800 (Malay Peninsula Standard Time),,s18w32,focus,
Fri Sep 04 2015 16:34:11 GMT+0800 (Malay Peninsula Standard Time),,s18w33,focus,
Fri Sep 04 2015 16:34:12 GMT+0800 (Malay Peninsula Standard Time),,s18w34,focus,
Fri Sep 04 2015 16:34:12 GMT+0800 (Malay Peninsula Standard Time),,s18w35,focus,
Fri Sep 04 2015 16:34:13 GMT+0800 (Malay Peninsula Standard Time),,s18w36,focus,
Fri Sep 04 2015 16:34:13 GMT+0800 (Malay Peninsula Standard Time),,s19w1,focus,
Fri Sep 04 2015 16:34:13 GMT+0800 (Malay Peninsula Standard Time),,s19w2,focus,
Fri Sep 04 2015 16:34:17 GMT+0800 (Malay Peninsula Standard Time),,s19w1,focus,
Fri Sep 04 2015 16:34:18 GMT+0800 (Malay Peninsula Standard Time),,s19w2,focus,
Fri Sep 04 2015 16:34:18 GMT+0800 (Malay Peninsula Standard Time),,s19w2,label,"G"
Fri Sep 04 2015 16:34:18 GMT+0800 (Malay Peninsula Standard Time),,s19w3,focus,
Fri Sep 04 2015 16:34:18 GMT+0800 (Malay Peninsula Standard Time),,s19w3,label,"G"
Fri Sep 04 2015 16:34:18 GMT+0800 (Malay Peninsula Standard Time),,s19w4,focus,
Fri Sep 04 2015 16:34:18 GMT+0800 (Malay Peninsula Standard Time),,s19w4,label,"G"
Fri Sep 04 2015 16:34:19 GMT+0800 (Malay Peninsula Standard Time),,s19w5,focus,
Fri Sep 04 2015 16:34:19 GMT+0800 (Malay Peninsula Standard Time),,s19w5,label,"G"
Fri Sep 04 2015 16:34:19 GMT+0800 (Malay Peninsula Standard Time),,s19w6,focus,
Fri Sep 04 2015 16:34:19 GMT+0800 (Malay Peninsula Standard Time),,s19w6,label,"G"
Fri Sep 04 2015 16:34:19 GMT+0800 (Malay Peninsula Standard Time),,s19w7,focus,
Fri Sep 04 2015 16:34:19 GMT+0800 (Malay Peninsula Standard Time),,s19w7,label,"G"
Fri Sep 04 2015 16:34:20 GMT+0800 (Malay Peninsula Standard Time),,s19w7,label,"G"
Fri Sep 04 2015 16:34:21 GMT+0800 (Malay Peninsula Standard Time),,s19w8,focus,
Fri Sep 04 2015 16:34:21 GMT+0800 (Malay Peninsula Standard Time),,s19w8,label,"G"
Fri Sep 04 2015 16:34:21 GMT+0800 (Malay Peninsula Standard Time),,s19w9,focus,
Fri Sep 04 2015 16:34:21 GMT+0800 (Malay Peninsula Standard Time),,s19w9,label,"G"
Fri Sep 04 2015 16:34:22 GMT+0800 (Malay Peninsula Standard Time),,s19w10,focus,
Fri Sep 04 2015 16:34:22 GMT+0800 (Malay Peninsula Standard Time),,s19w10,label,"G"
Fri Sep 04 2015 16:34:22 GMT+0800 (Malay Peninsula Standard Time),,s19w11,focus,
Fri Sep 04 2015 16:34:22 GMT+0800 (Malay Peninsula Standard Time),,s19w11,label,"G"
Fri Sep 04 2015 16:34:24 GMT+0800 (Malay Peninsula Standard Time),,s19w11,label,"G"
Fri Sep 04 2015 16:34:24 GMT+0800 (Malay Peninsula Standard Time),,s19w12,focus,
Fri Sep 04 2015 16:34:26 GMT+0800 (Malay Peninsula Standard Time),,s19w12,label,"G"
Fri Sep 04 2015 16:34:26 GMT+0800 (Malay Peninsula Standard Time),,s19w13,focus,
Fri Sep 04 2015 16:34:28 GMT+0800 (Malay Peninsula Standard Time),,s19w13,label,"V"
Fri Sep 04 2015 16:34:29 GMT+0800 (Malay Peninsula Standard Time),,s19w14,focus,
Fri Sep 04 2015 16:34:30 GMT+0800 (Malay Peninsula Standard Time),,s19w14,label,"G"
Fri Sep 04 2015 16:34:30 GMT+0800 (Malay Peninsula Standard Time),,s19w15,focus,
Fri Sep 04 2015 16:34:30 GMT+0800 (Malay Peninsula Standard Time),,s19w15,label,"G"
Fri Sep 04 2015 16:34:30 GMT+0800 (Malay Peninsula Standard Time),,s19w16,focus,
Fri Sep 04 2015 16:34:30 GMT+0800 (Malay Peninsula Standard Time),,s19w16,label,"G"
Fri Sep 04 2015 16:34:30 GMT+0800 (Malay Peninsula Standard Time),,s19w17,focus,
Fri Sep 04 2015 16:34:32 GMT+0800 (Malay Peninsula Standard Time),,s19w18,focus,
Fri Sep 04 2015 16:34:32 GMT+0800 (Malay Peninsula Standard Time),,s19w19,focus,
Fri Sep 04 2015 16:34:33 GMT+0800 (Malay Peninsula Standard Time),,s19w20,focus,
Fri Sep 04 2015 16:34:33 GMT+0800 (Malay Peninsula Standard Time),,s19w21,focus,
Fri Sep 04 2015 16:34:33 GMT+0800 (Malay Peninsula Standard Time),,s19w22,focus,
Fri Sep 04 2015 16:34:35 GMT+0800 (Malay Peninsula Standard Time),,s19w22,label,"^"
Fri Sep 04 2015 16:34:35 GMT+0800 (Malay Peninsula Standard Time),,s19w23,focus,
Fri Sep 04 2015 16:34:36 GMT+0800 (Malay Peninsula Standard Time),,s19w24,focus,
Fri Sep 04 2015 16:34:37 GMT+0800 (Malay Peninsula Standard Time),,s19w25,focus,
Fri Sep 04 2015 16:34:37 GMT+0800 (Malay Peninsula Standard Time),,s19w26,focus,
Fri Sep 04 2015 16:34:37 GMT+0800 (Malay Peninsula Standard Time),,s19w27,focus,
Fri Sep 04 2015 16:34:38 GMT+0800 (Malay Peninsula Standard Time),,s19w28,focus,
Fri Sep 04 2015 16:34:39 GMT+0800 (Malay Peninsula Standard Time),,s19w29,focus,
Fri Sep 04 2015 16:34:40 GMT+0800 (Malay Peninsula Standard Time),,s19w30,focus,
Fri Sep 04 2015 16:34:40 GMT+0800 (Malay Peninsula Standard Time),,s19w31,focus,
Fri Sep 04 2015 16:34:41 GMT+0800 (Malay Peninsula Standard Time),,s19w32,focus,
Fri Sep 04 2015 16:34:41 GMT+0800 (Malay Peninsula Standard Time),,s19w33,focus,
Fri Sep 04 2015 16:34:42 GMT+0800 (Malay Peninsula Standard Time),,s19w34,focus,
Fri Sep 04 2015 16:34:43 GMT+0800 (Malay Peninsula Standard Time),,s19w35,focus,
Fri Sep 04 2015 16:34:43 GMT+0800 (Malay Peninsula Standard Time),,s19w36,focus,
Fri Sep 04 2015 16:34:43 GMT+0800 (Malay Peninsula Standard Time),,s19w37,focus,
Fri Sep 04 2015 16:34:44 GMT+0800 (Malay Peninsula Standard Time),,s19w38,focus,
Fri Sep 04 2015 16:34:44 GMT+0800 (Malay Peninsula Standard Time),,s19w39,focus,
Fri Sep 04 2015 16:34:45 GMT+0800 (Malay Peninsula Standard Time),,s19w40,focus,
Fri Sep 04 2015 16:34:47 GMT+0800 (Malay Peninsula Standard Time),,s19w40,label,"^"
Fri Sep 04 2015 16:34:47 GMT+0800 (Malay Peninsula Standard Time),,s19w41,focus,
Fri Sep 04 2015 16:34:48 GMT+0800 (Malay Peninsula Standard Time),,s19w42,focus,
Fri Sep 04 2015 16:34:49 GMT+0800 (Malay Peninsula Standard Time),,s19w43,focus,
Fri Sep 04 2015 16:34:50 GMT+0800 (Malay Peninsula Standard Time),,s19w44,focus,
Fri Sep 04 2015 16:34:50 GMT+0800 (Malay Peninsula Standard Time),,s19w45,focus,
Fri Sep 04 2015 16:34:50 GMT+0800 (Malay Peninsula Standard Time),,s19w46,focus,
Fri Sep 04 2015 16:34:52 GMT+0800 (Malay Peninsula Standard Time),,s19w47,focus,
Fri Sep 04 2015 16:34:53 GMT+0800 (Malay Peninsula Standard Time),,s19w48,focus,
Fri Sep 04 2015 16:34:55 GMT+0800 (Malay Peninsula Standard Time),,s19w49,focus,
Fri Sep 04 2015 16:34:55 GMT+0800 (Malay Peninsula Standard Time),,s19w50,focus,
Fri Sep 04 2015 16:34:56 GMT+0800 (Malay Peninsula Standard Time),,s19w51,focus,
Fri Sep 04 2015 16:34:57 GMT+0800 (Malay Peninsula Standard Time),,s19w52,focus,
Fri Sep 04 2015 16:34:59 GMT+0800 (Malay Peninsula Standard Time),,s19w51,focus,
Fri Sep 04 2015 16:34:59 GMT+0800 (Malay Peninsula Standard Time),,s19w50,focus,
Fri Sep 04 2015 16:34:59 GMT+0800 (Malay Peninsula Standard Time),,s19w49,focus,
Fri Sep 04 2015 16:34:59 GMT+0800 (Malay Peninsula Standard Time),,s19w48,focus,
Fri Sep 04 2015 16:35:00 GMT+0800 (Malay Peninsula Standard Time),,s19w47,focus,
Fri Sep 04 2015 16:35:01 GMT+0800 (Malay Peninsula Standard Time),,s19w46,focus,
Fri Sep 04 2015 16:35:03 GMT+0800 (Malay Peninsula Standard Time),,s19w46,label,"G"
Fri Sep 04 2015 16:35:03 GMT+0800 (Malay Peninsula Standard Time),,s19w47,focus,
Fri Sep 04 2015 16:35:03 GMT+0800 (Malay Peninsula Standard Time),,s19w47,label,"G"
Fri Sep 04 2015 16:35:04 GMT+0800 (Malay Peninsula Standard Time),,s19w48,focus,
Fri Sep 04 2015 16:35:04 GMT+0800 (Malay Peninsula Standard Time),,s19w48,label,"G"
Fri Sep 04 2015 16:35:04 GMT+0800 (Malay Peninsula Standard Time),,s19w49,focus,
Fri Sep 04 2015 16:35:04 GMT+0800 (Malay Peninsula Standard Time),,s19w50,focus,
Fri Sep 04 2015 16:35:05 GMT+0800 (Malay Peninsula Standard Time),,s19w51,focus,
Fri Sep 04 2015 16:35:05 GMT+0800 (Malay Peninsula Standard Time),,s19w52,focus,
Fri Sep 04 2015 16:35:05 GMT+0800 (Malay Peninsula Standard Time),,s20w1,focus,
Fri Sep 04 2015 16:35:06 GMT+0800 (Malay Peninsula Standard Time),,s20w2,focus,
Fri Sep 04 2015 16:35:06 GMT+0800 (Malay Peninsula Standard Time),,s20w3,focus,
Fri Sep 04 2015 16:35:06 GMT+0800 (Malay Peninsula Standard Time),,s20w4,focus,
Fri Sep 04 2015 16:35:07 GMT+0800 (Malay Peninsula Standard Time),,s20w5,focus,
Fri Sep 04 2015 16:35:08 GMT+0800 (Malay Peninsula Standard Time),,s20w6,focus,
Fri Sep 04 2015 16:35:08 GMT+0800 (Malay Peninsula Standard Time),,s20w7,focus,
Fri Sep 04 2015 16:35:11 GMT+0800 (Malay Peninsula Standard Time),,s20w7,label,"^"
Fri Sep 04 2015 16:35:11 GMT+0800 (Malay Peninsula Standard Time),,s20w8,focus,
Fri Sep 04 2015 16:35:12 GMT+0800 (Malay Peninsula Standard Time),,s20w9,focus,
Fri Sep 04 2015 16:35:13 GMT+0800 (Malay Peninsula Standard Time),,s20w10,focus,
Fri Sep 04 2015 16:35:13 GMT+0800 (Malay Peninsula Standard Time),,s20w11,focus,
Fri Sep 04 2015 16:35:13 GMT+0800 (Malay Peninsula Standard Time),,s20w12,focus,
Fri Sep 04 2015 16:35:13 GMT+0800 (Malay Peninsula Standard Time),,s20w13,focus,
Fri Sep 04 2015 16:35:14 GMT+0800 (Malay Peninsula Standard Time),,s20w14,focus,
Fri Sep 04 2015 16:35:14 GMT+0800 (Malay Peninsula Standard Time),,s20w15,focus,
Fri Sep 04 2015 16:35:15 GMT+0800 (Malay Peninsula Standard Time),,s20w16,focus,
Fri Sep 04 2015 16:35:15 GMT+0800 (Malay Peninsula Standard Time),,s20w17,focus,
Fri Sep 04 2015 16:35:17 GMT+0800 (Malay Peninsula Standard Time),,s20w16,focus,
Fri Sep 04 2015 16:35:18 GMT+0800 (Malay Peninsula Standard Time),,s20w16,label,"^"
Fri Sep 04 2015 16:35:18 GMT+0800 (Malay Peninsula Standard Time),,s20w17,focus,
Fri Sep 04 2015 16:35:18 GMT+0800 (Malay Peninsula Standard Time),,s20w18,focus,
Fri Sep 04 2015 16:35:19 GMT+0800 (Malay Peninsula Standard Time),,s20w19,focus,
Fri Sep 04 2015 16:35:19 GMT+0800 (Malay Peninsula Standard Time),,s20w20,focus,
Fri Sep 04 2015 16:35:20 GMT+0800 (Malay Peninsula Standard Time),,s20w21,focus,
Fri Sep 04 2015 16:35:21 GMT+0800 (Malay Peninsula Standard Time),,s20w22,focus,
Fri Sep 04 2015 16:35:22 GMT+0800 (Malay Peninsula Standard Time),,s20w22,label,"^"
Fri Sep 04 2015 16:35:22 GMT+0800 (Malay Peninsula Standard Time),,s20w23,focus,
Fri Sep 04 2015 16:35:24 GMT+0800 (Malay Peninsula Standard Time),,s20w24,focus,
Fri Sep 04 2015 16:35:26 GMT+0800 (Malay Peninsula Standard Time),,s20w24,label,"^"
Fri Sep 04 2015 16:35:27 GMT+0800 (Malay Peninsula Standard Time),,s20w25,focus,
Fri Sep 04 2015 16:35:30 GMT+0800 (Malay Peninsula Standard Time),,,submitPage,
