Fri Sep 04 2015 01:09:16 GMT+0800 (Malay Peninsula Standard Time),,,pageReady,0:100:100
Fri Sep 04 2015 01:09:16 GMT+0800 (Malay Peninsula Standard Time),,s0,twitterId,1077826
Fri Sep 04 2015 01:09:16 GMT+0800 (Malay Peninsula Standard Time),,s1,twitterId,1077826
Fri Sep 04 2015 01:09:16 GMT+0800 (Malay Peninsula Standard Time),,s2,twitterId,1077826
Fri Sep 04 2015 01:09:16 GMT+0800 (Malay Peninsula Standard Time),,s3,twitterId,1077826
Fri Sep 04 2015 01:09:16 GMT+0800 (Malay Peninsula Standard Time),,s4,twitterId,1077826
Fri Sep 04 2015 01:11:46 GMT+0800 (Malay Peninsula Standard Time),,s0w4,focus,
Fri Sep 04 2015 01:11:46 GMT+0800 (Malay Peninsula Standard Time),,s0w4,focus,
Fri Sep 04 2015 01:11:49 GMT+0800 (Malay Peninsula Standard Time),,s0w4,label,"V"
Fri Sep 04 2015 01:11:56 GMT+0800 (Malay Peninsula Standard Time),,s0w1,focus,
Fri Sep 04 2015 01:11:56 GMT+0800 (Malay Peninsula Standard Time),,s0w1,focus,
Fri Sep 04 2015 01:11:57 GMT+0800 (Malay Peninsula Standard Time),,s0w1,label,"^"
Fri Sep 04 2015 01:11:58 GMT+0800 (Malay Peninsula Standard Time),,s1w10,focus,
Fri Sep 04 2015 01:11:58 GMT+0800 (Malay Peninsula Standard Time),,s1w10,focus,
Fri Sep 04 2015 01:11:59 GMT+0800 (Malay Peninsula Standard Time),,s1w10,label,"^"
Fri Sep 04 2015 01:12:03 GMT+0800 (Malay Peninsula Standard Time),,s1w14,focus,
Fri Sep 04 2015 01:12:03 GMT+0800 (Malay Peninsula Standard Time),,s1w14,focus,
Fri Sep 04 2015 01:12:03 GMT+0800 (Malay Peninsula Standard Time),,s1w14,label,"^"
Fri Sep 04 2015 01:12:10 GMT+0800 (Malay Peninsula Standard Time),,s1w33,focus,
Fri Sep 04 2015 01:12:10 GMT+0800 (Malay Peninsula Standard Time),,s1w33,focus,
Fri Sep 04 2015 01:12:10 GMT+0800 (Malay Peninsula Standard Time),,s1w33,label,"^"
Fri Sep 04 2015 01:12:12 GMT+0800 (Malay Peninsula Standard Time),,s1w35,focus,
Fri Sep 04 2015 01:12:12 GMT+0800 (Malay Peninsula Standard Time),,s1w35,focus,
Fri Sep 04 2015 01:12:13 GMT+0800 (Malay Peninsula Standard Time),,s1w35,label,","
Fri Sep 04 2015 01:12:14 GMT+0800 (Malay Peninsula Standard Time),,s1w37,focus,
Fri Sep 04 2015 01:12:14 GMT+0800 (Malay Peninsula Standard Time),,s1w37,focus,
Fri Sep 04 2015 01:12:15 GMT+0800 (Malay Peninsula Standard Time),,s1w37,label,","
Fri Sep 04 2015 01:12:18 GMT+0800 (Malay Peninsula Standard Time),,s1w39,focus,
Fri Sep 04 2015 01:12:18 GMT+0800 (Malay Peninsula Standard Time),,s1w39,focus,
Fri Sep 04 2015 01:12:19 GMT+0800 (Malay Peninsula Standard Time),,s1w39,label,","
Fri Sep 04 2015 01:12:21 GMT+0800 (Malay Peninsula Standard Time),,s1w45,focus,
Fri Sep 04 2015 01:12:21 GMT+0800 (Malay Peninsula Standard Time),,s1w45,focus,
Fri Sep 04 2015 01:12:22 GMT+0800 (Malay Peninsula Standard Time),,s1w45,label,"^"
Fri Sep 04 2015 01:12:23 GMT+0800 (Malay Peninsula Standard Time),,s1w46,focus,
Fri Sep 04 2015 01:12:23 GMT+0800 (Malay Peninsula Standard Time),,s1w46,focus,
Fri Sep 04 2015 01:12:24 GMT+0800 (Malay Peninsula Standard Time),,s1w46,label,"^"
Fri Sep 04 2015 01:12:37 GMT+0800 (Malay Peninsula Standard Time),,s1w79,focus,
Fri Sep 04 2015 01:12:37 GMT+0800 (Malay Peninsula Standard Time),,s1w79,focus,
Fri Sep 04 2015 01:12:37 GMT+0800 (Malay Peninsula Standard Time),,s1w79,label,"^"
Fri Sep 04 2015 01:12:40 GMT+0800 (Malay Peninsula Standard Time),,s1w85,focus,
Fri Sep 04 2015 01:12:40 GMT+0800 (Malay Peninsula Standard Time),,s1w85,focus,
Fri Sep 04 2015 01:12:40 GMT+0800 (Malay Peninsula Standard Time),,s1w85,label,"^"
Fri Sep 04 2015 01:12:46 GMT+0800 (Malay Peninsula Standard Time),,s1w106,focus,
Fri Sep 04 2015 01:12:46 GMT+0800 (Malay Peninsula Standard Time),,s1w106,focus,
Fri Sep 04 2015 01:12:47 GMT+0800 (Malay Peninsula Standard Time),,s1w106,label,"^"
Fri Sep 04 2015 01:13:06 GMT+0800 (Malay Peninsula Standard Time),,s2w33,focus,
Fri Sep 04 2015 01:13:06 GMT+0800 (Malay Peninsula Standard Time),,s2w33,focus,
Fri Sep 04 2015 01:13:06 GMT+0800 (Malay Peninsula Standard Time),,s2w33,label,"^"
Fri Sep 04 2015 01:13:18 GMT+0800 (Malay Peninsula Standard Time),,s2w79,focus,
Fri Sep 04 2015 01:13:18 GMT+0800 (Malay Peninsula Standard Time),,s2w79,focus,
Fri Sep 04 2015 01:13:19 GMT+0800 (Malay Peninsula Standard Time),,s2w79,label,"^"
Fri Sep 04 2015 01:13:32 GMT+0800 (Malay Peninsula Standard Time),,s4w15,focus,
Fri Sep 04 2015 01:13:32 GMT+0800 (Malay Peninsula Standard Time),,s4w15,focus,
Fri Sep 04 2015 01:13:32 GMT+0800 (Malay Peninsula Standard Time),,s4w15,label,"^"
Fri Sep 04 2015 01:13:38 GMT+0800 (Malay Peninsula Standard Time),,,submitPage,
Fri Sep 04 2015 15:58:05 GMT+0800 (Malay Peninsula Standard Time),,,pageReady,0:100:100
Fri Sep 04 2015 15:58:05 GMT+0800 (Malay Peninsula Standard Time),,s0,twitterId,1077826
Fri Sep 04 2015 15:58:05 GMT+0800 (Malay Peninsula Standard Time),,s1,twitterId,1077826
Fri Sep 04 2015 15:58:05 GMT+0800 (Malay Peninsula Standard Time),,s2,twitterId,1077826
Fri Sep 04 2015 15:58:05 GMT+0800 (Malay Peninsula Standard Time),,s3,twitterId,1077826
Fri Sep 04 2015 15:58:05 GMT+0800 (Malay Peninsula Standard Time),,s4,twitterId,1077826
Fri Sep 04 2015 15:58:40 GMT+0800 (Malay Peninsula Standard Time),,s1w34,focus,
Fri Sep 04 2015 15:58:40 GMT+0800 (Malay Peninsula Standard Time),,s1w34,focus,
Fri Sep 04 2015 15:58:41 GMT+0800 (Malay Peninsula Standard Time),,s1w34,label,"C"
Fri Sep 04 2015 15:58:42 GMT+0800 (Malay Peninsula Standard Time),,s1w35,focus,
Fri Sep 04 2015 15:58:42 GMT+0800 (Malay Peninsula Standard Time),,s1w35,focus,
Fri Sep 04 2015 15:58:44 GMT+0800 (Malay Peninsula Standard Time),,s1w35,label,","
Fri Sep 04 2015 15:58:45 GMT+0800 (Malay Peninsula Standard Time),,s1w35,focus,
Fri Sep 04 2015 15:58:45 GMT+0800 (Malay Peninsula Standard Time),,s1w36,focus,
Fri Sep 04 2015 15:58:45 GMT+0800 (Malay Peninsula Standard Time),,s1w36,focus,
Fri Sep 04 2015 15:58:46 GMT+0800 (Malay Peninsula Standard Time),,s1w36,label,"C"
Fri Sep 04 2015 15:58:48 GMT+0800 (Malay Peninsula Standard Time),,s1w37,focus,
Fri Sep 04 2015 15:58:48 GMT+0800 (Malay Peninsula Standard Time),,s1w37,focus,
Fri Sep 04 2015 15:58:48 GMT+0800 (Malay Peninsula Standard Time),,s1w38,focus,
Fri Sep 04 2015 15:58:48 GMT+0800 (Malay Peninsula Standard Time),,s1w38,focus,
Fri Sep 04 2015 15:58:48 GMT+0800 (Malay Peninsula Standard Time),,s1w37,focus,
Fri Sep 04 2015 15:58:49 GMT+0800 (Malay Peninsula Standard Time),,s1w37,focus,
Fri Sep 04 2015 15:58:49 GMT+0800 (Malay Peninsula Standard Time),,s1w37,label,","
Fri Sep 04 2015 15:58:50 GMT+0800 (Malay Peninsula Standard Time),,s1w38,focus,
Fri Sep 04 2015 15:58:50 GMT+0800 (Malay Peninsula Standard Time),,s1w38,focus,
Fri Sep 04 2015 15:58:50 GMT+0800 (Malay Peninsula Standard Time),,s1w38,label,"C"
Fri Sep 04 2015 15:58:51 GMT+0800 (Malay Peninsula Standard Time),,s1w35,focus,
Fri Sep 04 2015 15:58:51 GMT+0800 (Malay Peninsula Standard Time),,s1w35,focus,
Fri Sep 04 2015 15:58:52 GMT+0800 (Malay Peninsula Standard Time),,s1w35,label,"C"
Fri Sep 04 2015 15:58:53 GMT+0800 (Malay Peninsula Standard Time),,s1w37,focus,
Fri Sep 04 2015 15:58:53 GMT+0800 (Malay Peninsula Standard Time),,s1w37,focus,
Fri Sep 04 2015 15:58:53 GMT+0800 (Malay Peninsula Standard Time),,s1w37,label,"C"
Fri Sep 04 2015 15:58:54 GMT+0800 (Malay Peninsula Standard Time),,s1w39,focus,
Fri Sep 04 2015 15:58:54 GMT+0800 (Malay Peninsula Standard Time),,s1w39,focus,
Fri Sep 04 2015 15:58:55 GMT+0800 (Malay Peninsula Standard Time),,s1w39,label,"C"
Fri Sep 04 2015 15:59:13 GMT+0800 (Malay Peninsula Standard Time),,s1w132,focus,
Fri Sep 04 2015 15:59:13 GMT+0800 (Malay Peninsula Standard Time),,s1w132,focus,
Fri Sep 04 2015 15:59:14 GMT+0800 (Malay Peninsula Standard Time),,s1w132,label,"A"
Fri Sep 04 2015 15:59:18 GMT+0800 (Malay Peninsula Standard Time),,,submitPage,
