Tue Sep 01 2015 23:05:57 GMT+0800 (Malay Peninsula Standard Time),,,pageReady,0:100:100
Tue Sep 01 2015 23:05:57 GMT+0800 (Malay Peninsula Standard Time),,s0,twitterId,1040228
Tue Sep 01 2015 23:05:57 GMT+0800 (Malay Peninsula Standard Time),,s1,twitterId,1040228
Tue Sep 01 2015 23:05:57 GMT+0800 (Malay Peninsula Standard Time),,s2,twitterId,1040228
Tue Sep 01 2015 23:05:57 GMT+0800 (Malay Peninsula Standard Time),,s3,twitterId,1040228
Tue Sep 01 2015 23:05:57 GMT+0800 (Malay Peninsula Standard Time),,s4,twitterId,1040228
Tue Sep 01 2015 23:05:57 GMT+0800 (Malay Peninsula Standard Time),,s5,twitterId,1040228
Tue Sep 01 2015 23:05:57 GMT+0800 (Malay Peninsula Standard Time),,s6,twitterId,1040228
Tue Sep 01 2015 23:05:57 GMT+0800 (Malay Peninsula Standard Time),,s7,twitterId,1040228
Tue Sep 01 2015 23:05:57 GMT+0800 (Malay Peninsula Standard Time),,s8,twitterId,1040228
Tue Sep 01 2015 23:05:57 GMT+0800 (Malay Peninsula Standard Time),,s9,twitterId,1040228
Tue Sep 01 2015 23:05:57 GMT+0800 (Malay Peninsula Standard Time),,s10,twitterId,1040228
Tue Sep 01 2015 23:05:57 GMT+0800 (Malay Peninsula Standard Time),,s11,twitterId,1040228
Tue Sep 01 2015 23:05:57 GMT+0800 (Malay Peninsula Standard Time),,s12,twitterId,1040228
Tue Sep 01 2015 23:05:57 GMT+0800 (Malay Peninsula Standard Time),,s13,twitterId,1040228
Tue Sep 01 2015 23:05:57 GMT+0800 (Malay Peninsula Standard Time),,s14,twitterId,1040228
Tue Sep 01 2015 23:05:57 GMT+0800 (Malay Peninsula Standard Time),,s15,twitterId,1040228
Tue Sep 01 2015 23:05:57 GMT+0800 (Malay Peninsula Standard Time),,s16,twitterId,1040228
Tue Sep 01 2015 23:05:57 GMT+0800 (Malay Peninsula Standard Time),,s17,twitterId,1040228
Tue Sep 01 2015 23:30:40 GMT+0800 (Malay Peninsula Standard Time),,s0w1,focus,
Tue Sep 01 2015 23:30:41 GMT+0800 (Malay Peninsula Standard Time),,s0w2,focus,
Tue Sep 01 2015 23:30:41 GMT+0800 (Malay Peninsula Standard Time),,s0w3,focus,
Tue Sep 01 2015 23:30:42 GMT+0800 (Malay Peninsula Standard Time),,s0w4,focus,
Tue Sep 01 2015 23:30:42 GMT+0800 (Malay Peninsula Standard Time),,s0w5,focus,
Tue Sep 01 2015 23:30:42 GMT+0800 (Malay Peninsula Standard Time),,s0w6,focus,
Tue Sep 01 2015 23:30:44 GMT+0800 (Malay Peninsula Standard Time),,s0w5,focus,
Tue Sep 01 2015 23:30:44 GMT+0800 (Malay Peninsula Standard Time),,s0w4,focus,
Tue Sep 01 2015 23:30:44 GMT+0800 (Malay Peninsula Standard Time),,s0w3,focus,
Tue Sep 01 2015 23:30:44 GMT+0800 (Malay Peninsula Standard Time),,s0w2,focus,
Tue Sep 01 2015 23:30:45 GMT+0800 (Malay Peninsula Standard Time),,s0w1,focus,
Tue Sep 01 2015 23:30:48 GMT+0800 (Malay Peninsula Standard Time),,s1w1,focus,
Tue Sep 01 2015 23:30:48 GMT+0800 (Malay Peninsula Standard Time),,s1w1,focus,
Tue Sep 01 2015 23:30:55 GMT+0800 (Malay Peninsula Standard Time),,s0w6,focus,
Tue Sep 01 2015 23:30:55 GMT+0800 (Malay Peninsula Standard Time),,s0w6,focus,
Tue Sep 01 2015 23:31:01 GMT+0800 (Malay Peninsula Standard Time),,s0w5,focus,
Tue Sep 01 2015 23:31:01 GMT+0800 (Malay Peninsula Standard Time),,s0w5,focus,
Tue Sep 01 2015 23:31:04 GMT+0800 (Malay Peninsula Standard Time),,s0w4,focus,
Tue Sep 01 2015 23:31:04 GMT+0800 (Malay Peninsula Standard Time),,s0w4,focus,
Tue Sep 01 2015 23:31:10 GMT+0800 (Malay Peninsula Standard Time),,s0w3,focus,
Tue Sep 01 2015 23:31:10 GMT+0800 (Malay Peninsula Standard Time),,s0w3,focus,
Tue Sep 01 2015 23:31:11 GMT+0800 (Malay Peninsula Standard Time),,s0w2,focus,
Tue Sep 01 2015 23:31:11 GMT+0800 (Malay Peninsula Standard Time),,s0w2,focus,
Tue Sep 01 2015 23:32:34 GMT+0800 (Malay Peninsula Standard Time),,s0w2,focus,
Tue Sep 01 2015 23:34:03 GMT+0800 (Malay Peninsula Standard Time),,s0w2,focus,
Tue Sep 01 2015 23:34:44 GMT+0800 (Malay Peninsula Standard Time),,s0w2,focus,
Tue Sep 01 2015 23:35:50 GMT+0800 (Malay Peninsula Standard Time),,s0w2,focus,
Tue Sep 01 2015 23:37:22 GMT+0800 (Malay Peninsula Standard Time),,s1w41,focus,
Tue Sep 01 2015 23:37:22 GMT+0800 (Malay Peninsula Standard Time),,s1w41,focus,
Tue Sep 01 2015 23:37:28 GMT+0800 (Malay Peninsula Standard Time),,s1w41,focus,
Tue Sep 01 2015 23:39:32 GMT+0800 (Malay Peninsula Standard Time),,s1w41,focus,
Tue Sep 01 2015 23:42:31 GMT+0800 (Malay Peninsula Standard Time),,s1w41,focus,
Tue Sep 01 2015 23:43:03 GMT+0800 (Malay Peninsula Standard Time),,s1w41,focus,
Tue Sep 01 2015 23:43:23 GMT+0800 (Malay Peninsula Standard Time),,s1w41,focus,
Tue Sep 01 2015 23:43:37 GMT+0800 (Malay Peninsula Standard Time),,s1w41,focus,
Tue Sep 01 2015 23:43:38 GMT+0800 (Malay Peninsula Standard Time),,s1w41,focus,
Tue Sep 01 2015 23:43:50 GMT+0800 (Malay Peninsula Standard Time),,s1w41,label,"R"
Tue Sep 01 2015 23:44:14 GMT+0800 (Malay Peninsula Standard Time),,s1w41,focus,
Tue Sep 01 2015 23:44:15 GMT+0800 (Malay Peninsula Standard Time),,s1w50,focus,
Tue Sep 01 2015 23:44:16 GMT+0800 (Malay Peninsula Standard Time),,s1w50,focus,
Tue Sep 01 2015 23:44:17 GMT+0800 (Malay Peninsula Standard Time),,s1w50,label,"^"
Tue Sep 01 2015 23:44:19 GMT+0800 (Malay Peninsula Standard Time),,s1w52,focus,
Tue Sep 01 2015 23:44:19 GMT+0800 (Malay Peninsula Standard Time),,s1w52,focus,
Tue Sep 01 2015 23:44:20 GMT+0800 (Malay Peninsula Standard Time),,s1w52,label,"^"
Tue Sep 01 2015 23:45:15 GMT+0800 (Malay Peninsula Standard Time),,s1w52,focus,
Tue Sep 01 2015 23:46:26 GMT+0800 (Malay Peninsula Standard Time),,s1w52,focus,
Tue Sep 01 2015 23:46:29 GMT+0800 (Malay Peninsula Standard Time),,s1w52,focus,
Tue Sep 01 2015 23:46:46 GMT+0800 (Malay Peninsula Standard Time),,s1w52,focus,
Tue Sep 01 2015 23:47:44 GMT+0800 (Malay Peninsula Standard Time),,s1w52,focus,
Tue Sep 01 2015 23:49:05 GMT+0800 (Malay Peninsula Standard Time),,s1w52,focus,
Tue Sep 01 2015 23:50:19 GMT+0800 (Malay Peninsula Standard Time),,s1w52,focus,
Tue Sep 01 2015 23:51:09 GMT+0800 (Malay Peninsula Standard Time),,s1w52,focus,
Tue Sep 01 2015 23:52:23 GMT+0800 (Malay Peninsula Standard Time),,s1w52,focus,
Tue Sep 01 2015 23:53:29 GMT+0800 (Malay Peninsula Standard Time),,s1w52,focus,
Tue Sep 01 2015 23:54:23 GMT+0800 (Malay Peninsula Standard Time),,s1w52,focus,
Tue Sep 01 2015 23:55:14 GMT+0800 (Malay Peninsula Standard Time),,s1w52,focus,
Tue Sep 01 2015 23:55:20 GMT+0800 (Malay Peninsula Standard Time),,s1w111,focus,
Tue Sep 01 2015 23:55:20 GMT+0800 (Malay Peninsula Standard Time),,s1w111,focus,
Tue Sep 01 2015 23:55:23 GMT+0800 (Malay Peninsula Standard Time),,s1w111,label,"^"
Tue Sep 01 2015 23:56:21 GMT+0800 (Malay Peninsula Standard Time),,s1w111,focus,
Tue Sep 01 2015 23:57:08 GMT+0800 (Malay Peninsula Standard Time),,s1w111,focus,
Tue Sep 01 2015 23:57:31 GMT+0800 (Malay Peninsula Standard Time),,s1w111,focus,
Tue Sep 01 2015 23:58:29 GMT+0800 (Malay Peninsula Standard Time),,s1w111,focus,
Tue Sep 01 2015 23:58:40 GMT+0800 (Malay Peninsula Standard Time),,s1w111,focus,
Wed Sep 02 2015 00:00:14 GMT+0800 (Malay Peninsula Standard Time),,s1w111,focus,
Wed Sep 02 2015 00:09:18 GMT+0800 (Malay Peninsula Standard Time),,s6w1,focus,
Wed Sep 02 2015 00:09:18 GMT+0800 (Malay Peninsula Standard Time),,s6w1,focus,
Wed Sep 02 2015 00:09:21 GMT+0800 (Malay Peninsula Standard Time),,s6w1,label,"V"
Wed Sep 02 2015 00:09:45 GMT+0800 (Malay Peninsula Standard Time),,s6w13,focus,
Wed Sep 02 2015 00:09:45 GMT+0800 (Malay Peninsula Standard Time),,s6w13,focus,
Wed Sep 02 2015 00:09:47 GMT+0800 (Malay Peninsula Standard Time),,s6w13,label,"^"
Wed Sep 02 2015 00:10:58 GMT+0800 (Malay Peninsula Standard Time),,s6w13,focus,
Wed Sep 02 2015 00:11:05 GMT+0800 (Malay Peninsula Standard Time),,s6w13,focus,
Wed Sep 02 2015 00:11:15 GMT+0800 (Malay Peninsula Standard Time),,s6w13,focus,
Wed Sep 02 2015 00:11:18 GMT+0800 (Malay Peninsula Standard Time),,s7w15,focus,
Wed Sep 02 2015 00:11:18 GMT+0800 (Malay Peninsula Standard Time),,s7w15,focus,
Wed Sep 02 2015 00:11:22 GMT+0800 (Malay Peninsula Standard Time),,s7w15,label,"N"
Wed Sep 02 2015 00:12:40 GMT+0800 (Malay Peninsula Standard Time),,s7w15,focus,
Wed Sep 02 2015 00:14:37 GMT+0800 (Malay Peninsula Standard Time),,s7w15,focus,
Wed Sep 02 2015 00:15:30 GMT+0800 (Malay Peninsula Standard Time),,s7w15,focus,
Wed Sep 02 2015 00:16:05 GMT+0800 (Malay Peninsula Standard Time),,s7w15,focus,
Wed Sep 02 2015 00:16:50 GMT+0800 (Malay Peninsula Standard Time),,s7w15,focus,
Wed Sep 02 2015 00:17:40 GMT+0800 (Malay Peninsula Standard Time),,s7w15,focus,
Wed Sep 02 2015 00:18:00 GMT+0800 (Malay Peninsula Standard Time),,s7w15,focus,
Wed Sep 02 2015 00:18:31 GMT+0800 (Malay Peninsula Standard Time),,s7w15,focus,
Wed Sep 02 2015 00:18:52 GMT+0800 (Malay Peninsula Standard Time),,s7w15,focus,
Wed Sep 02 2015 00:21:51 GMT+0800 (Malay Peninsula Standard Time),,s7w15,focus,
Wed Sep 02 2015 00:25:50 GMT+0800 (Malay Peninsula Standard Time),,s8w19,focus,
Wed Sep 02 2015 00:25:50 GMT+0800 (Malay Peninsula Standard Time),,s8w19,focus,
Wed Sep 02 2015 00:27:47 GMT+0800 (Malay Peninsula Standard Time),,s8w19,focus,
Wed Sep 02 2015 00:28:26 GMT+0800 (Malay Peninsula Standard Time),,s8w19,focus,
Wed Sep 02 2015 00:28:56 GMT+0800 (Malay Peninsula Standard Time),,s8w19,focus,
Wed Sep 02 2015 00:29:32 GMT+0800 (Malay Peninsula Standard Time),,s8w19,focus,
Wed Sep 02 2015 00:29:46 GMT+0800 (Malay Peninsula Standard Time),,s8w19,focus,
Wed Sep 02 2015 00:29:55 GMT+0800 (Malay Peninsula Standard Time),,s8w19,focus,
Wed Sep 02 2015 00:30:03 GMT+0800 (Malay Peninsula Standard Time),,s11w28,focus,
Wed Sep 02 2015 00:30:03 GMT+0800 (Malay Peninsula Standard Time),,s11w28,focus,
Wed Sep 02 2015 00:30:05 GMT+0800 (Malay Peninsula Standard Time),,s11w28,label,"^"
Wed Sep 02 2015 00:31:27 GMT+0800 (Malay Peninsula Standard Time),,s11w28,focus,
Wed Sep 02 2015 00:31:29 GMT+0800 (Malay Peninsula Standard Time),,s11w106,focus,
Wed Sep 02 2015 00:31:29 GMT+0800 (Malay Peninsula Standard Time),,s11w106,focus,
Wed Sep 02 2015 00:31:30 GMT+0800 (Malay Peninsula Standard Time),,s11w106,label,"^"
Wed Sep 02 2015 00:32:06 GMT+0800 (Malay Peninsula Standard Time),,s12w9,focus,
Wed Sep 02 2015 00:32:06 GMT+0800 (Malay Peninsula Standard Time),,s12w9,focus,
Wed Sep 02 2015 00:32:07 GMT+0800 (Malay Peninsula Standard Time),,s12w9,label,"^"
Wed Sep 02 2015 00:33:40 GMT+0800 (Malay Peninsula Standard Time),,s14w8,focus,
Wed Sep 02 2015 00:33:40 GMT+0800 (Malay Peninsula Standard Time),,s14w8,focus,
Wed Sep 02 2015 00:33:41 GMT+0800 (Malay Peninsula Standard Time),,s14w8,label,"^"
Wed Sep 02 2015 00:34:32 GMT+0800 (Malay Peninsula Standard Time),,s14w8,focus,
Wed Sep 02 2015 00:34:43 GMT+0800 (Malay Peninsula Standard Time),,s14w3,focus,
Wed Sep 02 2015 00:34:43 GMT+0800 (Malay Peninsula Standard Time),,s14w3,focus,
Wed Sep 02 2015 00:34:44 GMT+0800 (Malay Peninsula Standard Time),,s14w3,label,"^"
Wed Sep 02 2015 00:34:51 GMT+0800 (Malay Peninsula Standard Time),,s12w25,focus,
Wed Sep 02 2015 00:34:52 GMT+0800 (Malay Peninsula Standard Time),,s12w25,focus,
Wed Sep 02 2015 00:34:52 GMT+0800 (Malay Peninsula Standard Time),,s12w25,label,"^"
Wed Sep 02 2015 00:36:29 GMT+0800 (Malay Peninsula Standard Time),,s12w25,focus,
Wed Sep 02 2015 00:36:31 GMT+0800 (Malay Peninsula Standard Time),,s15w65,focus,
Wed Sep 02 2015 00:36:31 GMT+0800 (Malay Peninsula Standard Time),,s15w65,focus,
Wed Sep 02 2015 00:36:32 GMT+0800 (Malay Peninsula Standard Time),,s15w65,label,"^"
Wed Sep 02 2015 00:36:44 GMT+0800 (Malay Peninsula Standard Time),,s15w65,focus,
Wed Sep 02 2015 00:37:26 GMT+0800 (Malay Peninsula Standard Time),,s17w13,focus,
Wed Sep 02 2015 00:37:26 GMT+0800 (Malay Peninsula Standard Time),,s17w13,focus,
Wed Sep 02 2015 00:37:27 GMT+0800 (Malay Peninsula Standard Time),,s17w13,label,"^"
Wed Sep 02 2015 00:37:47 GMT+0800 (Malay Peninsula Standard Time),,s17w13,focus,
Wed Sep 02 2015 00:38:29 GMT+0800 (Malay Peninsula Standard Time),,,submitPage,
Fri Sep 04 2015 00:13:21 GMT+0800 (Malay Peninsula Standard Time),,,pageReady,0:100:100
Fri Sep 04 2015 00:13:21 GMT+0800 (Malay Peninsula Standard Time),,s0,twitterId,1040228
Fri Sep 04 2015 00:13:21 GMT+0800 (Malay Peninsula Standard Time),,s1,twitterId,1040228
Fri Sep 04 2015 00:13:21 GMT+0800 (Malay Peninsula Standard Time),,s2,twitterId,1040228
Fri Sep 04 2015 00:13:21 GMT+0800 (Malay Peninsula Standard Time),,s3,twitterId,1040228
Fri Sep 04 2015 00:13:21 GMT+0800 (Malay Peninsula Standard Time),,s4,twitterId,1040228
Fri Sep 04 2015 00:13:21 GMT+0800 (Malay Peninsula Standard Time),,s5,twitterId,1040228
Fri Sep 04 2015 00:13:21 GMT+0800 (Malay Peninsula Standard Time),,s6,twitterId,1040228
Fri Sep 04 2015 00:13:21 GMT+0800 (Malay Peninsula Standard Time),,s7,twitterId,1040228
Fri Sep 04 2015 00:13:21 GMT+0800 (Malay Peninsula Standard Time),,s8,twitterId,1040228
Fri Sep 04 2015 00:13:21 GMT+0800 (Malay Peninsula Standard Time),,s9,twitterId,1040228
Fri Sep 04 2015 00:13:21 GMT+0800 (Malay Peninsula Standard Time),,s10,twitterId,1040228
Fri Sep 04 2015 00:13:21 GMT+0800 (Malay Peninsula Standard Time),,s11,twitterId,1040228
Fri Sep 04 2015 00:13:21 GMT+0800 (Malay Peninsula Standard Time),,s12,twitterId,1040228
Fri Sep 04 2015 00:13:21 GMT+0800 (Malay Peninsula Standard Time),,s13,twitterId,1040228
Fri Sep 04 2015 00:13:21 GMT+0800 (Malay Peninsula Standard Time),,s14,twitterId,1040228
Fri Sep 04 2015 00:13:21 GMT+0800 (Malay Peninsula Standard Time),,s15,twitterId,1040228
Fri Sep 04 2015 00:13:21 GMT+0800 (Malay Peninsula Standard Time),,s16,twitterId,1040228
Fri Sep 04 2015 00:13:21 GMT+0800 (Malay Peninsula Standard Time),,s17,twitterId,1040228
Fri Sep 04 2015 00:14:20 GMT+0800 (Malay Peninsula Standard Time),,s11w66,focus,
Fri Sep 04 2015 00:14:20 GMT+0800 (Malay Peninsula Standard Time),,s11w66,focus,
Fri Sep 04 2015 00:14:21 GMT+0800 (Malay Peninsula Standard Time),,s11w66,label,"^"
Fri Sep 04 2015 00:14:26 GMT+0800 (Malay Peninsula Standard Time),,s11w104,focus,
Fri Sep 04 2015 00:14:26 GMT+0800 (Malay Peninsula Standard Time),,s11w104,focus,
Fri Sep 04 2015 00:14:27 GMT+0800 (Malay Peninsula Standard Time),,s11w104,label,"^"
Fri Sep 04 2015 00:14:29 GMT+0800 (Malay Peninsula Standard Time),,s11w126,focus,
Fri Sep 04 2015 00:14:29 GMT+0800 (Malay Peninsula Standard Time),,s11w126,focus,
Fri Sep 04 2015 00:14:29 GMT+0800 (Malay Peninsula Standard Time),,s11w126,label,"^"
Fri Sep 04 2015 00:17:17 GMT+0800 (Malay Peninsula Standard Time),,s1w50,focus,
Fri Sep 04 2015 00:17:17 GMT+0800 (Malay Peninsula Standard Time),,s1w50,focus,
Fri Sep 04 2015 00:17:17 GMT+0800 (Malay Peninsula Standard Time),,s1w50,label,"^"
Fri Sep 04 2015 00:17:20 GMT+0800 (Malay Peninsula Standard Time),,s1w52,focus,
Fri Sep 04 2015 00:17:20 GMT+0800 (Malay Peninsula Standard Time),,s1w52,focus,
Fri Sep 04 2015 00:17:20 GMT+0800 (Malay Peninsula Standard Time),,s1w52,label,"^"
Fri Sep 04 2015 00:17:51 GMT+0800 (Malay Peninsula Standard Time),,s1w107,focus,
Fri Sep 04 2015 00:17:51 GMT+0800 (Malay Peninsula Standard Time),,s1w107,focus,
Fri Sep 04 2015 00:17:55 GMT+0800 (Malay Peninsula Standard Time),,s1w111,focus,
Fri Sep 04 2015 00:17:55 GMT+0800 (Malay Peninsula Standard Time),,s1w111,focus,
Fri Sep 04 2015 00:17:55 GMT+0800 (Malay Peninsula Standard Time),,s1w111,label,"^"
Fri Sep 04 2015 00:18:02 GMT+0800 (Malay Peninsula Standard Time),,s1w116,focus,
Fri Sep 04 2015 00:18:02 GMT+0800 (Malay Peninsula Standard Time),,s1w116,focus,
Fri Sep 04 2015 00:18:03 GMT+0800 (Malay Peninsula Standard Time),,s1w116,label,"^"
Fri Sep 04 2015 00:18:20 GMT+0800 (Malay Peninsula Standard Time),,s1w146,focus,
Fri Sep 04 2015 00:18:20 GMT+0800 (Malay Peninsula Standard Time),,s1w146,focus,
Fri Sep 04 2015 00:18:21 GMT+0800 (Malay Peninsula Standard Time),,s1w146,label,"^"
Fri Sep 04 2015 00:19:50 GMT+0800 (Malay Peninsula Standard Time),,s6w1,focus,
Fri Sep 04 2015 00:19:50 GMT+0800 (Malay Peninsula Standard Time),,s6w1,focus,
Fri Sep 04 2015 00:19:51 GMT+0800 (Malay Peninsula Standard Time),,s6w1,label,"V"
Fri Sep 04 2015 00:19:56 GMT+0800 (Malay Peninsula Standard Time),,s6w13,focus,
Fri Sep 04 2015 00:19:56 GMT+0800 (Malay Peninsula Standard Time),,s6w13,focus,
Fri Sep 04 2015 00:19:56 GMT+0800 (Malay Peninsula Standard Time),,s6w13,label,"^"
Fri Sep 04 2015 00:20:22 GMT+0800 (Malay Peninsula Standard Time),,s7w15,focus,
Fri Sep 04 2015 00:20:22 GMT+0800 (Malay Peninsula Standard Time),,s7w15,focus,
Fri Sep 04 2015 00:20:53 GMT+0800 (Malay Peninsula Standard Time),,s7w21,focus,
Fri Sep 04 2015 00:20:53 GMT+0800 (Malay Peninsula Standard Time),,s7w21,focus,
Fri Sep 04 2015 00:22:12 GMT+0800 (Malay Peninsula Standard Time),,s11w28,focus,
Fri Sep 04 2015 00:22:12 GMT+0800 (Malay Peninsula Standard Time),,s11w28,focus,
Fri Sep 04 2015 00:22:13 GMT+0800 (Malay Peninsula Standard Time),,s11w28,label,"^"
Fri Sep 04 2015 00:23:05 GMT+0800 (Malay Peninsula Standard Time),,s11w106,focus,
Fri Sep 04 2015 00:23:05 GMT+0800 (Malay Peninsula Standard Time),,s11w106,focus,
Fri Sep 04 2015 00:23:05 GMT+0800 (Malay Peninsula Standard Time),,s11w106,label,"^"
Fri Sep 04 2015 00:23:17 GMT+0800 (Malay Peninsula Standard Time),,s11w119,focus,
Fri Sep 04 2015 00:23:17 GMT+0800 (Malay Peninsula Standard Time),,s11w119,focus,
Fri Sep 04 2015 00:23:18 GMT+0800 (Malay Peninsula Standard Time),,s11w119,label,"^"
Fri Sep 04 2015 00:23:34 GMT+0800 (Malay Peninsula Standard Time),,s11w135,focus,
Fri Sep 04 2015 00:23:34 GMT+0800 (Malay Peninsula Standard Time),,s11w135,focus,
Fri Sep 04 2015 00:23:35 GMT+0800 (Malay Peninsula Standard Time),,s11w135,label,"V"
Fri Sep 04 2015 00:23:46 GMT+0800 (Malay Peninsula Standard Time),,s11w153,focus,
Fri Sep 04 2015 00:23:46 GMT+0800 (Malay Peninsula Standard Time),,s11w153,focus,
Fri Sep 04 2015 00:24:04 GMT+0800 (Malay Peninsula Standard Time),,s11w153,label,"V"
Fri Sep 04 2015 00:26:02 GMT+0800 (Malay Peninsula Standard Time),,s11w153,focus,
Fri Sep 04 2015 00:26:08 GMT+0800 (Malay Peninsula Standard Time),,s12w9,focus,
Fri Sep 04 2015 00:26:09 GMT+0800 (Malay Peninsula Standard Time),,s12w9,focus,
Fri Sep 04 2015 00:26:09 GMT+0800 (Malay Peninsula Standard Time),,s12w9,label,"^"
Fri Sep 04 2015 00:26:15 GMT+0800 (Malay Peninsula Standard Time),,s12w29,focus,
Fri Sep 04 2015 00:26:15 GMT+0800 (Malay Peninsula Standard Time),,s12w29,focus,
Fri Sep 04 2015 00:26:15 GMT+0800 (Malay Peninsula Standard Time),,s12w29,label,"^"
Fri Sep 04 2015 00:26:32 GMT+0800 (Malay Peninsula Standard Time),,s14w8,focus,
Fri Sep 04 2015 00:26:32 GMT+0800 (Malay Peninsula Standard Time),,s14w8,focus,
Fri Sep 04 2015 00:26:33 GMT+0800 (Malay Peninsula Standard Time),,s14w8,label,"^"
Fri Sep 04 2015 00:26:43 GMT+0800 (Malay Peninsula Standard Time),,s14w3,focus,
Fri Sep 04 2015 00:26:43 GMT+0800 (Malay Peninsula Standard Time),,s14w3,focus,
Fri Sep 04 2015 00:26:44 GMT+0800 (Malay Peninsula Standard Time),,s14w3,label,"^"
Fri Sep 04 2015 00:26:51 GMT+0800 (Malay Peninsula Standard Time),,s15w19,focus,
Fri Sep 04 2015 00:26:51 GMT+0800 (Malay Peninsula Standard Time),,s15w19,focus,
Fri Sep 04 2015 00:26:52 GMT+0800 (Malay Peninsula Standard Time),,s15w19,label,"^"
Fri Sep 04 2015 00:27:13 GMT+0800 (Malay Peninsula Standard Time),,s15w35,focus,
Fri Sep 04 2015 00:27:13 GMT+0800 (Malay Peninsula Standard Time),,s15w35,focus,
Fri Sep 04 2015 00:27:14 GMT+0800 (Malay Peninsula Standard Time),,s15w35,label,"^"
Fri Sep 04 2015 00:27:17 GMT+0800 (Malay Peninsula Standard Time),,s15w40,focus,
Fri Sep 04 2015 00:27:17 GMT+0800 (Malay Peninsula Standard Time),,s15w40,focus,
Fri Sep 04 2015 00:27:19 GMT+0800 (Malay Peninsula Standard Time),,s15w40,label,"^"
Fri Sep 04 2015 00:27:23 GMT+0800 (Malay Peninsula Standard Time),,s15w55,focus,
Fri Sep 04 2015 00:27:23 GMT+0800 (Malay Peninsula Standard Time),,s15w55,focus,
Fri Sep 04 2015 00:27:24 GMT+0800 (Malay Peninsula Standard Time),,s15w55,label,"^"
Fri Sep 04 2015 00:27:27 GMT+0800 (Malay Peninsula Standard Time),,s15w65,focus,
Fri Sep 04 2015 00:27:27 GMT+0800 (Malay Peninsula Standard Time),,s15w65,focus,
Fri Sep 04 2015 00:27:27 GMT+0800 (Malay Peninsula Standard Time),,s15w65,label,"^"
Fri Sep 04 2015 00:27:46 GMT+0800 (Malay Peninsula Standard Time),,s17w13,focus,
Fri Sep 04 2015 00:27:46 GMT+0800 (Malay Peninsula Standard Time),,s17w13,focus,
Fri Sep 04 2015 00:27:46 GMT+0800 (Malay Peninsula Standard Time),,s17w13,label,"^"
Fri Sep 04 2015 00:27:54 GMT+0800 (Malay Peninsula Standard Time),,s17w34,focus,
Fri Sep 04 2015 00:27:55 GMT+0800 (Malay Peninsula Standard Time),,s17w34,focus,
Fri Sep 04 2015 00:27:55 GMT+0800 (Malay Peninsula Standard Time),,s17w34,label,"^"
Fri Sep 04 2015 00:27:59 GMT+0800 (Malay Peninsula Standard Time),,s17w34,focus,
Fri Sep 04 2015 00:28:14 GMT+0800 (Malay Peninsula Standard Time),,s13w16,focus,
Fri Sep 04 2015 00:28:14 GMT+0800 (Malay Peninsula Standard Time),,s13w16,focus,
Fri Sep 04 2015 00:28:14 GMT+0800 (Malay Peninsula Standard Time),,s13w16,label,"^"
Fri Sep 04 2015 00:28:25 GMT+0800 (Malay Peninsula Standard Time),,s11w103,focus,
Fri Sep 04 2015 00:28:25 GMT+0800 (Malay Peninsula Standard Time),,s11w103,focus,
Fri Sep 04 2015 00:28:26 GMT+0800 (Malay Peninsula Standard Time),,s11w103,label,"^"
Fri Sep 04 2015 00:28:31 GMT+0800 (Malay Peninsula Standard Time),,s11w137,focus,
Fri Sep 04 2015 00:28:31 GMT+0800 (Malay Peninsula Standard Time),,s11w137,focus,
Fri Sep 04 2015 00:28:32 GMT+0800 (Malay Peninsula Standard Time),,s11w137,label,"^"
Fri Sep 04 2015 00:28:37 GMT+0800 (Malay Peninsula Standard Time),,s12w25,focus,
Fri Sep 04 2015 00:28:37 GMT+0800 (Malay Peninsula Standard Time),,s12w25,focus,
Fri Sep 04 2015 00:28:38 GMT+0800 (Malay Peninsula Standard Time),,s12w25,label,"^"
Fri Sep 04 2015 00:29:08 GMT+0800 (Malay Peninsula Standard Time),,s15w18,focus,
Fri Sep 04 2015 00:29:08 GMT+0800 (Malay Peninsula Standard Time),,s15w18,focus,
Fri Sep 04 2015 00:29:08 GMT+0800 (Malay Peninsula Standard Time),,s15w18,label,"^"
Fri Sep 04 2015 00:29:47 GMT+0800 (Malay Peninsula Standard Time),,s15w72,focus,
Fri Sep 04 2015 00:29:47 GMT+0800 (Malay Peninsula Standard Time),,s15w72,focus,
Fri Sep 04 2015 00:29:49 GMT+0800 (Malay Peninsula Standard Time),,s15w72,label,"V"
Fri Sep 04 2015 00:29:53 GMT+0800 (Malay Peninsula Standard Time),,,submitPage,
Sat Sep 05 2015 09:49:36 GMT+0800 (Malay Peninsula Standard Time),,,pageReady,0:100:100
Sat Sep 05 2015 09:49:36 GMT+0800 (Malay Peninsula Standard Time),,s0,twitterId,1040228
Sat Sep 05 2015 09:49:36 GMT+0800 (Malay Peninsula Standard Time),,s1,twitterId,1040228
Sat Sep 05 2015 09:49:36 GMT+0800 (Malay Peninsula Standard Time),,s2,twitterId,1040228
Sat Sep 05 2015 09:49:36 GMT+0800 (Malay Peninsula Standard Time),,s3,twitterId,1040228
Sat Sep 05 2015 09:49:36 GMT+0800 (Malay Peninsula Standard Time),,s4,twitterId,1040228
Sat Sep 05 2015 09:49:36 GMT+0800 (Malay Peninsula Standard Time),,s5,twitterId,1040228
Sat Sep 05 2015 09:49:36 GMT+0800 (Malay Peninsula Standard Time),,s6,twitterId,1040228
Sat Sep 05 2015 09:49:36 GMT+0800 (Malay Peninsula Standard Time),,s7,twitterId,1040228
Sat Sep 05 2015 09:49:36 GMT+0800 (Malay Peninsula Standard Time),,s8,twitterId,1040228
Sat Sep 05 2015 09:49:36 GMT+0800 (Malay Peninsula Standard Time),,s9,twitterId,1040228
Sat Sep 05 2015 09:49:36 GMT+0800 (Malay Peninsula Standard Time),,s10,twitterId,1040228
Sat Sep 05 2015 09:49:36 GMT+0800 (Malay Peninsula Standard Time),,s11,twitterId,1040228
Sat Sep 05 2015 09:49:36 GMT+0800 (Malay Peninsula Standard Time),,s12,twitterId,1040228
Sat Sep 05 2015 09:49:36 GMT+0800 (Malay Peninsula Standard Time),,s13,twitterId,1040228
Sat Sep 05 2015 09:49:36 GMT+0800 (Malay Peninsula Standard Time),,s14,twitterId,1040228
Sat Sep 05 2015 09:49:36 GMT+0800 (Malay Peninsula Standard Time),,s15,twitterId,1040228
Sat Sep 05 2015 09:49:36 GMT+0800 (Malay Peninsula Standard Time),,s16,twitterId,1040228
Sat Sep 05 2015 09:49:36 GMT+0800 (Malay Peninsula Standard Time),,s17,twitterId,1040228
Sat Sep 05 2015 09:49:55 GMT+0800 (Malay Peninsula Standard Time),,s1w19,focus,
Sat Sep 05 2015 09:49:55 GMT+0800 (Malay Peninsula Standard Time),,s1w19,focus,
Sat Sep 05 2015 09:49:56 GMT+0800 (Malay Peninsula Standard Time),,s1w20,focus,
Sat Sep 05 2015 09:49:56 GMT+0800 (Malay Peninsula Standard Time),,s1w21,focus,
Sat Sep 05 2015 09:49:56 GMT+0800 (Malay Peninsula Standard Time),,s1w22,focus,
Sat Sep 05 2015 09:49:56 GMT+0800 (Malay Peninsula Standard Time),,s1w23,focus,
Sat Sep 05 2015 09:49:57 GMT+0800 (Malay Peninsula Standard Time),,s1w24,focus,
Sat Sep 05 2015 09:49:57 GMT+0800 (Malay Peninsula Standard Time),,s1w25,focus,
Sat Sep 05 2015 09:49:57 GMT+0800 (Malay Peninsula Standard Time),,s1w26,focus,
Sat Sep 05 2015 09:49:57 GMT+0800 (Malay Peninsula Standard Time),,s1w27,focus,
Sat Sep 05 2015 09:49:58 GMT+0800 (Malay Peninsula Standard Time),,s1w28,focus,
Sat Sep 05 2015 09:49:58 GMT+0800 (Malay Peninsula Standard Time),,s1w29,focus,
Sat Sep 05 2015 09:49:58 GMT+0800 (Malay Peninsula Standard Time),,s1w30,focus,
Sat Sep 05 2015 09:49:59 GMT+0800 (Malay Peninsula Standard Time),,s1w31,focus,
Sat Sep 05 2015 09:49:59 GMT+0800 (Malay Peninsula Standard Time),,s1w32,focus,
Sat Sep 05 2015 09:50:01 GMT+0800 (Malay Peninsula Standard Time),,s1w32,label,"V"
Sat Sep 05 2015 09:50:04 GMT+0800 (Malay Peninsula Standard Time),,s1w33,focus,
Sat Sep 05 2015 09:50:05 GMT+0800 (Malay Peninsula Standard Time),,s1w34,focus,
Sat Sep 05 2015 09:50:09 GMT+0800 (Malay Peninsula Standard Time),,s1w35,focus,
Sat Sep 05 2015 09:50:10 GMT+0800 (Malay Peninsula Standard Time),,s1w36,focus,
Sat Sep 05 2015 09:50:10 GMT+0800 (Malay Peninsula Standard Time),,s1w37,focus,
Sat Sep 05 2015 09:50:10 GMT+0800 (Malay Peninsula Standard Time),,s1w38,focus,
Sat Sep 05 2015 09:50:10 GMT+0800 (Malay Peninsula Standard Time),,s1w39,focus,
Sat Sep 05 2015 09:50:11 GMT+0800 (Malay Peninsula Standard Time),,s1w40,focus,
Sat Sep 05 2015 09:50:11 GMT+0800 (Malay Peninsula Standard Time),,s1w41,focus,
Sat Sep 05 2015 09:50:11 GMT+0800 (Malay Peninsula Standard Time),,s1w42,focus,
Sat Sep 05 2015 09:50:11 GMT+0800 (Malay Peninsula Standard Time),,s1w43,focus,
Sat Sep 05 2015 09:50:11 GMT+0800 (Malay Peninsula Standard Time),,s1w44,focus,
Sat Sep 05 2015 09:50:12 GMT+0800 (Malay Peninsula Standard Time),,s1w45,focus,
Sat Sep 05 2015 09:50:12 GMT+0800 (Malay Peninsula Standard Time),,s1w46,focus,
Sat Sep 05 2015 09:50:12 GMT+0800 (Malay Peninsula Standard Time),,s1w47,focus,
Sat Sep 05 2015 09:50:12 GMT+0800 (Malay Peninsula Standard Time),,s1w48,focus,
Sat Sep 05 2015 09:50:13 GMT+0800 (Malay Peninsula Standard Time),,s1w49,focus,
Sat Sep 05 2015 09:50:13 GMT+0800 (Malay Peninsula Standard Time),,s1w50,focus,
Sat Sep 05 2015 09:50:14 GMT+0800 (Malay Peninsula Standard Time),,s1w51,focus,
Sat Sep 05 2015 09:50:14 GMT+0800 (Malay Peninsula Standard Time),,s1w52,focus,
Sat Sep 05 2015 09:50:14 GMT+0800 (Malay Peninsula Standard Time),,s1w53,focus,
Sat Sep 05 2015 09:50:14 GMT+0800 (Malay Peninsula Standard Time),,s1w54,focus,
Sat Sep 05 2015 09:50:15 GMT+0800 (Malay Peninsula Standard Time),,s1w55,focus,
Sat Sep 05 2015 09:50:15 GMT+0800 (Malay Peninsula Standard Time),,s1w56,focus,
Sat Sep 05 2015 09:50:15 GMT+0800 (Malay Peninsula Standard Time),,s1w57,focus,
Sat Sep 05 2015 09:50:15 GMT+0800 (Malay Peninsula Standard Time),,s1w58,focus,
Sat Sep 05 2015 09:50:16 GMT+0800 (Malay Peninsula Standard Time),,s1w59,focus,
Sat Sep 05 2015 09:50:16 GMT+0800 (Malay Peninsula Standard Time),,s1w60,focus,
Sat Sep 05 2015 09:50:17 GMT+0800 (Malay Peninsula Standard Time),,s1w61,focus,
Sat Sep 05 2015 09:50:17 GMT+0800 (Malay Peninsula Standard Time),,s1w62,focus,
Sat Sep 05 2015 09:50:17 GMT+0800 (Malay Peninsula Standard Time),,s1w63,focus,
Sat Sep 05 2015 09:50:17 GMT+0800 (Malay Peninsula Standard Time),,s1w64,focus,
Sat Sep 05 2015 09:50:17 GMT+0800 (Malay Peninsula Standard Time),,s1w65,focus,
Sat Sep 05 2015 09:50:18 GMT+0800 (Malay Peninsula Standard Time),,s1w66,focus,
Sat Sep 05 2015 09:50:18 GMT+0800 (Malay Peninsula Standard Time),,s1w67,focus,
Sat Sep 05 2015 09:50:18 GMT+0800 (Malay Peninsula Standard Time),,s1w68,focus,
Sat Sep 05 2015 09:50:18 GMT+0800 (Malay Peninsula Standard Time),,s1w69,focus,
Sat Sep 05 2015 09:50:19 GMT+0800 (Malay Peninsula Standard Time),,s1w70,focus,
Sat Sep 05 2015 09:50:19 GMT+0800 (Malay Peninsula Standard Time),,s1w71,focus,
Sat Sep 05 2015 09:50:19 GMT+0800 (Malay Peninsula Standard Time),,s1w72,focus,
Sat Sep 05 2015 09:50:19 GMT+0800 (Malay Peninsula Standard Time),,s1w73,focus,
Sat Sep 05 2015 09:50:20 GMT+0800 (Malay Peninsula Standard Time),,s1w74,focus,
Sat Sep 05 2015 09:50:20 GMT+0800 (Malay Peninsula Standard Time),,s1w75,focus,
Sat Sep 05 2015 09:50:20 GMT+0800 (Malay Peninsula Standard Time),,s1w76,focus,
Sat Sep 05 2015 09:50:21 GMT+0800 (Malay Peninsula Standard Time),,s1w77,focus,
Sat Sep 05 2015 09:50:21 GMT+0800 (Malay Peninsula Standard Time),,s1w78,focus,
Sat Sep 05 2015 09:50:22 GMT+0800 (Malay Peninsula Standard Time),,s1w79,focus,
Sat Sep 05 2015 09:50:22 GMT+0800 (Malay Peninsula Standard Time),,s1w80,focus,
Sat Sep 05 2015 09:50:22 GMT+0800 (Malay Peninsula Standard Time),,s1w81,focus,
Sat Sep 05 2015 09:50:23 GMT+0800 (Malay Peninsula Standard Time),,s1w82,focus,
Sat Sep 05 2015 09:50:23 GMT+0800 (Malay Peninsula Standard Time),,s1w83,focus,
Sat Sep 05 2015 09:50:24 GMT+0800 (Malay Peninsula Standard Time),,s1w84,focus,
Sat Sep 05 2015 09:50:25 GMT+0800 (Malay Peninsula Standard Time),,s1w85,focus,
Sat Sep 05 2015 09:50:25 GMT+0800 (Malay Peninsula Standard Time),,s1w86,focus,
Sat Sep 05 2015 09:50:26 GMT+0800 (Malay Peninsula Standard Time),,s1w87,focus,
Sat Sep 05 2015 09:50:26 GMT+0800 (Malay Peninsula Standard Time),,s1w88,focus,
Sat Sep 05 2015 09:50:27 GMT+0800 (Malay Peninsula Standard Time),,s1w89,focus,
Sat Sep 05 2015 09:50:27 GMT+0800 (Malay Peninsula Standard Time),,s1w90,focus,
Sat Sep 05 2015 09:50:27 GMT+0800 (Malay Peninsula Standard Time),,s1w91,focus,
Sat Sep 05 2015 09:50:27 GMT+0800 (Malay Peninsula Standard Time),,s1w92,focus,
Sat Sep 05 2015 09:50:28 GMT+0800 (Malay Peninsula Standard Time),,s1w93,focus,
Sat Sep 05 2015 09:50:28 GMT+0800 (Malay Peninsula Standard Time),,s1w94,focus,
Sat Sep 05 2015 09:50:28 GMT+0800 (Malay Peninsula Standard Time),,s1w95,focus,
Sat Sep 05 2015 09:50:29 GMT+0800 (Malay Peninsula Standard Time),,s1w96,focus,
Sat Sep 05 2015 09:50:29 GMT+0800 (Malay Peninsula Standard Time),,s1w97,focus,
Sat Sep 05 2015 09:50:30 GMT+0800 (Malay Peninsula Standard Time),,s1w98,focus,
Sat Sep 05 2015 09:50:30 GMT+0800 (Malay Peninsula Standard Time),,s1w99,focus,
Sat Sep 05 2015 09:50:30 GMT+0800 (Malay Peninsula Standard Time),,s1w100,focus,
Sat Sep 05 2015 09:50:30 GMT+0800 (Malay Peninsula Standard Time),,s1w101,focus,
Sat Sep 05 2015 09:50:31 GMT+0800 (Malay Peninsula Standard Time),,s1w102,focus,
Sat Sep 05 2015 09:50:31 GMT+0800 (Malay Peninsula Standard Time),,s1w103,focus,
Sat Sep 05 2015 09:50:31 GMT+0800 (Malay Peninsula Standard Time),,s1w104,focus,
Sat Sep 05 2015 09:50:31 GMT+0800 (Malay Peninsula Standard Time),,s1w105,focus,
Sat Sep 05 2015 09:50:32 GMT+0800 (Malay Peninsula Standard Time),,s1w106,focus,
Sat Sep 05 2015 09:50:32 GMT+0800 (Malay Peninsula Standard Time),,s1w107,focus,
Sat Sep 05 2015 09:50:33 GMT+0800 (Malay Peninsula Standard Time),,s1w108,focus,
Sat Sep 05 2015 09:50:34 GMT+0800 (Malay Peninsula Standard Time),,s1w107,focus,
Sat Sep 05 2015 09:50:35 GMT+0800 (Malay Peninsula Standard Time),,s1w107,label,"^"
Sat Sep 05 2015 09:50:36 GMT+0800 (Malay Peninsula Standard Time),,s1w108,focus,
Sat Sep 05 2015 09:50:36 GMT+0800 (Malay Peninsula Standard Time),,s1w109,focus,
Sat Sep 05 2015 09:50:37 GMT+0800 (Malay Peninsula Standard Time),,s1w110,focus,
Sat Sep 05 2015 09:50:37 GMT+0800 (Malay Peninsula Standard Time),,s1w111,focus,
Sat Sep 05 2015 09:50:38 GMT+0800 (Malay Peninsula Standard Time),,s1w112,focus,
Sat Sep 05 2015 09:50:39 GMT+0800 (Malay Peninsula Standard Time),,s1w113,focus,
Sat Sep 05 2015 09:50:39 GMT+0800 (Malay Peninsula Standard Time),,s1w114,focus,
Sat Sep 05 2015 09:50:39 GMT+0800 (Malay Peninsula Standard Time),,s1w115,focus,
Sat Sep 05 2015 09:50:40 GMT+0800 (Malay Peninsula Standard Time),,s1w116,focus,
Sat Sep 05 2015 09:50:40 GMT+0800 (Malay Peninsula Standard Time),,s1w117,focus,
Sat Sep 05 2015 09:50:42 GMT+0800 (Malay Peninsula Standard Time),,s1w118,focus,
Sat Sep 05 2015 09:50:42 GMT+0800 (Malay Peninsula Standard Time),,s1w119,focus,
Sat Sep 05 2015 09:50:43 GMT+0800 (Malay Peninsula Standard Time),,s1w120,focus,
Sat Sep 05 2015 09:50:43 GMT+0800 (Malay Peninsula Standard Time),,s1w121,focus,
Sat Sep 05 2015 09:50:43 GMT+0800 (Malay Peninsula Standard Time),,s1w122,focus,
Sat Sep 05 2015 09:50:43 GMT+0800 (Malay Peninsula Standard Time),,s1w123,focus,
Sat Sep 05 2015 09:50:44 GMT+0800 (Malay Peninsula Standard Time),,s1w124,focus,
Sat Sep 05 2015 09:50:44 GMT+0800 (Malay Peninsula Standard Time),,s1w125,focus,
Sat Sep 05 2015 09:50:44 GMT+0800 (Malay Peninsula Standard Time),,s1w126,focus,
Sat Sep 05 2015 09:50:44 GMT+0800 (Malay Peninsula Standard Time),,s1w127,focus,
Sat Sep 05 2015 09:50:45 GMT+0800 (Malay Peninsula Standard Time),,s1w128,focus,
Sat Sep 05 2015 09:50:45 GMT+0800 (Malay Peninsula Standard Time),,s1w129,focus,
Sat Sep 05 2015 09:50:46 GMT+0800 (Malay Peninsula Standard Time),,s1w130,focus,
Sat Sep 05 2015 09:50:46 GMT+0800 (Malay Peninsula Standard Time),,s1w131,focus,
Sat Sep 05 2015 09:50:46 GMT+0800 (Malay Peninsula Standard Time),,s1w132,focus,
Sat Sep 05 2015 09:50:47 GMT+0800 (Malay Peninsula Standard Time),,s1w133,focus,
Sat Sep 05 2015 09:50:47 GMT+0800 (Malay Peninsula Standard Time),,s1w134,focus,
Sat Sep 05 2015 09:50:47 GMT+0800 (Malay Peninsula Standard Time),,s1w135,focus,
Sat Sep 05 2015 09:50:47 GMT+0800 (Malay Peninsula Standard Time),,s1w136,focus,
Sat Sep 05 2015 09:50:48 GMT+0800 (Malay Peninsula Standard Time),,s1w137,focus,
Sat Sep 05 2015 09:50:48 GMT+0800 (Malay Peninsula Standard Time),,s1w138,focus,
Sat Sep 05 2015 09:50:48 GMT+0800 (Malay Peninsula Standard Time),,s1w139,focus,
Sat Sep 05 2015 09:50:48 GMT+0800 (Malay Peninsula Standard Time),,s1w140,focus,
Sat Sep 05 2015 09:50:49 GMT+0800 (Malay Peninsula Standard Time),,s1w141,focus,
Sat Sep 05 2015 09:50:49 GMT+0800 (Malay Peninsula Standard Time),,s1w142,focus,
Sat Sep 05 2015 09:50:49 GMT+0800 (Malay Peninsula Standard Time),,s1w143,focus,
Sat Sep 05 2015 09:50:49 GMT+0800 (Malay Peninsula Standard Time),,s1w144,focus,
Sat Sep 05 2015 09:50:50 GMT+0800 (Malay Peninsula Standard Time),,s1w145,focus,
Sat Sep 05 2015 09:50:50 GMT+0800 (Malay Peninsula Standard Time),,s1w146,focus,
Sat Sep 05 2015 09:50:50 GMT+0800 (Malay Peninsula Standard Time),,s1w147,focus,
Sat Sep 05 2015 09:50:51 GMT+0800 (Malay Peninsula Standard Time),,s1w148,focus,
Sat Sep 05 2015 09:50:51 GMT+0800 (Malay Peninsula Standard Time),,s1w149,focus,
Sat Sep 05 2015 09:50:51 GMT+0800 (Malay Peninsula Standard Time),,s1w150,focus,
Sat Sep 05 2015 09:50:52 GMT+0800 (Malay Peninsula Standard Time),,s1w151,focus,
Sat Sep 05 2015 09:50:52 GMT+0800 (Malay Peninsula Standard Time),,s1w152,focus,
Sat Sep 05 2015 09:50:53 GMT+0800 (Malay Peninsula Standard Time),,s1w153,focus,
Sat Sep 05 2015 09:50:53 GMT+0800 (Malay Peninsula Standard Time),,s1w154,focus,
Sat Sep 05 2015 09:50:53 GMT+0800 (Malay Peninsula Standard Time),,s1w155,focus,
Sat Sep 05 2015 09:50:54 GMT+0800 (Malay Peninsula Standard Time),,s1w156,focus,
Sat Sep 05 2015 09:50:54 GMT+0800 (Malay Peninsula Standard Time),,s1w157,focus,
Sat Sep 05 2015 09:50:54 GMT+0800 (Malay Peninsula Standard Time),,s1w158,focus,
Sat Sep 05 2015 09:50:54 GMT+0800 (Malay Peninsula Standard Time),,s1w159,focus,
Sat Sep 05 2015 09:50:55 GMT+0800 (Malay Peninsula Standard Time),,s2w1,focus,
Sat Sep 05 2015 09:50:55 GMT+0800 (Malay Peninsula Standard Time),,s2w2,focus,
Sat Sep 05 2015 09:50:55 GMT+0800 (Malay Peninsula Standard Time),,s2w3,focus,
Sat Sep 05 2015 09:50:59 GMT+0800 (Malay Peninsula Standard Time),,s2w4,focus,
Sat Sep 05 2015 09:51:00 GMT+0800 (Malay Peninsula Standard Time),,s2w5,focus,
Sat Sep 05 2015 09:51:00 GMT+0800 (Malay Peninsula Standard Time),,s2w6,focus,
Sat Sep 05 2015 09:51:00 GMT+0800 (Malay Peninsula Standard Time),,s2w7,focus,
Sat Sep 05 2015 09:51:01 GMT+0800 (Malay Peninsula Standard Time),,s2w8,focus,
Sat Sep 05 2015 09:51:01 GMT+0800 (Malay Peninsula Standard Time),,s2w9,focus,
Sat Sep 05 2015 09:51:01 GMT+0800 (Malay Peninsula Standard Time),,s2w10,focus,
Sat Sep 05 2015 09:51:01 GMT+0800 (Malay Peninsula Standard Time),,s2w11,focus,
Sat Sep 05 2015 09:51:02 GMT+0800 (Malay Peninsula Standard Time),,s2w12,focus,
Sat Sep 05 2015 09:51:02 GMT+0800 (Malay Peninsula Standard Time),,s2w13,focus,
Sat Sep 05 2015 09:51:02 GMT+0800 (Malay Peninsula Standard Time),,s2w14,focus,
Sat Sep 05 2015 09:51:02 GMT+0800 (Malay Peninsula Standard Time),,s2w15,focus,
Sat Sep 05 2015 09:51:03 GMT+0800 (Malay Peninsula Standard Time),,s2w16,focus,
Sat Sep 05 2015 09:51:03 GMT+0800 (Malay Peninsula Standard Time),,s2w17,focus,
Sat Sep 05 2015 09:51:03 GMT+0800 (Malay Peninsula Standard Time),,s2w18,focus,
Sat Sep 05 2015 09:51:03 GMT+0800 (Malay Peninsula Standard Time),,s2w19,focus,
Sat Sep 05 2015 09:51:04 GMT+0800 (Malay Peninsula Standard Time),,s2w20,focus,
Sat Sep 05 2015 09:51:04 GMT+0800 (Malay Peninsula Standard Time),,s2w21,focus,
Sat Sep 05 2015 09:51:04 GMT+0800 (Malay Peninsula Standard Time),,s2w22,focus,
Sat Sep 05 2015 09:51:04 GMT+0800 (Malay Peninsula Standard Time),,s2w23,focus,
Sat Sep 05 2015 09:51:05 GMT+0800 (Malay Peninsula Standard Time),,s2w24,focus,
Sat Sep 05 2015 09:51:05 GMT+0800 (Malay Peninsula Standard Time),,s2w25,focus,
Sat Sep 05 2015 09:51:05 GMT+0800 (Malay Peninsula Standard Time),,s2w26,focus,
Sat Sep 05 2015 09:51:05 GMT+0800 (Malay Peninsula Standard Time),,s2w27,focus,
Sat Sep 05 2015 09:51:05 GMT+0800 (Malay Peninsula Standard Time),,s2w28,focus,
Sat Sep 05 2015 09:51:06 GMT+0800 (Malay Peninsula Standard Time),,s2w29,focus,
Sat Sep 05 2015 09:51:06 GMT+0800 (Malay Peninsula Standard Time),,s2w30,focus,
Sat Sep 05 2015 09:51:06 GMT+0800 (Malay Peninsula Standard Time),,s2w31,focus,
Sat Sep 05 2015 09:51:06 GMT+0800 (Malay Peninsula Standard Time),,s2w32,focus,
Sat Sep 05 2015 09:51:06 GMT+0800 (Malay Peninsula Standard Time),,s2w33,focus,
Sat Sep 05 2015 09:51:07 GMT+0800 (Malay Peninsula Standard Time),,s2w34,focus,
Sat Sep 05 2015 09:51:07 GMT+0800 (Malay Peninsula Standard Time),,s2w35,focus,
Sat Sep 05 2015 09:51:07 GMT+0800 (Malay Peninsula Standard Time),,s3w1,focus,
Sat Sep 05 2015 09:51:07 GMT+0800 (Malay Peninsula Standard Time),,s3w2,focus,
Sat Sep 05 2015 09:51:07 GMT+0800 (Malay Peninsula Standard Time),,s3w3,focus,
Sat Sep 05 2015 09:51:07 GMT+0800 (Malay Peninsula Standard Time),,s3w4,focus,
Sat Sep 05 2015 09:51:07 GMT+0800 (Malay Peninsula Standard Time),,s3w5,focus,
Sat Sep 05 2015 09:51:07 GMT+0800 (Malay Peninsula Standard Time),,s3w6,focus,
Sat Sep 05 2015 09:51:08 GMT+0800 (Malay Peninsula Standard Time),,s3w7,focus,
Sat Sep 05 2015 09:51:08 GMT+0800 (Malay Peninsula Standard Time),,s3w8,focus,
Sat Sep 05 2015 09:51:08 GMT+0800 (Malay Peninsula Standard Time),,s3w9,focus,
Sat Sep 05 2015 09:51:08 GMT+0800 (Malay Peninsula Standard Time),,s3w10,focus,
Sat Sep 05 2015 09:51:08 GMT+0800 (Malay Peninsula Standard Time),,s3w11,focus,
Sat Sep 05 2015 09:51:09 GMT+0800 (Malay Peninsula Standard Time),,s3w12,focus,
Sat Sep 05 2015 09:51:09 GMT+0800 (Malay Peninsula Standard Time),,s3w13,focus,
Sat Sep 05 2015 09:51:09 GMT+0800 (Malay Peninsula Standard Time),,s3w14,focus,
Sat Sep 05 2015 09:51:10 GMT+0800 (Malay Peninsula Standard Time),,s3w15,focus,
Sat Sep 05 2015 09:51:10 GMT+0800 (Malay Peninsula Standard Time),,s3w16,focus,
Sat Sep 05 2015 09:51:11 GMT+0800 (Malay Peninsula Standard Time),,s3w17,focus,
Sat Sep 05 2015 09:51:12 GMT+0800 (Malay Peninsula Standard Time),,s3w18,focus,
Sat Sep 05 2015 09:51:12 GMT+0800 (Malay Peninsula Standard Time),,s3w19,focus,
Sat Sep 05 2015 09:51:13 GMT+0800 (Malay Peninsula Standard Time),,s3w20,focus,
Sat Sep 05 2015 09:51:13 GMT+0800 (Malay Peninsula Standard Time),,s3w21,focus,
Sat Sep 05 2015 09:51:13 GMT+0800 (Malay Peninsula Standard Time),,s3w22,focus,
Sat Sep 05 2015 09:51:13 GMT+0800 (Malay Peninsula Standard Time),,s4w1,focus,
Sat Sep 05 2015 09:51:14 GMT+0800 (Malay Peninsula Standard Time),,s4w2,focus,
Sat Sep 05 2015 09:51:14 GMT+0800 (Malay Peninsula Standard Time),,s4w3,focus,
Sat Sep 05 2015 09:51:14 GMT+0800 (Malay Peninsula Standard Time),,s4w4,focus,
Sat Sep 05 2015 09:51:14 GMT+0800 (Malay Peninsula Standard Time),,s4w5,focus,
Sat Sep 05 2015 09:51:15 GMT+0800 (Malay Peninsula Standard Time),,s4w6,focus,
Sat Sep 05 2015 09:51:15 GMT+0800 (Malay Peninsula Standard Time),,s4w7,focus,
Sat Sep 05 2015 09:51:15 GMT+0800 (Malay Peninsula Standard Time),,s4w8,focus,
Sat Sep 05 2015 09:51:15 GMT+0800 (Malay Peninsula Standard Time),,s4w9,focus,
Sat Sep 05 2015 09:51:16 GMT+0800 (Malay Peninsula Standard Time),,s4w10,focus,
Sat Sep 05 2015 09:51:16 GMT+0800 (Malay Peninsula Standard Time),,s4w11,focus,
Sat Sep 05 2015 09:51:16 GMT+0800 (Malay Peninsula Standard Time),,s4w12,focus,
Sat Sep 05 2015 09:51:21 GMT+0800 (Malay Peninsula Standard Time),,s4w13,focus,
Sat Sep 05 2015 09:51:21 GMT+0800 (Malay Peninsula Standard Time),,s4w14,focus,
Sat Sep 05 2015 09:51:21 GMT+0800 (Malay Peninsula Standard Time),,s4w15,focus,
Sat Sep 05 2015 09:51:21 GMT+0800 (Malay Peninsula Standard Time),,s4w16,focus,
Sat Sep 05 2015 09:51:22 GMT+0800 (Malay Peninsula Standard Time),,s4w17,focus,
Sat Sep 05 2015 09:51:22 GMT+0800 (Malay Peninsula Standard Time),,s4w18,focus,
Sat Sep 05 2015 09:51:22 GMT+0800 (Malay Peninsula Standard Time),,s4w19,focus,
Sat Sep 05 2015 09:51:22 GMT+0800 (Malay Peninsula Standard Time),,s4w20,focus,
Sat Sep 05 2015 09:51:23 GMT+0800 (Malay Peninsula Standard Time),,s4w21,focus,
Sat Sep 05 2015 09:51:23 GMT+0800 (Malay Peninsula Standard Time),,s4w22,focus,
Sat Sep 05 2015 09:51:25 GMT+0800 (Malay Peninsula Standard Time),,s4w23,focus,
Sat Sep 05 2015 09:51:25 GMT+0800 (Malay Peninsula Standard Time),,s4w24,focus,
Sat Sep 05 2015 09:51:25 GMT+0800 (Malay Peninsula Standard Time),,s4w25,focus,
Sat Sep 05 2015 09:51:25 GMT+0800 (Malay Peninsula Standard Time),,s4w26,focus,
Sat Sep 05 2015 09:51:26 GMT+0800 (Malay Peninsula Standard Time),,s4w27,focus,
Sat Sep 05 2015 09:51:26 GMT+0800 (Malay Peninsula Standard Time),,s4w28,focus,
Sat Sep 05 2015 09:51:26 GMT+0800 (Malay Peninsula Standard Time),,s4w29,focus,
Sat Sep 05 2015 09:51:28 GMT+0800 (Malay Peninsula Standard Time),,s4w30,focus,
Sat Sep 05 2015 09:51:28 GMT+0800 (Malay Peninsula Standard Time),,s4w31,focus,
Sat Sep 05 2015 09:51:29 GMT+0800 (Malay Peninsula Standard Time),,s4w32,focus,
Sat Sep 05 2015 09:51:29 GMT+0800 (Malay Peninsula Standard Time),,s4w33,focus,
Sat Sep 05 2015 09:51:30 GMT+0800 (Malay Peninsula Standard Time),,s4w34,focus,
Sat Sep 05 2015 09:51:30 GMT+0800 (Malay Peninsula Standard Time),,s4w35,focus,
Sat Sep 05 2015 09:51:30 GMT+0800 (Malay Peninsula Standard Time),,s4w36,focus,
Sat Sep 05 2015 09:51:30 GMT+0800 (Malay Peninsula Standard Time),,s4w37,focus,
Sat Sep 05 2015 09:51:31 GMT+0800 (Malay Peninsula Standard Time),,s4w38,focus,
Sat Sep 05 2015 09:51:31 GMT+0800 (Malay Peninsula Standard Time),,s5w1,focus,
Sat Sep 05 2015 09:51:31 GMT+0800 (Malay Peninsula Standard Time),,s5w2,focus,
Sat Sep 05 2015 09:51:31 GMT+0800 (Malay Peninsula Standard Time),,s5w3,focus,
Sat Sep 05 2015 09:51:32 GMT+0800 (Malay Peninsula Standard Time),,s5w4,focus,
Sat Sep 05 2015 09:51:32 GMT+0800 (Malay Peninsula Standard Time),,s5w5,focus,
Sat Sep 05 2015 09:51:32 GMT+0800 (Malay Peninsula Standard Time),,s5w6,focus,
Sat Sep 05 2015 09:51:33 GMT+0800 (Malay Peninsula Standard Time),,s5w7,focus,
Sat Sep 05 2015 09:51:33 GMT+0800 (Malay Peninsula Standard Time),,s6w1,focus,
Sat Sep 05 2015 09:51:35 GMT+0800 (Malay Peninsula Standard Time),,s6w2,focus,
Sat Sep 05 2015 09:51:35 GMT+0800 (Malay Peninsula Standard Time),,s6w3,focus,
Sat Sep 05 2015 09:51:36 GMT+0800 (Malay Peninsula Standard Time),,s6w4,focus,
Sat Sep 05 2015 09:51:36 GMT+0800 (Malay Peninsula Standard Time),,s6w5,focus,
Sat Sep 05 2015 09:51:36 GMT+0800 (Malay Peninsula Standard Time),,s6w6,focus,
Sat Sep 05 2015 09:51:36 GMT+0800 (Malay Peninsula Standard Time),,s6w7,focus,
Sat Sep 05 2015 09:51:37 GMT+0800 (Malay Peninsula Standard Time),,s6w8,focus,
Sat Sep 05 2015 09:52:01 GMT+0800 (Malay Peninsula Standard Time),,s6w9,focus,
Sat Sep 05 2015 09:52:02 GMT+0800 (Malay Peninsula Standard Time),,s6w10,focus,
Sat Sep 05 2015 09:52:02 GMT+0800 (Malay Peninsula Standard Time),,s6w11,focus,
Sat Sep 05 2015 09:52:02 GMT+0800 (Malay Peninsula Standard Time),,s6w12,focus,
Sat Sep 05 2015 09:52:02 GMT+0800 (Malay Peninsula Standard Time),,s6w13,focus,
Sat Sep 05 2015 09:52:03 GMT+0800 (Malay Peninsula Standard Time),,s6w14,focus,
Sat Sep 05 2015 09:52:03 GMT+0800 (Malay Peninsula Standard Time),,s6w15,focus,
Sat Sep 05 2015 09:52:04 GMT+0800 (Malay Peninsula Standard Time),,s6w16,focus,
Sat Sep 05 2015 09:52:04 GMT+0800 (Malay Peninsula Standard Time),,s6w17,focus,
Sat Sep 05 2015 09:52:04 GMT+0800 (Malay Peninsula Standard Time),,s6w18,focus,
Sat Sep 05 2015 09:52:04 GMT+0800 (Malay Peninsula Standard Time),,s6w19,focus,
Sat Sep 05 2015 09:52:05 GMT+0800 (Malay Peninsula Standard Time),,s6w20,focus,
Sat Sep 05 2015 09:52:05 GMT+0800 (Malay Peninsula Standard Time),,s6w21,focus,
Sat Sep 05 2015 09:52:05 GMT+0800 (Malay Peninsula Standard Time),,s6w22,focus,
Sat Sep 05 2015 09:52:05 GMT+0800 (Malay Peninsula Standard Time),,s6w23,focus,
Sat Sep 05 2015 09:52:06 GMT+0800 (Malay Peninsula Standard Time),,s6w24,focus,
Sat Sep 05 2015 09:52:06 GMT+0800 (Malay Peninsula Standard Time),,s6w25,focus,
Sat Sep 05 2015 09:52:06 GMT+0800 (Malay Peninsula Standard Time),,s6w26,focus,
Sat Sep 05 2015 09:52:07 GMT+0800 (Malay Peninsula Standard Time),,s6w27,focus,
Sat Sep 05 2015 09:52:07 GMT+0800 (Malay Peninsula Standard Time),,s6w28,focus,
Sat Sep 05 2015 09:52:07 GMT+0800 (Malay Peninsula Standard Time),,s6w29,focus,
Sat Sep 05 2015 09:52:07 GMT+0800 (Malay Peninsula Standard Time),,s6w30,focus,
Sat Sep 05 2015 09:52:08 GMT+0800 (Malay Peninsula Standard Time),,s6w31,focus,
Sat Sep 05 2015 09:52:08 GMT+0800 (Malay Peninsula Standard Time),,s6w32,focus,
Sat Sep 05 2015 09:52:08 GMT+0800 (Malay Peninsula Standard Time),,s6w33,focus,
Sat Sep 05 2015 09:52:08 GMT+0800 (Malay Peninsula Standard Time),,s6w34,focus,
Sat Sep 05 2015 09:52:08 GMT+0800 (Malay Peninsula Standard Time),,s6w35,focus,
Sat Sep 05 2015 09:52:09 GMT+0800 (Malay Peninsula Standard Time),,s6w36,focus,
Sat Sep 05 2015 09:52:09 GMT+0800 (Malay Peninsula Standard Time),,s6w37,focus,
Sat Sep 05 2015 09:52:09 GMT+0800 (Malay Peninsula Standard Time),,s6w38,focus,
Sat Sep 05 2015 09:52:09 GMT+0800 (Malay Peninsula Standard Time),,s6w39,focus,
Sat Sep 05 2015 09:52:10 GMT+0800 (Malay Peninsula Standard Time),,s6w40,focus,
Sat Sep 05 2015 09:52:10 GMT+0800 (Malay Peninsula Standard Time),,s6w41,focus,
Sat Sep 05 2015 09:52:11 GMT+0800 (Malay Peninsula Standard Time),,s6w42,focus,
Sat Sep 05 2015 09:52:11 GMT+0800 (Malay Peninsula Standard Time),,s6w43,focus,
Sat Sep 05 2015 09:52:12 GMT+0800 (Malay Peninsula Standard Time),,s7w1,focus,
Sat Sep 05 2015 09:52:12 GMT+0800 (Malay Peninsula Standard Time),,s7w2,focus,
Sat Sep 05 2015 09:52:14 GMT+0800 (Malay Peninsula Standard Time),,s7w3,focus,
Sat Sep 05 2015 09:52:15 GMT+0800 (Malay Peninsula Standard Time),,s7w4,focus,
Sat Sep 05 2015 09:52:15 GMT+0800 (Malay Peninsula Standard Time),,s7w5,focus,
Sat Sep 05 2015 09:52:15 GMT+0800 (Malay Peninsula Standard Time),,s7w6,focus,
Sat Sep 05 2015 09:52:15 GMT+0800 (Malay Peninsula Standard Time),,s7w7,focus,
Sat Sep 05 2015 09:52:16 GMT+0800 (Malay Peninsula Standard Time),,s7w8,focus,
Sat Sep 05 2015 09:52:16 GMT+0800 (Malay Peninsula Standard Time),,s7w9,focus,
Sat Sep 05 2015 09:52:16 GMT+0800 (Malay Peninsula Standard Time),,s7w10,focus,
Sat Sep 05 2015 09:52:16 GMT+0800 (Malay Peninsula Standard Time),,s7w11,focus,
Sat Sep 05 2015 09:52:17 GMT+0800 (Malay Peninsula Standard Time),,s7w12,focus,
Sat Sep 05 2015 09:52:17 GMT+0800 (Malay Peninsula Standard Time),,s7w13,focus,
Sat Sep 05 2015 09:52:24 GMT+0800 (Malay Peninsula Standard Time),,s7w14,focus,
Sat Sep 05 2015 09:52:24 GMT+0800 (Malay Peninsula Standard Time),,s7w15,focus,
Sat Sep 05 2015 09:52:26 GMT+0800 (Malay Peninsula Standard Time),,s7w16,focus,
Sat Sep 05 2015 09:52:29 GMT+0800 (Malay Peninsula Standard Time),,s7w15,focus,
Sat Sep 05 2015 09:52:44 GMT+0800 (Malay Peninsula Standard Time),,s7w15,focus,
Sat Sep 05 2015 09:52:45 GMT+0800 (Malay Peninsula Standard Time),,s7w15,focus,
Sat Sep 05 2015 09:52:45 GMT+0800 (Malay Peninsula Standard Time),,s7w15,focus,
Sat Sep 05 2015 09:52:46 GMT+0800 (Malay Peninsula Standard Time),,s7w15,label,"N"
Sat Sep 05 2015 09:52:47 GMT+0800 (Malay Peninsula Standard Time),,s7w16,focus,
Sat Sep 05 2015 09:52:47 GMT+0800 (Malay Peninsula Standard Time),,s7w17,focus,
Sat Sep 05 2015 09:52:47 GMT+0800 (Malay Peninsula Standard Time),,s7w18,focus,
Sat Sep 05 2015 09:52:48 GMT+0800 (Malay Peninsula Standard Time),,s7w19,focus,
Sat Sep 05 2015 09:52:48 GMT+0800 (Malay Peninsula Standard Time),,s7w20,focus,
Sat Sep 05 2015 09:52:49 GMT+0800 (Malay Peninsula Standard Time),,s7w21,focus,
Sat Sep 05 2015 09:52:51 GMT+0800 (Malay Peninsula Standard Time),,s7w22,focus,
Sat Sep 05 2015 09:52:52 GMT+0800 (Malay Peninsula Standard Time),,s7w23,focus,
Sat Sep 05 2015 09:52:52 GMT+0800 (Malay Peninsula Standard Time),,s7w24,focus,
Sat Sep 05 2015 09:52:52 GMT+0800 (Malay Peninsula Standard Time),,s7w25,focus,
Sat Sep 05 2015 09:53:05 GMT+0800 (Malay Peninsula Standard Time),,s7w25,focus,
Sat Sep 05 2015 09:53:07 GMT+0800 (Malay Peninsula Standard Time),,s7w25,focus,
Sat Sep 05 2015 09:53:08 GMT+0800 (Malay Peninsula Standard Time),,s7w25,label,"N"
Sat Sep 05 2015 09:53:08 GMT+0800 (Malay Peninsula Standard Time),,s7w26,focus,
Sat Sep 05 2015 09:53:09 GMT+0800 (Malay Peninsula Standard Time),,s7w27,focus,
Sat Sep 05 2015 09:53:10 GMT+0800 (Malay Peninsula Standard Time),,s7w28,focus,
Sat Sep 05 2015 09:53:10 GMT+0800 (Malay Peninsula Standard Time),,s7w29,focus,
Sat Sep 05 2015 09:53:10 GMT+0800 (Malay Peninsula Standard Time),,s7w30,focus,
Sat Sep 05 2015 09:53:12 GMT+0800 (Malay Peninsula Standard Time),,s7w31,focus,
Sat Sep 05 2015 09:53:12 GMT+0800 (Malay Peninsula Standard Time),,s7w32,focus,
Sat Sep 05 2015 09:53:13 GMT+0800 (Malay Peninsula Standard Time),,s7w33,focus,
Sat Sep 05 2015 09:53:13 GMT+0800 (Malay Peninsula Standard Time),,s7w34,focus,
Sat Sep 05 2015 09:53:14 GMT+0800 (Malay Peninsula Standard Time),,s7w35,focus,
Sat Sep 05 2015 09:53:31 GMT+0800 (Malay Peninsula Standard Time),,s7w35,focus,
Sat Sep 05 2015 09:53:31 GMT+0800 (Malay Peninsula Standard Time),,s7w35,focus,
Sat Sep 05 2015 09:53:32 GMT+0800 (Malay Peninsula Standard Time),,s7w35,label,"A"
Sat Sep 05 2015 09:53:33 GMT+0800 (Malay Peninsula Standard Time),,s7w36,focus,
Sat Sep 05 2015 09:53:33 GMT+0800 (Malay Peninsula Standard Time),,s7w37,focus,
Sat Sep 05 2015 09:53:34 GMT+0800 (Malay Peninsula Standard Time),,s7w38,focus,
Sat Sep 05 2015 09:53:35 GMT+0800 (Malay Peninsula Standard Time),,s7w39,focus,
Sat Sep 05 2015 09:53:35 GMT+0800 (Malay Peninsula Standard Time),,s7w40,focus,
Sat Sep 05 2015 09:53:36 GMT+0800 (Malay Peninsula Standard Time),,s7w41,focus,
Sat Sep 05 2015 09:53:36 GMT+0800 (Malay Peninsula Standard Time),,s7w42,focus,
Sat Sep 05 2015 09:53:37 GMT+0800 (Malay Peninsula Standard Time),,s7w43,focus,
Sat Sep 05 2015 09:53:37 GMT+0800 (Malay Peninsula Standard Time),,s7w44,focus,
Sat Sep 05 2015 09:53:38 GMT+0800 (Malay Peninsula Standard Time),,s7w45,focus,
Sat Sep 05 2015 09:53:38 GMT+0800 (Malay Peninsula Standard Time),,s7w46,focus,
Sat Sep 05 2015 09:53:38 GMT+0800 (Malay Peninsula Standard Time),,s7w47,focus,
Sat Sep 05 2015 09:53:39 GMT+0800 (Malay Peninsula Standard Time),,s7w48,focus,
Sat Sep 05 2015 09:53:40 GMT+0800 (Malay Peninsula Standard Time),,s7w49,focus,
Sat Sep 05 2015 09:53:40 GMT+0800 (Malay Peninsula Standard Time),,s7w50,focus,
Sat Sep 05 2015 09:53:41 GMT+0800 (Malay Peninsula Standard Time),,s7w51,focus,
Sat Sep 05 2015 09:53:41 GMT+0800 (Malay Peninsula Standard Time),,s7w52,focus,
Sat Sep 05 2015 09:53:41 GMT+0800 (Malay Peninsula Standard Time),,s7w53,focus,
Sat Sep 05 2015 09:53:42 GMT+0800 (Malay Peninsula Standard Time),,s7w54,focus,
Sat Sep 05 2015 09:53:43 GMT+0800 (Malay Peninsula Standard Time),,s7w55,focus,
Sat Sep 05 2015 09:53:43 GMT+0800 (Malay Peninsula Standard Time),,s7w56,focus,
Sat Sep 05 2015 09:53:43 GMT+0800 (Malay Peninsula Standard Time),,s7w57,focus,
Sat Sep 05 2015 09:53:44 GMT+0800 (Malay Peninsula Standard Time),,s7w58,focus,
Sat Sep 05 2015 09:53:45 GMT+0800 (Malay Peninsula Standard Time),,s7w59,focus,
Sat Sep 05 2015 09:53:46 GMT+0800 (Malay Peninsula Standard Time),,s7w60,focus,
Sat Sep 05 2015 09:53:46 GMT+0800 (Malay Peninsula Standard Time),,s7w61,focus,
Sat Sep 05 2015 09:53:46 GMT+0800 (Malay Peninsula Standard Time),,s7w62,focus,
Sat Sep 05 2015 09:53:46 GMT+0800 (Malay Peninsula Standard Time),,s7w63,focus,
Sat Sep 05 2015 09:53:47 GMT+0800 (Malay Peninsula Standard Time),,s7w64,focus,
Sat Sep 05 2015 09:53:47 GMT+0800 (Malay Peninsula Standard Time),,s7w65,focus,
Sat Sep 05 2015 09:53:47 GMT+0800 (Malay Peninsula Standard Time),,s7w66,focus,
Sat Sep 05 2015 09:53:48 GMT+0800 (Malay Peninsula Standard Time),,s7w67,focus,
Sat Sep 05 2015 09:53:48 GMT+0800 (Malay Peninsula Standard Time),,s7w68,focus,
Sat Sep 05 2015 09:53:49 GMT+0800 (Malay Peninsula Standard Time),,s7w69,focus,
Sat Sep 05 2015 09:53:50 GMT+0800 (Malay Peninsula Standard Time),,s7w70,focus,
Sat Sep 05 2015 09:53:50 GMT+0800 (Malay Peninsula Standard Time),,s7w71,focus,
Sat Sep 05 2015 09:53:50 GMT+0800 (Malay Peninsula Standard Time),,s7w72,focus,
Sat Sep 05 2015 09:53:51 GMT+0800 (Malay Peninsula Standard Time),,s7w73,focus,
Sat Sep 05 2015 09:53:51 GMT+0800 (Malay Peninsula Standard Time),,s7w74,focus,
Sat Sep 05 2015 09:53:51 GMT+0800 (Malay Peninsula Standard Time),,s7w75,focus,
Sat Sep 05 2015 09:53:52 GMT+0800 (Malay Peninsula Standard Time),,s7w76,focus,
Sat Sep 05 2015 09:53:52 GMT+0800 (Malay Peninsula Standard Time),,s7w77,focus,
Sat Sep 05 2015 09:53:54 GMT+0800 (Malay Peninsula Standard Time),,s7w78,focus,
Sat Sep 05 2015 09:53:54 GMT+0800 (Malay Peninsula Standard Time),,s7w79,focus,
Sat Sep 05 2015 09:53:55 GMT+0800 (Malay Peninsula Standard Time),,s7w80,focus,
Sat Sep 05 2015 09:53:55 GMT+0800 (Malay Peninsula Standard Time),,s7w81,focus,
Sat Sep 05 2015 09:53:55 GMT+0800 (Malay Peninsula Standard Time),,s7w82,focus,
Sat Sep 05 2015 09:53:55 GMT+0800 (Malay Peninsula Standard Time),,s7w83,focus,
Sat Sep 05 2015 09:53:56 GMT+0800 (Malay Peninsula Standard Time),,s7w84,focus,
Sat Sep 05 2015 09:53:56 GMT+0800 (Malay Peninsula Standard Time),,s7w85,focus,
Sat Sep 05 2015 09:53:57 GMT+0800 (Malay Peninsula Standard Time),,s7w86,focus,
Sat Sep 05 2015 09:53:58 GMT+0800 (Malay Peninsula Standard Time),,s7w86,label,"X"
Sat Sep 05 2015 09:53:59 GMT+0800 (Malay Peninsula Standard Time),,s7w87,focus,
Sat Sep 05 2015 09:54:09 GMT+0800 (Malay Peninsula Standard Time),,s7w87,focus,
Sat Sep 05 2015 09:54:50 GMT+0800 (Malay Peninsula Standard Time),,s7w87,focus,
Sat Sep 05 2015 09:54:50 GMT+0800 (Malay Peninsula Standard Time),,s7w86,focus,
Sat Sep 05 2015 09:54:50 GMT+0800 (Malay Peninsula Standard Time),,s7w86,focus,
Sat Sep 05 2015 09:55:17 GMT+0800 (Malay Peninsula Standard Time),,s7w86,focus,
Sat Sep 05 2015 09:55:17 GMT+0800 (Malay Peninsula Standard Time),,s7w86,focus,
Sat Sep 05 2015 09:55:19 GMT+0800 (Malay Peninsula Standard Time),,s7w86,focus,
Sat Sep 05 2015 09:55:20 GMT+0800 (Malay Peninsula Standard Time),,s7w104,focus,
Sat Sep 05 2015 09:55:20 GMT+0800 (Malay Peninsula Standard Time),,s7w104,focus,
Sat Sep 05 2015 09:55:22 GMT+0800 (Malay Peninsula Standard Time),,s7w86,focus,
Sat Sep 05 2015 09:55:22 GMT+0800 (Malay Peninsula Standard Time),,s7w86,focus,
Sat Sep 05 2015 09:55:23 GMT+0800 (Malay Peninsula Standard Time),,s7w86,label,"O"
Sat Sep 05 2015 09:55:23 GMT+0800 (Malay Peninsula Standard Time),,s7w87,focus,
Sat Sep 05 2015 09:55:23 GMT+0800 (Malay Peninsula Standard Time),,s7w88,focus,
Sat Sep 05 2015 09:55:24 GMT+0800 (Malay Peninsula Standard Time),,s7w89,focus,
Sat Sep 05 2015 09:55:24 GMT+0800 (Malay Peninsula Standard Time),,s7w90,focus,
Sat Sep 05 2015 09:55:27 GMT+0800 (Malay Peninsula Standard Time),,s7w91,focus,
Sat Sep 05 2015 09:55:27 GMT+0800 (Malay Peninsula Standard Time),,s7w92,focus,
Sat Sep 05 2015 09:55:27 GMT+0800 (Malay Peninsula Standard Time),,s7w93,focus,
Sat Sep 05 2015 09:55:27 GMT+0800 (Malay Peninsula Standard Time),,s7w94,focus,
Sat Sep 05 2015 09:55:28 GMT+0800 (Malay Peninsula Standard Time),,s7w95,focus,
Sat Sep 05 2015 09:55:28 GMT+0800 (Malay Peninsula Standard Time),,s7w96,focus,
Sat Sep 05 2015 09:55:29 GMT+0800 (Malay Peninsula Standard Time),,s7w97,focus,
Sat Sep 05 2015 09:55:29 GMT+0800 (Malay Peninsula Standard Time),,s7w98,focus,
Sat Sep 05 2015 09:55:29 GMT+0800 (Malay Peninsula Standard Time),,s7w99,focus,
Sat Sep 05 2015 09:55:30 GMT+0800 (Malay Peninsula Standard Time),,s7w100,focus,
Sat Sep 05 2015 09:55:30 GMT+0800 (Malay Peninsula Standard Time),,s7w101,focus,
Sat Sep 05 2015 09:55:30 GMT+0800 (Malay Peninsula Standard Time),,s7w102,focus,
Sat Sep 05 2015 09:55:30 GMT+0800 (Malay Peninsula Standard Time),,s7w103,focus,
Sat Sep 05 2015 09:55:30 GMT+0800 (Malay Peninsula Standard Time),,s7w104,focus,
Sat Sep 05 2015 09:55:31 GMT+0800 (Malay Peninsula Standard Time),,s7w105,focus,
Sat Sep 05 2015 09:55:31 GMT+0800 (Malay Peninsula Standard Time),,s7w106,focus,
Sat Sep 05 2015 09:55:31 GMT+0800 (Malay Peninsula Standard Time),,s7w107,focus,
Sat Sep 05 2015 09:55:32 GMT+0800 (Malay Peninsula Standard Time),,s7w108,focus,
Sat Sep 05 2015 09:55:32 GMT+0800 (Malay Peninsula Standard Time),,s7w109,focus,
Sat Sep 05 2015 09:55:32 GMT+0800 (Malay Peninsula Standard Time),,s7w110,focus,
Sat Sep 05 2015 09:55:32 GMT+0800 (Malay Peninsula Standard Time),,s7w111,focus,
Sat Sep 05 2015 09:55:32 GMT+0800 (Malay Peninsula Standard Time),,s7w112,focus,
Sat Sep 05 2015 09:55:33 GMT+0800 (Malay Peninsula Standard Time),,s7w113,focus,
Sat Sep 05 2015 09:55:33 GMT+0800 (Malay Peninsula Standard Time),,s7w114,focus,
Sat Sep 05 2015 09:55:33 GMT+0800 (Malay Peninsula Standard Time),,s7w115,focus,
Sat Sep 05 2015 09:55:34 GMT+0800 (Malay Peninsula Standard Time),,s7w116,focus,
Sat Sep 05 2015 09:55:34 GMT+0800 (Malay Peninsula Standard Time),,s7w117,focus,
Sat Sep 05 2015 09:55:35 GMT+0800 (Malay Peninsula Standard Time),,s7w118,focus,
Sat Sep 05 2015 09:55:44 GMT+0800 (Malay Peninsula Standard Time),,s7w119,focus,
Sat Sep 05 2015 09:55:44 GMT+0800 (Malay Peninsula Standard Time),,s7w120,focus,
Sat Sep 05 2015 09:55:44 GMT+0800 (Malay Peninsula Standard Time),,s7w121,focus,
Sat Sep 05 2015 09:55:44 GMT+0800 (Malay Peninsula Standard Time),,s7w122,focus,
Sat Sep 05 2015 09:55:45 GMT+0800 (Malay Peninsula Standard Time),,s7w123,focus,
Sat Sep 05 2015 09:55:45 GMT+0800 (Malay Peninsula Standard Time),,s7w124,focus,
Sat Sep 05 2015 09:55:46 GMT+0800 (Malay Peninsula Standard Time),,s7w125,focus,
Sat Sep 05 2015 09:55:46 GMT+0800 (Malay Peninsula Standard Time),,s7w126,focus,
Sat Sep 05 2015 09:55:46 GMT+0800 (Malay Peninsula Standard Time),,s7w127,focus,
Sat Sep 05 2015 09:55:47 GMT+0800 (Malay Peninsula Standard Time),,s7w128,focus,
Sat Sep 05 2015 09:55:47 GMT+0800 (Malay Peninsula Standard Time),,s7w129,focus,
Sat Sep 05 2015 09:55:47 GMT+0800 (Malay Peninsula Standard Time),,s7w130,focus,
Sat Sep 05 2015 09:55:47 GMT+0800 (Malay Peninsula Standard Time),,s7w131,focus,
Sat Sep 05 2015 09:55:48 GMT+0800 (Malay Peninsula Standard Time),,s7w132,focus,
Sat Sep 05 2015 09:55:48 GMT+0800 (Malay Peninsula Standard Time),,s7w133,focus,
Sat Sep 05 2015 09:55:48 GMT+0800 (Malay Peninsula Standard Time),,s7w134,focus,
Sat Sep 05 2015 09:55:48 GMT+0800 (Malay Peninsula Standard Time),,s7w135,focus,
Sat Sep 05 2015 09:55:49 GMT+0800 (Malay Peninsula Standard Time),,s7w136,focus,
Sat Sep 05 2015 09:55:49 GMT+0800 (Malay Peninsula Standard Time),,s7w137,focus,
Sat Sep 05 2015 09:55:49 GMT+0800 (Malay Peninsula Standard Time),,s7w138,focus,
Sat Sep 05 2015 09:55:50 GMT+0800 (Malay Peninsula Standard Time),,s7w139,focus,
Sat Sep 05 2015 09:55:50 GMT+0800 (Malay Peninsula Standard Time),,s7w140,focus,
Sat Sep 05 2015 09:55:50 GMT+0800 (Malay Peninsula Standard Time),,s7w141,focus,
Sat Sep 05 2015 09:55:51 GMT+0800 (Malay Peninsula Standard Time),,s7w142,focus,
Sat Sep 05 2015 09:55:52 GMT+0800 (Malay Peninsula Standard Time),,s7w143,focus,
Sat Sep 05 2015 09:55:52 GMT+0800 (Malay Peninsula Standard Time),,s7w144,focus,
Sat Sep 05 2015 09:55:52 GMT+0800 (Malay Peninsula Standard Time),,s7w145,focus,
Sat Sep 05 2015 09:55:52 GMT+0800 (Malay Peninsula Standard Time),,s7w146,focus,
Sat Sep 05 2015 09:55:53 GMT+0800 (Malay Peninsula Standard Time),,s7w147,focus,
Sat Sep 05 2015 09:56:14 GMT+0800 (Malay Peninsula Standard Time),,s7w147,focus,
Sat Sep 05 2015 09:56:18 GMT+0800 (Malay Peninsula Standard Time),,s7w147,focus,
Sat Sep 05 2015 09:57:55 GMT+0800 (Malay Peninsula Standard Time),,s7w147,focus,
Sat Sep 05 2015 09:58:06 GMT+0800 (Malay Peninsula Standard Time),,s7w147,focus,
Sat Sep 05 2015 09:58:08 GMT+0800 (Malay Peninsula Standard Time),,s7w147,focus,
Sat Sep 05 2015 09:58:09 GMT+0800 (Malay Peninsula Standard Time),,s7w147,label,"P"
Sat Sep 05 2015 09:58:10 GMT+0800 (Malay Peninsula Standard Time),,s7w148,focus,
Sat Sep 05 2015 09:58:10 GMT+0800 (Malay Peninsula Standard Time),,s7w149,focus,
Sat Sep 05 2015 09:58:11 GMT+0800 (Malay Peninsula Standard Time),,s7w150,focus,
Sat Sep 05 2015 09:58:11 GMT+0800 (Malay Peninsula Standard Time),,s7w151,focus,
Sat Sep 05 2015 09:58:11 GMT+0800 (Malay Peninsula Standard Time),,s7w152,focus,
Sat Sep 05 2015 09:58:12 GMT+0800 (Malay Peninsula Standard Time),,s7w153,focus,
Sat Sep 05 2015 09:58:13 GMT+0800 (Malay Peninsula Standard Time),,s7w154,focus,
Sat Sep 05 2015 09:58:13 GMT+0800 (Malay Peninsula Standard Time),,s7w155,focus,
Sat Sep 05 2015 09:58:14 GMT+0800 (Malay Peninsula Standard Time),,s7w156,focus,
Sat Sep 05 2015 09:58:14 GMT+0800 (Malay Peninsula Standard Time),,s7w157,focus,
Sat Sep 05 2015 09:58:14 GMT+0800 (Malay Peninsula Standard Time),,s7w158,focus,
Sat Sep 05 2015 09:58:15 GMT+0800 (Malay Peninsula Standard Time),,s7w159,focus,
Sat Sep 05 2015 09:58:15 GMT+0800 (Malay Peninsula Standard Time),,s7w160,focus,
Sat Sep 05 2015 09:58:17 GMT+0800 (Malay Peninsula Standard Time),,s7w161,focus,
Sat Sep 05 2015 09:58:17 GMT+0800 (Malay Peninsula Standard Time),,s7w162,focus,
Sat Sep 05 2015 09:58:18 GMT+0800 (Malay Peninsula Standard Time),,s7w163,focus,
Sat Sep 05 2015 09:58:31 GMT+0800 (Malay Peninsula Standard Time),,s8w1,focus,
Sat Sep 05 2015 09:58:31 GMT+0800 (Malay Peninsula Standard Time),,s8w2,focus,
Sat Sep 05 2015 09:58:32 GMT+0800 (Malay Peninsula Standard Time),,s8w3,focus,
Sat Sep 05 2015 09:58:34 GMT+0800 (Malay Peninsula Standard Time),,s8w3,label,"G"
Sat Sep 05 2015 09:58:34 GMT+0800 (Malay Peninsula Standard Time),,s8w4,focus,
Sat Sep 05 2015 09:58:34 GMT+0800 (Malay Peninsula Standard Time),,s8w4,label,"N"
Sat Sep 05 2015 09:58:35 GMT+0800 (Malay Peninsula Standard Time),,s8w5,focus,
Sat Sep 05 2015 09:58:35 GMT+0800 (Malay Peninsula Standard Time),,s8w5,label,"N"
Sat Sep 05 2015 09:58:35 GMT+0800 (Malay Peninsula Standard Time),,s8w6,focus,
Sat Sep 05 2015 09:58:36 GMT+0800 (Malay Peninsula Standard Time),,s8w7,focus,
Sat Sep 05 2015 09:58:36 GMT+0800 (Malay Peninsula Standard Time),,s8w8,focus,
Sat Sep 05 2015 09:58:36 GMT+0800 (Malay Peninsula Standard Time),,s8w9,focus,
Sat Sep 05 2015 09:58:36 GMT+0800 (Malay Peninsula Standard Time),,s8w10,focus,
Sat Sep 05 2015 09:58:43 GMT+0800 (Malay Peninsula Standard Time),,s8w19,focus,
Sat Sep 05 2015 09:58:43 GMT+0800 (Malay Peninsula Standard Time),,s8w19,focus,
Sat Sep 05 2015 09:58:44 GMT+0800 (Malay Peninsula Standard Time),,s8w19,label,"^"
Sat Sep 05 2015 09:59:01 GMT+0800 (Malay Peninsula Standard Time),,s11w3,focus,
Sat Sep 05 2015 09:59:02 GMT+0800 (Malay Peninsula Standard Time),,s11w3,focus,
Sat Sep 05 2015 09:59:04 GMT+0800 (Malay Peninsula Standard Time),,s11w3,label,"^"
Sat Sep 05 2015 09:59:10 GMT+0800 (Malay Peninsula Standard Time),,s11w14,focus,
Sat Sep 05 2015 09:59:10 GMT+0800 (Malay Peninsula Standard Time),,s11w14,focus,
Sat Sep 05 2015 09:59:10 GMT+0800 (Malay Peninsula Standard Time),,s11w15,focus,
Sat Sep 05 2015 09:59:11 GMT+0800 (Malay Peninsula Standard Time),,s11w16,focus,
Sat Sep 05 2015 09:59:11 GMT+0800 (Malay Peninsula Standard Time),,s11w17,focus,
Sat Sep 05 2015 09:59:12 GMT+0800 (Malay Peninsula Standard Time),,s11w18,focus,
Sat Sep 05 2015 09:59:12 GMT+0800 (Malay Peninsula Standard Time),,s11w19,focus,
Sat Sep 05 2015 09:59:12 GMT+0800 (Malay Peninsula Standard Time),,s11w20,focus,
Sat Sep 05 2015 09:59:12 GMT+0800 (Malay Peninsula Standard Time),,s11w21,focus,
Sat Sep 05 2015 09:59:18 GMT+0800 (Malay Peninsula Standard Time),,s11w33,focus,
Sat Sep 05 2015 09:59:18 GMT+0800 (Malay Peninsula Standard Time),,s11w33,focus,
Sat Sep 05 2015 09:59:19 GMT+0800 (Malay Peninsula Standard Time),,s11w33,label,"^"
Sat Sep 05 2015 09:59:42 GMT+0800 (Malay Peninsula Standard Time),,s11w86,focus,
Sat Sep 05 2015 09:59:42 GMT+0800 (Malay Peninsula Standard Time),,s11w86,focus,
Sat Sep 05 2015 09:59:44 GMT+0800 (Malay Peninsula Standard Time),,s11w86,label,"^"
Sat Sep 05 2015 10:00:00 GMT+0800 (Malay Peninsula Standard Time),,s11w86,focus,
Sat Sep 05 2015 10:00:02 GMT+0800 (Malay Peninsula Standard Time),,s11w86,focus,
Sat Sep 05 2015 10:00:17 GMT+0800 (Malay Peninsula Standard Time),,s11w86,focus,
Sat Sep 05 2015 10:00:19 GMT+0800 (Malay Peninsula Standard Time),,s11w86,focus,
Sat Sep 05 2015 10:00:19 GMT+0800 (Malay Peninsula Standard Time),,s11w86,label,"N"
Sat Sep 05 2015 10:00:24 GMT+0800 (Malay Peninsula Standard Time),,s11w103,focus,
Sat Sep 05 2015 10:00:25 GMT+0800 (Malay Peninsula Standard Time),,s11w103,focus,
Sat Sep 05 2015 10:00:26 GMT+0800 (Malay Peninsula Standard Time),,s11w103,label,"N"
Sat Sep 05 2015 10:00:27 GMT+0800 (Malay Peninsula Standard Time),,s11w104,focus,
Sat Sep 05 2015 10:00:27 GMT+0800 (Malay Peninsula Standard Time),,s11w104,focus,
Sat Sep 05 2015 10:00:27 GMT+0800 (Malay Peninsula Standard Time),,s11w104,label,"N"
Sat Sep 05 2015 10:01:17 GMT+0800 (Malay Peninsula Standard Time),,s11w126,focus,
Sat Sep 05 2015 10:01:17 GMT+0800 (Malay Peninsula Standard Time),,s11w126,focus,
Sat Sep 05 2015 10:01:18 GMT+0800 (Malay Peninsula Standard Time),,s11w126,label,"N"
Sat Sep 05 2015 10:01:23 GMT+0800 (Malay Peninsula Standard Time),,s11w109,focus,
Sat Sep 05 2015 10:01:23 GMT+0800 (Malay Peninsula Standard Time),,s11w109,focus,
Sat Sep 05 2015 10:01:24 GMT+0800 (Malay Peninsula Standard Time),,s11w109,label,"N"
Sat Sep 05 2015 10:01:48 GMT+0800 (Malay Peninsula Standard Time),,s11w109,focus,
Sat Sep 05 2015 10:02:03 GMT+0800 (Malay Peninsula Standard Time),,s11w109,focus,
Sat Sep 05 2015 10:02:07 GMT+0800 (Malay Peninsula Standard Time),,s11w137,focus,
Sat Sep 05 2015 10:02:07 GMT+0800 (Malay Peninsula Standard Time),,s11w137,focus,
Sat Sep 05 2015 10:02:08 GMT+0800 (Malay Peninsula Standard Time),,s11w137,label,"N"
Sat Sep 05 2015 10:02:28 GMT+0800 (Malay Peninsula Standard Time),,s12w25,focus,
Sat Sep 05 2015 10:02:29 GMT+0800 (Malay Peninsula Standard Time),,s12w25,focus,
Sat Sep 05 2015 10:02:31 GMT+0800 (Malay Peninsula Standard Time),,s12w25,label,"N"
Sat Sep 05 2015 10:02:33 GMT+0800 (Malay Peninsula Standard Time),,s12w31,focus,
Sat Sep 05 2015 10:02:33 GMT+0800 (Malay Peninsula Standard Time),,s12w31,focus,
Sat Sep 05 2015 10:02:35 GMT+0800 (Malay Peninsula Standard Time),,s12w31,label,"^"
Sat Sep 05 2015 10:03:15 GMT+0800 (Malay Peninsula Standard Time),,s14w19,focus,
Sat Sep 05 2015 10:03:15 GMT+0800 (Malay Peninsula Standard Time),,s14w19,focus,
Sat Sep 05 2015 10:03:18 GMT+0800 (Malay Peninsula Standard Time),,s14w19,label,"^"
Sat Sep 05 2015 10:03:21 GMT+0800 (Malay Peninsula Standard Time),,s14w3,focus,
Sat Sep 05 2015 10:03:21 GMT+0800 (Malay Peninsula Standard Time),,s14w3,focus,
Sat Sep 05 2015 10:03:22 GMT+0800 (Malay Peninsula Standard Time),,s14w3,label,"N"
Sat Sep 05 2015 10:03:24 GMT+0800 (Malay Peninsula Standard Time),,s14w22,focus,
Sat Sep 05 2015 10:03:24 GMT+0800 (Malay Peninsula Standard Time),,s14w22,focus,
Sat Sep 05 2015 10:03:24 GMT+0800 (Malay Peninsula Standard Time),,s14w4,focus,
Sat Sep 05 2015 10:03:25 GMT+0800 (Malay Peninsula Standard Time),,s14w4,focus,
Sat Sep 05 2015 10:03:26 GMT+0800 (Malay Peninsula Standard Time),,s14w4,label,"N"
Sat Sep 05 2015 10:03:39 GMT+0800 (Malay Peninsula Standard Time),,s15w2,focus,
Sat Sep 05 2015 10:03:39 GMT+0800 (Malay Peninsula Standard Time),,s15w2,focus,
Sat Sep 05 2015 10:03:39 GMT+0800 (Malay Peninsula Standard Time),,s15w2,label,"N"
Sat Sep 05 2015 10:03:41 GMT+0800 (Malay Peninsula Standard Time),,s15w8,focus,
Sat Sep 05 2015 10:03:42 GMT+0800 (Malay Peninsula Standard Time),,s15w8,focus,
Sat Sep 05 2015 10:03:42 GMT+0800 (Malay Peninsula Standard Time),,s15w8,label,"^"
Sat Sep 05 2015 10:03:43 GMT+0800 (Malay Peninsula Standard Time),,s15w9,focus,
Sat Sep 05 2015 10:03:43 GMT+0800 (Malay Peninsula Standard Time),,s15w9,focus,
Sat Sep 05 2015 10:03:48 GMT+0800 (Malay Peninsula Standard Time),,s15w18,focus,
Sat Sep 05 2015 10:03:48 GMT+0800 (Malay Peninsula Standard Time),,s15w18,focus,
Sat Sep 05 2015 10:03:49 GMT+0800 (Malay Peninsula Standard Time),,s15w18,label,"N"
Sat Sep 05 2015 10:03:50 GMT+0800 (Malay Peninsula Standard Time),,s15w19,focus,
Sat Sep 05 2015 10:03:50 GMT+0800 (Malay Peninsula Standard Time),,s15w19,focus,
Sat Sep 05 2015 10:03:50 GMT+0800 (Malay Peninsula Standard Time),,s15w19,label,"N"
Sat Sep 05 2015 10:04:00 GMT+0800 (Malay Peninsula Standard Time),,s15w40,focus,
Sat Sep 05 2015 10:04:00 GMT+0800 (Malay Peninsula Standard Time),,s15w40,focus,
Sat Sep 05 2015 10:04:02 GMT+0800 (Malay Peninsula Standard Time),,s15w40,label,"N"
Sat Sep 05 2015 10:04:15 GMT+0800 (Malay Peninsula Standard Time),,s15w40,focus,
Sat Sep 05 2015 10:04:16 GMT+0800 (Malay Peninsula Standard Time),,s15w40,label,"^"
Sat Sep 05 2015 10:04:17 GMT+0800 (Malay Peninsula Standard Time),,s15w2,focus,
Sat Sep 05 2015 10:04:17 GMT+0800 (Malay Peninsula Standard Time),,s15w2,focus,
Sat Sep 05 2015 10:04:18 GMT+0800 (Malay Peninsula Standard Time),,s15w2,label,"^"
Sat Sep 05 2015 10:04:20 GMT+0800 (Malay Peninsula Standard Time),,s14w3,focus,
Sat Sep 05 2015 10:04:20 GMT+0800 (Malay Peninsula Standard Time),,s14w3,focus,
Sat Sep 05 2015 10:04:21 GMT+0800 (Malay Peninsula Standard Time),,s14w3,label,"^"
Sat Sep 05 2015 10:04:58 GMT+0800 (Malay Peninsula Standard Time),,s14w3,focus,
Sat Sep 05 2015 10:05:01 GMT+0800 (Malay Peninsula Standard Time),,s15w67,focus,
Sat Sep 05 2015 10:05:01 GMT+0800 (Malay Peninsula Standard Time),,s15w67,focus,
Sat Sep 05 2015 10:05:02 GMT+0800 (Malay Peninsula Standard Time),,s15w67,label,"N"
Sat Sep 05 2015 10:05:05 GMT+0800 (Malay Peninsula Standard Time),,s15w72,focus,
Sat Sep 05 2015 10:05:05 GMT+0800 (Malay Peninsula Standard Time),,s15w72,focus,
Sat Sep 05 2015 10:05:06 GMT+0800 (Malay Peninsula Standard Time),,s15w72,label,"N"
Sat Sep 05 2015 10:05:36 GMT+0800 (Malay Peninsula Standard Time),,s17w34,focus,
Sat Sep 05 2015 10:05:36 GMT+0800 (Malay Peninsula Standard Time),,s17w34,focus,
Sat Sep 05 2015 10:05:36 GMT+0800 (Malay Peninsula Standard Time),,s17w34,label,"N"
Sat Sep 05 2015 10:05:45 GMT+0800 (Malay Peninsula Standard Time),,s17w24,focus,
Sat Sep 05 2015 10:05:46 GMT+0800 (Malay Peninsula Standard Time),,s17w24,focus,
Sat Sep 05 2015 10:05:47 GMT+0800 (Malay Peninsula Standard Time),,s17w24,label,"V"
Sat Sep 05 2015 10:11:44 GMT+0800 (Malay Peninsula Standard Time),,,submitPage,
