Fri Sep 04 2015 14:31:46 GMT+0800 (Malay Peninsula Standard Time),,,pageReady,0:100:100
Fri Sep 04 2015 14:31:46 GMT+0800 (Malay Peninsula Standard Time),,s0,twitterId,1097923
Fri Sep 04 2015 14:31:46 GMT+0800 (Malay Peninsula Standard Time),,s1,twitterId,1097923
Fri Sep 04 2015 14:31:46 GMT+0800 (Malay Peninsula Standard Time),,s2,twitterId,1097923
Fri Sep 04 2015 14:31:46 GMT+0800 (Malay Peninsula Standard Time),,s3,twitterId,1097923
Fri Sep 04 2015 14:31:46 GMT+0800 (Malay Peninsula Standard Time),,s4,twitterId,1097923
Fri Sep 04 2015 14:31:46 GMT+0800 (Malay Peninsula Standard Time),,s5,twitterId,1097923
Fri Sep 04 2015 14:31:46 GMT+0800 (Malay Peninsula Standard Time),,s6,twitterId,1097923
Fri Sep 04 2015 14:31:46 GMT+0800 (Malay Peninsula Standard Time),,s7,twitterId,1097923
Fri Sep 04 2015 14:31:46 GMT+0800 (Malay Peninsula Standard Time),,s8,twitterId,1097923
Fri Sep 04 2015 14:31:46 GMT+0800 (Malay Peninsula Standard Time),,s9,twitterId,1097923
Fri Sep 04 2015 14:31:46 GMT+0800 (Malay Peninsula Standard Time),,s10,twitterId,1097923
Fri Sep 04 2015 14:31:46 GMT+0800 (Malay Peninsula Standard Time),,s11,twitterId,1097923
Fri Sep 04 2015 14:31:46 GMT+0800 (Malay Peninsula Standard Time),,s12,twitterId,1097923
Fri Sep 04 2015 14:31:54 GMT+0800 (Malay Peninsula Standard Time),,s0w9,focus,
Fri Sep 04 2015 14:31:54 GMT+0800 (Malay Peninsula Standard Time),,s0w9,focus,
Fri Sep 04 2015 14:31:54 GMT+0800 (Malay Peninsula Standard Time),,s0w9,label,"^"
Fri Sep 04 2015 14:31:58 GMT+0800 (Malay Peninsula Standard Time),,s0w1,focus,
Fri Sep 04 2015 14:31:58 GMT+0800 (Malay Peninsula Standard Time),,s0w2,focus,
Fri Sep 04 2015 14:31:59 GMT+0800 (Malay Peninsula Standard Time),,s0w3,focus,
Fri Sep 04 2015 14:31:59 GMT+0800 (Malay Peninsula Standard Time),,s0w4,focus,
Fri Sep 04 2015 14:31:59 GMT+0800 (Malay Peninsula Standard Time),,s0w5,focus,
Fri Sep 04 2015 14:32:00 GMT+0800 (Malay Peninsula Standard Time),,s0w6,focus,
Fri Sep 04 2015 14:32:00 GMT+0800 (Malay Peninsula Standard Time),,s0w7,focus,
Fri Sep 04 2015 14:32:00 GMT+0800 (Malay Peninsula Standard Time),,s0w8,focus,
Fri Sep 04 2015 14:32:01 GMT+0800 (Malay Peninsula Standard Time),,s0w9,focus,
Fri Sep 04 2015 14:32:01 GMT+0800 (Malay Peninsula Standard Time),,s1w1,focus,
Fri Sep 04 2015 14:32:01 GMT+0800 (Malay Peninsula Standard Time),,s1w2,focus,
Fri Sep 04 2015 14:32:01 GMT+0800 (Malay Peninsula Standard Time),,s1w3,focus,
Fri Sep 04 2015 14:32:02 GMT+0800 (Malay Peninsula Standard Time),,s1w4,focus,
Fri Sep 04 2015 14:32:02 GMT+0800 (Malay Peninsula Standard Time),,s1w5,focus,
Fri Sep 04 2015 14:32:02 GMT+0800 (Malay Peninsula Standard Time),,s1w6,focus,
Fri Sep 04 2015 14:32:03 GMT+0800 (Malay Peninsula Standard Time),,s1w7,focus,
Fri Sep 04 2015 14:32:03 GMT+0800 (Malay Peninsula Standard Time),,s1w8,focus,
Fri Sep 04 2015 14:32:04 GMT+0800 (Malay Peninsula Standard Time),,s1w9,focus,
Fri Sep 04 2015 14:32:04 GMT+0800 (Malay Peninsula Standard Time),,s1w10,focus,
Fri Sep 04 2015 14:32:04 GMT+0800 (Malay Peninsula Standard Time),,s1w11,focus,
Fri Sep 04 2015 14:32:04 GMT+0800 (Malay Peninsula Standard Time),,s1w12,focus,
Fri Sep 04 2015 14:32:05 GMT+0800 (Malay Peninsula Standard Time),,s1w13,focus,
Fri Sep 04 2015 14:32:05 GMT+0800 (Malay Peninsula Standard Time),,s1w14,focus,
Fri Sep 04 2015 14:32:06 GMT+0800 (Malay Peninsula Standard Time),,s1w15,focus,
Fri Sep 04 2015 14:32:06 GMT+0800 (Malay Peninsula Standard Time),,s1w16,focus,
Fri Sep 04 2015 14:32:06 GMT+0800 (Malay Peninsula Standard Time),,s1w17,focus,
Fri Sep 04 2015 14:32:06 GMT+0800 (Malay Peninsula Standard Time),,s1w18,focus,
Fri Sep 04 2015 14:32:06 GMT+0800 (Malay Peninsula Standard Time),,s1w19,focus,
Fri Sep 04 2015 14:32:07 GMT+0800 (Malay Peninsula Standard Time),,s1w20,focus,
Fri Sep 04 2015 14:32:07 GMT+0800 (Malay Peninsula Standard Time),,s1w21,focus,
Fri Sep 04 2015 14:32:07 GMT+0800 (Malay Peninsula Standard Time),,s1w22,focus,
Fri Sep 04 2015 14:32:08 GMT+0800 (Malay Peninsula Standard Time),,s1w23,focus,
Fri Sep 04 2015 14:32:08 GMT+0800 (Malay Peninsula Standard Time),,s1w24,focus,
Fri Sep 04 2015 14:32:08 GMT+0800 (Malay Peninsula Standard Time),,s1w25,focus,
Fri Sep 04 2015 14:32:09 GMT+0800 (Malay Peninsula Standard Time),,s1w26,focus,
Fri Sep 04 2015 14:32:09 GMT+0800 (Malay Peninsula Standard Time),,s1w27,focus,
Fri Sep 04 2015 14:32:09 GMT+0800 (Malay Peninsula Standard Time),,s1w28,focus,
Fri Sep 04 2015 14:32:10 GMT+0800 (Malay Peninsula Standard Time),,s1w29,focus,
Fri Sep 04 2015 14:32:10 GMT+0800 (Malay Peninsula Standard Time),,s1w30,focus,
Fri Sep 04 2015 14:32:10 GMT+0800 (Malay Peninsula Standard Time),,s1w31,focus,
Fri Sep 04 2015 14:32:10 GMT+0800 (Malay Peninsula Standard Time),,s1w32,focus,
Fri Sep 04 2015 14:32:11 GMT+0800 (Malay Peninsula Standard Time),,s1w33,focus,
Fri Sep 04 2015 14:32:14 GMT+0800 (Malay Peninsula Standard Time),,s1w34,focus,
Fri Sep 04 2015 14:32:15 GMT+0800 (Malay Peninsula Standard Time),,s1w34,label,"^"
Fri Sep 04 2015 14:32:16 GMT+0800 (Malay Peninsula Standard Time),,s1w35,focus,
Fri Sep 04 2015 14:32:16 GMT+0800 (Malay Peninsula Standard Time),,s1w36,focus,
Fri Sep 04 2015 14:32:17 GMT+0800 (Malay Peninsula Standard Time),,s1w37,focus,
Fri Sep 04 2015 14:32:17 GMT+0800 (Malay Peninsula Standard Time),,s1w38,focus,
Fri Sep 04 2015 14:32:17 GMT+0800 (Malay Peninsula Standard Time),,s1w39,focus,
Fri Sep 04 2015 14:32:18 GMT+0800 (Malay Peninsula Standard Time),,s1w40,focus,
Fri Sep 04 2015 14:32:18 GMT+0800 (Malay Peninsula Standard Time),,s1w41,focus,
Fri Sep 04 2015 14:32:19 GMT+0800 (Malay Peninsula Standard Time),,s1w42,focus,
Fri Sep 04 2015 14:32:19 GMT+0800 (Malay Peninsula Standard Time),,s1w43,focus,
Fri Sep 04 2015 14:32:19 GMT+0800 (Malay Peninsula Standard Time),,s1w44,focus,
Fri Sep 04 2015 14:32:19 GMT+0800 (Malay Peninsula Standard Time),,s1w45,focus,
Fri Sep 04 2015 14:32:19 GMT+0800 (Malay Peninsula Standard Time),,s1w46,focus,
Fri Sep 04 2015 14:32:20 GMT+0800 (Malay Peninsula Standard Time),,s1w47,focus,
Fri Sep 04 2015 14:32:20 GMT+0800 (Malay Peninsula Standard Time),,s1w48,focus,
Fri Sep 04 2015 14:32:20 GMT+0800 (Malay Peninsula Standard Time),,s1w49,focus,
Fri Sep 04 2015 14:32:21 GMT+0800 (Malay Peninsula Standard Time),,s1w50,focus,
Fri Sep 04 2015 14:32:21 GMT+0800 (Malay Peninsula Standard Time),,s1w51,focus,
Fri Sep 04 2015 14:32:21 GMT+0800 (Malay Peninsula Standard Time),,s1w52,focus,
Fri Sep 04 2015 14:32:21 GMT+0800 (Malay Peninsula Standard Time),,s1w53,focus,
Fri Sep 04 2015 14:32:21 GMT+0800 (Malay Peninsula Standard Time),,s1w54,focus,
Fri Sep 04 2015 14:32:21 GMT+0800 (Malay Peninsula Standard Time),,s1w55,focus,
Fri Sep 04 2015 14:32:21 GMT+0800 (Malay Peninsula Standard Time),,s1w56,focus,
Fri Sep 04 2015 14:32:22 GMT+0800 (Malay Peninsula Standard Time),,s1w57,focus,
Fri Sep 04 2015 14:32:22 GMT+0800 (Malay Peninsula Standard Time),,s1w58,focus,
Fri Sep 04 2015 14:32:22 GMT+0800 (Malay Peninsula Standard Time),,s1w59,focus,
Fri Sep 04 2015 14:32:22 GMT+0800 (Malay Peninsula Standard Time),,s1w60,focus,
Fri Sep 04 2015 14:32:22 GMT+0800 (Malay Peninsula Standard Time),,s1w61,focus,
Fri Sep 04 2015 14:32:23 GMT+0800 (Malay Peninsula Standard Time),,s1w62,focus,
Fri Sep 04 2015 14:32:23 GMT+0800 (Malay Peninsula Standard Time),,s1w63,focus,
Fri Sep 04 2015 14:32:23 GMT+0800 (Malay Peninsula Standard Time),,s1w64,focus,
Fri Sep 04 2015 14:32:23 GMT+0800 (Malay Peninsula Standard Time),,s1w65,focus,
Fri Sep 04 2015 14:32:23 GMT+0800 (Malay Peninsula Standard Time),,s1w66,focus,
Fri Sep 04 2015 14:32:24 GMT+0800 (Malay Peninsula Standard Time),,s1w67,focus,
Fri Sep 04 2015 14:32:24 GMT+0800 (Malay Peninsula Standard Time),,s1w68,focus,
Fri Sep 04 2015 14:32:24 GMT+0800 (Malay Peninsula Standard Time),,s1w69,focus,
Fri Sep 04 2015 14:32:24 GMT+0800 (Malay Peninsula Standard Time),,s1w70,focus,
Fri Sep 04 2015 14:32:24 GMT+0800 (Malay Peninsula Standard Time),,s1w71,focus,
Fri Sep 04 2015 14:32:24 GMT+0800 (Malay Peninsula Standard Time),,s1w72,focus,
Fri Sep 04 2015 14:32:25 GMT+0800 (Malay Peninsula Standard Time),,s1w73,focus,
Fri Sep 04 2015 14:32:25 GMT+0800 (Malay Peninsula Standard Time),,s1w74,focus,
Fri Sep 04 2015 14:32:25 GMT+0800 (Malay Peninsula Standard Time),,s1w75,focus,
Fri Sep 04 2015 14:32:25 GMT+0800 (Malay Peninsula Standard Time),,s1w76,focus,
Fri Sep 04 2015 14:32:25 GMT+0800 (Malay Peninsula Standard Time),,s1w77,focus,
Fri Sep 04 2015 14:32:25 GMT+0800 (Malay Peninsula Standard Time),,s1w78,focus,
Fri Sep 04 2015 14:32:26 GMT+0800 (Malay Peninsula Standard Time),,s1w79,focus,
Fri Sep 04 2015 14:32:26 GMT+0800 (Malay Peninsula Standard Time),,s1w80,focus,
Fri Sep 04 2015 14:32:26 GMT+0800 (Malay Peninsula Standard Time),,s1w81,focus,
Fri Sep 04 2015 14:32:26 GMT+0800 (Malay Peninsula Standard Time),,s1w82,focus,
Fri Sep 04 2015 14:32:26 GMT+0800 (Malay Peninsula Standard Time),,s1w83,focus,
Fri Sep 04 2015 14:32:26 GMT+0800 (Malay Peninsula Standard Time),,s1w84,focus,
Fri Sep 04 2015 14:32:27 GMT+0800 (Malay Peninsula Standard Time),,s1w85,focus,
Fri Sep 04 2015 14:32:27 GMT+0800 (Malay Peninsula Standard Time),,s1w86,focus,
Fri Sep 04 2015 14:32:27 GMT+0800 (Malay Peninsula Standard Time),,s1w87,focus,
Fri Sep 04 2015 14:32:27 GMT+0800 (Malay Peninsula Standard Time),,s1w88,focus,
Fri Sep 04 2015 14:32:28 GMT+0800 (Malay Peninsula Standard Time),,s1w89,focus,
Fri Sep 04 2015 14:32:28 GMT+0800 (Malay Peninsula Standard Time),,s1w90,focus,
Fri Sep 04 2015 14:32:28 GMT+0800 (Malay Peninsula Standard Time),,s1w91,focus,
Fri Sep 04 2015 14:32:28 GMT+0800 (Malay Peninsula Standard Time),,s1w92,focus,
Fri Sep 04 2015 14:32:28 GMT+0800 (Malay Peninsula Standard Time),,s1w93,focus,
Fri Sep 04 2015 14:32:28 GMT+0800 (Malay Peninsula Standard Time),,s1w94,focus,
Fri Sep 04 2015 14:32:28 GMT+0800 (Malay Peninsula Standard Time),,s1w95,focus,
Fri Sep 04 2015 14:32:29 GMT+0800 (Malay Peninsula Standard Time),,s1w96,focus,
Fri Sep 04 2015 14:32:29 GMT+0800 (Malay Peninsula Standard Time),,s1w97,focus,
Fri Sep 04 2015 14:32:29 GMT+0800 (Malay Peninsula Standard Time),,s1w98,focus,
Fri Sep 04 2015 14:32:29 GMT+0800 (Malay Peninsula Standard Time),,s1w99,focus,
Fri Sep 04 2015 14:32:29 GMT+0800 (Malay Peninsula Standard Time),,s1w100,focus,
Fri Sep 04 2015 14:32:31 GMT+0800 (Malay Peninsula Standard Time),,s1w101,focus,
Fri Sep 04 2015 14:32:31 GMT+0800 (Malay Peninsula Standard Time),,s1w102,focus,
Fri Sep 04 2015 14:32:31 GMT+0800 (Malay Peninsula Standard Time),,s1w103,focus,
Fri Sep 04 2015 14:32:32 GMT+0800 (Malay Peninsula Standard Time),,s1w104,focus,
Fri Sep 04 2015 14:32:32 GMT+0800 (Malay Peninsula Standard Time),,s1w105,focus,
Fri Sep 04 2015 14:32:32 GMT+0800 (Malay Peninsula Standard Time),,s1w106,focus,
Fri Sep 04 2015 14:32:33 GMT+0800 (Malay Peninsula Standard Time),,s1w107,focus,
Fri Sep 04 2015 14:32:33 GMT+0800 (Malay Peninsula Standard Time),,s1w108,focus,
Fri Sep 04 2015 14:32:33 GMT+0800 (Malay Peninsula Standard Time),,s1w109,focus,
Fri Sep 04 2015 14:32:34 GMT+0800 (Malay Peninsula Standard Time),,s1w110,focus,
Fri Sep 04 2015 14:32:34 GMT+0800 (Malay Peninsula Standard Time),,s1w111,focus,
Fri Sep 04 2015 14:32:35 GMT+0800 (Malay Peninsula Standard Time),,s1w112,focus,
Fri Sep 04 2015 14:32:39 GMT+0800 (Malay Peninsula Standard Time),,s1w112,focus,
Fri Sep 04 2015 14:32:42 GMT+0800 (Malay Peninsula Standard Time),,s1w112,focus,
Fri Sep 04 2015 14:32:45 GMT+0800 (Malay Peninsula Standard Time),,s1w111,focus,
Fri Sep 04 2015 14:32:47 GMT+0800 (Malay Peninsula Standard Time),,s1w111,label,"U"
Fri Sep 04 2015 14:32:49 GMT+0800 (Malay Peninsula Standard Time),,s1w112,focus,
Fri Sep 04 2015 14:32:50 GMT+0800 (Malay Peninsula Standard Time),,s1w113,focus,
Fri Sep 04 2015 14:32:51 GMT+0800 (Malay Peninsula Standard Time),,s1w114,focus,
Fri Sep 04 2015 14:32:51 GMT+0800 (Malay Peninsula Standard Time),,s1w115,focus,
Fri Sep 04 2015 14:32:51 GMT+0800 (Malay Peninsula Standard Time),,s1w116,focus,
Fri Sep 04 2015 14:32:52 GMT+0800 (Malay Peninsula Standard Time),,s1w117,focus,
Fri Sep 04 2015 14:32:52 GMT+0800 (Malay Peninsula Standard Time),,s1w118,focus,
Fri Sep 04 2015 14:32:52 GMT+0800 (Malay Peninsula Standard Time),,s1w119,focus,
Fri Sep 04 2015 14:32:53 GMT+0800 (Malay Peninsula Standard Time),,s1w120,focus,
Fri Sep 04 2015 14:32:53 GMT+0800 (Malay Peninsula Standard Time),,s1w121,focus,
Fri Sep 04 2015 14:32:53 GMT+0800 (Malay Peninsula Standard Time),,s1w122,focus,
Fri Sep 04 2015 14:32:54 GMT+0800 (Malay Peninsula Standard Time),,s1w123,focus,
Fri Sep 04 2015 14:32:54 GMT+0800 (Malay Peninsula Standard Time),,s1w124,focus,
Fri Sep 04 2015 14:32:54 GMT+0800 (Malay Peninsula Standard Time),,s2w1,focus,
Fri Sep 04 2015 14:32:54 GMT+0800 (Malay Peninsula Standard Time),,s2w2,focus,
Fri Sep 04 2015 14:32:55 GMT+0800 (Malay Peninsula Standard Time),,s2w3,focus,
Fri Sep 04 2015 14:32:55 GMT+0800 (Malay Peninsula Standard Time),,s2w4,focus,
Fri Sep 04 2015 14:32:55 GMT+0800 (Malay Peninsula Standard Time),,s2w5,focus,
Fri Sep 04 2015 14:32:55 GMT+0800 (Malay Peninsula Standard Time),,s2w6,focus,
Fri Sep 04 2015 14:32:55 GMT+0800 (Malay Peninsula Standard Time),,s2w7,focus,
Fri Sep 04 2015 14:32:55 GMT+0800 (Malay Peninsula Standard Time),,s2w8,focus,
Fri Sep 04 2015 14:32:56 GMT+0800 (Malay Peninsula Standard Time),,s2w9,focus,
Fri Sep 04 2015 14:32:56 GMT+0800 (Malay Peninsula Standard Time),,s2w10,focus,
Fri Sep 04 2015 14:32:56 GMT+0800 (Malay Peninsula Standard Time),,s2w11,focus,
Fri Sep 04 2015 14:32:56 GMT+0800 (Malay Peninsula Standard Time),,s2w12,focus,
Fri Sep 04 2015 14:32:56 GMT+0800 (Malay Peninsula Standard Time),,s2w13,focus,
Fri Sep 04 2015 14:32:57 GMT+0800 (Malay Peninsula Standard Time),,s2w14,focus,
Fri Sep 04 2015 14:32:57 GMT+0800 (Malay Peninsula Standard Time),,s2w15,focus,
Fri Sep 04 2015 14:32:57 GMT+0800 (Malay Peninsula Standard Time),,s2w16,focus,
Fri Sep 04 2015 14:32:57 GMT+0800 (Malay Peninsula Standard Time),,s2w17,focus,
Fri Sep 04 2015 14:32:57 GMT+0800 (Malay Peninsula Standard Time),,s2w18,focus,
Fri Sep 04 2015 14:32:57 GMT+0800 (Malay Peninsula Standard Time),,s2w19,focus,
Fri Sep 04 2015 14:32:58 GMT+0800 (Malay Peninsula Standard Time),,s2w20,focus,
Fri Sep 04 2015 14:32:58 GMT+0800 (Malay Peninsula Standard Time),,s2w21,focus,
Fri Sep 04 2015 14:32:58 GMT+0800 (Malay Peninsula Standard Time),,s2w22,focus,
Fri Sep 04 2015 14:32:58 GMT+0800 (Malay Peninsula Standard Time),,s2w23,focus,
Fri Sep 04 2015 14:32:58 GMT+0800 (Malay Peninsula Standard Time),,s2w24,focus,
Fri Sep 04 2015 14:32:58 GMT+0800 (Malay Peninsula Standard Time),,s2w25,focus,
Fri Sep 04 2015 14:32:59 GMT+0800 (Malay Peninsula Standard Time),,s2w26,focus,
Fri Sep 04 2015 14:32:59 GMT+0800 (Malay Peninsula Standard Time),,s2w27,focus,
Fri Sep 04 2015 14:32:59 GMT+0800 (Malay Peninsula Standard Time),,s2w28,focus,
Fri Sep 04 2015 14:32:59 GMT+0800 (Malay Peninsula Standard Time),,s2w29,focus,
Fri Sep 04 2015 14:33:00 GMT+0800 (Malay Peninsula Standard Time),,s2w30,focus,
Fri Sep 04 2015 14:33:01 GMT+0800 (Malay Peninsula Standard Time),,s2w31,focus,
Fri Sep 04 2015 14:33:01 GMT+0800 (Malay Peninsula Standard Time),,s2w32,focus,
Fri Sep 04 2015 14:33:01 GMT+0800 (Malay Peninsula Standard Time),,s2w33,focus,
Fri Sep 04 2015 14:33:02 GMT+0800 (Malay Peninsula Standard Time),,s2w34,focus,
Fri Sep 04 2015 14:33:02 GMT+0800 (Malay Peninsula Standard Time),,s2w35,focus,
Fri Sep 04 2015 14:33:02 GMT+0800 (Malay Peninsula Standard Time),,s2w36,focus,
Fri Sep 04 2015 14:33:02 GMT+0800 (Malay Peninsula Standard Time),,s2w37,focus,
Fri Sep 04 2015 14:33:02 GMT+0800 (Malay Peninsula Standard Time),,s2w38,focus,
Fri Sep 04 2015 14:33:03 GMT+0800 (Malay Peninsula Standard Time),,s2w39,focus,
Fri Sep 04 2015 14:33:03 GMT+0800 (Malay Peninsula Standard Time),,s2w40,focus,
Fri Sep 04 2015 14:33:03 GMT+0800 (Malay Peninsula Standard Time),,s3w1,focus,
Fri Sep 04 2015 14:33:10 GMT+0800 (Malay Peninsula Standard Time),,s3w9,focus,
Fri Sep 04 2015 14:33:10 GMT+0800 (Malay Peninsula Standard Time),,s3w9,focus,
Fri Sep 04 2015 14:33:10 GMT+0800 (Malay Peninsula Standard Time),,s3w9,label,"^"
Fri Sep 04 2015 14:33:14 GMT+0800 (Malay Peninsula Standard Time),,s3w10,focus,
Fri Sep 04 2015 14:33:14 GMT+0800 (Malay Peninsula Standard Time),,s3w11,focus,
Fri Sep 04 2015 14:33:14 GMT+0800 (Malay Peninsula Standard Time),,s3w12,focus,
Fri Sep 04 2015 14:33:15 GMT+0800 (Malay Peninsula Standard Time),,s3w13,focus,
Fri Sep 04 2015 14:33:15 GMT+0800 (Malay Peninsula Standard Time),,s3w14,focus,
Fri Sep 04 2015 14:33:15 GMT+0800 (Malay Peninsula Standard Time),,s3w15,focus,
Fri Sep 04 2015 14:33:16 GMT+0800 (Malay Peninsula Standard Time),,s3w16,focus,
Fri Sep 04 2015 14:33:16 GMT+0800 (Malay Peninsula Standard Time),,s3w17,focus,
Fri Sep 04 2015 14:33:16 GMT+0800 (Malay Peninsula Standard Time),,s3w18,focus,
Fri Sep 04 2015 14:33:16 GMT+0800 (Malay Peninsula Standard Time),,s3w19,focus,
Fri Sep 04 2015 14:33:17 GMT+0800 (Malay Peninsula Standard Time),,s3w20,focus,
Fri Sep 04 2015 14:33:17 GMT+0800 (Malay Peninsula Standard Time),,s3w21,focus,
Fri Sep 04 2015 14:33:17 GMT+0800 (Malay Peninsula Standard Time),,s3w22,focus,
Fri Sep 04 2015 14:33:17 GMT+0800 (Malay Peninsula Standard Time),,s3w23,focus,
Fri Sep 04 2015 14:33:17 GMT+0800 (Malay Peninsula Standard Time),,s3w24,focus,
Fri Sep 04 2015 14:33:17 GMT+0800 (Malay Peninsula Standard Time),,s3w25,focus,
Fri Sep 04 2015 14:33:18 GMT+0800 (Malay Peninsula Standard Time),,s3w26,focus,
Fri Sep 04 2015 14:33:18 GMT+0800 (Malay Peninsula Standard Time),,s3w27,focus,
Fri Sep 04 2015 14:33:18 GMT+0800 (Malay Peninsula Standard Time),,s3w28,focus,
Fri Sep 04 2015 14:33:18 GMT+0800 (Malay Peninsula Standard Time),,s3w29,focus,
Fri Sep 04 2015 14:33:18 GMT+0800 (Malay Peninsula Standard Time),,s3w30,focus,
Fri Sep 04 2015 14:33:19 GMT+0800 (Malay Peninsula Standard Time),,s3w31,focus,
Fri Sep 04 2015 14:33:19 GMT+0800 (Malay Peninsula Standard Time),,s3w32,focus,
Fri Sep 04 2015 14:33:19 GMT+0800 (Malay Peninsula Standard Time),,s3w33,focus,
Fri Sep 04 2015 14:33:19 GMT+0800 (Malay Peninsula Standard Time),,s3w34,focus,
Fri Sep 04 2015 14:33:19 GMT+0800 (Malay Peninsula Standard Time),,s3w35,focus,
Fri Sep 04 2015 14:33:21 GMT+0800 (Malay Peninsula Standard Time),,s3w35,label,"N"
Fri Sep 04 2015 14:33:21 GMT+0800 (Malay Peninsula Standard Time),,s3w36,focus,
Fri Sep 04 2015 14:33:22 GMT+0800 (Malay Peninsula Standard Time),,s3w37,focus,
Fri Sep 04 2015 14:33:24 GMT+0800 (Malay Peninsula Standard Time),,s3w36,focus,
Fri Sep 04 2015 14:33:28 GMT+0800 (Malay Peninsula Standard Time),,s3w37,focus,
Fri Sep 04 2015 14:33:32 GMT+0800 (Malay Peninsula Standard Time),,s3w37,focus,
Fri Sep 04 2015 14:33:33 GMT+0800 (Malay Peninsula Standard Time),,s3w36,focus,
Fri Sep 04 2015 14:33:34 GMT+0800 (Malay Peninsula Standard Time),,s3w36,label,"$"
Fri Sep 04 2015 14:33:35 GMT+0800 (Malay Peninsula Standard Time),,s3w37,focus,
Fri Sep 04 2015 14:33:36 GMT+0800 (Malay Peninsula Standard Time),,s3w38,focus,
Fri Sep 04 2015 14:33:36 GMT+0800 (Malay Peninsula Standard Time),,s3w39,focus,
Fri Sep 04 2015 14:33:37 GMT+0800 (Malay Peninsula Standard Time),,s3w40,focus,
Fri Sep 04 2015 14:33:37 GMT+0800 (Malay Peninsula Standard Time),,s3w41,focus,
Fri Sep 04 2015 14:33:37 GMT+0800 (Malay Peninsula Standard Time),,s3w42,focus,
Fri Sep 04 2015 14:33:37 GMT+0800 (Malay Peninsula Standard Time),,s3w43,focus,
Fri Sep 04 2015 14:33:38 GMT+0800 (Malay Peninsula Standard Time),,s3w44,focus,
Fri Sep 04 2015 14:33:38 GMT+0800 (Malay Peninsula Standard Time),,s3w45,focus,
Fri Sep 04 2015 14:33:40 GMT+0800 (Malay Peninsula Standard Time),,s3w46,focus,
Fri Sep 04 2015 14:33:40 GMT+0800 (Malay Peninsula Standard Time),,s3w47,focus,
Fri Sep 04 2015 14:33:41 GMT+0800 (Malay Peninsula Standard Time),,s3w48,focus,
Fri Sep 04 2015 14:33:41 GMT+0800 (Malay Peninsula Standard Time),,s3w49,focus,
Fri Sep 04 2015 14:33:41 GMT+0800 (Malay Peninsula Standard Time),,s3w50,focus,
Fri Sep 04 2015 14:33:41 GMT+0800 (Malay Peninsula Standard Time),,s3w51,focus,
Fri Sep 04 2015 14:33:42 GMT+0800 (Malay Peninsula Standard Time),,s3w52,focus,
Fri Sep 04 2015 14:33:42 GMT+0800 (Malay Peninsula Standard Time),,s3w53,focus,
Fri Sep 04 2015 14:33:42 GMT+0800 (Malay Peninsula Standard Time),,s3w54,focus,
Fri Sep 04 2015 14:33:42 GMT+0800 (Malay Peninsula Standard Time),,s3w55,focus,
Fri Sep 04 2015 14:33:44 GMT+0800 (Malay Peninsula Standard Time),,s3w56,focus,
Fri Sep 04 2015 14:33:44 GMT+0800 (Malay Peninsula Standard Time),,s3w57,focus,
Fri Sep 04 2015 14:33:44 GMT+0800 (Malay Peninsula Standard Time),,s3w58,focus,
Fri Sep 04 2015 14:33:45 GMT+0800 (Malay Peninsula Standard Time),,s3w59,focus,
Fri Sep 04 2015 14:33:45 GMT+0800 (Malay Peninsula Standard Time),,s3w60,focus,
Fri Sep 04 2015 14:33:45 GMT+0800 (Malay Peninsula Standard Time),,s3w61,focus,
Fri Sep 04 2015 14:33:45 GMT+0800 (Malay Peninsula Standard Time),,s3w62,focus,
Fri Sep 04 2015 14:33:45 GMT+0800 (Malay Peninsula Standard Time),,s3w63,focus,
Fri Sep 04 2015 14:33:46 GMT+0800 (Malay Peninsula Standard Time),,s3w64,focus,
Fri Sep 04 2015 14:33:46 GMT+0800 (Malay Peninsula Standard Time),,s3w65,focus,
Fri Sep 04 2015 14:33:46 GMT+0800 (Malay Peninsula Standard Time),,s3w66,focus,
Fri Sep 04 2015 14:33:47 GMT+0800 (Malay Peninsula Standard Time),,s3w67,focus,
Fri Sep 04 2015 14:33:47 GMT+0800 (Malay Peninsula Standard Time),,s3w68,focus,
Fri Sep 04 2015 14:33:47 GMT+0800 (Malay Peninsula Standard Time),,s3w69,focus,
Fri Sep 04 2015 14:33:47 GMT+0800 (Malay Peninsula Standard Time),,s3w70,focus,
Fri Sep 04 2015 14:33:48 GMT+0800 (Malay Peninsula Standard Time),,s3w71,focus,
Fri Sep 04 2015 14:33:48 GMT+0800 (Malay Peninsula Standard Time),,s3w72,focus,
Fri Sep 04 2015 14:33:49 GMT+0800 (Malay Peninsula Standard Time),,s3w73,focus,
Fri Sep 04 2015 14:33:49 GMT+0800 (Malay Peninsula Standard Time),,s3w74,focus,
Fri Sep 04 2015 14:33:49 GMT+0800 (Malay Peninsula Standard Time),,s3w75,focus,
Fri Sep 04 2015 14:34:38 GMT+0800 (Malay Peninsula Standard Time),,s3w75,label,"U"
Fri Sep 04 2015 14:34:40 GMT+0800 (Malay Peninsula Standard Time),,s3w75,label,"U"
Fri Sep 04 2015 14:34:40 GMT+0800 (Malay Peninsula Standard Time),,s4w10,focus,
Fri Sep 04 2015 14:34:41 GMT+0800 (Malay Peninsula Standard Time),,s4w10,focus,
Fri Sep 04 2015 14:34:41 GMT+0800 (Malay Peninsula Standard Time),,s4w10,label,"U"
Fri Sep 04 2015 14:34:42 GMT+0800 (Malay Peninsula Standard Time),,s4w14,focus,
Fri Sep 04 2015 14:34:43 GMT+0800 (Malay Peninsula Standard Time),,s4w14,focus,
Fri Sep 04 2015 14:34:43 GMT+0800 (Malay Peninsula Standard Time),,s4w14,label,"U"
Fri Sep 04 2015 14:35:02 GMT+0800 (Malay Peninsula Standard Time),,s8w29,focus,
Fri Sep 04 2015 14:35:02 GMT+0800 (Malay Peninsula Standard Time),,s8w29,focus,
Fri Sep 04 2015 14:35:33 GMT+0800 (Malay Peninsula Standard Time),,s8w29,label,"?"
Fri Sep 04 2015 14:35:33 GMT+0800 (Malay Peninsula Standard Time),,s5w2,focus,
Fri Sep 04 2015 14:35:34 GMT+0800 (Malay Peninsula Standard Time),,s5w2,focus,
Fri Sep 04 2015 14:35:34 GMT+0800 (Malay Peninsula Standard Time),,s5w2,label,"?"
Fri Sep 04 2015 14:35:55 GMT+0800 (Malay Peninsula Standard Time),,s5w2,focus,
Fri Sep 04 2015 14:36:37 GMT+0800 (Malay Peninsula Standard Time),,s8w15,focus,
Fri Sep 04 2015 14:36:37 GMT+0800 (Malay Peninsula Standard Time),,s8w15,focus,
Fri Sep 04 2015 14:36:38 GMT+0800 (Malay Peninsula Standard Time),,s8w15,label,"D"
Fri Sep 04 2015 14:36:39 GMT+0800 (Malay Peninsula Standard Time),,s8w27,focus,
Fri Sep 04 2015 14:36:39 GMT+0800 (Malay Peninsula Standard Time),,s8w27,focus,
Fri Sep 04 2015 14:36:40 GMT+0800 (Malay Peninsula Standard Time),,s8w7,focus,
Fri Sep 04 2015 14:36:40 GMT+0800 (Malay Peninsula Standard Time),,s8w7,focus,
Fri Sep 04 2015 14:36:40 GMT+0800 (Malay Peninsula Standard Time),,s8w7,label,"?"
Fri Sep 04 2015 14:36:42 GMT+0800 (Malay Peninsula Standard Time),,s8w13,focus,
Fri Sep 04 2015 14:36:42 GMT+0800 (Malay Peninsula Standard Time),,s8w13,focus,
Fri Sep 04 2015 14:36:42 GMT+0800 (Malay Peninsula Standard Time),,s8w13,label,"?"
Fri Sep 04 2015 14:36:43 GMT+0800 (Malay Peninsula Standard Time),,s8w26,focus,
Fri Sep 04 2015 14:36:43 GMT+0800 (Malay Peninsula Standard Time),,s8w26,focus,
Fri Sep 04 2015 14:36:49 GMT+0800 (Malay Peninsula Standard Time),,s8w16,focus,
Fri Sep 04 2015 14:36:49 GMT+0800 (Malay Peninsula Standard Time),,s8w16,focus,
Fri Sep 04 2015 14:36:52 GMT+0800 (Malay Peninsula Standard Time),,s8w16,label,"N"
Fri Sep 04 2015 14:36:52 GMT+0800 (Malay Peninsula Standard Time),,s9w5,focus,
Fri Sep 04 2015 14:36:52 GMT+0800 (Malay Peninsula Standard Time),,s9w5,focus,
Fri Sep 04 2015 14:37:03 GMT+0800 (Malay Peninsula Standard Time),,s8w19,focus,
Fri Sep 04 2015 14:37:03 GMT+0800 (Malay Peninsula Standard Time),,s8w19,focus,
Fri Sep 04 2015 14:37:03 GMT+0800 (Malay Peninsula Standard Time),,s8w19,label,"D"
Fri Sep 04 2015 14:37:04 GMT+0800 (Malay Peninsula Standard Time),,s8w20,focus,
Fri Sep 04 2015 14:37:05 GMT+0800 (Malay Peninsula Standard Time),,s8w20,focus,
Fri Sep 04 2015 14:37:05 GMT+0800 (Malay Peninsula Standard Time),,s8w20,label,"^"
Fri Sep 04 2015 14:37:09 GMT+0800 (Malay Peninsula Standard Time),,s8w20,label,"^"
Fri Sep 04 2015 14:37:11 GMT+0800 (Malay Peninsula Standard Time),,s8w27,focus,
Fri Sep 04 2015 14:37:11 GMT+0800 (Malay Peninsula Standard Time),,s8w27,focus,
Fri Sep 04 2015 14:37:11 GMT+0800 (Malay Peninsula Standard Time),,s8w27,label,"^"
Fri Sep 04 2015 14:37:13 GMT+0800 (Malay Peninsula Standard Time),,s8w28,focus,
Fri Sep 04 2015 14:37:13 GMT+0800 (Malay Peninsula Standard Time),,s8w28,focus,
Fri Sep 04 2015 14:37:13 GMT+0800 (Malay Peninsula Standard Time),,s8w28,label,","
Fri Sep 04 2015 14:37:15 GMT+0800 (Malay Peninsula Standard Time),,s8w29,focus,
Fri Sep 04 2015 14:37:15 GMT+0800 (Malay Peninsula Standard Time),,s8w29,focus,
Fri Sep 04 2015 14:37:16 GMT+0800 (Malay Peninsula Standard Time),,s8w29,label,","
Fri Sep 04 2015 14:37:16 GMT+0800 (Malay Peninsula Standard Time),,s8w30,focus,
Fri Sep 04 2015 14:37:17 GMT+0800 (Malay Peninsula Standard Time),,s8w30,focus,
Fri Sep 04 2015 14:37:17 GMT+0800 (Malay Peninsula Standard Time),,s8w30,label,"^"
Fri Sep 04 2015 14:37:18 GMT+0800 (Malay Peninsula Standard Time),,s8w31,focus,
Fri Sep 04 2015 14:37:19 GMT+0800 (Malay Peninsula Standard Time),,s8w31,focus,
Fri Sep 04 2015 14:37:19 GMT+0800 (Malay Peninsula Standard Time),,s8w31,label,","
Fri Sep 04 2015 14:37:20 GMT+0800 (Malay Peninsula Standard Time),,s8w32,focus,
Fri Sep 04 2015 14:37:20 GMT+0800 (Malay Peninsula Standard Time),,s8w32,focus,
Fri Sep 04 2015 14:37:20 GMT+0800 (Malay Peninsula Standard Time),,s8w32,label,","
Fri Sep 04 2015 14:37:56 GMT+0800 (Malay Peninsula Standard Time),,s10w2,focus,
Fri Sep 04 2015 14:37:56 GMT+0800 (Malay Peninsula Standard Time),,s10w2,focus,
Fri Sep 04 2015 14:38:05 GMT+0800 (Malay Peninsula Standard Time),,s10w2,label,"V"
Fri Sep 04 2015 14:38:06 GMT+0800 (Malay Peninsula Standard Time),,s10w11,focus,
Fri Sep 04 2015 14:38:06 GMT+0800 (Malay Peninsula Standard Time),,s10w11,focus,
Fri Sep 04 2015 14:38:07 GMT+0800 (Malay Peninsula Standard Time),,s10w3,focus,
Fri Sep 04 2015 14:38:08 GMT+0800 (Malay Peninsula Standard Time),,s10w3,focus,
Fri Sep 04 2015 14:38:08 GMT+0800 (Malay Peninsula Standard Time),,s10w3,label,"N"
Fri Sep 04 2015 14:38:08 GMT+0800 (Malay Peninsula Standard Time),,s10w13,focus,
Fri Sep 04 2015 14:38:08 GMT+0800 (Malay Peninsula Standard Time),,s10w13,focus,
Fri Sep 04 2015 14:38:30 GMT+0800 (Malay Peninsula Standard Time),,s10w13,focus,
Fri Sep 04 2015 14:38:31 GMT+0800 (Malay Peninsula Standard Time),,s10w31,focus,
Fri Sep 04 2015 14:38:31 GMT+0800 (Malay Peninsula Standard Time),,s10w31,focus,
Fri Sep 04 2015 14:38:31 GMT+0800 (Malay Peninsula Standard Time),,s10w31,label,"^"
Fri Sep 04 2015 14:38:43 GMT+0800 (Malay Peninsula Standard Time),,s10w55,focus,
Fri Sep 04 2015 14:38:43 GMT+0800 (Malay Peninsula Standard Time),,s10w55,focus,
Fri Sep 04 2015 14:39:02 GMT+0800 (Malay Peninsula Standard Time),,s10w55,focus,
Fri Sep 04 2015 14:39:02 GMT+0800 (Malay Peninsula Standard Time),,s10w55,focus,
Fri Sep 04 2015 14:39:05 GMT+0800 (Malay Peninsula Standard Time),,s10w55,label,"?"
Fri Sep 04 2015 14:39:06 GMT+0800 (Malay Peninsula Standard Time),,s10w56,focus,
Fri Sep 04 2015 14:39:06 GMT+0800 (Malay Peninsula Standard Time),,s10w56,focus,
Fri Sep 04 2015 14:39:07 GMT+0800 (Malay Peninsula Standard Time),,s10w56,label,"?"
Fri Sep 04 2015 14:39:09 GMT+0800 (Malay Peninsula Standard Time),,s10w57,focus,
Fri Sep 04 2015 14:39:09 GMT+0800 (Malay Peninsula Standard Time),,s10w57,focus,
Fri Sep 04 2015 14:39:12 GMT+0800 (Malay Peninsula Standard Time),,s10w58,focus,
Fri Sep 04 2015 14:39:12 GMT+0800 (Malay Peninsula Standard Time),,s10w58,focus,
Fri Sep 04 2015 14:39:14 GMT+0800 (Malay Peninsula Standard Time),,s10w58,label,"?"
Fri Sep 04 2015 14:39:15 GMT+0800 (Malay Peninsula Standard Time),,s10w59,focus,
Fri Sep 04 2015 14:39:15 GMT+0800 (Malay Peninsula Standard Time),,s10w59,focus,
Fri Sep 04 2015 14:39:16 GMT+0800 (Malay Peninsula Standard Time),,s10w59,label,"?"
Fri Sep 04 2015 14:39:16 GMT+0800 (Malay Peninsula Standard Time),,s10w60,focus,
Fri Sep 04 2015 14:39:16 GMT+0800 (Malay Peninsula Standard Time),,s10w60,focus,
Fri Sep 04 2015 14:39:17 GMT+0800 (Malay Peninsula Standard Time),,s10w60,label,"?"
Fri Sep 04 2015 14:39:18 GMT+0800 (Malay Peninsula Standard Time),,s10w61,focus,
Fri Sep 04 2015 14:39:18 GMT+0800 (Malay Peninsula Standard Time),,s10w61,focus,
Fri Sep 04 2015 14:39:18 GMT+0800 (Malay Peninsula Standard Time),,s10w61,label,"?"
Fri Sep 04 2015 14:39:19 GMT+0800 (Malay Peninsula Standard Time),,s10w62,focus,
Fri Sep 04 2015 14:39:19 GMT+0800 (Malay Peninsula Standard Time),,s10w62,focus,
Fri Sep 04 2015 14:39:20 GMT+0800 (Malay Peninsula Standard Time),,s10w62,label,"?"
Fri Sep 04 2015 14:39:21 GMT+0800 (Malay Peninsula Standard Time),,s10w63,focus,
Fri Sep 04 2015 14:39:21 GMT+0800 (Malay Peninsula Standard Time),,s10w63,focus,
Fri Sep 04 2015 14:39:21 GMT+0800 (Malay Peninsula Standard Time),,s10w63,label,"?"
Fri Sep 04 2015 14:39:22 GMT+0800 (Malay Peninsula Standard Time),,s10w64,focus,
Fri Sep 04 2015 14:39:22 GMT+0800 (Malay Peninsula Standard Time),,s10w64,focus,
Fri Sep 04 2015 14:39:22 GMT+0800 (Malay Peninsula Standard Time),,s10w64,label,"?"
Fri Sep 04 2015 14:39:24 GMT+0800 (Malay Peninsula Standard Time),,s10w65,focus,
Fri Sep 04 2015 14:39:24 GMT+0800 (Malay Peninsula Standard Time),,s10w65,focus,
Fri Sep 04 2015 14:39:24 GMT+0800 (Malay Peninsula Standard Time),,s10w65,label,"?"
Fri Sep 04 2015 14:39:25 GMT+0800 (Malay Peninsula Standard Time),,s10w66,focus,
Fri Sep 04 2015 14:39:25 GMT+0800 (Malay Peninsula Standard Time),,s10w66,focus,
Fri Sep 04 2015 14:39:26 GMT+0800 (Malay Peninsula Standard Time),,s10w66,label,"?"
Fri Sep 04 2015 14:39:27 GMT+0800 (Malay Peninsula Standard Time),,s10w67,focus,
Fri Sep 04 2015 14:39:27 GMT+0800 (Malay Peninsula Standard Time),,s10w67,focus,
Fri Sep 04 2015 14:39:28 GMT+0800 (Malay Peninsula Standard Time),,s10w67,label,"?"
Fri Sep 04 2015 14:39:32 GMT+0800 (Malay Peninsula Standard Time),,s11w2,focus,
Fri Sep 04 2015 14:39:32 GMT+0800 (Malay Peninsula Standard Time),,s11w2,focus,
Fri Sep 04 2015 14:39:32 GMT+0800 (Malay Peninsula Standard Time),,s11w2,label,"T"
Fri Sep 04 2015 14:39:33 GMT+0800 (Malay Peninsula Standard Time),,s11w2,label,"^"
Fri Sep 04 2015 14:39:34 GMT+0800 (Malay Peninsula Standard Time),,s11w2,focus,
Fri Sep 04 2015 14:39:34 GMT+0800 (Malay Peninsula Standard Time),,s11w18,focus,
Fri Sep 04 2015 14:39:34 GMT+0800 (Malay Peninsula Standard Time),,s11w18,focus,
Fri Sep 04 2015 14:39:35 GMT+0800 (Malay Peninsula Standard Time),,s11w5,focus,
Fri Sep 04 2015 14:39:35 GMT+0800 (Malay Peninsula Standard Time),,s11w5,focus,
Fri Sep 04 2015 14:39:36 GMT+0800 (Malay Peninsula Standard Time),,s11w6,focus,
Fri Sep 04 2015 14:39:36 GMT+0800 (Malay Peninsula Standard Time),,s11w6,focus,
Fri Sep 04 2015 14:39:37 GMT+0800 (Malay Peninsula Standard Time),,s11w6,label,","
Fri Sep 04 2015 14:39:38 GMT+0800 (Malay Peninsula Standard Time),,s11w8,focus,
Fri Sep 04 2015 14:39:38 GMT+0800 (Malay Peninsula Standard Time),,s11w8,focus,
Fri Sep 04 2015 14:39:46 GMT+0800 (Malay Peninsula Standard Time),,s12w4,focus,
Fri Sep 04 2015 14:39:46 GMT+0800 (Malay Peninsula Standard Time),,s12w4,focus,
Fri Sep 04 2015 14:39:46 GMT+0800 (Malay Peninsula Standard Time),,s12w4,label,"V"
Fri Sep 04 2015 14:39:46 GMT+0800 (Malay Peninsula Standard Time),,s12w8,focus,
Fri Sep 04 2015 14:39:47 GMT+0800 (Malay Peninsula Standard Time),,s12w8,focus,
Fri Sep 04 2015 14:39:49 GMT+0800 (Malay Peninsula Standard Time),,s12w7,focus,
Fri Sep 04 2015 14:39:49 GMT+0800 (Malay Peninsula Standard Time),,s12w7,focus,
Fri Sep 04 2015 14:39:49 GMT+0800 (Malay Peninsula Standard Time),,s12w7,label,"N"
Fri Sep 04 2015 14:40:03 GMT+0800 (Malay Peninsula Standard Time),,s12w18,focus,
Fri Sep 04 2015 14:40:03 GMT+0800 (Malay Peninsula Standard Time),,s12w18,focus,
Fri Sep 04 2015 14:40:03 GMT+0800 (Malay Peninsula Standard Time),,s12w18,label,"N"
Fri Sep 04 2015 14:40:07 GMT+0800 (Malay Peninsula Standard Time),,s12w29,focus,
Fri Sep 04 2015 14:40:07 GMT+0800 (Malay Peninsula Standard Time),,s12w29,focus,
Fri Sep 04 2015 14:40:20 GMT+0800 (Malay Peninsula Standard Time),,s12w30,focus,
Fri Sep 04 2015 14:40:20 GMT+0800 (Malay Peninsula Standard Time),,s12w30,focus,
Fri Sep 04 2015 14:40:21 GMT+0800 (Malay Peninsula Standard Time),,s12w30,label,"?"
Fri Sep 04 2015 14:41:00 GMT+0800 (Malay Peninsula Standard Time),,s1w82,focus,
Fri Sep 04 2015 14:41:00 GMT+0800 (Malay Peninsula Standard Time),,s1w82,focus,
Fri Sep 04 2015 14:41:01 GMT+0800 (Malay Peninsula Standard Time),,s1w82,label,"^"
Fri Sep 04 2015 14:41:45 GMT+0800 (Malay Peninsula Standard Time),,s1w105,focus,
Fri Sep 04 2015 14:41:45 GMT+0800 (Malay Peninsula Standard Time),,s1w105,focus,
Fri Sep 04 2015 14:41:45 GMT+0800 (Malay Peninsula Standard Time),,s1w105,label,"^"
Fri Sep 04 2015 14:42:05 GMT+0800 (Malay Peninsula Standard Time),,s3w77,focus,
Fri Sep 04 2015 14:42:05 GMT+0800 (Malay Peninsula Standard Time),,s3w77,focus,
Fri Sep 04 2015 14:42:08 GMT+0800 (Malay Peninsula Standard Time),,s3w77,label,"G"
Fri Sep 04 2015 14:42:12 GMT+0800 (Malay Peninsula Standard Time),,s3w94,focus,
Fri Sep 04 2015 14:42:12 GMT+0800 (Malay Peninsula Standard Time),,s3w94,focus,
Fri Sep 04 2015 14:42:52 GMT+0800 (Malay Peninsula Standard Time),,s6w21,focus,
Fri Sep 04 2015 14:42:52 GMT+0800 (Malay Peninsula Standard Time),,s6w21,focus,
Fri Sep 04 2015 14:42:52 GMT+0800 (Malay Peninsula Standard Time),,s6w21,label,"^"
Fri Sep 04 2015 14:43:25 GMT+0800 (Malay Peninsula Standard Time),,s5w2,focus,
Fri Sep 04 2015 14:43:25 GMT+0800 (Malay Peninsula Standard Time),,s5w2,focus,
Fri Sep 04 2015 14:43:26 GMT+0800 (Malay Peninsula Standard Time),,s5w2,label,"G"
Fri Sep 04 2015 14:43:27 GMT+0800 (Malay Peninsula Standard Time),,s6w9,focus,
Fri Sep 04 2015 14:43:27 GMT+0800 (Malay Peninsula Standard Time),,s6w9,focus,
Fri Sep 04 2015 14:44:52 GMT+0800 (Malay Peninsula Standard Time),,s8w7,focus,
Fri Sep 04 2015 14:44:52 GMT+0800 (Malay Peninsula Standard Time),,s8w7,focus,
Fri Sep 04 2015 14:44:53 GMT+0800 (Malay Peninsula Standard Time),,s8w7,label,"G"
Fri Sep 04 2015 14:44:55 GMT+0800 (Malay Peninsula Standard Time),,s8w13,focus,
Fri Sep 04 2015 14:44:55 GMT+0800 (Malay Peninsula Standard Time),,s8w13,focus,
Fri Sep 04 2015 14:44:55 GMT+0800 (Malay Peninsula Standard Time),,s8w13,label,"G"
Fri Sep 04 2015 14:45:34 GMT+0800 (Malay Peninsula Standard Time),,s12w30,focus,
Fri Sep 04 2015 14:45:34 GMT+0800 (Malay Peninsula Standard Time),,s12w30,focus,
Fri Sep 04 2015 14:45:35 GMT+0800 (Malay Peninsula Standard Time),,s12w30,label,"N"
Fri Sep 04 2015 14:45:50 GMT+0800 (Malay Peninsula Standard Time),,,submitPage,
