Fri Sep 04 2015 00:45:10 GMT+0800 (Malay Peninsula Standard Time),,,pageReady,0:100:100
Fri Sep 04 2015 00:45:10 GMT+0800 (Malay Peninsula Standard Time),,s0,twitterId,1057183
Fri Sep 04 2015 00:45:10 GMT+0800 (Malay Peninsula Standard Time),,s1,twitterId,1057183
Fri Sep 04 2015 00:45:10 GMT+0800 (Malay Peninsula Standard Time),,s2,twitterId,1057183
Fri Sep 04 2015 00:45:10 GMT+0800 (Malay Peninsula Standard Time),,s3,twitterId,1057183
Fri Sep 04 2015 00:45:10 GMT+0800 (Malay Peninsula Standard Time),,s4,twitterId,1057183
Fri Sep 04 2015 00:45:49 GMT+0800 (Malay Peninsula Standard Time),,s0w3,focus,
Fri Sep 04 2015 00:45:49 GMT+0800 (Malay Peninsula Standard Time),,s0w3,focus,
Fri Sep 04 2015 00:45:50 GMT+0800 (Malay Peninsula Standard Time),,s0w3,label,"^"
Fri Sep 04 2015 00:45:52 GMT+0800 (Malay Peninsula Standard Time),,s0w6,focus,
Fri Sep 04 2015 00:45:52 GMT+0800 (Malay Peninsula Standard Time),,s0w6,focus,
Fri Sep 04 2015 00:45:53 GMT+0800 (Malay Peninsula Standard Time),,s0w6,label,"^"
Fri Sep 04 2015 00:46:00 GMT+0800 (Malay Peninsula Standard Time),,s1w9,focus,
Fri Sep 04 2015 00:46:00 GMT+0800 (Malay Peninsula Standard Time),,s1w9,focus,
Fri Sep 04 2015 00:46:01 GMT+0800 (Malay Peninsula Standard Time),,s1w9,label,"^"
Fri Sep 04 2015 00:46:08 GMT+0800 (Malay Peninsula Standard Time),,s1w9,focus,
Fri Sep 04 2015 00:46:14 GMT+0800 (Malay Peninsula Standard Time),,s1w15,focus,
Fri Sep 04 2015 00:46:14 GMT+0800 (Malay Peninsula Standard Time),,s1w15,focus,
Fri Sep 04 2015 00:46:14 GMT+0800 (Malay Peninsula Standard Time),,s1w15,label,"^"
Fri Sep 04 2015 00:46:21 GMT+0800 (Malay Peninsula Standard Time),,s1w38,focus,
Fri Sep 04 2015 00:46:21 GMT+0800 (Malay Peninsula Standard Time),,s1w38,focus,
Fri Sep 04 2015 00:46:21 GMT+0800 (Malay Peninsula Standard Time),,s1w38,label,"^"
Fri Sep 04 2015 00:46:25 GMT+0800 (Malay Peninsula Standard Time),,s1w41,focus,
Fri Sep 04 2015 00:46:25 GMT+0800 (Malay Peninsula Standard Time),,s1w41,focus,
Fri Sep 04 2015 00:46:25 GMT+0800 (Malay Peninsula Standard Time),,s1w41,label,"^"
Fri Sep 04 2015 00:46:38 GMT+0800 (Malay Peninsula Standard Time),,s1w41,focus,
Fri Sep 04 2015 00:46:40 GMT+0800 (Malay Peninsula Standard Time),,s1w46,focus,
Fri Sep 04 2015 00:46:40 GMT+0800 (Malay Peninsula Standard Time),,s1w46,focus,
Fri Sep 04 2015 00:46:41 GMT+0800 (Malay Peninsula Standard Time),,s1w46,label,"^"
Fri Sep 04 2015 00:46:43 GMT+0800 (Malay Peninsula Standard Time),,s1w52,focus,
Fri Sep 04 2015 00:46:43 GMT+0800 (Malay Peninsula Standard Time),,s1w52,focus,
Fri Sep 04 2015 00:46:44 GMT+0800 (Malay Peninsula Standard Time),,s1w52,label,"^"
Fri Sep 04 2015 00:46:46 GMT+0800 (Malay Peninsula Standard Time),,s1w62,focus,
Fri Sep 04 2015 00:46:46 GMT+0800 (Malay Peninsula Standard Time),,s1w62,focus,
Fri Sep 04 2015 00:46:46 GMT+0800 (Malay Peninsula Standard Time),,s1w62,label,"^"
Fri Sep 04 2015 00:46:48 GMT+0800 (Malay Peninsula Standard Time),,s1w65,focus,
Fri Sep 04 2015 00:46:48 GMT+0800 (Malay Peninsula Standard Time),,s1w65,focus,
Fri Sep 04 2015 00:46:49 GMT+0800 (Malay Peninsula Standard Time),,s1w65,label,"^"
Fri Sep 04 2015 00:46:51 GMT+0800 (Malay Peninsula Standard Time),,s1w71,focus,
Fri Sep 04 2015 00:46:51 GMT+0800 (Malay Peninsula Standard Time),,s1w71,focus,
Fri Sep 04 2015 00:46:51 GMT+0800 (Malay Peninsula Standard Time),,s1w71,label,"^"
Fri Sep 04 2015 00:47:01 GMT+0800 (Malay Peninsula Standard Time),,s1w92,focus,
Fri Sep 04 2015 00:47:01 GMT+0800 (Malay Peninsula Standard Time),,s1w92,focus,
Fri Sep 04 2015 00:47:02 GMT+0800 (Malay Peninsula Standard Time),,s1w92,label,"^"
Fri Sep 04 2015 00:47:07 GMT+0800 (Malay Peninsula Standard Time),,s1w105,focus,
Fri Sep 04 2015 00:47:07 GMT+0800 (Malay Peninsula Standard Time),,s1w105,focus,
Fri Sep 04 2015 00:47:07 GMT+0800 (Malay Peninsula Standard Time),,s1w105,label,"^"
Fri Sep 04 2015 00:47:13 GMT+0800 (Malay Peninsula Standard Time),,s1w121,focus,
Fri Sep 04 2015 00:47:13 GMT+0800 (Malay Peninsula Standard Time),,s1w121,focus,
Fri Sep 04 2015 00:47:13 GMT+0800 (Malay Peninsula Standard Time),,s1w121,label,"^"
Fri Sep 04 2015 00:47:19 GMT+0800 (Malay Peninsula Standard Time),,s1w135,focus,
Fri Sep 04 2015 00:47:19 GMT+0800 (Malay Peninsula Standard Time),,s1w135,focus,
Fri Sep 04 2015 00:47:19 GMT+0800 (Malay Peninsula Standard Time),,s1w135,label,"^"
Fri Sep 04 2015 00:47:22 GMT+0800 (Malay Peninsula Standard Time),,s1w148,focus,
Fri Sep 04 2015 00:47:23 GMT+0800 (Malay Peninsula Standard Time),,s1w148,focus,
Fri Sep 04 2015 00:47:23 GMT+0800 (Malay Peninsula Standard Time),,s1w148,label,"^"
Fri Sep 04 2015 00:47:26 GMT+0800 (Malay Peninsula Standard Time),,s1w154,focus,
Fri Sep 04 2015 00:47:26 GMT+0800 (Malay Peninsula Standard Time),,s1w154,focus,
Fri Sep 04 2015 00:47:26 GMT+0800 (Malay Peninsula Standard Time),,s1w154,label,"^"
Fri Sep 04 2015 00:47:35 GMT+0800 (Malay Peninsula Standard Time),,s2w2,focus,
Fri Sep 04 2015 00:47:35 GMT+0800 (Malay Peninsula Standard Time),,s2w2,focus,
Fri Sep 04 2015 00:47:43 GMT+0800 (Malay Peninsula Standard Time),,s2w2,focus,
Fri Sep 04 2015 00:47:45 GMT+0800 (Malay Peninsula Standard Time),,s2w2,label,"G"
Fri Sep 04 2015 00:47:52 GMT+0800 (Malay Peninsula Standard Time),,s2w10,focus,
Fri Sep 04 2015 00:47:52 GMT+0800 (Malay Peninsula Standard Time),,s2w10,focus,
Fri Sep 04 2015 00:47:52 GMT+0800 (Malay Peninsula Standard Time),,s2w10,label,"^"
Fri Sep 04 2015 00:47:57 GMT+0800 (Malay Peninsula Standard Time),,s3w8,focus,
Fri Sep 04 2015 00:47:57 GMT+0800 (Malay Peninsula Standard Time),,s3w8,focus,
Fri Sep 04 2015 00:47:57 GMT+0800 (Malay Peninsula Standard Time),,s3w8,label,"^"
Fri Sep 04 2015 00:47:59 GMT+0800 (Malay Peninsula Standard Time),,s3w13,focus,
Fri Sep 04 2015 00:47:59 GMT+0800 (Malay Peninsula Standard Time),,s3w13,focus,
Fri Sep 04 2015 00:48:00 GMT+0800 (Malay Peninsula Standard Time),,s3w13,label,"^"
Fri Sep 04 2015 00:48:03 GMT+0800 (Malay Peninsula Standard Time),,s3w21,focus,
Fri Sep 04 2015 00:48:03 GMT+0800 (Malay Peninsula Standard Time),,s3w21,focus,
Fri Sep 04 2015 00:48:04 GMT+0800 (Malay Peninsula Standard Time),,s3w21,label,"^"
Fri Sep 04 2015 00:48:07 GMT+0800 (Malay Peninsula Standard Time),,s3w28,focus,
Fri Sep 04 2015 00:48:07 GMT+0800 (Malay Peninsula Standard Time),,s3w28,focus,
Fri Sep 04 2015 00:48:07 GMT+0800 (Malay Peninsula Standard Time),,s3w28,label,"^"
Fri Sep 04 2015 00:48:11 GMT+0800 (Malay Peninsula Standard Time),,s4w5,focus,
Fri Sep 04 2015 00:48:11 GMT+0800 (Malay Peninsula Standard Time),,s4w5,focus,
Fri Sep 04 2015 00:48:11 GMT+0800 (Malay Peninsula Standard Time),,s4w5,label,"^"
Fri Sep 04 2015 00:48:14 GMT+0800 (Malay Peninsula Standard Time),,s4w12,focus,
Fri Sep 04 2015 00:48:14 GMT+0800 (Malay Peninsula Standard Time),,s4w12,focus,
Fri Sep 04 2015 00:48:15 GMT+0800 (Malay Peninsula Standard Time),,s4w12,label,"^"
Fri Sep 04 2015 00:48:18 GMT+0800 (Malay Peninsula Standard Time),,s4w22,focus,
Fri Sep 04 2015 00:48:18 GMT+0800 (Malay Peninsula Standard Time),,s4w22,focus,
Fri Sep 04 2015 00:48:19 GMT+0800 (Malay Peninsula Standard Time),,s4w22,label,"^"
Fri Sep 04 2015 00:48:23 GMT+0800 (Malay Peninsula Standard Time),,s4w36,focus,
Fri Sep 04 2015 00:48:23 GMT+0800 (Malay Peninsula Standard Time),,s4w36,focus,
Fri Sep 04 2015 00:48:24 GMT+0800 (Malay Peninsula Standard Time),,s4w36,label,"^"
Fri Sep 04 2015 00:48:33 GMT+0800 (Malay Peninsula Standard Time),,s4w36,focus,
Fri Sep 04 2015 00:48:34 GMT+0800 (Malay Peninsula Standard Time),,s4w29,focus,
Fri Sep 04 2015 00:48:34 GMT+0800 (Malay Peninsula Standard Time),,s4w29,focus,
Fri Sep 04 2015 00:48:34 GMT+0800 (Malay Peninsula Standard Time),,s4w29,label,"^"
Fri Sep 04 2015 00:48:37 GMT+0800 (Malay Peninsula Standard Time),,,submitPage,
Fri Sep 04 2015 15:49:54 GMT+0800 (Malay Peninsula Standard Time),,,pageReady,0:100:100
Fri Sep 04 2015 15:49:54 GMT+0800 (Malay Peninsula Standard Time),,s0,twitterId,1057183
Fri Sep 04 2015 15:49:54 GMT+0800 (Malay Peninsula Standard Time),,s1,twitterId,1057183
Fri Sep 04 2015 15:49:54 GMT+0800 (Malay Peninsula Standard Time),,s2,twitterId,1057183
Fri Sep 04 2015 15:49:54 GMT+0800 (Malay Peninsula Standard Time),,s3,twitterId,1057183
Fri Sep 04 2015 15:49:54 GMT+0800 (Malay Peninsula Standard Time),,s4,twitterId,1057183
Fri Sep 04 2015 15:51:00 GMT+0800 (Malay Peninsula Standard Time),,s4w8,focus,
Fri Sep 04 2015 15:51:00 GMT+0800 (Malay Peninsula Standard Time),,s4w8,focus,
Fri Sep 04 2015 15:51:01 GMT+0800 (Malay Peninsula Standard Time),,s4w8,label,"N"
Fri Sep 04 2015 15:51:02 GMT+0800 (Malay Peninsula Standard Time),,s4w9,focus,
Fri Sep 04 2015 15:51:02 GMT+0800 (Malay Peninsula Standard Time),,s4w9,focus,
Fri Sep 04 2015 15:51:03 GMT+0800 (Malay Peninsula Standard Time),,s4w9,label,"?"
Fri Sep 04 2015 15:51:06 GMT+0800 (Malay Peninsula Standard Time),,s4w25,focus,
Fri Sep 04 2015 15:51:06 GMT+0800 (Malay Peninsula Standard Time),,s4w25,focus,
Fri Sep 04 2015 15:51:06 GMT+0800 (Malay Peninsula Standard Time),,s4w25,label,"?"
Fri Sep 04 2015 15:51:09 GMT+0800 (Malay Peninsula Standard Time),,s4w15,focus,
Fri Sep 04 2015 15:51:09 GMT+0800 (Malay Peninsula Standard Time),,s4w15,focus,
Fri Sep 04 2015 15:51:09 GMT+0800 (Malay Peninsula Standard Time),,s4w15,label,"N"
Fri Sep 04 2015 15:51:10 GMT+0800 (Malay Peninsula Standard Time),,s4w16,focus,
Fri Sep 04 2015 15:51:10 GMT+0800 (Malay Peninsula Standard Time),,s4w16,focus,
Fri Sep 04 2015 15:51:10 GMT+0800 (Malay Peninsula Standard Time),,s4w16,label,"?"
Fri Sep 04 2015 15:51:30 GMT+0800 (Malay Peninsula Standard Time),,,submitPage,
