Fri Sep 04 2015 00:59:55 GMT+0800 (Malay Peninsula Standard Time),,,pageReady,0:100:100
Fri Sep 04 2015 00:59:55 GMT+0800 (Malay Peninsula Standard Time),,s0,twitterId,1072943
Fri Sep 04 2015 00:59:55 GMT+0800 (Malay Peninsula Standard Time),,s1,twitterId,1072943
Fri Sep 04 2015 00:59:55 GMT+0800 (Malay Peninsula Standard Time),,s2,twitterId,1072943
Fri Sep 04 2015 00:59:55 GMT+0800 (Malay Peninsula Standard Time),,s3,twitterId,1072943
Fri Sep 04 2015 00:59:55 GMT+0800 (Malay Peninsula Standard Time),,s4,twitterId,1072943
Fri Sep 04 2015 00:59:55 GMT+0800 (Malay Peninsula Standard Time),,s5,twitterId,1072943
Fri Sep 04 2015 00:59:55 GMT+0800 (Malay Peninsula Standard Time),,s6,twitterId,1072943
Fri Sep 04 2015 00:59:55 GMT+0800 (Malay Peninsula Standard Time),,s7,twitterId,1072943
Fri Sep 04 2015 00:59:59 GMT+0800 (Malay Peninsula Standard Time),,s0w5,focus,
Fri Sep 04 2015 00:59:59 GMT+0800 (Malay Peninsula Standard Time),,s0w5,focus,
Fri Sep 04 2015 01:00:00 GMT+0800 (Malay Peninsula Standard Time),,s0w5,label,"^"
Fri Sep 04 2015 01:00:20 GMT+0800 (Malay Peninsula Standard Time),,s0w5,focus,
Fri Sep 04 2015 01:00:36 GMT+0800 (Malay Peninsula Standard Time),,s1w20,focus,
Fri Sep 04 2015 01:00:36 GMT+0800 (Malay Peninsula Standard Time),,s1w20,focus,
Fri Sep 04 2015 01:00:37 GMT+0800 (Malay Peninsula Standard Time),,s1w20,label,"^"
Fri Sep 04 2015 01:00:41 GMT+0800 (Malay Peninsula Standard Time),,s1w29,focus,
Fri Sep 04 2015 01:00:41 GMT+0800 (Malay Peninsula Standard Time),,s1w29,focus,
Fri Sep 04 2015 01:00:41 GMT+0800 (Malay Peninsula Standard Time),,s1w29,label,"^"
Fri Sep 04 2015 01:00:48 GMT+0800 (Malay Peninsula Standard Time),,s1w44,focus,
Fri Sep 04 2015 01:00:48 GMT+0800 (Malay Peninsula Standard Time),,s1w44,focus,
Fri Sep 04 2015 01:00:48 GMT+0800 (Malay Peninsula Standard Time),,s1w44,label,"^"
Fri Sep 04 2015 01:00:57 GMT+0800 (Malay Peninsula Standard Time),,s2w9,focus,
Fri Sep 04 2015 01:00:57 GMT+0800 (Malay Peninsula Standard Time),,s2w9,focus,
Fri Sep 04 2015 01:00:58 GMT+0800 (Malay Peninsula Standard Time),,s2w9,label,"^"
Fri Sep 04 2015 01:01:27 GMT+0800 (Malay Peninsula Standard Time),,s2w9,focus,
Fri Sep 04 2015 01:01:32 GMT+0800 (Malay Peninsula Standard Time),,s3w5,focus,
Fri Sep 04 2015 01:01:32 GMT+0800 (Malay Peninsula Standard Time),,s3w5,focus,
Fri Sep 04 2015 01:01:33 GMT+0800 (Malay Peninsula Standard Time),,s3w5,label,"^"
Fri Sep 04 2015 01:01:34 GMT+0800 (Malay Peninsula Standard Time),,s3w7,focus,
Fri Sep 04 2015 01:01:34 GMT+0800 (Malay Peninsula Standard Time),,s3w7,focus,
Fri Sep 04 2015 01:01:34 GMT+0800 (Malay Peninsula Standard Time),,s3w7,label,"^"
Fri Sep 04 2015 01:01:41 GMT+0800 (Malay Peninsula Standard Time),,s3w16,focus,
Fri Sep 04 2015 01:01:41 GMT+0800 (Malay Peninsula Standard Time),,s3w16,focus,
Fri Sep 04 2015 01:01:41 GMT+0800 (Malay Peninsula Standard Time),,s3w16,label,"^"
Fri Sep 04 2015 01:01:43 GMT+0800 (Malay Peninsula Standard Time),,s3w19,focus,
Fri Sep 04 2015 01:01:43 GMT+0800 (Malay Peninsula Standard Time),,s3w19,focus,
Fri Sep 04 2015 01:01:43 GMT+0800 (Malay Peninsula Standard Time),,s3w19,label,"^"
Fri Sep 04 2015 01:01:45 GMT+0800 (Malay Peninsula Standard Time),,s3w23,focus,
Fri Sep 04 2015 01:01:45 GMT+0800 (Malay Peninsula Standard Time),,s3w23,focus,
Fri Sep 04 2015 01:01:45 GMT+0800 (Malay Peninsula Standard Time),,s3w23,label,"^"
Fri Sep 04 2015 01:01:52 GMT+0800 (Malay Peninsula Standard Time),,s4w19,focus,
Fri Sep 04 2015 01:01:52 GMT+0800 (Malay Peninsula Standard Time),,s4w19,focus,
Fri Sep 04 2015 01:01:52 GMT+0800 (Malay Peninsula Standard Time),,s4w19,label,"^"
Fri Sep 04 2015 01:01:58 GMT+0800 (Malay Peninsula Standard Time),,s5w21,focus,
Fri Sep 04 2015 01:01:58 GMT+0800 (Malay Peninsula Standard Time),,s5w21,focus,
Fri Sep 04 2015 01:01:59 GMT+0800 (Malay Peninsula Standard Time),,s5w21,label,"^"
Fri Sep 04 2015 01:02:13 GMT+0800 (Malay Peninsula Standard Time),,,submitPage,
Fri Sep 04 2015 15:56:07 GMT+0800 (Malay Peninsula Standard Time),,,pageReady,0:100:100
Fri Sep 04 2015 15:56:07 GMT+0800 (Malay Peninsula Standard Time),,s0,twitterId,1072943
Fri Sep 04 2015 15:56:07 GMT+0800 (Malay Peninsula Standard Time),,s1,twitterId,1072943
Fri Sep 04 2015 15:56:07 GMT+0800 (Malay Peninsula Standard Time),,s2,twitterId,1072943
Fri Sep 04 2015 15:56:07 GMT+0800 (Malay Peninsula Standard Time),,s3,twitterId,1072943
Fri Sep 04 2015 15:56:07 GMT+0800 (Malay Peninsula Standard Time),,s4,twitterId,1072943
Fri Sep 04 2015 15:56:07 GMT+0800 (Malay Peninsula Standard Time),,s5,twitterId,1072943
Fri Sep 04 2015 15:56:07 GMT+0800 (Malay Peninsula Standard Time),,s6,twitterId,1072943
Fri Sep 04 2015 15:56:07 GMT+0800 (Malay Peninsula Standard Time),,s7,twitterId,1072943
Fri Sep 04 2015 15:56:43 GMT+0800 (Malay Peninsula Standard Time),,s6w13,focus,
Fri Sep 04 2015 15:56:43 GMT+0800 (Malay Peninsula Standard Time),,s6w13,focus,
Fri Sep 04 2015 15:56:44 GMT+0800 (Malay Peninsula Standard Time),,s6w13,label,"^"
Fri Sep 04 2015 15:56:46 GMT+0800 (Malay Peninsula Standard Time),,,submitPage,
