Fri Sep 04 2015 01:16:07 GMT+0800 (Malay Peninsula Standard Time),,,pageReady,0:100:100
Fri Sep 04 2015 01:16:07 GMT+0800 (Malay Peninsula Standard Time),,s0,twitterId,1079737
Fri Sep 04 2015 01:16:07 GMT+0800 (Malay Peninsula Standard Time),,s1,twitterId,1079737
Fri Sep 04 2015 01:16:07 GMT+0800 (Malay Peninsula Standard Time),,s2,twitterId,1079737
Fri Sep 04 2015 01:16:07 GMT+0800 (Malay Peninsula Standard Time),,s3,twitterId,1079737
Fri Sep 04 2015 01:16:35 GMT+0800 (Malay Peninsula Standard Time),,s1w7,focus,
Fri Sep 04 2015 01:16:35 GMT+0800 (Malay Peninsula Standard Time),,s1w7,focus,
Fri Sep 04 2015 01:16:36 GMT+0800 (Malay Peninsula Standard Time),,s1w7,label,"^"
Fri Sep 04 2015 01:16:45 GMT+0800 (Malay Peninsula Standard Time),,s1w24,focus,
Fri Sep 04 2015 01:16:45 GMT+0800 (Malay Peninsula Standard Time),,s1w24,focus,
Fri Sep 04 2015 01:16:59 GMT+0800 (Malay Peninsula Standard Time),,s1w43,focus,
Fri Sep 04 2015 01:16:59 GMT+0800 (Malay Peninsula Standard Time),,s1w43,focus,
Fri Sep 04 2015 01:17:08 GMT+0800 (Malay Peninsula Standard Time),,s1w43,label,"R"
Fri Sep 04 2015 01:17:20 GMT+0800 (Malay Peninsula Standard Time),,s1w43,focus,
Fri Sep 04 2015 01:17:29 GMT+0800 (Malay Peninsula Standard Time),,s1w61,focus,
Fri Sep 04 2015 01:17:29 GMT+0800 (Malay Peninsula Standard Time),,s1w61,focus,
Fri Sep 04 2015 01:17:30 GMT+0800 (Malay Peninsula Standard Time),,s1w61,label,"^"
Fri Sep 04 2015 01:17:44 GMT+0800 (Malay Peninsula Standard Time),,s2w13,focus,
Fri Sep 04 2015 01:17:44 GMT+0800 (Malay Peninsula Standard Time),,s2w13,focus,
Fri Sep 04 2015 01:17:44 GMT+0800 (Malay Peninsula Standard Time),,s2w13,label,"^"
Fri Sep 04 2015 01:17:47 GMT+0800 (Malay Peninsula Standard Time),,s2w15,focus,
Fri Sep 04 2015 01:17:47 GMT+0800 (Malay Peninsula Standard Time),,s2w15,focus,
Fri Sep 04 2015 01:17:49 GMT+0800 (Malay Peninsula Standard Time),,s2w15,label,"N"
Fri Sep 04 2015 01:18:02 GMT+0800 (Malay Peninsula Standard Time),,s2w15,label,"^"
Fri Sep 04 2015 01:18:07 GMT+0800 (Malay Peninsula Standard Time),,s3w13,focus,
Fri Sep 04 2015 01:18:07 GMT+0800 (Malay Peninsula Standard Time),,s3w13,focus,
Fri Sep 04 2015 01:18:29 GMT+0800 (Malay Peninsula Standard Time),,,submitPage,
Fri Sep 04 2015 15:59:27 GMT+0800 (Malay Peninsula Standard Time),,,pageReady,0:100:100
Fri Sep 04 2015 15:59:27 GMT+0800 (Malay Peninsula Standard Time),,s0,twitterId,1079737
Fri Sep 04 2015 15:59:27 GMT+0800 (Malay Peninsula Standard Time),,s1,twitterId,1079737
Fri Sep 04 2015 15:59:27 GMT+0800 (Malay Peninsula Standard Time),,s2,twitterId,1079737
Fri Sep 04 2015 15:59:27 GMT+0800 (Malay Peninsula Standard Time),,s3,twitterId,1079737
Fri Sep 04 2015 15:59:59 GMT+0800 (Malay Peninsula Standard Time),,s1w24,focus,
Fri Sep 04 2015 15:59:59 GMT+0800 (Malay Peninsula Standard Time),,s1w24,focus,
Fri Sep 04 2015 16:00:12 GMT+0800 (Malay Peninsula Standard Time),,s1w24,label,"C"
Fri Sep 04 2015 16:00:13 GMT+0800 (Malay Peninsula Standard Time),,s1w51,focus,
Fri Sep 04 2015 16:00:13 GMT+0800 (Malay Peninsula Standard Time),,s1w51,focus,
Fri Sep 04 2015 16:00:14 GMT+0800 (Malay Peninsula Standard Time),,s1w70,focus,
Fri Sep 04 2015 16:00:14 GMT+0800 (Malay Peninsula Standard Time),,s1w70,focus,
Fri Sep 04 2015 16:00:15 GMT+0800 (Malay Peninsula Standard Time),,s1w70,label,"C"
Fri Sep 04 2015 16:00:16 GMT+0800 (Malay Peninsula Standard Time),,s1w79,focus,
Fri Sep 04 2015 16:00:16 GMT+0800 (Malay Peninsula Standard Time),,s1w79,focus,
Fri Sep 04 2015 16:00:16 GMT+0800 (Malay Peninsula Standard Time),,s1w79,label,"C"
Fri Sep 04 2015 16:01:21 GMT+0800 (Malay Peninsula Standard Time),,,submitPage,
