Fri Sep 04 2015 01:04:31 GMT+0800 (Malay Peninsula Standard Time),,,pageReady,0:100:100
Fri Sep 04 2015 01:04:31 GMT+0800 (Malay Peninsula Standard Time),,s0,twitterId,1076563
Fri Sep 04 2015 01:04:31 GMT+0800 (Malay Peninsula Standard Time),,s1,twitterId,1076563
Fri Sep 04 2015 01:04:31 GMT+0800 (Malay Peninsula Standard Time),,s2,twitterId,1076563
Fri Sep 04 2015 01:04:39 GMT+0800 (Malay Peninsula Standard Time),,s1w6,focus,
Fri Sep 04 2015 01:04:39 GMT+0800 (Malay Peninsula Standard Time),,s1w6,focus,
Fri Sep 04 2015 01:04:40 GMT+0800 (Malay Peninsula Standard Time),,s1w6,label,"^"
Fri Sep 04 2015 01:04:54 GMT+0800 (Malay Peninsula Standard Time),,s2w17,focus,
Fri Sep 04 2015 01:04:54 GMT+0800 (Malay Peninsula Standard Time),,s2w17,focus,
Fri Sep 04 2015 01:04:54 GMT+0800 (Malay Peninsula Standard Time),,s2w17,label,"^"
Fri Sep 04 2015 01:05:00 GMT+0800 (Malay Peninsula Standard Time),,s2w39,focus,
Fri Sep 04 2015 01:05:00 GMT+0800 (Malay Peninsula Standard Time),,s2w39,focus,
Fri Sep 04 2015 01:05:01 GMT+0800 (Malay Peninsula Standard Time),,s2w39,label,"^"
Fri Sep 04 2015 01:05:16 GMT+0800 (Malay Peninsula Standard Time),,s2w39,focus,
Fri Sep 04 2015 01:05:18 GMT+0800 (Malay Peninsula Standard Time),,s2w49,focus,
Fri Sep 04 2015 01:05:18 GMT+0800 (Malay Peninsula Standard Time),,s2w49,focus,
Fri Sep 04 2015 01:05:18 GMT+0800 (Malay Peninsula Standard Time),,s2w49,label,"^"
Fri Sep 04 2015 01:06:01 GMT+0800 (Malay Peninsula Standard Time),,s2w64,focus,
Fri Sep 04 2015 01:06:02 GMT+0800 (Malay Peninsula Standard Time),,s2w64,focus,
Fri Sep 04 2015 01:06:13 GMT+0800 (Malay Peninsula Standard Time),,s2w64,focus,
Fri Sep 04 2015 01:06:13 GMT+0800 (Malay Peninsula Standard Time),,s2w64,label,"^"
Fri Sep 04 2015 01:06:15 GMT+0800 (Malay Peninsula Standard Time),,s2w69,focus,
Fri Sep 04 2015 01:06:15 GMT+0800 (Malay Peninsula Standard Time),,s2w69,focus,
Fri Sep 04 2015 01:06:16 GMT+0800 (Malay Peninsula Standard Time),,s2w69,label,"^"
Fri Sep 04 2015 01:06:17 GMT+0800 (Malay Peninsula Standard Time),,s2w74,focus,
Fri Sep 04 2015 01:06:18 GMT+0800 (Malay Peninsula Standard Time),,s2w74,focus,
Fri Sep 04 2015 01:06:19 GMT+0800 (Malay Peninsula Standard Time),,s2w74,label,"^"
Fri Sep 04 2015 01:06:28 GMT+0800 (Malay Peninsula Standard Time),,s2w82,focus,
Fri Sep 04 2015 01:06:28 GMT+0800 (Malay Peninsula Standard Time),,s2w82,focus,
Fri Sep 04 2015 01:06:30 GMT+0800 (Malay Peninsula Standard Time),,s2w82,label,"V"
Fri Sep 04 2015 01:06:55 GMT+0800 (Malay Peninsula Standard Time),,,submitPage,
Fri Sep 04 2015 15:56:51 GMT+0800 (Malay Peninsula Standard Time),,,pageReady,0:100:100
Fri Sep 04 2015 15:56:51 GMT+0800 (Malay Peninsula Standard Time),,s0,twitterId,1076563
Fri Sep 04 2015 15:56:51 GMT+0800 (Malay Peninsula Standard Time),,s1,twitterId,1076563
Fri Sep 04 2015 15:56:51 GMT+0800 (Malay Peninsula Standard Time),,s2,twitterId,1076563
Fri Sep 04 2015 15:56:57 GMT+0800 (Malay Peninsula Standard Time),,s0w3,focus,
Fri Sep 04 2015 15:56:57 GMT+0800 (Malay Peninsula Standard Time),,s0w3,focus,
Fri Sep 04 2015 15:56:57 GMT+0800 (Malay Peninsula Standard Time),,s0w3,label,"^"
Fri Sep 04 2015 15:56:58 GMT+0800 (Malay Peninsula Standard Time),,s1w17,focus,
Fri Sep 04 2015 15:56:58 GMT+0800 (Malay Peninsula Standard Time),,s1w17,focus,
Fri Sep 04 2015 15:56:59 GMT+0800 (Malay Peninsula Standard Time),,s1w17,label,"^"
Fri Sep 04 2015 15:57:17 GMT+0800 (Malay Peninsula Standard Time),,s1w34,focus,
Fri Sep 04 2015 15:57:17 GMT+0800 (Malay Peninsula Standard Time),,s1w34,focus,
Fri Sep 04 2015 15:57:18 GMT+0800 (Malay Peninsula Standard Time),,s1w34,label,"^"
Fri Sep 04 2015 15:57:23 GMT+0800 (Malay Peninsula Standard Time),,,submitPage,
