Fri Sep 04 2015 00:52:32 GMT+0800 (Malay Peninsula Standard Time),,,pageReady,0:100:100
Fri Sep 04 2015 00:52:32 GMT+0800 (Malay Peninsula Standard Time),,s0,twitterId,1068271
Fri Sep 04 2015 00:52:32 GMT+0800 (Malay Peninsula Standard Time),,s1,twitterId,1068271
Fri Sep 04 2015 00:52:32 GMT+0800 (Malay Peninsula Standard Time),,s2,twitterId,1068271
Fri Sep 04 2015 00:52:32 GMT+0800 (Malay Peninsula Standard Time),,s3,twitterId,1068271
Fri Sep 04 2015 00:52:32 GMT+0800 (Malay Peninsula Standard Time),,s4,twitterId,1068271
Fri Sep 04 2015 00:52:32 GMT+0800 (Malay Peninsula Standard Time),,s5,twitterId,1068271
Fri Sep 04 2015 00:52:32 GMT+0800 (Malay Peninsula Standard Time),,s6,twitterId,1068271
Fri Sep 04 2015 00:52:32 GMT+0800 (Malay Peninsula Standard Time),,s7,twitterId,1068271
Fri Sep 04 2015 00:52:36 GMT+0800 (Malay Peninsula Standard Time),,s0w2,focus,
Fri Sep 04 2015 00:52:36 GMT+0800 (Malay Peninsula Standard Time),,s0w2,focus,
Fri Sep 04 2015 00:52:37 GMT+0800 (Malay Peninsula Standard Time),,s0w2,label,"^"
Fri Sep 04 2015 00:52:59 GMT+0800 (Malay Peninsula Standard Time),,s0w12,focus,
Fri Sep 04 2015 00:52:59 GMT+0800 (Malay Peninsula Standard Time),,s0w12,focus,
Fri Sep 04 2015 00:53:00 GMT+0800 (Malay Peninsula Standard Time),,s0w12,label,"^"
Fri Sep 04 2015 00:53:16 GMT+0800 (Malay Peninsula Standard Time),,s1w7,focus,
Fri Sep 04 2015 00:53:16 GMT+0800 (Malay Peninsula Standard Time),,s1w7,focus,
Fri Sep 04 2015 00:53:16 GMT+0800 (Malay Peninsula Standard Time),,s1w7,label,"^"
Fri Sep 04 2015 00:53:31 GMT+0800 (Malay Peninsula Standard Time),,s1w7,focus,
Fri Sep 04 2015 00:53:32 GMT+0800 (Malay Peninsula Standard Time),,s1w14,focus,
Fri Sep 04 2015 00:53:32 GMT+0800 (Malay Peninsula Standard Time),,s1w14,focus,
Fri Sep 04 2015 00:53:33 GMT+0800 (Malay Peninsula Standard Time),,s1w14,label,"^"
Fri Sep 04 2015 00:53:41 GMT+0800 (Malay Peninsula Standard Time),,s1w14,focus,
Fri Sep 04 2015 00:53:42 GMT+0800 (Malay Peninsula Standard Time),,s1w11,focus,
Fri Sep 04 2015 00:53:42 GMT+0800 (Malay Peninsula Standard Time),,s1w11,focus,
Fri Sep 04 2015 00:53:43 GMT+0800 (Malay Peninsula Standard Time),,s1w11,label,"^"
Fri Sep 04 2015 00:53:51 GMT+0800 (Malay Peninsula Standard Time),,s1w27,focus,
Fri Sep 04 2015 00:53:51 GMT+0800 (Malay Peninsula Standard Time),,s1w27,focus,
Fri Sep 04 2015 00:53:52 GMT+0800 (Malay Peninsula Standard Time),,s1w27,label,"^"
Fri Sep 04 2015 00:54:05 GMT+0800 (Malay Peninsula Standard Time),,s1w29,focus,
Fri Sep 04 2015 00:54:05 GMT+0800 (Malay Peninsula Standard Time),,s1w29,focus,
Fri Sep 04 2015 00:54:05 GMT+0800 (Malay Peninsula Standard Time),,s1w29,label,","
Fri Sep 04 2015 00:54:07 GMT+0800 (Malay Peninsula Standard Time),,s1w30,focus,
Fri Sep 04 2015 00:54:07 GMT+0800 (Malay Peninsula Standard Time),,s1w30,focus,
Fri Sep 04 2015 00:54:11 GMT+0800 (Malay Peninsula Standard Time),,s1w37,focus,
Fri Sep 04 2015 00:54:11 GMT+0800 (Malay Peninsula Standard Time),,s1w37,focus,
Fri Sep 04 2015 00:54:12 GMT+0800 (Malay Peninsula Standard Time),,s1w37,label,"^"
Fri Sep 04 2015 00:54:20 GMT+0800 (Malay Peninsula Standard Time),,s1w58,focus,
Fri Sep 04 2015 00:54:20 GMT+0800 (Malay Peninsula Standard Time),,s1w58,focus,
Fri Sep 04 2015 00:54:20 GMT+0800 (Malay Peninsula Standard Time),,s1w58,label,"^"
Fri Sep 04 2015 00:54:24 GMT+0800 (Malay Peninsula Standard Time),,s1w70,focus,
Fri Sep 04 2015 00:54:24 GMT+0800 (Malay Peninsula Standard Time),,s1w70,focus,
Fri Sep 04 2015 00:54:25 GMT+0800 (Malay Peninsula Standard Time),,s1w70,label,"^"
Fri Sep 04 2015 00:54:47 GMT+0800 (Malay Peninsula Standard Time),,s1w70,focus,
Fri Sep 04 2015 00:55:00 GMT+0800 (Malay Peninsula Standard Time),,s1w98,focus,
Fri Sep 04 2015 00:55:01 GMT+0800 (Malay Peninsula Standard Time),,s1w98,focus,
Fri Sep 04 2015 00:55:02 GMT+0800 (Malay Peninsula Standard Time),,s1w98,label,"N"
Fri Sep 04 2015 00:55:12 GMT+0800 (Malay Peninsula Standard Time),,s1w128,focus,
Fri Sep 04 2015 00:55:12 GMT+0800 (Malay Peninsula Standard Time),,s1w128,focus,
Fri Sep 04 2015 00:55:13 GMT+0800 (Malay Peninsula Standard Time),,s1w128,label,"^"
Fri Sep 04 2015 00:55:17 GMT+0800 (Malay Peninsula Standard Time),,s2w1,focus,
Fri Sep 04 2015 00:55:17 GMT+0800 (Malay Peninsula Standard Time),,s2w1,focus,
Fri Sep 04 2015 00:55:17 GMT+0800 (Malay Peninsula Standard Time),,s2w1,label,"D"
Fri Sep 04 2015 00:55:52 GMT+0800 (Malay Peninsula Standard Time),,s2w26,focus,
Fri Sep 04 2015 00:55:52 GMT+0800 (Malay Peninsula Standard Time),,s2w26,focus,
Fri Sep 04 2015 00:55:52 GMT+0800 (Malay Peninsula Standard Time),,s2w26,label,","
Fri Sep 04 2015 00:55:53 GMT+0800 (Malay Peninsula Standard Time),,s2w28,focus,
Fri Sep 04 2015 00:55:53 GMT+0800 (Malay Peninsula Standard Time),,s2w28,focus,
Fri Sep 04 2015 00:55:54 GMT+0800 (Malay Peninsula Standard Time),,s2w28,label,","
Fri Sep 04 2015 00:56:02 GMT+0800 (Malay Peninsula Standard Time),,s2w43,focus,
Fri Sep 04 2015 00:56:02 GMT+0800 (Malay Peninsula Standard Time),,s2w43,focus,
Fri Sep 04 2015 00:56:03 GMT+0800 (Malay Peninsula Standard Time),,s2w43,label,"N"
Fri Sep 04 2015 00:56:06 GMT+0800 (Malay Peninsula Standard Time),,s2w44,focus,
Fri Sep 04 2015 00:56:06 GMT+0800 (Malay Peninsula Standard Time),,s2w44,focus,
Fri Sep 04 2015 00:56:06 GMT+0800 (Malay Peninsula Standard Time),,s2w44,label,"V"
Fri Sep 04 2015 00:56:19 GMT+0800 (Malay Peninsula Standard Time),,s3w15,focus,
Fri Sep 04 2015 00:56:19 GMT+0800 (Malay Peninsula Standard Time),,s3w15,focus,
Fri Sep 04 2015 00:56:20 GMT+0800 (Malay Peninsula Standard Time),,s3w15,label,"^"
Fri Sep 04 2015 00:56:33 GMT+0800 (Malay Peninsula Standard Time),,s3w20,focus,
Fri Sep 04 2015 00:56:33 GMT+0800 (Malay Peninsula Standard Time),,s3w20,focus,
Fri Sep 04 2015 00:56:34 GMT+0800 (Malay Peninsula Standard Time),,s3w20,label,"N"
Fri Sep 04 2015 00:56:48 GMT+0800 (Malay Peninsula Standard Time),,s3w24,focus,
Fri Sep 04 2015 00:56:48 GMT+0800 (Malay Peninsula Standard Time),,s3w24,focus,
Fri Sep 04 2015 00:56:49 GMT+0800 (Malay Peninsula Standard Time),,s3w24,label,"^"
Fri Sep 04 2015 00:57:06 GMT+0800 (Malay Peninsula Standard Time),,s6w11,focus,
Fri Sep 04 2015 00:57:06 GMT+0800 (Malay Peninsula Standard Time),,s6w11,focus,
Fri Sep 04 2015 00:57:07 GMT+0800 (Malay Peninsula Standard Time),,s6w11,label,"^"
Fri Sep 04 2015 00:57:11 GMT+0800 (Malay Peninsula Standard Time),,s6w22,focus,
Fri Sep 04 2015 00:57:11 GMT+0800 (Malay Peninsula Standard Time),,s6w22,focus,
Fri Sep 04 2015 00:57:12 GMT+0800 (Malay Peninsula Standard Time),,s6w22,label,"^"
Fri Sep 04 2015 00:57:13 GMT+0800 (Malay Peninsula Standard Time),,s6w25,focus,
Fri Sep 04 2015 00:57:14 GMT+0800 (Malay Peninsula Standard Time),,s6w25,focus,
Fri Sep 04 2015 00:57:14 GMT+0800 (Malay Peninsula Standard Time),,s6w25,label,"^"
Fri Sep 04 2015 00:57:24 GMT+0800 (Malay Peninsula Standard Time),,s7w4,focus,
Fri Sep 04 2015 00:57:24 GMT+0800 (Malay Peninsula Standard Time),,s7w4,focus,
Fri Sep 04 2015 00:57:24 GMT+0800 (Malay Peninsula Standard Time),,s7w4,label,"^"
Fri Sep 04 2015 00:57:26 GMT+0800 (Malay Peninsula Standard Time),,s7w6,focus,
Fri Sep 04 2015 00:57:26 GMT+0800 (Malay Peninsula Standard Time),,s7w6,focus,
Fri Sep 04 2015 00:57:27 GMT+0800 (Malay Peninsula Standard Time),,s7w6,label,"^"
Fri Sep 04 2015 00:57:29 GMT+0800 (Malay Peninsula Standard Time),,s7w11,focus,
Fri Sep 04 2015 00:57:29 GMT+0800 (Malay Peninsula Standard Time),,s7w11,focus,
Fri Sep 04 2015 00:57:30 GMT+0800 (Malay Peninsula Standard Time),,s7w11,label,"^"
Fri Sep 04 2015 00:57:33 GMT+0800 (Malay Peninsula Standard Time),,s7w17,focus,
Fri Sep 04 2015 00:57:33 GMT+0800 (Malay Peninsula Standard Time),,s7w17,focus,
Fri Sep 04 2015 00:57:33 GMT+0800 (Malay Peninsula Standard Time),,s7w17,label,"^"
Fri Sep 04 2015 00:58:22 GMT+0800 (Malay Peninsula Standard Time),,s7w46,focus,
Fri Sep 04 2015 00:58:22 GMT+0800 (Malay Peninsula Standard Time),,s7w46,focus,
Fri Sep 04 2015 00:58:22 GMT+0800 (Malay Peninsula Standard Time),,s7w46,label,"^"
Fri Sep 04 2015 00:58:36 GMT+0800 (Malay Peninsula Standard Time),,s7w60,focus,
Fri Sep 04 2015 00:58:36 GMT+0800 (Malay Peninsula Standard Time),,s7w60,focus,
Fri Sep 04 2015 00:58:37 GMT+0800 (Malay Peninsula Standard Time),,s7w60,label,"^"
Fri Sep 04 2015 00:59:14 GMT+0800 (Malay Peninsula Standard Time),,,submitPage,
Fri Sep 04 2015 15:52:25 GMT+0800 (Malay Peninsula Standard Time),,,pageReady,0:100:100
Fri Sep 04 2015 15:52:25 GMT+0800 (Malay Peninsula Standard Time),,s0,twitterId,1068271
Fri Sep 04 2015 15:52:25 GMT+0800 (Malay Peninsula Standard Time),,s1,twitterId,1068271
Fri Sep 04 2015 15:52:25 GMT+0800 (Malay Peninsula Standard Time),,s2,twitterId,1068271
Fri Sep 04 2015 15:52:25 GMT+0800 (Malay Peninsula Standard Time),,s3,twitterId,1068271
Fri Sep 04 2015 15:52:25 GMT+0800 (Malay Peninsula Standard Time),,s4,twitterId,1068271
Fri Sep 04 2015 15:52:25 GMT+0800 (Malay Peninsula Standard Time),,s5,twitterId,1068271
Fri Sep 04 2015 15:52:25 GMT+0800 (Malay Peninsula Standard Time),,s6,twitterId,1068271
Fri Sep 04 2015 15:52:25 GMT+0800 (Malay Peninsula Standard Time),,s7,twitterId,1068271
Fri Sep 04 2015 15:52:32 GMT+0800 (Malay Peninsula Standard Time),,s0w4,focus,
Fri Sep 04 2015 15:52:32 GMT+0800 (Malay Peninsula Standard Time),,s0w4,focus,
Fri Sep 04 2015 15:52:34 GMT+0800 (Malay Peninsula Standard Time),,s0w4,label,"^"
Fri Sep 04 2015 15:53:19 GMT+0800 (Malay Peninsula Standard Time),,s1w11,focus,
Fri Sep 04 2015 15:53:19 GMT+0800 (Malay Peninsula Standard Time),,s1w11,focus,
Fri Sep 04 2015 15:53:20 GMT+0800 (Malay Peninsula Standard Time),,s1w11,label,"N"
Fri Sep 04 2015 15:53:22 GMT+0800 (Malay Peninsula Standard Time),,s1w14,focus,
Fri Sep 04 2015 15:53:22 GMT+0800 (Malay Peninsula Standard Time),,s1w14,focus,
Fri Sep 04 2015 15:53:23 GMT+0800 (Malay Peninsula Standard Time),,s1w14,label,"N"
Fri Sep 04 2015 15:53:23 GMT+0800 (Malay Peninsula Standard Time),,s1w24,focus,
Fri Sep 04 2015 15:53:57 GMT+0800 (Malay Peninsula Standard Time),,s1w29,focus,
Fri Sep 04 2015 15:53:57 GMT+0800 (Malay Peninsula Standard Time),,s1w29,focus,
Fri Sep 04 2015 15:53:59 GMT+0800 (Malay Peninsula Standard Time),,s1w29,label,"^"
Fri Sep 04 2015 15:54:01 GMT+0800 (Malay Peninsula Standard Time),,s1w29,label,"G"
Fri Sep 04 2015 15:54:02 GMT+0800 (Malay Peninsula Standard Time),,s1w59,focus,
Fri Sep 04 2015 15:54:03 GMT+0800 (Malay Peninsula Standard Time),,s1w59,focus,
Fri Sep 04 2015 15:55:10 GMT+0800 (Malay Peninsula Standard Time),,s7w17,focus,
Fri Sep 04 2015 15:55:10 GMT+0800 (Malay Peninsula Standard Time),,s7w17,focus,
Fri Sep 04 2015 15:55:11 GMT+0800 (Malay Peninsula Standard Time),,s7w17,label,"^"
Fri Sep 04 2015 15:55:12 GMT+0800 (Malay Peninsula Standard Time),,s7w19,focus,
Fri Sep 04 2015 15:55:12 GMT+0800 (Malay Peninsula Standard Time),,s7w19,focus,
Fri Sep 04 2015 15:56:00 GMT+0800 (Malay Peninsula Standard Time),,,submitPage,
