Thu Sep 03 2015 23:49:35 GMT+0800 (Malay Peninsula Standard Time),,,pageReady,0:100:100
Thu Sep 03 2015 23:49:35 GMT+0800 (Malay Peninsula Standard Time),,s0,twitterId,1046420
Thu Sep 03 2015 23:49:35 GMT+0800 (Malay Peninsula Standard Time),,s1,twitterId,1046420
Thu Sep 03 2015 23:49:35 GMT+0800 (Malay Peninsula Standard Time),,s2,twitterId,1046420
Thu Sep 03 2015 23:49:35 GMT+0800 (Malay Peninsula Standard Time),,s3,twitterId,1046420
Thu Sep 03 2015 23:49:35 GMT+0800 (Malay Peninsula Standard Time),,s4,twitterId,1046420
Thu Sep 03 2015 23:49:35 GMT+0800 (Malay Peninsula Standard Time),,s5,twitterId,1046420
Thu Sep 03 2015 23:54:37 GMT+0800 (Malay Peninsula Standard Time),,s0w11,focus,
Thu Sep 03 2015 23:54:37 GMT+0800 (Malay Peninsula Standard Time),,s0w11,focus,
Thu Sep 03 2015 23:54:39 GMT+0800 (Malay Peninsula Standard Time),,s0w11,label,","
Thu Sep 03 2015 23:55:00 GMT+0800 (Malay Peninsula Standard Time),,s0w8,focus,
Thu Sep 03 2015 23:55:01 GMT+0800 (Malay Peninsula Standard Time),,s0w8,focus,
Thu Sep 03 2015 23:55:02 GMT+0800 (Malay Peninsula Standard Time),,s0w8,label,"^"
Thu Sep 03 2015 23:56:04 GMT+0800 (Malay Peninsula Standard Time),,s0w8,focus,
Thu Sep 03 2015 23:59:06 GMT+0800 (Malay Peninsula Standard Time),,s0w8,focus,
Thu Sep 03 2015 23:59:15 GMT+0800 (Malay Peninsula Standard Time),,s0w8,focus,
Fri Sep 04 2015 00:02:03 GMT+0800 (Malay Peninsula Standard Time),,s0w8,focus,
Fri Sep 04 2015 00:03:14 GMT+0800 (Malay Peninsula Standard Time),,s0w8,focus,
Fri Sep 04 2015 00:03:15 GMT+0800 (Malay Peninsula Standard Time),,s0w8,focus,
Fri Sep 04 2015 00:03:59 GMT+0800 (Malay Peninsula Standard Time),,s0w8,focus,
Fri Sep 04 2015 00:04:19 GMT+0800 (Malay Peninsula Standard Time),,s0w8,focus,
Fri Sep 04 2015 00:04:45 GMT+0800 (Malay Peninsula Standard Time),,s0w8,focus,
Fri Sep 04 2015 00:05:19 GMT+0800 (Malay Peninsula Standard Time),,s0w8,focus,
Fri Sep 04 2015 00:07:01 GMT+0800 (Malay Peninsula Standard Time),,s0w8,focus,
Fri Sep 04 2015 00:07:47 GMT+0800 (Malay Peninsula Standard Time),,s0w8,focus,
Fri Sep 04 2015 00:08:37 GMT+0800 (Malay Peninsula Standard Time),,s2w23,focus,
Fri Sep 04 2015 00:08:37 GMT+0800 (Malay Peninsula Standard Time),,s2w23,focus,
Fri Sep 04 2015 00:08:39 GMT+0800 (Malay Peninsula Standard Time),,s2w23,label,"^"
Fri Sep 04 2015 00:08:39 GMT+0800 (Malay Peninsula Standard Time),,s2w25,focus,
Fri Sep 04 2015 00:08:39 GMT+0800 (Malay Peninsula Standard Time),,s2w25,focus,
Fri Sep 04 2015 00:09:47 GMT+0800 (Malay Peninsula Standard Time),,s2w33,focus,
Fri Sep 04 2015 00:09:47 GMT+0800 (Malay Peninsula Standard Time),,s2w33,focus,
Fri Sep 04 2015 00:09:48 GMT+0800 (Malay Peninsula Standard Time),,s2w33,label,"^"
Fri Sep 04 2015 00:12:13 GMT+0800 (Malay Peninsula Standard Time),,s5w5,focus,
Fri Sep 04 2015 00:12:13 GMT+0800 (Malay Peninsula Standard Time),,s5w5,focus,
Fri Sep 04 2015 00:12:14 GMT+0800 (Malay Peninsula Standard Time),,s5w5,label,"^"
Fri Sep 04 2015 00:12:28 GMT+0800 (Malay Peninsula Standard Time),,s5w5,focus,
Fri Sep 04 2015 00:12:31 GMT+0800 (Malay Peninsula Standard Time),,s5w7,focus,
Fri Sep 04 2015 00:12:31 GMT+0800 (Malay Peninsula Standard Time),,s5w7,focus,
Fri Sep 04 2015 00:12:31 GMT+0800 (Malay Peninsula Standard Time),,s5w7,label,"^"
Fri Sep 04 2015 00:12:43 GMT+0800 (Malay Peninsula Standard Time),,,submitPage,
Fri Sep 04 2015 00:30:00 GMT+0800 (Malay Peninsula Standard Time),,,pageReady,0:100:100
Fri Sep 04 2015 00:30:00 GMT+0800 (Malay Peninsula Standard Time),,s0,twitterId,1046420
Fri Sep 04 2015 00:30:00 GMT+0800 (Malay Peninsula Standard Time),,s1,twitterId,1046420
Fri Sep 04 2015 00:30:00 GMT+0800 (Malay Peninsula Standard Time),,s2,twitterId,1046420
Fri Sep 04 2015 00:30:00 GMT+0800 (Malay Peninsula Standard Time),,s3,twitterId,1046420
Fri Sep 04 2015 00:30:00 GMT+0800 (Malay Peninsula Standard Time),,s4,twitterId,1046420
Fri Sep 04 2015 00:30:00 GMT+0800 (Malay Peninsula Standard Time),,s5,twitterId,1046420
Fri Sep 04 2015 00:30:22 GMT+0800 (Malay Peninsula Standard Time),,s0w8,focus,
Fri Sep 04 2015 00:30:22 GMT+0800 (Malay Peninsula Standard Time),,s0w8,focus,
Fri Sep 04 2015 00:30:23 GMT+0800 (Malay Peninsula Standard Time),,s0w8,label,"^"
Fri Sep 04 2015 00:30:31 GMT+0800 (Malay Peninsula Standard Time),,s0w11,focus,
Fri Sep 04 2015 00:30:31 GMT+0800 (Malay Peninsula Standard Time),,s0w11,focus,
Fri Sep 04 2015 00:30:33 GMT+0800 (Malay Peninsula Standard Time),,s0w11,label,","
Fri Sep 04 2015 00:31:35 GMT+0800 (Malay Peninsula Standard Time),,s2w23,focus,
Fri Sep 04 2015 00:31:35 GMT+0800 (Malay Peninsula Standard Time),,s2w23,focus,
Fri Sep 04 2015 00:31:36 GMT+0800 (Malay Peninsula Standard Time),,s2w23,label,"^"
Fri Sep 04 2015 00:31:39 GMT+0800 (Malay Peninsula Standard Time),,s2w33,focus,
Fri Sep 04 2015 00:31:39 GMT+0800 (Malay Peninsula Standard Time),,s2w33,focus,
Fri Sep 04 2015 00:31:40 GMT+0800 (Malay Peninsula Standard Time),,s2w33,label,"^"
Fri Sep 04 2015 00:32:10 GMT+0800 (Malay Peninsula Standard Time),,s5w5,focus,
Fri Sep 04 2015 00:32:11 GMT+0800 (Malay Peninsula Standard Time),,s5w5,focus,
Fri Sep 04 2015 00:32:11 GMT+0800 (Malay Peninsula Standard Time),,s5w5,label,"^"
Fri Sep 04 2015 00:32:12 GMT+0800 (Malay Peninsula Standard Time),,s5w7,focus,
Fri Sep 04 2015 00:32:12 GMT+0800 (Malay Peninsula Standard Time),,s5w7,focus,
Fri Sep 04 2015 00:32:13 GMT+0800 (Malay Peninsula Standard Time),,s5w7,label,"^"
Fri Sep 04 2015 00:32:19 GMT+0800 (Malay Peninsula Standard Time),,s5w26,focus,
Fri Sep 04 2015 00:32:19 GMT+0800 (Malay Peninsula Standard Time),,s5w26,focus,
Fri Sep 04 2015 00:32:19 GMT+0800 (Malay Peninsula Standard Time),,s5w26,label,"^"
Fri Sep 04 2015 00:32:23 GMT+0800 (Malay Peninsula Standard Time),,,submitPage,
