Wed Sep 02 2015 11:30:46 GMT+0800 (Malay Peninsula Standard Time),,,pageReady,0:100:100
Wed Sep 02 2015 11:30:46 GMT+0800 (Malay Peninsula Standard Time),,s0,twitterId,327325
Wed Sep 02 2015 11:30:46 GMT+0800 (Malay Peninsula Standard Time),,s1,twitterId,327325
Wed Sep 02 2015 11:30:46 GMT+0800 (Malay Peninsula Standard Time),,s2,twitterId,327325
Wed Sep 02 2015 11:30:46 GMT+0800 (Malay Peninsula Standard Time),,s3,twitterId,327325
Wed Sep 02 2015 11:30:46 GMT+0800 (Malay Peninsula Standard Time),,s4,twitterId,327325
Wed Sep 02 2015 11:30:46 GMT+0800 (Malay Peninsula Standard Time),,s5,twitterId,327325
Wed Sep 02 2015 11:30:46 GMT+0800 (Malay Peninsula Standard Time),,s6,twitterId,327325
Wed Sep 02 2015 11:30:46 GMT+0800 (Malay Peninsula Standard Time),,s7,twitterId,327325
Wed Sep 02 2015 11:30:46 GMT+0800 (Malay Peninsula Standard Time),,s8,twitterId,327325
Wed Sep 02 2015 11:30:46 GMT+0800 (Malay Peninsula Standard Time),,s9,twitterId,327325
Wed Sep 02 2015 11:30:46 GMT+0800 (Malay Peninsula Standard Time),,s10,twitterId,327325
Wed Sep 02 2015 11:30:46 GMT+0800 (Malay Peninsula Standard Time),,s11,twitterId,327325
Wed Sep 02 2015 11:30:46 GMT+0800 (Malay Peninsula Standard Time),,s12,twitterId,327325
Wed Sep 02 2015 11:30:46 GMT+0800 (Malay Peninsula Standard Time),,s13,twitterId,327325
Wed Sep 02 2015 11:30:46 GMT+0800 (Malay Peninsula Standard Time),,s14,twitterId,327325
Wed Sep 02 2015 11:30:56 GMT+0800 (Malay Peninsula Standard Time),,s1w1,focus,
Wed Sep 02 2015 11:30:56 GMT+0800 (Malay Peninsula Standard Time),,s1w1,focus,
Wed Sep 02 2015 11:30:59 GMT+0800 (Malay Peninsula Standard Time),,s1w2,focus,
Wed Sep 02 2015 11:31:00 GMT+0800 (Malay Peninsula Standard Time),,s1w3,focus,
Wed Sep 02 2015 11:31:00 GMT+0800 (Malay Peninsula Standard Time),,s1w4,focus,
Wed Sep 02 2015 11:31:00 GMT+0800 (Malay Peninsula Standard Time),,s1w5,focus,
Wed Sep 02 2015 11:31:01 GMT+0800 (Malay Peninsula Standard Time),,s1w6,focus,
Wed Sep 02 2015 11:31:01 GMT+0800 (Malay Peninsula Standard Time),,s1w7,focus,
Wed Sep 02 2015 11:31:01 GMT+0800 (Malay Peninsula Standard Time),,s1w8,focus,
Wed Sep 02 2015 11:31:02 GMT+0800 (Malay Peninsula Standard Time),,s1w9,focus,
Wed Sep 02 2015 11:31:02 GMT+0800 (Malay Peninsula Standard Time),,s1w10,focus,
Wed Sep 02 2015 11:31:02 GMT+0800 (Malay Peninsula Standard Time),,s1w11,focus,
Wed Sep 02 2015 11:31:03 GMT+0800 (Malay Peninsula Standard Time),,s1w12,focus,
Wed Sep 02 2015 11:31:05 GMT+0800 (Malay Peninsula Standard Time),,s1w13,focus,
Wed Sep 02 2015 11:31:07 GMT+0800 (Malay Peninsula Standard Time),,s1w14,focus,
Wed Sep 02 2015 11:31:07 GMT+0800 (Malay Peninsula Standard Time),,s1w15,focus,
Wed Sep 02 2015 11:31:08 GMT+0800 (Malay Peninsula Standard Time),,s1w16,focus,
Wed Sep 02 2015 11:31:08 GMT+0800 (Malay Peninsula Standard Time),,s1w17,focus,
Wed Sep 02 2015 11:31:08 GMT+0800 (Malay Peninsula Standard Time),,s1w18,focus,
Wed Sep 02 2015 11:31:08 GMT+0800 (Malay Peninsula Standard Time),,s1w19,focus,
Wed Sep 02 2015 11:31:09 GMT+0800 (Malay Peninsula Standard Time),,s1w20,focus,
Wed Sep 02 2015 11:31:09 GMT+0800 (Malay Peninsula Standard Time),,s1w21,focus,
Wed Sep 02 2015 11:31:09 GMT+0800 (Malay Peninsula Standard Time),,s1w22,focus,
Wed Sep 02 2015 11:31:10 GMT+0800 (Malay Peninsula Standard Time),,s1w23,focus,
Wed Sep 02 2015 11:31:28 GMT+0800 (Malay Peninsula Standard Time),,s1w24,focus,
Wed Sep 02 2015 11:31:30 GMT+0800 (Malay Peninsula Standard Time),,s1w25,focus,
Wed Sep 02 2015 11:31:30 GMT+0800 (Malay Peninsula Standard Time),,s1w26,focus,
Wed Sep 02 2015 11:31:30 GMT+0800 (Malay Peninsula Standard Time),,s1w27,focus,
Wed Sep 02 2015 11:31:31 GMT+0800 (Malay Peninsula Standard Time),,s1w28,focus,
Wed Sep 02 2015 11:31:31 GMT+0800 (Malay Peninsula Standard Time),,s1w29,focus,
Wed Sep 02 2015 11:31:31 GMT+0800 (Malay Peninsula Standard Time),,s1w30,focus,
Wed Sep 02 2015 11:31:32 GMT+0800 (Malay Peninsula Standard Time),,s1w31,focus,
Wed Sep 02 2015 11:31:32 GMT+0800 (Malay Peninsula Standard Time),,s1w32,focus,
Wed Sep 02 2015 11:31:33 GMT+0800 (Malay Peninsula Standard Time),,s1w33,focus,
Wed Sep 02 2015 11:31:33 GMT+0800 (Malay Peninsula Standard Time),,s1w34,focus,
Wed Sep 02 2015 11:31:34 GMT+0800 (Malay Peninsula Standard Time),,s1w35,focus,
Wed Sep 02 2015 11:31:34 GMT+0800 (Malay Peninsula Standard Time),,s1w36,focus,
Wed Sep 02 2015 11:31:34 GMT+0800 (Malay Peninsula Standard Time),,s1w37,focus,
Wed Sep 02 2015 11:31:35 GMT+0800 (Malay Peninsula Standard Time),,s1w38,focus,
Wed Sep 02 2015 11:31:35 GMT+0800 (Malay Peninsula Standard Time),,s1w39,focus,
Wed Sep 02 2015 11:31:36 GMT+0800 (Malay Peninsula Standard Time),,s1w40,focus,
Wed Sep 02 2015 11:31:36 GMT+0800 (Malay Peninsula Standard Time),,s2w1,focus,
Wed Sep 02 2015 11:31:37 GMT+0800 (Malay Peninsula Standard Time),,s2w2,focus,
Wed Sep 02 2015 11:31:37 GMT+0800 (Malay Peninsula Standard Time),,s2w3,focus,
Wed Sep 02 2015 11:31:37 GMT+0800 (Malay Peninsula Standard Time),,s2w4,focus,
Wed Sep 02 2015 11:31:37 GMT+0800 (Malay Peninsula Standard Time),,s2w5,focus,
Wed Sep 02 2015 11:31:38 GMT+0800 (Malay Peninsula Standard Time),,s2w6,focus,
Wed Sep 02 2015 11:31:38 GMT+0800 (Malay Peninsula Standard Time),,s2w5,focus,
Wed Sep 02 2015 11:31:43 GMT+0800 (Malay Peninsula Standard Time),,s2,changeSentenceFlag,"Tokenization Error"
Wed Sep 02 2015 11:31:47 GMT+0800 (Malay Peninsula Standard Time),,s2w1,focus,
Wed Sep 02 2015 11:31:47 GMT+0800 (Malay Peninsula Standard Time),,s2w1,focus,
Wed Sep 02 2015 11:31:51 GMT+0800 (Malay Peninsula Standard Time),,s2w2,focus,
Wed Sep 02 2015 11:31:52 GMT+0800 (Malay Peninsula Standard Time),,s2w3,focus,
Wed Sep 02 2015 11:31:52 GMT+0800 (Malay Peninsula Standard Time),,s2w4,focus,
Wed Sep 02 2015 11:31:52 GMT+0800 (Malay Peninsula Standard Time),,s2w5,focus,
Wed Sep 02 2015 11:31:52 GMT+0800 (Malay Peninsula Standard Time),,s2w6,focus,
Wed Sep 02 2015 11:31:52 GMT+0800 (Malay Peninsula Standard Time),,s2w7,focus,
Wed Sep 02 2015 11:31:52 GMT+0800 (Malay Peninsula Standard Time),,s2w8,focus,
Wed Sep 02 2015 11:31:52 GMT+0800 (Malay Peninsula Standard Time),,s2w9,focus,
Wed Sep 02 2015 11:31:52 GMT+0800 (Malay Peninsula Standard Time),,s2w10,focus,
Wed Sep 02 2015 11:31:52 GMT+0800 (Malay Peninsula Standard Time),,s2w11,focus,
Wed Sep 02 2015 11:31:52 GMT+0800 (Malay Peninsula Standard Time),,s2w12,focus,
Wed Sep 02 2015 11:31:52 GMT+0800 (Malay Peninsula Standard Time),,s2w13,focus,
Wed Sep 02 2015 11:31:52 GMT+0800 (Malay Peninsula Standard Time),,s2w14,focus,
Wed Sep 02 2015 11:31:52 GMT+0800 (Malay Peninsula Standard Time),,s3w1,focus,
Wed Sep 02 2015 11:31:52 GMT+0800 (Malay Peninsula Standard Time),,s3w2,focus,
Wed Sep 02 2015 11:31:52 GMT+0800 (Malay Peninsula Standard Time),,s3w3,focus,
Wed Sep 02 2015 11:31:52 GMT+0800 (Malay Peninsula Standard Time),,s3w4,focus,
Wed Sep 02 2015 11:31:53 GMT+0800 (Malay Peninsula Standard Time),,s3w3,focus,
Wed Sep 02 2015 11:31:53 GMT+0800 (Malay Peninsula Standard Time),,s3w2,focus,
Wed Sep 02 2015 11:31:53 GMT+0800 (Malay Peninsula Standard Time),,s3w1,focus,
Wed Sep 02 2015 11:31:56 GMT+0800 (Malay Peninsula Standard Time),,s3w2,focus,
Wed Sep 02 2015 11:31:56 GMT+0800 (Malay Peninsula Standard Time),,s3w3,focus,
Wed Sep 02 2015 11:32:16 GMT+0800 (Malay Peninsula Standard Time),,s3w4,focus,
Wed Sep 02 2015 11:32:17 GMT+0800 (Malay Peninsula Standard Time),,s3w5,focus,
Wed Sep 02 2015 11:32:18 GMT+0800 (Malay Peninsula Standard Time),,s3w6,focus,
Wed Sep 02 2015 11:32:19 GMT+0800 (Malay Peninsula Standard Time),,s3w5,focus,
Wed Sep 02 2015 11:32:19 GMT+0800 (Malay Peninsula Standard Time),,s3w4,focus,
Wed Sep 02 2015 11:32:19 GMT+0800 (Malay Peninsula Standard Time),,s3w3,focus,
Wed Sep 02 2015 11:32:19 GMT+0800 (Malay Peninsula Standard Time),,s3w2,focus,
Wed Sep 02 2015 11:32:20 GMT+0800 (Malay Peninsula Standard Time),,s3w1,focus,
Wed Sep 02 2015 11:32:21 GMT+0800 (Malay Peninsula Standard Time),,s3w2,focus,
Wed Sep 02 2015 11:32:21 GMT+0800 (Malay Peninsula Standard Time),,s3w3,focus,
Wed Sep 02 2015 11:32:21 GMT+0800 (Malay Peninsula Standard Time),,s3w4,focus,
Wed Sep 02 2015 11:32:21 GMT+0800 (Malay Peninsula Standard Time),,s3w5,focus,
Wed Sep 02 2015 11:32:22 GMT+0800 (Malay Peninsula Standard Time),,s3w6,focus,
Wed Sep 02 2015 11:32:22 GMT+0800 (Malay Peninsula Standard Time),,s3w7,focus,
Wed Sep 02 2015 11:32:22 GMT+0800 (Malay Peninsula Standard Time),,s3w8,focus,
Wed Sep 02 2015 11:32:22 GMT+0800 (Malay Peninsula Standard Time),,s3w9,focus,
Wed Sep 02 2015 11:32:23 GMT+0800 (Malay Peninsula Standard Time),,s3w10,focus,
Wed Sep 02 2015 11:32:23 GMT+0800 (Malay Peninsula Standard Time),,s3w11,focus,
Wed Sep 02 2015 11:32:23 GMT+0800 (Malay Peninsula Standard Time),,s3w12,focus,
Wed Sep 02 2015 11:32:24 GMT+0800 (Malay Peninsula Standard Time),,s4w1,focus,
Wed Sep 02 2015 11:32:24 GMT+0800 (Malay Peninsula Standard Time),,s4w2,focus,
Wed Sep 02 2015 11:32:24 GMT+0800 (Malay Peninsula Standard Time),,s4w3,focus,
Wed Sep 02 2015 11:32:25 GMT+0800 (Malay Peninsula Standard Time),,s4w4,focus,
Wed Sep 02 2015 11:32:25 GMT+0800 (Malay Peninsula Standard Time),,s4w5,focus,
Wed Sep 02 2015 11:32:26 GMT+0800 (Malay Peninsula Standard Time),,s4w6,focus,
Wed Sep 02 2015 11:32:26 GMT+0800 (Malay Peninsula Standard Time),,s4w7,focus,
Wed Sep 02 2015 11:32:26 GMT+0800 (Malay Peninsula Standard Time),,s4w8,focus,
Wed Sep 02 2015 11:32:27 GMT+0800 (Malay Peninsula Standard Time),,s4w9,focus,
Wed Sep 02 2015 11:32:27 GMT+0800 (Malay Peninsula Standard Time),,s4w10,focus,
Wed Sep 02 2015 11:32:27 GMT+0800 (Malay Peninsula Standard Time),,s4w11,focus,
Wed Sep 02 2015 11:32:28 GMT+0800 (Malay Peninsula Standard Time),,s4w12,focus,
Wed Sep 02 2015 11:32:34 GMT+0800 (Malay Peninsula Standard Time),,s4,changeSentenceFlag,"Tokenization Error"
Wed Sep 02 2015 11:32:38 GMT+0800 (Malay Peninsula Standard Time),,s4w27,focus,
Wed Sep 02 2015 11:32:38 GMT+0800 (Malay Peninsula Standard Time),,s4w27,focus,
Wed Sep 02 2015 11:32:39 GMT+0800 (Malay Peninsula Standard Time),,s4w28,focus,
Wed Sep 02 2015 11:32:41 GMT+0800 (Malay Peninsula Standard Time),,s4w27,focus,
Wed Sep 02 2015 11:32:42 GMT+0800 (Malay Peninsula Standard Time),,s4w26,focus,
Wed Sep 02 2015 11:32:42 GMT+0800 (Malay Peninsula Standard Time),,s4w25,focus,
Wed Sep 02 2015 11:32:43 GMT+0800 (Malay Peninsula Standard Time),,s4w24,focus,
Wed Sep 02 2015 11:32:43 GMT+0800 (Malay Peninsula Standard Time),,s4w23,focus,
Wed Sep 02 2015 11:32:44 GMT+0800 (Malay Peninsula Standard Time),,s4w22,focus,
Wed Sep 02 2015 11:32:44 GMT+0800 (Malay Peninsula Standard Time),,s4w21,focus,
Wed Sep 02 2015 11:32:45 GMT+0800 (Malay Peninsula Standard Time),,s4w20,focus,
Wed Sep 02 2015 11:32:45 GMT+0800 (Malay Peninsula Standard Time),,s4w19,focus,
Wed Sep 02 2015 11:32:45 GMT+0800 (Malay Peninsula Standard Time),,s4w18,focus,
Wed Sep 02 2015 11:32:46 GMT+0800 (Malay Peninsula Standard Time),,s4w17,focus,
Wed Sep 02 2015 11:32:46 GMT+0800 (Malay Peninsula Standard Time),,s4w16,focus,
Wed Sep 02 2015 11:32:48 GMT+0800 (Malay Peninsula Standard Time),,s4w17,focus,
Wed Sep 02 2015 11:32:49 GMT+0800 (Malay Peninsula Standard Time),,s4w18,focus,
Wed Sep 02 2015 11:32:50 GMT+0800 (Malay Peninsula Standard Time),,s4w19,focus,
Wed Sep 02 2015 11:32:50 GMT+0800 (Malay Peninsula Standard Time),,s4w20,focus,
Wed Sep 02 2015 11:32:50 GMT+0800 (Malay Peninsula Standard Time),,s4w21,focus,
Wed Sep 02 2015 11:32:50 GMT+0800 (Malay Peninsula Standard Time),,s4w22,focus,
Wed Sep 02 2015 11:32:50 GMT+0800 (Malay Peninsula Standard Time),,s4w23,focus,
Wed Sep 02 2015 11:32:50 GMT+0800 (Malay Peninsula Standard Time),,s4w24,focus,
Wed Sep 02 2015 11:32:50 GMT+0800 (Malay Peninsula Standard Time),,s4w25,focus,
Wed Sep 02 2015 11:32:50 GMT+0800 (Malay Peninsula Standard Time),,s4w26,focus,
Wed Sep 02 2015 11:32:50 GMT+0800 (Malay Peninsula Standard Time),,s4w27,focus,
Wed Sep 02 2015 11:32:51 GMT+0800 (Malay Peninsula Standard Time),,s4w28,focus,
Wed Sep 02 2015 11:32:52 GMT+0800 (Malay Peninsula Standard Time),,s4w29,focus,
Wed Sep 02 2015 11:32:53 GMT+0800 (Malay Peninsula Standard Time),,s4w30,focus,
Wed Sep 02 2015 11:32:55 GMT+0800 (Malay Peninsula Standard Time),,s4w31,focus,
Wed Sep 02 2015 11:32:56 GMT+0800 (Malay Peninsula Standard Time),,s4w32,focus,
Wed Sep 02 2015 11:32:56 GMT+0800 (Malay Peninsula Standard Time),,s4w33,focus,
Wed Sep 02 2015 11:32:57 GMT+0800 (Malay Peninsula Standard Time),,s4w34,focus,
Wed Sep 02 2015 11:33:00 GMT+0800 (Malay Peninsula Standard Time),,s4w34,label,"N"
Wed Sep 02 2015 11:33:04 GMT+0800 (Malay Peninsula Standard Time),,s4w35,focus,
Wed Sep 02 2015 11:33:05 GMT+0800 (Malay Peninsula Standard Time),,s4w36,focus,
Wed Sep 02 2015 11:33:06 GMT+0800 (Malay Peninsula Standard Time),,s4w37,focus,
Wed Sep 02 2015 11:33:10 GMT+0800 (Malay Peninsula Standard Time),,s4w38,focus,
Wed Sep 02 2015 11:33:11 GMT+0800 (Malay Peninsula Standard Time),,s4w37,focus,
Wed Sep 02 2015 11:33:14 GMT+0800 (Malay Peninsula Standard Time),,s4w37,label,"^"
Wed Sep 02 2015 11:33:15 GMT+0800 (Malay Peninsula Standard Time),,s4w38,focus,
Wed Sep 02 2015 11:33:15 GMT+0800 (Malay Peninsula Standard Time),,s4w39,focus,
Wed Sep 02 2015 11:33:17 GMT+0800 (Malay Peninsula Standard Time),,s4w39,label,"^"
Wed Sep 02 2015 11:33:17 GMT+0800 (Malay Peninsula Standard Time),,s4w40,focus,
Wed Sep 02 2015 11:33:18 GMT+0800 (Malay Peninsula Standard Time),,s4w41,focus,
Wed Sep 02 2015 11:33:18 GMT+0800 (Malay Peninsula Standard Time),,s4w42,focus,
Wed Sep 02 2015 11:33:18 GMT+0800 (Malay Peninsula Standard Time),,s4w43,focus,
Wed Sep 02 2015 11:33:19 GMT+0800 (Malay Peninsula Standard Time),,s4w42,focus,
Wed Sep 02 2015 11:33:20 GMT+0800 (Malay Peninsula Standard Time),,s4w42,label,"^"
Wed Sep 02 2015 11:33:20 GMT+0800 (Malay Peninsula Standard Time),,s4w43,focus,
Wed Sep 02 2015 11:33:20 GMT+0800 (Malay Peninsula Standard Time),,s4w44,focus,
Wed Sep 02 2015 11:33:21 GMT+0800 (Malay Peninsula Standard Time),,s5w1,focus,
Wed Sep 02 2015 11:33:22 GMT+0800 (Malay Peninsula Standard Time),,s5w2,focus,
Wed Sep 02 2015 11:33:22 GMT+0800 (Malay Peninsula Standard Time),,s5w3,focus,
Wed Sep 02 2015 11:33:23 GMT+0800 (Malay Peninsula Standard Time),,s5w4,focus,
Wed Sep 02 2015 11:33:23 GMT+0800 (Malay Peninsula Standard Time),,s5w5,focus,
Wed Sep 02 2015 11:33:23 GMT+0800 (Malay Peninsula Standard Time),,s5w6,focus,
Wed Sep 02 2015 11:33:24 GMT+0800 (Malay Peninsula Standard Time),,s5w7,focus,
Wed Sep 02 2015 11:33:24 GMT+0800 (Malay Peninsula Standard Time),,s6w1,focus,
Wed Sep 02 2015 11:33:25 GMT+0800 (Malay Peninsula Standard Time),,s6w2,focus,
Wed Sep 02 2015 11:33:26 GMT+0800 (Malay Peninsula Standard Time),,s6w3,focus,
Wed Sep 02 2015 11:33:26 GMT+0800 (Malay Peninsula Standard Time),,s6w4,focus,
Wed Sep 02 2015 11:33:27 GMT+0800 (Malay Peninsula Standard Time),,s6w5,focus,
Wed Sep 02 2015 11:33:27 GMT+0800 (Malay Peninsula Standard Time),,s6w6,focus,
Wed Sep 02 2015 11:33:28 GMT+0800 (Malay Peninsula Standard Time),,s6w7,focus,
Wed Sep 02 2015 11:33:29 GMT+0800 (Malay Peninsula Standard Time),,s6w8,focus,
Wed Sep 02 2015 11:33:29 GMT+0800 (Malay Peninsula Standard Time),,s6w9,focus,
Wed Sep 02 2015 11:33:29 GMT+0800 (Malay Peninsula Standard Time),,s6w10,focus,
Wed Sep 02 2015 11:33:30 GMT+0800 (Malay Peninsula Standard Time),,s6w11,focus,
Wed Sep 02 2015 11:33:30 GMT+0800 (Malay Peninsula Standard Time),,s6w12,focus,
Wed Sep 02 2015 11:33:31 GMT+0800 (Malay Peninsula Standard Time),,s6w13,focus,
Wed Sep 02 2015 11:33:32 GMT+0800 (Malay Peninsula Standard Time),,s6w12,focus,
Wed Sep 02 2015 11:33:34 GMT+0800 (Malay Peninsula Standard Time),,s6w12,label,"V"
Wed Sep 02 2015 11:33:34 GMT+0800 (Malay Peninsula Standard Time),,s6w13,focus,
Wed Sep 02 2015 11:33:35 GMT+0800 (Malay Peninsula Standard Time),,s6w14,focus,
Wed Sep 02 2015 11:33:35 GMT+0800 (Malay Peninsula Standard Time),,s6w15,focus,
Wed Sep 02 2015 11:33:36 GMT+0800 (Malay Peninsula Standard Time),,s6w16,focus,
Wed Sep 02 2015 11:33:36 GMT+0800 (Malay Peninsula Standard Time),,s6w17,focus,
Wed Sep 02 2015 11:33:37 GMT+0800 (Malay Peninsula Standard Time),,s6w18,focus,
Wed Sep 02 2015 11:33:37 GMT+0800 (Malay Peninsula Standard Time),,s6w19,focus,
Wed Sep 02 2015 11:33:37 GMT+0800 (Malay Peninsula Standard Time),,s6w20,focus,
Wed Sep 02 2015 11:33:37 GMT+0800 (Malay Peninsula Standard Time),,s6w21,focus,
Wed Sep 02 2015 11:33:38 GMT+0800 (Malay Peninsula Standard Time),,s6w22,focus,
Wed Sep 02 2015 11:33:38 GMT+0800 (Malay Peninsula Standard Time),,s6w23,focus,
Wed Sep 02 2015 11:33:38 GMT+0800 (Malay Peninsula Standard Time),,s6w24,focus,
Wed Sep 02 2015 11:33:38 GMT+0800 (Malay Peninsula Standard Time),,s6w25,focus,
Wed Sep 02 2015 11:33:39 GMT+0800 (Malay Peninsula Standard Time),,s6w26,focus,
Wed Sep 02 2015 11:33:39 GMT+0800 (Malay Peninsula Standard Time),,s6w27,focus,
Wed Sep 02 2015 11:33:39 GMT+0800 (Malay Peninsula Standard Time),,s6w28,focus,
Wed Sep 02 2015 11:33:39 GMT+0800 (Malay Peninsula Standard Time),,s6w29,focus,
Wed Sep 02 2015 11:33:41 GMT+0800 (Malay Peninsula Standard Time),,s6w30,focus,
Wed Sep 02 2015 11:33:41 GMT+0800 (Malay Peninsula Standard Time),,s6w31,focus,
Wed Sep 02 2015 11:33:42 GMT+0800 (Malay Peninsula Standard Time),,s6w32,focus,
Wed Sep 02 2015 11:33:43 GMT+0800 (Malay Peninsula Standard Time),,s6w33,focus,
Wed Sep 02 2015 11:33:43 GMT+0800 (Malay Peninsula Standard Time),,s6w34,focus,
Wed Sep 02 2015 11:33:45 GMT+0800 (Malay Peninsula Standard Time),,s6w35,focus,
Wed Sep 02 2015 11:33:45 GMT+0800 (Malay Peninsula Standard Time),,s6w36,focus,
Wed Sep 02 2015 11:33:46 GMT+0800 (Malay Peninsula Standard Time),,s6w37,focus,
Wed Sep 02 2015 11:33:46 GMT+0800 (Malay Peninsula Standard Time),,s6w38,focus,
Wed Sep 02 2015 11:33:47 GMT+0800 (Malay Peninsula Standard Time),,s6w39,focus,
Wed Sep 02 2015 11:33:48 GMT+0800 (Malay Peninsula Standard Time),,s6w38,focus,
Wed Sep 02 2015 11:33:58 GMT+0800 (Malay Peninsula Standard Time),,s6w38,label,"A"
Wed Sep 02 2015 11:33:59 GMT+0800 (Malay Peninsula Standard Time),,s6w39,focus,
Wed Sep 02 2015 11:34:15 GMT+0800 (Malay Peninsula Standard Time),,s6w40,focus,
Wed Sep 02 2015 11:34:15 GMT+0800 (Malay Peninsula Standard Time),,s6w41,focus,
Wed Sep 02 2015 11:34:35 GMT+0800 (Malay Peninsula Standard Time),,s6w42,focus,
Wed Sep 02 2015 11:34:38 GMT+0800 (Malay Peninsula Standard Time),,s6w43,focus,
Wed Sep 02 2015 11:34:39 GMT+0800 (Malay Peninsula Standard Time),,s6w44,focus,
Wed Sep 02 2015 11:34:40 GMT+0800 (Malay Peninsula Standard Time),,s6w45,focus,
Wed Sep 02 2015 11:34:40 GMT+0800 (Malay Peninsula Standard Time),,s6w46,focus,
Wed Sep 02 2015 11:34:40 GMT+0800 (Malay Peninsula Standard Time),,s6w47,focus,
Wed Sep 02 2015 11:34:43 GMT+0800 (Malay Peninsula Standard Time),,s6w48,focus,
Wed Sep 02 2015 11:34:43 GMT+0800 (Malay Peninsula Standard Time),,s6w49,focus,
Wed Sep 02 2015 11:34:44 GMT+0800 (Malay Peninsula Standard Time),,s6w50,focus,
Wed Sep 02 2015 11:34:44 GMT+0800 (Malay Peninsula Standard Time),,s6w51,focus,
Wed Sep 02 2015 11:34:45 GMT+0800 (Malay Peninsula Standard Time),,s6w52,focus,
Wed Sep 02 2015 11:34:45 GMT+0800 (Malay Peninsula Standard Time),,s6w53,focus,
Wed Sep 02 2015 11:34:46 GMT+0800 (Malay Peninsula Standard Time),,s6w54,focus,
Wed Sep 02 2015 11:34:46 GMT+0800 (Malay Peninsula Standard Time),,s6w55,focus,
Wed Sep 02 2015 11:34:46 GMT+0800 (Malay Peninsula Standard Time),,s6w56,focus,
Wed Sep 02 2015 11:34:47 GMT+0800 (Malay Peninsula Standard Time),,s6w57,focus,
Wed Sep 02 2015 11:34:47 GMT+0800 (Malay Peninsula Standard Time),,s6w58,focus,
Wed Sep 02 2015 11:34:47 GMT+0800 (Malay Peninsula Standard Time),,s6w59,focus,
Wed Sep 02 2015 11:34:48 GMT+0800 (Malay Peninsula Standard Time),,s6w60,focus,
Wed Sep 02 2015 11:34:51 GMT+0800 (Malay Peninsula Standard Time),,s6w61,focus,
Wed Sep 02 2015 11:34:52 GMT+0800 (Malay Peninsula Standard Time),,s6w62,focus,
Wed Sep 02 2015 11:34:52 GMT+0800 (Malay Peninsula Standard Time),,s6w63,focus,
Wed Sep 02 2015 11:34:52 GMT+0800 (Malay Peninsula Standard Time),,s6w64,focus,
Wed Sep 02 2015 11:34:53 GMT+0800 (Malay Peninsula Standard Time),,s6w65,focus,
Wed Sep 02 2015 11:34:53 GMT+0800 (Malay Peninsula Standard Time),,s6w66,focus,
Wed Sep 02 2015 11:34:54 GMT+0800 (Malay Peninsula Standard Time),,s6w67,focus,
Wed Sep 02 2015 11:34:55 GMT+0800 (Malay Peninsula Standard Time),,s6w68,focus,
Wed Sep 02 2015 11:34:55 GMT+0800 (Malay Peninsula Standard Time),,s6w69,focus,
Wed Sep 02 2015 11:34:56 GMT+0800 (Malay Peninsula Standard Time),,s6w70,focus,
Wed Sep 02 2015 11:34:56 GMT+0800 (Malay Peninsula Standard Time),,s6w71,focus,
Wed Sep 02 2015 11:34:56 GMT+0800 (Malay Peninsula Standard Time),,s6w72,focus,
Wed Sep 02 2015 11:34:57 GMT+0800 (Malay Peninsula Standard Time),,s6w73,focus,
Wed Sep 02 2015 11:34:57 GMT+0800 (Malay Peninsula Standard Time),,s6w74,focus,
Wed Sep 02 2015 11:34:58 GMT+0800 (Malay Peninsula Standard Time),,s6w75,focus,
Wed Sep 02 2015 11:34:58 GMT+0800 (Malay Peninsula Standard Time),,s6w76,focus,
Wed Sep 02 2015 11:34:58 GMT+0800 (Malay Peninsula Standard Time),,s6w77,focus,
Wed Sep 02 2015 11:34:59 GMT+0800 (Malay Peninsula Standard Time),,s6w78,focus,
Wed Sep 02 2015 11:34:59 GMT+0800 (Malay Peninsula Standard Time),,s6w79,focus,
Wed Sep 02 2015 11:34:59 GMT+0800 (Malay Peninsula Standard Time),,s6w80,focus,
Wed Sep 02 2015 11:35:01 GMT+0800 (Malay Peninsula Standard Time),,s6w81,focus,
Wed Sep 02 2015 11:35:01 GMT+0800 (Malay Peninsula Standard Time),,s6w82,focus,
Wed Sep 02 2015 11:35:02 GMT+0800 (Malay Peninsula Standard Time),,s6w83,focus,
Wed Sep 02 2015 11:35:02 GMT+0800 (Malay Peninsula Standard Time),,s6w82,focus,
Wed Sep 02 2015 11:35:02 GMT+0800 (Malay Peninsula Standard Time),,s6w81,focus,
Wed Sep 02 2015 11:35:03 GMT+0800 (Malay Peninsula Standard Time),,s6w82,focus,
Wed Sep 02 2015 11:35:03 GMT+0800 (Malay Peninsula Standard Time),,s6w83,focus,
Wed Sep 02 2015 11:35:03 GMT+0800 (Malay Peninsula Standard Time),,s6w84,focus,
Wed Sep 02 2015 11:35:04 GMT+0800 (Malay Peninsula Standard Time),,s6w85,focus,
Wed Sep 02 2015 11:35:04 GMT+0800 (Malay Peninsula Standard Time),,s6w86,focus,
Wed Sep 02 2015 11:35:04 GMT+0800 (Malay Peninsula Standard Time),,s6w87,focus,
Wed Sep 02 2015 11:35:04 GMT+0800 (Malay Peninsula Standard Time),,s6w88,focus,
Wed Sep 02 2015 11:35:05 GMT+0800 (Malay Peninsula Standard Time),,s6w89,focus,
Wed Sep 02 2015 11:35:05 GMT+0800 (Malay Peninsula Standard Time),,s6w90,focus,
Wed Sep 02 2015 11:35:05 GMT+0800 (Malay Peninsula Standard Time),,s6w91,focus,
Wed Sep 02 2015 11:35:06 GMT+0800 (Malay Peninsula Standard Time),,s6w92,focus,
Wed Sep 02 2015 11:35:06 GMT+0800 (Malay Peninsula Standard Time),,s6w93,focus,
Wed Sep 02 2015 11:35:06 GMT+0800 (Malay Peninsula Standard Time),,s6w94,focus,
Wed Sep 02 2015 11:35:07 GMT+0800 (Malay Peninsula Standard Time),,s6w95,focus,
Wed Sep 02 2015 11:35:07 GMT+0800 (Malay Peninsula Standard Time),,s6w96,focus,
Wed Sep 02 2015 11:35:08 GMT+0800 (Malay Peninsula Standard Time),,s7w1,focus,
Wed Sep 02 2015 11:35:10 GMT+0800 (Malay Peninsula Standard Time),,s7w2,focus,
Wed Sep 02 2015 11:35:11 GMT+0800 (Malay Peninsula Standard Time),,s7w3,focus,
Wed Sep 02 2015 11:35:12 GMT+0800 (Malay Peninsula Standard Time),,s7w4,focus,
Wed Sep 02 2015 11:35:13 GMT+0800 (Malay Peninsula Standard Time),,s7w5,focus,
Wed Sep 02 2015 11:35:13 GMT+0800 (Malay Peninsula Standard Time),,s7w6,focus,
Wed Sep 02 2015 11:35:14 GMT+0800 (Malay Peninsula Standard Time),,s7w5,focus,
Wed Sep 02 2015 11:35:14 GMT+0800 (Malay Peninsula Standard Time),,s7w4,focus,
Wed Sep 02 2015 11:35:14 GMT+0800 (Malay Peninsula Standard Time),,s7w3,focus,
Wed Sep 02 2015 11:35:14 GMT+0800 (Malay Peninsula Standard Time),,s7w2,focus,
Wed Sep 02 2015 11:35:14 GMT+0800 (Malay Peninsula Standard Time),,s7w1,focus,
Wed Sep 02 2015 11:35:17 GMT+0800 (Malay Peninsula Standard Time),,s7w1,label,"N"
Wed Sep 02 2015 11:35:17 GMT+0800 (Malay Peninsula Standard Time),,s7w2,focus,
Wed Sep 02 2015 11:35:17 GMT+0800 (Malay Peninsula Standard Time),,s7w3,focus,
Wed Sep 02 2015 11:35:17 GMT+0800 (Malay Peninsula Standard Time),,s7w4,focus,
Wed Sep 02 2015 11:35:18 GMT+0800 (Malay Peninsula Standard Time),,s7w5,focus,
Wed Sep 02 2015 11:35:18 GMT+0800 (Malay Peninsula Standard Time),,s7w6,focus,
Wed Sep 02 2015 11:35:18 GMT+0800 (Malay Peninsula Standard Time),,s7w7,focus,
Wed Sep 02 2015 11:35:18 GMT+0800 (Malay Peninsula Standard Time),,s7w8,focus,
Wed Sep 02 2015 11:35:19 GMT+0800 (Malay Peninsula Standard Time),,s7w7,focus,
Wed Sep 02 2015 11:35:19 GMT+0800 (Malay Peninsula Standard Time),,s7w6,focus,
Wed Sep 02 2015 11:35:19 GMT+0800 (Malay Peninsula Standard Time),,s7w5,focus,
Wed Sep 02 2015 11:35:19 GMT+0800 (Malay Peninsula Standard Time),,s7w4,focus,
Wed Sep 02 2015 11:35:20 GMT+0800 (Malay Peninsula Standard Time),,s7w3,focus,
Wed Sep 02 2015 11:35:20 GMT+0800 (Malay Peninsula Standard Time),,s7w2,focus,
Wed Sep 02 2015 11:35:20 GMT+0800 (Malay Peninsula Standard Time),,s7w1,focus,
Wed Sep 02 2015 11:35:20 GMT+0800 (Malay Peninsula Standard Time),,s6w96,focus,
Wed Sep 02 2015 11:35:21 GMT+0800 (Malay Peninsula Standard Time),,s7w1,focus,
Wed Sep 02 2015 11:35:22 GMT+0800 (Malay Peninsula Standard Time),,s7w1,label,"^"
Wed Sep 02 2015 11:35:23 GMT+0800 (Malay Peninsula Standard Time),,s7w2,focus,
Wed Sep 02 2015 11:35:23 GMT+0800 (Malay Peninsula Standard Time),,s7w3,focus,
Wed Sep 02 2015 11:35:23 GMT+0800 (Malay Peninsula Standard Time),,s7w4,focus,
Wed Sep 02 2015 11:35:24 GMT+0800 (Malay Peninsula Standard Time),,s7w5,focus,
Wed Sep 02 2015 11:35:24 GMT+0800 (Malay Peninsula Standard Time),,s7w6,focus,
Wed Sep 02 2015 11:35:24 GMT+0800 (Malay Peninsula Standard Time),,s7w7,focus,
Wed Sep 02 2015 11:35:24 GMT+0800 (Malay Peninsula Standard Time),,s7w8,focus,
Wed Sep 02 2015 11:35:24 GMT+0800 (Malay Peninsula Standard Time),,s7w9,focus,
Wed Sep 02 2015 11:35:25 GMT+0800 (Malay Peninsula Standard Time),,s7w10,focus,
Wed Sep 02 2015 11:35:25 GMT+0800 (Malay Peninsula Standard Time),,s7w9,focus,
Wed Sep 02 2015 11:35:26 GMT+0800 (Malay Peninsula Standard Time),,s7w9,label,"^"
Wed Sep 02 2015 11:35:26 GMT+0800 (Malay Peninsula Standard Time),,s7w10,focus,
Wed Sep 02 2015 11:35:26 GMT+0800 (Malay Peninsula Standard Time),,s7w11,focus,
Wed Sep 02 2015 11:35:27 GMT+0800 (Malay Peninsula Standard Time),,s7w12,focus,
Wed Sep 02 2015 11:35:27 GMT+0800 (Malay Peninsula Standard Time),,s7w11,focus,
Wed Sep 02 2015 11:35:28 GMT+0800 (Malay Peninsula Standard Time),,s7w12,focus,
Wed Sep 02 2015 11:35:28 GMT+0800 (Malay Peninsula Standard Time),,s7w13,focus,
Wed Sep 02 2015 11:35:28 GMT+0800 (Malay Peninsula Standard Time),,s7w14,focus,
Wed Sep 02 2015 11:35:28 GMT+0800 (Malay Peninsula Standard Time),,s7w15,focus,
Wed Sep 02 2015 11:35:28 GMT+0800 (Malay Peninsula Standard Time),,s7w16,focus,
Wed Sep 02 2015 11:35:28 GMT+0800 (Malay Peninsula Standard Time),,s7w17,focus,
Wed Sep 02 2015 11:35:29 GMT+0800 (Malay Peninsula Standard Time),,s7w18,focus,
Wed Sep 02 2015 11:35:29 GMT+0800 (Malay Peninsula Standard Time),,s7w19,focus,
Wed Sep 02 2015 11:35:30 GMT+0800 (Malay Peninsula Standard Time),,s7w20,focus,
Wed Sep 02 2015 11:35:30 GMT+0800 (Malay Peninsula Standard Time),,s7w21,focus,
Wed Sep 02 2015 11:35:30 GMT+0800 (Malay Peninsula Standard Time),,s7w22,focus,
Wed Sep 02 2015 11:35:30 GMT+0800 (Malay Peninsula Standard Time),,s7w23,focus,
Wed Sep 02 2015 11:35:30 GMT+0800 (Malay Peninsula Standard Time),,s7w24,focus,
Wed Sep 02 2015 11:35:31 GMT+0800 (Malay Peninsula Standard Time),,s7w25,focus,
Wed Sep 02 2015 11:35:31 GMT+0800 (Malay Peninsula Standard Time),,s7w26,focus,
Wed Sep 02 2015 11:35:31 GMT+0800 (Malay Peninsula Standard Time),,s7w27,focus,
Wed Sep 02 2015 11:35:31 GMT+0800 (Malay Peninsula Standard Time),,s7w28,focus,
Wed Sep 02 2015 11:35:32 GMT+0800 (Malay Peninsula Standard Time),,s7w29,focus,
Wed Sep 02 2015 11:35:32 GMT+0800 (Malay Peninsula Standard Time),,s7w30,focus,
Wed Sep 02 2015 11:35:32 GMT+0800 (Malay Peninsula Standard Time),,s7w31,focus,
Wed Sep 02 2015 11:35:32 GMT+0800 (Malay Peninsula Standard Time),,s7w32,focus,
Wed Sep 02 2015 11:35:33 GMT+0800 (Malay Peninsula Standard Time),,s7w33,focus,
Wed Sep 02 2015 11:35:33 GMT+0800 (Malay Peninsula Standard Time),,s7w32,focus,
Wed Sep 02 2015 11:35:33 GMT+0800 (Malay Peninsula Standard Time),,s7w31,focus,
Wed Sep 02 2015 11:35:33 GMT+0800 (Malay Peninsula Standard Time),,s7w30,focus,
Wed Sep 02 2015 11:35:33 GMT+0800 (Malay Peninsula Standard Time),,s7w31,focus,
Wed Sep 02 2015 11:35:34 GMT+0800 (Malay Peninsula Standard Time),,s7w32,focus,
Wed Sep 02 2015 11:35:34 GMT+0800 (Malay Peninsula Standard Time),,s7w33,focus,
Wed Sep 02 2015 11:35:34 GMT+0800 (Malay Peninsula Standard Time),,s7w34,focus,
Wed Sep 02 2015 11:35:35 GMT+0800 (Malay Peninsula Standard Time),,s7w35,focus,
Wed Sep 02 2015 11:35:36 GMT+0800 (Malay Peninsula Standard Time),,s7w36,focus,
Wed Sep 02 2015 11:35:36 GMT+0800 (Malay Peninsula Standard Time),,s7w37,focus,
Wed Sep 02 2015 11:35:36 GMT+0800 (Malay Peninsula Standard Time),,s7w38,focus,
Wed Sep 02 2015 11:35:36 GMT+0800 (Malay Peninsula Standard Time),,s7w39,focus,
Wed Sep 02 2015 11:35:37 GMT+0800 (Malay Peninsula Standard Time),,s7w40,focus,
Wed Sep 02 2015 11:35:37 GMT+0800 (Malay Peninsula Standard Time),,s7w41,focus,
Wed Sep 02 2015 11:35:37 GMT+0800 (Malay Peninsula Standard Time),,s7w42,focus,
Wed Sep 02 2015 11:35:37 GMT+0800 (Malay Peninsula Standard Time),,s7w43,focus,
Wed Sep 02 2015 11:35:38 GMT+0800 (Malay Peninsula Standard Time),,s7w44,focus,
Wed Sep 02 2015 11:35:38 GMT+0800 (Malay Peninsula Standard Time),,s7w45,focus,
Wed Sep 02 2015 11:35:38 GMT+0800 (Malay Peninsula Standard Time),,s7w46,focus,
Wed Sep 02 2015 11:35:39 GMT+0800 (Malay Peninsula Standard Time),,s7w47,focus,
Wed Sep 02 2015 11:35:39 GMT+0800 (Malay Peninsula Standard Time),,s7w48,focus,
Wed Sep 02 2015 11:35:39 GMT+0800 (Malay Peninsula Standard Time),,s7w49,focus,
Wed Sep 02 2015 11:35:39 GMT+0800 (Malay Peninsula Standard Time),,s7w50,focus,
Wed Sep 02 2015 11:35:40 GMT+0800 (Malay Peninsula Standard Time),,s7w51,focus,
Wed Sep 02 2015 11:35:40 GMT+0800 (Malay Peninsula Standard Time),,s7w52,focus,
Wed Sep 02 2015 11:35:40 GMT+0800 (Malay Peninsula Standard Time),,s7w53,focus,
Wed Sep 02 2015 11:35:41 GMT+0800 (Malay Peninsula Standard Time),,s7w54,focus,
Wed Sep 02 2015 11:35:41 GMT+0800 (Malay Peninsula Standard Time),,s7w55,focus,
Wed Sep 02 2015 11:35:41 GMT+0800 (Malay Peninsula Standard Time),,s7w56,focus,
Wed Sep 02 2015 11:35:41 GMT+0800 (Malay Peninsula Standard Time),,s7w57,focus,
Wed Sep 02 2015 11:35:41 GMT+0800 (Malay Peninsula Standard Time),,s7w58,focus,
Wed Sep 02 2015 11:35:41 GMT+0800 (Malay Peninsula Standard Time),,s7w59,focus,
Wed Sep 02 2015 11:35:42 GMT+0800 (Malay Peninsula Standard Time),,s7w60,focus,
Wed Sep 02 2015 11:35:42 GMT+0800 (Malay Peninsula Standard Time),,s7w61,focus,
Wed Sep 02 2015 11:35:42 GMT+0800 (Malay Peninsula Standard Time),,s7w62,focus,
Wed Sep 02 2015 11:35:42 GMT+0800 (Malay Peninsula Standard Time),,s7w63,focus,
Wed Sep 02 2015 11:35:43 GMT+0800 (Malay Peninsula Standard Time),,s7w64,focus,
Wed Sep 02 2015 11:35:43 GMT+0800 (Malay Peninsula Standard Time),,s7w65,focus,
Wed Sep 02 2015 11:35:43 GMT+0800 (Malay Peninsula Standard Time),,s7w66,focus,
Wed Sep 02 2015 11:35:43 GMT+0800 (Malay Peninsula Standard Time),,s7w67,focus,
Wed Sep 02 2015 11:35:44 GMT+0800 (Malay Peninsula Standard Time),,s7w68,focus,
Wed Sep 02 2015 11:35:44 GMT+0800 (Malay Peninsula Standard Time),,s7w67,focus,
Wed Sep 02 2015 11:35:44 GMT+0800 (Malay Peninsula Standard Time),,s7w66,focus,
Wed Sep 02 2015 11:35:45 GMT+0800 (Malay Peninsula Standard Time),,s7w67,focus,
Wed Sep 02 2015 11:35:46 GMT+0800 (Malay Peninsula Standard Time),,s7w67,label,"^"
Wed Sep 02 2015 11:35:46 GMT+0800 (Malay Peninsula Standard Time),,s7w68,focus,
Wed Sep 02 2015 11:35:46 GMT+0800 (Malay Peninsula Standard Time),,s7w69,focus,
Wed Sep 02 2015 11:35:46 GMT+0800 (Malay Peninsula Standard Time),,s7w70,focus,
Wed Sep 02 2015 11:35:47 GMT+0800 (Malay Peninsula Standard Time),,s7w71,focus,
Wed Sep 02 2015 11:35:47 GMT+0800 (Malay Peninsula Standard Time),,s7w72,focus,
Wed Sep 02 2015 11:35:47 GMT+0800 (Malay Peninsula Standard Time),,s7w73,focus,
Wed Sep 02 2015 11:35:48 GMT+0800 (Malay Peninsula Standard Time),,s7w74,focus,
Wed Sep 02 2015 11:35:48 GMT+0800 (Malay Peninsula Standard Time),,s7w75,focus,
Wed Sep 02 2015 11:35:49 GMT+0800 (Malay Peninsula Standard Time),,s7w76,focus,
Wed Sep 02 2015 11:35:49 GMT+0800 (Malay Peninsula Standard Time),,s7w77,focus,
Wed Sep 02 2015 11:35:49 GMT+0800 (Malay Peninsula Standard Time),,s7w78,focus,
Wed Sep 02 2015 11:35:49 GMT+0800 (Malay Peninsula Standard Time),,s7w79,focus,
Wed Sep 02 2015 11:35:50 GMT+0800 (Malay Peninsula Standard Time),,s7w80,focus,
Wed Sep 02 2015 11:35:50 GMT+0800 (Malay Peninsula Standard Time),,s7w81,focus,
Wed Sep 02 2015 11:35:54 GMT+0800 (Malay Peninsula Standard Time),,s7w82,focus,
Wed Sep 02 2015 11:35:55 GMT+0800 (Malay Peninsula Standard Time),,s7w82,label,"^"
Wed Sep 02 2015 11:35:55 GMT+0800 (Malay Peninsula Standard Time),,s7w83,focus,
Wed Sep 02 2015 11:35:56 GMT+0800 (Malay Peninsula Standard Time),,s7w84,focus,
Wed Sep 02 2015 11:35:56 GMT+0800 (Malay Peninsula Standard Time),,s7w85,focus,
Wed Sep 02 2015 11:35:56 GMT+0800 (Malay Peninsula Standard Time),,s7w86,focus,
Wed Sep 02 2015 11:35:57 GMT+0800 (Malay Peninsula Standard Time),,s7w87,focus,
Wed Sep 02 2015 11:35:57 GMT+0800 (Malay Peninsula Standard Time),,s7w88,focus,
Wed Sep 02 2015 11:35:58 GMT+0800 (Malay Peninsula Standard Time),,s8w1,focus,
Wed Sep 02 2015 11:36:00 GMT+0800 (Malay Peninsula Standard Time),,s8w2,focus,
Wed Sep 02 2015 11:36:00 GMT+0800 (Malay Peninsula Standard Time),,s8w3,focus,
Wed Sep 02 2015 11:36:01 GMT+0800 (Malay Peninsula Standard Time),,s8w4,focus,
Wed Sep 02 2015 11:36:01 GMT+0800 (Malay Peninsula Standard Time),,s8w5,focus,
Wed Sep 02 2015 11:36:01 GMT+0800 (Malay Peninsula Standard Time),,s8w6,focus,
Wed Sep 02 2015 11:36:02 GMT+0800 (Malay Peninsula Standard Time),,s8w7,focus,
Wed Sep 02 2015 11:36:02 GMT+0800 (Malay Peninsula Standard Time),,s8w8,focus,
Wed Sep 02 2015 11:36:06 GMT+0800 (Malay Peninsula Standard Time),,s8w9,focus,
Wed Sep 02 2015 11:36:06 GMT+0800 (Malay Peninsula Standard Time),,s8w10,focus,
Wed Sep 02 2015 11:36:06 GMT+0800 (Malay Peninsula Standard Time),,s8w11,focus,
Wed Sep 02 2015 11:36:07 GMT+0800 (Malay Peninsula Standard Time),,s8w12,focus,
Wed Sep 02 2015 11:36:07 GMT+0800 (Malay Peninsula Standard Time),,s8w13,focus,
Wed Sep 02 2015 11:36:07 GMT+0800 (Malay Peninsula Standard Time),,s8w14,focus,
Wed Sep 02 2015 11:36:08 GMT+0800 (Malay Peninsula Standard Time),,s8w15,focus,
Wed Sep 02 2015 11:36:08 GMT+0800 (Malay Peninsula Standard Time),,s8w16,focus,
Wed Sep 02 2015 11:36:09 GMT+0800 (Malay Peninsula Standard Time),,s8w17,focus,
Wed Sep 02 2015 11:36:09 GMT+0800 (Malay Peninsula Standard Time),,s8w18,focus,
Wed Sep 02 2015 11:36:10 GMT+0800 (Malay Peninsula Standard Time),,s8w19,focus,
Wed Sep 02 2015 11:36:10 GMT+0800 (Malay Peninsula Standard Time),,s8w20,focus,
Wed Sep 02 2015 11:36:10 GMT+0800 (Malay Peninsula Standard Time),,s8w21,focus,
Wed Sep 02 2015 11:36:11 GMT+0800 (Malay Peninsula Standard Time),,s8w22,focus,
Wed Sep 02 2015 11:36:11 GMT+0800 (Malay Peninsula Standard Time),,s8w23,focus,
Wed Sep 02 2015 11:36:11 GMT+0800 (Malay Peninsula Standard Time),,s8w24,focus,
Wed Sep 02 2015 11:36:12 GMT+0800 (Malay Peninsula Standard Time),,s8w25,focus,
Wed Sep 02 2015 11:36:12 GMT+0800 (Malay Peninsula Standard Time),,s8w26,focus,
Wed Sep 02 2015 11:36:12 GMT+0800 (Malay Peninsula Standard Time),,s8w27,focus,
Wed Sep 02 2015 11:36:12 GMT+0800 (Malay Peninsula Standard Time),,s8w28,focus,
Wed Sep 02 2015 11:36:13 GMT+0800 (Malay Peninsula Standard Time),,s8w29,focus,
Wed Sep 02 2015 11:36:13 GMT+0800 (Malay Peninsula Standard Time),,s8w30,focus,
Wed Sep 02 2015 11:36:13 GMT+0800 (Malay Peninsula Standard Time),,s8w31,focus,
Wed Sep 02 2015 11:36:14 GMT+0800 (Malay Peninsula Standard Time),,s8w32,focus,
Wed Sep 02 2015 11:36:14 GMT+0800 (Malay Peninsula Standard Time),,s8w33,focus,
Wed Sep 02 2015 11:36:14 GMT+0800 (Malay Peninsula Standard Time),,s8w34,focus,
Wed Sep 02 2015 11:36:15 GMT+0800 (Malay Peninsula Standard Time),,s8w35,focus,
Wed Sep 02 2015 11:36:15 GMT+0800 (Malay Peninsula Standard Time),,s8w36,focus,
Wed Sep 02 2015 11:36:15 GMT+0800 (Malay Peninsula Standard Time),,s8w37,focus,
Wed Sep 02 2015 11:36:15 GMT+0800 (Malay Peninsula Standard Time),,s8w38,focus,
Wed Sep 02 2015 11:36:16 GMT+0800 (Malay Peninsula Standard Time),,s8w39,focus,
Wed Sep 02 2015 11:36:16 GMT+0800 (Malay Peninsula Standard Time),,s8w40,focus,
Wed Sep 02 2015 11:36:17 GMT+0800 (Malay Peninsula Standard Time),,s8w41,focus,
Wed Sep 02 2015 11:36:19 GMT+0800 (Malay Peninsula Standard Time),,s8w42,focus,
Wed Sep 02 2015 11:36:20 GMT+0800 (Malay Peninsula Standard Time),,s8w43,focus,
Wed Sep 02 2015 11:36:20 GMT+0800 (Malay Peninsula Standard Time),,s8w44,focus,
Wed Sep 02 2015 11:36:21 GMT+0800 (Malay Peninsula Standard Time),,s8w45,focus,
Wed Sep 02 2015 11:36:49 GMT+0800 (Malay Peninsula Standard Time),,s8w46,focus,
Wed Sep 02 2015 11:36:51 GMT+0800 (Malay Peninsula Standard Time),,s8w47,focus,
Wed Sep 02 2015 11:36:51 GMT+0800 (Malay Peninsula Standard Time),,s8w48,focus,
Wed Sep 02 2015 11:36:51 GMT+0800 (Malay Peninsula Standard Time),,s8w49,focus,
Wed Sep 02 2015 11:36:52 GMT+0800 (Malay Peninsula Standard Time),,s8w50,focus,
Wed Sep 02 2015 11:36:52 GMT+0800 (Malay Peninsula Standard Time),,s8w51,focus,
Wed Sep 02 2015 11:36:52 GMT+0800 (Malay Peninsula Standard Time),,s8w52,focus,
Wed Sep 02 2015 11:36:53 GMT+0800 (Malay Peninsula Standard Time),,s8w53,focus,
Wed Sep 02 2015 11:36:54 GMT+0800 (Malay Peninsula Standard Time),,s8w54,focus,
Wed Sep 02 2015 11:36:54 GMT+0800 (Malay Peninsula Standard Time),,s8w55,focus,
Wed Sep 02 2015 11:36:54 GMT+0800 (Malay Peninsula Standard Time),,s8w56,focus,
Wed Sep 02 2015 11:36:55 GMT+0800 (Malay Peninsula Standard Time),,s8w57,focus,
Wed Sep 02 2015 11:36:56 GMT+0800 (Malay Peninsula Standard Time),,s8w58,focus,
Wed Sep 02 2015 11:36:56 GMT+0800 (Malay Peninsula Standard Time),,s8w59,focus,
Wed Sep 02 2015 11:36:57 GMT+0800 (Malay Peninsula Standard Time),,s8w60,focus,
Wed Sep 02 2015 11:36:57 GMT+0800 (Malay Peninsula Standard Time),,s8w61,focus,
Wed Sep 02 2015 11:36:59 GMT+0800 (Malay Peninsula Standard Time),,s8w62,focus,
Wed Sep 02 2015 11:36:59 GMT+0800 (Malay Peninsula Standard Time),,s8w63,focus,
Wed Sep 02 2015 11:36:59 GMT+0800 (Malay Peninsula Standard Time),,s8w64,focus,
Wed Sep 02 2015 11:37:00 GMT+0800 (Malay Peninsula Standard Time),,s8w65,focus,
Wed Sep 02 2015 11:37:01 GMT+0800 (Malay Peninsula Standard Time),,s8w66,focus,
Wed Sep 02 2015 11:37:01 GMT+0800 (Malay Peninsula Standard Time),,s8w67,focus,
Wed Sep 02 2015 11:37:01 GMT+0800 (Malay Peninsula Standard Time),,s8w68,focus,
Wed Sep 02 2015 11:37:02 GMT+0800 (Malay Peninsula Standard Time),,s8w69,focus,
Wed Sep 02 2015 11:37:03 GMT+0800 (Malay Peninsula Standard Time),,s8w70,focus,
Wed Sep 02 2015 11:37:03 GMT+0800 (Malay Peninsula Standard Time),,s8w71,focus,
Wed Sep 02 2015 11:37:03 GMT+0800 (Malay Peninsula Standard Time),,s8w72,focus,
Wed Sep 02 2015 11:37:08 GMT+0800 (Malay Peninsula Standard Time),,s8w73,focus,
Wed Sep 02 2015 11:37:08 GMT+0800 (Malay Peninsula Standard Time),,s8w74,focus,
Wed Sep 02 2015 11:37:09 GMT+0800 (Malay Peninsula Standard Time),,s8w75,focus,
Wed Sep 02 2015 11:37:09 GMT+0800 (Malay Peninsula Standard Time),,s8w76,focus,
Wed Sep 02 2015 11:37:10 GMT+0800 (Malay Peninsula Standard Time),,s8w77,focus,
Wed Sep 02 2015 11:37:10 GMT+0800 (Malay Peninsula Standard Time),,s8w78,focus,
Wed Sep 02 2015 11:37:10 GMT+0800 (Malay Peninsula Standard Time),,s8w79,focus,
Wed Sep 02 2015 11:37:10 GMT+0800 (Malay Peninsula Standard Time),,s8w80,focus,
Wed Sep 02 2015 11:37:11 GMT+0800 (Malay Peninsula Standard Time),,s8w81,focus,
Wed Sep 02 2015 11:37:11 GMT+0800 (Malay Peninsula Standard Time),,s8w82,focus,
Wed Sep 02 2015 11:37:11 GMT+0800 (Malay Peninsula Standard Time),,s8w83,focus,
Wed Sep 02 2015 11:37:11 GMT+0800 (Malay Peninsula Standard Time),,s8w84,focus,
Wed Sep 02 2015 11:37:12 GMT+0800 (Malay Peninsula Standard Time),,s8w85,focus,
Wed Sep 02 2015 11:37:12 GMT+0800 (Malay Peninsula Standard Time),,s8w86,focus,
Wed Sep 02 2015 11:37:13 GMT+0800 (Malay Peninsula Standard Time),,s8w87,focus,
Wed Sep 02 2015 11:37:13 GMT+0800 (Malay Peninsula Standard Time),,s8w88,focus,
Wed Sep 02 2015 11:37:15 GMT+0800 (Malay Peninsula Standard Time),,s8w87,focus,
Wed Sep 02 2015 11:37:18 GMT+0800 (Malay Peninsula Standard Time),,s8w88,focus,
Wed Sep 02 2015 11:37:18 GMT+0800 (Malay Peninsula Standard Time),,s8w89,focus,
Wed Sep 02 2015 11:37:18 GMT+0800 (Malay Peninsula Standard Time),,s8w90,focus,
Wed Sep 02 2015 11:37:20 GMT+0800 (Malay Peninsula Standard Time),,s8w91,focus,
Wed Sep 02 2015 11:37:21 GMT+0800 (Malay Peninsula Standard Time),,s8w92,focus,
Wed Sep 02 2015 11:37:21 GMT+0800 (Malay Peninsula Standard Time),,s8w93,focus,
Wed Sep 02 2015 11:37:22 GMT+0800 (Malay Peninsula Standard Time),,s8w94,focus,
Wed Sep 02 2015 11:37:22 GMT+0800 (Malay Peninsula Standard Time),,s8w95,focus,
Wed Sep 02 2015 11:37:23 GMT+0800 (Malay Peninsula Standard Time),,s8w96,focus,
Wed Sep 02 2015 11:37:23 GMT+0800 (Malay Peninsula Standard Time),,s8w97,focus,
Wed Sep 02 2015 11:37:23 GMT+0800 (Malay Peninsula Standard Time),,s8w98,focus,
Wed Sep 02 2015 11:37:23 GMT+0800 (Malay Peninsula Standard Time),,s8w99,focus,
Wed Sep 02 2015 11:37:24 GMT+0800 (Malay Peninsula Standard Time),,s8w100,focus,
Wed Sep 02 2015 11:37:24 GMT+0800 (Malay Peninsula Standard Time),,s8w101,focus,
Wed Sep 02 2015 11:37:24 GMT+0800 (Malay Peninsula Standard Time),,s8w102,focus,
Wed Sep 02 2015 11:37:24 GMT+0800 (Malay Peninsula Standard Time),,s8w103,focus,
Wed Sep 02 2015 11:37:25 GMT+0800 (Malay Peninsula Standard Time),,s8w104,focus,
Wed Sep 02 2015 11:37:25 GMT+0800 (Malay Peninsula Standard Time),,s8w105,focus,
Wed Sep 02 2015 11:37:26 GMT+0800 (Malay Peninsula Standard Time),,s8w106,focus,
Wed Sep 02 2015 11:37:27 GMT+0800 (Malay Peninsula Standard Time),,s8w107,focus,
Wed Sep 02 2015 11:37:27 GMT+0800 (Malay Peninsula Standard Time),,s8w108,focus,
Wed Sep 02 2015 11:37:27 GMT+0800 (Malay Peninsula Standard Time),,s8w109,focus,
Wed Sep 02 2015 11:37:27 GMT+0800 (Malay Peninsula Standard Time),,s8w110,focus,
Wed Sep 02 2015 11:37:28 GMT+0800 (Malay Peninsula Standard Time),,s8w111,focus,
Wed Sep 02 2015 11:37:28 GMT+0800 (Malay Peninsula Standard Time),,s8w112,focus,
Wed Sep 02 2015 11:37:28 GMT+0800 (Malay Peninsula Standard Time),,s8w113,focus,
Wed Sep 02 2015 11:37:28 GMT+0800 (Malay Peninsula Standard Time),,s8w114,focus,
Wed Sep 02 2015 11:37:29 GMT+0800 (Malay Peninsula Standard Time),,s8w115,focus,
Wed Sep 02 2015 11:37:29 GMT+0800 (Malay Peninsula Standard Time),,s8w116,focus,
Wed Sep 02 2015 11:37:29 GMT+0800 (Malay Peninsula Standard Time),,s8w117,focus,
Wed Sep 02 2015 11:37:30 GMT+0800 (Malay Peninsula Standard Time),,s8w118,focus,
Wed Sep 02 2015 11:37:30 GMT+0800 (Malay Peninsula Standard Time),,s8w119,focus,
Wed Sep 02 2015 11:37:32 GMT+0800 (Malay Peninsula Standard Time),,s8w120,focus,
Wed Sep 02 2015 11:37:32 GMT+0800 (Malay Peninsula Standard Time),,s8w121,focus,
Wed Sep 02 2015 11:37:32 GMT+0800 (Malay Peninsula Standard Time),,s8w122,focus,
Wed Sep 02 2015 11:37:33 GMT+0800 (Malay Peninsula Standard Time),,s8w123,focus,
Wed Sep 02 2015 11:37:33 GMT+0800 (Malay Peninsula Standard Time),,s8w124,focus,
Wed Sep 02 2015 11:37:36 GMT+0800 (Malay Peninsula Standard Time),,s8w123,focus,
Wed Sep 02 2015 11:37:36 GMT+0800 (Malay Peninsula Standard Time),,s8w124,focus,
Wed Sep 02 2015 11:37:37 GMT+0800 (Malay Peninsula Standard Time),,s8w125,focus,
Wed Sep 02 2015 11:37:37 GMT+0800 (Malay Peninsula Standard Time),,s8w126,focus,
Wed Sep 02 2015 11:37:37 GMT+0800 (Malay Peninsula Standard Time),,s8w127,focus,
Wed Sep 02 2015 11:37:38 GMT+0800 (Malay Peninsula Standard Time),,s8w128,focus,
Wed Sep 02 2015 11:37:38 GMT+0800 (Malay Peninsula Standard Time),,s8w129,focus,
Wed Sep 02 2015 11:37:38 GMT+0800 (Malay Peninsula Standard Time),,s8w130,focus,
Wed Sep 02 2015 11:37:39 GMT+0800 (Malay Peninsula Standard Time),,s8w131,focus,
Wed Sep 02 2015 11:37:39 GMT+0800 (Malay Peninsula Standard Time),,s8w132,focus,
Wed Sep 02 2015 11:37:39 GMT+0800 (Malay Peninsula Standard Time),,s8w133,focus,
Wed Sep 02 2015 11:37:39 GMT+0800 (Malay Peninsula Standard Time),,s8w134,focus,
Wed Sep 02 2015 11:37:40 GMT+0800 (Malay Peninsula Standard Time),,s8w135,focus,
Wed Sep 02 2015 11:37:40 GMT+0800 (Malay Peninsula Standard Time),,s8w136,focus,
Wed Sep 02 2015 11:37:41 GMT+0800 (Malay Peninsula Standard Time),,s8w137,focus,
Wed Sep 02 2015 11:37:41 GMT+0800 (Malay Peninsula Standard Time),,s8w138,focus,
Wed Sep 02 2015 11:37:41 GMT+0800 (Malay Peninsula Standard Time),,s8w139,focus,
Wed Sep 02 2015 11:37:41 GMT+0800 (Malay Peninsula Standard Time),,s8w140,focus,
Wed Sep 02 2015 11:37:42 GMT+0800 (Malay Peninsula Standard Time),,s8w141,focus,
Wed Sep 02 2015 11:37:42 GMT+0800 (Malay Peninsula Standard Time),,s8w142,focus,
Wed Sep 02 2015 11:37:43 GMT+0800 (Malay Peninsula Standard Time),,s8w143,focus,
Wed Sep 02 2015 11:37:43 GMT+0800 (Malay Peninsula Standard Time),,s8w144,focus,
Wed Sep 02 2015 11:37:44 GMT+0800 (Malay Peninsula Standard Time),,s8w145,focus,
Wed Sep 02 2015 11:37:44 GMT+0800 (Malay Peninsula Standard Time),,s8w146,focus,
Wed Sep 02 2015 11:37:44 GMT+0800 (Malay Peninsula Standard Time),,s8w147,focus,
Wed Sep 02 2015 11:37:44 GMT+0800 (Malay Peninsula Standard Time),,s8w148,focus,
Wed Sep 02 2015 11:37:45 GMT+0800 (Malay Peninsula Standard Time),,s8w149,focus,
Wed Sep 02 2015 11:37:45 GMT+0800 (Malay Peninsula Standard Time),,s8w148,focus,
Wed Sep 02 2015 11:37:46 GMT+0800 (Malay Peninsula Standard Time),,s8w149,focus,
Wed Sep 02 2015 11:37:46 GMT+0800 (Malay Peninsula Standard Time),,s9w1,focus,
Wed Sep 02 2015 11:37:46 GMT+0800 (Malay Peninsula Standard Time),,s9w2,focus,
Wed Sep 02 2015 11:37:48 GMT+0800 (Malay Peninsula Standard Time),,s9w3,focus,
Wed Sep 02 2015 11:37:48 GMT+0800 (Malay Peninsula Standard Time),,s9w4,focus,
Wed Sep 02 2015 11:37:49 GMT+0800 (Malay Peninsula Standard Time),,s9w5,focus,
Wed Sep 02 2015 11:37:49 GMT+0800 (Malay Peninsula Standard Time),,s9w6,focus,
Wed Sep 02 2015 11:37:49 GMT+0800 (Malay Peninsula Standard Time),,s9w7,focus,
Wed Sep 02 2015 11:37:50 GMT+0800 (Malay Peninsula Standard Time),,s9w8,focus,
Wed Sep 02 2015 11:37:50 GMT+0800 (Malay Peninsula Standard Time),,s9w9,focus,
Wed Sep 02 2015 11:37:50 GMT+0800 (Malay Peninsula Standard Time),,s9w10,focus,
Wed Sep 02 2015 11:37:50 GMT+0800 (Malay Peninsula Standard Time),,s9w11,focus,
Wed Sep 02 2015 11:37:51 GMT+0800 (Malay Peninsula Standard Time),,s9w12,focus,
Wed Sep 02 2015 11:37:51 GMT+0800 (Malay Peninsula Standard Time),,s9w13,focus,
Wed Sep 02 2015 11:37:51 GMT+0800 (Malay Peninsula Standard Time),,s9w14,focus,
Wed Sep 02 2015 11:37:51 GMT+0800 (Malay Peninsula Standard Time),,s9w15,focus,
Wed Sep 02 2015 11:37:51 GMT+0800 (Malay Peninsula Standard Time),,s9w16,focus,
Wed Sep 02 2015 11:37:52 GMT+0800 (Malay Peninsula Standard Time),,s9w17,focus,
Wed Sep 02 2015 11:37:52 GMT+0800 (Malay Peninsula Standard Time),,s9w18,focus,
Wed Sep 02 2015 11:37:52 GMT+0800 (Malay Peninsula Standard Time),,s9w19,focus,
Wed Sep 02 2015 11:37:52 GMT+0800 (Malay Peninsula Standard Time),,s9w20,focus,
Wed Sep 02 2015 11:37:53 GMT+0800 (Malay Peninsula Standard Time),,s9w21,focus,
Wed Sep 02 2015 11:37:53 GMT+0800 (Malay Peninsula Standard Time),,s9w22,focus,
Wed Sep 02 2015 11:37:54 GMT+0800 (Malay Peninsula Standard Time),,s9w23,focus,
Wed Sep 02 2015 11:37:54 GMT+0800 (Malay Peninsula Standard Time),,s9w24,focus,
Wed Sep 02 2015 11:37:54 GMT+0800 (Malay Peninsula Standard Time),,s9w25,focus,
Wed Sep 02 2015 11:37:54 GMT+0800 (Malay Peninsula Standard Time),,s9w26,focus,
Wed Sep 02 2015 11:37:55 GMT+0800 (Malay Peninsula Standard Time),,s9w27,focus,
Wed Sep 02 2015 11:37:55 GMT+0800 (Malay Peninsula Standard Time),,s9w28,focus,
Wed Sep 02 2015 11:37:55 GMT+0800 (Malay Peninsula Standard Time),,s9w29,focus,
Wed Sep 02 2015 11:37:55 GMT+0800 (Malay Peninsula Standard Time),,s9w30,focus,
Wed Sep 02 2015 11:37:56 GMT+0800 (Malay Peninsula Standard Time),,s9w31,focus,
Wed Sep 02 2015 11:37:56 GMT+0800 (Malay Peninsula Standard Time),,s9w32,focus,
Wed Sep 02 2015 11:37:56 GMT+0800 (Malay Peninsula Standard Time),,s9w33,focus,
Wed Sep 02 2015 11:37:58 GMT+0800 (Malay Peninsula Standard Time),,s9w34,focus,
Wed Sep 02 2015 11:37:58 GMT+0800 (Malay Peninsula Standard Time),,s9w35,focus,
Wed Sep 02 2015 11:37:58 GMT+0800 (Malay Peninsula Standard Time),,s9w36,focus,
Wed Sep 02 2015 11:37:58 GMT+0800 (Malay Peninsula Standard Time),,s9w37,focus,
Wed Sep 02 2015 11:37:59 GMT+0800 (Malay Peninsula Standard Time),,s9w38,focus,
Wed Sep 02 2015 11:37:59 GMT+0800 (Malay Peninsula Standard Time),,s9w39,focus,
Wed Sep 02 2015 11:37:59 GMT+0800 (Malay Peninsula Standard Time),,s9w40,focus,
Wed Sep 02 2015 11:37:59 GMT+0800 (Malay Peninsula Standard Time),,s9w41,focus,
Wed Sep 02 2015 11:38:00 GMT+0800 (Malay Peninsula Standard Time),,s9w42,focus,
Wed Sep 02 2015 11:38:00 GMT+0800 (Malay Peninsula Standard Time),,s9w43,focus,
Wed Sep 02 2015 11:38:00 GMT+0800 (Malay Peninsula Standard Time),,s10w1,focus,
Wed Sep 02 2015 11:38:00 GMT+0800 (Malay Peninsula Standard Time),,s10w2,focus,
Wed Sep 02 2015 11:38:01 GMT+0800 (Malay Peninsula Standard Time),,s10w3,focus,
Wed Sep 02 2015 11:38:01 GMT+0800 (Malay Peninsula Standard Time),,s10w4,focus,
Wed Sep 02 2015 11:38:01 GMT+0800 (Malay Peninsula Standard Time),,s10w5,focus,
Wed Sep 02 2015 11:38:02 GMT+0800 (Malay Peninsula Standard Time),,s10w6,focus,
Wed Sep 02 2015 11:38:02 GMT+0800 (Malay Peninsula Standard Time),,s10w7,focus,
Wed Sep 02 2015 11:38:02 GMT+0800 (Malay Peninsula Standard Time),,s10w8,focus,
Wed Sep 02 2015 11:38:03 GMT+0800 (Malay Peninsula Standard Time),,s10w9,focus,
Wed Sep 02 2015 11:38:03 GMT+0800 (Malay Peninsula Standard Time),,s10w10,focus,
Wed Sep 02 2015 11:38:03 GMT+0800 (Malay Peninsula Standard Time),,s10w11,focus,
Wed Sep 02 2015 11:38:03 GMT+0800 (Malay Peninsula Standard Time),,s10w12,focus,
Wed Sep 02 2015 11:38:03 GMT+0800 (Malay Peninsula Standard Time),,s10w13,focus,
Wed Sep 02 2015 11:38:04 GMT+0800 (Malay Peninsula Standard Time),,s10w14,focus,
Wed Sep 02 2015 11:38:04 GMT+0800 (Malay Peninsula Standard Time),,s10w15,focus,
Wed Sep 02 2015 11:38:04 GMT+0800 (Malay Peninsula Standard Time),,s10w16,focus,
Wed Sep 02 2015 11:38:04 GMT+0800 (Malay Peninsula Standard Time),,s10w17,focus,
Wed Sep 02 2015 11:38:05 GMT+0800 (Malay Peninsula Standard Time),,s10w18,focus,
Wed Sep 02 2015 11:38:05 GMT+0800 (Malay Peninsula Standard Time),,s10w19,focus,
Wed Sep 02 2015 11:38:05 GMT+0800 (Malay Peninsula Standard Time),,s10w20,focus,
Wed Sep 02 2015 11:38:06 GMT+0800 (Malay Peninsula Standard Time),,s10w21,focus,
Wed Sep 02 2015 11:38:06 GMT+0800 (Malay Peninsula Standard Time),,s10w22,focus,
Wed Sep 02 2015 11:38:06 GMT+0800 (Malay Peninsula Standard Time),,s10w23,focus,
Wed Sep 02 2015 11:38:07 GMT+0800 (Malay Peninsula Standard Time),,s10w24,focus,
Wed Sep 02 2015 11:38:19 GMT+0800 (Malay Peninsula Standard Time),,s10w25,focus,
Wed Sep 02 2015 11:38:20 GMT+0800 (Malay Peninsula Standard Time),,s10w26,focus,
Wed Sep 02 2015 11:38:20 GMT+0800 (Malay Peninsula Standard Time),,s10w27,focus,
Wed Sep 02 2015 11:38:21 GMT+0800 (Malay Peninsula Standard Time),,s10w28,focus,
Wed Sep 02 2015 11:38:21 GMT+0800 (Malay Peninsula Standard Time),,s10w29,focus,
Wed Sep 02 2015 11:38:22 GMT+0800 (Malay Peninsula Standard Time),,s10w30,focus,
Wed Sep 02 2015 11:38:22 GMT+0800 (Malay Peninsula Standard Time),,s10w31,focus,
Wed Sep 02 2015 11:38:22 GMT+0800 (Malay Peninsula Standard Time),,s10w32,focus,
Wed Sep 02 2015 11:38:22 GMT+0800 (Malay Peninsula Standard Time),,s10w33,focus,
Wed Sep 02 2015 11:38:23 GMT+0800 (Malay Peninsula Standard Time),,s10w34,focus,
Wed Sep 02 2015 11:38:23 GMT+0800 (Malay Peninsula Standard Time),,s10w35,focus,
Wed Sep 02 2015 11:38:24 GMT+0800 (Malay Peninsula Standard Time),,s10w36,focus,
Wed Sep 02 2015 11:38:24 GMT+0800 (Malay Peninsula Standard Time),,s10w37,focus,
Wed Sep 02 2015 11:38:24 GMT+0800 (Malay Peninsula Standard Time),,s10w38,focus,
Wed Sep 02 2015 11:38:25 GMT+0800 (Malay Peninsula Standard Time),,s10w39,focus,
Wed Sep 02 2015 11:38:25 GMT+0800 (Malay Peninsula Standard Time),,s10w40,focus,
Wed Sep 02 2015 11:38:25 GMT+0800 (Malay Peninsula Standard Time),,s10w41,focus,
Wed Sep 02 2015 11:38:25 GMT+0800 (Malay Peninsula Standard Time),,s10w42,focus,
Wed Sep 02 2015 11:38:26 GMT+0800 (Malay Peninsula Standard Time),,s10w43,focus,
Wed Sep 02 2015 11:38:26 GMT+0800 (Malay Peninsula Standard Time),,s10w44,focus,
Wed Sep 02 2015 11:38:27 GMT+0800 (Malay Peninsula Standard Time),,s10w45,focus,
Wed Sep 02 2015 11:38:28 GMT+0800 (Malay Peninsula Standard Time),,s10w46,focus,
Wed Sep 02 2015 11:38:28 GMT+0800 (Malay Peninsula Standard Time),,s10w47,focus,
Wed Sep 02 2015 11:38:29 GMT+0800 (Malay Peninsula Standard Time),,s10w48,focus,
Wed Sep 02 2015 11:38:29 GMT+0800 (Malay Peninsula Standard Time),,s10w49,focus,
Wed Sep 02 2015 11:38:30 GMT+0800 (Malay Peninsula Standard Time),,s10w50,focus,
Wed Sep 02 2015 11:38:30 GMT+0800 (Malay Peninsula Standard Time),,s10w51,focus,
Wed Sep 02 2015 11:38:30 GMT+0800 (Malay Peninsula Standard Time),,s10w52,focus,
Wed Sep 02 2015 11:38:31 GMT+0800 (Malay Peninsula Standard Time),,s10w53,focus,
Wed Sep 02 2015 11:38:31 GMT+0800 (Malay Peninsula Standard Time),,s10w54,focus,
Wed Sep 02 2015 11:38:31 GMT+0800 (Malay Peninsula Standard Time),,s10w55,focus,
Wed Sep 02 2015 11:38:31 GMT+0800 (Malay Peninsula Standard Time),,s10w56,focus,
Wed Sep 02 2015 11:38:31 GMT+0800 (Malay Peninsula Standard Time),,s10w57,focus,
Wed Sep 02 2015 11:38:32 GMT+0800 (Malay Peninsula Standard Time),,s10w58,focus,
Wed Sep 02 2015 11:38:32 GMT+0800 (Malay Peninsula Standard Time),,s10w59,focus,
Wed Sep 02 2015 11:38:32 GMT+0800 (Malay Peninsula Standard Time),,s11w1,focus,
Wed Sep 02 2015 11:38:32 GMT+0800 (Malay Peninsula Standard Time),,s11w2,focus,
Wed Sep 02 2015 11:38:33 GMT+0800 (Malay Peninsula Standard Time),,s11w3,focus,
Wed Sep 02 2015 11:38:33 GMT+0800 (Malay Peninsula Standard Time),,s11w4,focus,
Wed Sep 02 2015 11:38:33 GMT+0800 (Malay Peninsula Standard Time),,s11w5,focus,
Wed Sep 02 2015 11:38:33 GMT+0800 (Malay Peninsula Standard Time),,s11w6,focus,
Wed Sep 02 2015 11:38:33 GMT+0800 (Malay Peninsula Standard Time),,s11w7,focus,
Wed Sep 02 2015 11:38:34 GMT+0800 (Malay Peninsula Standard Time),,s11w8,focus,
Wed Sep 02 2015 11:38:34 GMT+0800 (Malay Peninsula Standard Time),,s11w9,focus,
Wed Sep 02 2015 11:38:34 GMT+0800 (Malay Peninsula Standard Time),,s11w10,focus,
Wed Sep 02 2015 11:38:34 GMT+0800 (Malay Peninsula Standard Time),,s11w11,focus,
Wed Sep 02 2015 11:38:34 GMT+0800 (Malay Peninsula Standard Time),,s11w12,focus,
Wed Sep 02 2015 11:38:35 GMT+0800 (Malay Peninsula Standard Time),,s11w13,focus,
Wed Sep 02 2015 11:38:35 GMT+0800 (Malay Peninsula Standard Time),,s11w14,focus,
Wed Sep 02 2015 11:38:35 GMT+0800 (Malay Peninsula Standard Time),,s11w15,focus,
Wed Sep 02 2015 11:38:35 GMT+0800 (Malay Peninsula Standard Time),,s11w16,focus,
Wed Sep 02 2015 11:38:36 GMT+0800 (Malay Peninsula Standard Time),,s11w15,focus,
Wed Sep 02 2015 11:38:36 GMT+0800 (Malay Peninsula Standard Time),,s11w14,focus,
Wed Sep 02 2015 11:38:38 GMT+0800 (Malay Peninsula Standard Time),,s11w14,label,"V"
Wed Sep 02 2015 11:38:38 GMT+0800 (Malay Peninsula Standard Time),,s11w15,focus,
Wed Sep 02 2015 11:38:38 GMT+0800 (Malay Peninsula Standard Time),,s11w16,focus,
Wed Sep 02 2015 11:38:38 GMT+0800 (Malay Peninsula Standard Time),,s11w17,focus,
Wed Sep 02 2015 11:38:39 GMT+0800 (Malay Peninsula Standard Time),,s11w18,focus,
Wed Sep 02 2015 11:38:39 GMT+0800 (Malay Peninsula Standard Time),,s11w19,focus,
Wed Sep 02 2015 11:38:39 GMT+0800 (Malay Peninsula Standard Time),,s11w20,focus,
Wed Sep 02 2015 11:38:40 GMT+0800 (Malay Peninsula Standard Time),,s11w21,focus,
Wed Sep 02 2015 11:38:40 GMT+0800 (Malay Peninsula Standard Time),,s11w22,focus,
Wed Sep 02 2015 11:38:40 GMT+0800 (Malay Peninsula Standard Time),,s11w23,focus,
Wed Sep 02 2015 11:38:42 GMT+0800 (Malay Peninsula Standard Time),,s11w23,label,"^"
Wed Sep 02 2015 11:38:42 GMT+0800 (Malay Peninsula Standard Time),,s11w24,focus,
Wed Sep 02 2015 11:38:42 GMT+0800 (Malay Peninsula Standard Time),,s11w25,focus,
Wed Sep 02 2015 11:38:43 GMT+0800 (Malay Peninsula Standard Time),,s11w26,focus,
Wed Sep 02 2015 11:38:43 GMT+0800 (Malay Peninsula Standard Time),,s11w27,focus,
Wed Sep 02 2015 11:38:43 GMT+0800 (Malay Peninsula Standard Time),,s11w28,focus,
Wed Sep 02 2015 11:38:43 GMT+0800 (Malay Peninsula Standard Time),,s11w29,focus,
Wed Sep 02 2015 11:38:44 GMT+0800 (Malay Peninsula Standard Time),,s11w30,focus,
Wed Sep 02 2015 11:38:44 GMT+0800 (Malay Peninsula Standard Time),,s11w31,focus,
Wed Sep 02 2015 11:38:44 GMT+0800 (Malay Peninsula Standard Time),,s11w32,focus,
Wed Sep 02 2015 11:38:44 GMT+0800 (Malay Peninsula Standard Time),,s11w33,focus,
Wed Sep 02 2015 11:38:45 GMT+0800 (Malay Peninsula Standard Time),,s11w34,focus,
Wed Sep 02 2015 11:38:45 GMT+0800 (Malay Peninsula Standard Time),,s11w35,focus,
Wed Sep 02 2015 11:38:45 GMT+0800 (Malay Peninsula Standard Time),,s11w36,focus,
Wed Sep 02 2015 11:38:46 GMT+0800 (Malay Peninsula Standard Time),,s11w37,focus,
Wed Sep 02 2015 11:38:46 GMT+0800 (Malay Peninsula Standard Time),,s11w38,focus,
Wed Sep 02 2015 11:38:46 GMT+0800 (Malay Peninsula Standard Time),,s11w39,focus,
Wed Sep 02 2015 11:38:46 GMT+0800 (Malay Peninsula Standard Time),,s11w40,focus,
Wed Sep 02 2015 11:38:47 GMT+0800 (Malay Peninsula Standard Time),,s11w41,focus,
Wed Sep 02 2015 11:38:47 GMT+0800 (Malay Peninsula Standard Time),,s11w42,focus,
Wed Sep 02 2015 11:38:48 GMT+0800 (Malay Peninsula Standard Time),,s11w41,focus,
Wed Sep 02 2015 11:38:48 GMT+0800 (Malay Peninsula Standard Time),,s11w40,focus,
Wed Sep 02 2015 11:38:49 GMT+0800 (Malay Peninsula Standard Time),,s11w40,label,"^"
Wed Sep 02 2015 11:38:49 GMT+0800 (Malay Peninsula Standard Time),,s11w41,focus,
Wed Sep 02 2015 11:38:49 GMT+0800 (Malay Peninsula Standard Time),,s11w42,focus,
Wed Sep 02 2015 11:38:50 GMT+0800 (Malay Peninsula Standard Time),,s11w43,focus,
Wed Sep 02 2015 11:38:51 GMT+0800 (Malay Peninsula Standard Time),,s11w43,label,"^"
Wed Sep 02 2015 11:38:51 GMT+0800 (Malay Peninsula Standard Time),,s11w44,focus,
Wed Sep 02 2015 11:38:51 GMT+0800 (Malay Peninsula Standard Time),,s11w45,focus,
Wed Sep 02 2015 11:38:52 GMT+0800 (Malay Peninsula Standard Time),,s11w46,focus,
Wed Sep 02 2015 11:38:52 GMT+0800 (Malay Peninsula Standard Time),,s11w47,focus,
Wed Sep 02 2015 11:38:52 GMT+0800 (Malay Peninsula Standard Time),,s11w48,focus,
Wed Sep 02 2015 11:38:53 GMT+0800 (Malay Peninsula Standard Time),,s11w49,focus,
Wed Sep 02 2015 11:38:53 GMT+0800 (Malay Peninsula Standard Time),,s11w50,focus,
Wed Sep 02 2015 11:38:53 GMT+0800 (Malay Peninsula Standard Time),,s11w51,focus,
Wed Sep 02 2015 11:38:54 GMT+0800 (Malay Peninsula Standard Time),,s11w52,focus,
Wed Sep 02 2015 11:38:54 GMT+0800 (Malay Peninsula Standard Time),,s11w53,focus,
Wed Sep 02 2015 11:38:54 GMT+0800 (Malay Peninsula Standard Time),,s11w54,focus,
Wed Sep 02 2015 11:38:56 GMT+0800 (Malay Peninsula Standard Time),,s11w55,focus,
Wed Sep 02 2015 11:38:56 GMT+0800 (Malay Peninsula Standard Time),,s11w56,focus,
Wed Sep 02 2015 11:38:57 GMT+0800 (Malay Peninsula Standard Time),,s11w55,focus,
Wed Sep 02 2015 11:38:58 GMT+0800 (Malay Peninsula Standard Time),,s11w54,focus,
Wed Sep 02 2015 11:38:58 GMT+0800 (Malay Peninsula Standard Time),,s11w53,focus,
Wed Sep 02 2015 11:38:58 GMT+0800 (Malay Peninsula Standard Time),,s11w52,focus,
Wed Sep 02 2015 11:39:02 GMT+0800 (Malay Peninsula Standard Time),,s11w52,label,"N"
Wed Sep 02 2015 11:39:03 GMT+0800 (Malay Peninsula Standard Time),,s11w53,focus,
Wed Sep 02 2015 11:39:03 GMT+0800 (Malay Peninsula Standard Time),,s11w54,focus,
Wed Sep 02 2015 11:39:03 GMT+0800 (Malay Peninsula Standard Time),,s11w55,focus,
Wed Sep 02 2015 11:39:03 GMT+0800 (Malay Peninsula Standard Time),,s11w56,focus,
Wed Sep 02 2015 11:39:03 GMT+0800 (Malay Peninsula Standard Time),,s11w57,focus,
Wed Sep 02 2015 11:39:04 GMT+0800 (Malay Peninsula Standard Time),,s11w58,focus,
Wed Sep 02 2015 11:39:04 GMT+0800 (Malay Peninsula Standard Time),,s11w59,focus,
Wed Sep 02 2015 11:39:05 GMT+0800 (Malay Peninsula Standard Time),,s11w60,focus,
Wed Sep 02 2015 11:39:05 GMT+0800 (Malay Peninsula Standard Time),,s11w61,focus,
Wed Sep 02 2015 11:39:06 GMT+0800 (Malay Peninsula Standard Time),,s11w62,focus,
Wed Sep 02 2015 11:39:06 GMT+0800 (Malay Peninsula Standard Time),,s11w63,focus,
Wed Sep 02 2015 11:39:06 GMT+0800 (Malay Peninsula Standard Time),,s11w64,focus,
Wed Sep 02 2015 11:39:06 GMT+0800 (Malay Peninsula Standard Time),,s11w65,focus,
Wed Sep 02 2015 11:39:07 GMT+0800 (Malay Peninsula Standard Time),,s11w66,focus,
Wed Sep 02 2015 11:39:07 GMT+0800 (Malay Peninsula Standard Time),,s11w67,focus,
Wed Sep 02 2015 11:39:07 GMT+0800 (Malay Peninsula Standard Time),,s11w68,focus,
Wed Sep 02 2015 11:39:07 GMT+0800 (Malay Peninsula Standard Time),,s11w69,focus,
Wed Sep 02 2015 11:39:08 GMT+0800 (Malay Peninsula Standard Time),,s11w70,focus,
Wed Sep 02 2015 11:39:08 GMT+0800 (Malay Peninsula Standard Time),,s11w71,focus,
Wed Sep 02 2015 11:39:08 GMT+0800 (Malay Peninsula Standard Time),,s11w72,focus,
Wed Sep 02 2015 11:39:08 GMT+0800 (Malay Peninsula Standard Time),,s11w73,focus,
Wed Sep 02 2015 11:39:08 GMT+0800 (Malay Peninsula Standard Time),,s11w74,focus,
Wed Sep 02 2015 11:39:08 GMT+0800 (Malay Peninsula Standard Time),,s11w75,focus,
Wed Sep 02 2015 11:39:09 GMT+0800 (Malay Peninsula Standard Time),,s11w76,focus,
Wed Sep 02 2015 11:39:09 GMT+0800 (Malay Peninsula Standard Time),,s11w77,focus,
Wed Sep 02 2015 11:39:09 GMT+0800 (Malay Peninsula Standard Time),,s11w78,focus,
Wed Sep 02 2015 11:39:09 GMT+0800 (Malay Peninsula Standard Time),,s11w79,focus,
Wed Sep 02 2015 11:39:09 GMT+0800 (Malay Peninsula Standard Time),,s11w80,focus,
Wed Sep 02 2015 11:39:10 GMT+0800 (Malay Peninsula Standard Time),,s11w81,focus,
Wed Sep 02 2015 11:39:10 GMT+0800 (Malay Peninsula Standard Time),,s11w80,focus,
Wed Sep 02 2015 11:39:10 GMT+0800 (Malay Peninsula Standard Time),,s11w79,focus,
Wed Sep 02 2015 11:39:11 GMT+0800 (Malay Peninsula Standard Time),,s11w78,focus,
Wed Sep 02 2015 11:39:12 GMT+0800 (Malay Peninsula Standard Time),,s11w78,label,"^"
Wed Sep 02 2015 11:39:12 GMT+0800 (Malay Peninsula Standard Time),,s11w79,focus,
Wed Sep 02 2015 11:39:12 GMT+0800 (Malay Peninsula Standard Time),,s11w80,focus,
Wed Sep 02 2015 11:39:12 GMT+0800 (Malay Peninsula Standard Time),,s11w81,focus,
Wed Sep 02 2015 11:39:12 GMT+0800 (Malay Peninsula Standard Time),,s11w82,focus,
Wed Sep 02 2015 11:39:13 GMT+0800 (Malay Peninsula Standard Time),,s11w83,focus,
Wed Sep 02 2015 11:39:13 GMT+0800 (Malay Peninsula Standard Time),,s11w84,focus,
Wed Sep 02 2015 11:39:15 GMT+0800 (Malay Peninsula Standard Time),,s11w85,focus,
Wed Sep 02 2015 11:39:15 GMT+0800 (Malay Peninsula Standard Time),,s11w86,focus,
Wed Sep 02 2015 11:39:15 GMT+0800 (Malay Peninsula Standard Time),,s11w87,focus,
Wed Sep 02 2015 11:39:15 GMT+0800 (Malay Peninsula Standard Time),,s11w88,focus,
Wed Sep 02 2015 11:39:16 GMT+0800 (Malay Peninsula Standard Time),,s11w89,focus,
Wed Sep 02 2015 11:39:16 GMT+0800 (Malay Peninsula Standard Time),,s11w90,focus,
Wed Sep 02 2015 11:39:16 GMT+0800 (Malay Peninsula Standard Time),,s11w91,focus,
Wed Sep 02 2015 11:39:17 GMT+0800 (Malay Peninsula Standard Time),,s11w92,focus,
Wed Sep 02 2015 11:39:17 GMT+0800 (Malay Peninsula Standard Time),,s11w93,focus,
Wed Sep 02 2015 11:39:17 GMT+0800 (Malay Peninsula Standard Time),,s11w94,focus,
Wed Sep 02 2015 11:39:17 GMT+0800 (Malay Peninsula Standard Time),,s11w95,focus,
Wed Sep 02 2015 11:39:17 GMT+0800 (Malay Peninsula Standard Time),,s11w96,focus,
Wed Sep 02 2015 11:39:18 GMT+0800 (Malay Peninsula Standard Time),,s11w97,focus,
Wed Sep 02 2015 11:39:18 GMT+0800 (Malay Peninsula Standard Time),,s11w98,focus,
Wed Sep 02 2015 11:39:18 GMT+0800 (Malay Peninsula Standard Time),,s11w99,focus,
Wed Sep 02 2015 11:39:18 GMT+0800 (Malay Peninsula Standard Time),,s11w100,focus,
Wed Sep 02 2015 11:39:18 GMT+0800 (Malay Peninsula Standard Time),,s11w101,focus,
Wed Sep 02 2015 11:39:19 GMT+0800 (Malay Peninsula Standard Time),,s11w102,focus,
Wed Sep 02 2015 11:39:19 GMT+0800 (Malay Peninsula Standard Time),,s11w103,focus,
Wed Sep 02 2015 11:39:19 GMT+0800 (Malay Peninsula Standard Time),,s11w104,focus,
Wed Sep 02 2015 11:39:20 GMT+0800 (Malay Peninsula Standard Time),,s11w105,focus,
Wed Sep 02 2015 11:39:20 GMT+0800 (Malay Peninsula Standard Time),,s11w106,focus,
Wed Sep 02 2015 11:39:21 GMT+0800 (Malay Peninsula Standard Time),,s11w105,focus,
Wed Sep 02 2015 11:39:21 GMT+0800 (Malay Peninsula Standard Time),,s11w104,focus,
Wed Sep 02 2015 11:39:21 GMT+0800 (Malay Peninsula Standard Time),,s11w103,focus,
Wed Sep 02 2015 11:39:21 GMT+0800 (Malay Peninsula Standard Time),,s11w102,focus,
Wed Sep 02 2015 11:39:22 GMT+0800 (Malay Peninsula Standard Time),,s11w102,label,"N"
Wed Sep 02 2015 11:39:22 GMT+0800 (Malay Peninsula Standard Time),,s11w103,focus,
Wed Sep 02 2015 11:39:23 GMT+0800 (Malay Peninsula Standard Time),,s11w104,focus,
Wed Sep 02 2015 11:39:23 GMT+0800 (Malay Peninsula Standard Time),,s11w105,focus,
Wed Sep 02 2015 11:39:23 GMT+0800 (Malay Peninsula Standard Time),,s11w106,focus,
Wed Sep 02 2015 11:39:23 GMT+0800 (Malay Peninsula Standard Time),,s11w107,focus,
Wed Sep 02 2015 11:39:24 GMT+0800 (Malay Peninsula Standard Time),,s11w108,focus,
Wed Sep 02 2015 11:39:24 GMT+0800 (Malay Peninsula Standard Time),,s11w109,focus,
Wed Sep 02 2015 11:39:24 GMT+0800 (Malay Peninsula Standard Time),,s11w110,focus,
Wed Sep 02 2015 11:39:25 GMT+0800 (Malay Peninsula Standard Time),,s11w111,focus,
Wed Sep 02 2015 11:39:25 GMT+0800 (Malay Peninsula Standard Time),,s11w110,focus,
Wed Sep 02 2015 11:39:25 GMT+0800 (Malay Peninsula Standard Time),,s11w109,focus,
Wed Sep 02 2015 11:39:26 GMT+0800 (Malay Peninsula Standard Time),,s11w108,focus,
Wed Sep 02 2015 11:39:30 GMT+0800 (Malay Peninsula Standard Time),,s11,changeSentenceFlag,"Tokenization Error"
Wed Sep 02 2015 11:39:35 GMT+0800 (Malay Peninsula Standard Time),,s11w153,focus,
Wed Sep 02 2015 11:39:35 GMT+0800 (Malay Peninsula Standard Time),,s11w153,focus,
Wed Sep 02 2015 11:39:37 GMT+0800 (Malay Peninsula Standard Time),,s11w154,focus,
Wed Sep 02 2015 11:39:37 GMT+0800 (Malay Peninsula Standard Time),,s11w155,focus,
Wed Sep 02 2015 11:39:37 GMT+0800 (Malay Peninsula Standard Time),,s11w156,focus,
Wed Sep 02 2015 11:39:38 GMT+0800 (Malay Peninsula Standard Time),,s11w157,focus,
Wed Sep 02 2015 11:39:39 GMT+0800 (Malay Peninsula Standard Time),,s11w158,focus,
Wed Sep 02 2015 11:39:39 GMT+0800 (Malay Peninsula Standard Time),,s11w159,focus,
Wed Sep 02 2015 11:39:39 GMT+0800 (Malay Peninsula Standard Time),,s11w160,focus,
Wed Sep 02 2015 11:39:39 GMT+0800 (Malay Peninsula Standard Time),,s11w161,focus,
Wed Sep 02 2015 11:39:40 GMT+0800 (Malay Peninsula Standard Time),,s11w162,focus,
Wed Sep 02 2015 11:39:40 GMT+0800 (Malay Peninsula Standard Time),,s11w163,focus,
Wed Sep 02 2015 11:39:40 GMT+0800 (Malay Peninsula Standard Time),,s11w164,focus,
Wed Sep 02 2015 11:39:40 GMT+0800 (Malay Peninsula Standard Time),,s11w165,focus,
Wed Sep 02 2015 11:39:41 GMT+0800 (Malay Peninsula Standard Time),,s11w166,focus,
Wed Sep 02 2015 11:39:42 GMT+0800 (Malay Peninsula Standard Time),,s11w167,focus,
Wed Sep 02 2015 11:39:42 GMT+0800 (Malay Peninsula Standard Time),,s12w1,focus,
Wed Sep 02 2015 11:39:43 GMT+0800 (Malay Peninsula Standard Time),,s12w2,focus,
Wed Sep 02 2015 11:39:44 GMT+0800 (Malay Peninsula Standard Time),,s12w3,focus,
Wed Sep 02 2015 11:39:44 GMT+0800 (Malay Peninsula Standard Time),,s12w4,focus,
Wed Sep 02 2015 11:39:45 GMT+0800 (Malay Peninsula Standard Time),,s12w5,focus,
Wed Sep 02 2015 11:39:45 GMT+0800 (Malay Peninsula Standard Time),,s12w6,focus,
Wed Sep 02 2015 11:39:45 GMT+0800 (Malay Peninsula Standard Time),,s12w7,focus,
Wed Sep 02 2015 11:39:45 GMT+0800 (Malay Peninsula Standard Time),,s12w8,focus,
Wed Sep 02 2015 11:39:49 GMT+0800 (Malay Peninsula Standard Time),,s12w9,focus,
Wed Sep 02 2015 11:39:51 GMT+0800 (Malay Peninsula Standard Time),,s12w9,label,"N"
Wed Sep 02 2015 11:39:51 GMT+0800 (Malay Peninsula Standard Time),,s12w10,focus,
Wed Sep 02 2015 11:39:51 GMT+0800 (Malay Peninsula Standard Time),,s12w11,focus,
Wed Sep 02 2015 11:39:52 GMT+0800 (Malay Peninsula Standard Time),,s12w12,focus,
Wed Sep 02 2015 11:39:52 GMT+0800 (Malay Peninsula Standard Time),,s12w13,focus,
Wed Sep 02 2015 11:39:52 GMT+0800 (Malay Peninsula Standard Time),,s12w14,focus,
Wed Sep 02 2015 11:39:52 GMT+0800 (Malay Peninsula Standard Time),,s12w15,focus,
Wed Sep 02 2015 11:39:53 GMT+0800 (Malay Peninsula Standard Time),,s12w16,focus,
Wed Sep 02 2015 11:39:53 GMT+0800 (Malay Peninsula Standard Time),,s12w17,focus,
Wed Sep 02 2015 11:39:54 GMT+0800 (Malay Peninsula Standard Time),,s12w18,focus,
Wed Sep 02 2015 11:39:54 GMT+0800 (Malay Peninsula Standard Time),,s12w19,focus,
Wed Sep 02 2015 11:39:54 GMT+0800 (Malay Peninsula Standard Time),,s12w20,focus,
Wed Sep 02 2015 11:39:54 GMT+0800 (Malay Peninsula Standard Time),,s12w21,focus,
Wed Sep 02 2015 11:39:55 GMT+0800 (Malay Peninsula Standard Time),,s12w22,focus,
Wed Sep 02 2015 11:39:55 GMT+0800 (Malay Peninsula Standard Time),,s12w23,focus,
Wed Sep 02 2015 11:39:55 GMT+0800 (Malay Peninsula Standard Time),,s12w24,focus,
Wed Sep 02 2015 11:39:55 GMT+0800 (Malay Peninsula Standard Time),,s12w25,focus,
Wed Sep 02 2015 11:39:56 GMT+0800 (Malay Peninsula Standard Time),,s12w26,focus,
Wed Sep 02 2015 11:39:56 GMT+0800 (Malay Peninsula Standard Time),,s12w27,focus,
Wed Sep 02 2015 11:39:56 GMT+0800 (Malay Peninsula Standard Time),,s12w28,focus,
Wed Sep 02 2015 11:39:56 GMT+0800 (Malay Peninsula Standard Time),,s12w29,focus,
Wed Sep 02 2015 11:39:57 GMT+0800 (Malay Peninsula Standard Time),,s12w30,focus,
Wed Sep 02 2015 11:39:57 GMT+0800 (Malay Peninsula Standard Time),,s12w31,focus,
Wed Sep 02 2015 11:39:58 GMT+0800 (Malay Peninsula Standard Time),,s12w32,focus,
Wed Sep 02 2015 11:40:04 GMT+0800 (Malay Peninsula Standard Time),,s12w32,label,"N"
Wed Sep 02 2015 11:40:06 GMT+0800 (Malay Peninsula Standard Time),,s12w33,focus,
Wed Sep 02 2015 11:40:07 GMT+0800 (Malay Peninsula Standard Time),,s12w34,focus,
Wed Sep 02 2015 11:40:08 GMT+0800 (Malay Peninsula Standard Time),,s12w35,focus,
Wed Sep 02 2015 11:40:08 GMT+0800 (Malay Peninsula Standard Time),,s12w36,focus,
Wed Sep 02 2015 11:40:08 GMT+0800 (Malay Peninsula Standard Time),,s12w37,focus,
Wed Sep 02 2015 11:40:09 GMT+0800 (Malay Peninsula Standard Time),,s12w38,focus,
Wed Sep 02 2015 11:40:09 GMT+0800 (Malay Peninsula Standard Time),,s12w39,focus,
Wed Sep 02 2015 11:40:09 GMT+0800 (Malay Peninsula Standard Time),,s12w40,focus,
Wed Sep 02 2015 11:40:09 GMT+0800 (Malay Peninsula Standard Time),,s12w41,focus,
Wed Sep 02 2015 11:40:10 GMT+0800 (Malay Peninsula Standard Time),,s12w42,focus,
Wed Sep 02 2015 11:40:10 GMT+0800 (Malay Peninsula Standard Time),,s12w43,focus,
Wed Sep 02 2015 11:40:10 GMT+0800 (Malay Peninsula Standard Time),,s12w44,focus,
Wed Sep 02 2015 11:40:10 GMT+0800 (Malay Peninsula Standard Time),,s12w45,focus,
Wed Sep 02 2015 11:40:10 GMT+0800 (Malay Peninsula Standard Time),,s12w46,focus,
Wed Sep 02 2015 11:40:11 GMT+0800 (Malay Peninsula Standard Time),,s12w47,focus,
Wed Sep 02 2015 11:40:11 GMT+0800 (Malay Peninsula Standard Time),,s12w48,focus,
Wed Sep 02 2015 11:40:11 GMT+0800 (Malay Peninsula Standard Time),,s12w49,focus,
Wed Sep 02 2015 11:40:12 GMT+0800 (Malay Peninsula Standard Time),,s12w50,focus,
Wed Sep 02 2015 11:40:13 GMT+0800 (Malay Peninsula Standard Time),,s12w49,focus,
Wed Sep 02 2015 11:40:13 GMT+0800 (Malay Peninsula Standard Time),,s12w48,focus,
Wed Sep 02 2015 11:40:15 GMT+0800 (Malay Peninsula Standard Time),,s12w48,label,"^"
Wed Sep 02 2015 11:40:16 GMT+0800 (Malay Peninsula Standard Time),,s12w49,focus,
Wed Sep 02 2015 11:40:16 GMT+0800 (Malay Peninsula Standard Time),,s12w50,focus,
Wed Sep 02 2015 11:40:16 GMT+0800 (Malay Peninsula Standard Time),,s12w51,focus,
Wed Sep 02 2015 11:40:16 GMT+0800 (Malay Peninsula Standard Time),,s12w52,focus,
Wed Sep 02 2015 11:40:16 GMT+0800 (Malay Peninsula Standard Time),,s12w53,focus,
Wed Sep 02 2015 11:40:17 GMT+0800 (Malay Peninsula Standard Time),,s12w54,focus,
Wed Sep 02 2015 11:40:17 GMT+0800 (Malay Peninsula Standard Time),,s12w55,focus,
Wed Sep 02 2015 11:40:17 GMT+0800 (Malay Peninsula Standard Time),,s12w56,focus,
Wed Sep 02 2015 11:40:17 GMT+0800 (Malay Peninsula Standard Time),,s12w57,focus,
Wed Sep 02 2015 11:40:17 GMT+0800 (Malay Peninsula Standard Time),,s12w58,focus,
Wed Sep 02 2015 11:40:18 GMT+0800 (Malay Peninsula Standard Time),,s12w59,focus,
Wed Sep 02 2015 11:40:18 GMT+0800 (Malay Peninsula Standard Time),,s12w58,focus,
Wed Sep 02 2015 11:40:19 GMT+0800 (Malay Peninsula Standard Time),,s12w58,label,"^"
Wed Sep 02 2015 11:40:19 GMT+0800 (Malay Peninsula Standard Time),,s12w59,focus,
Wed Sep 02 2015 11:40:19 GMT+0800 (Malay Peninsula Standard Time),,s12w60,focus,
Wed Sep 02 2015 11:40:19 GMT+0800 (Malay Peninsula Standard Time),,s12w61,focus,
Wed Sep 02 2015 11:40:20 GMT+0800 (Malay Peninsula Standard Time),,s12w62,focus,
Wed Sep 02 2015 11:40:20 GMT+0800 (Malay Peninsula Standard Time),,s12w63,focus,
Wed Sep 02 2015 11:40:21 GMT+0800 (Malay Peninsula Standard Time),,s12w64,focus,
Wed Sep 02 2015 11:40:21 GMT+0800 (Malay Peninsula Standard Time),,s12w65,focus,
Wed Sep 02 2015 11:40:22 GMT+0800 (Malay Peninsula Standard Time),,s12w64,focus,
Wed Sep 02 2015 11:40:24 GMT+0800 (Malay Peninsula Standard Time),,s12w64,label,"V"
Wed Sep 02 2015 11:40:24 GMT+0800 (Malay Peninsula Standard Time),,s12w65,focus,
Wed Sep 02 2015 11:40:24 GMT+0800 (Malay Peninsula Standard Time),,s12w66,focus,
Wed Sep 02 2015 11:40:24 GMT+0800 (Malay Peninsula Standard Time),,s12w67,focus,
Wed Sep 02 2015 11:40:24 GMT+0800 (Malay Peninsula Standard Time),,s12w68,focus,
Wed Sep 02 2015 11:40:25 GMT+0800 (Malay Peninsula Standard Time),,s12w69,focus,
Wed Sep 02 2015 11:40:25 GMT+0800 (Malay Peninsula Standard Time),,s12w70,focus,
Wed Sep 02 2015 11:40:26 GMT+0800 (Malay Peninsula Standard Time),,s12w71,focus,
Wed Sep 02 2015 11:40:26 GMT+0800 (Malay Peninsula Standard Time),,s12w72,focus,
Wed Sep 02 2015 11:40:26 GMT+0800 (Malay Peninsula Standard Time),,s12w73,focus,
Wed Sep 02 2015 11:40:26 GMT+0800 (Malay Peninsula Standard Time),,s12w74,focus,
Wed Sep 02 2015 11:40:26 GMT+0800 (Malay Peninsula Standard Time),,s12w75,focus,
Wed Sep 02 2015 11:40:26 GMT+0800 (Malay Peninsula Standard Time),,s12w76,focus,
Wed Sep 02 2015 11:40:27 GMT+0800 (Malay Peninsula Standard Time),,s12w77,focus,
Wed Sep 02 2015 11:40:27 GMT+0800 (Malay Peninsula Standard Time),,s12w78,focus,
Wed Sep 02 2015 11:40:27 GMT+0800 (Malay Peninsula Standard Time),,s12w79,focus,
Wed Sep 02 2015 11:40:30 GMT+0800 (Malay Peninsula Standard Time),,s12w79,label,"^"
Wed Sep 02 2015 11:40:31 GMT+0800 (Malay Peninsula Standard Time),,s12w80,focus,
Wed Sep 02 2015 11:40:31 GMT+0800 (Malay Peninsula Standard Time),,s12w81,focus,
Wed Sep 02 2015 11:40:32 GMT+0800 (Malay Peninsula Standard Time),,s12w81,label,"^"
Wed Sep 02 2015 11:40:32 GMT+0800 (Malay Peninsula Standard Time),,s12w82,focus,
Wed Sep 02 2015 11:40:33 GMT+0800 (Malay Peninsula Standard Time),,s12w83,focus,
Wed Sep 02 2015 11:40:34 GMT+0800 (Malay Peninsula Standard Time),,s12w84,focus,
Wed Sep 02 2015 11:40:34 GMT+0800 (Malay Peninsula Standard Time),,s12w85,focus,
Wed Sep 02 2015 11:40:34 GMT+0800 (Malay Peninsula Standard Time),,s12w86,focus,
Wed Sep 02 2015 11:40:35 GMT+0800 (Malay Peninsula Standard Time),,s12w87,focus,
Wed Sep 02 2015 11:40:35 GMT+0800 (Malay Peninsula Standard Time),,s12w88,focus,
Wed Sep 02 2015 11:40:36 GMT+0800 (Malay Peninsula Standard Time),,s12w89,focus,
Wed Sep 02 2015 11:40:37 GMT+0800 (Malay Peninsula Standard Time),,s12w89,label,"^"
Wed Sep 02 2015 11:40:37 GMT+0800 (Malay Peninsula Standard Time),,s12w90,focus,
Wed Sep 02 2015 11:40:38 GMT+0800 (Malay Peninsula Standard Time),,s12w91,focus,
Wed Sep 02 2015 11:40:38 GMT+0800 (Malay Peninsula Standard Time),,s12w92,focus,
Wed Sep 02 2015 11:40:38 GMT+0800 (Malay Peninsula Standard Time),,s12w93,focus,
Wed Sep 02 2015 11:40:38 GMT+0800 (Malay Peninsula Standard Time),,s12w94,focus,
Wed Sep 02 2015 11:40:39 GMT+0800 (Malay Peninsula Standard Time),,s12w95,focus,
Wed Sep 02 2015 11:40:39 GMT+0800 (Malay Peninsula Standard Time),,s12w96,focus,
Wed Sep 02 2015 11:40:39 GMT+0800 (Malay Peninsula Standard Time),,s12w97,focus,
Wed Sep 02 2015 11:40:40 GMT+0800 (Malay Peninsula Standard Time),,s12w98,focus,
Wed Sep 02 2015 11:40:40 GMT+0800 (Malay Peninsula Standard Time),,s12w99,focus,
Wed Sep 02 2015 11:40:40 GMT+0800 (Malay Peninsula Standard Time),,s12w100,focus,
Wed Sep 02 2015 11:40:40 GMT+0800 (Malay Peninsula Standard Time),,s12w101,focus,
Wed Sep 02 2015 11:40:40 GMT+0800 (Malay Peninsula Standard Time),,s12w102,focus,
Wed Sep 02 2015 11:40:42 GMT+0800 (Malay Peninsula Standard Time),,s12w103,focus,
Wed Sep 02 2015 11:40:42 GMT+0800 (Malay Peninsula Standard Time),,s12w104,focus,
Wed Sep 02 2015 11:40:42 GMT+0800 (Malay Peninsula Standard Time),,s12w105,focus,
Wed Sep 02 2015 11:40:42 GMT+0800 (Malay Peninsula Standard Time),,s12w106,focus,
Wed Sep 02 2015 11:40:43 GMT+0800 (Malay Peninsula Standard Time),,s12w107,focus,
Wed Sep 02 2015 11:40:43 GMT+0800 (Malay Peninsula Standard Time),,s12w108,focus,
Wed Sep 02 2015 11:40:43 GMT+0800 (Malay Peninsula Standard Time),,s12w109,focus,
Wed Sep 02 2015 11:40:43 GMT+0800 (Malay Peninsula Standard Time),,s12w110,focus,
Wed Sep 02 2015 11:40:44 GMT+0800 (Malay Peninsula Standard Time),,s12w111,focus,
Wed Sep 02 2015 11:40:44 GMT+0800 (Malay Peninsula Standard Time),,s12w112,focus,
Wed Sep 02 2015 11:40:44 GMT+0800 (Malay Peninsula Standard Time),,s12w113,focus,
Wed Sep 02 2015 11:40:44 GMT+0800 (Malay Peninsula Standard Time),,s12w114,focus,
Wed Sep 02 2015 11:40:45 GMT+0800 (Malay Peninsula Standard Time),,s12w115,focus,
Wed Sep 02 2015 11:40:45 GMT+0800 (Malay Peninsula Standard Time),,s12w116,focus,
Wed Sep 02 2015 11:40:48 GMT+0800 (Malay Peninsula Standard Time),,s12w117,focus,
Wed Sep 02 2015 11:40:49 GMT+0800 (Malay Peninsula Standard Time),,s12w118,focus,
Wed Sep 02 2015 11:40:49 GMT+0800 (Malay Peninsula Standard Time),,s12w119,focus,
Wed Sep 02 2015 11:40:50 GMT+0800 (Malay Peninsula Standard Time),,s12w120,focus,
Wed Sep 02 2015 11:40:50 GMT+0800 (Malay Peninsula Standard Time),,s12w121,focus,
Wed Sep 02 2015 11:40:50 GMT+0800 (Malay Peninsula Standard Time),,s12w122,focus,
Wed Sep 02 2015 11:40:51 GMT+0800 (Malay Peninsula Standard Time),,s12w123,focus,
Wed Sep 02 2015 11:40:52 GMT+0800 (Malay Peninsula Standard Time),,s12w124,focus,
Wed Sep 02 2015 11:40:53 GMT+0800 (Malay Peninsula Standard Time),,s12w125,focus,
Wed Sep 02 2015 11:40:54 GMT+0800 (Malay Peninsula Standard Time),,s12w126,focus,
Wed Sep 02 2015 11:40:55 GMT+0800 (Malay Peninsula Standard Time),,s12w127,focus,
Wed Sep 02 2015 11:40:56 GMT+0800 (Malay Peninsula Standard Time),,s12w128,focus,
Wed Sep 02 2015 11:40:56 GMT+0800 (Malay Peninsula Standard Time),,s12w129,focus,
Wed Sep 02 2015 11:40:57 GMT+0800 (Malay Peninsula Standard Time),,s12w130,focus,
Wed Sep 02 2015 11:40:57 GMT+0800 (Malay Peninsula Standard Time),,s12w131,focus,
Wed Sep 02 2015 11:40:58 GMT+0800 (Malay Peninsula Standard Time),,s12w132,focus,
Wed Sep 02 2015 11:40:58 GMT+0800 (Malay Peninsula Standard Time),,s12w131,focus,
Wed Sep 02 2015 11:40:59 GMT+0800 (Malay Peninsula Standard Time),,s12w132,focus,
Wed Sep 02 2015 11:40:59 GMT+0800 (Malay Peninsula Standard Time),,s13w1,focus,
Wed Sep 02 2015 11:41:01 GMT+0800 (Malay Peninsula Standard Time),,s13w2,focus,
Wed Sep 02 2015 11:41:02 GMT+0800 (Malay Peninsula Standard Time),,s13w3,focus,
Wed Sep 02 2015 11:41:02 GMT+0800 (Malay Peninsula Standard Time),,s13w4,focus,
Wed Sep 02 2015 11:41:02 GMT+0800 (Malay Peninsula Standard Time),,s13w5,focus,
Wed Sep 02 2015 11:41:02 GMT+0800 (Malay Peninsula Standard Time),,s13w6,focus,
Wed Sep 02 2015 11:41:02 GMT+0800 (Malay Peninsula Standard Time),,s13w7,focus,
Wed Sep 02 2015 11:41:03 GMT+0800 (Malay Peninsula Standard Time),,s13w8,focus,
Wed Sep 02 2015 11:41:03 GMT+0800 (Malay Peninsula Standard Time),,s13w9,focus,
Wed Sep 02 2015 11:41:03 GMT+0800 (Malay Peninsula Standard Time),,s13w10,focus,
Wed Sep 02 2015 11:41:03 GMT+0800 (Malay Peninsula Standard Time),,s13w11,focus,
Wed Sep 02 2015 11:41:03 GMT+0800 (Malay Peninsula Standard Time),,s13w12,focus,
Wed Sep 02 2015 11:41:04 GMT+0800 (Malay Peninsula Standard Time),,s13w13,focus,
Wed Sep 02 2015 11:41:04 GMT+0800 (Malay Peninsula Standard Time),,s13w14,focus,
Wed Sep 02 2015 11:41:04 GMT+0800 (Malay Peninsula Standard Time),,s13w15,focus,
Wed Sep 02 2015 11:41:04 GMT+0800 (Malay Peninsula Standard Time),,s13w16,focus,
Wed Sep 02 2015 11:41:04 GMT+0800 (Malay Peninsula Standard Time),,s13w17,focus,
Wed Sep 02 2015 11:41:05 GMT+0800 (Malay Peninsula Standard Time),,s13w18,focus,
Wed Sep 02 2015 11:41:05 GMT+0800 (Malay Peninsula Standard Time),,s13w19,focus,
Wed Sep 02 2015 11:41:05 GMT+0800 (Malay Peninsula Standard Time),,s13w18,focus,
Wed Sep 02 2015 11:41:06 GMT+0800 (Malay Peninsula Standard Time),,s13w18,label,"^"
Wed Sep 02 2015 11:41:06 GMT+0800 (Malay Peninsula Standard Time),,s13w19,focus,
Wed Sep 02 2015 11:41:07 GMT+0800 (Malay Peninsula Standard Time),,s13w20,focus,
Wed Sep 02 2015 11:41:07 GMT+0800 (Malay Peninsula Standard Time),,s13w21,focus,
Wed Sep 02 2015 11:41:07 GMT+0800 (Malay Peninsula Standard Time),,s13w22,focus,
Wed Sep 02 2015 11:41:08 GMT+0800 (Malay Peninsula Standard Time),,s13w23,focus,
Wed Sep 02 2015 11:41:08 GMT+0800 (Malay Peninsula Standard Time),,s13w24,focus,
Wed Sep 02 2015 11:41:08 GMT+0800 (Malay Peninsula Standard Time),,s13w25,focus,
Wed Sep 02 2015 11:41:09 GMT+0800 (Malay Peninsula Standard Time),,s13w26,focus,
Wed Sep 02 2015 11:41:09 GMT+0800 (Malay Peninsula Standard Time),,s13w27,focus,
Wed Sep 02 2015 11:41:09 GMT+0800 (Malay Peninsula Standard Time),,s13w28,focus,
Wed Sep 02 2015 11:41:09 GMT+0800 (Malay Peninsula Standard Time),,s13w29,focus,
Wed Sep 02 2015 11:41:10 GMT+0800 (Malay Peninsula Standard Time),,s13w30,focus,
Wed Sep 02 2015 11:41:10 GMT+0800 (Malay Peninsula Standard Time),,s13w31,focus,
Wed Sep 02 2015 11:41:10 GMT+0800 (Malay Peninsula Standard Time),,s13w32,focus,
Wed Sep 02 2015 11:41:16 GMT+0800 (Malay Peninsula Standard Time),,s13w33,focus,
Wed Sep 02 2015 11:41:16 GMT+0800 (Malay Peninsula Standard Time),,s13w34,focus,
Wed Sep 02 2015 11:41:17 GMT+0800 (Malay Peninsula Standard Time),,s13w35,focus,
Wed Sep 02 2015 11:41:17 GMT+0800 (Malay Peninsula Standard Time),,s13w36,focus,
Wed Sep 02 2015 11:41:17 GMT+0800 (Malay Peninsula Standard Time),,s13w37,focus,
Wed Sep 02 2015 11:41:17 GMT+0800 (Malay Peninsula Standard Time),,s13w38,focus,
Wed Sep 02 2015 11:41:18 GMT+0800 (Malay Peninsula Standard Time),,s13w39,focus,
Wed Sep 02 2015 11:41:19 GMT+0800 (Malay Peninsula Standard Time),,s13w40,focus,
Wed Sep 02 2015 11:41:20 GMT+0800 (Malay Peninsula Standard Time),,s13w41,focus,
Wed Sep 02 2015 11:41:20 GMT+0800 (Malay Peninsula Standard Time),,s13w42,focus,
Wed Sep 02 2015 11:41:20 GMT+0800 (Malay Peninsula Standard Time),,s13w43,focus,
Wed Sep 02 2015 11:41:21 GMT+0800 (Malay Peninsula Standard Time),,s13w44,focus,
Wed Sep 02 2015 11:41:21 GMT+0800 (Malay Peninsula Standard Time),,s13w45,focus,
Wed Sep 02 2015 11:41:21 GMT+0800 (Malay Peninsula Standard Time),,s13w46,focus,
Wed Sep 02 2015 11:41:22 GMT+0800 (Malay Peninsula Standard Time),,s13w47,focus,
Wed Sep 02 2015 11:41:22 GMT+0800 (Malay Peninsula Standard Time),,s13w48,focus,
Wed Sep 02 2015 11:41:22 GMT+0800 (Malay Peninsula Standard Time),,s13w49,focus,
Wed Sep 02 2015 11:41:23 GMT+0800 (Malay Peninsula Standard Time),,s13w50,focus,
Wed Sep 02 2015 11:41:23 GMT+0800 (Malay Peninsula Standard Time),,s13w51,focus,
Wed Sep 02 2015 11:41:23 GMT+0800 (Malay Peninsula Standard Time),,s13w52,focus,
Wed Sep 02 2015 11:41:23 GMT+0800 (Malay Peninsula Standard Time),,s13w53,focus,
Wed Sep 02 2015 11:41:23 GMT+0800 (Malay Peninsula Standard Time),,s13w54,focus,
Wed Sep 02 2015 11:41:24 GMT+0800 (Malay Peninsula Standard Time),,s13w55,focus,
Wed Sep 02 2015 11:41:24 GMT+0800 (Malay Peninsula Standard Time),,s13w56,focus,
Wed Sep 02 2015 11:41:25 GMT+0800 (Malay Peninsula Standard Time),,s13w57,focus,
Wed Sep 02 2015 11:41:25 GMT+0800 (Malay Peninsula Standard Time),,s13w58,focus,
Wed Sep 02 2015 11:41:26 GMT+0800 (Malay Peninsula Standard Time),,s13w59,focus,
Wed Sep 02 2015 11:41:26 GMT+0800 (Malay Peninsula Standard Time),,s13w60,focus,
Wed Sep 02 2015 11:41:26 GMT+0800 (Malay Peninsula Standard Time),,s13w61,focus,
Wed Sep 02 2015 11:41:26 GMT+0800 (Malay Peninsula Standard Time),,s13w62,focus,
Wed Sep 02 2015 11:41:27 GMT+0800 (Malay Peninsula Standard Time),,s13w63,focus,
Wed Sep 02 2015 11:41:27 GMT+0800 (Malay Peninsula Standard Time),,s13w64,focus,
Wed Sep 02 2015 11:41:27 GMT+0800 (Malay Peninsula Standard Time),,s13w65,focus,
Wed Sep 02 2015 11:41:27 GMT+0800 (Malay Peninsula Standard Time),,s14w1,focus,
Wed Sep 02 2015 11:41:28 GMT+0800 (Malay Peninsula Standard Time),,s14w2,focus,
Wed Sep 02 2015 11:41:28 GMT+0800 (Malay Peninsula Standard Time),,s14w3,focus,
Wed Sep 02 2015 11:41:28 GMT+0800 (Malay Peninsula Standard Time),,s14w4,focus,
Wed Sep 02 2015 11:41:29 GMT+0800 (Malay Peninsula Standard Time),,s14w5,focus,
Wed Sep 02 2015 11:41:29 GMT+0800 (Malay Peninsula Standard Time),,s14w6,focus,
Wed Sep 02 2015 11:41:29 GMT+0800 (Malay Peninsula Standard Time),,s14w7,focus,
Wed Sep 02 2015 11:41:34 GMT+0800 (Malay Peninsula Standard Time),,,submitPage,
