Wed Sep 02 2015 12:01:29 GMT+0800 (Malay Peninsula Standard Time),,,pageReady,0:100:100
Wed Sep 02 2015 12:01:29 GMT+0800 (Malay Peninsula Standard Time),,s0,twitterId,334425
Wed Sep 02 2015 12:01:29 GMT+0800 (Malay Peninsula Standard Time),,s1,twitterId,334425
Wed Sep 02 2015 12:01:29 GMT+0800 (Malay Peninsula Standard Time),,s2,twitterId,334425
Wed Sep 02 2015 12:01:29 GMT+0800 (Malay Peninsula Standard Time),,s3,twitterId,334425
Wed Sep 02 2015 12:01:29 GMT+0800 (Malay Peninsula Standard Time),,s4,twitterId,334425
Wed Sep 02 2015 12:01:29 GMT+0800 (Malay Peninsula Standard Time),,s5,twitterId,334425
Wed Sep 02 2015 12:01:29 GMT+0800 (Malay Peninsula Standard Time),,s6,twitterId,334425
Wed Sep 02 2015 12:01:29 GMT+0800 (Malay Peninsula Standard Time),,s7,twitterId,334425
Wed Sep 02 2015 12:01:29 GMT+0800 (Malay Peninsula Standard Time),,s8,twitterId,334425
Wed Sep 02 2015 12:01:29 GMT+0800 (Malay Peninsula Standard Time),,s9,twitterId,334425
Wed Sep 02 2015 12:01:29 GMT+0800 (Malay Peninsula Standard Time),,s10,twitterId,334425
Wed Sep 02 2015 12:01:29 GMT+0800 (Malay Peninsula Standard Time),,s11,twitterId,334425
Wed Sep 02 2015 12:01:29 GMT+0800 (Malay Peninsula Standard Time),,s12,twitterId,334425
Wed Sep 02 2015 12:01:35 GMT+0800 (Malay Peninsula Standard Time),,s0w2,focus,
Wed Sep 02 2015 12:01:35 GMT+0800 (Malay Peninsula Standard Time),,s0w2,focus,
Wed Sep 02 2015 12:01:39 GMT+0800 (Malay Peninsula Standard Time),,s0w2,label,"^"
Wed Sep 02 2015 12:01:40 GMT+0800 (Malay Peninsula Standard Time),,s0w3,focus,
Wed Sep 02 2015 12:01:41 GMT+0800 (Malay Peninsula Standard Time),,s0w4,focus,
Wed Sep 02 2015 12:01:41 GMT+0800 (Malay Peninsula Standard Time),,s0w5,focus,
Wed Sep 02 2015 12:01:41 GMT+0800 (Malay Peninsula Standard Time),,s0w6,focus,
Wed Sep 02 2015 12:01:41 GMT+0800 (Malay Peninsula Standard Time),,s1w1,focus,
Wed Sep 02 2015 12:01:41 GMT+0800 (Malay Peninsula Standard Time),,s1w2,focus,
Wed Sep 02 2015 12:01:42 GMT+0800 (Malay Peninsula Standard Time),,s1w3,focus,
Wed Sep 02 2015 12:01:42 GMT+0800 (Malay Peninsula Standard Time),,s1w4,focus,
Wed Sep 02 2015 12:01:42 GMT+0800 (Malay Peninsula Standard Time),,s1w5,focus,
Wed Sep 02 2015 12:01:43 GMT+0800 (Malay Peninsula Standard Time),,s1w6,focus,
Wed Sep 02 2015 12:01:43 GMT+0800 (Malay Peninsula Standard Time),,s1w7,focus,
Wed Sep 02 2015 12:01:43 GMT+0800 (Malay Peninsula Standard Time),,s1w8,focus,
Wed Sep 02 2015 12:01:43 GMT+0800 (Malay Peninsula Standard Time),,s1w9,focus,
Wed Sep 02 2015 12:01:44 GMT+0800 (Malay Peninsula Standard Time),,s1w10,focus,
Wed Sep 02 2015 12:01:44 GMT+0800 (Malay Peninsula Standard Time),,s1w11,focus,
Wed Sep 02 2015 12:01:44 GMT+0800 (Malay Peninsula Standard Time),,s1w12,focus,
Wed Sep 02 2015 12:01:44 GMT+0800 (Malay Peninsula Standard Time),,s1w13,focus,
Wed Sep 02 2015 12:01:44 GMT+0800 (Malay Peninsula Standard Time),,s1w14,focus,
Wed Sep 02 2015 12:01:45 GMT+0800 (Malay Peninsula Standard Time),,s1w15,focus,
Wed Sep 02 2015 12:01:45 GMT+0800 (Malay Peninsula Standard Time),,s1w16,focus,
Wed Sep 02 2015 12:01:47 GMT+0800 (Malay Peninsula Standard Time),,s1w17,focus,
Wed Sep 02 2015 12:01:47 GMT+0800 (Malay Peninsula Standard Time),,s1w18,focus,
Wed Sep 02 2015 12:01:48 GMT+0800 (Malay Peninsula Standard Time),,s1w19,focus,
Wed Sep 02 2015 12:01:48 GMT+0800 (Malay Peninsula Standard Time),,s1w20,focus,
Wed Sep 02 2015 12:01:48 GMT+0800 (Malay Peninsula Standard Time),,s1w21,focus,
Wed Sep 02 2015 12:01:49 GMT+0800 (Malay Peninsula Standard Time),,s1w22,focus,
Wed Sep 02 2015 12:01:49 GMT+0800 (Malay Peninsula Standard Time),,s1w23,focus,
Wed Sep 02 2015 12:01:49 GMT+0800 (Malay Peninsula Standard Time),,s1w24,focus,
Wed Sep 02 2015 12:01:50 GMT+0800 (Malay Peninsula Standard Time),,s1w25,focus,
Wed Sep 02 2015 12:01:50 GMT+0800 (Malay Peninsula Standard Time),,s1w26,focus,
Wed Sep 02 2015 12:01:50 GMT+0800 (Malay Peninsula Standard Time),,s1w27,focus,
Wed Sep 02 2015 12:01:51 GMT+0800 (Malay Peninsula Standard Time),,s1w28,focus,
Wed Sep 02 2015 12:01:51 GMT+0800 (Malay Peninsula Standard Time),,s1w29,focus,
Wed Sep 02 2015 12:01:51 GMT+0800 (Malay Peninsula Standard Time),,s1w30,focus,
Wed Sep 02 2015 12:01:51 GMT+0800 (Malay Peninsula Standard Time),,s1w31,focus,
Wed Sep 02 2015 12:01:52 GMT+0800 (Malay Peninsula Standard Time),,s1w32,focus,
Wed Sep 02 2015 12:01:52 GMT+0800 (Malay Peninsula Standard Time),,s1w33,focus,
Wed Sep 02 2015 12:01:52 GMT+0800 (Malay Peninsula Standard Time),,s1w34,focus,
Wed Sep 02 2015 12:01:52 GMT+0800 (Malay Peninsula Standard Time),,s1w35,focus,
Wed Sep 02 2015 12:01:53 GMT+0800 (Malay Peninsula Standard Time),,s1w36,focus,
Wed Sep 02 2015 12:01:53 GMT+0800 (Malay Peninsula Standard Time),,s1w37,focus,
Wed Sep 02 2015 12:01:53 GMT+0800 (Malay Peninsula Standard Time),,s1w38,focus,
Wed Sep 02 2015 12:01:54 GMT+0800 (Malay Peninsula Standard Time),,s1w39,focus,
Wed Sep 02 2015 12:01:54 GMT+0800 (Malay Peninsula Standard Time),,s1w40,focus,
Wed Sep 02 2015 12:01:54 GMT+0800 (Malay Peninsula Standard Time),,s1w41,focus,
Wed Sep 02 2015 12:01:54 GMT+0800 (Malay Peninsula Standard Time),,s1w42,focus,
Wed Sep 02 2015 12:01:54 GMT+0800 (Malay Peninsula Standard Time),,s1w43,focus,
Wed Sep 02 2015 12:01:55 GMT+0800 (Malay Peninsula Standard Time),,s1w44,focus,
Wed Sep 02 2015 12:01:55 GMT+0800 (Malay Peninsula Standard Time),,s1w45,focus,
Wed Sep 02 2015 12:01:55 GMT+0800 (Malay Peninsula Standard Time),,s1w46,focus,
Wed Sep 02 2015 12:01:55 GMT+0800 (Malay Peninsula Standard Time),,s1w47,focus,
Wed Sep 02 2015 12:01:56 GMT+0800 (Malay Peninsula Standard Time),,s1w48,focus,
Wed Sep 02 2015 12:01:56 GMT+0800 (Malay Peninsula Standard Time),,s1w49,focus,
Wed Sep 02 2015 12:01:57 GMT+0800 (Malay Peninsula Standard Time),,s1w50,focus,
Wed Sep 02 2015 12:01:57 GMT+0800 (Malay Peninsula Standard Time),,s1w49,focus,
Wed Sep 02 2015 12:01:57 GMT+0800 (Malay Peninsula Standard Time),,s1w48,focus,
Wed Sep 02 2015 12:01:58 GMT+0800 (Malay Peninsula Standard Time),,s1w47,focus,
Wed Sep 02 2015 12:01:58 GMT+0800 (Malay Peninsula Standard Time),,s1w48,focus,
Wed Sep 02 2015 12:01:59 GMT+0800 (Malay Peninsula Standard Time),,s1w48,label,"^"
Wed Sep 02 2015 12:01:59 GMT+0800 (Malay Peninsula Standard Time),,s1w49,focus,
Wed Sep 02 2015 12:01:59 GMT+0800 (Malay Peninsula Standard Time),,s1w50,focus,
Wed Sep 02 2015 12:02:00 GMT+0800 (Malay Peninsula Standard Time),,s1w51,focus,
Wed Sep 02 2015 12:02:00 GMT+0800 (Malay Peninsula Standard Time),,s1w52,focus,
Wed Sep 02 2015 12:02:00 GMT+0800 (Malay Peninsula Standard Time),,s1w53,focus,
Wed Sep 02 2015 12:02:00 GMT+0800 (Malay Peninsula Standard Time),,s1w54,focus,
Wed Sep 02 2015 12:02:01 GMT+0800 (Malay Peninsula Standard Time),,s1w55,focus,
Wed Sep 02 2015 12:02:01 GMT+0800 (Malay Peninsula Standard Time),,s1w56,focus,
Wed Sep 02 2015 12:02:01 GMT+0800 (Malay Peninsula Standard Time),,s1w57,focus,
Wed Sep 02 2015 12:02:01 GMT+0800 (Malay Peninsula Standard Time),,s1w58,focus,
Wed Sep 02 2015 12:02:01 GMT+0800 (Malay Peninsula Standard Time),,s1w59,focus,
Wed Sep 02 2015 12:02:02 GMT+0800 (Malay Peninsula Standard Time),,s1w60,focus,
Wed Sep 02 2015 12:02:02 GMT+0800 (Malay Peninsula Standard Time),,s1w61,focus,
Wed Sep 02 2015 12:02:02 GMT+0800 (Malay Peninsula Standard Time),,s1w62,focus,
Wed Sep 02 2015 12:02:02 GMT+0800 (Malay Peninsula Standard Time),,s1w63,focus,
Wed Sep 02 2015 12:02:02 GMT+0800 (Malay Peninsula Standard Time),,s1w64,focus,
Wed Sep 02 2015 12:02:03 GMT+0800 (Malay Peninsula Standard Time),,s1w65,focus,
Wed Sep 02 2015 12:02:03 GMT+0800 (Malay Peninsula Standard Time),,s1w64,focus,
Wed Sep 02 2015 12:02:03 GMT+0800 (Malay Peninsula Standard Time),,s1w63,focus,
Wed Sep 02 2015 12:02:05 GMT+0800 (Malay Peninsula Standard Time),,s1w63,label,"^"
Wed Sep 02 2015 12:02:05 GMT+0800 (Malay Peninsula Standard Time),,s1w64,focus,
Wed Sep 02 2015 12:02:10 GMT+0800 (Malay Peninsula Standard Time),,s1w65,focus,
Wed Sep 02 2015 12:02:11 GMT+0800 (Malay Peninsula Standard Time),,s1w66,focus,
Wed Sep 02 2015 12:02:15 GMT+0800 (Malay Peninsula Standard Time),,s1w67,focus,
Wed Sep 02 2015 12:02:17 GMT+0800 (Malay Peninsula Standard Time),,s1w66,focus,
Wed Sep 02 2015 12:02:17 GMT+0800 (Malay Peninsula Standard Time),,s1w65,focus,
Wed Sep 02 2015 12:02:18 GMT+0800 (Malay Peninsula Standard Time),,s1w66,focus,
Wed Sep 02 2015 12:02:27 GMT+0800 (Malay Peninsula Standard Time),,s1w67,focus,
Wed Sep 02 2015 12:02:27 GMT+0800 (Malay Peninsula Standard Time),,s1w68,focus,
Wed Sep 02 2015 12:02:28 GMT+0800 (Malay Peninsula Standard Time),,s1w69,focus,
Wed Sep 02 2015 12:02:29 GMT+0800 (Malay Peninsula Standard Time),,s1w70,focus,
Wed Sep 02 2015 12:02:30 GMT+0800 (Malay Peninsula Standard Time),,s1w71,focus,
Wed Sep 02 2015 12:02:30 GMT+0800 (Malay Peninsula Standard Time),,s1w72,focus,
Wed Sep 02 2015 12:02:30 GMT+0800 (Malay Peninsula Standard Time),,s1w73,focus,
Wed Sep 02 2015 12:02:31 GMT+0800 (Malay Peninsula Standard Time),,s1w74,focus,
Wed Sep 02 2015 12:02:31 GMT+0800 (Malay Peninsula Standard Time),,s1w75,focus,
Wed Sep 02 2015 12:02:31 GMT+0800 (Malay Peninsula Standard Time),,s1w76,focus,
Wed Sep 02 2015 12:02:33 GMT+0800 (Malay Peninsula Standard Time),,s1w76,label,"^"
Wed Sep 02 2015 12:02:33 GMT+0800 (Malay Peninsula Standard Time),,s1w77,focus,
Wed Sep 02 2015 12:02:34 GMT+0800 (Malay Peninsula Standard Time),,s1w78,focus,
Wed Sep 02 2015 12:02:34 GMT+0800 (Malay Peninsula Standard Time),,s1w79,focus,
Wed Sep 02 2015 12:02:34 GMT+0800 (Malay Peninsula Standard Time),,s1w80,focus,
Wed Sep 02 2015 12:02:34 GMT+0800 (Malay Peninsula Standard Time),,s1w81,focus,
Wed Sep 02 2015 12:02:35 GMT+0800 (Malay Peninsula Standard Time),,s1w82,focus,
Wed Sep 02 2015 12:02:35 GMT+0800 (Malay Peninsula Standard Time),,s1w83,focus,
Wed Sep 02 2015 12:02:35 GMT+0800 (Malay Peninsula Standard Time),,s1w84,focus,
Wed Sep 02 2015 12:02:36 GMT+0800 (Malay Peninsula Standard Time),,s1w85,focus,
Wed Sep 02 2015 12:02:36 GMT+0800 (Malay Peninsula Standard Time),,s1w86,focus,
Wed Sep 02 2015 12:02:39 GMT+0800 (Malay Peninsula Standard Time),,s1w86,label,"V"
Wed Sep 02 2015 12:02:39 GMT+0800 (Malay Peninsula Standard Time),,s1w87,focus,
Wed Sep 02 2015 12:02:41 GMT+0800 (Malay Peninsula Standard Time),,s1w88,focus,
Wed Sep 02 2015 12:02:41 GMT+0800 (Malay Peninsula Standard Time),,s1w89,focus,
Wed Sep 02 2015 12:02:44 GMT+0800 (Malay Peninsula Standard Time),,s1w89,label,"^"
Wed Sep 02 2015 12:02:44 GMT+0800 (Malay Peninsula Standard Time),,s1w90,focus,
Wed Sep 02 2015 12:02:44 GMT+0800 (Malay Peninsula Standard Time),,s1w91,focus,
Wed Sep 02 2015 12:02:44 GMT+0800 (Malay Peninsula Standard Time),,s1w92,focus,
Wed Sep 02 2015 12:02:45 GMT+0800 (Malay Peninsula Standard Time),,s1w93,focus,
Wed Sep 02 2015 12:02:45 GMT+0800 (Malay Peninsula Standard Time),,s1w94,focus,
Wed Sep 02 2015 12:02:46 GMT+0800 (Malay Peninsula Standard Time),,s1w95,focus,
Wed Sep 02 2015 12:02:46 GMT+0800 (Malay Peninsula Standard Time),,s1w96,focus,
Wed Sep 02 2015 12:02:46 GMT+0800 (Malay Peninsula Standard Time),,s1w97,focus,
Wed Sep 02 2015 12:02:47 GMT+0800 (Malay Peninsula Standard Time),,s1w98,focus,
Wed Sep 02 2015 12:02:47 GMT+0800 (Malay Peninsula Standard Time),,s1w99,focus,
Wed Sep 02 2015 12:02:47 GMT+0800 (Malay Peninsula Standard Time),,s1w100,focus,
Wed Sep 02 2015 12:02:48 GMT+0800 (Malay Peninsula Standard Time),,s1w101,focus,
Wed Sep 02 2015 12:02:48 GMT+0800 (Malay Peninsula Standard Time),,s1w102,focus,
Wed Sep 02 2015 12:02:48 GMT+0800 (Malay Peninsula Standard Time),,s1w103,focus,
Wed Sep 02 2015 12:02:49 GMT+0800 (Malay Peninsula Standard Time),,s1w104,focus,
Wed Sep 02 2015 12:02:49 GMT+0800 (Malay Peninsula Standard Time),,s1w105,focus,
Wed Sep 02 2015 12:02:49 GMT+0800 (Malay Peninsula Standard Time),,s1w106,focus,
Wed Sep 02 2015 12:02:50 GMT+0800 (Malay Peninsula Standard Time),,s1w107,focus,
Wed Sep 02 2015 12:02:50 GMT+0800 (Malay Peninsula Standard Time),,s1w108,focus,
Wed Sep 02 2015 12:02:50 GMT+0800 (Malay Peninsula Standard Time),,s1w109,focus,
Wed Sep 02 2015 12:02:50 GMT+0800 (Malay Peninsula Standard Time),,s1w110,focus,
Wed Sep 02 2015 12:02:51 GMT+0800 (Malay Peninsula Standard Time),,s1w111,focus,
Wed Sep 02 2015 12:02:52 GMT+0800 (Malay Peninsula Standard Time),,s1w112,focus,
Wed Sep 02 2015 12:02:52 GMT+0800 (Malay Peninsula Standard Time),,s1w113,focus,
Wed Sep 02 2015 12:02:52 GMT+0800 (Malay Peninsula Standard Time),,s1w114,focus,
Wed Sep 02 2015 12:02:53 GMT+0800 (Malay Peninsula Standard Time),,s1w115,focus,
Wed Sep 02 2015 12:02:53 GMT+0800 (Malay Peninsula Standard Time),,s1w116,focus,
Wed Sep 02 2015 12:02:53 GMT+0800 (Malay Peninsula Standard Time),,s1w117,focus,
Wed Sep 02 2015 12:02:53 GMT+0800 (Malay Peninsula Standard Time),,s1w118,focus,
Wed Sep 02 2015 12:02:54 GMT+0800 (Malay Peninsula Standard Time),,s1w119,focus,
Wed Sep 02 2015 12:02:54 GMT+0800 (Malay Peninsula Standard Time),,s1w120,focus,
Wed Sep 02 2015 12:02:54 GMT+0800 (Malay Peninsula Standard Time),,s1w121,focus,
Wed Sep 02 2015 12:02:55 GMT+0800 (Malay Peninsula Standard Time),,s1w122,focus,
Wed Sep 02 2015 12:02:56 GMT+0800 (Malay Peninsula Standard Time),,s1w123,focus,
Wed Sep 02 2015 12:02:56 GMT+0800 (Malay Peninsula Standard Time),,s1w124,focus,
Wed Sep 02 2015 12:02:56 GMT+0800 (Malay Peninsula Standard Time),,s1w125,focus,
Wed Sep 02 2015 12:02:57 GMT+0800 (Malay Peninsula Standard Time),,s1w126,focus,
Wed Sep 02 2015 12:02:57 GMT+0800 (Malay Peninsula Standard Time),,s1w127,focus,
Wed Sep 02 2015 12:02:59 GMT+0800 (Malay Peninsula Standard Time),,s1w127,label,"^"
Wed Sep 02 2015 12:03:00 GMT+0800 (Malay Peninsula Standard Time),,s1w128,focus,
Wed Sep 02 2015 12:03:00 GMT+0800 (Malay Peninsula Standard Time),,s1w129,focus,
Wed Sep 02 2015 12:03:01 GMT+0800 (Malay Peninsula Standard Time),,s1w130,focus,
Wed Sep 02 2015 12:03:01 GMT+0800 (Malay Peninsula Standard Time),,s1w131,focus,
Wed Sep 02 2015 12:03:01 GMT+0800 (Malay Peninsula Standard Time),,s1w132,focus,
Wed Sep 02 2015 12:03:02 GMT+0800 (Malay Peninsula Standard Time),,s1w133,focus,
Wed Sep 02 2015 12:03:02 GMT+0800 (Malay Peninsula Standard Time),,s1w134,focus,
Wed Sep 02 2015 12:03:03 GMT+0800 (Malay Peninsula Standard Time),,s1w135,focus,
Wed Sep 02 2015 12:03:03 GMT+0800 (Malay Peninsula Standard Time),,s1w136,focus,
Wed Sep 02 2015 12:03:04 GMT+0800 (Malay Peninsula Standard Time),,s1w137,focus,
Wed Sep 02 2015 12:03:05 GMT+0800 (Malay Peninsula Standard Time),,s1w138,focus,
Wed Sep 02 2015 12:03:06 GMT+0800 (Malay Peninsula Standard Time),,s1w139,focus,
Wed Sep 02 2015 12:03:07 GMT+0800 (Malay Peninsula Standard Time),,s1w140,focus,
Wed Sep 02 2015 12:03:08 GMT+0800 (Malay Peninsula Standard Time),,s1w141,focus,
Wed Sep 02 2015 12:03:24 GMT+0800 (Malay Peninsula Standard Time),,s1w142,focus,
Wed Sep 02 2015 12:03:25 GMT+0800 (Malay Peninsula Standard Time),,s1w143,focus,
Wed Sep 02 2015 12:03:25 GMT+0800 (Malay Peninsula Standard Time),,s1w144,focus,
Wed Sep 02 2015 12:03:25 GMT+0800 (Malay Peninsula Standard Time),,s1w145,focus,
Wed Sep 02 2015 12:03:25 GMT+0800 (Malay Peninsula Standard Time),,s1w146,focus,
Wed Sep 02 2015 12:03:29 GMT+0800 (Malay Peninsula Standard Time),,s1w146,label,"V"
Wed Sep 02 2015 12:03:29 GMT+0800 (Malay Peninsula Standard Time),,s1w147,focus,
Wed Sep 02 2015 12:03:31 GMT+0800 (Malay Peninsula Standard Time),,s1w148,focus,
Wed Sep 02 2015 12:03:31 GMT+0800 (Malay Peninsula Standard Time),,s1w149,focus,
Wed Sep 02 2015 12:03:31 GMT+0800 (Malay Peninsula Standard Time),,s1w150,focus,
Wed Sep 02 2015 12:03:32 GMT+0800 (Malay Peninsula Standard Time),,s1w151,focus,
Wed Sep 02 2015 12:03:33 GMT+0800 (Malay Peninsula Standard Time),,s1w152,focus,
Wed Sep 02 2015 12:03:33 GMT+0800 (Malay Peninsula Standard Time),,s1w153,focus,
Wed Sep 02 2015 12:03:34 GMT+0800 (Malay Peninsula Standard Time),,s1w154,focus,
Wed Sep 02 2015 12:03:34 GMT+0800 (Malay Peninsula Standard Time),,s1w155,focus,
Wed Sep 02 2015 12:03:35 GMT+0800 (Malay Peninsula Standard Time),,s1w156,focus,
Wed Sep 02 2015 12:03:35 GMT+0800 (Malay Peninsula Standard Time),,s1w157,focus,
Wed Sep 02 2015 12:03:36 GMT+0800 (Malay Peninsula Standard Time),,s1w158,focus,
Wed Sep 02 2015 12:03:36 GMT+0800 (Malay Peninsula Standard Time),,s1w159,focus,
Wed Sep 02 2015 12:03:36 GMT+0800 (Malay Peninsula Standard Time),,s1w160,focus,
Wed Sep 02 2015 12:03:37 GMT+0800 (Malay Peninsula Standard Time),,s1w161,focus,
Wed Sep 02 2015 12:03:37 GMT+0800 (Malay Peninsula Standard Time),,s2w1,focus,
Wed Sep 02 2015 12:03:42 GMT+0800 (Malay Peninsula Standard Time),,s2w2,focus,
Wed Sep 02 2015 12:03:43 GMT+0800 (Malay Peninsula Standard Time),,s2w3,focus,
Wed Sep 02 2015 12:03:43 GMT+0800 (Malay Peninsula Standard Time),,s2w4,focus,
Wed Sep 02 2015 12:03:44 GMT+0800 (Malay Peninsula Standard Time),,s2w5,focus,
Wed Sep 02 2015 12:03:46 GMT+0800 (Malay Peninsula Standard Time),,s2w5,label,"^"
Wed Sep 02 2015 12:03:48 GMT+0800 (Malay Peninsula Standard Time),,s2w6,focus,
Wed Sep 02 2015 12:03:48 GMT+0800 (Malay Peninsula Standard Time),,s2w7,focus,
Wed Sep 02 2015 12:03:48 GMT+0800 (Malay Peninsula Standard Time),,s2w8,focus,
Wed Sep 02 2015 12:03:49 GMT+0800 (Malay Peninsula Standard Time),,s2w9,focus,
Wed Sep 02 2015 12:03:57 GMT+0800 (Malay Peninsula Standard Time),,s2w9,label,"^"
Wed Sep 02 2015 12:03:58 GMT+0800 (Malay Peninsula Standard Time),,s2w10,focus,
Wed Sep 02 2015 12:03:58 GMT+0800 (Malay Peninsula Standard Time),,s2w11,focus,
Wed Sep 02 2015 12:03:58 GMT+0800 (Malay Peninsula Standard Time),,s2w12,focus,
Wed Sep 02 2015 12:03:58 GMT+0800 (Malay Peninsula Standard Time),,s2w13,focus,
Wed Sep 02 2015 12:03:58 GMT+0800 (Malay Peninsula Standard Time),,s2w14,focus,
Wed Sep 02 2015 12:03:59 GMT+0800 (Malay Peninsula Standard Time),,s2w15,focus,
Wed Sep 02 2015 12:03:59 GMT+0800 (Malay Peninsula Standard Time),,s2w16,focus,
Wed Sep 02 2015 12:04:00 GMT+0800 (Malay Peninsula Standard Time),,s2w16,label,"^"
Wed Sep 02 2015 12:04:01 GMT+0800 (Malay Peninsula Standard Time),,s2w17,focus,
Wed Sep 02 2015 12:04:02 GMT+0800 (Malay Peninsula Standard Time),,s2w18,focus,
Wed Sep 02 2015 12:04:02 GMT+0800 (Malay Peninsula Standard Time),,s2w19,focus,
Wed Sep 02 2015 12:04:03 GMT+0800 (Malay Peninsula Standard Time),,s2w20,focus,
Wed Sep 02 2015 12:04:03 GMT+0800 (Malay Peninsula Standard Time),,s2w21,focus,
Wed Sep 02 2015 12:04:03 GMT+0800 (Malay Peninsula Standard Time),,s2w22,focus,
Wed Sep 02 2015 12:04:04 GMT+0800 (Malay Peninsula Standard Time),,s2w23,focus,
Wed Sep 02 2015 12:04:04 GMT+0800 (Malay Peninsula Standard Time),,s2w24,focus,
Wed Sep 02 2015 12:04:05 GMT+0800 (Malay Peninsula Standard Time),,s2w25,focus,
Wed Sep 02 2015 12:04:06 GMT+0800 (Malay Peninsula Standard Time),,s2w26,focus,
Wed Sep 02 2015 12:04:07 GMT+0800 (Malay Peninsula Standard Time),,s2w25,focus,
Wed Sep 02 2015 12:04:09 GMT+0800 (Malay Peninsula Standard Time),,s2w25,label,"N"
Wed Sep 02 2015 12:04:09 GMT+0800 (Malay Peninsula Standard Time),,s2w26,focus,
Wed Sep 02 2015 12:04:10 GMT+0800 (Malay Peninsula Standard Time),,s2w27,focus,
Wed Sep 02 2015 12:04:10 GMT+0800 (Malay Peninsula Standard Time),,s2w28,focus,
Wed Sep 02 2015 12:04:10 GMT+0800 (Malay Peninsula Standard Time),,s2w29,focus,
Wed Sep 02 2015 12:04:11 GMT+0800 (Malay Peninsula Standard Time),,s2w30,focus,
Wed Sep 02 2015 12:04:11 GMT+0800 (Malay Peninsula Standard Time),,s2w31,focus,
Wed Sep 02 2015 12:04:11 GMT+0800 (Malay Peninsula Standard Time),,s2w32,focus,
Wed Sep 02 2015 12:04:12 GMT+0800 (Malay Peninsula Standard Time),,s2w33,focus,
Wed Sep 02 2015 12:04:12 GMT+0800 (Malay Peninsula Standard Time),,s2w34,focus,
Wed Sep 02 2015 12:04:13 GMT+0800 (Malay Peninsula Standard Time),,s2w34,label,"^"
Wed Sep 02 2015 12:04:13 GMT+0800 (Malay Peninsula Standard Time),,s2w35,focus,
Wed Sep 02 2015 12:04:13 GMT+0800 (Malay Peninsula Standard Time),,s2w36,focus,
Wed Sep 02 2015 12:04:14 GMT+0800 (Malay Peninsula Standard Time),,s2w37,focus,
Wed Sep 02 2015 12:04:14 GMT+0800 (Malay Peninsula Standard Time),,s2w38,focus,
Wed Sep 02 2015 12:04:14 GMT+0800 (Malay Peninsula Standard Time),,s2w39,focus,
Wed Sep 02 2015 12:04:15 GMT+0800 (Malay Peninsula Standard Time),,s3w1,focus,
Wed Sep 02 2015 12:04:16 GMT+0800 (Malay Peninsula Standard Time),,s2w39,focus,
Wed Sep 02 2015 12:04:16 GMT+0800 (Malay Peninsula Standard Time),,s2w38,focus,
Wed Sep 02 2015 12:04:17 GMT+0800 (Malay Peninsula Standard Time),,s2w38,label,"^"
Wed Sep 02 2015 12:04:18 GMT+0800 (Malay Peninsula Standard Time),,s2w39,focus,
Wed Sep 02 2015 12:04:18 GMT+0800 (Malay Peninsula Standard Time),,s3w1,focus,
Wed Sep 02 2015 12:04:18 GMT+0800 (Malay Peninsula Standard Time),,s3w2,focus,
Wed Sep 02 2015 12:04:18 GMT+0800 (Malay Peninsula Standard Time),,s3w3,focus,
Wed Sep 02 2015 12:04:19 GMT+0800 (Malay Peninsula Standard Time),,s3w4,focus,
Wed Sep 02 2015 12:04:19 GMT+0800 (Malay Peninsula Standard Time),,s3w5,focus,
Wed Sep 02 2015 12:04:19 GMT+0800 (Malay Peninsula Standard Time),,s3w6,focus,
Wed Sep 02 2015 12:04:19 GMT+0800 (Malay Peninsula Standard Time),,s3w7,focus,
Wed Sep 02 2015 12:04:19 GMT+0800 (Malay Peninsula Standard Time),,s3w8,focus,
Wed Sep 02 2015 12:04:20 GMT+0800 (Malay Peninsula Standard Time),,s3w8,label,"^"
Wed Sep 02 2015 12:04:20 GMT+0800 (Malay Peninsula Standard Time),,s3w9,focus,
Wed Sep 02 2015 12:04:21 GMT+0800 (Malay Peninsula Standard Time),,s3w10,focus,
Wed Sep 02 2015 12:04:21 GMT+0800 (Malay Peninsula Standard Time),,s3w11,focus,
Wed Sep 02 2015 12:04:21 GMT+0800 (Malay Peninsula Standard Time),,s3w12,focus,
Wed Sep 02 2015 12:04:22 GMT+0800 (Malay Peninsula Standard Time),,s3w13,focus,
Wed Sep 02 2015 12:04:22 GMT+0800 (Malay Peninsula Standard Time),,s3w14,focus,
Wed Sep 02 2015 12:04:22 GMT+0800 (Malay Peninsula Standard Time),,s3w15,focus,
Wed Sep 02 2015 12:04:22 GMT+0800 (Malay Peninsula Standard Time),,s3w16,focus,
Wed Sep 02 2015 12:04:22 GMT+0800 (Malay Peninsula Standard Time),,s3w17,focus,
Wed Sep 02 2015 12:04:23 GMT+0800 (Malay Peninsula Standard Time),,s3w18,focus,
Wed Sep 02 2015 12:04:23 GMT+0800 (Malay Peninsula Standard Time),,s3w19,focus,
Wed Sep 02 2015 12:04:23 GMT+0800 (Malay Peninsula Standard Time),,s3w20,focus,
Wed Sep 02 2015 12:04:23 GMT+0800 (Malay Peninsula Standard Time),,s3w21,focus,
Wed Sep 02 2015 12:04:24 GMT+0800 (Malay Peninsula Standard Time),,s3w22,focus,
Wed Sep 02 2015 12:04:24 GMT+0800 (Malay Peninsula Standard Time),,s3w23,focus,
Wed Sep 02 2015 12:04:24 GMT+0800 (Malay Peninsula Standard Time),,s3w24,focus,
Wed Sep 02 2015 12:04:24 GMT+0800 (Malay Peninsula Standard Time),,s3w25,focus,
Wed Sep 02 2015 12:04:25 GMT+0800 (Malay Peninsula Standard Time),,s3w26,focus,
Wed Sep 02 2015 12:04:26 GMT+0800 (Malay Peninsula Standard Time),,s3w27,focus,
Wed Sep 02 2015 12:04:27 GMT+0800 (Malay Peninsula Standard Time),,s3w28,focus,
Wed Sep 02 2015 12:04:27 GMT+0800 (Malay Peninsula Standard Time),,s3w29,focus,
Wed Sep 02 2015 12:04:27 GMT+0800 (Malay Peninsula Standard Time),,s3w30,focus,
Wed Sep 02 2015 12:04:27 GMT+0800 (Malay Peninsula Standard Time),,s3w31,focus,
Wed Sep 02 2015 12:04:27 GMT+0800 (Malay Peninsula Standard Time),,s3w32,focus,
Wed Sep 02 2015 12:04:28 GMT+0800 (Malay Peninsula Standard Time),,s3w33,focus,
Wed Sep 02 2015 12:04:28 GMT+0800 (Malay Peninsula Standard Time),,s3w34,focus,
Wed Sep 02 2015 12:04:29 GMT+0800 (Malay Peninsula Standard Time),,s3w35,focus,
Wed Sep 02 2015 12:04:30 GMT+0800 (Malay Peninsula Standard Time),,s3w35,label,"^"
Wed Sep 02 2015 12:04:30 GMT+0800 (Malay Peninsula Standard Time),,s3w36,focus,
Wed Sep 02 2015 12:04:30 GMT+0800 (Malay Peninsula Standard Time),,s3w37,focus,
Wed Sep 02 2015 12:04:31 GMT+0800 (Malay Peninsula Standard Time),,s3w37,label,"^"
Wed Sep 02 2015 12:04:31 GMT+0800 (Malay Peninsula Standard Time),,s3w38,focus,
Wed Sep 02 2015 12:04:36 GMT+0800 (Malay Peninsula Standard Time),,s3w39,focus,
Wed Sep 02 2015 12:04:36 GMT+0800 (Malay Peninsula Standard Time),,s3w40,focus,
Wed Sep 02 2015 12:04:36 GMT+0800 (Malay Peninsula Standard Time),,s3w41,focus,
Wed Sep 02 2015 12:04:37 GMT+0800 (Malay Peninsula Standard Time),,s3w42,focus,
Wed Sep 02 2015 12:04:37 GMT+0800 (Malay Peninsula Standard Time),,s3w43,focus,
Wed Sep 02 2015 12:04:38 GMT+0800 (Malay Peninsula Standard Time),,s3w44,focus,
Wed Sep 02 2015 12:04:38 GMT+0800 (Malay Peninsula Standard Time),,s3w45,focus,
Wed Sep 02 2015 12:04:38 GMT+0800 (Malay Peninsula Standard Time),,s3w46,focus,
Wed Sep 02 2015 12:04:38 GMT+0800 (Malay Peninsula Standard Time),,s3w47,focus,
Wed Sep 02 2015 12:04:39 GMT+0800 (Malay Peninsula Standard Time),,s3w48,focus,
Wed Sep 02 2015 12:04:39 GMT+0800 (Malay Peninsula Standard Time),,s3w49,focus,
Wed Sep 02 2015 12:04:40 GMT+0800 (Malay Peninsula Standard Time),,s3w50,focus,
Wed Sep 02 2015 12:04:40 GMT+0800 (Malay Peninsula Standard Time),,s3w51,focus,
Wed Sep 02 2015 12:04:40 GMT+0800 (Malay Peninsula Standard Time),,s3w52,focus,
Wed Sep 02 2015 12:04:42 GMT+0800 (Malay Peninsula Standard Time),,s3w52,label,"^"
Wed Sep 02 2015 12:04:42 GMT+0800 (Malay Peninsula Standard Time),,s3w53,focus,
Wed Sep 02 2015 12:04:42 GMT+0800 (Malay Peninsula Standard Time),,s3w54,focus,
Wed Sep 02 2015 12:04:43 GMT+0800 (Malay Peninsula Standard Time),,s3w55,focus,
Wed Sep 02 2015 12:04:47 GMT+0800 (Malay Peninsula Standard Time),,s3w55,label,"^"
Wed Sep 02 2015 12:04:48 GMT+0800 (Malay Peninsula Standard Time),,s3w56,focus,
Wed Sep 02 2015 12:04:48 GMT+0800 (Malay Peninsula Standard Time),,s3w57,focus,
Wed Sep 02 2015 12:04:48 GMT+0800 (Malay Peninsula Standard Time),,s3w58,focus,
Wed Sep 02 2015 12:04:49 GMT+0800 (Malay Peninsula Standard Time),,s3w59,focus,
Wed Sep 02 2015 12:04:49 GMT+0800 (Malay Peninsula Standard Time),,s3w60,focus,
Wed Sep 02 2015 12:04:49 GMT+0800 (Malay Peninsula Standard Time),,s3w61,focus,
Wed Sep 02 2015 12:04:51 GMT+0800 (Malay Peninsula Standard Time),,s3w61,label,"^"
Wed Sep 02 2015 12:04:51 GMT+0800 (Malay Peninsula Standard Time),,s3w62,focus,
Wed Sep 02 2015 12:04:51 GMT+0800 (Malay Peninsula Standard Time),,s3w63,focus,
Wed Sep 02 2015 12:04:52 GMT+0800 (Malay Peninsula Standard Time),,s3w64,focus,
Wed Sep 02 2015 12:04:53 GMT+0800 (Malay Peninsula Standard Time),,s3w65,focus,
Wed Sep 02 2015 12:04:53 GMT+0800 (Malay Peninsula Standard Time),,s3w66,focus,
Wed Sep 02 2015 12:04:54 GMT+0800 (Malay Peninsula Standard Time),,s3w67,focus,
Wed Sep 02 2015 12:04:54 GMT+0800 (Malay Peninsula Standard Time),,s3w68,focus,
Wed Sep 02 2015 12:04:54 GMT+0800 (Malay Peninsula Standard Time),,s3w69,focus,
Wed Sep 02 2015 12:04:55 GMT+0800 (Malay Peninsula Standard Time),,s3w70,focus,
Wed Sep 02 2015 12:04:55 GMT+0800 (Malay Peninsula Standard Time),,s3w71,focus,
Wed Sep 02 2015 12:04:56 GMT+0800 (Malay Peninsula Standard Time),,s3w72,focus,
Wed Sep 02 2015 12:04:56 GMT+0800 (Malay Peninsula Standard Time),,s3w73,focus,
Wed Sep 02 2015 12:04:56 GMT+0800 (Malay Peninsula Standard Time),,s3w74,focus,
Wed Sep 02 2015 12:04:57 GMT+0800 (Malay Peninsula Standard Time),,s3w75,focus,
Wed Sep 02 2015 12:04:57 GMT+0800 (Malay Peninsula Standard Time),,s3w76,focus,
Wed Sep 02 2015 12:04:57 GMT+0800 (Malay Peninsula Standard Time),,s3w77,focus,
Wed Sep 02 2015 12:04:58 GMT+0800 (Malay Peninsula Standard Time),,s3w78,focus,
Wed Sep 02 2015 12:04:58 GMT+0800 (Malay Peninsula Standard Time),,s3w77,focus,
Wed Sep 02 2015 12:04:59 GMT+0800 (Malay Peninsula Standard Time),,s3w77,label,"^"
Wed Sep 02 2015 12:04:59 GMT+0800 (Malay Peninsula Standard Time),,s3w78,focus,
Wed Sep 02 2015 12:05:00 GMT+0800 (Malay Peninsula Standard Time),,s3w79,focus,
Wed Sep 02 2015 12:05:00 GMT+0800 (Malay Peninsula Standard Time),,s3w80,focus,
Wed Sep 02 2015 12:05:00 GMT+0800 (Malay Peninsula Standard Time),,s3w81,focus,
Wed Sep 02 2015 12:05:01 GMT+0800 (Malay Peninsula Standard Time),,s3w80,focus,
Wed Sep 02 2015 12:05:01 GMT+0800 (Malay Peninsula Standard Time),,s3w79,focus,
Wed Sep 02 2015 12:05:06 GMT+0800 (Malay Peninsula Standard Time),,s3w79,label,"^"
Wed Sep 02 2015 12:05:07 GMT+0800 (Malay Peninsula Standard Time),,s3w80,focus,
Wed Sep 02 2015 12:05:07 GMT+0800 (Malay Peninsula Standard Time),,s3w81,focus,
Wed Sep 02 2015 12:05:07 GMT+0800 (Malay Peninsula Standard Time),,s3w82,focus,
Wed Sep 02 2015 12:05:07 GMT+0800 (Malay Peninsula Standard Time),,s3w83,focus,
Wed Sep 02 2015 12:05:08 GMT+0800 (Malay Peninsula Standard Time),,s3w84,focus,
Wed Sep 02 2015 12:05:09 GMT+0800 (Malay Peninsula Standard Time),,s3w85,focus,
Wed Sep 02 2015 12:05:09 GMT+0800 (Malay Peninsula Standard Time),,s4w1,focus,
Wed Sep 02 2015 12:05:09 GMT+0800 (Malay Peninsula Standard Time),,s4w2,focus,
Wed Sep 02 2015 12:05:10 GMT+0800 (Malay Peninsula Standard Time),,s4w3,focus,
Wed Sep 02 2015 12:05:10 GMT+0800 (Malay Peninsula Standard Time),,s4w4,focus,
Wed Sep 02 2015 12:05:10 GMT+0800 (Malay Peninsula Standard Time),,s4w5,focus,
Wed Sep 02 2015 12:05:11 GMT+0800 (Malay Peninsula Standard Time),,s4w6,focus,
Wed Sep 02 2015 12:05:11 GMT+0800 (Malay Peninsula Standard Time),,s4w7,focus,
Wed Sep 02 2015 12:05:11 GMT+0800 (Malay Peninsula Standard Time),,s4w8,focus,
Wed Sep 02 2015 12:05:11 GMT+0800 (Malay Peninsula Standard Time),,s4w9,focus,
Wed Sep 02 2015 12:05:12 GMT+0800 (Malay Peninsula Standard Time),,s4w10,focus,
Wed Sep 02 2015 12:05:12 GMT+0800 (Malay Peninsula Standard Time),,s4w11,focus,
Wed Sep 02 2015 12:05:12 GMT+0800 (Malay Peninsula Standard Time),,s4w12,focus,
Wed Sep 02 2015 12:05:12 GMT+0800 (Malay Peninsula Standard Time),,s4w13,focus,
Wed Sep 02 2015 12:05:12 GMT+0800 (Malay Peninsula Standard Time),,s4w14,focus,
Wed Sep 02 2015 12:05:13 GMT+0800 (Malay Peninsula Standard Time),,s4w15,focus,
Wed Sep 02 2015 12:05:13 GMT+0800 (Malay Peninsula Standard Time),,s4w16,focus,
Wed Sep 02 2015 12:05:13 GMT+0800 (Malay Peninsula Standard Time),,s4w17,focus,
Wed Sep 02 2015 12:05:13 GMT+0800 (Malay Peninsula Standard Time),,s4w18,focus,
Wed Sep 02 2015 12:05:14 GMT+0800 (Malay Peninsula Standard Time),,s4w17,focus,
Wed Sep 02 2015 12:05:15 GMT+0800 (Malay Peninsula Standard Time),,s4w17,label,"^"
Wed Sep 02 2015 12:05:15 GMT+0800 (Malay Peninsula Standard Time),,s4w18,focus,
Wed Sep 02 2015 12:05:15 GMT+0800 (Malay Peninsula Standard Time),,s4w19,focus,
Wed Sep 02 2015 12:05:16 GMT+0800 (Malay Peninsula Standard Time),,s4w20,focus,
Wed Sep 02 2015 12:05:16 GMT+0800 (Malay Peninsula Standard Time),,s4w21,focus,
Wed Sep 02 2015 12:05:16 GMT+0800 (Malay Peninsula Standard Time),,s4w22,focus,
Wed Sep 02 2015 12:05:16 GMT+0800 (Malay Peninsula Standard Time),,s4w23,focus,
Wed Sep 02 2015 12:05:17 GMT+0800 (Malay Peninsula Standard Time),,s4w24,focus,
Wed Sep 02 2015 12:05:18 GMT+0800 (Malay Peninsula Standard Time),,s4w25,focus,
Wed Sep 02 2015 12:05:19 GMT+0800 (Malay Peninsula Standard Time),,s4w26,focus,
Wed Sep 02 2015 12:05:19 GMT+0800 (Malay Peninsula Standard Time),,s4w27,focus,
Wed Sep 02 2015 12:05:19 GMT+0800 (Malay Peninsula Standard Time),,s4w28,focus,
Wed Sep 02 2015 12:05:20 GMT+0800 (Malay Peninsula Standard Time),,s4w29,focus,
Wed Sep 02 2015 12:05:21 GMT+0800 (Malay Peninsula Standard Time),,s4w30,focus,
Wed Sep 02 2015 12:05:21 GMT+0800 (Malay Peninsula Standard Time),,s4w31,focus,
Wed Sep 02 2015 12:05:21 GMT+0800 (Malay Peninsula Standard Time),,s4w32,focus,
Wed Sep 02 2015 12:05:21 GMT+0800 (Malay Peninsula Standard Time),,s4w33,focus,
Wed Sep 02 2015 12:05:21 GMT+0800 (Malay Peninsula Standard Time),,s4w34,focus,
Wed Sep 02 2015 12:05:22 GMT+0800 (Malay Peninsula Standard Time),,s4w35,focus,
Wed Sep 02 2015 12:05:22 GMT+0800 (Malay Peninsula Standard Time),,s4w36,focus,
Wed Sep 02 2015 12:05:22 GMT+0800 (Malay Peninsula Standard Time),,s4w37,focus,
Wed Sep 02 2015 12:05:23 GMT+0800 (Malay Peninsula Standard Time),,s4w37,label,"^"
Wed Sep 02 2015 12:05:23 GMT+0800 (Malay Peninsula Standard Time),,s4w38,focus,
Wed Sep 02 2015 12:05:23 GMT+0800 (Malay Peninsula Standard Time),,s4w39,focus,
Wed Sep 02 2015 12:05:23 GMT+0800 (Malay Peninsula Standard Time),,s4w40,focus,
Wed Sep 02 2015 12:05:23 GMT+0800 (Malay Peninsula Standard Time),,s4w41,focus,
Wed Sep 02 2015 12:05:23 GMT+0800 (Malay Peninsula Standard Time),,s4w42,focus,
Wed Sep 02 2015 12:05:24 GMT+0800 (Malay Peninsula Standard Time),,s4w43,focus,
Wed Sep 02 2015 12:05:24 GMT+0800 (Malay Peninsula Standard Time),,s4w44,focus,
Wed Sep 02 2015 12:05:25 GMT+0800 (Malay Peninsula Standard Time),,s4w45,focus,
Wed Sep 02 2015 12:05:25 GMT+0800 (Malay Peninsula Standard Time),,s4w46,focus,
Wed Sep 02 2015 12:05:25 GMT+0800 (Malay Peninsula Standard Time),,s4w47,focus,
Wed Sep 02 2015 12:05:25 GMT+0800 (Malay Peninsula Standard Time),,s4w48,focus,
Wed Sep 02 2015 12:05:26 GMT+0800 (Malay Peninsula Standard Time),,s4w49,focus,
Wed Sep 02 2015 12:05:26 GMT+0800 (Malay Peninsula Standard Time),,s4w50,focus,
Wed Sep 02 2015 12:05:26 GMT+0800 (Malay Peninsula Standard Time),,s4w51,focus,
Wed Sep 02 2015 12:05:26 GMT+0800 (Malay Peninsula Standard Time),,s4w52,focus,
Wed Sep 02 2015 12:05:26 GMT+0800 (Malay Peninsula Standard Time),,s4w53,focus,
Wed Sep 02 2015 12:05:27 GMT+0800 (Malay Peninsula Standard Time),,s4w54,focus,
Wed Sep 02 2015 12:05:27 GMT+0800 (Malay Peninsula Standard Time),,s4w55,focus,
Wed Sep 02 2015 12:05:27 GMT+0800 (Malay Peninsula Standard Time),,s4w56,focus,
Wed Sep 02 2015 12:05:27 GMT+0800 (Malay Peninsula Standard Time),,s4w57,focus,
Wed Sep 02 2015 12:05:28 GMT+0800 (Malay Peninsula Standard Time),,s4w58,focus,
Wed Sep 02 2015 12:05:28 GMT+0800 (Malay Peninsula Standard Time),,s4w59,focus,
Wed Sep 02 2015 12:05:28 GMT+0800 (Malay Peninsula Standard Time),,s4w60,focus,
Wed Sep 02 2015 12:05:28 GMT+0800 (Malay Peninsula Standard Time),,s4w61,focus,
Wed Sep 02 2015 12:05:29 GMT+0800 (Malay Peninsula Standard Time),,s4w62,focus,
Wed Sep 02 2015 12:05:30 GMT+0800 (Malay Peninsula Standard Time),,s4w63,focus,
Wed Sep 02 2015 12:05:32 GMT+0800 (Malay Peninsula Standard Time),,s4w64,focus,
Wed Sep 02 2015 12:05:32 GMT+0800 (Malay Peninsula Standard Time),,s4w65,focus,
Wed Sep 02 2015 12:05:32 GMT+0800 (Malay Peninsula Standard Time),,s4w66,focus,
Wed Sep 02 2015 12:05:32 GMT+0800 (Malay Peninsula Standard Time),,s4w67,focus,
Wed Sep 02 2015 12:05:33 GMT+0800 (Malay Peninsula Standard Time),,s4w68,focus,
Wed Sep 02 2015 12:05:33 GMT+0800 (Malay Peninsula Standard Time),,s4w69,focus,
Wed Sep 02 2015 12:05:33 GMT+0800 (Malay Peninsula Standard Time),,s4w70,focus,
Wed Sep 02 2015 12:05:34 GMT+0800 (Malay Peninsula Standard Time),,s4w71,focus,
Wed Sep 02 2015 12:05:35 GMT+0800 (Malay Peninsula Standard Time),,s4w72,focus,
Wed Sep 02 2015 12:05:35 GMT+0800 (Malay Peninsula Standard Time),,s4w73,focus,
Wed Sep 02 2015 12:06:05 GMT+0800 (Malay Peninsula Standard Time),,s4w74,focus,
Wed Sep 02 2015 12:06:06 GMT+0800 (Malay Peninsula Standard Time),,s4w75,focus,
Wed Sep 02 2015 12:06:07 GMT+0800 (Malay Peninsula Standard Time),,s4w76,focus,
Wed Sep 02 2015 12:06:08 GMT+0800 (Malay Peninsula Standard Time),,s4w77,focus,
Wed Sep 02 2015 12:06:09 GMT+0800 (Malay Peninsula Standard Time),,s4w78,focus,
Wed Sep 02 2015 12:06:10 GMT+0800 (Malay Peninsula Standard Time),,s4w79,focus,
Wed Sep 02 2015 12:06:10 GMT+0800 (Malay Peninsula Standard Time),,s4w80,focus,
Wed Sep 02 2015 12:06:11 GMT+0800 (Malay Peninsula Standard Time),,s4w81,focus,
Wed Sep 02 2015 12:06:12 GMT+0800 (Malay Peninsula Standard Time),,s4w82,focus,
Wed Sep 02 2015 12:06:12 GMT+0800 (Malay Peninsula Standard Time),,s4w83,focus,
Wed Sep 02 2015 12:06:13 GMT+0800 (Malay Peninsula Standard Time),,s4w84,focus,
Wed Sep 02 2015 12:06:13 GMT+0800 (Malay Peninsula Standard Time),,s4w85,focus,
Wed Sep 02 2015 12:06:14 GMT+0800 (Malay Peninsula Standard Time),,s4w86,focus,
Wed Sep 02 2015 12:06:14 GMT+0800 (Malay Peninsula Standard Time),,s4w87,focus,
Wed Sep 02 2015 12:06:14 GMT+0800 (Malay Peninsula Standard Time),,s4w88,focus,
Wed Sep 02 2015 12:06:15 GMT+0800 (Malay Peninsula Standard Time),,s4w89,focus,
Wed Sep 02 2015 12:06:15 GMT+0800 (Malay Peninsula Standard Time),,s4w90,focus,
Wed Sep 02 2015 12:06:15 GMT+0800 (Malay Peninsula Standard Time),,s4w91,focus,
Wed Sep 02 2015 12:06:15 GMT+0800 (Malay Peninsula Standard Time),,s4w92,focus,
Wed Sep 02 2015 12:06:16 GMT+0800 (Malay Peninsula Standard Time),,s5w1,focus,
Wed Sep 02 2015 12:06:18 GMT+0800 (Malay Peninsula Standard Time),,s5w2,focus,
Wed Sep 02 2015 12:06:18 GMT+0800 (Malay Peninsula Standard Time),,s5w3,focus,
Wed Sep 02 2015 12:06:18 GMT+0800 (Malay Peninsula Standard Time),,s5w2,focus,
Wed Sep 02 2015 12:06:19 GMT+0800 (Malay Peninsula Standard Time),,s5w1,focus,
Wed Sep 02 2015 12:06:25 GMT+0800 (Malay Peninsula Standard Time),,s5w1,label,"D"
Wed Sep 02 2015 12:06:26 GMT+0800 (Malay Peninsula Standard Time),,s5w2,focus,
Wed Sep 02 2015 12:06:26 GMT+0800 (Malay Peninsula Standard Time),,s5w3,focus,
Wed Sep 02 2015 12:06:26 GMT+0800 (Malay Peninsula Standard Time),,s5w4,focus,
Wed Sep 02 2015 12:06:27 GMT+0800 (Malay Peninsula Standard Time),,s5w5,focus,
Wed Sep 02 2015 12:06:27 GMT+0800 (Malay Peninsula Standard Time),,s5w6,focus,
Wed Sep 02 2015 12:06:28 GMT+0800 (Malay Peninsula Standard Time),,s5w7,focus,
Wed Sep 02 2015 12:06:28 GMT+0800 (Malay Peninsula Standard Time),,s5w8,focus,
Wed Sep 02 2015 12:06:28 GMT+0800 (Malay Peninsula Standard Time),,s5w9,focus,
Wed Sep 02 2015 12:06:28 GMT+0800 (Malay Peninsula Standard Time),,s5w10,focus,
Wed Sep 02 2015 12:06:28 GMT+0800 (Malay Peninsula Standard Time),,s5w11,focus,
Wed Sep 02 2015 12:06:29 GMT+0800 (Malay Peninsula Standard Time),,s5w12,focus,
Wed Sep 02 2015 12:06:29 GMT+0800 (Malay Peninsula Standard Time),,s5w13,focus,
Wed Sep 02 2015 12:06:29 GMT+0800 (Malay Peninsula Standard Time),,s5w14,focus,
Wed Sep 02 2015 12:06:30 GMT+0800 (Malay Peninsula Standard Time),,s5w15,focus,
Wed Sep 02 2015 12:06:30 GMT+0800 (Malay Peninsula Standard Time),,s5w16,focus,
Wed Sep 02 2015 12:06:30 GMT+0800 (Malay Peninsula Standard Time),,s5w17,focus,
Wed Sep 02 2015 12:06:36 GMT+0800 (Malay Peninsula Standard Time),,s5w18,focus,
Wed Sep 02 2015 12:06:37 GMT+0800 (Malay Peninsula Standard Time),,s5w19,focus,
Wed Sep 02 2015 12:06:37 GMT+0800 (Malay Peninsula Standard Time),,s5w20,focus,
Wed Sep 02 2015 12:06:37 GMT+0800 (Malay Peninsula Standard Time),,s5w21,focus,
Wed Sep 02 2015 12:06:38 GMT+0800 (Malay Peninsula Standard Time),,s5w22,focus,
Wed Sep 02 2015 12:06:38 GMT+0800 (Malay Peninsula Standard Time),,s5w23,focus,
Wed Sep 02 2015 12:06:38 GMT+0800 (Malay Peninsula Standard Time),,s5w24,focus,
Wed Sep 02 2015 12:06:39 GMT+0800 (Malay Peninsula Standard Time),,s5w25,focus,
Wed Sep 02 2015 12:06:39 GMT+0800 (Malay Peninsula Standard Time),,s5w26,focus,
Wed Sep 02 2015 12:06:39 GMT+0800 (Malay Peninsula Standard Time),,s5w27,focus,
Wed Sep 02 2015 12:06:40 GMT+0800 (Malay Peninsula Standard Time),,s5w26,focus,
Wed Sep 02 2015 12:06:41 GMT+0800 (Malay Peninsula Standard Time),,s5w26,label,"^"
Wed Sep 02 2015 12:06:42 GMT+0800 (Malay Peninsula Standard Time),,s5w27,focus,
Wed Sep 02 2015 12:06:43 GMT+0800 (Malay Peninsula Standard Time),,s5w26,focus,
Wed Sep 02 2015 12:06:43 GMT+0800 (Malay Peninsula Standard Time),,s5w25,focus,
Wed Sep 02 2015 12:06:43 GMT+0800 (Malay Peninsula Standard Time),,s5w24,focus,
Wed Sep 02 2015 12:06:43 GMT+0800 (Malay Peninsula Standard Time),,s5w23,focus,
Wed Sep 02 2015 12:06:43 GMT+0800 (Malay Peninsula Standard Time),,s5w22,focus,
Wed Sep 02 2015 12:06:43 GMT+0800 (Malay Peninsula Standard Time),,s5w21,focus,
Wed Sep 02 2015 12:06:44 GMT+0800 (Malay Peninsula Standard Time),,s5w20,focus,
Wed Sep 02 2015 12:06:44 GMT+0800 (Malay Peninsula Standard Time),,s5w19,focus,
Wed Sep 02 2015 12:06:44 GMT+0800 (Malay Peninsula Standard Time),,s5w18,focus,
Wed Sep 02 2015 12:06:44 GMT+0800 (Malay Peninsula Standard Time),,s5w17,focus,
Wed Sep 02 2015 12:06:44 GMT+0800 (Malay Peninsula Standard Time),,s5w16,focus,
Wed Sep 02 2015 12:06:44 GMT+0800 (Malay Peninsula Standard Time),,s5w17,focus,
Wed Sep 02 2015 12:06:45 GMT+0800 (Malay Peninsula Standard Time),,s5w17,label,"^"
Wed Sep 02 2015 12:06:45 GMT+0800 (Malay Peninsula Standard Time),,s5w18,focus,
Wed Sep 02 2015 12:06:46 GMT+0800 (Malay Peninsula Standard Time),,s5w19,focus,
Wed Sep 02 2015 12:06:46 GMT+0800 (Malay Peninsula Standard Time),,s5w20,focus,
Wed Sep 02 2015 12:06:46 GMT+0800 (Malay Peninsula Standard Time),,s5w21,focus,
Wed Sep 02 2015 12:06:46 GMT+0800 (Malay Peninsula Standard Time),,s5w22,focus,
Wed Sep 02 2015 12:06:46 GMT+0800 (Malay Peninsula Standard Time),,s5w23,focus,
Wed Sep 02 2015 12:06:46 GMT+0800 (Malay Peninsula Standard Time),,s5w24,focus,
Wed Sep 02 2015 12:06:46 GMT+0800 (Malay Peninsula Standard Time),,s5w25,focus,
Wed Sep 02 2015 12:06:46 GMT+0800 (Malay Peninsula Standard Time),,s5w26,focus,
Wed Sep 02 2015 12:06:46 GMT+0800 (Malay Peninsula Standard Time),,s5w27,focus,
Wed Sep 02 2015 12:06:46 GMT+0800 (Malay Peninsula Standard Time),,s5w28,focus,
Wed Sep 02 2015 12:06:46 GMT+0800 (Malay Peninsula Standard Time),,s5w29,focus,
Wed Sep 02 2015 12:06:47 GMT+0800 (Malay Peninsula Standard Time),,s5w30,focus,
Wed Sep 02 2015 12:06:47 GMT+0800 (Malay Peninsula Standard Time),,s5w31,focus,
Wed Sep 02 2015 12:06:47 GMT+0800 (Malay Peninsula Standard Time),,s5w30,focus,
Wed Sep 02 2015 12:06:48 GMT+0800 (Malay Peninsula Standard Time),,s5w30,label,"^"
Wed Sep 02 2015 12:06:49 GMT+0800 (Malay Peninsula Standard Time),,s5w31,focus,
Wed Sep 02 2015 12:06:49 GMT+0800 (Malay Peninsula Standard Time),,s5w32,focus,
Wed Sep 02 2015 12:06:49 GMT+0800 (Malay Peninsula Standard Time),,s5w33,focus,
Wed Sep 02 2015 12:06:49 GMT+0800 (Malay Peninsula Standard Time),,s5w34,focus,
Wed Sep 02 2015 12:06:50 GMT+0800 (Malay Peninsula Standard Time),,s5w35,focus,
Wed Sep 02 2015 12:06:50 GMT+0800 (Malay Peninsula Standard Time),,s5w36,focus,
Wed Sep 02 2015 12:06:50 GMT+0800 (Malay Peninsula Standard Time),,s5w37,focus,
Wed Sep 02 2015 12:06:51 GMT+0800 (Malay Peninsula Standard Time),,s5w38,focus,
Wed Sep 02 2015 12:06:51 GMT+0800 (Malay Peninsula Standard Time),,s5w39,focus,
Wed Sep 02 2015 12:06:51 GMT+0800 (Malay Peninsula Standard Time),,s5w40,focus,
Wed Sep 02 2015 12:06:52 GMT+0800 (Malay Peninsula Standard Time),,s5w40,label,"^"
Wed Sep 02 2015 12:06:52 GMT+0800 (Malay Peninsula Standard Time),,s5w41,focus,
Wed Sep 02 2015 12:06:52 GMT+0800 (Malay Peninsula Standard Time),,s5w42,focus,
Wed Sep 02 2015 12:06:52 GMT+0800 (Malay Peninsula Standard Time),,s5w43,focus,
Wed Sep 02 2015 12:06:52 GMT+0800 (Malay Peninsula Standard Time),,s5w44,focus,
Wed Sep 02 2015 12:06:52 GMT+0800 (Malay Peninsula Standard Time),,s5w45,focus,
Wed Sep 02 2015 12:06:53 GMT+0800 (Malay Peninsula Standard Time),,s5w46,focus,
Wed Sep 02 2015 12:06:53 GMT+0800 (Malay Peninsula Standard Time),,s5w47,focus,
Wed Sep 02 2015 12:06:53 GMT+0800 (Malay Peninsula Standard Time),,s5w48,focus,
Wed Sep 02 2015 12:06:54 GMT+0800 (Malay Peninsula Standard Time),,s5w49,focus,
Wed Sep 02 2015 12:06:55 GMT+0800 (Malay Peninsula Standard Time),,s5w50,focus,
Wed Sep 02 2015 12:06:55 GMT+0800 (Malay Peninsula Standard Time),,s5w51,focus,
Wed Sep 02 2015 12:06:55 GMT+0800 (Malay Peninsula Standard Time),,s5w52,focus,
Wed Sep 02 2015 12:06:56 GMT+0800 (Malay Peninsula Standard Time),,s5w53,focus,
Wed Sep 02 2015 12:06:56 GMT+0800 (Malay Peninsula Standard Time),,s5w54,focus,
Wed Sep 02 2015 12:06:56 GMT+0800 (Malay Peninsula Standard Time),,s5w55,focus,
Wed Sep 02 2015 12:06:56 GMT+0800 (Malay Peninsula Standard Time),,s5w56,focus,
Wed Sep 02 2015 12:06:56 GMT+0800 (Malay Peninsula Standard Time),,s5w57,focus,
Wed Sep 02 2015 12:06:57 GMT+0800 (Malay Peninsula Standard Time),,s5w57,label,"^"
Wed Sep 02 2015 12:06:57 GMT+0800 (Malay Peninsula Standard Time),,s5w58,focus,
Wed Sep 02 2015 12:06:57 GMT+0800 (Malay Peninsula Standard Time),,s6w1,focus,
Wed Sep 02 2015 12:06:58 GMT+0800 (Malay Peninsula Standard Time),,s6w2,focus,
Wed Sep 02 2015 12:06:58 GMT+0800 (Malay Peninsula Standard Time),,s6w3,focus,
Wed Sep 02 2015 12:06:58 GMT+0800 (Malay Peninsula Standard Time),,s6w4,focus,
Wed Sep 02 2015 12:06:59 GMT+0800 (Malay Peninsula Standard Time),,s6w5,focus,
Wed Sep 02 2015 12:06:59 GMT+0800 (Malay Peninsula Standard Time),,s6w6,focus,
Wed Sep 02 2015 12:07:06 GMT+0800 (Malay Peninsula Standard Time),,s6w7,focus,
Wed Sep 02 2015 12:07:06 GMT+0800 (Malay Peninsula Standard Time),,s6w8,focus,
Wed Sep 02 2015 12:07:07 GMT+0800 (Malay Peninsula Standard Time),,s6w9,focus,
Wed Sep 02 2015 12:07:07 GMT+0800 (Malay Peninsula Standard Time),,s6w10,focus,
Wed Sep 02 2015 12:07:08 GMT+0800 (Malay Peninsula Standard Time),,s6w11,focus,
Wed Sep 02 2015 12:07:08 GMT+0800 (Malay Peninsula Standard Time),,s6w12,focus,
Wed Sep 02 2015 12:07:09 GMT+0800 (Malay Peninsula Standard Time),,s6w12,label,"^"
Wed Sep 02 2015 12:07:09 GMT+0800 (Malay Peninsula Standard Time),,s6w13,focus,
Wed Sep 02 2015 12:07:09 GMT+0800 (Malay Peninsula Standard Time),,s6w14,focus,
Wed Sep 02 2015 12:07:10 GMT+0800 (Malay Peninsula Standard Time),,s6w15,focus,
Wed Sep 02 2015 12:07:10 GMT+0800 (Malay Peninsula Standard Time),,s6w16,focus,
Wed Sep 02 2015 12:07:10 GMT+0800 (Malay Peninsula Standard Time),,s6w17,focus,
Wed Sep 02 2015 12:07:11 GMT+0800 (Malay Peninsula Standard Time),,s6w18,focus,
Wed Sep 02 2015 12:07:11 GMT+0800 (Malay Peninsula Standard Time),,s6w19,focus,
Wed Sep 02 2015 12:07:11 GMT+0800 (Malay Peninsula Standard Time),,s6w20,focus,
Wed Sep 02 2015 12:07:11 GMT+0800 (Malay Peninsula Standard Time),,s6w21,focus,
Wed Sep 02 2015 12:07:11 GMT+0800 (Malay Peninsula Standard Time),,s6w22,focus,
Wed Sep 02 2015 12:07:12 GMT+0800 (Malay Peninsula Standard Time),,s6w23,focus,
Wed Sep 02 2015 12:07:12 GMT+0800 (Malay Peninsula Standard Time),,s6w24,focus,
Wed Sep 02 2015 12:07:12 GMT+0800 (Malay Peninsula Standard Time),,s6w25,focus,
Wed Sep 02 2015 12:07:12 GMT+0800 (Malay Peninsula Standard Time),,s6w26,focus,
Wed Sep 02 2015 12:07:12 GMT+0800 (Malay Peninsula Standard Time),,s6w27,focus,
Wed Sep 02 2015 12:07:13 GMT+0800 (Malay Peninsula Standard Time),,s6w28,focus,
Wed Sep 02 2015 12:07:13 GMT+0800 (Malay Peninsula Standard Time),,s6w29,focus,
Wed Sep 02 2015 12:07:13 GMT+0800 (Malay Peninsula Standard Time),,s6w30,focus,
Wed Sep 02 2015 12:07:13 GMT+0800 (Malay Peninsula Standard Time),,s6w31,focus,
Wed Sep 02 2015 12:07:13 GMT+0800 (Malay Peninsula Standard Time),,s6w32,focus,
Wed Sep 02 2015 12:07:14 GMT+0800 (Malay Peninsula Standard Time),,s6w32,label,"^"
Wed Sep 02 2015 12:07:35 GMT+0800 (Malay Peninsula Standard Time),,s6w33,focus,
Wed Sep 02 2015 12:07:35 GMT+0800 (Malay Peninsula Standard Time),,s6w34,focus,
Wed Sep 02 2015 12:07:35 GMT+0800 (Malay Peninsula Standard Time),,s6w35,focus,
Wed Sep 02 2015 12:07:35 GMT+0800 (Malay Peninsula Standard Time),,s6w36,focus,
Wed Sep 02 2015 12:07:36 GMT+0800 (Malay Peninsula Standard Time),,s6w37,focus,
Wed Sep 02 2015 12:07:36 GMT+0800 (Malay Peninsula Standard Time),,s6w38,focus,
Wed Sep 02 2015 12:07:36 GMT+0800 (Malay Peninsula Standard Time),,s6w39,focus,
Wed Sep 02 2015 12:07:36 GMT+0800 (Malay Peninsula Standard Time),,s6w40,focus,
Wed Sep 02 2015 12:07:38 GMT+0800 (Malay Peninsula Standard Time),,s6w40,label,"^"
Wed Sep 02 2015 12:07:38 GMT+0800 (Malay Peninsula Standard Time),,s6w41,focus,
Wed Sep 02 2015 12:07:38 GMT+0800 (Malay Peninsula Standard Time),,s6w42,focus,
Wed Sep 02 2015 12:07:38 GMT+0800 (Malay Peninsula Standard Time),,s6w43,focus,
Wed Sep 02 2015 12:07:39 GMT+0800 (Malay Peninsula Standard Time),,s6w44,focus,
Wed Sep 02 2015 12:07:39 GMT+0800 (Malay Peninsula Standard Time),,s6w45,focus,
Wed Sep 02 2015 12:07:39 GMT+0800 (Malay Peninsula Standard Time),,s6w46,focus,
Wed Sep 02 2015 12:07:40 GMT+0800 (Malay Peninsula Standard Time),,s6w47,focus,
Wed Sep 02 2015 12:07:40 GMT+0800 (Malay Peninsula Standard Time),,s6w48,focus,
Wed Sep 02 2015 12:07:41 GMT+0800 (Malay Peninsula Standard Time),,s6w49,focus,
Wed Sep 02 2015 12:07:41 GMT+0800 (Malay Peninsula Standard Time),,s6w50,focus,
Wed Sep 02 2015 12:07:41 GMT+0800 (Malay Peninsula Standard Time),,s6w51,focus,
Wed Sep 02 2015 12:07:41 GMT+0800 (Malay Peninsula Standard Time),,s6w52,focus,
Wed Sep 02 2015 12:07:41 GMT+0800 (Malay Peninsula Standard Time),,s6w53,focus,
Wed Sep 02 2015 12:07:42 GMT+0800 (Malay Peninsula Standard Time),,s6w53,label,"^"
Wed Sep 02 2015 12:07:42 GMT+0800 (Malay Peninsula Standard Time),,s6w54,focus,
Wed Sep 02 2015 12:07:42 GMT+0800 (Malay Peninsula Standard Time),,s6w55,focus,
Wed Sep 02 2015 12:07:43 GMT+0800 (Malay Peninsula Standard Time),,s6w56,focus,
Wed Sep 02 2015 12:07:43 GMT+0800 (Malay Peninsula Standard Time),,s6w57,focus,
Wed Sep 02 2015 12:07:43 GMT+0800 (Malay Peninsula Standard Time),,s6w58,focus,
Wed Sep 02 2015 12:07:43 GMT+0800 (Malay Peninsula Standard Time),,s6w59,focus,
Wed Sep 02 2015 12:07:44 GMT+0800 (Malay Peninsula Standard Time),,s7w1,focus,
Wed Sep 02 2015 12:07:44 GMT+0800 (Malay Peninsula Standard Time),,s7w2,focus,
Wed Sep 02 2015 12:07:44 GMT+0800 (Malay Peninsula Standard Time),,s7w3,focus,
Wed Sep 02 2015 12:07:44 GMT+0800 (Malay Peninsula Standard Time),,s7w4,focus,
Wed Sep 02 2015 12:07:45 GMT+0800 (Malay Peninsula Standard Time),,s7w5,focus,
Wed Sep 02 2015 12:07:45 GMT+0800 (Malay Peninsula Standard Time),,s7w6,focus,
Wed Sep 02 2015 12:07:45 GMT+0800 (Malay Peninsula Standard Time),,s7w6,label,"^"
Wed Sep 02 2015 12:07:46 GMT+0800 (Malay Peninsula Standard Time),,s7w7,focus,
Wed Sep 02 2015 12:07:46 GMT+0800 (Malay Peninsula Standard Time),,s7w8,focus,
Wed Sep 02 2015 12:07:46 GMT+0800 (Malay Peninsula Standard Time),,s7w9,focus,
Wed Sep 02 2015 12:07:47 GMT+0800 (Malay Peninsula Standard Time),,s7w9,label,"^"
Wed Sep 02 2015 12:07:47 GMT+0800 (Malay Peninsula Standard Time),,s7w10,focus,
Wed Sep 02 2015 12:07:47 GMT+0800 (Malay Peninsula Standard Time),,s7w11,focus,
Wed Sep 02 2015 12:07:48 GMT+0800 (Malay Peninsula Standard Time),,s7w12,focus,
Wed Sep 02 2015 12:07:48 GMT+0800 (Malay Peninsula Standard Time),,s7w13,focus,
Wed Sep 02 2015 12:07:48 GMT+0800 (Malay Peninsula Standard Time),,s7w14,focus,
Wed Sep 02 2015 12:07:49 GMT+0800 (Malay Peninsula Standard Time),,s7w15,focus,
Wed Sep 02 2015 12:07:49 GMT+0800 (Malay Peninsula Standard Time),,s7w16,focus,
Wed Sep 02 2015 12:07:49 GMT+0800 (Malay Peninsula Standard Time),,s7w17,focus,
Wed Sep 02 2015 12:07:49 GMT+0800 (Malay Peninsula Standard Time),,s7w18,focus,
Wed Sep 02 2015 12:07:50 GMT+0800 (Malay Peninsula Standard Time),,s7w19,focus,
Wed Sep 02 2015 12:07:50 GMT+0800 (Malay Peninsula Standard Time),,s7w20,focus,
Wed Sep 02 2015 12:07:51 GMT+0800 (Malay Peninsula Standard Time),,s7w21,focus,
Wed Sep 02 2015 12:07:51 GMT+0800 (Malay Peninsula Standard Time),,s7w22,focus,
Wed Sep 02 2015 12:07:52 GMT+0800 (Malay Peninsula Standard Time),,s7w23,focus,
Wed Sep 02 2015 12:07:52 GMT+0800 (Malay Peninsula Standard Time),,s7w24,focus,
Wed Sep 02 2015 12:07:52 GMT+0800 (Malay Peninsula Standard Time),,s7w25,focus,
Wed Sep 02 2015 12:07:52 GMT+0800 (Malay Peninsula Standard Time),,s7w25,label,"^"
Wed Sep 02 2015 12:07:53 GMT+0800 (Malay Peninsula Standard Time),,s7w26,focus,
Wed Sep 02 2015 12:07:53 GMT+0800 (Malay Peninsula Standard Time),,s7w27,focus,
Wed Sep 02 2015 12:07:53 GMT+0800 (Malay Peninsula Standard Time),,s7w28,focus,
Wed Sep 02 2015 12:07:53 GMT+0800 (Malay Peninsula Standard Time),,s7w29,focus,
Wed Sep 02 2015 12:07:53 GMT+0800 (Malay Peninsula Standard Time),,s8w1,focus,
Wed Sep 02 2015 12:07:54 GMT+0800 (Malay Peninsula Standard Time),,s8w2,focus,
Wed Sep 02 2015 12:07:54 GMT+0800 (Malay Peninsula Standard Time),,s8w3,focus,
Wed Sep 02 2015 12:07:55 GMT+0800 (Malay Peninsula Standard Time),,s8w4,focus,
Wed Sep 02 2015 12:07:55 GMT+0800 (Malay Peninsula Standard Time),,s8w3,focus,
Wed Sep 02 2015 12:07:56 GMT+0800 (Malay Peninsula Standard Time),,s8w2,focus,
Wed Sep 02 2015 12:07:56 GMT+0800 (Malay Peninsula Standard Time),,s8w1,focus,
Wed Sep 02 2015 12:07:56 GMT+0800 (Malay Peninsula Standard Time),,s7w29,focus,
Wed Sep 02 2015 12:07:56 GMT+0800 (Malay Peninsula Standard Time),,s8w1,focus,
Wed Sep 02 2015 12:07:57 GMT+0800 (Malay Peninsula Standard Time),,s8w1,label,"D"
Wed Sep 02 2015 12:07:57 GMT+0800 (Malay Peninsula Standard Time),,s8w2,focus,
Wed Sep 02 2015 12:07:57 GMT+0800 (Malay Peninsula Standard Time),,s8w3,focus,
Wed Sep 02 2015 12:07:58 GMT+0800 (Malay Peninsula Standard Time),,s8w4,focus,
Wed Sep 02 2015 12:07:58 GMT+0800 (Malay Peninsula Standard Time),,s8w5,focus,
Wed Sep 02 2015 12:07:59 GMT+0800 (Malay Peninsula Standard Time),,s8w6,focus,
Wed Sep 02 2015 12:07:59 GMT+0800 (Malay Peninsula Standard Time),,s8w7,focus,
Wed Sep 02 2015 12:08:00 GMT+0800 (Malay Peninsula Standard Time),,s8w7,label,"^"
Wed Sep 02 2015 12:08:00 GMT+0800 (Malay Peninsula Standard Time),,s8w8,focus,
Wed Sep 02 2015 12:08:00 GMT+0800 (Malay Peninsula Standard Time),,s8w9,focus,
Wed Sep 02 2015 12:08:01 GMT+0800 (Malay Peninsula Standard Time),,s8w10,focus,
Wed Sep 02 2015 12:08:01 GMT+0800 (Malay Peninsula Standard Time),,s8w11,focus,
Wed Sep 02 2015 12:08:01 GMT+0800 (Malay Peninsula Standard Time),,s8w12,focus,
Wed Sep 02 2015 12:08:01 GMT+0800 (Malay Peninsula Standard Time),,s8w13,focus,
Wed Sep 02 2015 12:08:01 GMT+0800 (Malay Peninsula Standard Time),,s8w14,focus,
Wed Sep 02 2015 12:08:02 GMT+0800 (Malay Peninsula Standard Time),,s8w15,focus,
Wed Sep 02 2015 12:08:02 GMT+0800 (Malay Peninsula Standard Time),,s8w16,focus,
Wed Sep 02 2015 12:08:02 GMT+0800 (Malay Peninsula Standard Time),,s8w17,focus,
Wed Sep 02 2015 12:08:02 GMT+0800 (Malay Peninsula Standard Time),,s8w18,focus,
Wed Sep 02 2015 12:08:03 GMT+0800 (Malay Peninsula Standard Time),,s8w19,focus,
Wed Sep 02 2015 12:08:03 GMT+0800 (Malay Peninsula Standard Time),,s8w20,focus,
Wed Sep 02 2015 12:08:03 GMT+0800 (Malay Peninsula Standard Time),,s8w21,focus,
Wed Sep 02 2015 12:08:03 GMT+0800 (Malay Peninsula Standard Time),,s8w22,focus,
Wed Sep 02 2015 12:08:03 GMT+0800 (Malay Peninsula Standard Time),,s8w23,focus,
Wed Sep 02 2015 12:08:03 GMT+0800 (Malay Peninsula Standard Time),,s8w24,focus,
Wed Sep 02 2015 12:08:04 GMT+0800 (Malay Peninsula Standard Time),,s8w25,focus,
Wed Sep 02 2015 12:08:04 GMT+0800 (Malay Peninsula Standard Time),,s8w24,focus,
Wed Sep 02 2015 12:08:04 GMT+0800 (Malay Peninsula Standard Time),,s8w23,focus,
Wed Sep 02 2015 12:08:04 GMT+0800 (Malay Peninsula Standard Time),,s8w22,focus,
Wed Sep 02 2015 12:08:05 GMT+0800 (Malay Peninsula Standard Time),,s8w21,focus,
Wed Sep 02 2015 12:08:05 GMT+0800 (Malay Peninsula Standard Time),,s8w22,focus,
Wed Sep 02 2015 12:08:07 GMT+0800 (Malay Peninsula Standard Time),,s8w22,label,"A"
Wed Sep 02 2015 12:08:07 GMT+0800 (Malay Peninsula Standard Time),,s8w23,focus,
Wed Sep 02 2015 12:08:07 GMT+0800 (Malay Peninsula Standard Time),,s8w24,focus,
Wed Sep 02 2015 12:08:08 GMT+0800 (Malay Peninsula Standard Time),,s8w25,focus,
Wed Sep 02 2015 12:08:08 GMT+0800 (Malay Peninsula Standard Time),,s8w26,focus,
Wed Sep 02 2015 12:08:08 GMT+0800 (Malay Peninsula Standard Time),,s8w27,focus,
Wed Sep 02 2015 12:08:09 GMT+0800 (Malay Peninsula Standard Time),,s8w28,focus,
Wed Sep 02 2015 12:08:09 GMT+0800 (Malay Peninsula Standard Time),,s8w29,focus,
Wed Sep 02 2015 12:08:09 GMT+0800 (Malay Peninsula Standard Time),,s8w30,focus,
Wed Sep 02 2015 12:08:09 GMT+0800 (Malay Peninsula Standard Time),,s8w31,focus,
Wed Sep 02 2015 12:08:09 GMT+0800 (Malay Peninsula Standard Time),,s8w32,focus,
Wed Sep 02 2015 12:08:09 GMT+0800 (Malay Peninsula Standard Time),,s8w33,focus,
Wed Sep 02 2015 12:08:10 GMT+0800 (Malay Peninsula Standard Time),,s8w34,focus,
Wed Sep 02 2015 12:08:10 GMT+0800 (Malay Peninsula Standard Time),,s8w35,focus,
Wed Sep 02 2015 12:08:10 GMT+0800 (Malay Peninsula Standard Time),,s8w36,focus,
Wed Sep 02 2015 12:08:10 GMT+0800 (Malay Peninsula Standard Time),,s8w37,focus,
Wed Sep 02 2015 12:08:11 GMT+0800 (Malay Peninsula Standard Time),,s8w37,label,"^"
Wed Sep 02 2015 12:08:12 GMT+0800 (Malay Peninsula Standard Time),,s8w38,focus,
Wed Sep 02 2015 12:08:12 GMT+0800 (Malay Peninsula Standard Time),,s8w39,focus,
Wed Sep 02 2015 12:08:12 GMT+0800 (Malay Peninsula Standard Time),,s8w40,focus,
Wed Sep 02 2015 12:08:12 GMT+0800 (Malay Peninsula Standard Time),,s8w41,focus,
Wed Sep 02 2015 12:08:13 GMT+0800 (Malay Peninsula Standard Time),,s8w42,focus,
Wed Sep 02 2015 12:08:13 GMT+0800 (Malay Peninsula Standard Time),,s8w41,focus,
Wed Sep 02 2015 12:08:13 GMT+0800 (Malay Peninsula Standard Time),,s8w41,label,"^"
Wed Sep 02 2015 12:08:14 GMT+0800 (Malay Peninsula Standard Time),,s8w42,focus,
Wed Sep 02 2015 12:08:14 GMT+0800 (Malay Peninsula Standard Time),,s8w43,focus,
Wed Sep 02 2015 12:08:14 GMT+0800 (Malay Peninsula Standard Time),,s8w44,focus,
Wed Sep 02 2015 12:08:14 GMT+0800 (Malay Peninsula Standard Time),,s8w45,focus,
Wed Sep 02 2015 12:08:14 GMT+0800 (Malay Peninsula Standard Time),,s8w46,focus,
Wed Sep 02 2015 12:08:15 GMT+0800 (Malay Peninsula Standard Time),,s8w47,focus,
Wed Sep 02 2015 12:08:15 GMT+0800 (Malay Peninsula Standard Time),,s8w48,focus,
Wed Sep 02 2015 12:08:15 GMT+0800 (Malay Peninsula Standard Time),,s9w1,focus,
Wed Sep 02 2015 12:08:15 GMT+0800 (Malay Peninsula Standard Time),,s9w2,focus,
Wed Sep 02 2015 12:08:15 GMT+0800 (Malay Peninsula Standard Time),,s9w3,focus,
Wed Sep 02 2015 12:08:16 GMT+0800 (Malay Peninsula Standard Time),,s9w4,focus,
Wed Sep 02 2015 12:08:16 GMT+0800 (Malay Peninsula Standard Time),,s9w5,focus,
Wed Sep 02 2015 12:08:16 GMT+0800 (Malay Peninsula Standard Time),,s9w6,focus,
Wed Sep 02 2015 12:08:16 GMT+0800 (Malay Peninsula Standard Time),,s9w7,focus,
Wed Sep 02 2015 12:08:16 GMT+0800 (Malay Peninsula Standard Time),,s9w8,focus,
Wed Sep 02 2015 12:08:16 GMT+0800 (Malay Peninsula Standard Time),,s9w9,focus,
Wed Sep 02 2015 12:08:17 GMT+0800 (Malay Peninsula Standard Time),,s9w10,focus,
Wed Sep 02 2015 12:08:17 GMT+0800 (Malay Peninsula Standard Time),,s9w11,focus,
Wed Sep 02 2015 12:08:17 GMT+0800 (Malay Peninsula Standard Time),,s9w12,focus,
Wed Sep 02 2015 12:08:17 GMT+0800 (Malay Peninsula Standard Time),,s9w13,focus,
Wed Sep 02 2015 12:08:17 GMT+0800 (Malay Peninsula Standard Time),,s9w14,focus,
Wed Sep 02 2015 12:08:17 GMT+0800 (Malay Peninsula Standard Time),,s9w15,focus,
Wed Sep 02 2015 12:08:18 GMT+0800 (Malay Peninsula Standard Time),,s9w16,focus,
Wed Sep 02 2015 12:08:18 GMT+0800 (Malay Peninsula Standard Time),,s9w17,focus,
Wed Sep 02 2015 12:08:18 GMT+0800 (Malay Peninsula Standard Time),,s9w18,focus,
Wed Sep 02 2015 12:08:18 GMT+0800 (Malay Peninsula Standard Time),,s9w19,focus,
Wed Sep 02 2015 12:08:18 GMT+0800 (Malay Peninsula Standard Time),,s9w20,focus,
Wed Sep 02 2015 12:08:19 GMT+0800 (Malay Peninsula Standard Time),,s9w21,focus,
Wed Sep 02 2015 12:08:19 GMT+0800 (Malay Peninsula Standard Time),,s9w22,focus,
Wed Sep 02 2015 12:08:20 GMT+0800 (Malay Peninsula Standard Time),,s9w23,focus,
Wed Sep 02 2015 12:08:20 GMT+0800 (Malay Peninsula Standard Time),,s9w24,focus,
Wed Sep 02 2015 12:08:20 GMT+0800 (Malay Peninsula Standard Time),,s9w25,focus,
Wed Sep 02 2015 12:08:21 GMT+0800 (Malay Peninsula Standard Time),,s9w26,focus,
Wed Sep 02 2015 12:08:21 GMT+0800 (Malay Peninsula Standard Time),,s9w27,focus,
Wed Sep 02 2015 12:08:21 GMT+0800 (Malay Peninsula Standard Time),,s9w28,focus,
Wed Sep 02 2015 12:08:21 GMT+0800 (Malay Peninsula Standard Time),,s9w29,focus,
Wed Sep 02 2015 12:08:21 GMT+0800 (Malay Peninsula Standard Time),,s9w30,focus,
Wed Sep 02 2015 12:08:22 GMT+0800 (Malay Peninsula Standard Time),,s9w31,focus,
Wed Sep 02 2015 12:08:23 GMT+0800 (Malay Peninsula Standard Time),,s9w31,label,"^"
Wed Sep 02 2015 12:08:23 GMT+0800 (Malay Peninsula Standard Time),,s9w32,focus,
Wed Sep 02 2015 12:08:23 GMT+0800 (Malay Peninsula Standard Time),,s9w33,focus,
Wed Sep 02 2015 12:08:24 GMT+0800 (Malay Peninsula Standard Time),,s9w34,focus,
Wed Sep 02 2015 12:08:24 GMT+0800 (Malay Peninsula Standard Time),,s9w35,focus,
Wed Sep 02 2015 12:08:24 GMT+0800 (Malay Peninsula Standard Time),,s9w36,focus,
Wed Sep 02 2015 12:08:25 GMT+0800 (Malay Peninsula Standard Time),,s9w37,focus,
Wed Sep 02 2015 12:08:25 GMT+0800 (Malay Peninsula Standard Time),,s9w38,focus,
Wed Sep 02 2015 12:08:25 GMT+0800 (Malay Peninsula Standard Time),,s9w39,focus,
Wed Sep 02 2015 12:08:25 GMT+0800 (Malay Peninsula Standard Time),,s9w40,focus,
Wed Sep 02 2015 12:08:26 GMT+0800 (Malay Peninsula Standard Time),,s9w41,focus,
Wed Sep 02 2015 12:08:26 GMT+0800 (Malay Peninsula Standard Time),,s9w42,focus,
Wed Sep 02 2015 12:08:26 GMT+0800 (Malay Peninsula Standard Time),,s9w43,focus,
Wed Sep 02 2015 12:08:27 GMT+0800 (Malay Peninsula Standard Time),,s9w44,focus,
Wed Sep 02 2015 12:08:27 GMT+0800 (Malay Peninsula Standard Time),,s9w45,focus,
Wed Sep 02 2015 12:08:27 GMT+0800 (Malay Peninsula Standard Time),,s9w46,focus,
Wed Sep 02 2015 12:08:27 GMT+0800 (Malay Peninsula Standard Time),,s9w47,focus,
Wed Sep 02 2015 12:08:28 GMT+0800 (Malay Peninsula Standard Time),,s9w48,focus,
Wed Sep 02 2015 12:08:29 GMT+0800 (Malay Peninsula Standard Time),,s9w49,focus,
Wed Sep 02 2015 12:08:29 GMT+0800 (Malay Peninsula Standard Time),,s9w50,focus,
Wed Sep 02 2015 12:08:29 GMT+0800 (Malay Peninsula Standard Time),,s9w51,focus,
Wed Sep 02 2015 12:08:29 GMT+0800 (Malay Peninsula Standard Time),,s9w52,focus,
Wed Sep 02 2015 12:08:29 GMT+0800 (Malay Peninsula Standard Time),,s9w53,focus,
Wed Sep 02 2015 12:08:30 GMT+0800 (Malay Peninsula Standard Time),,s9w54,focus,
Wed Sep 02 2015 12:08:30 GMT+0800 (Malay Peninsula Standard Time),,s9w55,focus,
Wed Sep 02 2015 12:08:30 GMT+0800 (Malay Peninsula Standard Time),,s9w56,focus,
Wed Sep 02 2015 12:08:30 GMT+0800 (Malay Peninsula Standard Time),,s9w57,focus,
Wed Sep 02 2015 12:08:30 GMT+0800 (Malay Peninsula Standard Time),,s9w58,focus,
Wed Sep 02 2015 12:08:31 GMT+0800 (Malay Peninsula Standard Time),,s9w59,focus,
Wed Sep 02 2015 12:08:31 GMT+0800 (Malay Peninsula Standard Time),,s9w60,focus,
Wed Sep 02 2015 12:08:32 GMT+0800 (Malay Peninsula Standard Time),,s9w61,focus,
Wed Sep 02 2015 12:08:32 GMT+0800 (Malay Peninsula Standard Time),,s9w62,focus,
Wed Sep 02 2015 12:08:32 GMT+0800 (Malay Peninsula Standard Time),,s9w63,focus,
Wed Sep 02 2015 12:08:34 GMT+0800 (Malay Peninsula Standard Time),,s9w64,focus,
Wed Sep 02 2015 12:08:34 GMT+0800 (Malay Peninsula Standard Time),,s9w65,focus,
Wed Sep 02 2015 12:08:35 GMT+0800 (Malay Peninsula Standard Time),,s9w64,focus,
Wed Sep 02 2015 12:08:35 GMT+0800 (Malay Peninsula Standard Time),,s9w65,focus,
Wed Sep 02 2015 12:08:35 GMT+0800 (Malay Peninsula Standard Time),,s9w66,focus,
Wed Sep 02 2015 12:08:35 GMT+0800 (Malay Peninsula Standard Time),,s9w67,focus,
Wed Sep 02 2015 12:08:35 GMT+0800 (Malay Peninsula Standard Time),,s9w68,focus,
Wed Sep 02 2015 12:08:36 GMT+0800 (Malay Peninsula Standard Time),,s9w69,focus,
Wed Sep 02 2015 12:08:36 GMT+0800 (Malay Peninsula Standard Time),,s9w70,focus,
Wed Sep 02 2015 12:08:36 GMT+0800 (Malay Peninsula Standard Time),,s9w71,focus,
Wed Sep 02 2015 12:08:36 GMT+0800 (Malay Peninsula Standard Time),,s9w72,focus,
Wed Sep 02 2015 12:08:36 GMT+0800 (Malay Peninsula Standard Time),,s9w73,focus,
Wed Sep 02 2015 12:08:36 GMT+0800 (Malay Peninsula Standard Time),,s9w74,focus,
Wed Sep 02 2015 12:08:37 GMT+0800 (Malay Peninsula Standard Time),,s9w75,focus,
Wed Sep 02 2015 12:08:37 GMT+0800 (Malay Peninsula Standard Time),,s9w74,focus,
Wed Sep 02 2015 12:08:37 GMT+0800 (Malay Peninsula Standard Time),,s9w73,focus,
Wed Sep 02 2015 12:08:37 GMT+0800 (Malay Peninsula Standard Time),,s9w72,focus,
Wed Sep 02 2015 12:08:38 GMT+0800 (Malay Peninsula Standard Time),,s9w72,label,"^"
Wed Sep 02 2015 12:08:38 GMT+0800 (Malay Peninsula Standard Time),,s9w73,focus,
Wed Sep 02 2015 12:08:39 GMT+0800 (Malay Peninsula Standard Time),,s9w74,focus,
Wed Sep 02 2015 12:08:39 GMT+0800 (Malay Peninsula Standard Time),,s9w75,focus,
Wed Sep 02 2015 12:08:39 GMT+0800 (Malay Peninsula Standard Time),,s9w76,focus,
Wed Sep 02 2015 12:08:39 GMT+0800 (Malay Peninsula Standard Time),,s9w77,focus,
Wed Sep 02 2015 12:08:39 GMT+0800 (Malay Peninsula Standard Time),,s9w78,focus,
Wed Sep 02 2015 12:08:39 GMT+0800 (Malay Peninsula Standard Time),,s9w79,focus,
Wed Sep 02 2015 12:08:40 GMT+0800 (Malay Peninsula Standard Time),,s9w80,focus,
Wed Sep 02 2015 12:08:40 GMT+0800 (Malay Peninsula Standard Time),,s9w79,focus,
Wed Sep 02 2015 12:08:40 GMT+0800 (Malay Peninsula Standard Time),,s9w79,label,"^"
Wed Sep 02 2015 12:08:41 GMT+0800 (Malay Peninsula Standard Time),,s9w80,focus,
Wed Sep 02 2015 12:08:41 GMT+0800 (Malay Peninsula Standard Time),,s9w81,focus,
Wed Sep 02 2015 12:08:41 GMT+0800 (Malay Peninsula Standard Time),,s9w82,focus,
Wed Sep 02 2015 12:08:41 GMT+0800 (Malay Peninsula Standard Time),,s9w81,focus,
Wed Sep 02 2015 12:08:42 GMT+0800 (Malay Peninsula Standard Time),,s9w80,focus,
Wed Sep 02 2015 12:08:43 GMT+0800 (Malay Peninsula Standard Time),,s9w81,focus,
Wed Sep 02 2015 12:08:43 GMT+0800 (Malay Peninsula Standard Time),,s9w82,focus,
Wed Sep 02 2015 12:08:43 GMT+0800 (Malay Peninsula Standard Time),,s9w83,focus,
Wed Sep 02 2015 12:08:43 GMT+0800 (Malay Peninsula Standard Time),,s9w84,focus,
Wed Sep 02 2015 12:08:43 GMT+0800 (Malay Peninsula Standard Time),,s9w85,focus,
Wed Sep 02 2015 12:08:43 GMT+0800 (Malay Peninsula Standard Time),,s9w86,focus,
Wed Sep 02 2015 12:08:44 GMT+0800 (Malay Peninsula Standard Time),,s9w87,focus,
Wed Sep 02 2015 12:08:44 GMT+0800 (Malay Peninsula Standard Time),,s9w88,focus,
Wed Sep 02 2015 12:08:44 GMT+0800 (Malay Peninsula Standard Time),,s9w89,focus,
Wed Sep 02 2015 12:08:44 GMT+0800 (Malay Peninsula Standard Time),,s9w90,focus,
Wed Sep 02 2015 12:08:44 GMT+0800 (Malay Peninsula Standard Time),,s9w91,focus,
Wed Sep 02 2015 12:08:45 GMT+0800 (Malay Peninsula Standard Time),,s9w92,focus,
Wed Sep 02 2015 12:08:45 GMT+0800 (Malay Peninsula Standard Time),,s9w93,focus,
Wed Sep 02 2015 12:08:45 GMT+0800 (Malay Peninsula Standard Time),,s9w94,focus,
Wed Sep 02 2015 12:08:45 GMT+0800 (Malay Peninsula Standard Time),,s9w95,focus,
Wed Sep 02 2015 12:08:45 GMT+0800 (Malay Peninsula Standard Time),,s9w96,focus,
Wed Sep 02 2015 12:08:46 GMT+0800 (Malay Peninsula Standard Time),,s9w95,focus,
Wed Sep 02 2015 12:08:46 GMT+0800 (Malay Peninsula Standard Time),,s9w95,label,"^"
Wed Sep 02 2015 12:08:46 GMT+0800 (Malay Peninsula Standard Time),,s9w96,focus,
Wed Sep 02 2015 12:08:46 GMT+0800 (Malay Peninsula Standard Time),,s9w97,focus,
Wed Sep 02 2015 12:08:47 GMT+0800 (Malay Peninsula Standard Time),,s9w98,focus,
Wed Sep 02 2015 12:08:47 GMT+0800 (Malay Peninsula Standard Time),,s9w99,focus,
Wed Sep 02 2015 12:08:47 GMT+0800 (Malay Peninsula Standard Time),,s9w100,focus,
Wed Sep 02 2015 12:08:47 GMT+0800 (Malay Peninsula Standard Time),,s9w101,focus,
Wed Sep 02 2015 12:08:47 GMT+0800 (Malay Peninsula Standard Time),,s9w102,focus,
Wed Sep 02 2015 12:08:48 GMT+0800 (Malay Peninsula Standard Time),,s9w103,focus,
Wed Sep 02 2015 12:08:48 GMT+0800 (Malay Peninsula Standard Time),,s9w104,focus,
Wed Sep 02 2015 12:08:48 GMT+0800 (Malay Peninsula Standard Time),,s9w105,focus,
Wed Sep 02 2015 12:08:48 GMT+0800 (Malay Peninsula Standard Time),,s9w106,focus,
Wed Sep 02 2015 12:08:48 GMT+0800 (Malay Peninsula Standard Time),,s9w107,focus,
Wed Sep 02 2015 12:08:49 GMT+0800 (Malay Peninsula Standard Time),,s9w108,focus,
Wed Sep 02 2015 12:08:49 GMT+0800 (Malay Peninsula Standard Time),,s9w109,focus,
Wed Sep 02 2015 12:08:49 GMT+0800 (Malay Peninsula Standard Time),,s9w110,focus,
Wed Sep 02 2015 12:08:50 GMT+0800 (Malay Peninsula Standard Time),,s9w111,focus,
Wed Sep 02 2015 12:08:50 GMT+0800 (Malay Peninsula Standard Time),,s9w112,focus,
Wed Sep 02 2015 12:08:50 GMT+0800 (Malay Peninsula Standard Time),,s9w111,focus,
Wed Sep 02 2015 12:08:50 GMT+0800 (Malay Peninsula Standard Time),,s9w110,focus,
Wed Sep 02 2015 12:08:51 GMT+0800 (Malay Peninsula Standard Time),,s9w110,label,"^"
Wed Sep 02 2015 12:08:51 GMT+0800 (Malay Peninsula Standard Time),,s9w111,focus,
Wed Sep 02 2015 12:08:51 GMT+0800 (Malay Peninsula Standard Time),,s9w112,focus,
Wed Sep 02 2015 12:08:52 GMT+0800 (Malay Peninsula Standard Time),,s9w113,focus,
Wed Sep 02 2015 12:08:52 GMT+0800 (Malay Peninsula Standard Time),,s9w114,focus,
Wed Sep 02 2015 12:08:53 GMT+0800 (Malay Peninsula Standard Time),,s9w115,focus,
Wed Sep 02 2015 12:08:54 GMT+0800 (Malay Peninsula Standard Time),,s9w116,focus,
Wed Sep 02 2015 12:08:54 GMT+0800 (Malay Peninsula Standard Time),,s9w117,focus,
Wed Sep 02 2015 12:08:54 GMT+0800 (Malay Peninsula Standard Time),,s9w118,focus,
Wed Sep 02 2015 12:08:54 GMT+0800 (Malay Peninsula Standard Time),,s9w119,focus,
Wed Sep 02 2015 12:08:54 GMT+0800 (Malay Peninsula Standard Time),,s9w120,focus,
Wed Sep 02 2015 12:08:54 GMT+0800 (Malay Peninsula Standard Time),,s9w121,focus,
Wed Sep 02 2015 12:08:55 GMT+0800 (Malay Peninsula Standard Time),,s9w122,focus,
Wed Sep 02 2015 12:08:55 GMT+0800 (Malay Peninsula Standard Time),,s9w123,focus,
Wed Sep 02 2015 12:08:55 GMT+0800 (Malay Peninsula Standard Time),,s9w124,focus,
Wed Sep 02 2015 12:08:55 GMT+0800 (Malay Peninsula Standard Time),,s9w125,focus,
Wed Sep 02 2015 12:08:55 GMT+0800 (Malay Peninsula Standard Time),,s9w126,focus,
Wed Sep 02 2015 12:08:56 GMT+0800 (Malay Peninsula Standard Time),,s9w127,focus,
Wed Sep 02 2015 12:08:56 GMT+0800 (Malay Peninsula Standard Time),,s9w128,focus,
Wed Sep 02 2015 12:08:56 GMT+0800 (Malay Peninsula Standard Time),,s9w129,focus,
Wed Sep 02 2015 12:08:56 GMT+0800 (Malay Peninsula Standard Time),,s9w128,focus,
Wed Sep 02 2015 12:08:56 GMT+0800 (Malay Peninsula Standard Time),,s9w127,focus,
Wed Sep 02 2015 12:08:57 GMT+0800 (Malay Peninsula Standard Time),,s9w126,focus,
Wed Sep 02 2015 12:08:57 GMT+0800 (Malay Peninsula Standard Time),,s9w125,focus,
Wed Sep 02 2015 12:09:03 GMT+0800 (Malay Peninsula Standard Time),,s9w125,label,","
Wed Sep 02 2015 12:09:03 GMT+0800 (Malay Peninsula Standard Time),,s9w126,focus,
Wed Sep 02 2015 12:09:03 GMT+0800 (Malay Peninsula Standard Time),,s9w127,focus,
Wed Sep 02 2015 12:09:04 GMT+0800 (Malay Peninsula Standard Time),,s9w128,focus,
Wed Sep 02 2015 12:09:04 GMT+0800 (Malay Peninsula Standard Time),,s9w129,focus,
Wed Sep 02 2015 12:09:07 GMT+0800 (Malay Peninsula Standard Time),,s9w129,label,","
Wed Sep 02 2015 12:09:07 GMT+0800 (Malay Peninsula Standard Time),,s9w130,focus,
Wed Sep 02 2015 12:09:08 GMT+0800 (Malay Peninsula Standard Time),,s9w131,focus,
Wed Sep 02 2015 12:09:09 GMT+0800 (Malay Peninsula Standard Time),,s9w131,label,","
Wed Sep 02 2015 12:09:09 GMT+0800 (Malay Peninsula Standard Time),,s9w132,focus,
Wed Sep 02 2015 12:09:10 GMT+0800 (Malay Peninsula Standard Time),,s9w131,focus,
Wed Sep 02 2015 12:09:10 GMT+0800 (Malay Peninsula Standard Time),,s9w130,focus,
Wed Sep 02 2015 12:09:10 GMT+0800 (Malay Peninsula Standard Time),,s9w129,focus,
Wed Sep 02 2015 12:09:11 GMT+0800 (Malay Peninsula Standard Time),,s9w128,focus,
Wed Sep 02 2015 12:09:11 GMT+0800 (Malay Peninsula Standard Time),,s9w127,focus,
Wed Sep 02 2015 12:09:11 GMT+0800 (Malay Peninsula Standard Time),,s9w126,focus,
Wed Sep 02 2015 12:09:11 GMT+0800 (Malay Peninsula Standard Time),,s9w125,focus,
Wed Sep 02 2015 12:09:11 GMT+0800 (Malay Peninsula Standard Time),,s9w124,focus,
Wed Sep 02 2015 12:09:11 GMT+0800 (Malay Peninsula Standard Time),,s9w123,focus,
Wed Sep 02 2015 12:09:11 GMT+0800 (Malay Peninsula Standard Time),,s9w122,focus,
Wed Sep 02 2015 12:09:11 GMT+0800 (Malay Peninsula Standard Time),,s9w121,focus,
Wed Sep 02 2015 12:09:11 GMT+0800 (Malay Peninsula Standard Time),,s9w120,focus,
Wed Sep 02 2015 12:09:11 GMT+0800 (Malay Peninsula Standard Time),,s9w119,focus,
Wed Sep 02 2015 12:09:11 GMT+0800 (Malay Peninsula Standard Time),,s9w118,focus,
Wed Sep 02 2015 12:09:11 GMT+0800 (Malay Peninsula Standard Time),,s9w119,focus,
Wed Sep 02 2015 12:09:12 GMT+0800 (Malay Peninsula Standard Time),,s9w120,focus,
Wed Sep 02 2015 12:09:12 GMT+0800 (Malay Peninsula Standard Time),,s9w121,focus,
Wed Sep 02 2015 12:09:12 GMT+0800 (Malay Peninsula Standard Time),,s9w122,focus,
Wed Sep 02 2015 12:09:12 GMT+0800 (Malay Peninsula Standard Time),,s9w123,focus,
Wed Sep 02 2015 12:09:12 GMT+0800 (Malay Peninsula Standard Time),,s9w123,label,","
Wed Sep 02 2015 12:09:13 GMT+0800 (Malay Peninsula Standard Time),,s9w124,focus,
Wed Sep 02 2015 12:09:14 GMT+0800 (Malay Peninsula Standard Time),,s9w125,focus,
Wed Sep 02 2015 12:09:14 GMT+0800 (Malay Peninsula Standard Time),,s9w126,focus,
Wed Sep 02 2015 12:09:14 GMT+0800 (Malay Peninsula Standard Time),,s9w127,focus,
Wed Sep 02 2015 12:09:14 GMT+0800 (Malay Peninsula Standard Time),,s9w128,focus,
Wed Sep 02 2015 12:09:14 GMT+0800 (Malay Peninsula Standard Time),,s9w129,focus,
Wed Sep 02 2015 12:09:14 GMT+0800 (Malay Peninsula Standard Time),,s9w130,focus,
Wed Sep 02 2015 12:09:15 GMT+0800 (Malay Peninsula Standard Time),,s9w131,focus,
Wed Sep 02 2015 12:09:15 GMT+0800 (Malay Peninsula Standard Time),,s9w132,focus,
Wed Sep 02 2015 12:09:15 GMT+0800 (Malay Peninsula Standard Time),,s9w133,focus,
Wed Sep 02 2015 12:09:15 GMT+0800 (Malay Peninsula Standard Time),,s9w134,focus,
Wed Sep 02 2015 12:09:15 GMT+0800 (Malay Peninsula Standard Time),,s9w135,focus,
Wed Sep 02 2015 12:09:15 GMT+0800 (Malay Peninsula Standard Time),,s9w136,focus,
Wed Sep 02 2015 12:09:16 GMT+0800 (Malay Peninsula Standard Time),,s9w137,focus,
Wed Sep 02 2015 12:09:16 GMT+0800 (Malay Peninsula Standard Time),,s9w138,focus,
Wed Sep 02 2015 12:09:16 GMT+0800 (Malay Peninsula Standard Time),,s9w139,focus,
Wed Sep 02 2015 12:09:16 GMT+0800 (Malay Peninsula Standard Time),,s9w140,focus,
Wed Sep 02 2015 12:09:16 GMT+0800 (Malay Peninsula Standard Time),,s9w141,focus,
Wed Sep 02 2015 12:09:17 GMT+0800 (Malay Peninsula Standard Time),,s9w142,focus,
Wed Sep 02 2015 12:09:17 GMT+0800 (Malay Peninsula Standard Time),,s9w143,focus,
Wed Sep 02 2015 12:09:17 GMT+0800 (Malay Peninsula Standard Time),,s9w144,focus,
Wed Sep 02 2015 12:09:18 GMT+0800 (Malay Peninsula Standard Time),,s9w145,focus,
Wed Sep 02 2015 12:09:19 GMT+0800 (Malay Peninsula Standard Time),,s9w146,focus,
Wed Sep 02 2015 12:09:19 GMT+0800 (Malay Peninsula Standard Time),,s9w147,focus,
Wed Sep 02 2015 12:09:19 GMT+0800 (Malay Peninsula Standard Time),,s9w146,focus,
Wed Sep 02 2015 12:09:20 GMT+0800 (Malay Peninsula Standard Time),,s9w146,label,"^"
Wed Sep 02 2015 12:09:20 GMT+0800 (Malay Peninsula Standard Time),,s9w147,focus,
Wed Sep 02 2015 12:09:20 GMT+0800 (Malay Peninsula Standard Time),,s9w148,focus,
Wed Sep 02 2015 12:09:21 GMT+0800 (Malay Peninsula Standard Time),,s9w149,focus,
Wed Sep 02 2015 12:09:21 GMT+0800 (Malay Peninsula Standard Time),,s9w150,focus,
Wed Sep 02 2015 12:09:22 GMT+0800 (Malay Peninsula Standard Time),,s9w151,focus,
Wed Sep 02 2015 12:09:22 GMT+0800 (Malay Peninsula Standard Time),,s9w152,focus,
Wed Sep 02 2015 12:09:22 GMT+0800 (Malay Peninsula Standard Time),,s9w153,focus,
Wed Sep 02 2015 12:09:22 GMT+0800 (Malay Peninsula Standard Time),,s9w154,focus,
Wed Sep 02 2015 12:09:23 GMT+0800 (Malay Peninsula Standard Time),,s9w155,focus,
Wed Sep 02 2015 12:09:23 GMT+0800 (Malay Peninsula Standard Time),,s9w156,focus,
Wed Sep 02 2015 12:09:23 GMT+0800 (Malay Peninsula Standard Time),,s9w157,focus,
Wed Sep 02 2015 12:09:24 GMT+0800 (Malay Peninsula Standard Time),,s9w156,focus,
Wed Sep 02 2015 12:09:30 GMT+0800 (Malay Peninsula Standard Time),,s9w157,focus,
Wed Sep 02 2015 12:09:30 GMT+0800 (Malay Peninsula Standard Time),,s9w158,focus,
Wed Sep 02 2015 12:09:31 GMT+0800 (Malay Peninsula Standard Time),,s9w159,focus,
Wed Sep 02 2015 12:09:31 GMT+0800 (Malay Peninsula Standard Time),,s9w160,focus,
Wed Sep 02 2015 12:09:31 GMT+0800 (Malay Peninsula Standard Time),,s9w161,focus,
Wed Sep 02 2015 12:09:32 GMT+0800 (Malay Peninsula Standard Time),,s9w160,focus,
Wed Sep 02 2015 12:09:34 GMT+0800 (Malay Peninsula Standard Time),,s9w160,label,"^"
Wed Sep 02 2015 12:09:34 GMT+0800 (Malay Peninsula Standard Time),,s9w161,focus,
Wed Sep 02 2015 12:09:34 GMT+0800 (Malay Peninsula Standard Time),,s9w162,focus,
Wed Sep 02 2015 12:09:34 GMT+0800 (Malay Peninsula Standard Time),,s10w1,focus,
Wed Sep 02 2015 12:09:34 GMT+0800 (Malay Peninsula Standard Time),,s10w2,focus,
Wed Sep 02 2015 12:09:35 GMT+0800 (Malay Peninsula Standard Time),,s10w3,focus,
Wed Sep 02 2015 12:09:35 GMT+0800 (Malay Peninsula Standard Time),,s10w4,focus,
Wed Sep 02 2015 12:09:35 GMT+0800 (Malay Peninsula Standard Time),,s10w5,focus,
Wed Sep 02 2015 12:09:36 GMT+0800 (Malay Peninsula Standard Time),,s10w6,focus,
Wed Sep 02 2015 12:09:36 GMT+0800 (Malay Peninsula Standard Time),,s10w7,focus,
Wed Sep 02 2015 12:09:36 GMT+0800 (Malay Peninsula Standard Time),,s10w8,focus,
Wed Sep 02 2015 12:09:36 GMT+0800 (Malay Peninsula Standard Time),,s10w9,focus,
Wed Sep 02 2015 12:09:37 GMT+0800 (Malay Peninsula Standard Time),,s10w10,focus,
Wed Sep 02 2015 12:09:37 GMT+0800 (Malay Peninsula Standard Time),,s10w11,focus,
Wed Sep 02 2015 12:09:37 GMT+0800 (Malay Peninsula Standard Time),,s10w12,focus,
Wed Sep 02 2015 12:09:37 GMT+0800 (Malay Peninsula Standard Time),,s10w13,focus,
Wed Sep 02 2015 12:09:37 GMT+0800 (Malay Peninsula Standard Time),,s10w14,focus,
Wed Sep 02 2015 12:09:38 GMT+0800 (Malay Peninsula Standard Time),,s10w13,focus,
Wed Sep 02 2015 12:09:39 GMT+0800 (Malay Peninsula Standard Time),,s10w14,focus,
Wed Sep 02 2015 12:09:39 GMT+0800 (Malay Peninsula Standard Time),,s10w15,focus,
Wed Sep 02 2015 12:09:41 GMT+0800 (Malay Peninsula Standard Time),,s10w15,label,"^"
Wed Sep 02 2015 12:09:41 GMT+0800 (Malay Peninsula Standard Time),,s10w16,focus,
Wed Sep 02 2015 12:09:41 GMT+0800 (Malay Peninsula Standard Time),,s10w17,focus,
Wed Sep 02 2015 12:09:41 GMT+0800 (Malay Peninsula Standard Time),,s10w18,focus,
Wed Sep 02 2015 12:09:42 GMT+0800 (Malay Peninsula Standard Time),,s10w19,focus,
Wed Sep 02 2015 12:09:43 GMT+0800 (Malay Peninsula Standard Time),,s10w20,focus,
Wed Sep 02 2015 12:09:43 GMT+0800 (Malay Peninsula Standard Time),,s10w21,focus,
Wed Sep 02 2015 12:09:43 GMT+0800 (Malay Peninsula Standard Time),,s10w22,focus,
Wed Sep 02 2015 12:09:43 GMT+0800 (Malay Peninsula Standard Time),,s10w23,focus,
Wed Sep 02 2015 12:09:43 GMT+0800 (Malay Peninsula Standard Time),,s10w24,focus,
Wed Sep 02 2015 12:09:44 GMT+0800 (Malay Peninsula Standard Time),,s10w25,focus,
Wed Sep 02 2015 12:09:44 GMT+0800 (Malay Peninsula Standard Time),,s10w26,focus,
Wed Sep 02 2015 12:09:44 GMT+0800 (Malay Peninsula Standard Time),,s10w27,focus,
Wed Sep 02 2015 12:09:45 GMT+0800 (Malay Peninsula Standard Time),,s10w26,focus,
Wed Sep 02 2015 12:09:46 GMT+0800 (Malay Peninsula Standard Time),,s10w26,label,"^"
Wed Sep 02 2015 12:09:46 GMT+0800 (Malay Peninsula Standard Time),,s10w27,focus,
Wed Sep 02 2015 12:09:46 GMT+0800 (Malay Peninsula Standard Time),,s10w28,focus,
Wed Sep 02 2015 12:09:46 GMT+0800 (Malay Peninsula Standard Time),,s10w29,focus,
Wed Sep 02 2015 12:09:47 GMT+0800 (Malay Peninsula Standard Time),,s10w30,focus,
Wed Sep 02 2015 12:09:47 GMT+0800 (Malay Peninsula Standard Time),,s10w31,focus,
Wed Sep 02 2015 12:09:47 GMT+0800 (Malay Peninsula Standard Time),,s10w32,focus,
Wed Sep 02 2015 12:09:47 GMT+0800 (Malay Peninsula Standard Time),,s10w33,focus,
Wed Sep 02 2015 12:09:47 GMT+0800 (Malay Peninsula Standard Time),,s10w34,focus,
Wed Sep 02 2015 12:09:48 GMT+0800 (Malay Peninsula Standard Time),,s10w35,focus,
Wed Sep 02 2015 12:09:48 GMT+0800 (Malay Peninsula Standard Time),,s10w36,focus,
Wed Sep 02 2015 12:09:48 GMT+0800 (Malay Peninsula Standard Time),,s10w37,focus,
Wed Sep 02 2015 12:09:48 GMT+0800 (Malay Peninsula Standard Time),,s10w38,focus,
Wed Sep 02 2015 12:09:48 GMT+0800 (Malay Peninsula Standard Time),,s10w39,focus,
Wed Sep 02 2015 12:09:49 GMT+0800 (Malay Peninsula Standard Time),,s10w38,focus,
Wed Sep 02 2015 12:09:49 GMT+0800 (Malay Peninsula Standard Time),,s10w38,label,"^"
Wed Sep 02 2015 12:09:49 GMT+0800 (Malay Peninsula Standard Time),,s10w39,focus,
Wed Sep 02 2015 12:09:50 GMT+0800 (Malay Peninsula Standard Time),,s10w40,focus,
Wed Sep 02 2015 12:09:50 GMT+0800 (Malay Peninsula Standard Time),,s10w41,focus,
Wed Sep 02 2015 12:09:50 GMT+0800 (Malay Peninsula Standard Time),,s10w42,focus,
Wed Sep 02 2015 12:09:51 GMT+0800 (Malay Peninsula Standard Time),,s10w43,focus,
Wed Sep 02 2015 12:09:51 GMT+0800 (Malay Peninsula Standard Time),,s10w44,focus,
Wed Sep 02 2015 12:09:52 GMT+0800 (Malay Peninsula Standard Time),,s10w45,focus,
Wed Sep 02 2015 12:09:52 GMT+0800 (Malay Peninsula Standard Time),,s10w46,focus,
Wed Sep 02 2015 12:09:52 GMT+0800 (Malay Peninsula Standard Time),,s10w47,focus,
Wed Sep 02 2015 12:09:53 GMT+0800 (Malay Peninsula Standard Time),,s10w47,label,"^"
Wed Sep 02 2015 12:09:53 GMT+0800 (Malay Peninsula Standard Time),,s10w48,focus,
Wed Sep 02 2015 12:09:53 GMT+0800 (Malay Peninsula Standard Time),,s10w49,focus,
Wed Sep 02 2015 12:09:54 GMT+0800 (Malay Peninsula Standard Time),,s10w50,focus,
Wed Sep 02 2015 12:09:54 GMT+0800 (Malay Peninsula Standard Time),,s10w51,focus,
Wed Sep 02 2015 12:09:54 GMT+0800 (Malay Peninsula Standard Time),,s10w52,focus,
Wed Sep 02 2015 12:09:55 GMT+0800 (Malay Peninsula Standard Time),,s10w53,focus,
Wed Sep 02 2015 12:09:55 GMT+0800 (Malay Peninsula Standard Time),,s10w54,focus,
Wed Sep 02 2015 12:09:55 GMT+0800 (Malay Peninsula Standard Time),,s10w55,focus,
Wed Sep 02 2015 12:09:55 GMT+0800 (Malay Peninsula Standard Time),,s10w56,focus,
Wed Sep 02 2015 12:09:55 GMT+0800 (Malay Peninsula Standard Time),,s10w57,focus,
Wed Sep 02 2015 12:09:56 GMT+0800 (Malay Peninsula Standard Time),,s10w58,focus,
Wed Sep 02 2015 12:09:56 GMT+0800 (Malay Peninsula Standard Time),,s10w59,focus,
Wed Sep 02 2015 12:09:56 GMT+0800 (Malay Peninsula Standard Time),,s10w60,focus,
Wed Sep 02 2015 12:09:56 GMT+0800 (Malay Peninsula Standard Time),,s10w61,focus,
Wed Sep 02 2015 12:09:56 GMT+0800 (Malay Peninsula Standard Time),,s10w62,focus,
Wed Sep 02 2015 12:09:57 GMT+0800 (Malay Peninsula Standard Time),,s10w63,focus,
Wed Sep 02 2015 12:09:57 GMT+0800 (Malay Peninsula Standard Time),,s10w64,focus,
Wed Sep 02 2015 12:09:57 GMT+0800 (Malay Peninsula Standard Time),,s10w65,focus,
Wed Sep 02 2015 12:09:58 GMT+0800 (Malay Peninsula Standard Time),,s10w66,focus,
Wed Sep 02 2015 12:09:58 GMT+0800 (Malay Peninsula Standard Time),,s10w67,focus,
Wed Sep 02 2015 12:09:58 GMT+0800 (Malay Peninsula Standard Time),,s10w68,focus,
Wed Sep 02 2015 12:09:58 GMT+0800 (Malay Peninsula Standard Time),,s10w69,focus,
Wed Sep 02 2015 12:09:59 GMT+0800 (Malay Peninsula Standard Time),,s10w70,focus,
Wed Sep 02 2015 12:09:59 GMT+0800 (Malay Peninsula Standard Time),,s10w71,focus,
Wed Sep 02 2015 12:09:59 GMT+0800 (Malay Peninsula Standard Time),,s10w72,focus,
Wed Sep 02 2015 12:09:59 GMT+0800 (Malay Peninsula Standard Time),,s10w73,focus,
Wed Sep 02 2015 12:10:00 GMT+0800 (Malay Peninsula Standard Time),,s10w74,focus,
Wed Sep 02 2015 12:10:00 GMT+0800 (Malay Peninsula Standard Time),,s10w75,focus,
Wed Sep 02 2015 12:10:00 GMT+0800 (Malay Peninsula Standard Time),,s10w76,focus,
Wed Sep 02 2015 12:10:00 GMT+0800 (Malay Peninsula Standard Time),,s10w77,focus,
Wed Sep 02 2015 12:10:01 GMT+0800 (Malay Peninsula Standard Time),,s10w78,focus,
Wed Sep 02 2015 12:10:01 GMT+0800 (Malay Peninsula Standard Time),,s10w79,focus,
Wed Sep 02 2015 12:10:01 GMT+0800 (Malay Peninsula Standard Time),,s10w80,focus,
Wed Sep 02 2015 12:10:01 GMT+0800 (Malay Peninsula Standard Time),,s10w81,focus,
Wed Sep 02 2015 12:10:02 GMT+0800 (Malay Peninsula Standard Time),,s10w82,focus,
Wed Sep 02 2015 12:10:02 GMT+0800 (Malay Peninsula Standard Time),,s10w83,focus,
Wed Sep 02 2015 12:10:02 GMT+0800 (Malay Peninsula Standard Time),,s10w84,focus,
Wed Sep 02 2015 12:10:02 GMT+0800 (Malay Peninsula Standard Time),,s10w85,focus,
Wed Sep 02 2015 12:10:02 GMT+0800 (Malay Peninsula Standard Time),,s10w86,focus,
Wed Sep 02 2015 12:10:03 GMT+0800 (Malay Peninsula Standard Time),,s10w87,focus,
Wed Sep 02 2015 12:10:03 GMT+0800 (Malay Peninsula Standard Time),,s10w88,focus,
Wed Sep 02 2015 12:10:03 GMT+0800 (Malay Peninsula Standard Time),,s10w89,focus,
Wed Sep 02 2015 12:10:03 GMT+0800 (Malay Peninsula Standard Time),,s10w90,focus,
Wed Sep 02 2015 12:10:04 GMT+0800 (Malay Peninsula Standard Time),,s10w91,focus,
Wed Sep 02 2015 12:10:04 GMT+0800 (Malay Peninsula Standard Time),,s10w92,focus,
Wed Sep 02 2015 12:10:04 GMT+0800 (Malay Peninsula Standard Time),,s10w93,focus,
Wed Sep 02 2015 12:10:04 GMT+0800 (Malay Peninsula Standard Time),,s10w94,focus,
Wed Sep 02 2015 12:10:04 GMT+0800 (Malay Peninsula Standard Time),,s10w95,focus,
Wed Sep 02 2015 12:10:05 GMT+0800 (Malay Peninsula Standard Time),,s10w96,focus,
Wed Sep 02 2015 12:10:05 GMT+0800 (Malay Peninsula Standard Time),,s10w97,focus,
Wed Sep 02 2015 12:10:05 GMT+0800 (Malay Peninsula Standard Time),,s10w98,focus,
Wed Sep 02 2015 12:10:05 GMT+0800 (Malay Peninsula Standard Time),,s10w99,focus,
Wed Sep 02 2015 12:10:05 GMT+0800 (Malay Peninsula Standard Time),,s10w100,focus,
Wed Sep 02 2015 12:10:06 GMT+0800 (Malay Peninsula Standard Time),,s10w101,focus,
Wed Sep 02 2015 12:10:06 GMT+0800 (Malay Peninsula Standard Time),,s10w102,focus,
Wed Sep 02 2015 12:10:06 GMT+0800 (Malay Peninsula Standard Time),,s10w103,focus,
Wed Sep 02 2015 12:10:06 GMT+0800 (Malay Peninsula Standard Time),,s10w104,focus,
Wed Sep 02 2015 12:10:06 GMT+0800 (Malay Peninsula Standard Time),,s10w105,focus,
Wed Sep 02 2015 12:10:07 GMT+0800 (Malay Peninsula Standard Time),,s10w106,focus,
Wed Sep 02 2015 12:10:23 GMT+0800 (Malay Peninsula Standard Time),,s10w107,focus,
Wed Sep 02 2015 12:10:23 GMT+0800 (Malay Peninsula Standard Time),,s10w108,focus,
Wed Sep 02 2015 12:10:24 GMT+0800 (Malay Peninsula Standard Time),,s10w109,focus,
Wed Sep 02 2015 12:10:24 GMT+0800 (Malay Peninsula Standard Time),,s10w110,focus,
Wed Sep 02 2015 12:10:24 GMT+0800 (Malay Peninsula Standard Time),,s10w111,focus,
Wed Sep 02 2015 12:10:24 GMT+0800 (Malay Peninsula Standard Time),,s10w112,focus,
Wed Sep 02 2015 12:10:24 GMT+0800 (Malay Peninsula Standard Time),,s10w113,focus,
Wed Sep 02 2015 12:10:25 GMT+0800 (Malay Peninsula Standard Time),,s10w114,focus,
Wed Sep 02 2015 12:10:25 GMT+0800 (Malay Peninsula Standard Time),,s10w115,focus,
Wed Sep 02 2015 12:10:25 GMT+0800 (Malay Peninsula Standard Time),,s11w1,focus,
Wed Sep 02 2015 12:10:26 GMT+0800 (Malay Peninsula Standard Time),,s10w115,focus,
Wed Sep 02 2015 12:10:26 GMT+0800 (Malay Peninsula Standard Time),,s10w114,focus,
Wed Sep 02 2015 12:10:26 GMT+0800 (Malay Peninsula Standard Time),,s10w113,focus,
Wed Sep 02 2015 12:10:27 GMT+0800 (Malay Peninsula Standard Time),,s10w112,focus,
Wed Sep 02 2015 12:10:27 GMT+0800 (Malay Peninsula Standard Time),,s10w111,focus,
Wed Sep 02 2015 12:10:27 GMT+0800 (Malay Peninsula Standard Time),,s10w110,focus,
Wed Sep 02 2015 12:10:27 GMT+0800 (Malay Peninsula Standard Time),,s10w109,focus,
Wed Sep 02 2015 12:10:27 GMT+0800 (Malay Peninsula Standard Time),,s10w108,focus,
Wed Sep 02 2015 12:10:27 GMT+0800 (Malay Peninsula Standard Time),,s10w107,focus,
Wed Sep 02 2015 12:10:28 GMT+0800 (Malay Peninsula Standard Time),,s10w106,focus,
Wed Sep 02 2015 12:10:28 GMT+0800 (Malay Peninsula Standard Time),,s10w105,focus,
Wed Sep 02 2015 12:10:29 GMT+0800 (Malay Peninsula Standard Time),,s10w105,label,"^"
Wed Sep 02 2015 12:10:29 GMT+0800 (Malay Peninsula Standard Time),,s10w106,focus,
Wed Sep 02 2015 12:10:29 GMT+0800 (Malay Peninsula Standard Time),,s10w107,focus,
Wed Sep 02 2015 12:10:29 GMT+0800 (Malay Peninsula Standard Time),,s10w108,focus,
Wed Sep 02 2015 12:10:30 GMT+0800 (Malay Peninsula Standard Time),,s10w109,focus,
Wed Sep 02 2015 12:10:30 GMT+0800 (Malay Peninsula Standard Time),,s10w110,focus,
Wed Sep 02 2015 12:10:30 GMT+0800 (Malay Peninsula Standard Time),,s10w111,focus,
Wed Sep 02 2015 12:10:30 GMT+0800 (Malay Peninsula Standard Time),,s10w112,focus,
Wed Sep 02 2015 12:10:30 GMT+0800 (Malay Peninsula Standard Time),,s10w113,focus,
Wed Sep 02 2015 12:10:31 GMT+0800 (Malay Peninsula Standard Time),,s10w114,focus,
Wed Sep 02 2015 12:10:31 GMT+0800 (Malay Peninsula Standard Time),,s10w115,focus,
Wed Sep 02 2015 12:10:31 GMT+0800 (Malay Peninsula Standard Time),,s11w1,focus,
Wed Sep 02 2015 12:10:31 GMT+0800 (Malay Peninsula Standard Time),,s11w2,focus,
Wed Sep 02 2015 12:10:31 GMT+0800 (Malay Peninsula Standard Time),,s11w3,focus,
Wed Sep 02 2015 12:10:31 GMT+0800 (Malay Peninsula Standard Time),,s11w4,focus,
Wed Sep 02 2015 12:10:32 GMT+0800 (Malay Peninsula Standard Time),,s11w5,focus,
Wed Sep 02 2015 12:10:32 GMT+0800 (Malay Peninsula Standard Time),,s11w6,focus,
Wed Sep 02 2015 12:10:32 GMT+0800 (Malay Peninsula Standard Time),,s11w5,focus,
Wed Sep 02 2015 12:10:33 GMT+0800 (Malay Peninsula Standard Time),,s11w5,label,"^"
Wed Sep 02 2015 12:10:33 GMT+0800 (Malay Peninsula Standard Time),,s11w6,focus,
Wed Sep 02 2015 12:10:33 GMT+0800 (Malay Peninsula Standard Time),,s11w7,focus,
Wed Sep 02 2015 12:10:34 GMT+0800 (Malay Peninsula Standard Time),,s11w7,label,"^"
Wed Sep 02 2015 12:10:34 GMT+0800 (Malay Peninsula Standard Time),,s11w8,focus,
Wed Sep 02 2015 12:10:35 GMT+0800 (Malay Peninsula Standard Time),,s11w9,focus,
Wed Sep 02 2015 12:10:35 GMT+0800 (Malay Peninsula Standard Time),,s11w10,focus,
Wed Sep 02 2015 12:10:35 GMT+0800 (Malay Peninsula Standard Time),,s11w11,focus,
Wed Sep 02 2015 12:10:35 GMT+0800 (Malay Peninsula Standard Time),,s11w10,focus,
Wed Sep 02 2015 12:10:36 GMT+0800 (Malay Peninsula Standard Time),,s11w10,label,"^"
Wed Sep 02 2015 12:10:36 GMT+0800 (Malay Peninsula Standard Time),,s11w11,focus,
Wed Sep 02 2015 12:10:37 GMT+0800 (Malay Peninsula Standard Time),,s11w12,focus,
Wed Sep 02 2015 12:10:37 GMT+0800 (Malay Peninsula Standard Time),,s11w13,focus,
Wed Sep 02 2015 12:10:37 GMT+0800 (Malay Peninsula Standard Time),,s11w14,focus,
Wed Sep 02 2015 12:10:38 GMT+0800 (Malay Peninsula Standard Time),,s11w15,focus,
Wed Sep 02 2015 12:10:38 GMT+0800 (Malay Peninsula Standard Time),,s11w16,focus,
Wed Sep 02 2015 12:10:38 GMT+0800 (Malay Peninsula Standard Time),,s11w17,focus,
Wed Sep 02 2015 12:10:39 GMT+0800 (Malay Peninsula Standard Time),,s11w18,focus,
Wed Sep 02 2015 12:10:39 GMT+0800 (Malay Peninsula Standard Time),,s11w19,focus,
Wed Sep 02 2015 12:10:39 GMT+0800 (Malay Peninsula Standard Time),,s11w20,focus,
Wed Sep 02 2015 12:10:39 GMT+0800 (Malay Peninsula Standard Time),,s11w21,focus,
Wed Sep 02 2015 12:10:39 GMT+0800 (Malay Peninsula Standard Time),,s11w22,focus,
Wed Sep 02 2015 12:10:40 GMT+0800 (Malay Peninsula Standard Time),,s11w23,focus,
Wed Sep 02 2015 12:10:40 GMT+0800 (Malay Peninsula Standard Time),,s11w24,focus,
Wed Sep 02 2015 12:10:40 GMT+0800 (Malay Peninsula Standard Time),,s11w25,focus,
Wed Sep 02 2015 12:10:40 GMT+0800 (Malay Peninsula Standard Time),,s11w26,focus,
Wed Sep 02 2015 12:10:40 GMT+0800 (Malay Peninsula Standard Time),,s11w27,focus,
Wed Sep 02 2015 12:10:41 GMT+0800 (Malay Peninsula Standard Time),,s11w28,focus,
Wed Sep 02 2015 12:10:41 GMT+0800 (Malay Peninsula Standard Time),,s11w29,focus,
Wed Sep 02 2015 12:10:41 GMT+0800 (Malay Peninsula Standard Time),,s11w28,focus,
Wed Sep 02 2015 12:10:41 GMT+0800 (Malay Peninsula Standard Time),,s11w27,focus,
Wed Sep 02 2015 12:10:42 GMT+0800 (Malay Peninsula Standard Time),,s11w27,label,"^"
Wed Sep 02 2015 12:10:42 GMT+0800 (Malay Peninsula Standard Time),,s11w28,focus,
Wed Sep 02 2015 12:10:42 GMT+0800 (Malay Peninsula Standard Time),,s11w29,focus,
Wed Sep 02 2015 12:10:42 GMT+0800 (Malay Peninsula Standard Time),,s11w30,focus,
Wed Sep 02 2015 12:10:43 GMT+0800 (Malay Peninsula Standard Time),,s11w30,label,"^"
Wed Sep 02 2015 12:10:43 GMT+0800 (Malay Peninsula Standard Time),,s11w31,focus,
Wed Sep 02 2015 12:10:43 GMT+0800 (Malay Peninsula Standard Time),,s11w32,focus,
Wed Sep 02 2015 12:10:43 GMT+0800 (Malay Peninsula Standard Time),,s11w33,focus,
Wed Sep 02 2015 12:10:44 GMT+0800 (Malay Peninsula Standard Time),,s11w34,focus,
Wed Sep 02 2015 12:10:44 GMT+0800 (Malay Peninsula Standard Time),,s11w35,focus,
Wed Sep 02 2015 12:10:44 GMT+0800 (Malay Peninsula Standard Time),,s11w36,focus,
Wed Sep 02 2015 12:10:44 GMT+0800 (Malay Peninsula Standard Time),,s11w37,focus,
Wed Sep 02 2015 12:10:44 GMT+0800 (Malay Peninsula Standard Time),,s11w38,focus,
Wed Sep 02 2015 12:10:45 GMT+0800 (Malay Peninsula Standard Time),,s11w39,focus,
Wed Sep 02 2015 12:10:45 GMT+0800 (Malay Peninsula Standard Time),,s11w40,focus,
Wed Sep 02 2015 12:10:45 GMT+0800 (Malay Peninsula Standard Time),,s11w41,focus,
Wed Sep 02 2015 12:10:45 GMT+0800 (Malay Peninsula Standard Time),,s11w42,focus,
Wed Sep 02 2015 12:10:45 GMT+0800 (Malay Peninsula Standard Time),,s11w43,focus,
Wed Sep 02 2015 12:10:45 GMT+0800 (Malay Peninsula Standard Time),,s11w44,focus,
Wed Sep 02 2015 12:10:46 GMT+0800 (Malay Peninsula Standard Time),,s11w45,focus,
Wed Sep 02 2015 12:10:46 GMT+0800 (Malay Peninsula Standard Time),,s11w46,focus,
Wed Sep 02 2015 12:10:46 GMT+0800 (Malay Peninsula Standard Time),,s11w47,focus,
Wed Sep 02 2015 12:10:46 GMT+0800 (Malay Peninsula Standard Time),,s11w48,focus,
Wed Sep 02 2015 12:10:47 GMT+0800 (Malay Peninsula Standard Time),,s11w47,focus,
Wed Sep 02 2015 12:10:47 GMT+0800 (Malay Peninsula Standard Time),,s11w46,focus,
Wed Sep 02 2015 12:10:47 GMT+0800 (Malay Peninsula Standard Time),,s11w45,focus,
Wed Sep 02 2015 12:10:48 GMT+0800 (Malay Peninsula Standard Time),,s11w45,label,"^"
Wed Sep 02 2015 12:10:48 GMT+0800 (Malay Peninsula Standard Time),,s11w46,focus,
Wed Sep 02 2015 12:10:48 GMT+0800 (Malay Peninsula Standard Time),,s11w47,focus,
Wed Sep 02 2015 12:10:48 GMT+0800 (Malay Peninsula Standard Time),,s11w48,focus,
Wed Sep 02 2015 12:10:48 GMT+0800 (Malay Peninsula Standard Time),,s11w49,focus,
Wed Sep 02 2015 12:10:48 GMT+0800 (Malay Peninsula Standard Time),,s11w50,focus,
Wed Sep 02 2015 12:10:49 GMT+0800 (Malay Peninsula Standard Time),,s11w51,focus,
Wed Sep 02 2015 12:10:49 GMT+0800 (Malay Peninsula Standard Time),,s11w52,focus,
Wed Sep 02 2015 12:10:49 GMT+0800 (Malay Peninsula Standard Time),,s11w53,focus,
Wed Sep 02 2015 12:10:49 GMT+0800 (Malay Peninsula Standard Time),,s11w54,focus,
Wed Sep 02 2015 12:10:49 GMT+0800 (Malay Peninsula Standard Time),,s11w55,focus,
Wed Sep 02 2015 12:10:49 GMT+0800 (Malay Peninsula Standard Time),,s11w56,focus,
Wed Sep 02 2015 12:10:51 GMT+0800 (Malay Peninsula Standard Time),,s11w57,focus,
Wed Sep 02 2015 12:10:51 GMT+0800 (Malay Peninsula Standard Time),,s11w58,focus,
Wed Sep 02 2015 12:10:51 GMT+0800 (Malay Peninsula Standard Time),,s12w1,focus,
Wed Sep 02 2015 12:10:52 GMT+0800 (Malay Peninsula Standard Time),,s12w2,focus,
Wed Sep 02 2015 12:10:52 GMT+0800 (Malay Peninsula Standard Time),,s12w3,focus,
Wed Sep 02 2015 12:10:52 GMT+0800 (Malay Peninsula Standard Time),,s12w4,focus,
Wed Sep 02 2015 12:10:52 GMT+0800 (Malay Peninsula Standard Time),,s12w5,focus,
Wed Sep 02 2015 12:10:52 GMT+0800 (Malay Peninsula Standard Time),,s12w6,focus,
Wed Sep 02 2015 12:10:53 GMT+0800 (Malay Peninsula Standard Time),,s12w7,focus,
Wed Sep 02 2015 12:10:57 GMT+0800 (Malay Peninsula Standard Time),,,submitPage,
