Wed Sep 02 2015 14:52:53 GMT+0800 (Malay Peninsula Standard Time),,,pageReady,0:100:100
Wed Sep 02 2015 14:52:53 GMT+0800 (Malay Peninsula Standard Time),,s0,twitterId,351298
Wed Sep 02 2015 14:52:53 GMT+0800 (Malay Peninsula Standard Time),,s1,twitterId,351298
Wed Sep 02 2015 14:52:53 GMT+0800 (Malay Peninsula Standard Time),,s2,twitterId,351298
Wed Sep 02 2015 14:52:53 GMT+0800 (Malay Peninsula Standard Time),,s3,twitterId,351298
Wed Sep 02 2015 14:52:53 GMT+0800 (Malay Peninsula Standard Time),,s4,twitterId,351298
Wed Sep 02 2015 14:52:53 GMT+0800 (Malay Peninsula Standard Time),,s5,twitterId,351298
Wed Sep 02 2015 14:52:53 GMT+0800 (Malay Peninsula Standard Time),,s6,twitterId,351298
Wed Sep 02 2015 14:52:53 GMT+0800 (Malay Peninsula Standard Time),,s7,twitterId,351298
Wed Sep 02 2015 14:52:53 GMT+0800 (Malay Peninsula Standard Time),,s8,twitterId,351298
Wed Sep 02 2015 14:52:53 GMT+0800 (Malay Peninsula Standard Time),,s9,twitterId,351298
Wed Sep 02 2015 14:53:07 GMT+0800 (Malay Peninsula Standard Time),,s1w5,focus,
Wed Sep 02 2015 14:53:07 GMT+0800 (Malay Peninsula Standard Time),,s1w5,focus,
Wed Sep 02 2015 14:53:09 GMT+0800 (Malay Peninsula Standard Time),,s1w6,focus,
Wed Sep 02 2015 14:53:09 GMT+0800 (Malay Peninsula Standard Time),,s1w7,focus,
Wed Sep 02 2015 14:53:09 GMT+0800 (Malay Peninsula Standard Time),,s1w8,focus,
Wed Sep 02 2015 14:53:09 GMT+0800 (Malay Peninsula Standard Time),,s1w9,focus,
Wed Sep 02 2015 14:53:09 GMT+0800 (Malay Peninsula Standard Time),,s1w10,focus,
Wed Sep 02 2015 14:53:09 GMT+0800 (Malay Peninsula Standard Time),,s1w11,focus,
Wed Sep 02 2015 14:53:10 GMT+0800 (Malay Peninsula Standard Time),,s1w12,focus,
Wed Sep 02 2015 14:53:10 GMT+0800 (Malay Peninsula Standard Time),,s1w13,focus,
Wed Sep 02 2015 14:53:11 GMT+0800 (Malay Peninsula Standard Time),,s1w14,focus,
Wed Sep 02 2015 14:53:15 GMT+0800 (Malay Peninsula Standard Time),,s1w14,label,"N"
Wed Sep 02 2015 14:53:15 GMT+0800 (Malay Peninsula Standard Time),,s1w15,focus,
Wed Sep 02 2015 14:53:15 GMT+0800 (Malay Peninsula Standard Time),,s1w16,focus,
Wed Sep 02 2015 14:53:15 GMT+0800 (Malay Peninsula Standard Time),,s1w17,focus,
Wed Sep 02 2015 14:53:16 GMT+0800 (Malay Peninsula Standard Time),,s1w18,focus,
Wed Sep 02 2015 14:53:16 GMT+0800 (Malay Peninsula Standard Time),,s1w19,focus,
Wed Sep 02 2015 14:53:17 GMT+0800 (Malay Peninsula Standard Time),,s1w20,focus,
Wed Sep 02 2015 14:53:17 GMT+0800 (Malay Peninsula Standard Time),,s1w21,focus,
Wed Sep 02 2015 14:53:17 GMT+0800 (Malay Peninsula Standard Time),,s1w22,focus,
Wed Sep 02 2015 14:53:18 GMT+0800 (Malay Peninsula Standard Time),,s1w21,focus,
Wed Sep 02 2015 14:53:18 GMT+0800 (Malay Peninsula Standard Time),,s1w22,focus,
Wed Sep 02 2015 14:53:19 GMT+0800 (Malay Peninsula Standard Time),,s1w23,focus,
Wed Sep 02 2015 14:53:20 GMT+0800 (Malay Peninsula Standard Time),,s1w24,focus,
Wed Sep 02 2015 14:53:20 GMT+0800 (Malay Peninsula Standard Time),,s1w25,focus,
Wed Sep 02 2015 14:53:21 GMT+0800 (Malay Peninsula Standard Time),,s1w26,focus,
Wed Sep 02 2015 14:53:21 GMT+0800 (Malay Peninsula Standard Time),,s1w27,focus,
Wed Sep 02 2015 14:53:21 GMT+0800 (Malay Peninsula Standard Time),,s1w28,focus,
Wed Sep 02 2015 14:53:22 GMT+0800 (Malay Peninsula Standard Time),,s1w29,focus,
Wed Sep 02 2015 14:53:22 GMT+0800 (Malay Peninsula Standard Time),,s1w30,focus,
Wed Sep 02 2015 14:53:23 GMT+0800 (Malay Peninsula Standard Time),,s1w31,focus,
Wed Sep 02 2015 14:53:23 GMT+0800 (Malay Peninsula Standard Time),,s1w32,focus,
Wed Sep 02 2015 14:53:24 GMT+0800 (Malay Peninsula Standard Time),,s1w33,focus,
Wed Sep 02 2015 14:53:24 GMT+0800 (Malay Peninsula Standard Time),,s1w34,focus,
Wed Sep 02 2015 14:53:24 GMT+0800 (Malay Peninsula Standard Time),,s1w35,focus,
Wed Sep 02 2015 14:53:25 GMT+0800 (Malay Peninsula Standard Time),,s1w36,focus,
Wed Sep 02 2015 14:53:27 GMT+0800 (Malay Peninsula Standard Time),,s1w36,label,"N"
Wed Sep 02 2015 14:53:27 GMT+0800 (Malay Peninsula Standard Time),,s1w37,focus,
Wed Sep 02 2015 14:53:30 GMT+0800 (Malay Peninsula Standard Time),,s1w37,label,"N"
Wed Sep 02 2015 14:53:31 GMT+0800 (Malay Peninsula Standard Time),,s1w38,focus,
Wed Sep 02 2015 14:53:31 GMT+0800 (Malay Peninsula Standard Time),,s1w39,focus,
Wed Sep 02 2015 14:53:34 GMT+0800 (Malay Peninsula Standard Time),,s1w40,focus,
Wed Sep 02 2015 14:53:34 GMT+0800 (Malay Peninsula Standard Time),,s1w39,focus,
Wed Sep 02 2015 14:53:38 GMT+0800 (Malay Peninsula Standard Time),,s1w39,label,"^"
Wed Sep 02 2015 14:53:38 GMT+0800 (Malay Peninsula Standard Time),,s1w40,focus,
Wed Sep 02 2015 14:53:38 GMT+0800 (Malay Peninsula Standard Time),,s1w41,focus,
Wed Sep 02 2015 14:53:39 GMT+0800 (Malay Peninsula Standard Time),,s1w42,focus,
Wed Sep 02 2015 14:53:39 GMT+0800 (Malay Peninsula Standard Time),,s1w43,focus,
Wed Sep 02 2015 14:53:39 GMT+0800 (Malay Peninsula Standard Time),,s1w44,focus,
Wed Sep 02 2015 14:53:40 GMT+0800 (Malay Peninsula Standard Time),,s1w45,focus,
Wed Sep 02 2015 14:53:40 GMT+0800 (Malay Peninsula Standard Time),,s1w46,focus,
Wed Sep 02 2015 14:53:40 GMT+0800 (Malay Peninsula Standard Time),,s1w47,focus,
Wed Sep 02 2015 14:53:41 GMT+0800 (Malay Peninsula Standard Time),,s1w48,focus,
Wed Sep 02 2015 14:53:41 GMT+0800 (Malay Peninsula Standard Time),,s1w49,focus,
Wed Sep 02 2015 14:53:42 GMT+0800 (Malay Peninsula Standard Time),,s1w50,focus,
Wed Sep 02 2015 14:53:42 GMT+0800 (Malay Peninsula Standard Time),,s1w51,focus,
Wed Sep 02 2015 14:53:42 GMT+0800 (Malay Peninsula Standard Time),,s1w52,focus,
Wed Sep 02 2015 14:53:42 GMT+0800 (Malay Peninsula Standard Time),,s1w53,focus,
Wed Sep 02 2015 14:53:43 GMT+0800 (Malay Peninsula Standard Time),,s1w54,focus,
Wed Sep 02 2015 14:53:43 GMT+0800 (Malay Peninsula Standard Time),,s1w55,focus,
Wed Sep 02 2015 14:53:44 GMT+0800 (Malay Peninsula Standard Time),,s1w56,focus,
Wed Sep 02 2015 14:53:45 GMT+0800 (Malay Peninsula Standard Time),,s1w57,focus,
Wed Sep 02 2015 14:53:45 GMT+0800 (Malay Peninsula Standard Time),,s1w58,focus,
Wed Sep 02 2015 14:53:45 GMT+0800 (Malay Peninsula Standard Time),,s1w59,focus,
Wed Sep 02 2015 14:53:46 GMT+0800 (Malay Peninsula Standard Time),,s1w60,focus,
Wed Sep 02 2015 14:53:46 GMT+0800 (Malay Peninsula Standard Time),,s1w61,focus,
Wed Sep 02 2015 14:53:46 GMT+0800 (Malay Peninsula Standard Time),,s1w62,focus,
Wed Sep 02 2015 14:53:46 GMT+0800 (Malay Peninsula Standard Time),,s1w63,focus,
Wed Sep 02 2015 14:53:47 GMT+0800 (Malay Peninsula Standard Time),,s1w64,focus,
Wed Sep 02 2015 14:53:47 GMT+0800 (Malay Peninsula Standard Time),,s1w65,focus,
Wed Sep 02 2015 14:53:47 GMT+0800 (Malay Peninsula Standard Time),,s1w66,focus,
Wed Sep 02 2015 14:53:47 GMT+0800 (Malay Peninsula Standard Time),,s1w67,focus,
Wed Sep 02 2015 14:53:47 GMT+0800 (Malay Peninsula Standard Time),,s1w68,focus,
Wed Sep 02 2015 14:53:48 GMT+0800 (Malay Peninsula Standard Time),,s1w69,focus,
Wed Sep 02 2015 14:53:48 GMT+0800 (Malay Peninsula Standard Time),,s1w70,focus,
Wed Sep 02 2015 14:53:51 GMT+0800 (Malay Peninsula Standard Time),,s1w70,label,"^"
Wed Sep 02 2015 14:53:51 GMT+0800 (Malay Peninsula Standard Time),,s1w71,focus,
Wed Sep 02 2015 14:53:52 GMT+0800 (Malay Peninsula Standard Time),,s1w72,focus,
Wed Sep 02 2015 14:53:52 GMT+0800 (Malay Peninsula Standard Time),,s1w73,focus,
Wed Sep 02 2015 14:53:53 GMT+0800 (Malay Peninsula Standard Time),,s1w74,focus,
Wed Sep 02 2015 14:53:53 GMT+0800 (Malay Peninsula Standard Time),,s1w75,focus,
Wed Sep 02 2015 14:53:53 GMT+0800 (Malay Peninsula Standard Time),,s1w76,focus,
Wed Sep 02 2015 14:53:53 GMT+0800 (Malay Peninsula Standard Time),,s1w77,focus,
Wed Sep 02 2015 14:53:54 GMT+0800 (Malay Peninsula Standard Time),,s1w78,focus,
Wed Sep 02 2015 14:53:54 GMT+0800 (Malay Peninsula Standard Time),,s1w79,focus,
Wed Sep 02 2015 14:53:54 GMT+0800 (Malay Peninsula Standard Time),,s1w80,focus,
Wed Sep 02 2015 14:53:54 GMT+0800 (Malay Peninsula Standard Time),,s1w81,focus,
Wed Sep 02 2015 14:53:55 GMT+0800 (Malay Peninsula Standard Time),,s1w82,focus,
Wed Sep 02 2015 14:53:55 GMT+0800 (Malay Peninsula Standard Time),,s1w83,focus,
Wed Sep 02 2015 14:53:55 GMT+0800 (Malay Peninsula Standard Time),,s1w84,focus,
Wed Sep 02 2015 14:53:55 GMT+0800 (Malay Peninsula Standard Time),,s1w85,focus,
Wed Sep 02 2015 14:53:56 GMT+0800 (Malay Peninsula Standard Time),,s1w86,focus,
Wed Sep 02 2015 14:53:56 GMT+0800 (Malay Peninsula Standard Time),,s1w85,focus,
Wed Sep 02 2015 14:53:56 GMT+0800 (Malay Peninsula Standard Time),,s1w84,focus,
Wed Sep 02 2015 14:53:57 GMT+0800 (Malay Peninsula Standard Time),,s1w85,focus,
Wed Sep 02 2015 14:53:57 GMT+0800 (Malay Peninsula Standard Time),,s1w86,focus,
Wed Sep 02 2015 14:53:58 GMT+0800 (Malay Peninsula Standard Time),,s1w87,focus,
Wed Sep 02 2015 14:53:59 GMT+0800 (Malay Peninsula Standard Time),,s1w88,focus,
Wed Sep 02 2015 14:54:00 GMT+0800 (Malay Peninsula Standard Time),,s1w89,focus,
Wed Sep 02 2015 14:54:00 GMT+0800 (Malay Peninsula Standard Time),,s1w90,focus,
Wed Sep 02 2015 14:54:00 GMT+0800 (Malay Peninsula Standard Time),,s1w91,focus,
Wed Sep 02 2015 14:54:00 GMT+0800 (Malay Peninsula Standard Time),,s1w92,focus,
Wed Sep 02 2015 14:54:01 GMT+0800 (Malay Peninsula Standard Time),,s1w93,focus,
Wed Sep 02 2015 14:54:01 GMT+0800 (Malay Peninsula Standard Time),,s1w94,focus,
Wed Sep 02 2015 14:54:01 GMT+0800 (Malay Peninsula Standard Time),,s1w95,focus,
Wed Sep 02 2015 14:54:01 GMT+0800 (Malay Peninsula Standard Time),,s1w96,focus,
Wed Sep 02 2015 14:54:01 GMT+0800 (Malay Peninsula Standard Time),,s1w97,focus,
Wed Sep 02 2015 14:54:02 GMT+0800 (Malay Peninsula Standard Time),,s1w98,focus,
Wed Sep 02 2015 14:54:02 GMT+0800 (Malay Peninsula Standard Time),,s1w99,focus,
Wed Sep 02 2015 14:54:03 GMT+0800 (Malay Peninsula Standard Time),,s1w100,focus,
Wed Sep 02 2015 14:54:03 GMT+0800 (Malay Peninsula Standard Time),,s1w101,focus,
Wed Sep 02 2015 14:54:03 GMT+0800 (Malay Peninsula Standard Time),,s1w102,focus,
Wed Sep 02 2015 14:54:04 GMT+0800 (Malay Peninsula Standard Time),,s1w103,focus,
Wed Sep 02 2015 14:54:04 GMT+0800 (Malay Peninsula Standard Time),,s1w104,focus,
Wed Sep 02 2015 14:54:04 GMT+0800 (Malay Peninsula Standard Time),,s1w105,focus,
Wed Sep 02 2015 14:54:05 GMT+0800 (Malay Peninsula Standard Time),,s1w106,focus,
Wed Sep 02 2015 14:54:05 GMT+0800 (Malay Peninsula Standard Time),,s1w107,focus,
Wed Sep 02 2015 14:54:06 GMT+0800 (Malay Peninsula Standard Time),,s1w108,focus,
Wed Sep 02 2015 14:54:06 GMT+0800 (Malay Peninsula Standard Time),,s1w109,focus,
Wed Sep 02 2015 14:54:06 GMT+0800 (Malay Peninsula Standard Time),,s1w110,focus,
Wed Sep 02 2015 14:54:07 GMT+0800 (Malay Peninsula Standard Time),,s1w111,focus,
Wed Sep 02 2015 14:54:07 GMT+0800 (Malay Peninsula Standard Time),,s1w112,focus,
Wed Sep 02 2015 14:54:08 GMT+0800 (Malay Peninsula Standard Time),,s1w113,focus,
Wed Sep 02 2015 14:54:08 GMT+0800 (Malay Peninsula Standard Time),,s1w114,focus,
Wed Sep 02 2015 14:54:08 GMT+0800 (Malay Peninsula Standard Time),,s1w115,focus,
Wed Sep 02 2015 14:54:08 GMT+0800 (Malay Peninsula Standard Time),,s1w116,focus,
Wed Sep 02 2015 14:54:09 GMT+0800 (Malay Peninsula Standard Time),,s1w117,focus,
Wed Sep 02 2015 14:54:09 GMT+0800 (Malay Peninsula Standard Time),,s1w118,focus,
Wed Sep 02 2015 14:54:09 GMT+0800 (Malay Peninsula Standard Time),,s1w119,focus,
Wed Sep 02 2015 14:54:10 GMT+0800 (Malay Peninsula Standard Time),,s1w120,focus,
Wed Sep 02 2015 14:54:10 GMT+0800 (Malay Peninsula Standard Time),,s1w121,focus,
Wed Sep 02 2015 14:54:11 GMT+0800 (Malay Peninsula Standard Time),,s1w122,focus,
Wed Sep 02 2015 14:54:11 GMT+0800 (Malay Peninsula Standard Time),,s1w123,focus,
Wed Sep 02 2015 14:54:11 GMT+0800 (Malay Peninsula Standard Time),,s1w124,focus,
Wed Sep 02 2015 14:54:11 GMT+0800 (Malay Peninsula Standard Time),,s1w125,focus,
Wed Sep 02 2015 14:54:12 GMT+0800 (Malay Peninsula Standard Time),,s1w126,focus,
Wed Sep 02 2015 14:54:12 GMT+0800 (Malay Peninsula Standard Time),,s1w127,focus,
Wed Sep 02 2015 14:54:12 GMT+0800 (Malay Peninsula Standard Time),,s1w128,focus,
Wed Sep 02 2015 14:54:12 GMT+0800 (Malay Peninsula Standard Time),,s1w129,focus,
Wed Sep 02 2015 14:54:12 GMT+0800 (Malay Peninsula Standard Time),,s1w130,focus,
Wed Sep 02 2015 14:54:13 GMT+0800 (Malay Peninsula Standard Time),,s1w131,focus,
Wed Sep 02 2015 14:54:13 GMT+0800 (Malay Peninsula Standard Time),,s1w132,focus,
Wed Sep 02 2015 14:54:13 GMT+0800 (Malay Peninsula Standard Time),,s1w133,focus,
Wed Sep 02 2015 14:54:14 GMT+0800 (Malay Peninsula Standard Time),,s1w134,focus,
Wed Sep 02 2015 14:54:14 GMT+0800 (Malay Peninsula Standard Time),,s1w135,focus,
Wed Sep 02 2015 14:54:20 GMT+0800 (Malay Peninsula Standard Time),,s1w135,label,"^"
Wed Sep 02 2015 14:54:20 GMT+0800 (Malay Peninsula Standard Time),,s1w136,focus,
Wed Sep 02 2015 14:54:21 GMT+0800 (Malay Peninsula Standard Time),,s1w137,focus,
Wed Sep 02 2015 14:54:21 GMT+0800 (Malay Peninsula Standard Time),,s1w138,focus,
Wed Sep 02 2015 14:54:21 GMT+0800 (Malay Peninsula Standard Time),,s1w139,focus,
Wed Sep 02 2015 14:54:21 GMT+0800 (Malay Peninsula Standard Time),,s1w140,focus,
Wed Sep 02 2015 14:54:21 GMT+0800 (Malay Peninsula Standard Time),,s1w141,focus,
Wed Sep 02 2015 14:54:22 GMT+0800 (Malay Peninsula Standard Time),,s1w142,focus,
Wed Sep 02 2015 14:54:22 GMT+0800 (Malay Peninsula Standard Time),,s1w143,focus,
Wed Sep 02 2015 14:54:22 GMT+0800 (Malay Peninsula Standard Time),,s1w144,focus,
Wed Sep 02 2015 14:54:22 GMT+0800 (Malay Peninsula Standard Time),,s1w145,focus,
Wed Sep 02 2015 14:54:23 GMT+0800 (Malay Peninsula Standard Time),,s1w146,focus,
Wed Sep 02 2015 14:54:25 GMT+0800 (Malay Peninsula Standard Time),,s1w147,focus,
Wed Sep 02 2015 14:54:25 GMT+0800 (Malay Peninsula Standard Time),,s1w148,focus,
Wed Sep 02 2015 14:54:27 GMT+0800 (Malay Peninsula Standard Time),,s1w149,focus,
Wed Sep 02 2015 14:54:28 GMT+0800 (Malay Peninsula Standard Time),,s1w150,focus,
Wed Sep 02 2015 14:54:51 GMT+0800 (Malay Peninsula Standard Time),,s1w151,focus,
Wed Sep 02 2015 14:54:51 GMT+0800 (Malay Peninsula Standard Time),,s1w152,focus,
Wed Sep 02 2015 14:54:51 GMT+0800 (Malay Peninsula Standard Time),,s2w1,focus,
Wed Sep 02 2015 14:54:52 GMT+0800 (Malay Peninsula Standard Time),,s2w2,focus,
Wed Sep 02 2015 14:54:52 GMT+0800 (Malay Peninsula Standard Time),,s2w3,focus,
Wed Sep 02 2015 14:54:54 GMT+0800 (Malay Peninsula Standard Time),,s2w4,focus,
Wed Sep 02 2015 14:54:56 GMT+0800 (Malay Peninsula Standard Time),,s2w5,focus,
Wed Sep 02 2015 14:54:56 GMT+0800 (Malay Peninsula Standard Time),,s2w6,focus,
Wed Sep 02 2015 14:54:58 GMT+0800 (Malay Peninsula Standard Time),,s2w7,focus,
Wed Sep 02 2015 14:54:58 GMT+0800 (Malay Peninsula Standard Time),,s2w8,focus,
Wed Sep 02 2015 14:54:59 GMT+0800 (Malay Peninsula Standard Time),,s2w9,focus,
Wed Sep 02 2015 14:54:59 GMT+0800 (Malay Peninsula Standard Time),,s2w10,focus,
Wed Sep 02 2015 14:55:00 GMT+0800 (Malay Peninsula Standard Time),,s2w11,focus,
Wed Sep 02 2015 14:55:00 GMT+0800 (Malay Peninsula Standard Time),,s2w12,focus,
Wed Sep 02 2015 14:55:01 GMT+0800 (Malay Peninsula Standard Time),,s2w13,focus,
Wed Sep 02 2015 14:55:02 GMT+0800 (Malay Peninsula Standard Time),,s2w14,focus,
Wed Sep 02 2015 14:55:03 GMT+0800 (Malay Peninsula Standard Time),,s2w15,focus,
Wed Sep 02 2015 14:55:03 GMT+0800 (Malay Peninsula Standard Time),,s2w16,focus,
Wed Sep 02 2015 14:55:04 GMT+0800 (Malay Peninsula Standard Time),,s2w17,focus,
Wed Sep 02 2015 14:55:05 GMT+0800 (Malay Peninsula Standard Time),,s2w18,focus,
Wed Sep 02 2015 14:55:05 GMT+0800 (Malay Peninsula Standard Time),,s2w19,focus,
Wed Sep 02 2015 14:55:06 GMT+0800 (Malay Peninsula Standard Time),,s2w20,focus,
Wed Sep 02 2015 14:55:07 GMT+0800 (Malay Peninsula Standard Time),,s2w19,focus,
Wed Sep 02 2015 14:55:10 GMT+0800 (Malay Peninsula Standard Time),,s2w19,label,"N"
Wed Sep 02 2015 14:55:10 GMT+0800 (Malay Peninsula Standard Time),,s2w20,focus,
Wed Sep 02 2015 14:55:11 GMT+0800 (Malay Peninsula Standard Time),,s2w21,focus,
Wed Sep 02 2015 14:55:13 GMT+0800 (Malay Peninsula Standard Time),,s2w21,label,"N"
Wed Sep 02 2015 14:55:13 GMT+0800 (Malay Peninsula Standard Time),,s2w22,focus,
Wed Sep 02 2015 14:55:13 GMT+0800 (Malay Peninsula Standard Time),,s2w23,focus,
Wed Sep 02 2015 14:55:14 GMT+0800 (Malay Peninsula Standard Time),,s2w24,focus,
Wed Sep 02 2015 14:55:14 GMT+0800 (Malay Peninsula Standard Time),,s2w25,focus,
Wed Sep 02 2015 14:55:14 GMT+0800 (Malay Peninsula Standard Time),,s2w26,focus,
Wed Sep 02 2015 14:55:14 GMT+0800 (Malay Peninsula Standard Time),,s2w27,focus,
Wed Sep 02 2015 14:55:14 GMT+0800 (Malay Peninsula Standard Time),,s2w28,focus,
Wed Sep 02 2015 14:55:15 GMT+0800 (Malay Peninsula Standard Time),,s2w29,focus,
Wed Sep 02 2015 14:55:15 GMT+0800 (Malay Peninsula Standard Time),,s2w30,focus,
Wed Sep 02 2015 14:55:16 GMT+0800 (Malay Peninsula Standard Time),,s3w1,focus,
Wed Sep 02 2015 14:55:17 GMT+0800 (Malay Peninsula Standard Time),,s3w2,focus,
Wed Sep 02 2015 14:55:18 GMT+0800 (Malay Peninsula Standard Time),,s3w3,focus,
Wed Sep 02 2015 14:55:18 GMT+0800 (Malay Peninsula Standard Time),,s3w4,focus,
Wed Sep 02 2015 14:55:19 GMT+0800 (Malay Peninsula Standard Time),,s3w5,focus,
Wed Sep 02 2015 14:55:20 GMT+0800 (Malay Peninsula Standard Time),,s3w6,focus,
Wed Sep 02 2015 14:55:20 GMT+0800 (Malay Peninsula Standard Time),,s3w7,focus,
Wed Sep 02 2015 14:55:20 GMT+0800 (Malay Peninsula Standard Time),,s3w8,focus,
Wed Sep 02 2015 14:55:21 GMT+0800 (Malay Peninsula Standard Time),,s3w9,focus,
Wed Sep 02 2015 14:55:21 GMT+0800 (Malay Peninsula Standard Time),,s3w10,focus,
Wed Sep 02 2015 14:55:22 GMT+0800 (Malay Peninsula Standard Time),,s3w11,focus,
Wed Sep 02 2015 14:55:22 GMT+0800 (Malay Peninsula Standard Time),,s3w12,focus,
Wed Sep 02 2015 14:55:23 GMT+0800 (Malay Peninsula Standard Time),,s3w13,focus,
Wed Sep 02 2015 14:55:23 GMT+0800 (Malay Peninsula Standard Time),,s3w14,focus,
Wed Sep 02 2015 14:55:23 GMT+0800 (Malay Peninsula Standard Time),,s3w15,focus,
Wed Sep 02 2015 14:55:24 GMT+0800 (Malay Peninsula Standard Time),,s3w16,focus,
Wed Sep 02 2015 14:55:24 GMT+0800 (Malay Peninsula Standard Time),,s3w17,focus,
Wed Sep 02 2015 14:55:25 GMT+0800 (Malay Peninsula Standard Time),,s3w18,focus,
Wed Sep 02 2015 14:55:25 GMT+0800 (Malay Peninsula Standard Time),,s3w19,focus,
Wed Sep 02 2015 14:55:25 GMT+0800 (Malay Peninsula Standard Time),,s3w20,focus,
Wed Sep 02 2015 14:55:27 GMT+0800 (Malay Peninsula Standard Time),,s3w21,focus,
Wed Sep 02 2015 14:55:40 GMT+0800 (Malay Peninsula Standard Time),,s3w21,label,"N"
Wed Sep 02 2015 14:55:41 GMT+0800 (Malay Peninsula Standard Time),,s3w22,focus,
Wed Sep 02 2015 14:55:41 GMT+0800 (Malay Peninsula Standard Time),,s4w1,focus,
Wed Sep 02 2015 14:55:41 GMT+0800 (Malay Peninsula Standard Time),,s4w2,focus,
Wed Sep 02 2015 14:55:42 GMT+0800 (Malay Peninsula Standard Time),,s4w3,focus,
Wed Sep 02 2015 14:55:42 GMT+0800 (Malay Peninsula Standard Time),,s4w4,focus,
Wed Sep 02 2015 14:55:42 GMT+0800 (Malay Peninsula Standard Time),,s4w5,focus,
Wed Sep 02 2015 14:55:43 GMT+0800 (Malay Peninsula Standard Time),,s4w6,focus,
Wed Sep 02 2015 14:55:43 GMT+0800 (Malay Peninsula Standard Time),,s4w7,focus,
Wed Sep 02 2015 14:55:43 GMT+0800 (Malay Peninsula Standard Time),,s4w8,focus,
Wed Sep 02 2015 14:55:44 GMT+0800 (Malay Peninsula Standard Time),,s4w9,focus,
Wed Sep 02 2015 14:55:45 GMT+0800 (Malay Peninsula Standard Time),,s4w10,focus,
Wed Sep 02 2015 14:55:45 GMT+0800 (Malay Peninsula Standard Time),,s4w11,focus,
Wed Sep 02 2015 14:55:47 GMT+0800 (Malay Peninsula Standard Time),,s4w12,focus,
Wed Sep 02 2015 14:55:48 GMT+0800 (Malay Peninsula Standard Time),,s4w13,focus,
Wed Sep 02 2015 14:55:48 GMT+0800 (Malay Peninsula Standard Time),,s4w14,focus,
Wed Sep 02 2015 14:55:48 GMT+0800 (Malay Peninsula Standard Time),,s4w15,focus,
Wed Sep 02 2015 14:55:49 GMT+0800 (Malay Peninsula Standard Time),,s4w16,focus,
Wed Sep 02 2015 14:55:50 GMT+0800 (Malay Peninsula Standard Time),,s4w17,focus,
Wed Sep 02 2015 14:55:51 GMT+0800 (Malay Peninsula Standard Time),,s4w17,label,"^"
Wed Sep 02 2015 14:55:51 GMT+0800 (Malay Peninsula Standard Time),,s4w18,focus,
Wed Sep 02 2015 14:55:52 GMT+0800 (Malay Peninsula Standard Time),,s4w19,focus,
Wed Sep 02 2015 14:55:53 GMT+0800 (Malay Peninsula Standard Time),,s4w20,focus,
Wed Sep 02 2015 14:55:55 GMT+0800 (Malay Peninsula Standard Time),,s4w21,focus,
Wed Sep 02 2015 14:55:56 GMT+0800 (Malay Peninsula Standard Time),,s4w20,focus,
Wed Sep 02 2015 14:55:56 GMT+0800 (Malay Peninsula Standard Time),,s4w19,focus,
Wed Sep 02 2015 14:55:57 GMT+0800 (Malay Peninsula Standard Time),,s4w20,focus,
Wed Sep 02 2015 14:55:58 GMT+0800 (Malay Peninsula Standard Time),,s4w20,label,"N"
Wed Sep 02 2015 14:55:59 GMT+0800 (Malay Peninsula Standard Time),,s4w21,focus,
Wed Sep 02 2015 14:55:59 GMT+0800 (Malay Peninsula Standard Time),,s4w22,focus,
Wed Sep 02 2015 14:55:59 GMT+0800 (Malay Peninsula Standard Time),,s4w23,focus,
Wed Sep 02 2015 14:56:00 GMT+0800 (Malay Peninsula Standard Time),,s4w24,focus,
Wed Sep 02 2015 14:56:00 GMT+0800 (Malay Peninsula Standard Time),,s4w25,focus,
Wed Sep 02 2015 14:56:00 GMT+0800 (Malay Peninsula Standard Time),,s5w1,focus,
Wed Sep 02 2015 14:56:03 GMT+0800 (Malay Peninsula Standard Time),,s5w2,focus,
Wed Sep 02 2015 14:56:03 GMT+0800 (Malay Peninsula Standard Time),,s5w3,focus,
Wed Sep 02 2015 14:56:03 GMT+0800 (Malay Peninsula Standard Time),,s5w4,focus,
Wed Sep 02 2015 14:56:04 GMT+0800 (Malay Peninsula Standard Time),,s5w5,focus,
Wed Sep 02 2015 14:56:04 GMT+0800 (Malay Peninsula Standard Time),,s5w6,focus,
Wed Sep 02 2015 14:56:04 GMT+0800 (Malay Peninsula Standard Time),,s5w7,focus,
Wed Sep 02 2015 14:56:05 GMT+0800 (Malay Peninsula Standard Time),,s5w8,focus,
Wed Sep 02 2015 14:56:05 GMT+0800 (Malay Peninsula Standard Time),,s5w9,focus,
Wed Sep 02 2015 14:56:05 GMT+0800 (Malay Peninsula Standard Time),,s5w10,focus,
Wed Sep 02 2015 14:56:07 GMT+0800 (Malay Peninsula Standard Time),,s5w11,focus,
Wed Sep 02 2015 14:56:07 GMT+0800 (Malay Peninsula Standard Time),,s5w12,focus,
Wed Sep 02 2015 14:56:12 GMT+0800 (Malay Peninsula Standard Time),,s5w13,focus,
Wed Sep 02 2015 14:56:14 GMT+0800 (Malay Peninsula Standard Time),,s5w14,focus,
Wed Sep 02 2015 14:56:14 GMT+0800 (Malay Peninsula Standard Time),,s5w15,focus,
Wed Sep 02 2015 14:56:16 GMT+0800 (Malay Peninsula Standard Time),,s5w16,focus,
Wed Sep 02 2015 14:56:16 GMT+0800 (Malay Peninsula Standard Time),,s5w17,focus,
Wed Sep 02 2015 14:56:16 GMT+0800 (Malay Peninsula Standard Time),,s5w18,focus,
Wed Sep 02 2015 14:56:17 GMT+0800 (Malay Peninsula Standard Time),,s5w19,focus,
Wed Sep 02 2015 14:56:17 GMT+0800 (Malay Peninsula Standard Time),,s5w20,focus,
Wed Sep 02 2015 14:56:17 GMT+0800 (Malay Peninsula Standard Time),,s5w21,focus,
Wed Sep 02 2015 14:56:18 GMT+0800 (Malay Peninsula Standard Time),,s6w1,focus,
Wed Sep 02 2015 14:56:19 GMT+0800 (Malay Peninsula Standard Time),,s6w2,focus,
Wed Sep 02 2015 14:56:20 GMT+0800 (Malay Peninsula Standard Time),,s6w3,focus,
Wed Sep 02 2015 14:56:20 GMT+0800 (Malay Peninsula Standard Time),,s6w4,focus,
Wed Sep 02 2015 14:56:21 GMT+0800 (Malay Peninsula Standard Time),,s6w5,focus,
Wed Sep 02 2015 14:56:42 GMT+0800 (Malay Peninsula Standard Time),,s6w6,focus,
Wed Sep 02 2015 14:56:43 GMT+0800 (Malay Peninsula Standard Time),,s6w7,focus,
Wed Sep 02 2015 14:56:44 GMT+0800 (Malay Peninsula Standard Time),,s6w8,focus,
Wed Sep 02 2015 14:56:45 GMT+0800 (Malay Peninsula Standard Time),,s6w9,focus,
Wed Sep 02 2015 14:56:45 GMT+0800 (Malay Peninsula Standard Time),,s6w10,focus,
Wed Sep 02 2015 14:56:46 GMT+0800 (Malay Peninsula Standard Time),,s6w11,focus,
Wed Sep 02 2015 14:56:46 GMT+0800 (Malay Peninsula Standard Time),,s6w12,focus,
Wed Sep 02 2015 14:56:46 GMT+0800 (Malay Peninsula Standard Time),,s6w13,focus,
Wed Sep 02 2015 14:56:47 GMT+0800 (Malay Peninsula Standard Time),,s6w14,focus,
Wed Sep 02 2015 14:56:47 GMT+0800 (Malay Peninsula Standard Time),,s6w15,focus,
Wed Sep 02 2015 14:56:48 GMT+0800 (Malay Peninsula Standard Time),,s6w16,focus,
Wed Sep 02 2015 14:56:48 GMT+0800 (Malay Peninsula Standard Time),,s6w17,focus,
Wed Sep 02 2015 14:56:49 GMT+0800 (Malay Peninsula Standard Time),,s6w18,focus,
Wed Sep 02 2015 14:56:50 GMT+0800 (Malay Peninsula Standard Time),,s6w19,focus,
Wed Sep 02 2015 14:56:52 GMT+0800 (Malay Peninsula Standard Time),,s6w20,focus,
Wed Sep 02 2015 14:56:52 GMT+0800 (Malay Peninsula Standard Time),,s6w21,focus,
Wed Sep 02 2015 14:56:52 GMT+0800 (Malay Peninsula Standard Time),,s6w22,focus,
Wed Sep 02 2015 14:56:52 GMT+0800 (Malay Peninsula Standard Time),,s6w23,focus,
Wed Sep 02 2015 14:56:53 GMT+0800 (Malay Peninsula Standard Time),,s6w24,focus,
Wed Sep 02 2015 14:56:53 GMT+0800 (Malay Peninsula Standard Time),,s6w25,focus,
Wed Sep 02 2015 14:56:53 GMT+0800 (Malay Peninsula Standard Time),,s6w26,focus,
Wed Sep 02 2015 14:56:56 GMT+0800 (Malay Peninsula Standard Time),,s6w26,label,"V"
Wed Sep 02 2015 14:56:56 GMT+0800 (Malay Peninsula Standard Time),,s6w27,focus,
Wed Sep 02 2015 14:57:02 GMT+0800 (Malay Peninsula Standard Time),,s6w28,focus,
Wed Sep 02 2015 14:57:03 GMT+0800 (Malay Peninsula Standard Time),,s6w29,focus,
Wed Sep 02 2015 14:57:03 GMT+0800 (Malay Peninsula Standard Time),,s6w30,focus,
Wed Sep 02 2015 14:57:04 GMT+0800 (Malay Peninsula Standard Time),,s6w31,focus,
Wed Sep 02 2015 14:57:04 GMT+0800 (Malay Peninsula Standard Time),,s6w32,focus,
Wed Sep 02 2015 14:57:05 GMT+0800 (Malay Peninsula Standard Time),,s6w33,focus,
Wed Sep 02 2015 14:57:05 GMT+0800 (Malay Peninsula Standard Time),,s6w34,focus,
Wed Sep 02 2015 14:57:05 GMT+0800 (Malay Peninsula Standard Time),,s6w35,focus,
Wed Sep 02 2015 14:57:06 GMT+0800 (Malay Peninsula Standard Time),,s6w36,focus,
Wed Sep 02 2015 14:57:06 GMT+0800 (Malay Peninsula Standard Time),,s6w37,focus,
Wed Sep 02 2015 14:57:06 GMT+0800 (Malay Peninsula Standard Time),,s6w38,focus,
Wed Sep 02 2015 14:57:07 GMT+0800 (Malay Peninsula Standard Time),,s6w39,focus,
Wed Sep 02 2015 14:57:08 GMT+0800 (Malay Peninsula Standard Time),,s6w40,focus,
Wed Sep 02 2015 14:57:09 GMT+0800 (Malay Peninsula Standard Time),,s6w41,focus,
Wed Sep 02 2015 14:57:10 GMT+0800 (Malay Peninsula Standard Time),,s6w42,focus,
Wed Sep 02 2015 14:57:11 GMT+0800 (Malay Peninsula Standard Time),,s6w43,focus,
Wed Sep 02 2015 14:57:11 GMT+0800 (Malay Peninsula Standard Time),,s6w44,focus,
Wed Sep 02 2015 14:57:12 GMT+0800 (Malay Peninsula Standard Time),,s6w45,focus,
Wed Sep 02 2015 14:57:12 GMT+0800 (Malay Peninsula Standard Time),,s6w46,focus,
Wed Sep 02 2015 14:57:12 GMT+0800 (Malay Peninsula Standard Time),,s6w47,focus,
Wed Sep 02 2015 14:57:12 GMT+0800 (Malay Peninsula Standard Time),,s7w1,focus,
Wed Sep 02 2015 14:57:13 GMT+0800 (Malay Peninsula Standard Time),,s7w2,focus,
Wed Sep 02 2015 14:57:13 GMT+0800 (Malay Peninsula Standard Time),,s7w3,focus,
Wed Sep 02 2015 14:57:13 GMT+0800 (Malay Peninsula Standard Time),,s7w4,focus,
Wed Sep 02 2015 14:57:13 GMT+0800 (Malay Peninsula Standard Time),,s7w5,focus,
Wed Sep 02 2015 14:57:13 GMT+0800 (Malay Peninsula Standard Time),,s7w6,focus,
Wed Sep 02 2015 14:57:14 GMT+0800 (Malay Peninsula Standard Time),,s7w7,focus,
Wed Sep 02 2015 14:57:14 GMT+0800 (Malay Peninsula Standard Time),,s7w8,focus,
Wed Sep 02 2015 14:57:14 GMT+0800 (Malay Peninsula Standard Time),,s7w9,focus,
Wed Sep 02 2015 14:57:14 GMT+0800 (Malay Peninsula Standard Time),,s7w10,focus,
Wed Sep 02 2015 14:57:14 GMT+0800 (Malay Peninsula Standard Time),,s7w11,focus,
Wed Sep 02 2015 14:57:15 GMT+0800 (Malay Peninsula Standard Time),,s7w12,focus,
Wed Sep 02 2015 14:57:15 GMT+0800 (Malay Peninsula Standard Time),,s7w13,focus,
Wed Sep 02 2015 14:57:15 GMT+0800 (Malay Peninsula Standard Time),,s7w14,focus,
Wed Sep 02 2015 14:57:15 GMT+0800 (Malay Peninsula Standard Time),,s7w15,focus,
Wed Sep 02 2015 14:57:15 GMT+0800 (Malay Peninsula Standard Time),,s7w16,focus,
Wed Sep 02 2015 14:57:15 GMT+0800 (Malay Peninsula Standard Time),,s7w17,focus,
Wed Sep 02 2015 14:57:16 GMT+0800 (Malay Peninsula Standard Time),,s7w18,focus,
Wed Sep 02 2015 14:57:29 GMT+0800 (Malay Peninsula Standard Time),,s7w19,focus,
Wed Sep 02 2015 14:57:29 GMT+0800 (Malay Peninsula Standard Time),,s7w20,focus,
Wed Sep 02 2015 14:57:30 GMT+0800 (Malay Peninsula Standard Time),,s7w21,focus,
Wed Sep 02 2015 14:57:30 GMT+0800 (Malay Peninsula Standard Time),,s8w1,focus,
Wed Sep 02 2015 14:57:31 GMT+0800 (Malay Peninsula Standard Time),,s8w2,focus,
Wed Sep 02 2015 14:57:31 GMT+0800 (Malay Peninsula Standard Time),,s8w3,focus,
Wed Sep 02 2015 14:57:31 GMT+0800 (Malay Peninsula Standard Time),,s8w4,focus,
Wed Sep 02 2015 14:57:31 GMT+0800 (Malay Peninsula Standard Time),,s8w5,focus,
Wed Sep 02 2015 14:57:34 GMT+0800 (Malay Peninsula Standard Time),,s8w5,label,"^"
Wed Sep 02 2015 14:57:35 GMT+0800 (Malay Peninsula Standard Time),,s8w6,focus,
Wed Sep 02 2015 14:57:35 GMT+0800 (Malay Peninsula Standard Time),,s8w7,focus,
Wed Sep 02 2015 14:57:36 GMT+0800 (Malay Peninsula Standard Time),,s8w8,focus,
Wed Sep 02 2015 14:57:36 GMT+0800 (Malay Peninsula Standard Time),,s8w9,focus,
Wed Sep 02 2015 14:57:36 GMT+0800 (Malay Peninsula Standard Time),,s8w10,focus,
Wed Sep 02 2015 14:57:38 GMT+0800 (Malay Peninsula Standard Time),,s8w10,label,"^"
Wed Sep 02 2015 14:57:38 GMT+0800 (Malay Peninsula Standard Time),,s8w11,focus,
Wed Sep 02 2015 14:57:40 GMT+0800 (Malay Peninsula Standard Time),,s8w11,label,"N"
Wed Sep 02 2015 14:57:40 GMT+0800 (Malay Peninsula Standard Time),,s9w1,focus,
Wed Sep 02 2015 14:57:41 GMT+0800 (Malay Peninsula Standard Time),,s9w2,focus,
Wed Sep 02 2015 14:57:42 GMT+0800 (Malay Peninsula Standard Time),,s9w3,focus,
Wed Sep 02 2015 14:57:42 GMT+0800 (Malay Peninsula Standard Time),,s9w4,focus,
Wed Sep 02 2015 14:57:43 GMT+0800 (Malay Peninsula Standard Time),,s9w5,focus,
Wed Sep 02 2015 14:57:43 GMT+0800 (Malay Peninsula Standard Time),,s9w6,focus,
Wed Sep 02 2015 14:57:43 GMT+0800 (Malay Peninsula Standard Time),,s9w7,focus,
Wed Sep 02 2015 14:57:44 GMT+0800 (Malay Peninsula Standard Time),,s9w8,focus,
Wed Sep 02 2015 14:57:46 GMT+0800 (Malay Peninsula Standard Time),,s9w9,focus,
Wed Sep 02 2015 14:57:46 GMT+0800 (Malay Peninsula Standard Time),,s9w10,focus,
Wed Sep 02 2015 14:57:47 GMT+0800 (Malay Peninsula Standard Time),,s9w11,focus,
Wed Sep 02 2015 14:57:48 GMT+0800 (Malay Peninsula Standard Time),,s9w12,focus,
Wed Sep 02 2015 14:57:50 GMT+0800 (Malay Peninsula Standard Time),,s9w12,label,"^"
Wed Sep 02 2015 14:57:51 GMT+0800 (Malay Peninsula Standard Time),,s9w13,focus,
Wed Sep 02 2015 14:57:52 GMT+0800 (Malay Peninsula Standard Time),,s9w14,focus,
Wed Sep 02 2015 14:57:53 GMT+0800 (Malay Peninsula Standard Time),,s9w15,focus,
Wed Sep 02 2015 14:57:53 GMT+0800 (Malay Peninsula Standard Time),,s9w16,focus,
Wed Sep 02 2015 14:57:54 GMT+0800 (Malay Peninsula Standard Time),,s9w17,focus,
Wed Sep 02 2015 14:57:54 GMT+0800 (Malay Peninsula Standard Time),,s9w18,focus,
Wed Sep 02 2015 14:57:54 GMT+0800 (Malay Peninsula Standard Time),,s9w19,focus,
Wed Sep 02 2015 14:57:54 GMT+0800 (Malay Peninsula Standard Time),,s9w20,focus,
Wed Sep 02 2015 14:57:54 GMT+0800 (Malay Peninsula Standard Time),,s9w21,focus,
Wed Sep 02 2015 14:57:55 GMT+0800 (Malay Peninsula Standard Time),,s9w22,focus,
Wed Sep 02 2015 14:57:55 GMT+0800 (Malay Peninsula Standard Time),,s9w23,focus,
Wed Sep 02 2015 14:57:55 GMT+0800 (Malay Peninsula Standard Time),,s9w24,focus,
Wed Sep 02 2015 14:57:56 GMT+0800 (Malay Peninsula Standard Time),,s9w23,focus,
Wed Sep 02 2015 14:57:57 GMT+0800 (Malay Peninsula Standard Time),,s9w23,label,"^"
Wed Sep 02 2015 14:57:57 GMT+0800 (Malay Peninsula Standard Time),,s9w24,focus,
Wed Sep 02 2015 14:57:57 GMT+0800 (Malay Peninsula Standard Time),,s9w25,focus,
Wed Sep 02 2015 14:57:59 GMT+0800 (Malay Peninsula Standard Time),,s9w26,focus,
Wed Sep 02 2015 14:58:00 GMT+0800 (Malay Peninsula Standard Time),,s9w27,focus,
Wed Sep 02 2015 14:58:04 GMT+0800 (Malay Peninsula Standard Time),,s9w28,focus,
Wed Sep 02 2015 14:58:04 GMT+0800 (Malay Peninsula Standard Time),,s9w29,focus,
Wed Sep 02 2015 14:58:04 GMT+0800 (Malay Peninsula Standard Time),,s9w30,focus,
Wed Sep 02 2015 14:58:05 GMT+0800 (Malay Peninsula Standard Time),,s9w31,focus,
Wed Sep 02 2015 14:58:05 GMT+0800 (Malay Peninsula Standard Time),,s9w32,focus,
Wed Sep 02 2015 14:58:06 GMT+0800 (Malay Peninsula Standard Time),,s9w33,focus,
Wed Sep 02 2015 14:58:06 GMT+0800 (Malay Peninsula Standard Time),,s9w34,focus,
Wed Sep 02 2015 14:58:06 GMT+0800 (Malay Peninsula Standard Time),,s9w35,focus,
Wed Sep 02 2015 14:58:07 GMT+0800 (Malay Peninsula Standard Time),,s9w36,focus,
Wed Sep 02 2015 14:58:07 GMT+0800 (Malay Peninsula Standard Time),,s9w37,focus,
Wed Sep 02 2015 14:58:08 GMT+0800 (Malay Peninsula Standard Time),,s9w38,focus,
Wed Sep 02 2015 14:58:09 GMT+0800 (Malay Peninsula Standard Time),,s9w39,focus,
Wed Sep 02 2015 14:58:13 GMT+0800 (Malay Peninsula Standard Time),,s9w40,focus,
Wed Sep 02 2015 14:58:14 GMT+0800 (Malay Peninsula Standard Time),,s9w41,focus,
Wed Sep 02 2015 14:58:14 GMT+0800 (Malay Peninsula Standard Time),,s9w42,focus,
Wed Sep 02 2015 14:58:14 GMT+0800 (Malay Peninsula Standard Time),,s9w43,focus,
Wed Sep 02 2015 14:58:14 GMT+0800 (Malay Peninsula Standard Time),,s9w44,focus,
Wed Sep 02 2015 14:58:15 GMT+0800 (Malay Peninsula Standard Time),,s9w45,focus,
Wed Sep 02 2015 14:58:15 GMT+0800 (Malay Peninsula Standard Time),,s9w46,focus,
Wed Sep 02 2015 14:58:15 GMT+0800 (Malay Peninsula Standard Time),,s9w47,focus,
Wed Sep 02 2015 14:58:15 GMT+0800 (Malay Peninsula Standard Time),,s9w48,focus,
Wed Sep 02 2015 14:58:15 GMT+0800 (Malay Peninsula Standard Time),,s9w49,focus,
Wed Sep 02 2015 14:58:16 GMT+0800 (Malay Peninsula Standard Time),,s9w50,focus,
Wed Sep 02 2015 14:58:16 GMT+0800 (Malay Peninsula Standard Time),,s9w51,focus,
Wed Sep 02 2015 14:58:16 GMT+0800 (Malay Peninsula Standard Time),,s9w52,focus,
Wed Sep 02 2015 14:58:17 GMT+0800 (Malay Peninsula Standard Time),,s9w53,focus,
Wed Sep 02 2015 14:58:17 GMT+0800 (Malay Peninsula Standard Time),,s9w54,focus,
Wed Sep 02 2015 14:58:18 GMT+0800 (Malay Peninsula Standard Time),,s9w55,focus,
Wed Sep 02 2015 14:58:18 GMT+0800 (Malay Peninsula Standard Time),,s9w56,focus,
Wed Sep 02 2015 14:58:18 GMT+0800 (Malay Peninsula Standard Time),,s9w57,focus,
Wed Sep 02 2015 14:58:19 GMT+0800 (Malay Peninsula Standard Time),,s9w58,focus,
Wed Sep 02 2015 14:58:21 GMT+0800 (Malay Peninsula Standard Time),,s9w58,label,"^"
Wed Sep 02 2015 14:58:21 GMT+0800 (Malay Peninsula Standard Time),,s9w59,focus,
Wed Sep 02 2015 14:58:22 GMT+0800 (Malay Peninsula Standard Time),,s9w60,focus,
Wed Sep 02 2015 14:58:22 GMT+0800 (Malay Peninsula Standard Time),,s9w60,label,"^"
Wed Sep 02 2015 14:58:22 GMT+0800 (Malay Peninsula Standard Time),,s9w61,focus,
Wed Sep 02 2015 14:58:22 GMT+0800 (Malay Peninsula Standard Time),,s9w62,focus,
Wed Sep 02 2015 14:58:26 GMT+0800 (Malay Peninsula Standard Time),,,submitPage,
