Wed Sep 02 2015 11:25:46 GMT+0800 (Malay Peninsula Standard Time),,,pageReady,0:100:100
Wed Sep 02 2015 11:25:46 GMT+0800 (Malay Peninsula Standard Time),,s0,twitterId,295645
Wed Sep 02 2015 11:25:46 GMT+0800 (Malay Peninsula Standard Time),,s1,twitterId,295645
Wed Sep 02 2015 11:25:46 GMT+0800 (Malay Peninsula Standard Time),,s2,twitterId,295645
Wed Sep 02 2015 11:25:46 GMT+0800 (Malay Peninsula Standard Time),,s3,twitterId,295645
Wed Sep 02 2015 11:25:46 GMT+0800 (Malay Peninsula Standard Time),,s4,twitterId,295645
Wed Sep 02 2015 11:25:46 GMT+0800 (Malay Peninsula Standard Time),,s5,twitterId,295645
Wed Sep 02 2015 11:25:49 GMT+0800 (Malay Peninsula Standard Time),,s0w1,focus,
Wed Sep 02 2015 11:25:49 GMT+0800 (Malay Peninsula Standard Time),,s0w1,focus,
Wed Sep 02 2015 11:25:51 GMT+0800 (Malay Peninsula Standard Time),,s0w2,focus,
Wed Sep 02 2015 11:25:51 GMT+0800 (Malay Peninsula Standard Time),,s0w3,focus,
Wed Sep 02 2015 11:25:51 GMT+0800 (Malay Peninsula Standard Time),,s0w4,focus,
Wed Sep 02 2015 11:25:51 GMT+0800 (Malay Peninsula Standard Time),,s0w5,focus,
Wed Sep 02 2015 11:25:52 GMT+0800 (Malay Peninsula Standard Time),,s0w6,focus,
Wed Sep 02 2015 11:25:57 GMT+0800 (Malay Peninsula Standard Time),,s0w6,label,"^"
Wed Sep 02 2015 11:25:57 GMT+0800 (Malay Peninsula Standard Time),,s0w7,focus,
Wed Sep 02 2015 11:25:57 GMT+0800 (Malay Peninsula Standard Time),,s0w8,focus,
Wed Sep 02 2015 11:25:58 GMT+0800 (Malay Peninsula Standard Time),,s0w9,focus,
Wed Sep 02 2015 11:25:58 GMT+0800 (Malay Peninsula Standard Time),,s0w10,focus,
Wed Sep 02 2015 11:25:58 GMT+0800 (Malay Peninsula Standard Time),,s0w11,focus,
Wed Sep 02 2015 11:25:59 GMT+0800 (Malay Peninsula Standard Time),,s1w1,focus,
Wed Sep 02 2015 11:25:59 GMT+0800 (Malay Peninsula Standard Time),,s1w2,focus,
Wed Sep 02 2015 11:26:00 GMT+0800 (Malay Peninsula Standard Time),,s1w3,focus,
Wed Sep 02 2015 11:26:00 GMT+0800 (Malay Peninsula Standard Time),,s1w4,focus,
Wed Sep 02 2015 11:26:01 GMT+0800 (Malay Peninsula Standard Time),,s1w5,focus,
Wed Sep 02 2015 11:26:01 GMT+0800 (Malay Peninsula Standard Time),,s1w6,focus,
Wed Sep 02 2015 11:26:02 GMT+0800 (Malay Peninsula Standard Time),,s1w7,focus,
Wed Sep 02 2015 11:26:02 GMT+0800 (Malay Peninsula Standard Time),,s1w8,focus,
Wed Sep 02 2015 11:26:02 GMT+0800 (Malay Peninsula Standard Time),,s1w9,focus,
Wed Sep 02 2015 11:26:02 GMT+0800 (Malay Peninsula Standard Time),,s1w10,focus,
Wed Sep 02 2015 11:26:02 GMT+0800 (Malay Peninsula Standard Time),,s1w11,focus,
Wed Sep 02 2015 11:26:04 GMT+0800 (Malay Peninsula Standard Time),,s1w12,focus,
Wed Sep 02 2015 11:26:04 GMT+0800 (Malay Peninsula Standard Time),,s1w13,focus,
Wed Sep 02 2015 11:26:05 GMT+0800 (Malay Peninsula Standard Time),,s1w14,focus,
Wed Sep 02 2015 11:26:05 GMT+0800 (Malay Peninsula Standard Time),,s1w15,focus,
Wed Sep 02 2015 11:26:06 GMT+0800 (Malay Peninsula Standard Time),,s1w16,focus,
Wed Sep 02 2015 11:26:06 GMT+0800 (Malay Peninsula Standard Time),,s1w17,focus,
Wed Sep 02 2015 11:26:06 GMT+0800 (Malay Peninsula Standard Time),,s1w18,focus,
Wed Sep 02 2015 11:26:06 GMT+0800 (Malay Peninsula Standard Time),,s1w19,focus,
Wed Sep 02 2015 11:26:07 GMT+0800 (Malay Peninsula Standard Time),,s1w20,focus,
Wed Sep 02 2015 11:26:10 GMT+0800 (Malay Peninsula Standard Time),,s1w20,label,"^"
Wed Sep 02 2015 11:26:11 GMT+0800 (Malay Peninsula Standard Time),,s1w21,focus,
Wed Sep 02 2015 11:26:11 GMT+0800 (Malay Peninsula Standard Time),,s1w22,focus,
Wed Sep 02 2015 11:26:12 GMT+0800 (Malay Peninsula Standard Time),,s1w23,focus,
Wed Sep 02 2015 11:26:13 GMT+0800 (Malay Peninsula Standard Time),,s1w24,focus,
Wed Sep 02 2015 11:26:13 GMT+0800 (Malay Peninsula Standard Time),,s1w25,focus,
Wed Sep 02 2015 11:26:13 GMT+0800 (Malay Peninsula Standard Time),,s1w26,focus,
Wed Sep 02 2015 11:26:14 GMT+0800 (Malay Peninsula Standard Time),,s1w27,focus,
Wed Sep 02 2015 11:26:14 GMT+0800 (Malay Peninsula Standard Time),,s1w28,focus,
Wed Sep 02 2015 11:26:14 GMT+0800 (Malay Peninsula Standard Time),,s1w29,focus,
Wed Sep 02 2015 11:26:15 GMT+0800 (Malay Peninsula Standard Time),,s1w30,focus,
Wed Sep 02 2015 11:26:16 GMT+0800 (Malay Peninsula Standard Time),,s1w31,focus,
Wed Sep 02 2015 11:26:16 GMT+0800 (Malay Peninsula Standard Time),,s1w32,focus,
Wed Sep 02 2015 11:26:17 GMT+0800 (Malay Peninsula Standard Time),,s1w33,focus,
Wed Sep 02 2015 11:26:17 GMT+0800 (Malay Peninsula Standard Time),,s1w34,focus,
Wed Sep 02 2015 11:26:18 GMT+0800 (Malay Peninsula Standard Time),,s1w34,label,"^"
Wed Sep 02 2015 11:26:19 GMT+0800 (Malay Peninsula Standard Time),,s1w35,focus,
Wed Sep 02 2015 11:26:19 GMT+0800 (Malay Peninsula Standard Time),,s1w36,focus,
Wed Sep 02 2015 11:26:19 GMT+0800 (Malay Peninsula Standard Time),,s1w37,focus,
Wed Sep 02 2015 11:26:21 GMT+0800 (Malay Peninsula Standard Time),,s1w37,label,"^"
Wed Sep 02 2015 11:26:22 GMT+0800 (Malay Peninsula Standard Time),,s1w38,focus,
Wed Sep 02 2015 11:26:22 GMT+0800 (Malay Peninsula Standard Time),,s1w39,focus,
Wed Sep 02 2015 11:26:23 GMT+0800 (Malay Peninsula Standard Time),,s1w40,focus,
Wed Sep 02 2015 11:26:26 GMT+0800 (Malay Peninsula Standard Time),,s1w40,label,","
Wed Sep 02 2015 11:26:27 GMT+0800 (Malay Peninsula Standard Time),,s1w41,focus,
Wed Sep 02 2015 11:26:29 GMT+0800 (Malay Peninsula Standard Time),,s1w42,focus,
Wed Sep 02 2015 11:26:44 GMT+0800 (Malay Peninsula Standard Time),,s1,changeSentenceFlag,"Tokenization Error"
Wed Sep 02 2015 11:26:46 GMT+0800 (Malay Peninsula Standard Time),,s1w42,focus,
Wed Sep 02 2015 11:26:46 GMT+0800 (Malay Peninsula Standard Time),,s1w42,focus,
Wed Sep 02 2015 11:26:47 GMT+0800 (Malay Peninsula Standard Time),,s1w43,focus,
Wed Sep 02 2015 11:26:48 GMT+0800 (Malay Peninsula Standard Time),,s1w44,focus,
Wed Sep 02 2015 11:26:49 GMT+0800 (Malay Peninsula Standard Time),,s1w45,focus,
Wed Sep 02 2015 11:26:50 GMT+0800 (Malay Peninsula Standard Time),,s1w46,focus,
Wed Sep 02 2015 11:26:51 GMT+0800 (Malay Peninsula Standard Time),,s1w47,focus,
Wed Sep 02 2015 11:26:51 GMT+0800 (Malay Peninsula Standard Time),,s1w48,focus,
Wed Sep 02 2015 11:26:52 GMT+0800 (Malay Peninsula Standard Time),,s1w49,focus,
Wed Sep 02 2015 11:26:52 GMT+0800 (Malay Peninsula Standard Time),,s1w50,focus,
Wed Sep 02 2015 11:26:53 GMT+0800 (Malay Peninsula Standard Time),,s1w51,focus,
Wed Sep 02 2015 11:26:55 GMT+0800 (Malay Peninsula Standard Time),,s1w51,label,"^"
Wed Sep 02 2015 11:26:56 GMT+0800 (Malay Peninsula Standard Time),,s1w52,focus,
Wed Sep 02 2015 11:26:56 GMT+0800 (Malay Peninsula Standard Time),,s1w53,focus,
Wed Sep 02 2015 11:26:56 GMT+0800 (Malay Peninsula Standard Time),,s1w54,focus,
Wed Sep 02 2015 11:26:58 GMT+0800 (Malay Peninsula Standard Time),,s1w54,label,"^"
Wed Sep 02 2015 11:26:58 GMT+0800 (Malay Peninsula Standard Time),,s1w55,focus,
Wed Sep 02 2015 11:26:59 GMT+0800 (Malay Peninsula Standard Time),,s1w56,focus,
Wed Sep 02 2015 11:26:59 GMT+0800 (Malay Peninsula Standard Time),,s1w57,focus,
Wed Sep 02 2015 11:27:00 GMT+0800 (Malay Peninsula Standard Time),,s1w58,focus,
Wed Sep 02 2015 11:27:01 GMT+0800 (Malay Peninsula Standard Time),,s1w59,focus,
Wed Sep 02 2015 11:27:01 GMT+0800 (Malay Peninsula Standard Time),,s1w60,focus,
Wed Sep 02 2015 11:27:02 GMT+0800 (Malay Peninsula Standard Time),,s1w61,focus,
Wed Sep 02 2015 11:27:02 GMT+0800 (Malay Peninsula Standard Time),,s1w62,focus,
Wed Sep 02 2015 11:27:04 GMT+0800 (Malay Peninsula Standard Time),,s1w62,label,"^"
Wed Sep 02 2015 11:27:05 GMT+0800 (Malay Peninsula Standard Time),,s1w63,focus,
Wed Sep 02 2015 11:27:05 GMT+0800 (Malay Peninsula Standard Time),,s1w64,focus,
Wed Sep 02 2015 11:27:08 GMT+0800 (Malay Peninsula Standard Time),,s1w65,focus,
Wed Sep 02 2015 11:27:08 GMT+0800 (Malay Peninsula Standard Time),,s1w66,focus,
Wed Sep 02 2015 11:27:09 GMT+0800 (Malay Peninsula Standard Time),,s1w67,focus,
Wed Sep 02 2015 11:27:09 GMT+0800 (Malay Peninsula Standard Time),,s1w68,focus,
Wed Sep 02 2015 11:27:09 GMT+0800 (Malay Peninsula Standard Time),,s1w69,focus,
Wed Sep 02 2015 11:27:10 GMT+0800 (Malay Peninsula Standard Time),,s1w70,focus,
Wed Sep 02 2015 11:27:10 GMT+0800 (Malay Peninsula Standard Time),,s1w71,focus,
Wed Sep 02 2015 11:27:10 GMT+0800 (Malay Peninsula Standard Time),,s1w72,focus,
Wed Sep 02 2015 11:27:10 GMT+0800 (Malay Peninsula Standard Time),,s1w73,focus,
Wed Sep 02 2015 11:27:10 GMT+0800 (Malay Peninsula Standard Time),,s1w74,focus,
Wed Sep 02 2015 11:27:11 GMT+0800 (Malay Peninsula Standard Time),,s1w75,focus,
Wed Sep 02 2015 11:27:11 GMT+0800 (Malay Peninsula Standard Time),,s1w76,focus,
Wed Sep 02 2015 11:27:11 GMT+0800 (Malay Peninsula Standard Time),,s1w77,focus,
Wed Sep 02 2015 11:27:12 GMT+0800 (Malay Peninsula Standard Time),,s1w78,focus,
Wed Sep 02 2015 11:27:12 GMT+0800 (Malay Peninsula Standard Time),,s1w79,focus,
Wed Sep 02 2015 11:27:12 GMT+0800 (Malay Peninsula Standard Time),,s1w80,focus,
Wed Sep 02 2015 11:27:12 GMT+0800 (Malay Peninsula Standard Time),,s1w81,focus,
Wed Sep 02 2015 11:27:13 GMT+0800 (Malay Peninsula Standard Time),,s1w82,focus,
Wed Sep 02 2015 11:27:14 GMT+0800 (Malay Peninsula Standard Time),,s1w83,focus,
Wed Sep 02 2015 11:27:14 GMT+0800 (Malay Peninsula Standard Time),,s1w84,focus,
Wed Sep 02 2015 11:27:14 GMT+0800 (Malay Peninsula Standard Time),,s1w85,focus,
Wed Sep 02 2015 11:27:14 GMT+0800 (Malay Peninsula Standard Time),,s1w86,focus,
Wed Sep 02 2015 11:27:15 GMT+0800 (Malay Peninsula Standard Time),,s1w87,focus,
Wed Sep 02 2015 11:27:15 GMT+0800 (Malay Peninsula Standard Time),,s1w88,focus,
Wed Sep 02 2015 11:27:15 GMT+0800 (Malay Peninsula Standard Time),,s1w89,focus,
Wed Sep 02 2015 11:27:16 GMT+0800 (Malay Peninsula Standard Time),,s1w90,focus,
Wed Sep 02 2015 11:27:16 GMT+0800 (Malay Peninsula Standard Time),,s1w91,focus,
Wed Sep 02 2015 11:27:16 GMT+0800 (Malay Peninsula Standard Time),,s1w92,focus,
Wed Sep 02 2015 11:27:17 GMT+0800 (Malay Peninsula Standard Time),,s1w93,focus,
Wed Sep 02 2015 11:27:17 GMT+0800 (Malay Peninsula Standard Time),,s1w94,focus,
Wed Sep 02 2015 11:27:17 GMT+0800 (Malay Peninsula Standard Time),,s1w95,focus,
Wed Sep 02 2015 11:27:18 GMT+0800 (Malay Peninsula Standard Time),,s1w96,focus,
Wed Sep 02 2015 11:27:18 GMT+0800 (Malay Peninsula Standard Time),,s1w97,focus,
Wed Sep 02 2015 11:27:19 GMT+0800 (Malay Peninsula Standard Time),,s1w98,focus,
Wed Sep 02 2015 11:27:20 GMT+0800 (Malay Peninsula Standard Time),,s1w99,focus,
Wed Sep 02 2015 11:27:21 GMT+0800 (Malay Peninsula Standard Time),,s1w100,focus,
Wed Sep 02 2015 11:27:22 GMT+0800 (Malay Peninsula Standard Time),,s1w101,focus,
Wed Sep 02 2015 11:27:23 GMT+0800 (Malay Peninsula Standard Time),,s1w102,focus,
Wed Sep 02 2015 11:27:24 GMT+0800 (Malay Peninsula Standard Time),,s1w103,focus,
Wed Sep 02 2015 11:27:24 GMT+0800 (Malay Peninsula Standard Time),,s1w104,focus,
Wed Sep 02 2015 11:27:25 GMT+0800 (Malay Peninsula Standard Time),,s1w105,focus,
Wed Sep 02 2015 11:27:25 GMT+0800 (Malay Peninsula Standard Time),,s1w106,focus,
Wed Sep 02 2015 11:27:26 GMT+0800 (Malay Peninsula Standard Time),,s1w107,focus,
Wed Sep 02 2015 11:27:26 GMT+0800 (Malay Peninsula Standard Time),,s1w108,focus,
Wed Sep 02 2015 11:27:26 GMT+0800 (Malay Peninsula Standard Time),,s1w109,focus,
Wed Sep 02 2015 11:27:27 GMT+0800 (Malay Peninsula Standard Time),,s1w110,focus,
Wed Sep 02 2015 11:27:27 GMT+0800 (Malay Peninsula Standard Time),,s1w111,focus,
Wed Sep 02 2015 11:27:28 GMT+0800 (Malay Peninsula Standard Time),,s1w111,label,"^"
Wed Sep 02 2015 11:27:29 GMT+0800 (Malay Peninsula Standard Time),,s1w112,focus,
Wed Sep 02 2015 11:27:29 GMT+0800 (Malay Peninsula Standard Time),,s1w113,focus,
Wed Sep 02 2015 11:27:29 GMT+0800 (Malay Peninsula Standard Time),,s1w114,focus,
Wed Sep 02 2015 11:27:30 GMT+0800 (Malay Peninsula Standard Time),,s1w115,focus,
Wed Sep 02 2015 11:27:32 GMT+0800 (Malay Peninsula Standard Time),,s1w115,label,"^"
Wed Sep 02 2015 11:27:32 GMT+0800 (Malay Peninsula Standard Time),,s1w116,focus,
Wed Sep 02 2015 11:27:33 GMT+0800 (Malay Peninsula Standard Time),,s1w117,focus,
Wed Sep 02 2015 11:27:34 GMT+0800 (Malay Peninsula Standard Time),,s1w118,focus,
Wed Sep 02 2015 11:27:34 GMT+0800 (Malay Peninsula Standard Time),,s1w119,focus,
Wed Sep 02 2015 11:27:34 GMT+0800 (Malay Peninsula Standard Time),,s1w120,focus,
Wed Sep 02 2015 11:27:34 GMT+0800 (Malay Peninsula Standard Time),,s1w121,focus,
Wed Sep 02 2015 11:27:35 GMT+0800 (Malay Peninsula Standard Time),,s1w122,focus,
Wed Sep 02 2015 11:27:35 GMT+0800 (Malay Peninsula Standard Time),,s1w123,focus,
Wed Sep 02 2015 11:27:36 GMT+0800 (Malay Peninsula Standard Time),,s1w124,focus,
Wed Sep 02 2015 11:27:37 GMT+0800 (Malay Peninsula Standard Time),,s2w1,focus,
Wed Sep 02 2015 11:27:38 GMT+0800 (Malay Peninsula Standard Time),,s2w2,focus,
Wed Sep 02 2015 11:27:38 GMT+0800 (Malay Peninsula Standard Time),,s2w3,focus,
Wed Sep 02 2015 11:27:41 GMT+0800 (Malay Peninsula Standard Time),,s2w4,focus,
Wed Sep 02 2015 11:27:41 GMT+0800 (Malay Peninsula Standard Time),,s2w5,focus,
Wed Sep 02 2015 11:27:41 GMT+0800 (Malay Peninsula Standard Time),,s2w6,focus,
Wed Sep 02 2015 11:27:42 GMT+0800 (Malay Peninsula Standard Time),,s2w7,focus,
Wed Sep 02 2015 11:27:46 GMT+0800 (Malay Peninsula Standard Time),,s2w7,label,","
Wed Sep 02 2015 11:27:46 GMT+0800 (Malay Peninsula Standard Time),,s2w8,focus,
Wed Sep 02 2015 11:27:47 GMT+0800 (Malay Peninsula Standard Time),,s2w9,focus,
Wed Sep 02 2015 11:27:48 GMT+0800 (Malay Peninsula Standard Time),,s2w10,focus,
Wed Sep 02 2015 11:27:49 GMT+0800 (Malay Peninsula Standard Time),,s2w11,focus,
Wed Sep 02 2015 11:27:49 GMT+0800 (Malay Peninsula Standard Time),,s2w12,focus,
Wed Sep 02 2015 11:27:49 GMT+0800 (Malay Peninsula Standard Time),,s2w13,focus,
Wed Sep 02 2015 11:27:50 GMT+0800 (Malay Peninsula Standard Time),,s2w14,focus,
Wed Sep 02 2015 11:27:50 GMT+0800 (Malay Peninsula Standard Time),,s2w15,focus,
Wed Sep 02 2015 11:27:50 GMT+0800 (Malay Peninsula Standard Time),,s2w16,focus,
Wed Sep 02 2015 11:27:51 GMT+0800 (Malay Peninsula Standard Time),,s2w17,focus,
Wed Sep 02 2015 11:27:51 GMT+0800 (Malay Peninsula Standard Time),,s2w18,focus,
Wed Sep 02 2015 11:27:51 GMT+0800 (Malay Peninsula Standard Time),,s2w19,focus,
Wed Sep 02 2015 11:27:52 GMT+0800 (Malay Peninsula Standard Time),,s2w20,focus,
Wed Sep 02 2015 11:27:52 GMT+0800 (Malay Peninsula Standard Time),,s2w21,focus,
Wed Sep 02 2015 11:27:53 GMT+0800 (Malay Peninsula Standard Time),,s2w22,focus,
Wed Sep 02 2015 11:27:53 GMT+0800 (Malay Peninsula Standard Time),,s2w23,focus,
Wed Sep 02 2015 11:27:53 GMT+0800 (Malay Peninsula Standard Time),,s2w24,focus,
Wed Sep 02 2015 11:27:54 GMT+0800 (Malay Peninsula Standard Time),,s2w25,focus,
Wed Sep 02 2015 11:27:55 GMT+0800 (Malay Peninsula Standard Time),,s2w26,focus,
Wed Sep 02 2015 11:27:55 GMT+0800 (Malay Peninsula Standard Time),,s2w27,focus,
Wed Sep 02 2015 11:27:56 GMT+0800 (Malay Peninsula Standard Time),,s2w28,focus,
Wed Sep 02 2015 11:27:56 GMT+0800 (Malay Peninsula Standard Time),,s2w29,focus,
Wed Sep 02 2015 11:27:57 GMT+0800 (Malay Peninsula Standard Time),,s2w30,focus,
Wed Sep 02 2015 11:27:57 GMT+0800 (Malay Peninsula Standard Time),,s2w31,focus,
Wed Sep 02 2015 11:27:57 GMT+0800 (Malay Peninsula Standard Time),,s2w32,focus,
Wed Sep 02 2015 11:27:58 GMT+0800 (Malay Peninsula Standard Time),,s2w33,focus,
Wed Sep 02 2015 11:27:58 GMT+0800 (Malay Peninsula Standard Time),,s2w34,focus,
Wed Sep 02 2015 11:27:58 GMT+0800 (Malay Peninsula Standard Time),,s2w35,focus,
Wed Sep 02 2015 11:27:59 GMT+0800 (Malay Peninsula Standard Time),,s2w36,focus,
Wed Sep 02 2015 11:27:59 GMT+0800 (Malay Peninsula Standard Time),,s2w37,focus,
Wed Sep 02 2015 11:27:59 GMT+0800 (Malay Peninsula Standard Time),,s2w38,focus,
Wed Sep 02 2015 11:28:00 GMT+0800 (Malay Peninsula Standard Time),,s2w39,focus,
Wed Sep 02 2015 11:28:00 GMT+0800 (Malay Peninsula Standard Time),,s2w40,focus,
Wed Sep 02 2015 11:28:01 GMT+0800 (Malay Peninsula Standard Time),,s2w41,focus,
Wed Sep 02 2015 11:28:03 GMT+0800 (Malay Peninsula Standard Time),,s2w41,label,"^"
Wed Sep 02 2015 11:28:03 GMT+0800 (Malay Peninsula Standard Time),,s2w42,focus,
Wed Sep 02 2015 11:28:04 GMT+0800 (Malay Peninsula Standard Time),,s2w43,focus,
Wed Sep 02 2015 11:28:04 GMT+0800 (Malay Peninsula Standard Time),,s2w44,focus,
Wed Sep 02 2015 11:28:04 GMT+0800 (Malay Peninsula Standard Time),,s2w45,focus,
Wed Sep 02 2015 11:28:04 GMT+0800 (Malay Peninsula Standard Time),,s2w46,focus,
Wed Sep 02 2015 11:28:05 GMT+0800 (Malay Peninsula Standard Time),,s2w47,focus,
Wed Sep 02 2015 11:28:05 GMT+0800 (Malay Peninsula Standard Time),,s2w48,focus,
Wed Sep 02 2015 11:28:05 GMT+0800 (Malay Peninsula Standard Time),,s2w49,focus,
Wed Sep 02 2015 11:28:06 GMT+0800 (Malay Peninsula Standard Time),,s2w50,focus,
Wed Sep 02 2015 11:28:06 GMT+0800 (Malay Peninsula Standard Time),,s2w51,focus,
Wed Sep 02 2015 11:28:06 GMT+0800 (Malay Peninsula Standard Time),,s2w52,focus,
Wed Sep 02 2015 11:28:06 GMT+0800 (Malay Peninsula Standard Time),,s2w53,focus,
Wed Sep 02 2015 11:28:06 GMT+0800 (Malay Peninsula Standard Time),,s2w54,focus,
Wed Sep 02 2015 11:28:07 GMT+0800 (Malay Peninsula Standard Time),,s2w55,focus,
Wed Sep 02 2015 11:28:08 GMT+0800 (Malay Peninsula Standard Time),,s2w56,focus,
Wed Sep 02 2015 11:28:11 GMT+0800 (Malay Peninsula Standard Time),,s2w56,label,"N"
Wed Sep 02 2015 11:28:11 GMT+0800 (Malay Peninsula Standard Time),,s2w57,focus,
Wed Sep 02 2015 11:28:13 GMT+0800 (Malay Peninsula Standard Time),,s2w58,focus,
Wed Sep 02 2015 11:28:14 GMT+0800 (Malay Peninsula Standard Time),,s2w59,focus,
Wed Sep 02 2015 11:28:15 GMT+0800 (Malay Peninsula Standard Time),,s2w60,focus,
Wed Sep 02 2015 11:28:15 GMT+0800 (Malay Peninsula Standard Time),,s2w61,focus,
Wed Sep 02 2015 11:28:16 GMT+0800 (Malay Peninsula Standard Time),,s2w62,focus,
Wed Sep 02 2015 11:28:16 GMT+0800 (Malay Peninsula Standard Time),,s2w63,focus,
Wed Sep 02 2015 11:28:16 GMT+0800 (Malay Peninsula Standard Time),,s2w64,focus,
Wed Sep 02 2015 11:28:16 GMT+0800 (Malay Peninsula Standard Time),,s2w65,focus,
Wed Sep 02 2015 11:28:17 GMT+0800 (Malay Peninsula Standard Time),,s2w66,focus,
Wed Sep 02 2015 11:28:17 GMT+0800 (Malay Peninsula Standard Time),,s2w67,focus,
Wed Sep 02 2015 11:28:17 GMT+0800 (Malay Peninsula Standard Time),,s2w68,focus,
Wed Sep 02 2015 11:28:17 GMT+0800 (Malay Peninsula Standard Time),,s2w69,focus,
Wed Sep 02 2015 11:28:18 GMT+0800 (Malay Peninsula Standard Time),,s2w70,focus,
Wed Sep 02 2015 11:28:18 GMT+0800 (Malay Peninsula Standard Time),,s2w71,focus,
Wed Sep 02 2015 11:28:18 GMT+0800 (Malay Peninsula Standard Time),,s2w72,focus,
Wed Sep 02 2015 11:28:20 GMT+0800 (Malay Peninsula Standard Time),,s2w73,focus,
Wed Sep 02 2015 11:28:20 GMT+0800 (Malay Peninsula Standard Time),,s2w74,focus,
Wed Sep 02 2015 11:28:21 GMT+0800 (Malay Peninsula Standard Time),,s2w75,focus,
Wed Sep 02 2015 11:28:21 GMT+0800 (Malay Peninsula Standard Time),,s2w76,focus,
Wed Sep 02 2015 11:28:22 GMT+0800 (Malay Peninsula Standard Time),,s2w77,focus,
Wed Sep 02 2015 11:28:22 GMT+0800 (Malay Peninsula Standard Time),,s2w78,focus,
Wed Sep 02 2015 11:28:22 GMT+0800 (Malay Peninsula Standard Time),,s2w79,focus,
Wed Sep 02 2015 11:28:22 GMT+0800 (Malay Peninsula Standard Time),,s2w80,focus,
Wed Sep 02 2015 11:28:23 GMT+0800 (Malay Peninsula Standard Time),,s2w81,focus,
Wed Sep 02 2015 11:28:24 GMT+0800 (Malay Peninsula Standard Time),,s2w80,focus,
Wed Sep 02 2015 11:28:26 GMT+0800 (Malay Peninsula Standard Time),,s2w80,label,"N"
Wed Sep 02 2015 11:28:26 GMT+0800 (Malay Peninsula Standard Time),,s2w81,focus,
Wed Sep 02 2015 11:28:27 GMT+0800 (Malay Peninsula Standard Time),,s2w82,focus,
Wed Sep 02 2015 11:28:27 GMT+0800 (Malay Peninsula Standard Time),,s2w83,focus,
Wed Sep 02 2015 11:28:28 GMT+0800 (Malay Peninsula Standard Time),,s2w84,focus,
Wed Sep 02 2015 11:28:28 GMT+0800 (Malay Peninsula Standard Time),,s2w85,focus,
Wed Sep 02 2015 11:28:28 GMT+0800 (Malay Peninsula Standard Time),,s2w86,focus,
Wed Sep 02 2015 11:28:29 GMT+0800 (Malay Peninsula Standard Time),,s2w87,focus,
Wed Sep 02 2015 11:28:29 GMT+0800 (Malay Peninsula Standard Time),,s2w88,focus,
Wed Sep 02 2015 11:28:30 GMT+0800 (Malay Peninsula Standard Time),,s2w89,focus,
Wed Sep 02 2015 11:28:30 GMT+0800 (Malay Peninsula Standard Time),,s2w90,focus,
Wed Sep 02 2015 11:28:30 GMT+0800 (Malay Peninsula Standard Time),,s2w91,focus,
Wed Sep 02 2015 11:28:31 GMT+0800 (Malay Peninsula Standard Time),,s2w92,focus,
Wed Sep 02 2015 11:28:31 GMT+0800 (Malay Peninsula Standard Time),,s2w93,focus,
Wed Sep 02 2015 11:28:32 GMT+0800 (Malay Peninsula Standard Time),,s2w94,focus,
Wed Sep 02 2015 11:28:33 GMT+0800 (Malay Peninsula Standard Time),,s2w95,focus,
Wed Sep 02 2015 11:28:34 GMT+0800 (Malay Peninsula Standard Time),,s2w96,focus,
Wed Sep 02 2015 11:28:34 GMT+0800 (Malay Peninsula Standard Time),,s2w97,focus,
Wed Sep 02 2015 11:28:34 GMT+0800 (Malay Peninsula Standard Time),,s2w98,focus,
Wed Sep 02 2015 11:28:35 GMT+0800 (Malay Peninsula Standard Time),,s2w99,focus,
Wed Sep 02 2015 11:28:35 GMT+0800 (Malay Peninsula Standard Time),,s2w100,focus,
Wed Sep 02 2015 11:28:36 GMT+0800 (Malay Peninsula Standard Time),,s2w101,focus,
Wed Sep 02 2015 11:28:36 GMT+0800 (Malay Peninsula Standard Time),,s2w102,focus,
Wed Sep 02 2015 11:28:37 GMT+0800 (Malay Peninsula Standard Time),,s2w103,focus,
Wed Sep 02 2015 11:28:37 GMT+0800 (Malay Peninsula Standard Time),,s2w104,focus,
Wed Sep 02 2015 11:28:37 GMT+0800 (Malay Peninsula Standard Time),,s2w105,focus,
Wed Sep 02 2015 11:28:38 GMT+0800 (Malay Peninsula Standard Time),,s2w106,focus,
Wed Sep 02 2015 11:28:38 GMT+0800 (Malay Peninsula Standard Time),,s2w107,focus,
Wed Sep 02 2015 11:28:38 GMT+0800 (Malay Peninsula Standard Time),,s2w108,focus,
Wed Sep 02 2015 11:28:39 GMT+0800 (Malay Peninsula Standard Time),,s2w109,focus,
Wed Sep 02 2015 11:28:39 GMT+0800 (Malay Peninsula Standard Time),,s2w110,focus,
Wed Sep 02 2015 11:28:39 GMT+0800 (Malay Peninsula Standard Time),,s2w111,focus,
Wed Sep 02 2015 11:28:39 GMT+0800 (Malay Peninsula Standard Time),,s2w112,focus,
Wed Sep 02 2015 11:28:40 GMT+0800 (Malay Peninsula Standard Time),,s2w113,focus,
Wed Sep 02 2015 11:28:40 GMT+0800 (Malay Peninsula Standard Time),,s2w114,focus,
Wed Sep 02 2015 11:28:40 GMT+0800 (Malay Peninsula Standard Time),,s2w115,focus,
Wed Sep 02 2015 11:28:41 GMT+0800 (Malay Peninsula Standard Time),,s2w116,focus,
Wed Sep 02 2015 11:28:42 GMT+0800 (Malay Peninsula Standard Time),,s2w117,focus,
Wed Sep 02 2015 11:28:42 GMT+0800 (Malay Peninsula Standard Time),,s2w118,focus,
Wed Sep 02 2015 11:28:43 GMT+0800 (Malay Peninsula Standard Time),,s2w119,focus,
Wed Sep 02 2015 11:28:43 GMT+0800 (Malay Peninsula Standard Time),,s2w120,focus,
Wed Sep 02 2015 11:28:43 GMT+0800 (Malay Peninsula Standard Time),,s2w121,focus,
Wed Sep 02 2015 11:28:43 GMT+0800 (Malay Peninsula Standard Time),,s2w122,focus,
Wed Sep 02 2015 11:28:46 GMT+0800 (Malay Peninsula Standard Time),,s2w122,label,"^"
Wed Sep 02 2015 11:28:46 GMT+0800 (Malay Peninsula Standard Time),,s2w123,focus,
Wed Sep 02 2015 11:28:47 GMT+0800 (Malay Peninsula Standard Time),,s2w124,focus,
Wed Sep 02 2015 11:28:47 GMT+0800 (Malay Peninsula Standard Time),,s2w125,focus,
Wed Sep 02 2015 11:28:48 GMT+0800 (Malay Peninsula Standard Time),,s2w126,focus,
Wed Sep 02 2015 11:28:48 GMT+0800 (Malay Peninsula Standard Time),,s2w127,focus,
Wed Sep 02 2015 11:28:49 GMT+0800 (Malay Peninsula Standard Time),,s2w128,focus,
Wed Sep 02 2015 11:28:49 GMT+0800 (Malay Peninsula Standard Time),,s2w129,focus,
Wed Sep 02 2015 11:29:01 GMT+0800 (Malay Peninsula Standard Time),,s2w129,label,"^"
Wed Sep 02 2015 11:29:02 GMT+0800 (Malay Peninsula Standard Time),,s2w130,focus,
Wed Sep 02 2015 11:29:02 GMT+0800 (Malay Peninsula Standard Time),,s2w131,focus,
Wed Sep 02 2015 11:29:03 GMT+0800 (Malay Peninsula Standard Time),,s2w132,focus,
Wed Sep 02 2015 11:29:03 GMT+0800 (Malay Peninsula Standard Time),,s2w133,focus,
Wed Sep 02 2015 11:29:03 GMT+0800 (Malay Peninsula Standard Time),,s2w134,focus,
Wed Sep 02 2015 11:29:04 GMT+0800 (Malay Peninsula Standard Time),,s2w135,focus,
Wed Sep 02 2015 11:29:04 GMT+0800 (Malay Peninsula Standard Time),,s2w136,focus,
Wed Sep 02 2015 11:29:04 GMT+0800 (Malay Peninsula Standard Time),,s2w137,focus,
Wed Sep 02 2015 11:29:06 GMT+0800 (Malay Peninsula Standard Time),,s2w138,focus,
Wed Sep 02 2015 11:29:07 GMT+0800 (Malay Peninsula Standard Time),,s2w139,focus,
Wed Sep 02 2015 11:29:07 GMT+0800 (Malay Peninsula Standard Time),,s2w140,focus,
Wed Sep 02 2015 11:29:08 GMT+0800 (Malay Peninsula Standard Time),,s2w141,focus,
Wed Sep 02 2015 11:29:09 GMT+0800 (Malay Peninsula Standard Time),,s2w142,focus,
Wed Sep 02 2015 11:29:09 GMT+0800 (Malay Peninsula Standard Time),,s2w143,focus,
Wed Sep 02 2015 11:29:10 GMT+0800 (Malay Peninsula Standard Time),,s2w144,focus,
Wed Sep 02 2015 11:29:11 GMT+0800 (Malay Peninsula Standard Time),,s2w145,focus,
Wed Sep 02 2015 11:29:11 GMT+0800 (Malay Peninsula Standard Time),,s2w146,focus,
Wed Sep 02 2015 11:29:11 GMT+0800 (Malay Peninsula Standard Time),,s2w147,focus,
Wed Sep 02 2015 11:29:12 GMT+0800 (Malay Peninsula Standard Time),,s2w148,focus,
Wed Sep 02 2015 11:29:12 GMT+0800 (Malay Peninsula Standard Time),,s2w149,focus,
Wed Sep 02 2015 11:29:13 GMT+0800 (Malay Peninsula Standard Time),,s3w1,focus,
Wed Sep 02 2015 11:29:15 GMT+0800 (Malay Peninsula Standard Time),,s3w2,focus,
Wed Sep 02 2015 11:29:15 GMT+0800 (Malay Peninsula Standard Time),,s3w3,focus,
Wed Sep 02 2015 11:29:15 GMT+0800 (Malay Peninsula Standard Time),,s3w4,focus,
Wed Sep 02 2015 11:29:16 GMT+0800 (Malay Peninsula Standard Time),,s3w5,focus,
Wed Sep 02 2015 11:29:16 GMT+0800 (Malay Peninsula Standard Time),,s3w6,focus,
Wed Sep 02 2015 11:29:16 GMT+0800 (Malay Peninsula Standard Time),,s3w7,focus,
Wed Sep 02 2015 11:29:16 GMT+0800 (Malay Peninsula Standard Time),,s3w8,focus,
Wed Sep 02 2015 11:29:19 GMT+0800 (Malay Peninsula Standard Time),,s3w9,focus,
Wed Sep 02 2015 11:29:19 GMT+0800 (Malay Peninsula Standard Time),,s3w10,focus,
Wed Sep 02 2015 11:29:19 GMT+0800 (Malay Peninsula Standard Time),,s3w11,focus,
Wed Sep 02 2015 11:29:20 GMT+0800 (Malay Peninsula Standard Time),,s3w12,focus,
Wed Sep 02 2015 11:29:20 GMT+0800 (Malay Peninsula Standard Time),,s3w13,focus,
Wed Sep 02 2015 11:29:20 GMT+0800 (Malay Peninsula Standard Time),,s3w14,focus,
Wed Sep 02 2015 11:29:20 GMT+0800 (Malay Peninsula Standard Time),,s3w15,focus,
Wed Sep 02 2015 11:29:21 GMT+0800 (Malay Peninsula Standard Time),,s3w16,focus,
Wed Sep 02 2015 11:29:21 GMT+0800 (Malay Peninsula Standard Time),,s3w17,focus,
Wed Sep 02 2015 11:29:22 GMT+0800 (Malay Peninsula Standard Time),,s3w18,focus,
Wed Sep 02 2015 11:29:22 GMT+0800 (Malay Peninsula Standard Time),,s3w19,focus,
Wed Sep 02 2015 11:29:22 GMT+0800 (Malay Peninsula Standard Time),,s3w20,focus,
Wed Sep 02 2015 11:29:23 GMT+0800 (Malay Peninsula Standard Time),,s3w21,focus,
Wed Sep 02 2015 11:29:23 GMT+0800 (Malay Peninsula Standard Time),,s3w22,focus,
Wed Sep 02 2015 11:29:23 GMT+0800 (Malay Peninsula Standard Time),,s3w23,focus,
Wed Sep 02 2015 11:29:29 GMT+0800 (Malay Peninsula Standard Time),,s3,changeSentenceFlag,"Tokenization Error"
Wed Sep 02 2015 11:29:31 GMT+0800 (Malay Peninsula Standard Time),,s3w26,focus,
Wed Sep 02 2015 11:29:31 GMT+0800 (Malay Peninsula Standard Time),,s3w26,focus,
Wed Sep 02 2015 11:29:32 GMT+0800 (Malay Peninsula Standard Time),,s3w27,focus,
Wed Sep 02 2015 11:29:32 GMT+0800 (Malay Peninsula Standard Time),,s3w28,focus,
Wed Sep 02 2015 11:29:33 GMT+0800 (Malay Peninsula Standard Time),,s3w29,focus,
Wed Sep 02 2015 11:29:33 GMT+0800 (Malay Peninsula Standard Time),,s3w30,focus,
Wed Sep 02 2015 11:29:35 GMT+0800 (Malay Peninsula Standard Time),,s3w30,label,"^"
Wed Sep 02 2015 11:29:35 GMT+0800 (Malay Peninsula Standard Time),,s3w31,focus,
Wed Sep 02 2015 11:29:35 GMT+0800 (Malay Peninsula Standard Time),,s3w32,focus,
Wed Sep 02 2015 11:29:36 GMT+0800 (Malay Peninsula Standard Time),,s3w33,focus,
Wed Sep 02 2015 11:29:36 GMT+0800 (Malay Peninsula Standard Time),,s3w34,focus,
Wed Sep 02 2015 11:29:37 GMT+0800 (Malay Peninsula Standard Time),,s3w35,focus,
Wed Sep 02 2015 11:29:37 GMT+0800 (Malay Peninsula Standard Time),,s3w36,focus,
Wed Sep 02 2015 11:29:38 GMT+0800 (Malay Peninsula Standard Time),,s3w37,focus,
Wed Sep 02 2015 11:29:39 GMT+0800 (Malay Peninsula Standard Time),,s3w38,focus,
Wed Sep 02 2015 11:29:39 GMT+0800 (Malay Peninsula Standard Time),,s3w39,focus,
Wed Sep 02 2015 11:29:40 GMT+0800 (Malay Peninsula Standard Time),,s3w40,focus,
Wed Sep 02 2015 11:29:40 GMT+0800 (Malay Peninsula Standard Time),,s3w41,focus,
Wed Sep 02 2015 11:29:40 GMT+0800 (Malay Peninsula Standard Time),,s3w42,focus,
Wed Sep 02 2015 11:29:40 GMT+0800 (Malay Peninsula Standard Time),,s3w43,focus,
Wed Sep 02 2015 11:29:41 GMT+0800 (Malay Peninsula Standard Time),,s3w44,focus,
Wed Sep 02 2015 11:29:42 GMT+0800 (Malay Peninsula Standard Time),,s3w45,focus,
Wed Sep 02 2015 11:29:42 GMT+0800 (Malay Peninsula Standard Time),,s4w1,focus,
Wed Sep 02 2015 11:29:45 GMT+0800 (Malay Peninsula Standard Time),,s4w1,label,"^"
Wed Sep 02 2015 11:29:45 GMT+0800 (Malay Peninsula Standard Time),,s4w2,focus,
Wed Sep 02 2015 11:29:46 GMT+0800 (Malay Peninsula Standard Time),,s4w3,focus,
Wed Sep 02 2015 11:29:46 GMT+0800 (Malay Peninsula Standard Time),,s4w4,focus,
Wed Sep 02 2015 11:29:46 GMT+0800 (Malay Peninsula Standard Time),,s4w5,focus,
Wed Sep 02 2015 11:29:46 GMT+0800 (Malay Peninsula Standard Time),,s4w6,focus,
Wed Sep 02 2015 11:29:49 GMT+0800 (Malay Peninsula Standard Time),,s4w6,label,"^"
Wed Sep 02 2015 11:29:49 GMT+0800 (Malay Peninsula Standard Time),,s4w7,focus,
Wed Sep 02 2015 11:29:49 GMT+0800 (Malay Peninsula Standard Time),,s5w1,focus,
Wed Sep 02 2015 11:29:56 GMT+0800 (Malay Peninsula Standard Time),,s5w1,label,"^"
Wed Sep 02 2015 11:29:56 GMT+0800 (Malay Peninsula Standard Time),,s5w2,focus,
Wed Sep 02 2015 11:29:56 GMT+0800 (Malay Peninsula Standard Time),,s5w3,focus,
Wed Sep 02 2015 11:29:57 GMT+0800 (Malay Peninsula Standard Time),,s5w4,focus,
Wed Sep 02 2015 11:29:58 GMT+0800 (Malay Peninsula Standard Time),,s5w5,focus,
Wed Sep 02 2015 11:29:59 GMT+0800 (Malay Peninsula Standard Time),,s5w6,focus,
Wed Sep 02 2015 11:29:59 GMT+0800 (Malay Peninsula Standard Time),,s5w7,focus,
Wed Sep 02 2015 11:30:00 GMT+0800 (Malay Peninsula Standard Time),,s5w8,focus,
Wed Sep 02 2015 11:30:00 GMT+0800 (Malay Peninsula Standard Time),,s5w9,focus,
Wed Sep 02 2015 11:30:01 GMT+0800 (Malay Peninsula Standard Time),,s5w10,focus,
Wed Sep 02 2015 11:30:02 GMT+0800 (Malay Peninsula Standard Time),,s5w11,focus,
Wed Sep 02 2015 11:30:02 GMT+0800 (Malay Peninsula Standard Time),,s5w12,focus,
Wed Sep 02 2015 11:30:02 GMT+0800 (Malay Peninsula Standard Time),,s5w13,focus,
Wed Sep 02 2015 11:30:03 GMT+0800 (Malay Peninsula Standard Time),,s5w14,focus,
Wed Sep 02 2015 11:30:03 GMT+0800 (Malay Peninsula Standard Time),,s5w15,focus,
Wed Sep 02 2015 11:30:04 GMT+0800 (Malay Peninsula Standard Time),,s5w16,focus,
Wed Sep 02 2015 11:30:05 GMT+0800 (Malay Peninsula Standard Time),,s5w17,focus,
Wed Sep 02 2015 11:30:05 GMT+0800 (Malay Peninsula Standard Time),,s5w18,focus,
Wed Sep 02 2015 11:30:06 GMT+0800 (Malay Peninsula Standard Time),,s5w19,focus,
Wed Sep 02 2015 11:30:06 GMT+0800 (Malay Peninsula Standard Time),,s5w20,focus,
Wed Sep 02 2015 11:30:25 GMT+0800 (Malay Peninsula Standard Time),,s5w21,focus,
Wed Sep 02 2015 11:30:26 GMT+0800 (Malay Peninsula Standard Time),,s5w22,focus,
Wed Sep 02 2015 11:30:27 GMT+0800 (Malay Peninsula Standard Time),,s5w23,focus,
Wed Sep 02 2015 11:30:28 GMT+0800 (Malay Peninsula Standard Time),,s5w24,focus,
Wed Sep 02 2015 11:30:29 GMT+0800 (Malay Peninsula Standard Time),,s5w25,focus,
Wed Sep 02 2015 11:30:29 GMT+0800 (Malay Peninsula Standard Time),,s5w26,focus,
Wed Sep 02 2015 11:30:30 GMT+0800 (Malay Peninsula Standard Time),,s5w27,focus,
Wed Sep 02 2015 11:30:34 GMT+0800 (Malay Peninsula Standard Time),,s5w26,focus,
Wed Sep 02 2015 11:30:34 GMT+0800 (Malay Peninsula Standard Time),,s5w25,focus,
Wed Sep 02 2015 11:30:35 GMT+0800 (Malay Peninsula Standard Time),,s5w24,focus,
Wed Sep 02 2015 11:30:35 GMT+0800 (Malay Peninsula Standard Time),,s5w23,focus,
Wed Sep 02 2015 11:30:41 GMT+0800 (Malay Peninsula Standard Time),,,submitPage,
