Wed Sep 02 2015 12:21:23 GMT+0800 (Malay Peninsula Standard Time),,,pageReady,0:100:100
Wed Sep 02 2015 12:21:23 GMT+0800 (Malay Peninsula Standard Time),,s0,twitterId,342590
Wed Sep 02 2015 12:21:23 GMT+0800 (Malay Peninsula Standard Time),,s1,twitterId,342590
Wed Sep 02 2015 12:21:23 GMT+0800 (Malay Peninsula Standard Time),,s2,twitterId,342590
Wed Sep 02 2015 12:21:23 GMT+0800 (Malay Peninsula Standard Time),,s3,twitterId,342590
Wed Sep 02 2015 12:21:23 GMT+0800 (Malay Peninsula Standard Time),,s4,twitterId,342590
Wed Sep 02 2015 12:21:23 GMT+0800 (Malay Peninsula Standard Time),,s5,twitterId,342590
Wed Sep 02 2015 12:21:23 GMT+0800 (Malay Peninsula Standard Time),,s6,twitterId,342590
Wed Sep 02 2015 12:21:23 GMT+0800 (Malay Peninsula Standard Time),,s7,twitterId,342590
Wed Sep 02 2015 12:21:23 GMT+0800 (Malay Peninsula Standard Time),,s8,twitterId,342590
Wed Sep 02 2015 12:21:23 GMT+0800 (Malay Peninsula Standard Time),,s9,twitterId,342590
Wed Sep 02 2015 12:21:23 GMT+0800 (Malay Peninsula Standard Time),,s10,twitterId,342590
Wed Sep 02 2015 12:21:23 GMT+0800 (Malay Peninsula Standard Time),,s11,twitterId,342590
Wed Sep 02 2015 14:44:33 GMT+0800 (Malay Peninsula Standard Time),,s0w1,focus,
Wed Sep 02 2015 14:44:33 GMT+0800 (Malay Peninsula Standard Time),,s0w1,focus,
Wed Sep 02 2015 14:44:35 GMT+0800 (Malay Peninsula Standard Time),,s0w1,focus,
Wed Sep 02 2015 14:44:40 GMT+0800 (Malay Peninsula Standard Time),,s0w1,label,"V"
Wed Sep 02 2015 14:44:40 GMT+0800 (Malay Peninsula Standard Time),,s0w2,focus,
Wed Sep 02 2015 14:44:41 GMT+0800 (Malay Peninsula Standard Time),,s0w3,focus,
Wed Sep 02 2015 14:44:41 GMT+0800 (Malay Peninsula Standard Time),,s1w1,focus,
Wed Sep 02 2015 14:44:42 GMT+0800 (Malay Peninsula Standard Time),,s1w2,focus,
Wed Sep 02 2015 14:44:42 GMT+0800 (Malay Peninsula Standard Time),,s1w3,focus,
Wed Sep 02 2015 14:44:43 GMT+0800 (Malay Peninsula Standard Time),,s1w4,focus,
Wed Sep 02 2015 14:44:43 GMT+0800 (Malay Peninsula Standard Time),,s1w5,focus,
Wed Sep 02 2015 14:44:45 GMT+0800 (Malay Peninsula Standard Time),,s1w6,focus,
Wed Sep 02 2015 14:44:46 GMT+0800 (Malay Peninsula Standard Time),,s1w7,focus,
Wed Sep 02 2015 14:44:46 GMT+0800 (Malay Peninsula Standard Time),,s1w8,focus,
Wed Sep 02 2015 14:44:47 GMT+0800 (Malay Peninsula Standard Time),,s1w9,focus,
Wed Sep 02 2015 14:44:48 GMT+0800 (Malay Peninsula Standard Time),,s1w10,focus,
Wed Sep 02 2015 14:44:48 GMT+0800 (Malay Peninsula Standard Time),,s1w11,focus,
Wed Sep 02 2015 14:44:48 GMT+0800 (Malay Peninsula Standard Time),,s1w12,focus,
Wed Sep 02 2015 14:44:49 GMT+0800 (Malay Peninsula Standard Time),,s1w13,focus,
Wed Sep 02 2015 14:44:49 GMT+0800 (Malay Peninsula Standard Time),,s1w14,focus,
Wed Sep 02 2015 14:44:49 GMT+0800 (Malay Peninsula Standard Time),,s1w15,focus,
Wed Sep 02 2015 14:44:49 GMT+0800 (Malay Peninsula Standard Time),,s1w16,focus,
Wed Sep 02 2015 14:44:50 GMT+0800 (Malay Peninsula Standard Time),,s1w17,focus,
Wed Sep 02 2015 14:44:50 GMT+0800 (Malay Peninsula Standard Time),,s1w18,focus,
Wed Sep 02 2015 14:44:50 GMT+0800 (Malay Peninsula Standard Time),,s1w19,focus,
Wed Sep 02 2015 14:44:51 GMT+0800 (Malay Peninsula Standard Time),,s1w20,focus,
Wed Sep 02 2015 14:44:52 GMT+0800 (Malay Peninsula Standard Time),,s1w21,focus,
Wed Sep 02 2015 14:44:52 GMT+0800 (Malay Peninsula Standard Time),,s1w22,focus,
Wed Sep 02 2015 14:44:52 GMT+0800 (Malay Peninsula Standard Time),,s1w23,focus,
Wed Sep 02 2015 14:44:52 GMT+0800 (Malay Peninsula Standard Time),,s1w24,focus,
Wed Sep 02 2015 14:44:52 GMT+0800 (Malay Peninsula Standard Time),,s1w25,focus,
Wed Sep 02 2015 14:44:53 GMT+0800 (Malay Peninsula Standard Time),,s1w26,focus,
Wed Sep 02 2015 14:44:53 GMT+0800 (Malay Peninsula Standard Time),,s1w27,focus,
Wed Sep 02 2015 14:44:53 GMT+0800 (Malay Peninsula Standard Time),,s1w28,focus,
Wed Sep 02 2015 14:44:53 GMT+0800 (Malay Peninsula Standard Time),,s1w29,focus,
Wed Sep 02 2015 14:44:53 GMT+0800 (Malay Peninsula Standard Time),,s1w30,focus,
Wed Sep 02 2015 14:44:54 GMT+0800 (Malay Peninsula Standard Time),,s1w31,focus,
Wed Sep 02 2015 14:44:54 GMT+0800 (Malay Peninsula Standard Time),,s1w30,focus,
Wed Sep 02 2015 14:44:55 GMT+0800 (Malay Peninsula Standard Time),,s1w31,focus,
Wed Sep 02 2015 14:44:55 GMT+0800 (Malay Peninsula Standard Time),,s1w32,focus,
Wed Sep 02 2015 14:44:55 GMT+0800 (Malay Peninsula Standard Time),,s1w33,focus,
Wed Sep 02 2015 14:44:56 GMT+0800 (Malay Peninsula Standard Time),,s1w34,focus,
Wed Sep 02 2015 14:44:56 GMT+0800 (Malay Peninsula Standard Time),,s1w35,focus,
Wed Sep 02 2015 14:44:56 GMT+0800 (Malay Peninsula Standard Time),,s1w36,focus,
Wed Sep 02 2015 14:44:57 GMT+0800 (Malay Peninsula Standard Time),,s1w37,focus,
Wed Sep 02 2015 14:44:57 GMT+0800 (Malay Peninsula Standard Time),,s1w38,focus,
Wed Sep 02 2015 14:44:57 GMT+0800 (Malay Peninsula Standard Time),,s1w39,focus,
Wed Sep 02 2015 14:44:58 GMT+0800 (Malay Peninsula Standard Time),,s1w40,focus,
Wed Sep 02 2015 14:44:58 GMT+0800 (Malay Peninsula Standard Time),,s1w41,focus,
Wed Sep 02 2015 14:44:59 GMT+0800 (Malay Peninsula Standard Time),,s1w42,focus,
Wed Sep 02 2015 14:44:59 GMT+0800 (Malay Peninsula Standard Time),,s1w43,focus,
Wed Sep 02 2015 14:45:07 GMT+0800 (Malay Peninsula Standard Time),,s1w44,focus,
Wed Sep 02 2015 14:45:07 GMT+0800 (Malay Peninsula Standard Time),,s1w45,focus,
Wed Sep 02 2015 14:45:08 GMT+0800 (Malay Peninsula Standard Time),,s1w46,focus,
Wed Sep 02 2015 14:45:08 GMT+0800 (Malay Peninsula Standard Time),,s1w47,focus,
Wed Sep 02 2015 14:45:08 GMT+0800 (Malay Peninsula Standard Time),,s1w48,focus,
Wed Sep 02 2015 14:45:09 GMT+0800 (Malay Peninsula Standard Time),,s1w49,focus,
Wed Sep 02 2015 14:45:09 GMT+0800 (Malay Peninsula Standard Time),,s1w50,focus,
Wed Sep 02 2015 14:45:09 GMT+0800 (Malay Peninsula Standard Time),,s1w51,focus,
Wed Sep 02 2015 14:45:09 GMT+0800 (Malay Peninsula Standard Time),,s1w52,focus,
Wed Sep 02 2015 14:45:10 GMT+0800 (Malay Peninsula Standard Time),,s1w53,focus,
Wed Sep 02 2015 14:45:11 GMT+0800 (Malay Peninsula Standard Time),,s1w54,focus,
Wed Sep 02 2015 14:45:12 GMT+0800 (Malay Peninsula Standard Time),,s1w55,focus,
Wed Sep 02 2015 14:45:12 GMT+0800 (Malay Peninsula Standard Time),,s1w56,focus,
Wed Sep 02 2015 14:45:12 GMT+0800 (Malay Peninsula Standard Time),,s1w57,focus,
Wed Sep 02 2015 14:45:12 GMT+0800 (Malay Peninsula Standard Time),,s1w58,focus,
Wed Sep 02 2015 14:45:13 GMT+0800 (Malay Peninsula Standard Time),,s1w59,focus,
Wed Sep 02 2015 14:45:13 GMT+0800 (Malay Peninsula Standard Time),,s1w60,focus,
Wed Sep 02 2015 14:45:13 GMT+0800 (Malay Peninsula Standard Time),,s1w61,focus,
Wed Sep 02 2015 14:45:13 GMT+0800 (Malay Peninsula Standard Time),,s1w62,focus,
Wed Sep 02 2015 14:45:14 GMT+0800 (Malay Peninsula Standard Time),,s1w63,focus,
Wed Sep 02 2015 14:45:14 GMT+0800 (Malay Peninsula Standard Time),,s1w64,focus,
Wed Sep 02 2015 14:45:15 GMT+0800 (Malay Peninsula Standard Time),,s1w65,focus,
Wed Sep 02 2015 14:45:15 GMT+0800 (Malay Peninsula Standard Time),,s1w66,focus,
Wed Sep 02 2015 14:45:16 GMT+0800 (Malay Peninsula Standard Time),,s1w67,focus,
Wed Sep 02 2015 14:45:16 GMT+0800 (Malay Peninsula Standard Time),,s1w68,focus,
Wed Sep 02 2015 14:45:16 GMT+0800 (Malay Peninsula Standard Time),,s1w69,focus,
Wed Sep 02 2015 14:45:16 GMT+0800 (Malay Peninsula Standard Time),,s1w70,focus,
Wed Sep 02 2015 14:45:17 GMT+0800 (Malay Peninsula Standard Time),,s1w71,focus,
Wed Sep 02 2015 14:45:18 GMT+0800 (Malay Peninsula Standard Time),,s1w70,focus,
Wed Sep 02 2015 14:45:19 GMT+0800 (Malay Peninsula Standard Time),,s1w71,focus,
Wed Sep 02 2015 14:45:20 GMT+0800 (Malay Peninsula Standard Time),,s1w72,focus,
Wed Sep 02 2015 14:45:20 GMT+0800 (Malay Peninsula Standard Time),,s1w73,focus,
Wed Sep 02 2015 14:45:20 GMT+0800 (Malay Peninsula Standard Time),,s1w74,focus,
Wed Sep 02 2015 14:45:21 GMT+0800 (Malay Peninsula Standard Time),,s1w75,focus,
Wed Sep 02 2015 14:45:21 GMT+0800 (Malay Peninsula Standard Time),,s1w76,focus,
Wed Sep 02 2015 14:45:22 GMT+0800 (Malay Peninsula Standard Time),,s1w77,focus,
Wed Sep 02 2015 14:45:22 GMT+0800 (Malay Peninsula Standard Time),,s1w78,focus,
Wed Sep 02 2015 14:45:23 GMT+0800 (Malay Peninsula Standard Time),,s1w79,focus,
Wed Sep 02 2015 14:45:23 GMT+0800 (Malay Peninsula Standard Time),,s1w80,focus,
Wed Sep 02 2015 14:45:23 GMT+0800 (Malay Peninsula Standard Time),,s1w81,focus,
Wed Sep 02 2015 14:45:23 GMT+0800 (Malay Peninsula Standard Time),,s1w82,focus,
Wed Sep 02 2015 14:45:24 GMT+0800 (Malay Peninsula Standard Time),,s1w83,focus,
Wed Sep 02 2015 14:45:24 GMT+0800 (Malay Peninsula Standard Time),,s1w84,focus,
Wed Sep 02 2015 14:45:24 GMT+0800 (Malay Peninsula Standard Time),,s1w85,focus,
Wed Sep 02 2015 14:45:24 GMT+0800 (Malay Peninsula Standard Time),,s1w86,focus,
Wed Sep 02 2015 14:45:25 GMT+0800 (Malay Peninsula Standard Time),,s1w87,focus,
Wed Sep 02 2015 14:45:25 GMT+0800 (Malay Peninsula Standard Time),,s1w88,focus,
Wed Sep 02 2015 14:45:25 GMT+0800 (Malay Peninsula Standard Time),,s1w87,focus,
Wed Sep 02 2015 14:45:26 GMT+0800 (Malay Peninsula Standard Time),,s1w88,focus,
Wed Sep 02 2015 14:45:26 GMT+0800 (Malay Peninsula Standard Time),,s1w89,focus,
Wed Sep 02 2015 14:45:27 GMT+0800 (Malay Peninsula Standard Time),,s1w89,label,"^"
Wed Sep 02 2015 14:45:27 GMT+0800 (Malay Peninsula Standard Time),,s1w90,focus,
Wed Sep 02 2015 14:45:28 GMT+0800 (Malay Peninsula Standard Time),,s1w91,focus,
Wed Sep 02 2015 14:45:28 GMT+0800 (Malay Peninsula Standard Time),,s1w92,focus,
Wed Sep 02 2015 14:45:28 GMT+0800 (Malay Peninsula Standard Time),,s1w93,focus,
Wed Sep 02 2015 14:45:28 GMT+0800 (Malay Peninsula Standard Time),,s1w94,focus,
Wed Sep 02 2015 14:45:29 GMT+0800 (Malay Peninsula Standard Time),,s1w95,focus,
Wed Sep 02 2015 14:45:29 GMT+0800 (Malay Peninsula Standard Time),,s1w96,focus,
Wed Sep 02 2015 14:45:29 GMT+0800 (Malay Peninsula Standard Time),,s1w97,focus,
Wed Sep 02 2015 14:45:29 GMT+0800 (Malay Peninsula Standard Time),,s1w98,focus,
Wed Sep 02 2015 14:45:30 GMT+0800 (Malay Peninsula Standard Time),,s1w99,focus,
Wed Sep 02 2015 14:45:30 GMT+0800 (Malay Peninsula Standard Time),,s1w100,focus,
Wed Sep 02 2015 14:45:30 GMT+0800 (Malay Peninsula Standard Time),,s1w101,focus,
Wed Sep 02 2015 14:45:31 GMT+0800 (Malay Peninsula Standard Time),,s1w102,focus,
Wed Sep 02 2015 14:45:31 GMT+0800 (Malay Peninsula Standard Time),,s1w103,focus,
Wed Sep 02 2015 14:45:32 GMT+0800 (Malay Peninsula Standard Time),,s1w104,focus,
Wed Sep 02 2015 14:45:32 GMT+0800 (Malay Peninsula Standard Time),,s1w105,focus,
Wed Sep 02 2015 14:45:33 GMT+0800 (Malay Peninsula Standard Time),,s1w106,focus,
Wed Sep 02 2015 14:45:33 GMT+0800 (Malay Peninsula Standard Time),,s1w107,focus,
Wed Sep 02 2015 14:45:34 GMT+0800 (Malay Peninsula Standard Time),,s2w1,focus,
Wed Sep 02 2015 14:45:34 GMT+0800 (Malay Peninsula Standard Time),,s2w2,focus,
Wed Sep 02 2015 14:45:35 GMT+0800 (Malay Peninsula Standard Time),,s2w3,focus,
Wed Sep 02 2015 14:45:35 GMT+0800 (Malay Peninsula Standard Time),,s2w4,focus,
Wed Sep 02 2015 14:45:35 GMT+0800 (Malay Peninsula Standard Time),,s2w5,focus,
Wed Sep 02 2015 14:45:35 GMT+0800 (Malay Peninsula Standard Time),,s2w6,focus,
Wed Sep 02 2015 14:45:36 GMT+0800 (Malay Peninsula Standard Time),,s2w7,focus,
Wed Sep 02 2015 14:45:36 GMT+0800 (Malay Peninsula Standard Time),,s2w8,focus,
Wed Sep 02 2015 14:45:36 GMT+0800 (Malay Peninsula Standard Time),,s2w9,focus,
Wed Sep 02 2015 14:45:36 GMT+0800 (Malay Peninsula Standard Time),,s2w10,focus,
Wed Sep 02 2015 14:45:37 GMT+0800 (Malay Peninsula Standard Time),,s2w11,focus,
Wed Sep 02 2015 14:45:37 GMT+0800 (Malay Peninsula Standard Time),,s2w12,focus,
Wed Sep 02 2015 14:45:37 GMT+0800 (Malay Peninsula Standard Time),,s2w13,focus,
Wed Sep 02 2015 14:45:37 GMT+0800 (Malay Peninsula Standard Time),,s2w14,focus,
Wed Sep 02 2015 14:45:38 GMT+0800 (Malay Peninsula Standard Time),,s2w15,focus,
Wed Sep 02 2015 14:45:38 GMT+0800 (Malay Peninsula Standard Time),,s2w16,focus,
Wed Sep 02 2015 14:45:38 GMT+0800 (Malay Peninsula Standard Time),,s2w17,focus,
Wed Sep 02 2015 14:45:39 GMT+0800 (Malay Peninsula Standard Time),,s2w18,focus,
Wed Sep 02 2015 14:45:39 GMT+0800 (Malay Peninsula Standard Time),,s3w1,focus,
Wed Sep 02 2015 14:45:40 GMT+0800 (Malay Peninsula Standard Time),,s3w2,focus,
Wed Sep 02 2015 14:45:40 GMT+0800 (Malay Peninsula Standard Time),,s3w3,focus,
Wed Sep 02 2015 14:45:41 GMT+0800 (Malay Peninsula Standard Time),,s3w4,focus,
Wed Sep 02 2015 14:45:41 GMT+0800 (Malay Peninsula Standard Time),,s3w5,focus,
Wed Sep 02 2015 14:45:41 GMT+0800 (Malay Peninsula Standard Time),,s3w6,focus,
Wed Sep 02 2015 14:45:41 GMT+0800 (Malay Peninsula Standard Time),,s3w7,focus,
Wed Sep 02 2015 14:45:42 GMT+0800 (Malay Peninsula Standard Time),,s3w8,focus,
Wed Sep 02 2015 14:45:42 GMT+0800 (Malay Peninsula Standard Time),,s3w9,focus,
Wed Sep 02 2015 14:45:42 GMT+0800 (Malay Peninsula Standard Time),,s3w10,focus,
Wed Sep 02 2015 14:45:42 GMT+0800 (Malay Peninsula Standard Time),,s3w11,focus,
Wed Sep 02 2015 14:45:43 GMT+0800 (Malay Peninsula Standard Time),,s3w12,focus,
Wed Sep 02 2015 14:45:43 GMT+0800 (Malay Peninsula Standard Time),,s3w13,focus,
Wed Sep 02 2015 14:45:44 GMT+0800 (Malay Peninsula Standard Time),,s3w14,focus,
Wed Sep 02 2015 14:45:44 GMT+0800 (Malay Peninsula Standard Time),,s3w15,focus,
Wed Sep 02 2015 14:45:44 GMT+0800 (Malay Peninsula Standard Time),,s3w16,focus,
Wed Sep 02 2015 14:45:45 GMT+0800 (Malay Peninsula Standard Time),,s3w17,focus,
Wed Sep 02 2015 14:45:45 GMT+0800 (Malay Peninsula Standard Time),,s3w18,focus,
Wed Sep 02 2015 14:45:45 GMT+0800 (Malay Peninsula Standard Time),,s3w19,focus,
Wed Sep 02 2015 14:45:45 GMT+0800 (Malay Peninsula Standard Time),,s3w20,focus,
Wed Sep 02 2015 14:45:45 GMT+0800 (Malay Peninsula Standard Time),,s3w21,focus,
Wed Sep 02 2015 14:45:46 GMT+0800 (Malay Peninsula Standard Time),,s3w22,focus,
Wed Sep 02 2015 14:45:46 GMT+0800 (Malay Peninsula Standard Time),,s3w23,focus,
Wed Sep 02 2015 14:45:46 GMT+0800 (Malay Peninsula Standard Time),,s3w24,focus,
Wed Sep 02 2015 14:45:46 GMT+0800 (Malay Peninsula Standard Time),,s3w25,focus,
Wed Sep 02 2015 14:45:47 GMT+0800 (Malay Peninsula Standard Time),,s3w26,focus,
Wed Sep 02 2015 14:45:47 GMT+0800 (Malay Peninsula Standard Time),,s3w27,focus,
Wed Sep 02 2015 14:45:47 GMT+0800 (Malay Peninsula Standard Time),,s3w28,focus,
Wed Sep 02 2015 14:45:47 GMT+0800 (Malay Peninsula Standard Time),,s3w29,focus,
Wed Sep 02 2015 14:45:48 GMT+0800 (Malay Peninsula Standard Time),,s3w30,focus,
Wed Sep 02 2015 14:45:48 GMT+0800 (Malay Peninsula Standard Time),,s3w31,focus,
Wed Sep 02 2015 14:45:48 GMT+0800 (Malay Peninsula Standard Time),,s3w32,focus,
Wed Sep 02 2015 14:45:48 GMT+0800 (Malay Peninsula Standard Time),,s3w33,focus,
Wed Sep 02 2015 14:45:49 GMT+0800 (Malay Peninsula Standard Time),,s3w34,focus,
Wed Sep 02 2015 14:45:51 GMT+0800 (Malay Peninsula Standard Time),,s3w34,label,"V"
Wed Sep 02 2015 14:45:51 GMT+0800 (Malay Peninsula Standard Time),,s3w35,focus,
Wed Sep 02 2015 14:45:52 GMT+0800 (Malay Peninsula Standard Time),,s3w36,focus,
Wed Sep 02 2015 14:45:53 GMT+0800 (Malay Peninsula Standard Time),,s3w37,focus,
Wed Sep 02 2015 14:45:53 GMT+0800 (Malay Peninsula Standard Time),,s3w38,focus,
Wed Sep 02 2015 14:45:53 GMT+0800 (Malay Peninsula Standard Time),,s3w39,focus,
Wed Sep 02 2015 14:45:53 GMT+0800 (Malay Peninsula Standard Time),,s3w40,focus,
Wed Sep 02 2015 14:45:54 GMT+0800 (Malay Peninsula Standard Time),,s3w41,focus,
Wed Sep 02 2015 14:45:54 GMT+0800 (Malay Peninsula Standard Time),,s3w42,focus,
Wed Sep 02 2015 14:45:54 GMT+0800 (Malay Peninsula Standard Time),,s3w43,focus,
Wed Sep 02 2015 14:45:55 GMT+0800 (Malay Peninsula Standard Time),,s3w44,focus,
Wed Sep 02 2015 14:45:55 GMT+0800 (Malay Peninsula Standard Time),,s3w45,focus,
Wed Sep 02 2015 14:45:55 GMT+0800 (Malay Peninsula Standard Time),,s3w46,focus,
Wed Sep 02 2015 14:45:56 GMT+0800 (Malay Peninsula Standard Time),,s3w47,focus,
Wed Sep 02 2015 14:45:57 GMT+0800 (Malay Peninsula Standard Time),,s3w48,focus,
Wed Sep 02 2015 14:45:57 GMT+0800 (Malay Peninsula Standard Time),,s3w49,focus,
Wed Sep 02 2015 14:45:57 GMT+0800 (Malay Peninsula Standard Time),,s3w50,focus,
Wed Sep 02 2015 14:45:57 GMT+0800 (Malay Peninsula Standard Time),,s3w51,focus,
Wed Sep 02 2015 14:45:58 GMT+0800 (Malay Peninsula Standard Time),,s3w52,focus,
Wed Sep 02 2015 14:45:58 GMT+0800 (Malay Peninsula Standard Time),,s3w53,focus,
Wed Sep 02 2015 14:45:58 GMT+0800 (Malay Peninsula Standard Time),,s3w54,focus,
Wed Sep 02 2015 14:45:58 GMT+0800 (Malay Peninsula Standard Time),,s3w55,focus,
Wed Sep 02 2015 14:45:58 GMT+0800 (Malay Peninsula Standard Time),,s3w56,focus,
Wed Sep 02 2015 14:45:59 GMT+0800 (Malay Peninsula Standard Time),,s3w57,focus,
Wed Sep 02 2015 14:45:59 GMT+0800 (Malay Peninsula Standard Time),,s3w58,focus,
Wed Sep 02 2015 14:45:59 GMT+0800 (Malay Peninsula Standard Time),,s3w59,focus,
Wed Sep 02 2015 14:46:00 GMT+0800 (Malay Peninsula Standard Time),,s3w60,focus,
Wed Sep 02 2015 14:46:00 GMT+0800 (Malay Peninsula Standard Time),,s3w61,focus,
Wed Sep 02 2015 14:46:00 GMT+0800 (Malay Peninsula Standard Time),,s3w62,focus,
Wed Sep 02 2015 14:46:01 GMT+0800 (Malay Peninsula Standard Time),,s3w63,focus,
Wed Sep 02 2015 14:46:01 GMT+0800 (Malay Peninsula Standard Time),,s4w1,focus,
Wed Sep 02 2015 14:46:01 GMT+0800 (Malay Peninsula Standard Time),,s4w2,focus,
Wed Sep 02 2015 14:46:02 GMT+0800 (Malay Peninsula Standard Time),,s4w3,focus,
Wed Sep 02 2015 14:46:04 GMT+0800 (Malay Peninsula Standard Time),,s4w4,focus,
Wed Sep 02 2015 14:46:04 GMT+0800 (Malay Peninsula Standard Time),,s4w5,focus,
Wed Sep 02 2015 14:46:04 GMT+0800 (Malay Peninsula Standard Time),,s4w6,focus,
Wed Sep 02 2015 14:46:05 GMT+0800 (Malay Peninsula Standard Time),,s4w7,focus,
Wed Sep 02 2015 14:46:05 GMT+0800 (Malay Peninsula Standard Time),,s4w8,focus,
Wed Sep 02 2015 14:46:05 GMT+0800 (Malay Peninsula Standard Time),,s4w9,focus,
Wed Sep 02 2015 14:46:05 GMT+0800 (Malay Peninsula Standard Time),,s4w10,focus,
Wed Sep 02 2015 14:46:06 GMT+0800 (Malay Peninsula Standard Time),,s4w11,focus,
Wed Sep 02 2015 14:46:06 GMT+0800 (Malay Peninsula Standard Time),,s4w12,focus,
Wed Sep 02 2015 14:46:07 GMT+0800 (Malay Peninsula Standard Time),,s4w11,focus,
Wed Sep 02 2015 14:46:10 GMT+0800 (Malay Peninsula Standard Time),,s4w11,label,"U"
Wed Sep 02 2015 14:46:10 GMT+0800 (Malay Peninsula Standard Time),,s4w12,focus,
Wed Sep 02 2015 14:46:10 GMT+0800 (Malay Peninsula Standard Time),,s4w13,focus,
Wed Sep 02 2015 14:46:11 GMT+0800 (Malay Peninsula Standard Time),,s4w14,focus,
Wed Sep 02 2015 14:46:11 GMT+0800 (Malay Peninsula Standard Time),,s4w15,focus,
Wed Sep 02 2015 14:46:12 GMT+0800 (Malay Peninsula Standard Time),,s4w16,focus,
Wed Sep 02 2015 14:46:12 GMT+0800 (Malay Peninsula Standard Time),,s4w16,label,"U"
Wed Sep 02 2015 14:46:13 GMT+0800 (Malay Peninsula Standard Time),,s4w17,focus,
Wed Sep 02 2015 14:46:14 GMT+0800 (Malay Peninsula Standard Time),,s4w18,focus,
Wed Sep 02 2015 14:46:14 GMT+0800 (Malay Peninsula Standard Time),,s4w19,focus,
Wed Sep 02 2015 14:46:14 GMT+0800 (Malay Peninsula Standard Time),,s4w20,focus,
Wed Sep 02 2015 14:46:15 GMT+0800 (Malay Peninsula Standard Time),,s4w21,focus,
Wed Sep 02 2015 14:46:19 GMT+0800 (Malay Peninsula Standard Time),,s4w21,label,"G"
Wed Sep 02 2015 14:46:20 GMT+0800 (Malay Peninsula Standard Time),,s4w22,focus,
Wed Sep 02 2015 14:46:20 GMT+0800 (Malay Peninsula Standard Time),,s5w1,focus,
Wed Sep 02 2015 14:46:21 GMT+0800 (Malay Peninsula Standard Time),,s5w2,focus,
Wed Sep 02 2015 14:46:21 GMT+0800 (Malay Peninsula Standard Time),,s5w3,focus,
Wed Sep 02 2015 14:46:21 GMT+0800 (Malay Peninsula Standard Time),,s5w4,focus,
Wed Sep 02 2015 14:46:22 GMT+0800 (Malay Peninsula Standard Time),,s5w5,focus,
Wed Sep 02 2015 14:46:22 GMT+0800 (Malay Peninsula Standard Time),,s6w1,focus,
Wed Sep 02 2015 14:46:22 GMT+0800 (Malay Peninsula Standard Time),,s6w2,focus,
Wed Sep 02 2015 14:46:23 GMT+0800 (Malay Peninsula Standard Time),,s6w3,focus,
Wed Sep 02 2015 14:46:23 GMT+0800 (Malay Peninsula Standard Time),,s6w4,focus,
Wed Sep 02 2015 14:46:23 GMT+0800 (Malay Peninsula Standard Time),,s6w5,focus,
Wed Sep 02 2015 14:46:23 GMT+0800 (Malay Peninsula Standard Time),,s6w6,focus,
Wed Sep 02 2015 14:46:24 GMT+0800 (Malay Peninsula Standard Time),,s6w7,focus,
Wed Sep 02 2015 14:46:24 GMT+0800 (Malay Peninsula Standard Time),,s6w8,focus,
Wed Sep 02 2015 14:46:24 GMT+0800 (Malay Peninsula Standard Time),,s6w9,focus,
Wed Sep 02 2015 14:46:24 GMT+0800 (Malay Peninsula Standard Time),,s6w10,focus,
Wed Sep 02 2015 14:46:24 GMT+0800 (Malay Peninsula Standard Time),,s6w11,focus,
Wed Sep 02 2015 14:46:25 GMT+0800 (Malay Peninsula Standard Time),,s6w12,focus,
Wed Sep 02 2015 14:46:25 GMT+0800 (Malay Peninsula Standard Time),,s6w13,focus,
Wed Sep 02 2015 14:46:25 GMT+0800 (Malay Peninsula Standard Time),,s6w14,focus,
Wed Sep 02 2015 14:46:26 GMT+0800 (Malay Peninsula Standard Time),,s6w15,focus,
Wed Sep 02 2015 14:46:27 GMT+0800 (Malay Peninsula Standard Time),,s6w16,focus,
Wed Sep 02 2015 14:46:28 GMT+0800 (Malay Peninsula Standard Time),,s6w17,focus,
Wed Sep 02 2015 14:46:28 GMT+0800 (Malay Peninsula Standard Time),,s6w18,focus,
Wed Sep 02 2015 14:46:29 GMT+0800 (Malay Peninsula Standard Time),,s6w19,focus,
Wed Sep 02 2015 14:46:29 GMT+0800 (Malay Peninsula Standard Time),,s6w20,focus,
Wed Sep 02 2015 14:46:30 GMT+0800 (Malay Peninsula Standard Time),,s6w21,focus,
Wed Sep 02 2015 14:46:31 GMT+0800 (Malay Peninsula Standard Time),,s6w22,focus,
Wed Sep 02 2015 14:46:31 GMT+0800 (Malay Peninsula Standard Time),,s6w23,focus,
Wed Sep 02 2015 14:46:32 GMT+0800 (Malay Peninsula Standard Time),,s6w24,focus,
Wed Sep 02 2015 14:46:32 GMT+0800 (Malay Peninsula Standard Time),,s6w25,focus,
Wed Sep 02 2015 14:46:32 GMT+0800 (Malay Peninsula Standard Time),,s6w26,focus,
Wed Sep 02 2015 14:46:32 GMT+0800 (Malay Peninsula Standard Time),,s6w27,focus,
Wed Sep 02 2015 14:46:33 GMT+0800 (Malay Peninsula Standard Time),,s6w28,focus,
Wed Sep 02 2015 14:46:33 GMT+0800 (Malay Peninsula Standard Time),,s6w29,focus,
Wed Sep 02 2015 14:46:33 GMT+0800 (Malay Peninsula Standard Time),,s6w30,focus,
Wed Sep 02 2015 14:46:34 GMT+0800 (Malay Peninsula Standard Time),,s6w31,focus,
Wed Sep 02 2015 14:46:34 GMT+0800 (Malay Peninsula Standard Time),,s6w32,focus,
Wed Sep 02 2015 14:46:34 GMT+0800 (Malay Peninsula Standard Time),,s7w1,focus,
Wed Sep 02 2015 14:46:36 GMT+0800 (Malay Peninsula Standard Time),,s7w2,focus,
Wed Sep 02 2015 14:46:36 GMT+0800 (Malay Peninsula Standard Time),,s7w3,focus,
Wed Sep 02 2015 14:46:36 GMT+0800 (Malay Peninsula Standard Time),,s7w4,focus,
Wed Sep 02 2015 14:46:38 GMT+0800 (Malay Peninsula Standard Time),,s7w5,focus,
Wed Sep 02 2015 14:46:39 GMT+0800 (Malay Peninsula Standard Time),,s7w6,focus,
Wed Sep 02 2015 14:46:39 GMT+0800 (Malay Peninsula Standard Time),,s7w7,focus,
Wed Sep 02 2015 14:46:39 GMT+0800 (Malay Peninsula Standard Time),,s7w8,focus,
Wed Sep 02 2015 14:46:40 GMT+0800 (Malay Peninsula Standard Time),,s7w7,focus,
Wed Sep 02 2015 14:46:41 GMT+0800 (Malay Peninsula Standard Time),,s7w8,focus,
Wed Sep 02 2015 14:46:41 GMT+0800 (Malay Peninsula Standard Time),,s7w9,focus,
Wed Sep 02 2015 14:46:43 GMT+0800 (Malay Peninsula Standard Time),,s7w10,focus,
Wed Sep 02 2015 14:46:44 GMT+0800 (Malay Peninsula Standard Time),,s7w11,focus,
Wed Sep 02 2015 14:46:44 GMT+0800 (Malay Peninsula Standard Time),,s7w12,focus,
Wed Sep 02 2015 14:46:44 GMT+0800 (Malay Peninsula Standard Time),,s7w13,focus,
Wed Sep 02 2015 14:46:44 GMT+0800 (Malay Peninsula Standard Time),,s7w14,focus,
Wed Sep 02 2015 14:46:44 GMT+0800 (Malay Peninsula Standard Time),,s7w15,focus,
Wed Sep 02 2015 14:46:45 GMT+0800 (Malay Peninsula Standard Time),,s7w16,focus,
Wed Sep 02 2015 14:46:45 GMT+0800 (Malay Peninsula Standard Time),,s7w17,focus,
Wed Sep 02 2015 14:46:46 GMT+0800 (Malay Peninsula Standard Time),,s7w18,focus,
Wed Sep 02 2015 14:46:47 GMT+0800 (Malay Peninsula Standard Time),,s7w19,focus,
Wed Sep 02 2015 14:46:48 GMT+0800 (Malay Peninsula Standard Time),,s7w20,focus,
Wed Sep 02 2015 14:46:48 GMT+0800 (Malay Peninsula Standard Time),,s7w21,focus,
Wed Sep 02 2015 14:46:48 GMT+0800 (Malay Peninsula Standard Time),,s7w22,focus,
Wed Sep 02 2015 14:46:48 GMT+0800 (Malay Peninsula Standard Time),,s7w23,focus,
Wed Sep 02 2015 14:46:49 GMT+0800 (Malay Peninsula Standard Time),,s7w24,focus,
Wed Sep 02 2015 14:46:50 GMT+0800 (Malay Peninsula Standard Time),,s7w25,focus,
Wed Sep 02 2015 14:46:50 GMT+0800 (Malay Peninsula Standard Time),,s7w26,focus,
Wed Sep 02 2015 14:46:50 GMT+0800 (Malay Peninsula Standard Time),,s7w27,focus,
Wed Sep 02 2015 14:46:50 GMT+0800 (Malay Peninsula Standard Time),,s7w28,focus,
Wed Sep 02 2015 14:46:51 GMT+0800 (Malay Peninsula Standard Time),,s7w29,focus,
Wed Sep 02 2015 14:46:51 GMT+0800 (Malay Peninsula Standard Time),,s7w30,focus,
Wed Sep 02 2015 14:46:52 GMT+0800 (Malay Peninsula Standard Time),,s7w31,focus,
Wed Sep 02 2015 14:46:52 GMT+0800 (Malay Peninsula Standard Time),,s7w32,focus,
Wed Sep 02 2015 14:46:52 GMT+0800 (Malay Peninsula Standard Time),,s7w33,focus,
Wed Sep 02 2015 14:46:53 GMT+0800 (Malay Peninsula Standard Time),,s7w34,focus,
Wed Sep 02 2015 14:46:53 GMT+0800 (Malay Peninsula Standard Time),,s7w35,focus,
Wed Sep 02 2015 14:46:53 GMT+0800 (Malay Peninsula Standard Time),,s7w36,focus,
Wed Sep 02 2015 14:46:58 GMT+0800 (Malay Peninsula Standard Time),,s7w36,label,"U"
Wed Sep 02 2015 14:46:58 GMT+0800 (Malay Peninsula Standard Time),,s7w37,focus,
Wed Sep 02 2015 14:46:59 GMT+0800 (Malay Peninsula Standard Time),,s7w38,focus,
Wed Sep 02 2015 14:46:59 GMT+0800 (Malay Peninsula Standard Time),,s7w39,focus,
Wed Sep 02 2015 14:46:59 GMT+0800 (Malay Peninsula Standard Time),,s7w40,focus,
Wed Sep 02 2015 14:46:59 GMT+0800 (Malay Peninsula Standard Time),,s7w41,focus,
Wed Sep 02 2015 14:47:00 GMT+0800 (Malay Peninsula Standard Time),,s7w42,focus,
Wed Sep 02 2015 14:47:01 GMT+0800 (Malay Peninsula Standard Time),,s7w43,focus,
Wed Sep 02 2015 14:47:02 GMT+0800 (Malay Peninsula Standard Time),,s7w44,focus,
Wed Sep 02 2015 14:47:02 GMT+0800 (Malay Peninsula Standard Time),,s7w45,focus,
Wed Sep 02 2015 14:47:03 GMT+0800 (Malay Peninsula Standard Time),,s7w46,focus,
Wed Sep 02 2015 14:47:04 GMT+0800 (Malay Peninsula Standard Time),,s7w47,focus,
Wed Sep 02 2015 14:47:06 GMT+0800 (Malay Peninsula Standard Time),,s7w48,focus,
Wed Sep 02 2015 14:47:07 GMT+0800 (Malay Peninsula Standard Time),,s7w49,focus,
Wed Sep 02 2015 14:47:07 GMT+0800 (Malay Peninsula Standard Time),,s7w50,focus,
Wed Sep 02 2015 14:47:07 GMT+0800 (Malay Peninsula Standard Time),,s7w51,focus,
Wed Sep 02 2015 14:47:07 GMT+0800 (Malay Peninsula Standard Time),,s7w52,focus,
Wed Sep 02 2015 14:47:08 GMT+0800 (Malay Peninsula Standard Time),,s7w53,focus,
Wed Sep 02 2015 14:47:09 GMT+0800 (Malay Peninsula Standard Time),,s7w52,focus,
Wed Sep 02 2015 14:47:09 GMT+0800 (Malay Peninsula Standard Time),,s7w51,focus,
Wed Sep 02 2015 14:47:09 GMT+0800 (Malay Peninsula Standard Time),,s7w50,focus,
Wed Sep 02 2015 14:47:09 GMT+0800 (Malay Peninsula Standard Time),,s7w49,focus,
Wed Sep 02 2015 14:47:09 GMT+0800 (Malay Peninsula Standard Time),,s7w48,focus,
Wed Sep 02 2015 14:47:11 GMT+0800 (Malay Peninsula Standard Time),,s7w47,focus,
Wed Sep 02 2015 14:47:16 GMT+0800 (Malay Peninsula Standard Time),,s7w47,label,","
Wed Sep 02 2015 14:47:16 GMT+0800 (Malay Peninsula Standard Time),,s7w48,focus,
Wed Sep 02 2015 14:47:16 GMT+0800 (Malay Peninsula Standard Time),,s7w49,focus,
Wed Sep 02 2015 14:47:16 GMT+0800 (Malay Peninsula Standard Time),,s7w50,focus,
Wed Sep 02 2015 14:47:16 GMT+0800 (Malay Peninsula Standard Time),,s7w51,focus,
Wed Sep 02 2015 14:47:16 GMT+0800 (Malay Peninsula Standard Time),,s7w52,focus,
Wed Sep 02 2015 14:47:17 GMT+0800 (Malay Peninsula Standard Time),,s7w53,focus,
Wed Sep 02 2015 14:47:17 GMT+0800 (Malay Peninsula Standard Time),,s7w54,focus,
Wed Sep 02 2015 14:47:17 GMT+0800 (Malay Peninsula Standard Time),,s7w55,focus,
Wed Sep 02 2015 14:47:17 GMT+0800 (Malay Peninsula Standard Time),,s7w56,focus,
Wed Sep 02 2015 14:47:18 GMT+0800 (Malay Peninsula Standard Time),,s7w57,focus,
Wed Sep 02 2015 14:47:18 GMT+0800 (Malay Peninsula Standard Time),,s7w58,focus,
Wed Sep 02 2015 14:47:19 GMT+0800 (Malay Peninsula Standard Time),,s7w59,focus,
Wed Sep 02 2015 14:47:19 GMT+0800 (Malay Peninsula Standard Time),,s7w60,focus,
Wed Sep 02 2015 14:47:22 GMT+0800 (Malay Peninsula Standard Time),,s7w61,focus,
Wed Sep 02 2015 14:47:22 GMT+0800 (Malay Peninsula Standard Time),,s7w62,focus,
Wed Sep 02 2015 14:47:22 GMT+0800 (Malay Peninsula Standard Time),,s7w63,focus,
Wed Sep 02 2015 14:47:23 GMT+0800 (Malay Peninsula Standard Time),,s7w64,focus,
Wed Sep 02 2015 14:47:23 GMT+0800 (Malay Peninsula Standard Time),,s7w65,focus,
Wed Sep 02 2015 14:47:23 GMT+0800 (Malay Peninsula Standard Time),,s7w66,focus,
Wed Sep 02 2015 14:47:23 GMT+0800 (Malay Peninsula Standard Time),,s7w67,focus,
Wed Sep 02 2015 14:47:23 GMT+0800 (Malay Peninsula Standard Time),,s7w68,focus,
Wed Sep 02 2015 14:47:24 GMT+0800 (Malay Peninsula Standard Time),,s7w69,focus,
Wed Sep 02 2015 14:47:24 GMT+0800 (Malay Peninsula Standard Time),,s7w70,focus,
Wed Sep 02 2015 14:47:24 GMT+0800 (Malay Peninsula Standard Time),,s7w71,focus,
Wed Sep 02 2015 14:47:26 GMT+0800 (Malay Peninsula Standard Time),,s7w70,focus,
Wed Sep 02 2015 14:47:29 GMT+0800 (Malay Peninsula Standard Time),,s7w70,label,"V"
Wed Sep 02 2015 14:47:29 GMT+0800 (Malay Peninsula Standard Time),,s7w71,focus,
Wed Sep 02 2015 14:47:29 GMT+0800 (Malay Peninsula Standard Time),,s7w72,focus,
Wed Sep 02 2015 14:47:29 GMT+0800 (Malay Peninsula Standard Time),,s7w73,focus,
Wed Sep 02 2015 14:47:30 GMT+0800 (Malay Peninsula Standard Time),,s7w74,focus,
Wed Sep 02 2015 14:47:30 GMT+0800 (Malay Peninsula Standard Time),,s7w75,focus,
Wed Sep 02 2015 14:47:30 GMT+0800 (Malay Peninsula Standard Time),,s7w74,focus,
Wed Sep 02 2015 14:47:32 GMT+0800 (Malay Peninsula Standard Time),,s7w74,label,"U"
Wed Sep 02 2015 14:47:33 GMT+0800 (Malay Peninsula Standard Time),,s7w75,focus,
Wed Sep 02 2015 14:47:33 GMT+0800 (Malay Peninsula Standard Time),,s7w76,focus,
Wed Sep 02 2015 14:47:33 GMT+0800 (Malay Peninsula Standard Time),,s7w75,focus,
Wed Sep 02 2015 14:47:33 GMT+0800 (Malay Peninsula Standard Time),,s7w74,focus,
Wed Sep 02 2015 14:47:35 GMT+0800 (Malay Peninsula Standard Time),,s7w74,label,"N"
Wed Sep 02 2015 14:47:35 GMT+0800 (Malay Peninsula Standard Time),,s7w75,focus,
Wed Sep 02 2015 14:47:35 GMT+0800 (Malay Peninsula Standard Time),,s7w76,focus,
Wed Sep 02 2015 14:47:35 GMT+0800 (Malay Peninsula Standard Time),,s7w77,focus,
Wed Sep 02 2015 14:47:35 GMT+0800 (Malay Peninsula Standard Time),,s7w78,focus,
Wed Sep 02 2015 14:47:36 GMT+0800 (Malay Peninsula Standard Time),,s7w79,focus,
Wed Sep 02 2015 14:47:36 GMT+0800 (Malay Peninsula Standard Time),,s7w80,focus,
Wed Sep 02 2015 14:47:36 GMT+0800 (Malay Peninsula Standard Time),,s7w81,focus,
Wed Sep 02 2015 14:47:37 GMT+0800 (Malay Peninsula Standard Time),,s7w82,focus,
Wed Sep 02 2015 14:47:37 GMT+0800 (Malay Peninsula Standard Time),,s7w83,focus,
Wed Sep 02 2015 14:47:37 GMT+0800 (Malay Peninsula Standard Time),,s7w84,focus,
Wed Sep 02 2015 14:47:37 GMT+0800 (Malay Peninsula Standard Time),,s7w85,focus,
Wed Sep 02 2015 14:47:38 GMT+0800 (Malay Peninsula Standard Time),,s7w84,focus,
Wed Sep 02 2015 14:47:38 GMT+0800 (Malay Peninsula Standard Time),,s7w85,focus,
Wed Sep 02 2015 14:47:38 GMT+0800 (Malay Peninsula Standard Time),,s7w86,focus,
Wed Sep 02 2015 14:47:39 GMT+0800 (Malay Peninsula Standard Time),,s7w87,focus,
Wed Sep 02 2015 14:47:39 GMT+0800 (Malay Peninsula Standard Time),,s7w88,focus,
Wed Sep 02 2015 14:47:40 GMT+0800 (Malay Peninsula Standard Time),,s7w89,focus,
Wed Sep 02 2015 14:47:40 GMT+0800 (Malay Peninsula Standard Time),,s7w90,focus,
Wed Sep 02 2015 14:47:41 GMT+0800 (Malay Peninsula Standard Time),,s7w91,focus,
Wed Sep 02 2015 14:47:42 GMT+0800 (Malay Peninsula Standard Time),,s7w92,focus,
Wed Sep 02 2015 14:47:42 GMT+0800 (Malay Peninsula Standard Time),,s7w93,focus,
Wed Sep 02 2015 14:47:43 GMT+0800 (Malay Peninsula Standard Time),,s7w93,label,"U"
Wed Sep 02 2015 14:47:44 GMT+0800 (Malay Peninsula Standard Time),,s7w94,focus,
Wed Sep 02 2015 14:47:44 GMT+0800 (Malay Peninsula Standard Time),,s7w95,focus,
Wed Sep 02 2015 14:47:44 GMT+0800 (Malay Peninsula Standard Time),,s7w96,focus,
Wed Sep 02 2015 14:47:44 GMT+0800 (Malay Peninsula Standard Time),,s7w97,focus,
Wed Sep 02 2015 14:47:44 GMT+0800 (Malay Peninsula Standard Time),,s7w98,focus,
Wed Sep 02 2015 14:47:45 GMT+0800 (Malay Peninsula Standard Time),,s7w99,focus,
Wed Sep 02 2015 14:47:45 GMT+0800 (Malay Peninsula Standard Time),,s7w100,focus,
Wed Sep 02 2015 14:47:45 GMT+0800 (Malay Peninsula Standard Time),,s7w101,focus,
Wed Sep 02 2015 14:47:45 GMT+0800 (Malay Peninsula Standard Time),,s7w102,focus,
Wed Sep 02 2015 14:47:45 GMT+0800 (Malay Peninsula Standard Time),,s7w103,focus,
Wed Sep 02 2015 14:47:46 GMT+0800 (Malay Peninsula Standard Time),,s7w104,focus,
Wed Sep 02 2015 14:47:46 GMT+0800 (Malay Peninsula Standard Time),,s7w105,focus,
Wed Sep 02 2015 14:47:46 GMT+0800 (Malay Peninsula Standard Time),,s7w106,focus,
Wed Sep 02 2015 14:47:47 GMT+0800 (Malay Peninsula Standard Time),,s7w107,focus,
Wed Sep 02 2015 14:47:47 GMT+0800 (Malay Peninsula Standard Time),,s7w108,focus,
Wed Sep 02 2015 14:47:47 GMT+0800 (Malay Peninsula Standard Time),,s7w109,focus,
Wed Sep 02 2015 14:47:47 GMT+0800 (Malay Peninsula Standard Time),,s7w110,focus,
Wed Sep 02 2015 14:47:48 GMT+0800 (Malay Peninsula Standard Time),,s7w109,focus,
Wed Sep 02 2015 14:47:48 GMT+0800 (Malay Peninsula Standard Time),,s7w108,focus,
Wed Sep 02 2015 14:47:49 GMT+0800 (Malay Peninsula Standard Time),,s7w109,focus,
Wed Sep 02 2015 14:47:49 GMT+0800 (Malay Peninsula Standard Time),,s7w110,focus,
Wed Sep 02 2015 14:47:49 GMT+0800 (Malay Peninsula Standard Time),,s7w111,focus,
Wed Sep 02 2015 14:47:49 GMT+0800 (Malay Peninsula Standard Time),,s7w112,focus,
Wed Sep 02 2015 14:47:50 GMT+0800 (Malay Peninsula Standard Time),,s7w113,focus,
Wed Sep 02 2015 14:47:50 GMT+0800 (Malay Peninsula Standard Time),,s7w114,focus,
Wed Sep 02 2015 14:47:50 GMT+0800 (Malay Peninsula Standard Time),,s7w115,focus,
Wed Sep 02 2015 14:47:51 GMT+0800 (Malay Peninsula Standard Time),,s7w116,focus,
Wed Sep 02 2015 14:47:51 GMT+0800 (Malay Peninsula Standard Time),,s7w117,focus,
Wed Sep 02 2015 14:47:52 GMT+0800 (Malay Peninsula Standard Time),,s7w118,focus,
Wed Sep 02 2015 14:47:52 GMT+0800 (Malay Peninsula Standard Time),,s7w119,focus,
Wed Sep 02 2015 14:47:53 GMT+0800 (Malay Peninsula Standard Time),,s7w120,focus,
Wed Sep 02 2015 14:47:53 GMT+0800 (Malay Peninsula Standard Time),,s7w121,focus,
Wed Sep 02 2015 14:47:54 GMT+0800 (Malay Peninsula Standard Time),,s7w122,focus,
Wed Sep 02 2015 14:47:57 GMT+0800 (Malay Peninsula Standard Time),,s7w123,focus,
Wed Sep 02 2015 14:47:57 GMT+0800 (Malay Peninsula Standard Time),,s7w124,focus,
Wed Sep 02 2015 14:48:00 GMT+0800 (Malay Peninsula Standard Time),,s7w125,focus,
Wed Sep 02 2015 14:48:00 GMT+0800 (Malay Peninsula Standard Time),,s7w126,focus,
Wed Sep 02 2015 14:48:06 GMT+0800 (Malay Peninsula Standard Time),,s7,changeSentenceFlag,"Tokenization Error"
Wed Sep 02 2015 14:50:17 GMT+0800 (Malay Peninsula Standard Time),,s7w97,focus,
Wed Sep 02 2015 14:50:17 GMT+0800 (Malay Peninsula Standard Time),,s7w97,focus,
Wed Sep 02 2015 14:50:18 GMT+0800 (Malay Peninsula Standard Time),,s7w97,label,"V"
Wed Sep 02 2015 14:50:18 GMT+0800 (Malay Peninsula Standard Time),,s7w98,focus,
Wed Sep 02 2015 14:50:18 GMT+0800 (Malay Peninsula Standard Time),,s7w99,focus,
Wed Sep 02 2015 14:50:19 GMT+0800 (Malay Peninsula Standard Time),,s7w100,focus,
Wed Sep 02 2015 14:50:20 GMT+0800 (Malay Peninsula Standard Time),,s7w101,focus,
Wed Sep 02 2015 14:50:20 GMT+0800 (Malay Peninsula Standard Time),,s7w102,focus,
Wed Sep 02 2015 14:50:20 GMT+0800 (Malay Peninsula Standard Time),,s7w103,focus,
Wed Sep 02 2015 14:50:21 GMT+0800 (Malay Peninsula Standard Time),,s7w104,focus,
Wed Sep 02 2015 14:50:22 GMT+0800 (Malay Peninsula Standard Time),,s7w105,focus,
Wed Sep 02 2015 14:50:22 GMT+0800 (Malay Peninsula Standard Time),,s7w106,focus,
Wed Sep 02 2015 14:50:23 GMT+0800 (Malay Peninsula Standard Time),,s7w107,focus,
Wed Sep 02 2015 14:50:23 GMT+0800 (Malay Peninsula Standard Time),,s7w108,focus,
Wed Sep 02 2015 14:50:24 GMT+0800 (Malay Peninsula Standard Time),,s7w109,focus,
Wed Sep 02 2015 14:50:24 GMT+0800 (Malay Peninsula Standard Time),,s7w110,focus,
Wed Sep 02 2015 14:50:25 GMT+0800 (Malay Peninsula Standard Time),,s7w111,focus,
Wed Sep 02 2015 14:50:25 GMT+0800 (Malay Peninsula Standard Time),,s7w112,focus,
Wed Sep 02 2015 14:50:26 GMT+0800 (Malay Peninsula Standard Time),,s7w113,focus,
Wed Sep 02 2015 14:50:26 GMT+0800 (Malay Peninsula Standard Time),,s7w114,focus,
Wed Sep 02 2015 14:50:27 GMT+0800 (Malay Peninsula Standard Time),,s7w115,focus,
Wed Sep 02 2015 14:50:27 GMT+0800 (Malay Peninsula Standard Time),,s7w116,focus,
Wed Sep 02 2015 14:50:27 GMT+0800 (Malay Peninsula Standard Time),,s7w117,focus,
Wed Sep 02 2015 14:50:28 GMT+0800 (Malay Peninsula Standard Time),,s7w118,focus,
Wed Sep 02 2015 14:50:28 GMT+0800 (Malay Peninsula Standard Time),,s7w119,focus,
Wed Sep 02 2015 14:50:28 GMT+0800 (Malay Peninsula Standard Time),,s7w120,focus,
Wed Sep 02 2015 14:50:29 GMT+0800 (Malay Peninsula Standard Time),,s7w121,focus,
Wed Sep 02 2015 14:50:29 GMT+0800 (Malay Peninsula Standard Time),,s7w122,focus,
Wed Sep 02 2015 14:50:29 GMT+0800 (Malay Peninsula Standard Time),,s7w123,focus,
Wed Sep 02 2015 14:50:29 GMT+0800 (Malay Peninsula Standard Time),,s7w124,focus,
Wed Sep 02 2015 14:50:29 GMT+0800 (Malay Peninsula Standard Time),,s7w125,focus,
Wed Sep 02 2015 14:50:30 GMT+0800 (Malay Peninsula Standard Time),,s7w126,focus,
Wed Sep 02 2015 14:50:30 GMT+0800 (Malay Peninsula Standard Time),,s7w127,focus,
Wed Sep 02 2015 14:50:30 GMT+0800 (Malay Peninsula Standard Time),,s7w128,focus,
Wed Sep 02 2015 14:50:30 GMT+0800 (Malay Peninsula Standard Time),,s7w129,focus,
Wed Sep 02 2015 14:50:30 GMT+0800 (Malay Peninsula Standard Time),,s7w130,focus,
Wed Sep 02 2015 14:50:31 GMT+0800 (Malay Peninsula Standard Time),,s7w131,focus,
Wed Sep 02 2015 14:50:31 GMT+0800 (Malay Peninsula Standard Time),,s7w132,focus,
Wed Sep 02 2015 14:50:31 GMT+0800 (Malay Peninsula Standard Time),,s7w133,focus,
Wed Sep 02 2015 14:50:31 GMT+0800 (Malay Peninsula Standard Time),,s7w134,focus,
Wed Sep 02 2015 14:50:32 GMT+0800 (Malay Peninsula Standard Time),,s7w135,focus,
Wed Sep 02 2015 14:50:32 GMT+0800 (Malay Peninsula Standard Time),,s7w136,focus,
Wed Sep 02 2015 14:50:32 GMT+0800 (Malay Peninsula Standard Time),,s7w137,focus,
Wed Sep 02 2015 14:50:33 GMT+0800 (Malay Peninsula Standard Time),,s7w138,focus,
Wed Sep 02 2015 14:50:33 GMT+0800 (Malay Peninsula Standard Time),,s7w139,focus,
Wed Sep 02 2015 14:50:33 GMT+0800 (Malay Peninsula Standard Time),,s7w140,focus,
Wed Sep 02 2015 14:50:33 GMT+0800 (Malay Peninsula Standard Time),,s7w141,focus,
Wed Sep 02 2015 14:50:33 GMT+0800 (Malay Peninsula Standard Time),,s7w142,focus,
Wed Sep 02 2015 14:50:34 GMT+0800 (Malay Peninsula Standard Time),,s7w143,focus,
Wed Sep 02 2015 14:50:34 GMT+0800 (Malay Peninsula Standard Time),,s7w144,focus,
Wed Sep 02 2015 14:50:34 GMT+0800 (Malay Peninsula Standard Time),,s7w145,focus,
Wed Sep 02 2015 14:50:34 GMT+0800 (Malay Peninsula Standard Time),,s7w146,focus,
Wed Sep 02 2015 14:50:34 GMT+0800 (Malay Peninsula Standard Time),,s7w147,focus,
Wed Sep 02 2015 14:50:35 GMT+0800 (Malay Peninsula Standard Time),,s7w148,focus,
Wed Sep 02 2015 14:50:35 GMT+0800 (Malay Peninsula Standard Time),,s7w149,focus,
Wed Sep 02 2015 14:50:35 GMT+0800 (Malay Peninsula Standard Time),,s7w150,focus,
Wed Sep 02 2015 14:50:35 GMT+0800 (Malay Peninsula Standard Time),,s7w151,focus,
Wed Sep 02 2015 14:50:35 GMT+0800 (Malay Peninsula Standard Time),,s7w152,focus,
Wed Sep 02 2015 14:50:36 GMT+0800 (Malay Peninsula Standard Time),,s7w153,focus,
Wed Sep 02 2015 14:50:36 GMT+0800 (Malay Peninsula Standard Time),,s7w154,focus,
Wed Sep 02 2015 14:50:36 GMT+0800 (Malay Peninsula Standard Time),,s7w155,focus,
Wed Sep 02 2015 14:50:36 GMT+0800 (Malay Peninsula Standard Time),,s7w156,focus,
Wed Sep 02 2015 14:50:36 GMT+0800 (Malay Peninsula Standard Time),,s7w157,focus,
Wed Sep 02 2015 14:50:37 GMT+0800 (Malay Peninsula Standard Time),,s7w158,focus,
Wed Sep 02 2015 14:50:37 GMT+0800 (Malay Peninsula Standard Time),,s7w159,focus,
Wed Sep 02 2015 14:50:37 GMT+0800 (Malay Peninsula Standard Time),,s7w160,focus,
Wed Sep 02 2015 14:50:37 GMT+0800 (Malay Peninsula Standard Time),,s7w161,focus,
Wed Sep 02 2015 14:50:38 GMT+0800 (Malay Peninsula Standard Time),,s7w162,focus,
Wed Sep 02 2015 14:50:39 GMT+0800 (Malay Peninsula Standard Time),,s7w161,focus,
Wed Sep 02 2015 14:50:42 GMT+0800 (Malay Peninsula Standard Time),,s7w162,focus,
Wed Sep 02 2015 14:50:42 GMT+0800 (Malay Peninsula Standard Time),,s8w1,focus,
Wed Sep 02 2015 14:50:43 GMT+0800 (Malay Peninsula Standard Time),,s8w2,focus,
Wed Sep 02 2015 14:50:43 GMT+0800 (Malay Peninsula Standard Time),,s8w3,focus,
Wed Sep 02 2015 14:50:43 GMT+0800 (Malay Peninsula Standard Time),,s8w4,focus,
Wed Sep 02 2015 14:50:44 GMT+0800 (Malay Peninsula Standard Time),,s8w5,focus,
Wed Sep 02 2015 14:50:44 GMT+0800 (Malay Peninsula Standard Time),,s8w6,focus,
Wed Sep 02 2015 14:50:44 GMT+0800 (Malay Peninsula Standard Time),,s8w7,focus,
Wed Sep 02 2015 14:50:45 GMT+0800 (Malay Peninsula Standard Time),,s8w8,focus,
Wed Sep 02 2015 14:50:45 GMT+0800 (Malay Peninsula Standard Time),,s8w9,focus,
Wed Sep 02 2015 14:50:46 GMT+0800 (Malay Peninsula Standard Time),,s8w8,focus,
Wed Sep 02 2015 14:50:46 GMT+0800 (Malay Peninsula Standard Time),,s8w7,focus,
Wed Sep 02 2015 14:50:46 GMT+0800 (Malay Peninsula Standard Time),,s8w6,focus,
Wed Sep 02 2015 14:50:46 GMT+0800 (Malay Peninsula Standard Time),,s8w7,focus,
Wed Sep 02 2015 14:50:47 GMT+0800 (Malay Peninsula Standard Time),,s8w7,label,"^"
Wed Sep 02 2015 14:50:48 GMT+0800 (Malay Peninsula Standard Time),,s8w8,focus,
Wed Sep 02 2015 14:50:48 GMT+0800 (Malay Peninsula Standard Time),,s8w9,focus,
Wed Sep 02 2015 14:50:48 GMT+0800 (Malay Peninsula Standard Time),,s8w10,focus,
Wed Sep 02 2015 14:50:48 GMT+0800 (Malay Peninsula Standard Time),,s8w11,focus,
Wed Sep 02 2015 14:50:48 GMT+0800 (Malay Peninsula Standard Time),,s8w12,focus,
Wed Sep 02 2015 14:50:49 GMT+0800 (Malay Peninsula Standard Time),,s8w13,focus,
Wed Sep 02 2015 14:50:49 GMT+0800 (Malay Peninsula Standard Time),,s8w14,focus,
Wed Sep 02 2015 14:50:49 GMT+0800 (Malay Peninsula Standard Time),,s8w15,focus,
Wed Sep 02 2015 14:50:51 GMT+0800 (Malay Peninsula Standard Time),,s8w16,focus,
Wed Sep 02 2015 14:50:51 GMT+0800 (Malay Peninsula Standard Time),,s8w17,focus,
Wed Sep 02 2015 14:50:52 GMT+0800 (Malay Peninsula Standard Time),,s8w18,focus,
Wed Sep 02 2015 14:50:52 GMT+0800 (Malay Peninsula Standard Time),,s8w19,focus,
Wed Sep 02 2015 14:50:53 GMT+0800 (Malay Peninsula Standard Time),,s8w20,focus,
Wed Sep 02 2015 14:50:53 GMT+0800 (Malay Peninsula Standard Time),,s8w21,focus,
Wed Sep 02 2015 14:50:54 GMT+0800 (Malay Peninsula Standard Time),,s8w22,focus,
Wed Sep 02 2015 14:50:55 GMT+0800 (Malay Peninsula Standard Time),,s8w21,focus,
Wed Sep 02 2015 14:50:55 GMT+0800 (Malay Peninsula Standard Time),,s8w20,focus,
Wed Sep 02 2015 14:50:56 GMT+0800 (Malay Peninsula Standard Time),,s8w20,label,"N"
Wed Sep 02 2015 14:50:56 GMT+0800 (Malay Peninsula Standard Time),,s8w21,focus,
Wed Sep 02 2015 14:50:57 GMT+0800 (Malay Peninsula Standard Time),,s8w22,focus,
Wed Sep 02 2015 14:50:57 GMT+0800 (Malay Peninsula Standard Time),,s8w23,focus,
Wed Sep 02 2015 14:50:58 GMT+0800 (Malay Peninsula Standard Time),,s8w24,focus,
Wed Sep 02 2015 14:50:58 GMT+0800 (Malay Peninsula Standard Time),,s8w25,focus,
Wed Sep 02 2015 14:51:01 GMT+0800 (Malay Peninsula Standard Time),,s8w26,focus,
Wed Sep 02 2015 14:51:02 GMT+0800 (Malay Peninsula Standard Time),,s8w27,focus,
Wed Sep 02 2015 14:51:02 GMT+0800 (Malay Peninsula Standard Time),,s8w28,focus,
Wed Sep 02 2015 14:51:03 GMT+0800 (Malay Peninsula Standard Time),,s8w29,focus,
Wed Sep 02 2015 14:51:03 GMT+0800 (Malay Peninsula Standard Time),,s8w30,focus,
Wed Sep 02 2015 14:51:03 GMT+0800 (Malay Peninsula Standard Time),,s8w31,focus,
Wed Sep 02 2015 14:51:03 GMT+0800 (Malay Peninsula Standard Time),,s8w32,focus,
Wed Sep 02 2015 14:51:03 GMT+0800 (Malay Peninsula Standard Time),,s8w33,focus,
Wed Sep 02 2015 14:51:04 GMT+0800 (Malay Peninsula Standard Time),,s8w34,focus,
Wed Sep 02 2015 14:51:04 GMT+0800 (Malay Peninsula Standard Time),,s8w35,focus,
Wed Sep 02 2015 14:51:06 GMT+0800 (Malay Peninsula Standard Time),,s8w35,label,"U"
Wed Sep 02 2015 14:51:06 GMT+0800 (Malay Peninsula Standard Time),,s8w36,focus,
Wed Sep 02 2015 14:51:06 GMT+0800 (Malay Peninsula Standard Time),,s8w37,focus,
Wed Sep 02 2015 14:51:07 GMT+0800 (Malay Peninsula Standard Time),,s8w38,focus,
Wed Sep 02 2015 14:51:10 GMT+0800 (Malay Peninsula Standard Time),,s8w38,label,"D"
Wed Sep 02 2015 14:51:10 GMT+0800 (Malay Peninsula Standard Time),,s8w39,focus,
Wed Sep 02 2015 14:51:11 GMT+0800 (Malay Peninsula Standard Time),,s8w39,label,"D"
Wed Sep 02 2015 14:51:11 GMT+0800 (Malay Peninsula Standard Time),,s8w40,focus,
Wed Sep 02 2015 14:51:12 GMT+0800 (Malay Peninsula Standard Time),,s8w41,focus,
Wed Sep 02 2015 14:51:12 GMT+0800 (Malay Peninsula Standard Time),,s8w41,label,"D"
Wed Sep 02 2015 14:51:14 GMT+0800 (Malay Peninsula Standard Time),,s8w40,focus,
Wed Sep 02 2015 14:51:16 GMT+0800 (Malay Peninsula Standard Time),,s8w40,label,"N"
Wed Sep 02 2015 14:51:17 GMT+0800 (Malay Peninsula Standard Time),,s8w41,focus,
Wed Sep 02 2015 14:51:17 GMT+0800 (Malay Peninsula Standard Time),,s8w42,focus,
Wed Sep 02 2015 14:51:17 GMT+0800 (Malay Peninsula Standard Time),,s8w43,focus,
Wed Sep 02 2015 14:51:21 GMT+0800 (Malay Peninsula Standard Time),,s8w44,focus,
Wed Sep 02 2015 14:51:23 GMT+0800 (Malay Peninsula Standard Time),,s8w45,focus,
Wed Sep 02 2015 14:51:24 GMT+0800 (Malay Peninsula Standard Time),,s8w46,focus,
Wed Sep 02 2015 14:51:25 GMT+0800 (Malay Peninsula Standard Time),,s8w47,focus,
Wed Sep 02 2015 14:51:25 GMT+0800 (Malay Peninsula Standard Time),,s8w48,focus,
Wed Sep 02 2015 14:51:26 GMT+0800 (Malay Peninsula Standard Time),,s8w49,focus,
Wed Sep 02 2015 14:51:26 GMT+0800 (Malay Peninsula Standard Time),,s8w50,focus,
Wed Sep 02 2015 14:51:26 GMT+0800 (Malay Peninsula Standard Time),,s8w51,focus,
Wed Sep 02 2015 14:51:27 GMT+0800 (Malay Peninsula Standard Time),,s8w52,focus,
Wed Sep 02 2015 14:51:27 GMT+0800 (Malay Peninsula Standard Time),,s8w53,focus,
Wed Sep 02 2015 14:51:28 GMT+0800 (Malay Peninsula Standard Time),,s8w54,focus,
Wed Sep 02 2015 14:51:28 GMT+0800 (Malay Peninsula Standard Time),,s8w55,focus,
Wed Sep 02 2015 14:51:29 GMT+0800 (Malay Peninsula Standard Time),,s8w56,focus,
Wed Sep 02 2015 14:51:29 GMT+0800 (Malay Peninsula Standard Time),,s8w57,focus,
Wed Sep 02 2015 14:51:30 GMT+0800 (Malay Peninsula Standard Time),,s8w58,focus,
Wed Sep 02 2015 14:51:32 GMT+0800 (Malay Peninsula Standard Time),,s8w59,focus,
Wed Sep 02 2015 14:51:32 GMT+0800 (Malay Peninsula Standard Time),,s8w60,focus,
Wed Sep 02 2015 14:51:33 GMT+0800 (Malay Peninsula Standard Time),,s8w61,focus,
Wed Sep 02 2015 14:51:41 GMT+0800 (Malay Peninsula Standard Time),,s8w61,label,"D"
Wed Sep 02 2015 14:51:42 GMT+0800 (Malay Peninsula Standard Time),,s8w62,focus,
Wed Sep 02 2015 14:51:42 GMT+0800 (Malay Peninsula Standard Time),,s8w63,focus,
Wed Sep 02 2015 14:51:43 GMT+0800 (Malay Peninsula Standard Time),,s8w62,focus,
Wed Sep 02 2015 14:51:45 GMT+0800 (Malay Peninsula Standard Time),,s8w62,label,"A"
Wed Sep 02 2015 14:51:45 GMT+0800 (Malay Peninsula Standard Time),,s8w63,focus,
Wed Sep 02 2015 14:51:45 GMT+0800 (Malay Peninsula Standard Time),,s8w64,focus,
Wed Sep 02 2015 14:51:47 GMT+0800 (Malay Peninsula Standard Time),,s8w65,focus,
Wed Sep 02 2015 14:51:47 GMT+0800 (Malay Peninsula Standard Time),,s8w66,focus,
Wed Sep 02 2015 14:51:47 GMT+0800 (Malay Peninsula Standard Time),,s8w67,focus,
Wed Sep 02 2015 14:51:48 GMT+0800 (Malay Peninsula Standard Time),,s8w68,focus,
Wed Sep 02 2015 14:51:48 GMT+0800 (Malay Peninsula Standard Time),,s8w69,focus,
Wed Sep 02 2015 14:51:48 GMT+0800 (Malay Peninsula Standard Time),,s8w70,focus,
Wed Sep 02 2015 14:51:48 GMT+0800 (Malay Peninsula Standard Time),,s8w71,focus,
Wed Sep 02 2015 14:51:49 GMT+0800 (Malay Peninsula Standard Time),,s8w72,focus,
Wed Sep 02 2015 14:51:49 GMT+0800 (Malay Peninsula Standard Time),,s8w73,focus,
Wed Sep 02 2015 14:51:49 GMT+0800 (Malay Peninsula Standard Time),,s8w74,focus,
Wed Sep 02 2015 14:51:49 GMT+0800 (Malay Peninsula Standard Time),,s8w75,focus,
Wed Sep 02 2015 14:51:49 GMT+0800 (Malay Peninsula Standard Time),,s8w76,focus,
Wed Sep 02 2015 14:51:50 GMT+0800 (Malay Peninsula Standard Time),,s8w77,focus,
Wed Sep 02 2015 14:51:50 GMT+0800 (Malay Peninsula Standard Time),,s8w78,focus,
Wed Sep 02 2015 14:51:50 GMT+0800 (Malay Peninsula Standard Time),,s8w79,focus,
Wed Sep 02 2015 14:51:50 GMT+0800 (Malay Peninsula Standard Time),,s8w80,focus,
Wed Sep 02 2015 14:51:50 GMT+0800 (Malay Peninsula Standard Time),,s8w81,focus,
Wed Sep 02 2015 14:51:51 GMT+0800 (Malay Peninsula Standard Time),,s8w82,focus,
Wed Sep 02 2015 14:51:51 GMT+0800 (Malay Peninsula Standard Time),,s8w83,focus,
Wed Sep 02 2015 14:51:51 GMT+0800 (Malay Peninsula Standard Time),,s8w84,focus,
Wed Sep 02 2015 14:51:51 GMT+0800 (Malay Peninsula Standard Time),,s8w85,focus,
Wed Sep 02 2015 14:51:52 GMT+0800 (Malay Peninsula Standard Time),,s8w86,focus,
Wed Sep 02 2015 14:51:52 GMT+0800 (Malay Peninsula Standard Time),,s8w87,focus,
Wed Sep 02 2015 14:51:52 GMT+0800 (Malay Peninsula Standard Time),,s8w88,focus,
Wed Sep 02 2015 14:51:52 GMT+0800 (Malay Peninsula Standard Time),,s8w89,focus,
Wed Sep 02 2015 14:51:53 GMT+0800 (Malay Peninsula Standard Time),,s8w90,focus,
Wed Sep 02 2015 14:51:53 GMT+0800 (Malay Peninsula Standard Time),,s8w91,focus,
Wed Sep 02 2015 14:51:53 GMT+0800 (Malay Peninsula Standard Time),,s8w92,focus,
Wed Sep 02 2015 14:51:53 GMT+0800 (Malay Peninsula Standard Time),,s8w93,focus,
Wed Sep 02 2015 14:51:53 GMT+0800 (Malay Peninsula Standard Time),,s8w94,focus,
Wed Sep 02 2015 14:51:54 GMT+0800 (Malay Peninsula Standard Time),,s8w95,focus,
Wed Sep 02 2015 14:51:54 GMT+0800 (Malay Peninsula Standard Time),,s8w96,focus,
Wed Sep 02 2015 14:51:55 GMT+0800 (Malay Peninsula Standard Time),,s8w97,focus,
Wed Sep 02 2015 14:51:55 GMT+0800 (Malay Peninsula Standard Time),,s8w98,focus,
Wed Sep 02 2015 14:51:55 GMT+0800 (Malay Peninsula Standard Time),,s8w99,focus,
Wed Sep 02 2015 14:51:56 GMT+0800 (Malay Peninsula Standard Time),,s8w100,focus,
Wed Sep 02 2015 14:51:56 GMT+0800 (Malay Peninsula Standard Time),,s8w101,focus,
Wed Sep 02 2015 14:51:56 GMT+0800 (Malay Peninsula Standard Time),,s8w102,focus,
Wed Sep 02 2015 14:51:56 GMT+0800 (Malay Peninsula Standard Time),,s8w103,focus,
Wed Sep 02 2015 14:51:57 GMT+0800 (Malay Peninsula Standard Time),,s8w104,focus,
Wed Sep 02 2015 14:51:57 GMT+0800 (Malay Peninsula Standard Time),,s8w105,focus,
Wed Sep 02 2015 14:51:57 GMT+0800 (Malay Peninsula Standard Time),,s8w106,focus,
Wed Sep 02 2015 14:52:00 GMT+0800 (Malay Peninsula Standard Time),,s8w107,focus,
Wed Sep 02 2015 14:52:00 GMT+0800 (Malay Peninsula Standard Time),,s8w108,focus,
Wed Sep 02 2015 14:52:01 GMT+0800 (Malay Peninsula Standard Time),,s8w108,label,"D"
Wed Sep 02 2015 14:52:01 GMT+0800 (Malay Peninsula Standard Time),,s8w109,focus,
Wed Sep 02 2015 14:52:02 GMT+0800 (Malay Peninsula Standard Time),,s8w110,focus,
Wed Sep 02 2015 14:52:02 GMT+0800 (Malay Peninsula Standard Time),,s8w111,focus,
Wed Sep 02 2015 14:52:02 GMT+0800 (Malay Peninsula Standard Time),,s8w112,focus,
Wed Sep 02 2015 14:52:03 GMT+0800 (Malay Peninsula Standard Time),,s8w113,focus,
Wed Sep 02 2015 14:52:03 GMT+0800 (Malay Peninsula Standard Time),,s8w114,focus,
Wed Sep 02 2015 14:52:04 GMT+0800 (Malay Peninsula Standard Time),,s8w115,focus,
Wed Sep 02 2015 14:52:04 GMT+0800 (Malay Peninsula Standard Time),,s8w116,focus,
Wed Sep 02 2015 14:52:05 GMT+0800 (Malay Peninsula Standard Time),,s8w117,focus,
Wed Sep 02 2015 14:52:05 GMT+0800 (Malay Peninsula Standard Time),,s8w118,focus,
Wed Sep 02 2015 14:52:05 GMT+0800 (Malay Peninsula Standard Time),,s8w119,focus,
Wed Sep 02 2015 14:52:05 GMT+0800 (Malay Peninsula Standard Time),,s8w120,focus,
Wed Sep 02 2015 14:52:06 GMT+0800 (Malay Peninsula Standard Time),,s8w121,focus,
Wed Sep 02 2015 14:52:06 GMT+0800 (Malay Peninsula Standard Time),,s8w122,focus,
Wed Sep 02 2015 14:52:06 GMT+0800 (Malay Peninsula Standard Time),,s8w123,focus,
Wed Sep 02 2015 14:52:07 GMT+0800 (Malay Peninsula Standard Time),,s8w124,focus,
Wed Sep 02 2015 14:52:07 GMT+0800 (Malay Peninsula Standard Time),,s8w125,focus,
Wed Sep 02 2015 14:52:07 GMT+0800 (Malay Peninsula Standard Time),,s8w126,focus,
Wed Sep 02 2015 14:52:07 GMT+0800 (Malay Peninsula Standard Time),,s8w127,focus,
Wed Sep 02 2015 14:52:08 GMT+0800 (Malay Peninsula Standard Time),,s8w126,focus,
Wed Sep 02 2015 14:52:09 GMT+0800 (Malay Peninsula Standard Time),,s8w126,label,"^"
Wed Sep 02 2015 14:52:09 GMT+0800 (Malay Peninsula Standard Time),,s8w127,focus,
Wed Sep 02 2015 14:52:09 GMT+0800 (Malay Peninsula Standard Time),,s8w128,focus,
Wed Sep 02 2015 14:52:10 GMT+0800 (Malay Peninsula Standard Time),,s8w129,focus,
Wed Sep 02 2015 14:52:11 GMT+0800 (Malay Peninsula Standard Time),,s8w130,focus,
Wed Sep 02 2015 14:52:11 GMT+0800 (Malay Peninsula Standard Time),,s8w131,focus,
Wed Sep 02 2015 14:52:11 GMT+0800 (Malay Peninsula Standard Time),,s8w132,focus,
Wed Sep 02 2015 14:52:12 GMT+0800 (Malay Peninsula Standard Time),,s8w133,focus,
Wed Sep 02 2015 14:52:12 GMT+0800 (Malay Peninsula Standard Time),,s8w134,focus,
Wed Sep 02 2015 14:52:12 GMT+0800 (Malay Peninsula Standard Time),,s8w135,focus,
Wed Sep 02 2015 14:52:13 GMT+0800 (Malay Peninsula Standard Time),,s8w136,focus,
Wed Sep 02 2015 14:52:13 GMT+0800 (Malay Peninsula Standard Time),,s8w137,focus,
Wed Sep 02 2015 14:52:14 GMT+0800 (Malay Peninsula Standard Time),,s8w138,focus,
Wed Sep 02 2015 14:52:14 GMT+0800 (Malay Peninsula Standard Time),,s8w139,focus,
Wed Sep 02 2015 14:52:15 GMT+0800 (Malay Peninsula Standard Time),,s8w140,focus,
Wed Sep 02 2015 14:52:15 GMT+0800 (Malay Peninsula Standard Time),,s8w141,focus,
Wed Sep 02 2015 14:52:15 GMT+0800 (Malay Peninsula Standard Time),,s9w1,focus,
Wed Sep 02 2015 14:52:16 GMT+0800 (Malay Peninsula Standard Time),,s9w2,focus,
Wed Sep 02 2015 14:52:16 GMT+0800 (Malay Peninsula Standard Time),,s9w3,focus,
Wed Sep 02 2015 14:52:17 GMT+0800 (Malay Peninsula Standard Time),,s9w4,focus,
Wed Sep 02 2015 14:52:17 GMT+0800 (Malay Peninsula Standard Time),,s9w5,focus,
Wed Sep 02 2015 14:52:17 GMT+0800 (Malay Peninsula Standard Time),,s9w6,focus,
Wed Sep 02 2015 14:52:18 GMT+0800 (Malay Peninsula Standard Time),,s9w7,focus,
Wed Sep 02 2015 14:52:18 GMT+0800 (Malay Peninsula Standard Time),,s9w8,focus,
Wed Sep 02 2015 14:52:18 GMT+0800 (Malay Peninsula Standard Time),,s9w9,focus,
Wed Sep 02 2015 14:52:18 GMT+0800 (Malay Peninsula Standard Time),,s9w10,focus,
Wed Sep 02 2015 14:52:19 GMT+0800 (Malay Peninsula Standard Time),,s9w11,focus,
Wed Sep 02 2015 14:52:19 GMT+0800 (Malay Peninsula Standard Time),,s9w12,focus,
Wed Sep 02 2015 14:52:19 GMT+0800 (Malay Peninsula Standard Time),,s9w13,focus,
Wed Sep 02 2015 14:52:20 GMT+0800 (Malay Peninsula Standard Time),,s9w14,focus,
Wed Sep 02 2015 14:52:21 GMT+0800 (Malay Peninsula Standard Time),,s9w15,focus,
Wed Sep 02 2015 14:52:22 GMT+0800 (Malay Peninsula Standard Time),,s9w16,focus,
Wed Sep 02 2015 14:52:22 GMT+0800 (Malay Peninsula Standard Time),,s9w17,focus,
Wed Sep 02 2015 14:52:23 GMT+0800 (Malay Peninsula Standard Time),,s9w18,focus,
Wed Sep 02 2015 14:52:27 GMT+0800 (Malay Peninsula Standard Time),,s9w18,label,"N"
Wed Sep 02 2015 14:52:27 GMT+0800 (Malay Peninsula Standard Time),,s9w19,focus,
Wed Sep 02 2015 14:52:27 GMT+0800 (Malay Peninsula Standard Time),,s9w19,label,"N"
Wed Sep 02 2015 14:52:27 GMT+0800 (Malay Peninsula Standard Time),,s9w20,focus,
Wed Sep 02 2015 14:52:28 GMT+0800 (Malay Peninsula Standard Time),,s9w21,focus,
Wed Sep 02 2015 14:52:28 GMT+0800 (Malay Peninsula Standard Time),,s9w22,focus,
Wed Sep 02 2015 14:52:28 GMT+0800 (Malay Peninsula Standard Time),,s9w23,focus,
Wed Sep 02 2015 14:52:28 GMT+0800 (Malay Peninsula Standard Time),,s9w24,focus,
Wed Sep 02 2015 14:52:29 GMT+0800 (Malay Peninsula Standard Time),,s9w25,focus,
Wed Sep 02 2015 14:52:29 GMT+0800 (Malay Peninsula Standard Time),,s9w26,focus,
Wed Sep 02 2015 14:52:30 GMT+0800 (Malay Peninsula Standard Time),,s9w27,focus,
Wed Sep 02 2015 14:52:31 GMT+0800 (Malay Peninsula Standard Time),,s9w27,label,"^"
Wed Sep 02 2015 14:52:32 GMT+0800 (Malay Peninsula Standard Time),,s9w28,focus,
Wed Sep 02 2015 14:52:32 GMT+0800 (Malay Peninsula Standard Time),,s9w29,focus,
Wed Sep 02 2015 14:52:33 GMT+0800 (Malay Peninsula Standard Time),,s10w1,focus,
Wed Sep 02 2015 14:52:33 GMT+0800 (Malay Peninsula Standard Time),,s10w2,focus,
Wed Sep 02 2015 14:52:34 GMT+0800 (Malay Peninsula Standard Time),,s10w3,focus,
Wed Sep 02 2015 14:52:34 GMT+0800 (Malay Peninsula Standard Time),,s10w4,focus,
Wed Sep 02 2015 14:52:34 GMT+0800 (Malay Peninsula Standard Time),,s10w5,focus,
Wed Sep 02 2015 14:52:35 GMT+0800 (Malay Peninsula Standard Time),,s10w6,focus,
Wed Sep 02 2015 14:52:35 GMT+0800 (Malay Peninsula Standard Time),,s10w7,focus,
Wed Sep 02 2015 14:52:39 GMT+0800 (Malay Peninsula Standard Time),,s10w8,focus,
Wed Sep 02 2015 14:52:39 GMT+0800 (Malay Peninsula Standard Time),,s11w1,focus,
Wed Sep 02 2015 14:52:41 GMT+0800 (Malay Peninsula Standard Time),,s11w2,focus,
Wed Sep 02 2015 14:52:41 GMT+0800 (Malay Peninsula Standard Time),,s11w3,focus,
Wed Sep 02 2015 14:52:41 GMT+0800 (Malay Peninsula Standard Time),,s11w4,focus,
Wed Sep 02 2015 14:52:42 GMT+0800 (Malay Peninsula Standard Time),,s11w5,focus,
Wed Sep 02 2015 14:52:42 GMT+0800 (Malay Peninsula Standard Time),,s11w6,focus,
Wed Sep 02 2015 14:52:42 GMT+0800 (Malay Peninsula Standard Time),,s11w7,focus,
Wed Sep 02 2015 14:52:43 GMT+0800 (Malay Peninsula Standard Time),,s11w8,focus,
Wed Sep 02 2015 14:52:48 GMT+0800 (Malay Peninsula Standard Time),,,submitPage,
