Wed Sep 02 2015 11:41:37 GMT+0800 (Malay Peninsula Standard Time),,,pageReady,0:100:100
Wed Sep 02 2015 11:41:37 GMT+0800 (Malay Peninsula Standard Time),,s0,twitterId,327365
Wed Sep 02 2015 11:41:37 GMT+0800 (Malay Peninsula Standard Time),,s1,twitterId,327365
Wed Sep 02 2015 11:41:37 GMT+0800 (Malay Peninsula Standard Time),,s2,twitterId,327365
Wed Sep 02 2015 11:41:37 GMT+0800 (Malay Peninsula Standard Time),,s3,twitterId,327365
Wed Sep 02 2015 11:41:37 GMT+0800 (Malay Peninsula Standard Time),,s4,twitterId,327365
Wed Sep 02 2015 11:41:37 GMT+0800 (Malay Peninsula Standard Time),,s5,twitterId,327365
Wed Sep 02 2015 11:41:37 GMT+0800 (Malay Peninsula Standard Time),,s6,twitterId,327365
Wed Sep 02 2015 11:41:37 GMT+0800 (Malay Peninsula Standard Time),,s7,twitterId,327365
Wed Sep 02 2015 11:41:37 GMT+0800 (Malay Peninsula Standard Time),,s8,twitterId,327365
Wed Sep 02 2015 11:41:37 GMT+0800 (Malay Peninsula Standard Time),,s9,twitterId,327365
Wed Sep 02 2015 11:41:37 GMT+0800 (Malay Peninsula Standard Time),,s10,twitterId,327365
Wed Sep 02 2015 11:41:37 GMT+0800 (Malay Peninsula Standard Time),,s11,twitterId,327365
Wed Sep 02 2015 11:41:44 GMT+0800 (Malay Peninsula Standard Time),,s1w1,focus,
Wed Sep 02 2015 11:41:44 GMT+0800 (Malay Peninsula Standard Time),,s1w1,focus,
Wed Sep 02 2015 11:41:46 GMT+0800 (Malay Peninsula Standard Time),,s1w2,focus,
Wed Sep 02 2015 11:41:46 GMT+0800 (Malay Peninsula Standard Time),,s1w3,focus,
Wed Sep 02 2015 11:41:47 GMT+0800 (Malay Peninsula Standard Time),,s1w4,focus,
Wed Sep 02 2015 11:41:47 GMT+0800 (Malay Peninsula Standard Time),,s1w5,focus,
Wed Sep 02 2015 11:41:47 GMT+0800 (Malay Peninsula Standard Time),,s1w6,focus,
Wed Sep 02 2015 11:41:47 GMT+0800 (Malay Peninsula Standard Time),,s1w7,focus,
Wed Sep 02 2015 11:41:48 GMT+0800 (Malay Peninsula Standard Time),,s1w8,focus,
Wed Sep 02 2015 11:41:48 GMT+0800 (Malay Peninsula Standard Time),,s1w9,focus,
Wed Sep 02 2015 11:41:48 GMT+0800 (Malay Peninsula Standard Time),,s1w10,focus,
Wed Sep 02 2015 11:41:49 GMT+0800 (Malay Peninsula Standard Time),,s1w11,focus,
Wed Sep 02 2015 11:41:50 GMT+0800 (Malay Peninsula Standard Time),,s1w12,focus,
Wed Sep 02 2015 11:41:50 GMT+0800 (Malay Peninsula Standard Time),,s1w13,focus,
Wed Sep 02 2015 11:41:50 GMT+0800 (Malay Peninsula Standard Time),,s1w14,focus,
Wed Sep 02 2015 11:41:50 GMT+0800 (Malay Peninsula Standard Time),,s1w15,focus,
Wed Sep 02 2015 11:41:51 GMT+0800 (Malay Peninsula Standard Time),,s1w16,focus,
Wed Sep 02 2015 11:41:52 GMT+0800 (Malay Peninsula Standard Time),,s1w17,focus,
Wed Sep 02 2015 11:41:52 GMT+0800 (Malay Peninsula Standard Time),,s1w18,focus,
Wed Sep 02 2015 11:41:52 GMT+0800 (Malay Peninsula Standard Time),,s1w19,focus,
Wed Sep 02 2015 11:41:52 GMT+0800 (Malay Peninsula Standard Time),,s1w20,focus,
Wed Sep 02 2015 11:41:53 GMT+0800 (Malay Peninsula Standard Time),,s1w21,focus,
Wed Sep 02 2015 11:41:53 GMT+0800 (Malay Peninsula Standard Time),,s1w22,focus,
Wed Sep 02 2015 11:41:53 GMT+0800 (Malay Peninsula Standard Time),,s1w21,focus,
Wed Sep 02 2015 11:41:54 GMT+0800 (Malay Peninsula Standard Time),,s1w20,focus,
Wed Sep 02 2015 11:41:55 GMT+0800 (Malay Peninsula Standard Time),,s1w21,focus,
Wed Sep 02 2015 11:41:55 GMT+0800 (Malay Peninsula Standard Time),,s1w22,focus,
Wed Sep 02 2015 11:41:56 GMT+0800 (Malay Peninsula Standard Time),,s1w23,focus,
Wed Sep 02 2015 11:41:56 GMT+0800 (Malay Peninsula Standard Time),,s1w24,focus,
Wed Sep 02 2015 11:41:57 GMT+0800 (Malay Peninsula Standard Time),,s1w25,focus,
Wed Sep 02 2015 11:41:57 GMT+0800 (Malay Peninsula Standard Time),,s1w26,focus,
Wed Sep 02 2015 11:41:59 GMT+0800 (Malay Peninsula Standard Time),,s1w27,focus,
Wed Sep 02 2015 11:41:59 GMT+0800 (Malay Peninsula Standard Time),,s1w28,focus,
Wed Sep 02 2015 11:42:00 GMT+0800 (Malay Peninsula Standard Time),,s1w29,focus,
Wed Sep 02 2015 11:42:01 GMT+0800 (Malay Peninsula Standard Time),,s1w30,focus,
Wed Sep 02 2015 11:42:01 GMT+0800 (Malay Peninsula Standard Time),,s1w31,focus,
Wed Sep 02 2015 11:42:01 GMT+0800 (Malay Peninsula Standard Time),,s1w32,focus,
Wed Sep 02 2015 11:42:01 GMT+0800 (Malay Peninsula Standard Time),,s1w33,focus,
Wed Sep 02 2015 11:42:02 GMT+0800 (Malay Peninsula Standard Time),,s1w34,focus,
Wed Sep 02 2015 11:42:02 GMT+0800 (Malay Peninsula Standard Time),,s1w35,focus,
Wed Sep 02 2015 11:42:02 GMT+0800 (Malay Peninsula Standard Time),,s1w36,focus,
Wed Sep 02 2015 11:42:02 GMT+0800 (Malay Peninsula Standard Time),,s1w37,focus,
Wed Sep 02 2015 11:42:03 GMT+0800 (Malay Peninsula Standard Time),,s1w38,focus,
Wed Sep 02 2015 11:42:03 GMT+0800 (Malay Peninsula Standard Time),,s1w39,focus,
Wed Sep 02 2015 11:42:03 GMT+0800 (Malay Peninsula Standard Time),,s1w40,focus,
Wed Sep 02 2015 11:42:04 GMT+0800 (Malay Peninsula Standard Time),,s1w41,focus,
Wed Sep 02 2015 11:42:04 GMT+0800 (Malay Peninsula Standard Time),,s1w42,focus,
Wed Sep 02 2015 11:42:05 GMT+0800 (Malay Peninsula Standard Time),,s1w43,focus,
Wed Sep 02 2015 11:42:05 GMT+0800 (Malay Peninsula Standard Time),,s1w44,focus,
Wed Sep 02 2015 11:42:05 GMT+0800 (Malay Peninsula Standard Time),,s1w45,focus,
Wed Sep 02 2015 11:42:05 GMT+0800 (Malay Peninsula Standard Time),,s1w46,focus,
Wed Sep 02 2015 11:42:06 GMT+0800 (Malay Peninsula Standard Time),,s1w47,focus,
Wed Sep 02 2015 11:42:06 GMT+0800 (Malay Peninsula Standard Time),,s1w48,focus,
Wed Sep 02 2015 11:42:07 GMT+0800 (Malay Peninsula Standard Time),,s1w48,label,"^"
Wed Sep 02 2015 11:42:07 GMT+0800 (Malay Peninsula Standard Time),,s1w49,focus,
Wed Sep 02 2015 11:42:08 GMT+0800 (Malay Peninsula Standard Time),,s1w50,focus,
Wed Sep 02 2015 11:42:08 GMT+0800 (Malay Peninsula Standard Time),,s1w51,focus,
Wed Sep 02 2015 11:42:08 GMT+0800 (Malay Peninsula Standard Time),,s1w52,focus,
Wed Sep 02 2015 11:42:09 GMT+0800 (Malay Peninsula Standard Time),,s1w53,focus,
Wed Sep 02 2015 11:42:09 GMT+0800 (Malay Peninsula Standard Time),,s1w54,focus,
Wed Sep 02 2015 11:42:09 GMT+0800 (Malay Peninsula Standard Time),,s1w55,focus,
Wed Sep 02 2015 11:42:10 GMT+0800 (Malay Peninsula Standard Time),,s1w56,focus,
Wed Sep 02 2015 11:42:10 GMT+0800 (Malay Peninsula Standard Time),,s1w57,focus,
Wed Sep 02 2015 11:42:10 GMT+0800 (Malay Peninsula Standard Time),,s1w58,focus,
Wed Sep 02 2015 11:42:10 GMT+0800 (Malay Peninsula Standard Time),,s1w59,focus,
Wed Sep 02 2015 11:42:10 GMT+0800 (Malay Peninsula Standard Time),,s1w60,focus,
Wed Sep 02 2015 11:42:10 GMT+0800 (Malay Peninsula Standard Time),,s1w61,focus,
Wed Sep 02 2015 11:42:11 GMT+0800 (Malay Peninsula Standard Time),,s1w62,focus,
Wed Sep 02 2015 11:42:11 GMT+0800 (Malay Peninsula Standard Time),,s1w63,focus,
Wed Sep 02 2015 11:42:11 GMT+0800 (Malay Peninsula Standard Time),,s1w64,focus,
Wed Sep 02 2015 11:42:11 GMT+0800 (Malay Peninsula Standard Time),,s1w65,focus,
Wed Sep 02 2015 11:42:11 GMT+0800 (Malay Peninsula Standard Time),,s1w66,focus,
Wed Sep 02 2015 11:42:12 GMT+0800 (Malay Peninsula Standard Time),,s1w67,focus,
Wed Sep 02 2015 11:42:12 GMT+0800 (Malay Peninsula Standard Time),,s1w68,focus,
Wed Sep 02 2015 11:42:15 GMT+0800 (Malay Peninsula Standard Time),,s1w69,focus,
Wed Sep 02 2015 11:42:15 GMT+0800 (Malay Peninsula Standard Time),,s1w70,focus,
Wed Sep 02 2015 11:42:16 GMT+0800 (Malay Peninsula Standard Time),,s1w71,focus,
Wed Sep 02 2015 11:42:16 GMT+0800 (Malay Peninsula Standard Time),,s2w1,focus,
Wed Sep 02 2015 11:42:16 GMT+0800 (Malay Peninsula Standard Time),,s2w2,focus,
Wed Sep 02 2015 11:42:17 GMT+0800 (Malay Peninsula Standard Time),,s2w3,focus,
Wed Sep 02 2015 11:42:17 GMT+0800 (Malay Peninsula Standard Time),,s2w4,focus,
Wed Sep 02 2015 11:42:17 GMT+0800 (Malay Peninsula Standard Time),,s2w5,focus,
Wed Sep 02 2015 11:42:17 GMT+0800 (Malay Peninsula Standard Time),,s2w6,focus,
Wed Sep 02 2015 11:42:17 GMT+0800 (Malay Peninsula Standard Time),,s2w7,focus,
Wed Sep 02 2015 11:42:18 GMT+0800 (Malay Peninsula Standard Time),,s2w8,focus,
Wed Sep 02 2015 11:42:18 GMT+0800 (Malay Peninsula Standard Time),,s2w9,focus,
Wed Sep 02 2015 11:42:19 GMT+0800 (Malay Peninsula Standard Time),,s2w10,focus,
Wed Sep 02 2015 11:42:19 GMT+0800 (Malay Peninsula Standard Time),,s2w11,focus,
Wed Sep 02 2015 11:42:21 GMT+0800 (Malay Peninsula Standard Time),,s2w12,focus,
Wed Sep 02 2015 11:42:21 GMT+0800 (Malay Peninsula Standard Time),,s2w13,focus,
Wed Sep 02 2015 11:42:21 GMT+0800 (Malay Peninsula Standard Time),,s2w14,focus,
Wed Sep 02 2015 11:42:21 GMT+0800 (Malay Peninsula Standard Time),,s2w15,focus,
Wed Sep 02 2015 11:42:21 GMT+0800 (Malay Peninsula Standard Time),,s2w16,focus,
Wed Sep 02 2015 11:42:22 GMT+0800 (Malay Peninsula Standard Time),,s2w17,focus,
Wed Sep 02 2015 11:42:22 GMT+0800 (Malay Peninsula Standard Time),,s2w18,focus,
Wed Sep 02 2015 11:42:22 GMT+0800 (Malay Peninsula Standard Time),,s2w19,focus,
Wed Sep 02 2015 11:42:22 GMT+0800 (Malay Peninsula Standard Time),,s2w20,focus,
Wed Sep 02 2015 11:42:23 GMT+0800 (Malay Peninsula Standard Time),,s2w21,focus,
Wed Sep 02 2015 11:42:23 GMT+0800 (Malay Peninsula Standard Time),,s2w22,focus,
Wed Sep 02 2015 11:42:32 GMT+0800 (Malay Peninsula Standard Time),,s2w22,label,"N"
Wed Sep 02 2015 11:42:32 GMT+0800 (Malay Peninsula Standard Time),,s2w23,focus,
Wed Sep 02 2015 11:42:32 GMT+0800 (Malay Peninsula Standard Time),,s2w23,label,"N"
Wed Sep 02 2015 11:42:32 GMT+0800 (Malay Peninsula Standard Time),,s2w24,focus,
Wed Sep 02 2015 11:42:32 GMT+0800 (Malay Peninsula Standard Time),,s2w24,label,"N"
Wed Sep 02 2015 11:42:33 GMT+0800 (Malay Peninsula Standard Time),,s3w1,focus,
Wed Sep 02 2015 11:42:35 GMT+0800 (Malay Peninsula Standard Time),,s3w2,focus,
Wed Sep 02 2015 11:42:35 GMT+0800 (Malay Peninsula Standard Time),,s3w3,focus,
Wed Sep 02 2015 11:42:35 GMT+0800 (Malay Peninsula Standard Time),,s3w2,focus,
Wed Sep 02 2015 11:42:36 GMT+0800 (Malay Peninsula Standard Time),,s3w1,focus,
Wed Sep 02 2015 11:42:36 GMT+0800 (Malay Peninsula Standard Time),,s3w1,label,"N"
Wed Sep 02 2015 11:42:36 GMT+0800 (Malay Peninsula Standard Time),,s3w2,focus,
Wed Sep 02 2015 11:42:37 GMT+0800 (Malay Peninsula Standard Time),,s3w2,label,"N"
Wed Sep 02 2015 11:42:37 GMT+0800 (Malay Peninsula Standard Time),,s3w3,focus,
Wed Sep 02 2015 11:42:39 GMT+0800 (Malay Peninsula Standard Time),,s3w3,label,"V"
Wed Sep 02 2015 11:42:40 GMT+0800 (Malay Peninsula Standard Time),,s3w4,focus,
Wed Sep 02 2015 11:42:40 GMT+0800 (Malay Peninsula Standard Time),,s3w5,focus,
Wed Sep 02 2015 11:42:40 GMT+0800 (Malay Peninsula Standard Time),,s3w6,focus,
Wed Sep 02 2015 11:42:41 GMT+0800 (Malay Peninsula Standard Time),,s3w7,focus,
Wed Sep 02 2015 11:42:41 GMT+0800 (Malay Peninsula Standard Time),,s3w8,focus,
Wed Sep 02 2015 11:42:42 GMT+0800 (Malay Peninsula Standard Time),,s3w9,focus,
Wed Sep 02 2015 11:42:43 GMT+0800 (Malay Peninsula Standard Time),,s3w10,focus,
Wed Sep 02 2015 11:42:43 GMT+0800 (Malay Peninsula Standard Time),,s3w11,focus,
Wed Sep 02 2015 11:42:43 GMT+0800 (Malay Peninsula Standard Time),,s3w12,focus,
Wed Sep 02 2015 11:42:44 GMT+0800 (Malay Peninsula Standard Time),,s3w13,focus,
Wed Sep 02 2015 11:42:44 GMT+0800 (Malay Peninsula Standard Time),,s3w14,focus,
Wed Sep 02 2015 11:42:44 GMT+0800 (Malay Peninsula Standard Time),,s3w15,focus,
Wed Sep 02 2015 11:42:45 GMT+0800 (Malay Peninsula Standard Time),,s3w16,focus,
Wed Sep 02 2015 11:42:45 GMT+0800 (Malay Peninsula Standard Time),,s3w17,focus,
Wed Sep 02 2015 11:42:45 GMT+0800 (Malay Peninsula Standard Time),,s3w18,focus,
Wed Sep 02 2015 11:42:46 GMT+0800 (Malay Peninsula Standard Time),,s3w19,focus,
Wed Sep 02 2015 11:42:46 GMT+0800 (Malay Peninsula Standard Time),,s3w20,focus,
Wed Sep 02 2015 11:42:46 GMT+0800 (Malay Peninsula Standard Time),,s3w21,focus,
Wed Sep 02 2015 11:42:47 GMT+0800 (Malay Peninsula Standard Time),,s3w22,focus,
Wed Sep 02 2015 11:42:47 GMT+0800 (Malay Peninsula Standard Time),,s3w23,focus,
Wed Sep 02 2015 11:42:47 GMT+0800 (Malay Peninsula Standard Time),,s3w24,focus,
Wed Sep 02 2015 11:42:47 GMT+0800 (Malay Peninsula Standard Time),,s3w25,focus,
Wed Sep 02 2015 11:42:48 GMT+0800 (Malay Peninsula Standard Time),,s3w26,focus,
Wed Sep 02 2015 11:42:48 GMT+0800 (Malay Peninsula Standard Time),,s3w27,focus,
Wed Sep 02 2015 11:42:49 GMT+0800 (Malay Peninsula Standard Time),,s3w27,label,"^"
Wed Sep 02 2015 11:42:50 GMT+0800 (Malay Peninsula Standard Time),,s3w28,focus,
Wed Sep 02 2015 11:42:50 GMT+0800 (Malay Peninsula Standard Time),,s3w29,focus,
Wed Sep 02 2015 11:42:50 GMT+0800 (Malay Peninsula Standard Time),,s3w30,focus,
Wed Sep 02 2015 11:42:51 GMT+0800 (Malay Peninsula Standard Time),,s3w31,focus,
Wed Sep 02 2015 11:42:51 GMT+0800 (Malay Peninsula Standard Time),,s3w32,focus,
Wed Sep 02 2015 11:42:52 GMT+0800 (Malay Peninsula Standard Time),,s3w33,focus,
Wed Sep 02 2015 11:42:52 GMT+0800 (Malay Peninsula Standard Time),,s3w34,focus,
Wed Sep 02 2015 11:42:52 GMT+0800 (Malay Peninsula Standard Time),,s3w35,focus,
Wed Sep 02 2015 11:42:52 GMT+0800 (Malay Peninsula Standard Time),,s3w36,focus,
Wed Sep 02 2015 11:42:53 GMT+0800 (Malay Peninsula Standard Time),,s3w37,focus,
Wed Sep 02 2015 11:42:53 GMT+0800 (Malay Peninsula Standard Time),,s3w38,focus,
Wed Sep 02 2015 11:42:53 GMT+0800 (Malay Peninsula Standard Time),,s3w39,focus,
Wed Sep 02 2015 11:42:53 GMT+0800 (Malay Peninsula Standard Time),,s3w40,focus,
Wed Sep 02 2015 11:42:54 GMT+0800 (Malay Peninsula Standard Time),,s3w41,focus,
Wed Sep 02 2015 11:42:54 GMT+0800 (Malay Peninsula Standard Time),,s3w42,focus,
Wed Sep 02 2015 11:42:55 GMT+0800 (Malay Peninsula Standard Time),,s3w43,focus,
Wed Sep 02 2015 11:42:55 GMT+0800 (Malay Peninsula Standard Time),,s3w44,focus,
Wed Sep 02 2015 11:42:55 GMT+0800 (Malay Peninsula Standard Time),,s3w45,focus,
Wed Sep 02 2015 11:43:12 GMT+0800 (Malay Peninsula Standard Time),,s3w45,focus,
Wed Sep 02 2015 11:45:18 GMT+0800 (Malay Peninsula Standard Time),,s6w4,focus,
Wed Sep 02 2015 11:45:18 GMT+0800 (Malay Peninsula Standard Time),,s6w4,focus,
Wed Sep 02 2015 11:45:23 GMT+0800 (Malay Peninsula Standard Time),,s6w4,label,"^"
Wed Sep 02 2015 11:46:03 GMT+0800 (Malay Peninsula Standard Time),,s5w4,focus,
Wed Sep 02 2015 11:46:03 GMT+0800 (Malay Peninsula Standard Time),,s5w4,focus,
Wed Sep 02 2015 11:46:04 GMT+0800 (Malay Peninsula Standard Time),,s5w4,label,"^"
Wed Sep 02 2015 11:46:05 GMT+0800 (Malay Peninsula Standard Time),,s5w5,focus,
Wed Sep 02 2015 11:46:06 GMT+0800 (Malay Peninsula Standard Time),,s5w6,focus,
Wed Sep 02 2015 11:46:06 GMT+0800 (Malay Peninsula Standard Time),,s5w7,focus,
Wed Sep 02 2015 11:46:07 GMT+0800 (Malay Peninsula Standard Time),,s5w8,focus,
Wed Sep 02 2015 11:46:07 GMT+0800 (Malay Peninsula Standard Time),,s5w9,focus,
Wed Sep 02 2015 11:46:08 GMT+0800 (Malay Peninsula Standard Time),,s5w10,focus,
Wed Sep 02 2015 11:46:09 GMT+0800 (Malay Peninsula Standard Time),,s5w11,focus,
Wed Sep 02 2015 11:46:09 GMT+0800 (Malay Peninsula Standard Time),,s5w12,focus,
Wed Sep 02 2015 11:46:09 GMT+0800 (Malay Peninsula Standard Time),,s5w13,focus,
Wed Sep 02 2015 11:46:10 GMT+0800 (Malay Peninsula Standard Time),,s5w14,focus,
Wed Sep 02 2015 11:46:10 GMT+0800 (Malay Peninsula Standard Time),,s5w15,focus,
Wed Sep 02 2015 11:46:11 GMT+0800 (Malay Peninsula Standard Time),,s5w14,focus,
Wed Sep 02 2015 11:46:11 GMT+0800 (Malay Peninsula Standard Time),,s5w15,focus,
Wed Sep 02 2015 11:46:11 GMT+0800 (Malay Peninsula Standard Time),,s5w16,focus,
Wed Sep 02 2015 11:46:11 GMT+0800 (Malay Peninsula Standard Time),,s5w17,focus,
Wed Sep 02 2015 11:46:12 GMT+0800 (Malay Peninsula Standard Time),,s5w18,focus,
Wed Sep 02 2015 11:46:12 GMT+0800 (Malay Peninsula Standard Time),,s5w19,focus,
Wed Sep 02 2015 11:46:12 GMT+0800 (Malay Peninsula Standard Time),,s5w20,focus,
Wed Sep 02 2015 11:46:13 GMT+0800 (Malay Peninsula Standard Time),,s5w21,focus,
Wed Sep 02 2015 11:46:13 GMT+0800 (Malay Peninsula Standard Time),,s5w22,focus,
Wed Sep 02 2015 11:46:13 GMT+0800 (Malay Peninsula Standard Time),,s5w23,focus,
Wed Sep 02 2015 11:46:14 GMT+0800 (Malay Peninsula Standard Time),,s5w24,focus,
Wed Sep 02 2015 11:46:14 GMT+0800 (Malay Peninsula Standard Time),,s5w25,focus,
Wed Sep 02 2015 11:46:14 GMT+0800 (Malay Peninsula Standard Time),,s5w26,focus,
Wed Sep 02 2015 11:46:15 GMT+0800 (Malay Peninsula Standard Time),,s5w27,focus,
Wed Sep 02 2015 11:46:15 GMT+0800 (Malay Peninsula Standard Time),,s5w28,focus,
Wed Sep 02 2015 11:46:15 GMT+0800 (Malay Peninsula Standard Time),,s5w29,focus,
Wed Sep 02 2015 11:46:16 GMT+0800 (Malay Peninsula Standard Time),,s5w30,focus,
Wed Sep 02 2015 11:46:16 GMT+0800 (Malay Peninsula Standard Time),,s5w31,focus,
Wed Sep 02 2015 11:46:16 GMT+0800 (Malay Peninsula Standard Time),,s5w32,focus,
Wed Sep 02 2015 11:46:17 GMT+0800 (Malay Peninsula Standard Time),,s5w33,focus,
Wed Sep 02 2015 11:46:17 GMT+0800 (Malay Peninsula Standard Time),,s5w32,focus,
Wed Sep 02 2015 11:46:20 GMT+0800 (Malay Peninsula Standard Time),,s5w32,label,"A"
Wed Sep 02 2015 11:46:21 GMT+0800 (Malay Peninsula Standard Time),,s5w33,focus,
Wed Sep 02 2015 11:46:21 GMT+0800 (Malay Peninsula Standard Time),,s6w1,focus,
Wed Sep 02 2015 11:46:22 GMT+0800 (Malay Peninsula Standard Time),,s6w2,focus,
Wed Sep 02 2015 11:46:23 GMT+0800 (Malay Peninsula Standard Time),,s6w3,focus,
Wed Sep 02 2015 11:46:23 GMT+0800 (Malay Peninsula Standard Time),,s6w4,focus,
Wed Sep 02 2015 11:46:23 GMT+0800 (Malay Peninsula Standard Time),,s6w5,focus,
Wed Sep 02 2015 11:46:24 GMT+0800 (Malay Peninsula Standard Time),,s6w6,focus,
Wed Sep 02 2015 11:46:24 GMT+0800 (Malay Peninsula Standard Time),,s6w7,focus,
Wed Sep 02 2015 11:46:24 GMT+0800 (Malay Peninsula Standard Time),,s6w8,focus,
Wed Sep 02 2015 11:46:25 GMT+0800 (Malay Peninsula Standard Time),,s6w9,focus,
Wed Sep 02 2015 11:46:25 GMT+0800 (Malay Peninsula Standard Time),,s6w10,focus,
Wed Sep 02 2015 11:46:26 GMT+0800 (Malay Peninsula Standard Time),,s6w11,focus,
Wed Sep 02 2015 11:46:27 GMT+0800 (Malay Peninsula Standard Time),,s6w12,focus,
Wed Sep 02 2015 11:46:27 GMT+0800 (Malay Peninsula Standard Time),,s7w1,focus,
Wed Sep 02 2015 11:46:28 GMT+0800 (Malay Peninsula Standard Time),,s7w2,focus,
Wed Sep 02 2015 11:46:29 GMT+0800 (Malay Peninsula Standard Time),,s7w3,focus,
Wed Sep 02 2015 11:46:29 GMT+0800 (Malay Peninsula Standard Time),,s7w4,focus,
Wed Sep 02 2015 11:46:29 GMT+0800 (Malay Peninsula Standard Time),,s7w5,focus,
Wed Sep 02 2015 11:46:30 GMT+0800 (Malay Peninsula Standard Time),,s7w6,focus,
Wed Sep 02 2015 11:46:30 GMT+0800 (Malay Peninsula Standard Time),,s7w7,focus,
Wed Sep 02 2015 11:46:30 GMT+0800 (Malay Peninsula Standard Time),,s8w1,focus,
Wed Sep 02 2015 11:46:31 GMT+0800 (Malay Peninsula Standard Time),,s8w2,focus,
Wed Sep 02 2015 11:46:46 GMT+0800 (Malay Peninsula Standard Time),,s8w3,focus,
Wed Sep 02 2015 11:46:46 GMT+0800 (Malay Peninsula Standard Time),,s8w4,focus,
Wed Sep 02 2015 11:46:47 GMT+0800 (Malay Peninsula Standard Time),,s8w5,focus,
Wed Sep 02 2015 11:46:47 GMT+0800 (Malay Peninsula Standard Time),,s8w6,focus,
Wed Sep 02 2015 11:46:47 GMT+0800 (Malay Peninsula Standard Time),,s8w7,focus,
Wed Sep 02 2015 11:46:48 GMT+0800 (Malay Peninsula Standard Time),,s8w8,focus,
Wed Sep 02 2015 11:46:48 GMT+0800 (Malay Peninsula Standard Time),,s8w9,focus,
Wed Sep 02 2015 11:46:48 GMT+0800 (Malay Peninsula Standard Time),,s8w8,focus,
Wed Sep 02 2015 11:46:49 GMT+0800 (Malay Peninsula Standard Time),,s8w7,focus,
Wed Sep 02 2015 11:46:49 GMT+0800 (Malay Peninsula Standard Time),,s8w8,focus,
Wed Sep 02 2015 11:46:49 GMT+0800 (Malay Peninsula Standard Time),,s8w9,focus,
Wed Sep 02 2015 11:46:50 GMT+0800 (Malay Peninsula Standard Time),,s8w10,focus,
Wed Sep 02 2015 11:46:50 GMT+0800 (Malay Peninsula Standard Time),,s8w11,focus,
Wed Sep 02 2015 11:46:51 GMT+0800 (Malay Peninsula Standard Time),,s8w12,focus,
Wed Sep 02 2015 11:46:51 GMT+0800 (Malay Peninsula Standard Time),,s8w13,focus,
Wed Sep 02 2015 11:46:52 GMT+0800 (Malay Peninsula Standard Time),,s8w14,focus,
Wed Sep 02 2015 11:46:52 GMT+0800 (Malay Peninsula Standard Time),,s8w13,focus,
Wed Sep 02 2015 11:46:53 GMT+0800 (Malay Peninsula Standard Time),,s8w12,focus,
Wed Sep 02 2015 11:46:53 GMT+0800 (Malay Peninsula Standard Time),,s8w11,focus,
Wed Sep 02 2015 11:46:53 GMT+0800 (Malay Peninsula Standard Time),,s8w12,focus,
Wed Sep 02 2015 11:46:54 GMT+0800 (Malay Peninsula Standard Time),,s8w12,label,"N"
Wed Sep 02 2015 11:46:55 GMT+0800 (Malay Peninsula Standard Time),,s8w12,label,"A"
Wed Sep 02 2015 11:46:56 GMT+0800 (Malay Peninsula Standard Time),,s8w13,focus,
Wed Sep 02 2015 11:46:56 GMT+0800 (Malay Peninsula Standard Time),,s8w14,focus,
Wed Sep 02 2015 11:46:57 GMT+0800 (Malay Peninsula Standard Time),,s8w15,focus,
Wed Sep 02 2015 11:46:58 GMT+0800 (Malay Peninsula Standard Time),,s8w16,focus,
Wed Sep 02 2015 11:46:58 GMT+0800 (Malay Peninsula Standard Time),,s8w17,focus,
Wed Sep 02 2015 11:46:59 GMT+0800 (Malay Peninsula Standard Time),,s8w18,focus,
Wed Sep 02 2015 11:46:59 GMT+0800 (Malay Peninsula Standard Time),,s8w19,focus,
Wed Sep 02 2015 11:46:59 GMT+0800 (Malay Peninsula Standard Time),,s8w20,focus,
Wed Sep 02 2015 11:47:00 GMT+0800 (Malay Peninsula Standard Time),,s8w21,focus,
Wed Sep 02 2015 11:47:00 GMT+0800 (Malay Peninsula Standard Time),,s8w22,focus,
Wed Sep 02 2015 11:47:01 GMT+0800 (Malay Peninsula Standard Time),,s8w23,focus,
Wed Sep 02 2015 11:47:01 GMT+0800 (Malay Peninsula Standard Time),,s8w24,focus,
Wed Sep 02 2015 11:47:02 GMT+0800 (Malay Peninsula Standard Time),,s8w25,focus,
Wed Sep 02 2015 11:47:02 GMT+0800 (Malay Peninsula Standard Time),,s8w26,focus,
Wed Sep 02 2015 11:47:03 GMT+0800 (Malay Peninsula Standard Time),,s8w27,focus,
Wed Sep 02 2015 11:47:03 GMT+0800 (Malay Peninsula Standard Time),,s8w28,focus,
Wed Sep 02 2015 11:47:04 GMT+0800 (Malay Peninsula Standard Time),,s8w29,focus,
Wed Sep 02 2015 11:47:04 GMT+0800 (Malay Peninsula Standard Time),,s8w30,focus,
Wed Sep 02 2015 11:47:05 GMT+0800 (Malay Peninsula Standard Time),,s8w31,focus,
Wed Sep 02 2015 11:47:05 GMT+0800 (Malay Peninsula Standard Time),,s8w32,focus,
Wed Sep 02 2015 11:47:06 GMT+0800 (Malay Peninsula Standard Time),,s8w33,focus,
Wed Sep 02 2015 11:47:06 GMT+0800 (Malay Peninsula Standard Time),,s8w34,focus,
Wed Sep 02 2015 11:47:06 GMT+0800 (Malay Peninsula Standard Time),,s8w35,focus,
Wed Sep 02 2015 11:47:06 GMT+0800 (Malay Peninsula Standard Time),,s8w36,focus,
Wed Sep 02 2015 11:47:07 GMT+0800 (Malay Peninsula Standard Time),,s8w37,focus,
Wed Sep 02 2015 11:47:07 GMT+0800 (Malay Peninsula Standard Time),,s8w38,focus,
Wed Sep 02 2015 11:47:07 GMT+0800 (Malay Peninsula Standard Time),,s8w39,focus,
Wed Sep 02 2015 11:47:07 GMT+0800 (Malay Peninsula Standard Time),,s8w40,focus,
Wed Sep 02 2015 11:47:08 GMT+0800 (Malay Peninsula Standard Time),,s8w41,focus,
Wed Sep 02 2015 11:47:08 GMT+0800 (Malay Peninsula Standard Time),,s8w42,focus,
Wed Sep 02 2015 11:47:08 GMT+0800 (Malay Peninsula Standard Time),,s8w43,focus,
Wed Sep 02 2015 11:47:09 GMT+0800 (Malay Peninsula Standard Time),,s8w44,focus,
Wed Sep 02 2015 11:47:09 GMT+0800 (Malay Peninsula Standard Time),,s8w45,focus,
Wed Sep 02 2015 11:47:10 GMT+0800 (Malay Peninsula Standard Time),,s8w46,focus,
Wed Sep 02 2015 11:47:10 GMT+0800 (Malay Peninsula Standard Time),,s8w47,focus,
Wed Sep 02 2015 11:47:11 GMT+0800 (Malay Peninsula Standard Time),,s8w48,focus,
Wed Sep 02 2015 11:47:11 GMT+0800 (Malay Peninsula Standard Time),,s8w49,focus,
Wed Sep 02 2015 11:47:12 GMT+0800 (Malay Peninsula Standard Time),,s8w50,focus,
Wed Sep 02 2015 11:47:14 GMT+0800 (Malay Peninsula Standard Time),,s8w51,focus,
Wed Sep 02 2015 11:47:16 GMT+0800 (Malay Peninsula Standard Time),,s8w52,focus,
Wed Sep 02 2015 11:47:16 GMT+0800 (Malay Peninsula Standard Time),,s8w53,focus,
Wed Sep 02 2015 11:47:16 GMT+0800 (Malay Peninsula Standard Time),,s8w54,focus,
Wed Sep 02 2015 11:47:17 GMT+0800 (Malay Peninsula Standard Time),,s8w55,focus,
Wed Sep 02 2015 11:47:17 GMT+0800 (Malay Peninsula Standard Time),,s8w56,focus,
Wed Sep 02 2015 11:47:17 GMT+0800 (Malay Peninsula Standard Time),,s8w57,focus,
Wed Sep 02 2015 11:47:18 GMT+0800 (Malay Peninsula Standard Time),,s8w58,focus,
Wed Sep 02 2015 11:47:20 GMT+0800 (Malay Peninsula Standard Time),,s8w59,focus,
Wed Sep 02 2015 11:47:21 GMT+0800 (Malay Peninsula Standard Time),,s8w60,focus,
Wed Sep 02 2015 11:47:22 GMT+0800 (Malay Peninsula Standard Time),,s8w60,label,"^"
Wed Sep 02 2015 11:47:23 GMT+0800 (Malay Peninsula Standard Time),,s8w61,focus,
Wed Sep 02 2015 11:47:24 GMT+0800 (Malay Peninsula Standard Time),,s8w62,focus,
Wed Sep 02 2015 11:47:28 GMT+0800 (Malay Peninsula Standard Time),,s8w63,focus,
Wed Sep 02 2015 11:47:28 GMT+0800 (Malay Peninsula Standard Time),,s8w64,focus,
Wed Sep 02 2015 11:47:28 GMT+0800 (Malay Peninsula Standard Time),,s8w65,focus,
Wed Sep 02 2015 11:47:29 GMT+0800 (Malay Peninsula Standard Time),,s8w66,focus,
Wed Sep 02 2015 11:47:29 GMT+0800 (Malay Peninsula Standard Time),,s8w67,focus,
Wed Sep 02 2015 11:47:29 GMT+0800 (Malay Peninsula Standard Time),,s8w68,focus,
Wed Sep 02 2015 11:47:50 GMT+0800 (Malay Peninsula Standard Time),,s8w69,focus,
Wed Sep 02 2015 11:48:04 GMT+0800 (Malay Peninsula Standard Time),,s8w70,focus,
Wed Sep 02 2015 11:48:22 GMT+0800 (Malay Peninsula Standard Time),,s8w71,focus,
Wed Sep 02 2015 11:48:22 GMT+0800 (Malay Peninsula Standard Time),,s8w72,focus,
Wed Sep 02 2015 11:48:23 GMT+0800 (Malay Peninsula Standard Time),,s8w73,focus,
Wed Sep 02 2015 11:49:18 GMT+0800 (Malay Peninsula Standard Time),,s8w72,focus,
Wed Sep 02 2015 11:49:18 GMT+0800 (Malay Peninsula Standard Time),,s8w71,focus,
Wed Sep 02 2015 11:49:18 GMT+0800 (Malay Peninsula Standard Time),,s8w70,focus,
Wed Sep 02 2015 11:49:19 GMT+0800 (Malay Peninsula Standard Time),,s8w71,focus,
Wed Sep 02 2015 11:49:19 GMT+0800 (Malay Peninsula Standard Time),,s8w72,focus,
Wed Sep 02 2015 11:49:19 GMT+0800 (Malay Peninsula Standard Time),,s8w73,focus,
Wed Sep 02 2015 11:49:20 GMT+0800 (Malay Peninsula Standard Time),,s9w1,focus,
Wed Sep 02 2015 11:49:21 GMT+0800 (Malay Peninsula Standard Time),,s9w2,focus,
Wed Sep 02 2015 11:49:21 GMT+0800 (Malay Peninsula Standard Time),,s9w3,focus,
Wed Sep 02 2015 11:49:22 GMT+0800 (Malay Peninsula Standard Time),,s9w4,focus,
Wed Sep 02 2015 11:49:22 GMT+0800 (Malay Peninsula Standard Time),,s9w5,focus,
Wed Sep 02 2015 11:49:23 GMT+0800 (Malay Peninsula Standard Time),,s9w6,focus,
Wed Sep 02 2015 11:49:24 GMT+0800 (Malay Peninsula Standard Time),,s9w7,focus,
Wed Sep 02 2015 11:49:24 GMT+0800 (Malay Peninsula Standard Time),,s9w8,focus,
Wed Sep 02 2015 11:49:24 GMT+0800 (Malay Peninsula Standard Time),,s9w9,focus,
Wed Sep 02 2015 11:49:25 GMT+0800 (Malay Peninsula Standard Time),,s9w10,focus,
Wed Sep 02 2015 11:49:25 GMT+0800 (Malay Peninsula Standard Time),,s9w11,focus,
Wed Sep 02 2015 11:49:32 GMT+0800 (Malay Peninsula Standard Time),,s9,changeSentenceFlag,"Tokenization Error"
Wed Sep 02 2015 11:49:34 GMT+0800 (Malay Peninsula Standard Time),,s9w24,focus,
Wed Sep 02 2015 11:49:34 GMT+0800 (Malay Peninsula Standard Time),,s9w24,focus,
Wed Sep 02 2015 11:49:35 GMT+0800 (Malay Peninsula Standard Time),,s9w24,label,"^"
Wed Sep 02 2015 11:49:36 GMT+0800 (Malay Peninsula Standard Time),,s9w25,focus,
Wed Sep 02 2015 11:49:37 GMT+0800 (Malay Peninsula Standard Time),,s9w26,focus,
Wed Sep 02 2015 11:49:44 GMT+0800 (Malay Peninsula Standard Time),,s9w27,focus,
Wed Sep 02 2015 11:49:45 GMT+0800 (Malay Peninsula Standard Time),,s9w28,focus,
Wed Sep 02 2015 11:49:46 GMT+0800 (Malay Peninsula Standard Time),,s9w29,focus,
Wed Sep 02 2015 11:50:20 GMT+0800 (Malay Peninsula Standard Time),,s9w28,focus,
Wed Sep 02 2015 11:50:21 GMT+0800 (Malay Peninsula Standard Time),,s9w27,focus,
Wed Sep 02 2015 11:50:21 GMT+0800 (Malay Peninsula Standard Time),,s9w26,focus,
Wed Sep 02 2015 11:50:21 GMT+0800 (Malay Peninsula Standard Time),,s9w25,focus,
Wed Sep 02 2015 11:50:22 GMT+0800 (Malay Peninsula Standard Time),,s9w24,focus,
Wed Sep 02 2015 11:50:22 GMT+0800 (Malay Peninsula Standard Time),,s9w23,focus,
Wed Sep 02 2015 11:50:22 GMT+0800 (Malay Peninsula Standard Time),,s9w22,focus,
Wed Sep 02 2015 11:50:23 GMT+0800 (Malay Peninsula Standard Time),,s9w21,focus,
Wed Sep 02 2015 11:50:23 GMT+0800 (Malay Peninsula Standard Time),,s9w20,focus,
Wed Sep 02 2015 11:50:24 GMT+0800 (Malay Peninsula Standard Time),,s9w21,focus,
Wed Sep 02 2015 11:50:25 GMT+0800 (Malay Peninsula Standard Time),,s9w22,focus,
Wed Sep 02 2015 11:50:25 GMT+0800 (Malay Peninsula Standard Time),,s9w23,focus,
Wed Sep 02 2015 11:50:25 GMT+0800 (Malay Peninsula Standard Time),,s9w24,focus,
Wed Sep 02 2015 11:50:26 GMT+0800 (Malay Peninsula Standard Time),,s9w25,focus,
Wed Sep 02 2015 11:50:26 GMT+0800 (Malay Peninsula Standard Time),,s9w26,focus,
Wed Sep 02 2015 11:50:26 GMT+0800 (Malay Peninsula Standard Time),,s9w27,focus,
Wed Sep 02 2015 11:50:26 GMT+0800 (Malay Peninsula Standard Time),,s9w28,focus,
Wed Sep 02 2015 11:50:27 GMT+0800 (Malay Peninsula Standard Time),,s9w29,focus,
Wed Sep 02 2015 11:50:27 GMT+0800 (Malay Peninsula Standard Time),,s9w30,focus,
Wed Sep 02 2015 11:50:28 GMT+0800 (Malay Peninsula Standard Time),,s9w31,focus,
Wed Sep 02 2015 11:50:28 GMT+0800 (Malay Peninsula Standard Time),,s9w32,focus,
Wed Sep 02 2015 11:50:28 GMT+0800 (Malay Peninsula Standard Time),,s10w1,focus,
Wed Sep 02 2015 11:50:29 GMT+0800 (Malay Peninsula Standard Time),,s10w2,focus,
Wed Sep 02 2015 11:50:29 GMT+0800 (Malay Peninsula Standard Time),,s10w3,focus,
Wed Sep 02 2015 11:50:29 GMT+0800 (Malay Peninsula Standard Time),,s10w4,focus,
Wed Sep 02 2015 11:50:30 GMT+0800 (Malay Peninsula Standard Time),,s10w5,focus,
Wed Sep 02 2015 11:50:30 GMT+0800 (Malay Peninsula Standard Time),,s10w6,focus,
Wed Sep 02 2015 11:50:31 GMT+0800 (Malay Peninsula Standard Time),,s10w7,focus,
Wed Sep 02 2015 11:50:31 GMT+0800 (Malay Peninsula Standard Time),,s10w8,focus,
Wed Sep 02 2015 11:50:33 GMT+0800 (Malay Peninsula Standard Time),,s10w9,focus,
Wed Sep 02 2015 11:50:35 GMT+0800 (Malay Peninsula Standard Time),,s10w10,focus,
Wed Sep 02 2015 11:50:35 GMT+0800 (Malay Peninsula Standard Time),,s10w11,focus,
Wed Sep 02 2015 11:50:35 GMT+0800 (Malay Peninsula Standard Time),,s10w12,focus,
Wed Sep 02 2015 11:50:35 GMT+0800 (Malay Peninsula Standard Time),,s10w13,focus,
Wed Sep 02 2015 11:50:36 GMT+0800 (Malay Peninsula Standard Time),,s10w14,focus,
Wed Sep 02 2015 11:50:37 GMT+0800 (Malay Peninsula Standard Time),,s10w15,focus,
Wed Sep 02 2015 11:50:38 GMT+0800 (Malay Peninsula Standard Time),,s10w16,focus,
Wed Sep 02 2015 11:50:38 GMT+0800 (Malay Peninsula Standard Time),,s10w17,focus,
Wed Sep 02 2015 11:50:39 GMT+0800 (Malay Peninsula Standard Time),,s10w18,focus,
Wed Sep 02 2015 11:50:39 GMT+0800 (Malay Peninsula Standard Time),,s10w19,focus,
Wed Sep 02 2015 11:50:40 GMT+0800 (Malay Peninsula Standard Time),,s10w20,focus,
Wed Sep 02 2015 11:50:40 GMT+0800 (Malay Peninsula Standard Time),,s10w21,focus,
Wed Sep 02 2015 11:50:41 GMT+0800 (Malay Peninsula Standard Time),,s10w22,focus,
Wed Sep 02 2015 11:50:41 GMT+0800 (Malay Peninsula Standard Time),,s10w23,focus,
Wed Sep 02 2015 11:50:42 GMT+0800 (Malay Peninsula Standard Time),,s10w24,focus,
Wed Sep 02 2015 11:50:42 GMT+0800 (Malay Peninsula Standard Time),,s10w25,focus,
Wed Sep 02 2015 11:50:43 GMT+0800 (Malay Peninsula Standard Time),,s10w26,focus,
Wed Sep 02 2015 11:50:43 GMT+0800 (Malay Peninsula Standard Time),,s10w27,focus,
Wed Sep 02 2015 11:50:43 GMT+0800 (Malay Peninsula Standard Time),,s10w28,focus,
Wed Sep 02 2015 11:50:44 GMT+0800 (Malay Peninsula Standard Time),,s10w29,focus,
Wed Sep 02 2015 11:50:44 GMT+0800 (Malay Peninsula Standard Time),,s10w30,focus,
Wed Sep 02 2015 11:50:44 GMT+0800 (Malay Peninsula Standard Time),,s10w31,focus,
Wed Sep 02 2015 11:50:47 GMT+0800 (Malay Peninsula Standard Time),,s10w32,focus,
Wed Sep 02 2015 11:50:48 GMT+0800 (Malay Peninsula Standard Time),,s10w33,focus,
Wed Sep 02 2015 11:50:48 GMT+0800 (Malay Peninsula Standard Time),,s10w34,focus,
Wed Sep 02 2015 11:50:48 GMT+0800 (Malay Peninsula Standard Time),,s10w35,focus,
Wed Sep 02 2015 11:50:49 GMT+0800 (Malay Peninsula Standard Time),,s10w36,focus,
Wed Sep 02 2015 11:50:49 GMT+0800 (Malay Peninsula Standard Time),,s10w37,focus,
Wed Sep 02 2015 11:50:49 GMT+0800 (Malay Peninsula Standard Time),,s10w38,focus,
Wed Sep 02 2015 11:50:49 GMT+0800 (Malay Peninsula Standard Time),,s10w39,focus,
Wed Sep 02 2015 11:50:50 GMT+0800 (Malay Peninsula Standard Time),,s10w40,focus,
Wed Sep 02 2015 11:50:50 GMT+0800 (Malay Peninsula Standard Time),,s10w41,focus,
Wed Sep 02 2015 11:50:50 GMT+0800 (Malay Peninsula Standard Time),,s10w42,focus,
Wed Sep 02 2015 11:51:25 GMT+0800 (Malay Peninsula Standard Time),,s10w43,focus,
Wed Sep 02 2015 11:51:26 GMT+0800 (Malay Peninsula Standard Time),,s10w44,focus,
Wed Sep 02 2015 11:51:28 GMT+0800 (Malay Peninsula Standard Time),,s10w45,focus,
Wed Sep 02 2015 11:51:28 GMT+0800 (Malay Peninsula Standard Time),,s10w46,focus,
Wed Sep 02 2015 11:51:29 GMT+0800 (Malay Peninsula Standard Time),,s10w47,focus,
Wed Sep 02 2015 11:51:30 GMT+0800 (Malay Peninsula Standard Time),,s10w48,focus,
Wed Sep 02 2015 11:51:32 GMT+0800 (Malay Peninsula Standard Time),,s10w47,focus,
Wed Sep 02 2015 11:51:34 GMT+0800 (Malay Peninsula Standard Time),,s10w47,label,"N"
Wed Sep 02 2015 11:51:34 GMT+0800 (Malay Peninsula Standard Time),,s10w48,focus,
Wed Sep 02 2015 11:51:34 GMT+0800 (Malay Peninsula Standard Time),,s10w49,focus,
Wed Sep 02 2015 11:51:35 GMT+0800 (Malay Peninsula Standard Time),,s10w50,focus,
Wed Sep 02 2015 11:51:36 GMT+0800 (Malay Peninsula Standard Time),,s10w51,focus,
Wed Sep 02 2015 11:51:36 GMT+0800 (Malay Peninsula Standard Time),,s10w52,focus,
Wed Sep 02 2015 11:51:37 GMT+0800 (Malay Peninsula Standard Time),,s10w53,focus,
Wed Sep 02 2015 11:51:37 GMT+0800 (Malay Peninsula Standard Time),,s10w54,focus,
Wed Sep 02 2015 11:51:38 GMT+0800 (Malay Peninsula Standard Time),,s10w55,focus,
Wed Sep 02 2015 11:51:38 GMT+0800 (Malay Peninsula Standard Time),,s10w56,focus,
Wed Sep 02 2015 11:51:40 GMT+0800 (Malay Peninsula Standard Time),,s10w57,focus,
Wed Sep 02 2015 11:51:40 GMT+0800 (Malay Peninsula Standard Time),,s10w58,focus,
Wed Sep 02 2015 11:51:40 GMT+0800 (Malay Peninsula Standard Time),,s11w1,focus,
Wed Sep 02 2015 11:51:41 GMT+0800 (Malay Peninsula Standard Time),,s11w2,focus,
Wed Sep 02 2015 11:51:41 GMT+0800 (Malay Peninsula Standard Time),,s11w3,focus,
Wed Sep 02 2015 11:51:41 GMT+0800 (Malay Peninsula Standard Time),,s11w4,focus,
Wed Sep 02 2015 11:51:41 GMT+0800 (Malay Peninsula Standard Time),,s11w5,focus,
Wed Sep 02 2015 11:51:42 GMT+0800 (Malay Peninsula Standard Time),,s11w6,focus,
Wed Sep 02 2015 11:51:42 GMT+0800 (Malay Peninsula Standard Time),,s11w7,focus,
Wed Sep 02 2015 11:51:42 GMT+0800 (Malay Peninsula Standard Time),,s11w8,focus,
Wed Sep 02 2015 11:51:44 GMT+0800 (Malay Peninsula Standard Time),,s11w9,focus,
Wed Sep 02 2015 11:51:46 GMT+0800 (Malay Peninsula Standard Time),,s11w10,focus,
Wed Sep 02 2015 11:51:47 GMT+0800 (Malay Peninsula Standard Time),,s11w11,focus,
Wed Sep 02 2015 11:51:47 GMT+0800 (Malay Peninsula Standard Time),,s11w12,focus,
Wed Sep 02 2015 11:51:48 GMT+0800 (Malay Peninsula Standard Time),,s11w13,focus,
Wed Sep 02 2015 11:51:48 GMT+0800 (Malay Peninsula Standard Time),,s11w14,focus,
Wed Sep 02 2015 11:51:49 GMT+0800 (Malay Peninsula Standard Time),,s11w15,focus,
Wed Sep 02 2015 11:51:49 GMT+0800 (Malay Peninsula Standard Time),,s11w16,focus,
Wed Sep 02 2015 11:51:50 GMT+0800 (Malay Peninsula Standard Time),,s11w17,focus,
Wed Sep 02 2015 11:51:50 GMT+0800 (Malay Peninsula Standard Time),,s11w18,focus,
Wed Sep 02 2015 11:51:51 GMT+0800 (Malay Peninsula Standard Time),,s11w19,focus,
Wed Sep 02 2015 11:51:51 GMT+0800 (Malay Peninsula Standard Time),,s11w20,focus,
Wed Sep 02 2015 11:51:52 GMT+0800 (Malay Peninsula Standard Time),,s11w21,focus,
Wed Sep 02 2015 11:51:52 GMT+0800 (Malay Peninsula Standard Time),,s11w22,focus,
Wed Sep 02 2015 11:51:52 GMT+0800 (Malay Peninsula Standard Time),,s11w23,focus,
Wed Sep 02 2015 11:51:53 GMT+0800 (Malay Peninsula Standard Time),,s11w24,focus,
Wed Sep 02 2015 11:51:53 GMT+0800 (Malay Peninsula Standard Time),,s11w25,focus,
Wed Sep 02 2015 11:51:54 GMT+0800 (Malay Peninsula Standard Time),,s11w26,focus,
Wed Sep 02 2015 11:51:54 GMT+0800 (Malay Peninsula Standard Time),,s11w27,focus,
Wed Sep 02 2015 11:51:55 GMT+0800 (Malay Peninsula Standard Time),,s11w28,focus,
Wed Sep 02 2015 11:51:55 GMT+0800 (Malay Peninsula Standard Time),,s11w29,focus,
Wed Sep 02 2015 11:51:55 GMT+0800 (Malay Peninsula Standard Time),,s11w30,focus,
Wed Sep 02 2015 11:51:56 GMT+0800 (Malay Peninsula Standard Time),,s11w31,focus,
Wed Sep 02 2015 11:51:56 GMT+0800 (Malay Peninsula Standard Time),,s11w32,focus,
Wed Sep 02 2015 11:51:57 GMT+0800 (Malay Peninsula Standard Time),,s11w33,focus,
Wed Sep 02 2015 11:51:57 GMT+0800 (Malay Peninsula Standard Time),,s11w34,focus,
Wed Sep 02 2015 11:51:57 GMT+0800 (Malay Peninsula Standard Time),,s11w35,focus,
Wed Sep 02 2015 11:51:58 GMT+0800 (Malay Peninsula Standard Time),,s11w36,focus,
Wed Sep 02 2015 11:51:58 GMT+0800 (Malay Peninsula Standard Time),,s11w37,focus,
Wed Sep 02 2015 11:51:58 GMT+0800 (Malay Peninsula Standard Time),,s11w38,focus,
Wed Sep 02 2015 11:51:58 GMT+0800 (Malay Peninsula Standard Time),,s11w39,focus,
Wed Sep 02 2015 11:51:58 GMT+0800 (Malay Peninsula Standard Time),,s11w40,focus,
Wed Sep 02 2015 11:51:58 GMT+0800 (Malay Peninsula Standard Time),,s11w41,focus,
Wed Sep 02 2015 11:51:59 GMT+0800 (Malay Peninsula Standard Time),,s11w42,focus,
Wed Sep 02 2015 11:52:03 GMT+0800 (Malay Peninsula Standard Time),,s11w43,focus,
Wed Sep 02 2015 11:52:04 GMT+0800 (Malay Peninsula Standard Time),,s11w44,focus,
Wed Sep 02 2015 11:52:04 GMT+0800 (Malay Peninsula Standard Time),,s11w45,focus,
Wed Sep 02 2015 11:52:04 GMT+0800 (Malay Peninsula Standard Time),,s11w46,focus,
Wed Sep 02 2015 11:52:04 GMT+0800 (Malay Peninsula Standard Time),,s11w47,focus,
Wed Sep 02 2015 11:52:04 GMT+0800 (Malay Peninsula Standard Time),,s11w48,focus,
Wed Sep 02 2015 11:52:05 GMT+0800 (Malay Peninsula Standard Time),,s11w49,focus,
Wed Sep 02 2015 11:52:05 GMT+0800 (Malay Peninsula Standard Time),,s11w50,focus,
Wed Sep 02 2015 11:52:06 GMT+0800 (Malay Peninsula Standard Time),,s11w51,focus,
Wed Sep 02 2015 11:52:06 GMT+0800 (Malay Peninsula Standard Time),,s11w52,focus,
Wed Sep 02 2015 11:52:06 GMT+0800 (Malay Peninsula Standard Time),,s11w53,focus,
Wed Sep 02 2015 11:52:07 GMT+0800 (Malay Peninsula Standard Time),,s11w54,focus,
Wed Sep 02 2015 11:52:07 GMT+0800 (Malay Peninsula Standard Time),,s11w55,focus,
Wed Sep 02 2015 11:52:07 GMT+0800 (Malay Peninsula Standard Time),,s11w56,focus,
Wed Sep 02 2015 11:52:07 GMT+0800 (Malay Peninsula Standard Time),,s11w57,focus,
Wed Sep 02 2015 11:52:07 GMT+0800 (Malay Peninsula Standard Time),,s11w58,focus,
Wed Sep 02 2015 11:52:08 GMT+0800 (Malay Peninsula Standard Time),,s11w59,focus,
Wed Sep 02 2015 11:52:08 GMT+0800 (Malay Peninsula Standard Time),,s11w60,focus,
Wed Sep 02 2015 11:52:09 GMT+0800 (Malay Peninsula Standard Time),,s11w61,focus,
Wed Sep 02 2015 11:52:11 GMT+0800 (Malay Peninsula Standard Time),,s11w60,focus,
Wed Sep 02 2015 11:52:12 GMT+0800 (Malay Peninsula Standard Time),,s11w60,label,"A"
Wed Sep 02 2015 11:52:12 GMT+0800 (Malay Peninsula Standard Time),,s11w61,focus,
Wed Sep 02 2015 11:52:12 GMT+0800 (Malay Peninsula Standard Time),,s11w62,focus,
Wed Sep 02 2015 11:52:13 GMT+0800 (Malay Peninsula Standard Time),,s11w63,focus,
Wed Sep 02 2015 11:52:13 GMT+0800 (Malay Peninsula Standard Time),,s11w64,focus,
Wed Sep 02 2015 11:52:14 GMT+0800 (Malay Peninsula Standard Time),,s11w65,focus,
Wed Sep 02 2015 11:52:16 GMT+0800 (Malay Peninsula Standard Time),,s11w66,focus,
Wed Sep 02 2015 11:52:17 GMT+0800 (Malay Peninsula Standard Time),,s11w67,focus,
Wed Sep 02 2015 11:52:17 GMT+0800 (Malay Peninsula Standard Time),,s11w68,focus,
Wed Sep 02 2015 11:52:17 GMT+0800 (Malay Peninsula Standard Time),,s11w69,focus,
Wed Sep 02 2015 11:52:18 GMT+0800 (Malay Peninsula Standard Time),,s11w70,focus,
Wed Sep 02 2015 11:52:18 GMT+0800 (Malay Peninsula Standard Time),,s11w71,focus,
Wed Sep 02 2015 11:52:18 GMT+0800 (Malay Peninsula Standard Time),,s11w72,focus,
Wed Sep 02 2015 11:52:18 GMT+0800 (Malay Peninsula Standard Time),,s11w73,focus,
Wed Sep 02 2015 11:52:19 GMT+0800 (Malay Peninsula Standard Time),,s11w74,focus,
Wed Sep 02 2015 11:52:29 GMT+0800 (Malay Peninsula Standard Time),,s11w75,focus,
Wed Sep 02 2015 11:52:29 GMT+0800 (Malay Peninsula Standard Time),,s11w75,focus,
Wed Sep 02 2015 11:52:30 GMT+0800 (Malay Peninsula Standard Time),,s11w75,label,"N"
Wed Sep 02 2015 11:52:31 GMT+0800 (Malay Peninsula Standard Time),,s11w76,focus,
Wed Sep 02 2015 11:52:31 GMT+0800 (Malay Peninsula Standard Time),,s11w76,label,"N"
Wed Sep 02 2015 11:52:31 GMT+0800 (Malay Peninsula Standard Time),,s11w77,focus,
Wed Sep 02 2015 11:52:32 GMT+0800 (Malay Peninsula Standard Time),,s11w77,label,"N"
Wed Sep 02 2015 11:52:35 GMT+0800 (Malay Peninsula Standard Time),,,submitPage,
