Fri Aug 21 2015 15:50:27 GMT+0800 (中国标准时间),,,pageReady,4:100:100
Fri Aug 21 2015 15:50:27 GMT+0800 (中国标准时间),,s4,twitterId,245062
Fri Aug 21 2015 15:50:27 GMT+0800 (中国标准时间),,s5,twitterId,245062
Fri Aug 21 2015 15:50:27 GMT+0800 (中国标准时间),,s6,twitterId,245062
Fri Aug 21 2015 15:50:27 GMT+0800 (中国标准时间),,s7,twitterId,245062
Fri Aug 21 2015 15:50:27 GMT+0800 (中国标准时间),,s8,twitterId,245062
Fri Aug 21 2015 15:50:27 GMT+0800 (中国标准时间),,s9,twitterId,245062
Fri Aug 21 2015 15:50:27 GMT+0800 (中国标准时间),,s10,twitterId,245062
Fri Aug 21 2015 15:50:27 GMT+0800 (中国标准时间),,s11,twitterId,245062
Fri Aug 21 2015 15:50:27 GMT+0800 (中国标准时间),,s12,twitterId,245062
Fri Aug 21 2015 15:50:27 GMT+0800 (中国标准时间),,s13,twitterId,245062
Fri Aug 21 2015 15:50:27 GMT+0800 (中国标准时间),,s14,twitterId,245062
Fri Aug 21 2015 15:50:27 GMT+0800 (中国标准时间),,s15,twitterId,245062
Fri Aug 21 2015 15:50:27 GMT+0800 (中国标准时间),,s16,twitterId,245062
Fri Aug 21 2015 15:50:27 GMT+0800 (中国标准时间),,s17,twitterId,245062
Fri Aug 21 2015 15:50:27 GMT+0800 (中国标准时间),,s18,twitterId,245062
Fri Aug 21 2015 15:50:27 GMT+0800 (中国标准时间),,s19,twitterId,245062
Fri Aug 21 2015 15:50:27 GMT+0800 (中国标准时间),,s20,twitterId,245062
Fri Aug 21 2015 15:50:27 GMT+0800 (中国标准时间),,s21,twitterId,245062
Fri Aug 21 2015 15:50:27 GMT+0800 (中国标准时间),,s22,twitterId,245062
Fri Aug 21 2015 15:50:27 GMT+0800 (中国标准时间),,s23,twitterId,245062
Fri Aug 21 2015 15:50:27 GMT+0800 (中国标准时间),,s24,twitterId,245062
Fri Aug 21 2015 15:50:27 GMT+0800 (中国标准时间),,s25,twitterId,245062
Fri Aug 21 2015 15:50:27 GMT+0800 (中国标准时间),,s26,twitterId,245062
Fri Aug 21 2015 15:50:27 GMT+0800 (中国标准时间),,s27,twitterId,245062
Fri Aug 21 2015 15:50:27 GMT+0800 (中国标准时间),,s28,twitterId,245062
Fri Aug 21 2015 15:50:27 GMT+0800 (中国标准时间),,s29,twitterId,245062
Fri Aug 21 2015 15:50:27 GMT+0800 (中国标准时间),,s30,twitterId,245062
Fri Aug 21 2015 15:50:27 GMT+0800 (中国标准时间),,s31,twitterId,245062
Fri Aug 21 2015 15:50:27 GMT+0800 (中国标准时间),,s32,twitterId,245062
Fri Aug 21 2015 15:50:27 GMT+0800 (中国标准时间),,s33,twitterId,245062
Fri Aug 21 2015 15:50:27 GMT+0800 (中国标准时间),,s34,twitterId,245062
Fri Aug 21 2015 15:50:27 GMT+0800 (中国标准时间),,s35,twitterId,245062
Fri Aug 21 2015 15:50:27 GMT+0800 (中国标准时间),,s36,twitterId,245062
Fri Aug 21 2015 15:50:27 GMT+0800 (中国标准时间),,s37,twitterId,245062
Fri Aug 21 2015 15:50:27 GMT+0800 (中国标准时间),,s38,twitterId,245062
Fri Aug 21 2015 15:50:27 GMT+0800 (中国标准时间),,s39,twitterId,245062
Fri Aug 21 2015 15:50:27 GMT+0800 (中国标准时间),,s40,twitterId,245062
Fri Aug 21 2015 15:50:27 GMT+0800 (中国标准时间),,s41,twitterId,245062
Fri Aug 21 2015 15:50:27 GMT+0800 (中国标准时间),,s42,twitterId,245062
Fri Aug 21 2015 15:50:27 GMT+0800 (中国标准时间),,s43,twitterId,245062
Fri Aug 21 2015 15:50:27 GMT+0800 (中国标准时间),,s44,twitterId,245062
Fri Aug 21 2015 15:50:27 GMT+0800 (中国标准时间),,s45,twitterId,245062
Fri Aug 21 2015 15:50:27 GMT+0800 (中国标准时间),,s46,twitterId,245062
Fri Aug 21 2015 15:50:27 GMT+0800 (中国标准时间),,s47,twitterId,245062
Fri Aug 21 2015 15:50:27 GMT+0800 (中国标准时间),,s48,twitterId,245062
Fri Aug 21 2015 15:50:27 GMT+0800 (中国标准时间),,s49,twitterId,245062
Fri Aug 21 2015 15:50:27 GMT+0800 (中国标准时间),,s50,twitterId,245062
Fri Aug 21 2015 15:50:27 GMT+0800 (中国标准时间),,s51,twitterId,245062
Fri Aug 21 2015 15:50:27 GMT+0800 (中国标准时间),,s52,twitterId,245062
Fri Aug 21 2015 15:50:27 GMT+0800 (中国标准时间),,s53,twitterId,245062
Fri Aug 21 2015 15:50:27 GMT+0800 (中国标准时间),,s54,twitterId,245062
Fri Aug 21 2015 15:50:27 GMT+0800 (中国标准时间),,s55,twitterId,245062
Fri Aug 21 2015 15:50:27 GMT+0800 (中国标准时间),,s56,twitterId,245062
Fri Aug 21 2015 15:50:27 GMT+0800 (中国标准时间),,s57,twitterId,245062
Fri Aug 21 2015 15:50:27 GMT+0800 (中国标准时间),,s58,twitterId,245062
Fri Aug 21 2015 15:50:27 GMT+0800 (中国标准时间),,s59,twitterId,245062
Fri Aug 21 2015 15:50:27 GMT+0800 (中国标准时间),,s60,twitterId,245062
Fri Aug 21 2015 15:50:27 GMT+0800 (中国标准时间),,s61,twitterId,245062
Fri Aug 21 2015 15:50:27 GMT+0800 (中国标准时间),,s62,twitterId,245062
Fri Aug 21 2015 15:50:27 GMT+0800 (中国标准时间),,s63,twitterId,245062
Fri Aug 21 2015 15:50:27 GMT+0800 (中国标准时间),,s64,twitterId,245062
Fri Aug 21 2015 15:50:27 GMT+0800 (中国标准时间),,s65,twitterId,245062
Fri Aug 21 2015 15:50:27 GMT+0800 (中国标准时间),,s66,twitterId,245062
Fri Aug 21 2015 15:50:27 GMT+0800 (中国标准时间),,s67,twitterId,245062
Fri Aug 21 2015 15:50:27 GMT+0800 (中国标准时间),,s68,twitterId,245062
Fri Aug 21 2015 15:50:27 GMT+0800 (中国标准时间),,s69,twitterId,245062
Fri Aug 21 2015 15:51:38 GMT+0800 (中国标准时间),,s4w5,focus,
Fri Aug 21 2015 15:51:38 GMT+0800 (中国标准时间),,s4w5,focus,
Fri Aug 21 2015 15:51:39 GMT+0800 (中国标准时间),,s4w5,label,"G"
Fri Aug 21 2015 15:51:46 GMT+0800 (中国标准时间),,s4w19,focus,
Fri Aug 21 2015 15:51:46 GMT+0800 (中国标准时间),,s4w19,focus,
Fri Aug 21 2015 15:51:47 GMT+0800 (中国标准时间),,s4w19,label,"G"
Fri Aug 21 2015 15:53:32 GMT+0800 (中国标准时间),,s8w21,focus,
Fri Aug 21 2015 15:53:32 GMT+0800 (中国标准时间),,s8w21,focus,
Fri Aug 21 2015 15:53:32 GMT+0800 (中国标准时间),,s8w21,label,"^"
Fri Aug 21 2015 15:53:34 GMT+0800 (中国标准时间),,s8w33,focus,
Fri Aug 21 2015 15:53:34 GMT+0800 (中国标准时间),,s8w33,focus,
Fri Aug 21 2015 15:53:51 GMT+0800 (中国标准时间),,s8w33,focus,
Fri Aug 21 2015 15:53:51 GMT+0800 (中国标准时间),,s8w33,focus,
Fri Aug 21 2015 15:53:52 GMT+0800 (中国标准时间),,s8w33,label,"^"
Fri Aug 21 2015 15:53:59 GMT+0800 (中国标准时间),,s9w6,focus,
Fri Aug 21 2015 15:53:59 GMT+0800 (中国标准时间),,s9w6,focus,
Fri Aug 21 2015 15:53:59 GMT+0800 (中国标准时间),,s9w6,label,"^"
Fri Aug 21 2015 15:54:37 GMT+0800 (中国标准时间),,s10w12,focus,
Fri Aug 21 2015 15:54:37 GMT+0800 (中国标准时间),,s10w12,focus,
Fri Aug 21 2015 15:54:40 GMT+0800 (中国标准时间),,s10w12,label,"N"
Fri Aug 21 2015 15:55:49 GMT+0800 (中国标准时间),,s12w19,focus,
Fri Aug 21 2015 15:55:49 GMT+0800 (中国标准时间),,s12w19,focus,
Fri Aug 21 2015 15:55:50 GMT+0800 (中国标准时间),,s12w19,label,"^"
Fri Aug 21 2015 15:56:26 GMT+0800 (中国标准时间),,s15w3,focus,
Fri Aug 21 2015 15:56:26 GMT+0800 (中国标准时间),,s15w3,focus,
Fri Aug 21 2015 15:56:29 GMT+0800 (中国标准时间),,s15w3,label,"^"
Fri Aug 21 2015 15:56:42 GMT+0800 (中国标准时间),,s15w9,focus,
Fri Aug 21 2015 15:56:42 GMT+0800 (中国标准时间),,s15w9,focus,
Fri Aug 21 2015 15:56:47 GMT+0800 (中国标准时间),,s15w7,focus,
Fri Aug 21 2015 15:56:47 GMT+0800 (中国标准时间),,s15w7,focus,
Fri Aug 21 2015 15:56:47 GMT+0800 (中国标准时间),,s15w7,label,"N"
Fri Aug 21 2015 15:57:49 GMT+0800 (中国标准时间),,s17w2,focus,
Fri Aug 21 2015 15:57:49 GMT+0800 (中国标准时间),,s17w2,focus,
Fri Aug 21 2015 15:57:50 GMT+0800 (中国标准时间),,s17w2,label,"N"
Fri Aug 21 2015 15:57:53 GMT+0800 (中国标准时间),,s17w4,focus,
Fri Aug 21 2015 15:57:53 GMT+0800 (中国标准时间),,s17w4,focus,
Fri Aug 21 2015 15:57:54 GMT+0800 (中国标准时间),,s17w4,label,"N"
Fri Aug 21 2015 15:58:13 GMT+0800 (中国标准时间),,s18w34,focus,
Fri Aug 21 2015 15:58:13 GMT+0800 (中国标准时间),,s18w34,focus,
Fri Aug 21 2015 15:58:14 GMT+0800 (中国标准时间),,s18w34,label,","
Fri Aug 21 2015 16:00:22 GMT+0800 (中国标准时间),,s33w15,focus,
Fri Aug 21 2015 16:00:22 GMT+0800 (中国标准时间),,s33w15,focus,
Fri Aug 21 2015 16:00:23 GMT+0800 (中国标准时间),,s33w15,label,"!"
Fri Aug 21 2015 16:00:24 GMT+0800 (中国标准时间),,s33w16,focus,
Fri Aug 21 2015 16:00:24 GMT+0800 (中国标准时间),,s33w16,focus,
Fri Aug 21 2015 16:00:27 GMT+0800 (中国标准时间),,s33w16,label,"R"
Fri Aug 21 2015 16:01:01 GMT+0800 (中国标准时间),,s35w32,focus,
Fri Aug 21 2015 16:01:01 GMT+0800 (中国标准时间),,s35w32,focus,
Fri Aug 21 2015 16:01:02 GMT+0800 (中国标准时间),,s35w32,label,"N"
Fri Aug 21 2015 16:01:04 GMT+0800 (中国标准时间),,s35w31,focus,
Fri Aug 21 2015 16:01:04 GMT+0800 (中国标准时间),,s35w31,focus,
Fri Aug 21 2015 16:01:05 GMT+0800 (中国标准时间),,s35w31,label,"N"
Fri Aug 21 2015 16:01:21 GMT+0800 (中国标准时间),,s35w28,focus,
Fri Aug 21 2015 16:01:21 GMT+0800 (中国标准时间),,s35w28,focus,
Fri Aug 21 2015 16:01:22 GMT+0800 (中国标准时间),,s35w28,label,"A"
Fri Aug 21 2015 16:01:30 GMT+0800 (中国标准时间),,s36w2,focus,
Fri Aug 21 2015 16:01:31 GMT+0800 (中国标准时间),,s36w2,focus,
Fri Aug 21 2015 16:01:32 GMT+0800 (中国标准时间),,s36w2,label,"A"
Fri Aug 21 2015 16:01:33 GMT+0800 (中国标准时间),,s36w1,focus,
Fri Aug 21 2015 16:01:33 GMT+0800 (中国标准时间),,s36w1,focus,
Fri Aug 21 2015 16:01:33 GMT+0800 (中国标准时间),,s36w1,label,"R"
Fri Aug 21 2015 16:01:56 GMT+0800 (中国标准时间),,s39w29,focus,
Fri Aug 21 2015 16:01:56 GMT+0800 (中国标准时间),,s39w29,focus,
Fri Aug 21 2015 16:01:56 GMT+0800 (中国标准时间),,s39w29,label,"G"
Fri Aug 21 2015 16:02:20 GMT+0800 (中国标准时间),,s39w29,focus,
Fri Aug 21 2015 16:02:32 GMT+0800 (中国标准时间),,s41w1,focus,
Fri Aug 21 2015 16:02:32 GMT+0800 (中国标准时间),,s41w1,focus,
Fri Aug 21 2015 16:02:33 GMT+0800 (中国标准时间),,s41w1,label,"N"
Fri Aug 21 2015 16:02:38 GMT+0800 (中国标准时间),,s41w1,focus,
Fri Aug 21 2015 16:02:41 GMT+0800 (中国标准时间),,s41w3,focus,
Fri Aug 21 2015 16:02:41 GMT+0800 (中国标准时间),,s41w3,focus,
Fri Aug 21 2015 16:03:35 GMT+0800 (中国标准时间),,s43w17,focus,
Fri Aug 21 2015 16:03:35 GMT+0800 (中国标准时间),,s43w17,focus,
Fri Aug 21 2015 16:03:37 GMT+0800 (中国标准时间),,s43w17,label,"E"
Fri Aug 21 2015 16:03:38 GMT+0800 (中国标准时间),,s43w18,focus,
Fri Aug 21 2015 16:03:38 GMT+0800 (中国标准时间),,s43w18,focus,
Fri Aug 21 2015 16:03:39 GMT+0800 (中国标准时间),,s43w18,label,"E"
Fri Aug 21 2015 16:04:25 GMT+0800 (中国标准时间),,s47w30,focus,
Fri Aug 21 2015 16:04:25 GMT+0800 (中国标准时间),,s47w30,focus,
Fri Aug 21 2015 16:04:30 GMT+0800 (中国标准时间),,s47w31,focus,
Fri Aug 21 2015 16:04:30 GMT+0800 (中国标准时间),,s47w31,focus,
Fri Aug 21 2015 16:05:00 GMT+0800 (中国标准时间),,s47w30,focus,
Fri Aug 21 2015 16:05:00 GMT+0800 (中国标准时间),,s47w30,focus,
Fri Aug 21 2015 16:05:05 GMT+0800 (中国标准时间),,s47w30,label,"G"
Fri Aug 21 2015 16:05:11 GMT+0800 (中国标准时间),,s47w44,focus,
Fri Aug 21 2015 16:05:11 GMT+0800 (中国标准时间),,s47w44,focus,
Fri Aug 21 2015 16:05:12 GMT+0800 (中国标准时间),,s47w44,label,"^"
Fri Aug 21 2015 16:05:21 GMT+0800 (中国标准时间),,s48w20,focus,
Fri Aug 21 2015 16:05:21 GMT+0800 (中国标准时间),,s48w20,focus,
Fri Aug 21 2015 16:05:22 GMT+0800 (中国标准时间),,s48w20,label,"^"
Fri Aug 21 2015 16:05:28 GMT+0800 (中国标准时间),,s48w24,focus,
Fri Aug 21 2015 16:05:28 GMT+0800 (中国标准时间),,s48w24,focus,
Fri Aug 21 2015 16:05:28 GMT+0800 (中国标准时间),,s48w24,label,"^"
Fri Aug 21 2015 16:06:31 GMT+0800 (中国标准时间),,s52w23,focus,
Fri Aug 21 2015 16:06:31 GMT+0800 (中国标准时间),,s52w23,focus,
Fri Aug 21 2015 16:06:40 GMT+0800 (中国标准时间),,s52w23,label,"&"
Fri Aug 21 2015 16:06:45 GMT+0800 (中国标准时间),,s52w12,focus,
Fri Aug 21 2015 16:06:46 GMT+0800 (中国标准时间),,s52w12,focus,
Fri Aug 21 2015 16:06:46 GMT+0800 (中国标准时间),,s52w12,label,"A"
Fri Aug 21 2015 16:07:04 GMT+0800 (中国标准时间),,s52w7,focus,
Fri Aug 21 2015 16:07:04 GMT+0800 (中国标准时间),,s52w7,focus,
Fri Aug 21 2015 16:07:05 GMT+0800 (中国标准时间),,s52w7,label,"N"
Fri Aug 21 2015 16:07:08 GMT+0800 (中国标准时间),,s52w3,focus,
Fri Aug 21 2015 16:07:08 GMT+0800 (中国标准时间),,s52w3,focus,
Fri Aug 21 2015 16:07:08 GMT+0800 (中国标准时间),,s52w3,label,"^"
Fri Aug 21 2015 16:08:02 GMT+0800 (中国标准时间),,s54w56,focus,
Fri Aug 21 2015 16:08:02 GMT+0800 (中国标准时间),,s54w56,focus,
Fri Aug 21 2015 16:08:58 GMT+0800 (中国标准时间),,s55w13,focus,
Fri Aug 21 2015 16:08:58 GMT+0800 (中国标准时间),,s55w13,focus,
Fri Aug 21 2015 16:09:31 GMT+0800 (中国标准时间),,s55w13,label,"^"
Fri Aug 21 2015 16:09:40 GMT+0800 (中国标准时间),,s55w26,focus,
Fri Aug 21 2015 16:09:40 GMT+0800 (中国标准时间),,s55w26,focus,
Fri Aug 21 2015 16:10:08 GMT+0800 (中国标准时间),,s55w26,label,"Z"
Fri Aug 21 2015 16:10:26 GMT+0800 (中国标准时间),,s54w56,focus,
Fri Aug 21 2015 16:10:26 GMT+0800 (中国标准时间),,s54w56,focus,
Fri Aug 21 2015 16:10:31 GMT+0800 (中国标准时间),,s54w56,label,"G"
Fri Aug 21 2015 16:10:33 GMT+0800 (中国标准时间),,s54w58,focus,
Fri Aug 21 2015 16:10:33 GMT+0800 (中国标准时间),,s54w58,focus,
Fri Aug 21 2015 16:10:33 GMT+0800 (中国标准时间),,s54w58,label,"G"
Fri Aug 21 2015 16:10:48 GMT+0800 (中国标准时间),,s56w27,focus,
Fri Aug 21 2015 16:10:48 GMT+0800 (中国标准时间),,s56w27,focus,
Fri Aug 21 2015 16:10:54 GMT+0800 (中国标准时间),,s56w27,label,"N"
Fri Aug 21 2015 16:11:15 GMT+0800 (中国标准时间),,s57w23,focus,
Fri Aug 21 2015 16:11:16 GMT+0800 (中国标准时间),,s57w23,focus,
Fri Aug 21 2015 16:11:16 GMT+0800 (中国标准时间),,s57w23,label,"^"
Fri Aug 21 2015 16:12:03 GMT+0800 (中国标准时间),,s57w19,focus,
Fri Aug 21 2015 16:12:03 GMT+0800 (中国标准时间),,s57w19,focus,
Fri Aug 21 2015 16:12:03 GMT+0800 (中国标准时间),,s57w19,label,"A"
Fri Aug 21 2015 16:12:19 GMT+0800 (中国标准时间),,s58w29,focus,
Fri Aug 21 2015 16:12:19 GMT+0800 (中国标准时间),,s58w29,focus,
Fri Aug 21 2015 16:12:21 GMT+0800 (中国标准时间),,s58w28,focus,
Fri Aug 21 2015 16:12:22 GMT+0800 (中国标准时间),,s58w28,focus,
Fri Aug 21 2015 16:12:32 GMT+0800 (中国标准时间),,s58w28,label,"^"
Fri Aug 21 2015 16:12:35 GMT+0800 (中国标准时间),,s58w32,focus,
Fri Aug 21 2015 16:12:35 GMT+0800 (中国标准时间),,s58w32,focus,
Fri Aug 21 2015 16:12:35 GMT+0800 (中国标准时间),,s58w32,label,"^"
Fri Aug 21 2015 16:17:18 GMT+0800 (中国标准时间),,s58w59,focus,
Fri Aug 21 2015 16:17:18 GMT+0800 (中国标准时间),,s58w59,focus,
Fri Aug 21 2015 16:17:19 GMT+0800 (中国标准时间),,s58w59,label,"^"
Fri Aug 21 2015 16:17:38 GMT+0800 (中国标准时间),,s58w68,focus,
Fri Aug 21 2015 16:17:38 GMT+0800 (中国标准时间),,s58w68,focus,
Fri Aug 21 2015 16:17:41 GMT+0800 (中国标准时间),,s58w68,label,"^"
Fri Aug 21 2015 16:17:47 GMT+0800 (中国标准时间),,s58w66,focus,
Fri Aug 21 2015 16:17:47 GMT+0800 (中国标准时间),,s58w66,focus,
Fri Aug 21 2015 16:17:48 GMT+0800 (中国标准时间),,s58w66,label,"Z"
Fri Aug 21 2015 16:19:14 GMT+0800 (中国标准时间),,s59w21,focus,
Fri Aug 21 2015 16:19:14 GMT+0800 (中国标准时间),,s59w21,focus,
Fri Aug 21 2015 16:19:15 GMT+0800 (中国标准时间),,s59w21,label,"^"
Fri Aug 21 2015 16:19:56 GMT+0800 (中国标准时间),,s60w41,focus,
Fri Aug 21 2015 16:19:56 GMT+0800 (中国标准时间),,s60w41,focus,
Fri Aug 21 2015 16:19:57 GMT+0800 (中国标准时间),,s60w41,label,"^"
Fri Aug 21 2015 16:21:10 GMT+0800 (中国标准时间),,s63w12,focus,
Fri Aug 21 2015 16:21:10 GMT+0800 (中国标准时间),,s63w12,focus,
Fri Aug 21 2015 16:21:12 GMT+0800 (中国标准时间),,s63w12,label,"^"
Fri Aug 21 2015 16:21:13 GMT+0800 (中国标准时间),,s63w13,focus,
Fri Aug 21 2015 16:21:13 GMT+0800 (中国标准时间),,s63w13,focus,
Fri Aug 21 2015 16:22:31 GMT+0800 (中国标准时间),,s69w12,focus,
Fri Aug 21 2015 16:22:31 GMT+0800 (中国标准时间),,s69w12,focus,
Fri Aug 21 2015 16:22:32 GMT+0800 (中国标准时间),,s69w12,label,"N"
Fri Aug 21 2015 16:22:43 GMT+0800 (中国标准时间),,s69w40,focus,
Fri Aug 21 2015 16:22:43 GMT+0800 (中国标准时间),,s69w40,focus,
Fri Aug 21 2015 16:22:46 GMT+0800 (中国标准时间),,s69w40,label,"^"
Fri Aug 21 2015 16:22:52 GMT+0800 (中国标准时间),,s69w47,focus,
Fri Aug 21 2015 16:22:52 GMT+0800 (中国标准时间),,s69w47,focus,
Fri Aug 21 2015 16:22:52 GMT+0800 (中国标准时间),,s69w47,label,"N"
Fri Aug 21 2015 16:22:54 GMT+0800 (中国标准时间),,s69w51,focus,
Fri Aug 21 2015 16:22:54 GMT+0800 (中国标准时间),,s69w51,focus,
Fri Aug 21 2015 16:22:56 GMT+0800 (中国标准时间),,s69w53,focus,
Fri Aug 21 2015 16:22:56 GMT+0800 (中国标准时间),,s69w53,focus,
Fri Aug 21 2015 16:22:57 GMT+0800 (中国标准时间),,s69w58,focus,
Fri Aug 21 2015 16:22:57 GMT+0800 (中国标准时间),,s69w58,focus,
Fri Aug 21 2015 16:22:58 GMT+0800 (中国标准时间),,s69w60,focus,
Fri Aug 21 2015 16:22:58 GMT+0800 (中国标准时间),,s69w60,focus,
Fri Aug 21 2015 16:22:59 GMT+0800 (中国标准时间),,s69w62,focus,
Fri Aug 21 2015 16:22:59 GMT+0800 (中国标准时间),,s69w62,focus,
Fri Aug 21 2015 16:23:00 GMT+0800 (中国标准时间),,s69w65,focus,
Fri Aug 21 2015 16:23:00 GMT+0800 (中国标准时间),,s69w65,focus,
Fri Aug 21 2015 16:23:04 GMT+0800 (中国标准时间),,s69w67,focus,
Fri Aug 21 2015 16:23:05 GMT+0800 (中国标准时间),,s69w67,focus,
Fri Aug 21 2015 16:23:06 GMT+0800 (中国标准时间),,s69w67,label,"N"
Fri Aug 21 2015 16:23:08 GMT+0800 (中国标准时间),,s69w67,label,"N"
Fri Aug 21 2015 16:23:11 GMT+0800 (中国标准时间),,s69w68,focus,
Fri Aug 21 2015 16:23:11 GMT+0800 (中国标准时间),,s69w68,label,"N"
Fri Aug 21 2015 16:23:12 GMT+0800 (中国标准时间),,s69w69,focus,
Fri Aug 21 2015 16:23:12 GMT+0800 (中国标准时间),,s69w69,label,"N"
Fri Aug 21 2015 16:23:13 GMT+0800 (中国标准时间),,s69w70,focus,
Fri Aug 21 2015 16:23:17 GMT+0800 (中国标准时间),,s69w71,focus,
Fri Aug 21 2015 16:23:18 GMT+0800 (中国标准时间),,s69w72,focus,
Fri Aug 21 2015 16:23:18 GMT+0800 (中国标准时间),,s69w73,focus,
Fri Aug 21 2015 16:23:18 GMT+0800 (中国标准时间),,s69w74,focus,
Fri Aug 21 2015 16:23:19 GMT+0800 (中国标准时间),,s69w75,focus,
Fri Aug 21 2015 16:23:19 GMT+0800 (中国标准时间),,s69w76,focus,
Fri Aug 21 2015 16:23:19 GMT+0800 (中国标准时间),,s69w77,focus,
Fri Aug 21 2015 16:23:19 GMT+0800 (中国标准时间),,s69w78,focus,
Fri Aug 21 2015 16:23:19 GMT+0800 (中国标准时间),,s69w79,focus,
Fri Aug 21 2015 16:23:20 GMT+0800 (中国标准时间),,s69w80,focus,
Fri Aug 21 2015 16:23:20 GMT+0800 (中国标准时间),,s69w81,focus,
Fri Aug 21 2015 16:23:22 GMT+0800 (中国标准时间),,s69w82,focus,
Fri Aug 21 2015 16:23:22 GMT+0800 (中国标准时间),,s69w83,focus,
Fri Aug 21 2015 16:23:22 GMT+0800 (中国标准时间),,s69w84,focus,
Fri Aug 21 2015 16:23:23 GMT+0800 (中国标准时间),,s69w85,focus,
Fri Aug 21 2015 16:23:23 GMT+0800 (中国标准时间),,s69w86,focus,
Fri Aug 21 2015 16:23:24 GMT+0800 (中国标准时间),,s69w87,focus,
Fri Aug 21 2015 16:23:24 GMT+0800 (中国标准时间),,s69w88,focus,
Fri Aug 21 2015 16:23:25 GMT+0800 (中国标准时间),,s69w89,focus,
Fri Aug 21 2015 16:23:25 GMT+0800 (中国标准时间),,s69w90,focus,
Fri Aug 21 2015 16:23:27 GMT+0800 (中国标准时间),,s69w91,focus,
Fri Aug 21 2015 16:23:30 GMT+0800 (中国标准时间),,s69w91,label,"^"
Fri Aug 21 2015 16:23:32 GMT+0800 (中国标准时间),,s69w92,focus,
Fri Aug 21 2015 16:23:32 GMT+0800 (中国标准时间),,s69w93,focus,
Fri Aug 21 2015 16:23:33 GMT+0800 (中国标准时间),,s69w94,focus,
Fri Aug 21 2015 16:23:33 GMT+0800 (中国标准时间),,s69w95,focus,
Fri Aug 21 2015 16:23:33 GMT+0800 (中国标准时间),,s69w96,focus,
Fri Aug 21 2015 16:23:34 GMT+0800 (中国标准时间),,s69w97,focus,
Fri Aug 21 2015 16:23:34 GMT+0800 (中国标准时间),,s69w98,focus,
Fri Aug 21 2015 16:23:34 GMT+0800 (中国标准时间),,s69w99,focus,
Fri Aug 21 2015 16:23:34 GMT+0800 (中国标准时间),,s69w100,focus,
Fri Aug 21 2015 16:23:37 GMT+0800 (中国标准时间),,s69w101,focus,
Fri Aug 21 2015 16:23:37 GMT+0800 (中国标准时间),,s69w102,focus,
Fri Aug 21 2015 16:23:38 GMT+0800 (中国标准时间),,s69w103,focus,
Fri Aug 21 2015 16:23:38 GMT+0800 (中国标准时间),,s69w104,focus,
Fri Aug 21 2015 16:23:38 GMT+0800 (中国标准时间),,s69w105,focus,
Fri Aug 21 2015 16:23:39 GMT+0800 (中国标准时间),,s69w106,focus,
Fri Aug 21 2015 16:23:39 GMT+0800 (中国标准时间),,s69w107,focus,
Fri Aug 21 2015 16:23:39 GMT+0800 (中国标准时间),,s69w108,focus,
Fri Aug 21 2015 16:23:39 GMT+0800 (中国标准时间),,s69w109,focus,
Fri Aug 21 2015 16:23:41 GMT+0800 (中国标准时间),,s69w110,focus,
Fri Aug 21 2015 16:23:42 GMT+0800 (中国标准时间),,s69w111,focus,
Fri Aug 21 2015 16:23:42 GMT+0800 (中国标准时间),,s69w112,focus,
Fri Aug 21 2015 16:23:42 GMT+0800 (中国标准时间),,s69w113,focus,
Fri Aug 21 2015 16:23:43 GMT+0800 (中国标准时间),,s69w114,focus,
Fri Aug 21 2015 16:23:43 GMT+0800 (中国标准时间),,s69w115,focus,
Fri Aug 21 2015 16:23:44 GMT+0800 (中国标准时间),,s69w116,focus,
Fri Aug 21 2015 16:23:44 GMT+0800 (中国标准时间),,s69w117,focus,
Fri Aug 21 2015 16:23:44 GMT+0800 (中国标准时间),,s69w118,focus,
Fri Aug 21 2015 16:23:45 GMT+0800 (中国标准时间),,s69w119,focus,
Fri Aug 21 2015 16:23:46 GMT+0800 (中国标准时间),,s69w120,focus,
Fri Aug 21 2015 16:23:54 GMT+0800 (中国标准时间),,s69w121,focus,
Fri Aug 21 2015 16:23:54 GMT+0800 (中国标准时间),,s69w122,focus,
Fri Aug 21 2015 16:23:56 GMT+0800 (中国标准时间),,s69w120,focus,
Fri Aug 21 2015 16:23:57 GMT+0800 (中国标准时间),,s69w120,focus,
Fri Aug 21 2015 16:23:58 GMT+0800 (中国标准时间),,s69w120,label,"^"
Fri Aug 21 2015 16:24:22 GMT+0800 (中国标准时间),,,submitPage,
