Wed Sep 02 2015 19:18:57 GMT+0800 (CST),,,pageReady,0:100:100
Wed Sep 02 2015 19:18:57 GMT+0800 (CST),,s0,twitterId,973496
Wed Sep 02 2015 19:18:57 GMT+0800 (CST),,s1,twitterId,973496
Wed Sep 02 2015 19:18:57 GMT+0800 (CST),,s2,twitterId,973496
Wed Sep 02 2015 19:18:57 GMT+0800 (CST),,s3,twitterId,973496
Wed Sep 02 2015 19:18:57 GMT+0800 (CST),,s4,twitterId,973496
Wed Sep 02 2015 19:18:57 GMT+0800 (CST),,s5,twitterId,973496
Wed Sep 02 2015 19:18:57 GMT+0800 (CST),,s6,twitterId,973496
Wed Sep 02 2015 19:18:57 GMT+0800 (CST),,s7,twitterId,973496
Wed Sep 02 2015 19:20:24 GMT+0800 (CST),,s0w1,focus,
Wed Sep 02 2015 19:20:24 GMT+0800 (CST),,s0w1,focus,
Wed Sep 02 2015 19:20:52 GMT+0800 (CST),,s0w1,focus,
Wed Sep 02 2015 19:21:26 GMT+0800 (CST),,s0w1,focus,
Wed Sep 02 2015 19:21:30 GMT+0800 (CST),,s1w37,focus,
Wed Sep 02 2015 19:21:30 GMT+0800 (CST),,s1w37,focus,
Wed Sep 02 2015 19:21:31 GMT+0800 (CST),,s1w37,label,"N"
Wed Sep 02 2015 19:21:34 GMT+0800 (CST),,s1w39,focus,
Wed Sep 02 2015 19:21:34 GMT+0800 (CST),,s1w39,focus,
Wed Sep 02 2015 19:21:35 GMT+0800 (CST),,s1w39,label,"N"
Wed Sep 02 2015 19:21:38 GMT+0800 (CST),,s1w41,focus,
Wed Sep 02 2015 19:21:38 GMT+0800 (CST),,s1w41,focus,
Wed Sep 02 2015 19:21:38 GMT+0800 (CST),,s1w41,label,"D"
Wed Sep 02 2015 19:21:42 GMT+0800 (CST),,s1w30,focus,
Wed Sep 02 2015 19:21:42 GMT+0800 (CST),,s1w30,focus,
Wed Sep 02 2015 19:21:42 GMT+0800 (CST),,s1w30,label,"D"
Wed Sep 02 2015 19:21:56 GMT+0800 (CST),,s1w51,focus,
Wed Sep 02 2015 19:21:56 GMT+0800 (CST),,s1w51,focus,
Wed Sep 02 2015 19:22:07 GMT+0800 (CST),,s1w51,focus,
Wed Sep 02 2015 19:22:12 GMT+0800 (CST),,s1w51,label,"R"
Wed Sep 02 2015 19:22:35 GMT+0800 (CST),,s1w103,focus,
Wed Sep 02 2015 19:22:35 GMT+0800 (CST),,s1w103,focus,
Wed Sep 02 2015 19:22:38 GMT+0800 (CST),,s1w103,label,"N"
Wed Sep 02 2015 19:22:40 GMT+0800 (CST),,s1w104,focus,
Wed Sep 02 2015 19:22:40 GMT+0800 (CST),,s1w104,focus,
Wed Sep 02 2015 19:22:47 GMT+0800 (CST),,s1w104,label,","
Wed Sep 02 2015 19:22:50 GMT+0800 (CST),,s1w106,focus,
Wed Sep 02 2015 19:22:50 GMT+0800 (CST),,s1w106,focus,
Wed Sep 02 2015 19:22:52 GMT+0800 (CST),,s1w106,label,"N"
Wed Sep 02 2015 19:22:52 GMT+0800 (CST),,s1w108,focus,
Wed Sep 02 2015 19:22:52 GMT+0800 (CST),,s1w108,focus,
Wed Sep 02 2015 19:22:53 GMT+0800 (CST),,s1w108,label,"N"
Wed Sep 02 2015 19:22:54 GMT+0800 (CST),,s1w109,focus,
Wed Sep 02 2015 19:22:54 GMT+0800 (CST),,s1w109,focus,
Wed Sep 02 2015 19:22:56 GMT+0800 (CST),,s1w109,label,"N"
Wed Sep 02 2015 19:22:57 GMT+0800 (CST),,s1w109,label,","
Wed Sep 02 2015 19:23:09 GMT+0800 (CST),,s2w4,focus,
Wed Sep 02 2015 19:23:09 GMT+0800 (CST),,s2w4,focus,
Wed Sep 02 2015 19:23:09 GMT+0800 (CST),,s2w4,label,"D"
Wed Sep 02 2015 19:23:20 GMT+0800 (CST),,,pageReady,0:100:100
Wed Sep 02 2015 19:23:20 GMT+0800 (CST),,s0,twitterId,973496
Wed Sep 02 2015 19:23:20 GMT+0800 (CST),,s1,twitterId,973496
Wed Sep 02 2015 19:23:20 GMT+0800 (CST),,s2,twitterId,973496
Wed Sep 02 2015 19:23:20 GMT+0800 (CST),,s3,twitterId,973496
Wed Sep 02 2015 19:23:20 GMT+0800 (CST),,s4,twitterId,973496
Wed Sep 02 2015 19:23:20 GMT+0800 (CST),,s5,twitterId,973496
Wed Sep 02 2015 19:23:20 GMT+0800 (CST),,s6,twitterId,973496
Wed Sep 02 2015 19:23:20 GMT+0800 (CST),,s7,twitterId,973496
Wed Sep 02 2015 19:23:44 GMT+0800 (CST),,s1w39,focus,
Wed Sep 02 2015 19:23:44 GMT+0800 (CST),,s1w39,focus,
Wed Sep 02 2015 19:23:45 GMT+0800 (CST),,s1w39,label,"N"
Wed Sep 02 2015 19:24:02 GMT+0800 (CST),,s1w108,focus,
Wed Sep 02 2015 19:24:02 GMT+0800 (CST),,s1w108,focus,
Wed Sep 02 2015 19:24:03 GMT+0800 (CST),,s1w108,label,"N"
Wed Sep 02 2015 19:24:04 GMT+0800 (CST),,s1w109,focus,
Wed Sep 02 2015 19:24:04 GMT+0800 (CST),,s1w109,focus,
Wed Sep 02 2015 19:24:05 GMT+0800 (CST),,s1w109,label,","
Wed Sep 02 2015 19:24:07 GMT+0800 (CST),,s1w103,focus,
Wed Sep 02 2015 19:24:07 GMT+0800 (CST),,s1w103,focus,
Wed Sep 02 2015 19:24:09 GMT+0800 (CST),,s1w103,label,"N"
Wed Sep 02 2015 19:24:10 GMT+0800 (CST),,s1w104,focus,
Wed Sep 02 2015 19:24:10 GMT+0800 (CST),,s1w104,focus,
Wed Sep 02 2015 19:24:10 GMT+0800 (CST),,s1w104,label,","
Wed Sep 02 2015 19:24:23 GMT+0800 (CST),,s1w18,focus,
Wed Sep 02 2015 19:24:23 GMT+0800 (CST),,s1w18,focus,
Wed Sep 02 2015 19:24:24 GMT+0800 (CST),,s1w18,label,"N"
Wed Sep 02 2015 19:24:26 GMT+0800 (CST),,s1w37,focus,
Wed Sep 02 2015 19:24:26 GMT+0800 (CST),,s1w37,focus,
Wed Sep 02 2015 19:24:26 GMT+0800 (CST),,s1w37,label,"N"
Wed Sep 02 2015 19:24:34 GMT+0800 (CST),,s2w13,focus,
Wed Sep 02 2015 19:24:34 GMT+0800 (CST),,s2w13,focus,
Wed Sep 02 2015 19:24:34 GMT+0800 (CST),,s2w13,label,"N"
Wed Sep 02 2015 19:24:37 GMT+0800 (CST),,s2w16,focus,
Wed Sep 02 2015 19:24:37 GMT+0800 (CST),,s2w16,focus,
Wed Sep 02 2015 19:24:38 GMT+0800 (CST),,s2w16,label,"V"
Wed Sep 02 2015 19:24:44 GMT+0800 (CST),,s2w27,focus,
Wed Sep 02 2015 19:24:44 GMT+0800 (CST),,s2w27,focus,
Wed Sep 02 2015 19:24:45 GMT+0800 (CST),,s2w27,label,","
Wed Sep 02 2015 19:24:46 GMT+0800 (CST),,s2w25,focus,
Wed Sep 02 2015 19:24:46 GMT+0800 (CST),,s2w25,focus,
Wed Sep 02 2015 19:24:47 GMT+0800 (CST),,s2w26,focus,
Wed Sep 02 2015 19:24:47 GMT+0800 (CST),,s2w26,focus,
Wed Sep 02 2015 19:24:48 GMT+0800 (CST),,s2w23,focus,
Wed Sep 02 2015 19:24:48 GMT+0800 (CST),,s2w23,focus,
Wed Sep 02 2015 19:25:05 GMT+0800 (CST),,s4w4,focus,
Wed Sep 02 2015 19:25:05 GMT+0800 (CST),,s4w4,focus,
Wed Sep 02 2015 19:25:06 GMT+0800 (CST),,s4w4,label,","
Wed Sep 02 2015 19:25:07 GMT+0800 (CST),,s4w5,focus,
Wed Sep 02 2015 19:25:07 GMT+0800 (CST),,s4w5,focus,
Wed Sep 02 2015 19:25:07 GMT+0800 (CST),,s4w5,label,","
Wed Sep 02 2015 19:25:09 GMT+0800 (CST),,s4w7,focus,
Wed Sep 02 2015 19:25:09 GMT+0800 (CST),,s4w7,focus,
Wed Sep 02 2015 19:25:11 GMT+0800 (CST),,s4w7,label,"N"
Wed Sep 02 2015 19:25:12 GMT+0800 (CST),,s4w8,focus,
Wed Sep 02 2015 19:25:12 GMT+0800 (CST),,s4w8,focus,
Wed Sep 02 2015 19:25:14 GMT+0800 (CST),,s4w8,label,","
Wed Sep 02 2015 19:25:15 GMT+0800 (CST),,s4w9,focus,
Wed Sep 02 2015 19:25:15 GMT+0800 (CST),,s4w9,focus,
Wed Sep 02 2015 19:25:15 GMT+0800 (CST),,s4w9,label,","
Wed Sep 02 2015 19:25:16 GMT+0800 (CST),,s4w10,focus,
Wed Sep 02 2015 19:25:16 GMT+0800 (CST),,s4w10,focus,
Wed Sep 02 2015 19:25:16 GMT+0800 (CST),,s4w10,label,"N"
Wed Sep 02 2015 19:25:17 GMT+0800 (CST),,s4w11,focus,
Wed Sep 02 2015 19:25:17 GMT+0800 (CST),,s4w11,focus,
Wed Sep 02 2015 19:25:18 GMT+0800 (CST),,s4w11,label,","
Wed Sep 02 2015 19:25:32 GMT+0800 (CST),,s5w5,focus,
Wed Sep 02 2015 19:25:32 GMT+0800 (CST),,s5w5,focus,
Wed Sep 02 2015 19:25:38 GMT+0800 (CST),,s3w16,focus,
Wed Sep 02 2015 19:25:38 GMT+0800 (CST),,s3w16,focus,
Wed Sep 02 2015 19:25:41 GMT+0800 (CST),,s3w16,label,"!"
Wed Sep 02 2015 19:25:52 GMT+0800 (CST),,s7w4,focus,
Wed Sep 02 2015 19:25:52 GMT+0800 (CST),,s7w4,focus,
Wed Sep 02 2015 19:25:57 GMT+0800 (CST),,s7w4,label,"$"
Wed Sep 02 2015 19:26:07 GMT+0800 (CST),,s7w1,focus,
Wed Sep 02 2015 19:26:07 GMT+0800 (CST),,s7w1,focus,
Wed Sep 02 2015 19:26:08 GMT+0800 (CST),,s7w1,label,"R"
Wed Sep 02 2015 19:26:19 GMT+0800 (CST),,s6w22,focus,
Wed Sep 02 2015 19:26:19 GMT+0800 (CST),,s6w22,focus,
Wed Sep 02 2015 19:26:23 GMT+0800 (CST),,s6w22,label,"N"
Wed Sep 02 2015 19:26:26 GMT+0800 (CST),,,submitPage,
