Wed Sep 02 2015 19:26:31 GMT+0800 (CST),,,pageReady,0:100:100
Wed Sep 02 2015 19:26:31 GMT+0800 (CST),,s0,twitterId,976003
Wed Sep 02 2015 19:26:31 GMT+0800 (CST),,s1,twitterId,976003
Wed Sep 02 2015 19:26:31 GMT+0800 (CST),,s2,twitterId,976003
Wed Sep 02 2015 19:26:31 GMT+0800 (CST),,s3,twitterId,976003
Wed Sep 02 2015 19:26:31 GMT+0800 (CST),,s4,twitterId,976003
Wed Sep 02 2015 19:26:31 GMT+0800 (CST),,s5,twitterId,976003
Wed Sep 02 2015 19:26:31 GMT+0800 (CST),,s6,twitterId,976003
Wed Sep 02 2015 19:26:31 GMT+0800 (CST),,s7,twitterId,976003
Wed Sep 02 2015 19:26:31 GMT+0800 (CST),,s8,twitterId,976003
Wed Sep 02 2015 19:26:31 GMT+0800 (CST),,s9,twitterId,976003
Wed Sep 02 2015 19:26:31 GMT+0800 (CST),,s10,twitterId,976003
Wed Sep 02 2015 19:26:31 GMT+0800 (CST),,s11,twitterId,976003
Wed Sep 02 2015 19:26:31 GMT+0800 (CST),,s12,twitterId,976003
Wed Sep 02 2015 19:26:31 GMT+0800 (CST),,s13,twitterId,976003
Wed Sep 02 2015 19:26:31 GMT+0800 (CST),,s14,twitterId,976003
Wed Sep 02 2015 19:26:31 GMT+0800 (CST),,s15,twitterId,976003
Wed Sep 02 2015 19:26:40 GMT+0800 (CST),,s0w2,focus,
Wed Sep 02 2015 19:26:40 GMT+0800 (CST),,s0w2,focus,
Wed Sep 02 2015 19:26:41 GMT+0800 (CST),,s0w2,label,"N"
Wed Sep 02 2015 19:26:47 GMT+0800 (CST),,s0w3,focus,
Wed Sep 02 2015 19:26:47 GMT+0800 (CST),,s0w3,focus,
Wed Sep 02 2015 19:26:48 GMT+0800 (CST),,s0w3,label,"V"
Wed Sep 02 2015 19:27:01 GMT+0800 (CST),,s1w18,focus,
Wed Sep 02 2015 19:27:01 GMT+0800 (CST),,s1w18,focus,
Wed Sep 02 2015 19:27:03 GMT+0800 (CST),,s1w18,label,"&"
Wed Sep 02 2015 19:27:09 GMT+0800 (CST),,,pageReady,0:100:100
Wed Sep 02 2015 19:27:09 GMT+0800 (CST),,s0,twitterId,976003
Wed Sep 02 2015 19:27:09 GMT+0800 (CST),,s1,twitterId,976003
Wed Sep 02 2015 19:27:09 GMT+0800 (CST),,s2,twitterId,976003
Wed Sep 02 2015 19:27:09 GMT+0800 (CST),,s3,twitterId,976003
Wed Sep 02 2015 19:27:09 GMT+0800 (CST),,s4,twitterId,976003
Wed Sep 02 2015 19:27:09 GMT+0800 (CST),,s5,twitterId,976003
Wed Sep 02 2015 19:27:09 GMT+0800 (CST),,s6,twitterId,976003
Wed Sep 02 2015 19:27:09 GMT+0800 (CST),,s7,twitterId,976003
Wed Sep 02 2015 19:27:09 GMT+0800 (CST),,s8,twitterId,976003
Wed Sep 02 2015 19:27:09 GMT+0800 (CST),,s9,twitterId,976003
Wed Sep 02 2015 19:27:09 GMT+0800 (CST),,s10,twitterId,976003
Wed Sep 02 2015 19:27:09 GMT+0800 (CST),,s11,twitterId,976003
Wed Sep 02 2015 19:27:09 GMT+0800 (CST),,s12,twitterId,976003
Wed Sep 02 2015 19:27:09 GMT+0800 (CST),,s13,twitterId,976003
Wed Sep 02 2015 19:27:09 GMT+0800 (CST),,s14,twitterId,976003
Wed Sep 02 2015 19:27:09 GMT+0800 (CST),,s15,twitterId,976003
Wed Sep 02 2015 19:27:11 GMT+0800 (CST),,s0w2,focus,
Wed Sep 02 2015 19:27:11 GMT+0800 (CST),,s0w2,focus,
Wed Sep 02 2015 19:27:12 GMT+0800 (CST),,s0w2,label,"N"
Wed Sep 02 2015 19:27:23 GMT+0800 (CST),,s1w18,focus,
Wed Sep 02 2015 19:27:23 GMT+0800 (CST),,s1w18,focus,
Wed Sep 02 2015 19:27:24 GMT+0800 (CST),,s1w18,label,"^"
Wed Sep 02 2015 19:27:52 GMT+0800 (CST),,s1w33,focus,
Wed Sep 02 2015 19:27:52 GMT+0800 (CST),,s1w33,focus,
Wed Sep 02 2015 19:27:53 GMT+0800 (CST),,s1w33,label,"^"
Wed Sep 02 2015 19:28:07 GMT+0800 (CST),,s1w54,focus,
Wed Sep 02 2015 19:28:07 GMT+0800 (CST),,s1w54,focus,
Wed Sep 02 2015 19:28:07 GMT+0800 (CST),,s1w43,focus,
Wed Sep 02 2015 19:28:08 GMT+0800 (CST),,s1w43,focus,
Wed Sep 02 2015 19:28:08 GMT+0800 (CST),,s1w43,label,"^"
Wed Sep 02 2015 19:28:16 GMT+0800 (CST),,s1w53,focus,
Wed Sep 02 2015 19:28:16 GMT+0800 (CST),,s1w53,focus,
Wed Sep 02 2015 19:28:16 GMT+0800 (CST),,s1w53,label,"V"
Wed Sep 02 2015 19:28:26 GMT+0800 (CST),,s2w5,focus,
Wed Sep 02 2015 19:28:26 GMT+0800 (CST),,s2w5,focus,
Wed Sep 02 2015 19:28:33 GMT+0800 (CST),,s2w6,focus,
Wed Sep 02 2015 19:28:33 GMT+0800 (CST),,s2w6,focus,
Wed Sep 02 2015 19:28:36 GMT+0800 (CST),,s2w6,label,","
Wed Sep 02 2015 19:28:45 GMT+0800 (CST),,s3w17,focus,
Wed Sep 02 2015 19:28:45 GMT+0800 (CST),,s3w17,focus,
Wed Sep 02 2015 19:28:47 GMT+0800 (CST),,s3w6,focus,
Wed Sep 02 2015 19:28:47 GMT+0800 (CST),,s3w6,focus,
Wed Sep 02 2015 19:28:47 GMT+0800 (CST),,s3w6,label,"^"
Wed Sep 02 2015 19:28:53 GMT+0800 (CST),,s3w7,focus,
Wed Sep 02 2015 19:28:53 GMT+0800 (CST),,s3w7,focus,
Wed Sep 02 2015 19:28:54 GMT+0800 (CST),,s3w7,label,","
Wed Sep 02 2015 19:28:57 GMT+0800 (CST),,s3w11,focus,
Wed Sep 02 2015 19:28:58 GMT+0800 (CST),,s3w11,focus,
Wed Sep 02 2015 19:28:58 GMT+0800 (CST),,s3w11,label,"^"
Wed Sep 02 2015 19:29:16 GMT+0800 (CST),,s3w49,focus,
Wed Sep 02 2015 19:29:16 GMT+0800 (CST),,s3w49,focus,
Wed Sep 02 2015 19:29:17 GMT+0800 (CST),,s3w49,label,"N"
Wed Sep 02 2015 19:29:23 GMT+0800 (CST),,s3w56,focus,
Wed Sep 02 2015 19:29:23 GMT+0800 (CST),,s3w56,focus,
Wed Sep 02 2015 19:29:24 GMT+0800 (CST),,s3w56,label,"M"
Wed Sep 02 2015 19:29:33 GMT+0800 (CST),,s3w72,focus,
Wed Sep 02 2015 19:29:33 GMT+0800 (CST),,s3w72,focus,
Wed Sep 02 2015 19:29:34 GMT+0800 (CST),,s3w72,label,"^"
Wed Sep 02 2015 19:30:13 GMT+0800 (CST),,s7w1,focus,
Wed Sep 02 2015 19:30:13 GMT+0800 (CST),,s7w1,focus,
Wed Sep 02 2015 19:30:15 GMT+0800 (CST),,s7w1,label,"^"
Wed Sep 02 2015 19:30:43 GMT+0800 (CST),,s6w14,focus,
Wed Sep 02 2015 19:30:43 GMT+0800 (CST),,s6w14,focus,
Wed Sep 02 2015 19:30:52 GMT+0800 (CST),,s7w8,focus,
Wed Sep 02 2015 19:30:52 GMT+0800 (CST),,s7w8,focus,
Wed Sep 02 2015 19:30:52 GMT+0800 (CST),,s7w8,label,","
Wed Sep 02 2015 19:30:56 GMT+0800 (CST),,s7w6,focus,
Wed Sep 02 2015 19:30:56 GMT+0800 (CST),,s7w6,focus,
Wed Sep 02 2015 19:30:56 GMT+0800 (CST),,s7w6,label,"V"
Wed Sep 02 2015 19:31:05 GMT+0800 (CST),,s8w21,focus,
Wed Sep 02 2015 19:31:05 GMT+0800 (CST),,s8w21,focus,
Wed Sep 02 2015 19:31:08 GMT+0800 (CST),,s8w21,label,"^"
Wed Sep 02 2015 19:31:16 GMT+0800 (CST),,s8w47,focus,
Wed Sep 02 2015 19:31:16 GMT+0800 (CST),,s8w47,focus,
Wed Sep 02 2015 19:31:37 GMT+0800 (CST),,s8w53,focus,
Wed Sep 02 2015 19:31:37 GMT+0800 (CST),,s8w53,focus,
Wed Sep 02 2015 19:31:48 GMT+0800 (CST),,s8w53,focus,
Wed Sep 02 2015 19:31:50 GMT+0800 (CST),,s8w53,label,"R"
Wed Sep 02 2015 19:32:14 GMT+0800 (CST),,s8w109,focus,
Wed Sep 02 2015 19:32:14 GMT+0800 (CST),,s8w109,focus,
Wed Sep 02 2015 19:32:16 GMT+0800 (CST),,s8w109,label,"N"
Wed Sep 02 2015 19:32:38 GMT+0800 (CST),,s8w109,focus,
Wed Sep 02 2015 19:32:39 GMT+0800 (CST),,s8w146,focus,
Wed Sep 02 2015 19:32:39 GMT+0800 (CST),,s8w146,focus,
Wed Sep 02 2015 19:32:52 GMT+0800 (CST),,s8w146,label,"R"
Wed Sep 02 2015 19:32:55 GMT+0800 (CST),,s9w1,focus,
Wed Sep 02 2015 19:32:55 GMT+0800 (CST),,s9w1,focus,
Wed Sep 02 2015 19:33:07 GMT+0800 (CST),,s9w26,focus,
Wed Sep 02 2015 19:33:07 GMT+0800 (CST),,s9w26,focus,
Wed Sep 02 2015 19:33:15 GMT+0800 (CST),,s10w9,focus,
Wed Sep 02 2015 19:33:15 GMT+0800 (CST),,s10w9,focus,
Wed Sep 02 2015 19:33:16 GMT+0800 (CST),,s10w9,label,"^"
Wed Sep 02 2015 19:33:30 GMT+0800 (CST),,s10w40,focus,
Wed Sep 02 2015 19:33:30 GMT+0800 (CST),,s10w40,focus,
Wed Sep 02 2015 19:33:34 GMT+0800 (CST),,s10w40,label,"Y"
Wed Sep 02 2015 19:33:45 GMT+0800 (CST),,s11w3,focus,
Wed Sep 02 2015 19:33:45 GMT+0800 (CST),,s11w3,focus,
Wed Sep 02 2015 19:33:46 GMT+0800 (CST),,s11w3,label,"^"
Wed Sep 02 2015 19:33:55 GMT+0800 (CST),,s11w24,focus,
Wed Sep 02 2015 19:33:55 GMT+0800 (CST),,s11w24,focus,
Wed Sep 02 2015 19:33:56 GMT+0800 (CST),,s11w24,label,"^"
Wed Sep 02 2015 19:34:23 GMT+0800 (CST),,s11w89,focus,
Wed Sep 02 2015 19:34:23 GMT+0800 (CST),,s11w89,focus,
Wed Sep 02 2015 19:34:24 GMT+0800 (CST),,s11w89,label,"^"
Wed Sep 02 2015 19:34:36 GMT+0800 (CST),,s12w4,focus,
Wed Sep 02 2015 19:34:36 GMT+0800 (CST),,s12w4,focus,
Wed Sep 02 2015 19:34:37 GMT+0800 (CST),,s12w4,label,"^"
Wed Sep 02 2015 19:35:05 GMT+0800 (CST),,s13w16,focus,
Wed Sep 02 2015 19:35:05 GMT+0800 (CST),,s13w16,focus,
Wed Sep 02 2015 19:35:06 GMT+0800 (CST),,s13w16,label,"N"
Wed Sep 02 2015 19:35:08 GMT+0800 (CST),,s13w19,focus,
Wed Sep 02 2015 19:35:08 GMT+0800 (CST),,s13w19,focus,
Wed Sep 02 2015 19:35:39 GMT+0800 (CST),,s15w19,focus,
Wed Sep 02 2015 19:35:39 GMT+0800 (CST),,s15w19,focus,
Wed Sep 02 2015 19:35:46 GMT+0800 (CST),,s15w19,label,"^"
Wed Sep 02 2015 19:36:00 GMT+0800 (CST),,,submitPage,
