Wed Sep 02 2015 16:53:38 GMT+0800 (CST),,,pageReady,0:100:100
Wed Sep 02 2015 16:53:38 GMT+0800 (CST),,s0,twitterId,954270
Wed Sep 02 2015 16:53:38 GMT+0800 (CST),,s1,twitterId,954270
Wed Sep 02 2015 16:53:38 GMT+0800 (CST),,s2,twitterId,954270
Wed Sep 02 2015 16:53:38 GMT+0800 (CST),,s3,twitterId,954270
Wed Sep 02 2015 16:53:38 GMT+0800 (CST),,s4,twitterId,954270
Wed Sep 02 2015 16:53:38 GMT+0800 (CST),,s5,twitterId,954270
Wed Sep 02 2015 16:53:38 GMT+0800 (CST),,s6,twitterId,954270
Wed Sep 02 2015 16:53:42 GMT+0800 (CST),,s0w1,focus,
Wed Sep 02 2015 16:53:42 GMT+0800 (CST),,s0w1,focus,
Wed Sep 02 2015 16:53:46 GMT+0800 (CST),,s0w2,focus,
Wed Sep 02 2015 16:53:47 GMT+0800 (CST),,s0w2,focus,
Wed Sep 02 2015 16:53:55 GMT+0800 (CST),,s0w3,focus,
Wed Sep 02 2015 16:53:55 GMT+0800 (CST),,s0w4,focus,
Wed Sep 02 2015 16:53:55 GMT+0800 (CST),,s0w5,focus,
Wed Sep 02 2015 16:53:56 GMT+0800 (CST),,s0w6,focus,
Wed Sep 02 2015 16:53:56 GMT+0800 (CST),,s0w7,focus,
Wed Sep 02 2015 16:53:57 GMT+0800 (CST),,s0w8,focus,
Wed Sep 02 2015 16:53:57 GMT+0800 (CST),,s0w9,focus,
Wed Sep 02 2015 16:53:57 GMT+0800 (CST),,s0w10,focus,
Wed Sep 02 2015 16:53:58 GMT+0800 (CST),,s0w1,focus,
Wed Sep 02 2015 16:53:59 GMT+0800 (CST),,s0w1,focus,
Wed Sep 02 2015 16:53:59 GMT+0800 (CST),,s0w2,focus,
Wed Sep 02 2015 16:53:59 GMT+0800 (CST),,s0w3,focus,
Wed Sep 02 2015 16:54:00 GMT+0800 (CST),,s0w4,focus,
Wed Sep 02 2015 16:54:00 GMT+0800 (CST),,s0w5,focus,
Wed Sep 02 2015 16:54:00 GMT+0800 (CST),,s0w6,focus,
Wed Sep 02 2015 16:54:00 GMT+0800 (CST),,s0w7,focus,
Wed Sep 02 2015 16:54:00 GMT+0800 (CST),,s0w8,focus,
Wed Sep 02 2015 16:54:00 GMT+0800 (CST),,s0w9,focus,
Wed Sep 02 2015 16:54:01 GMT+0800 (CST),,s0w10,focus,
Wed Sep 02 2015 16:54:01 GMT+0800 (CST),,s1w1,focus,
Wed Sep 02 2015 16:54:01 GMT+0800 (CST),,s1w2,focus,
Wed Sep 02 2015 16:54:01 GMT+0800 (CST),,s1w3,focus,
Wed Sep 02 2015 16:54:01 GMT+0800 (CST),,s1w4,focus,
Wed Sep 02 2015 16:54:30 GMT+0800 (CST),,s1w4,focus,
Wed Sep 02 2015 17:58:56 GMT+0800 (CST),,s1w4,focus,
Wed Sep 02 2015 18:08:15 GMT+0800 (CST),,s0w2,focus,
Wed Sep 02 2015 18:08:15 GMT+0800 (CST),,s0w2,focus,
Wed Sep 02 2015 18:08:16 GMT+0800 (CST),,s0w3,focus,
Wed Sep 02 2015 18:08:19 GMT+0800 (CST),,s0w4,focus,
Wed Sep 02 2015 18:08:23 GMT+0800 (CST),,s0w5,focus,
Wed Sep 02 2015 18:08:37 GMT+0800 (CST),,,pageReady,0:100:100
Wed Sep 02 2015 18:08:37 GMT+0800 (CST),,s0,twitterId,954270
Wed Sep 02 2015 18:08:37 GMT+0800 (CST),,s1,twitterId,954270
Wed Sep 02 2015 18:08:37 GMT+0800 (CST),,s2,twitterId,954270
Wed Sep 02 2015 18:08:37 GMT+0800 (CST),,s3,twitterId,954270
Wed Sep 02 2015 18:08:37 GMT+0800 (CST),,s4,twitterId,954270
Wed Sep 02 2015 18:08:37 GMT+0800 (CST),,s5,twitterId,954270
Wed Sep 02 2015 18:08:37 GMT+0800 (CST),,s6,twitterId,954270
Wed Sep 02 2015 18:08:43 GMT+0800 (CST),,s0w1,focus,
Wed Sep 02 2015 18:08:43 GMT+0800 (CST),,s0w1,focus,
Wed Sep 02 2015 18:08:44 GMT+0800 (CST),,s0w2,focus,
Wed Sep 02 2015 18:08:45 GMT+0800 (CST),,s0w3,focus,
Wed Sep 02 2015 18:08:46 GMT+0800 (CST),,s0w4,focus,
Wed Sep 02 2015 18:08:48 GMT+0800 (CST),,s0w5,focus,
Wed Sep 02 2015 18:09:06 GMT+0800 (CST),,s0w5,focus,
Wed Sep 02 2015 18:09:07 GMT+0800 (CST),,s0w5,focus,
Wed Sep 02 2015 18:09:08 GMT+0800 (CST),,s0w5,focus,
Wed Sep 02 2015 18:09:11 GMT+0800 (CST),,s0w5,label,"^"
Wed Sep 02 2015 18:09:13 GMT+0800 (CST),,s0w6,focus,
Wed Sep 02 2015 18:09:13 GMT+0800 (CST),,s0w6,focus,
Wed Sep 02 2015 18:09:22 GMT+0800 (CST),,s0w7,focus,
Wed Sep 02 2015 18:09:27 GMT+0800 (CST),,s0w8,focus,
Wed Sep 02 2015 18:09:41 GMT+0800 (CST),,s0w9,focus,
Wed Sep 02 2015 18:09:55 GMT+0800 (CST),,s0w10,focus,
Wed Sep 02 2015 18:09:57 GMT+0800 (CST),,s1w1,focus,
Wed Sep 02 2015 18:10:02 GMT+0800 (CST),,s1w2,focus,
Wed Sep 02 2015 18:10:03 GMT+0800 (CST),,s1w3,focus,
Wed Sep 02 2015 18:10:06 GMT+0800 (CST),,s1w4,focus,
Wed Sep 02 2015 18:10:09 GMT+0800 (CST),,s1w5,focus,
Wed Sep 02 2015 18:10:28 GMT+0800 (CST),,s1w5,label,"A"
Wed Sep 02 2015 18:10:30 GMT+0800 (CST),,s1w6,focus,
Wed Sep 02 2015 18:10:30 GMT+0800 (CST),,s1w6,focus,
Wed Sep 02 2015 18:11:00 GMT+0800 (CST),,s1w6,focus,
Wed Sep 02 2015 18:11:02 GMT+0800 (CST),,s1w7,focus,
Wed Sep 02 2015 18:11:10 GMT+0800 (CST),,s1w8,focus,
Wed Sep 02 2015 18:11:11 GMT+0800 (CST),,s1w9,focus,
Wed Sep 02 2015 18:11:12 GMT+0800 (CST),,s1w10,focus,
Wed Sep 02 2015 18:11:15 GMT+0800 (CST),,s1w10,label,"^"
Wed Sep 02 2015 18:11:16 GMT+0800 (CST),,s1w11,focus,
Wed Sep 02 2015 18:11:18 GMT+0800 (CST),,s1w12,focus,
Wed Sep 02 2015 18:11:19 GMT+0800 (CST),,s1w13,focus,
Wed Sep 02 2015 18:11:26 GMT+0800 (CST),,s1w14,focus,
Wed Sep 02 2015 18:11:28 GMT+0800 (CST),,s1w15,focus,
Wed Sep 02 2015 18:11:28 GMT+0800 (CST),,s1w16,focus,
Wed Sep 02 2015 18:11:29 GMT+0800 (CST),,s1w17,focus,
Wed Sep 02 2015 18:11:38 GMT+0800 (CST),,s1w18,focus,
Wed Sep 02 2015 18:12:05 GMT+0800 (CST),,s1w19,focus,
Wed Sep 02 2015 18:12:07 GMT+0800 (CST),,s1w20,focus,
Wed Sep 02 2015 18:12:51 GMT+0800 (CST),,s1w20,focus,
Wed Sep 02 2015 18:13:48 GMT+0800 (CST),,s1w20,focus,
Wed Sep 02 2015 18:13:51 GMT+0800 (CST),,s1w20,focus,
Wed Sep 02 2015 18:13:52 GMT+0800 (CST),,s1w20,label,"A"
Wed Sep 02 2015 18:13:53 GMT+0800 (CST),,s1w21,focus,
Wed Sep 02 2015 18:14:10 GMT+0800 (CST),,s1w22,focus,
Wed Sep 02 2015 18:14:11 GMT+0800 (CST),,s1w23,focus,
Wed Sep 02 2015 18:14:19 GMT+0800 (CST),,s1w24,focus,
Wed Sep 02 2015 18:14:24 GMT+0800 (CST),,s1w24,label,"^"
Wed Sep 02 2015 18:14:25 GMT+0800 (CST),,s1w25,focus,
Wed Sep 02 2015 18:14:26 GMT+0800 (CST),,s1w26,focus,
Wed Sep 02 2015 18:14:28 GMT+0800 (CST),,s1w27,focus,
Wed Sep 02 2015 18:14:33 GMT+0800 (CST),,s1w28,focus,
Wed Sep 02 2015 18:14:34 GMT+0800 (CST),,s1w29,focus,
Wed Sep 02 2015 18:14:34 GMT+0800 (CST),,s1w30,focus,
Wed Sep 02 2015 18:14:35 GMT+0800 (CST),,s1w31,focus,
Wed Sep 02 2015 18:14:38 GMT+0800 (CST),,s1w32,focus,
Wed Sep 02 2015 18:14:39 GMT+0800 (CST),,s1w33,focus,
Wed Sep 02 2015 18:14:52 GMT+0800 (CST),,s1w34,focus,
Wed Sep 02 2015 18:15:00 GMT+0800 (CST),,s1w35,focus,
Wed Sep 02 2015 18:15:01 GMT+0800 (CST),,s1w36,focus,
Wed Sep 02 2015 18:15:05 GMT+0800 (CST),,s1w37,focus,
Wed Sep 02 2015 18:15:06 GMT+0800 (CST),,s1w38,focus,
Wed Sep 02 2015 18:15:08 GMT+0800 (CST),,s1w39,focus,
Wed Sep 02 2015 18:15:10 GMT+0800 (CST),,s1w40,focus,
Wed Sep 02 2015 18:15:11 GMT+0800 (CST),,s1w41,focus,
Wed Sep 02 2015 18:15:14 GMT+0800 (CST),,s1w40,focus,
Wed Sep 02 2015 18:15:14 GMT+0800 (CST),,s1w40,focus,
Wed Sep 02 2015 18:15:19 GMT+0800 (CST),,s1w41,focus,
Wed Sep 02 2015 18:16:19 GMT+0800 (CST),,s1w41,focus,
Wed Sep 02 2015 18:16:30 GMT+0800 (CST),,s1w41,focus,
Wed Sep 02 2015 18:16:42 GMT+0800 (CST),,s1w41,focus,
Wed Sep 02 2015 18:17:29 GMT+0800 (CST),,s1w42,focus,
Wed Sep 02 2015 18:17:30 GMT+0800 (CST),,s1w43,focus,
Wed Sep 02 2015 18:17:46 GMT+0800 (CST),,s1w43,focus,
Wed Sep 02 2015 18:17:47 GMT+0800 (CST),,s1w44,focus,
Wed Sep 02 2015 18:17:47 GMT+0800 (CST),,s1w45,focus,
Wed Sep 02 2015 18:17:52 GMT+0800 (CST),,s1w46,focus,
Wed Sep 02 2015 18:17:54 GMT+0800 (CST),,s1w47,focus,
Wed Sep 02 2015 18:17:56 GMT+0800 (CST),,s1w48,focus,
Wed Sep 02 2015 18:17:57 GMT+0800 (CST),,s1w49,focus,
Wed Sep 02 2015 18:18:01 GMT+0800 (CST),,s1w50,focus,
Wed Sep 02 2015 18:18:11 GMT+0800 (CST),,s1w49,focus,
Wed Sep 02 2015 18:18:11 GMT+0800 (CST),,s1w49,focus,
Wed Sep 02 2015 18:18:13 GMT+0800 (CST),,s1w50,focus,
Wed Sep 02 2015 18:18:29 GMT+0800 (CST),,s1w51,focus,
Wed Sep 02 2015 18:18:32 GMT+0800 (CST),,s1w52,focus,
Wed Sep 02 2015 18:18:35 GMT+0800 (CST),,s1w53,focus,
Wed Sep 02 2015 18:18:36 GMT+0800 (CST),,s1w54,focus,
Wed Sep 02 2015 18:18:37 GMT+0800 (CST),,s1w55,focus,
Wed Sep 02 2015 18:18:40 GMT+0800 (CST),,s1w56,focus,
Wed Sep 02 2015 18:18:41 GMT+0800 (CST),,s1w57,focus,
Wed Sep 02 2015 18:18:42 GMT+0800 (CST),,s1w58,focus,
Wed Sep 02 2015 18:18:43 GMT+0800 (CST),,s1w59,focus,
Wed Sep 02 2015 18:18:45 GMT+0800 (CST),,s1w60,focus,
Wed Sep 02 2015 18:18:45 GMT+0800 (CST),,s1w61,focus,
Wed Sep 02 2015 18:18:50 GMT+0800 (CST),,s1w62,focus,
Wed Sep 02 2015 18:18:52 GMT+0800 (CST),,s1w63,focus,
Wed Sep 02 2015 18:19:00 GMT+0800 (CST),,s1w64,focus,
Wed Sep 02 2015 18:19:04 GMT+0800 (CST),,s1w65,focus,
Wed Sep 02 2015 18:19:16 GMT+0800 (CST),,s1w66,focus,
Wed Sep 02 2015 18:19:16 GMT+0800 (CST),,s1w67,focus,
Wed Sep 02 2015 18:19:20 GMT+0800 (CST),,s1w68,focus,
Wed Sep 02 2015 18:19:22 GMT+0800 (CST),,s1w69,focus,
Wed Sep 02 2015 18:19:23 GMT+0800 (CST),,s1w70,focus,
Wed Sep 02 2015 18:19:28 GMT+0800 (CST),,s1w71,focus,
Wed Sep 02 2015 18:19:35 GMT+0800 (CST),,s1w72,focus,
Wed Sep 02 2015 18:19:36 GMT+0800 (CST),,s1w73,focus,
Wed Sep 02 2015 18:19:37 GMT+0800 (CST),,s1w74,focus,
Wed Sep 02 2015 18:19:38 GMT+0800 (CST),,s1w75,focus,
Wed Sep 02 2015 18:19:41 GMT+0800 (CST),,s1w76,focus,
Wed Sep 02 2015 18:19:41 GMT+0800 (CST),,s1w77,focus,
Wed Sep 02 2015 18:19:42 GMT+0800 (CST),,s1w78,focus,
Wed Sep 02 2015 18:19:43 GMT+0800 (CST),,s1w79,focus,
Wed Sep 02 2015 18:19:45 GMT+0800 (CST),,s1w80,focus,
Wed Sep 02 2015 18:19:46 GMT+0800 (CST),,s1w81,focus,
Wed Sep 02 2015 18:19:47 GMT+0800 (CST),,s1w82,focus,
Wed Sep 02 2015 18:19:48 GMT+0800 (CST),,s1w83,focus,
Wed Sep 02 2015 18:19:50 GMT+0800 (CST),,s1w84,focus,
Wed Sep 02 2015 18:19:51 GMT+0800 (CST),,s1w85,focus,
Wed Sep 02 2015 18:19:51 GMT+0800 (CST),,s1w86,focus,
Wed Sep 02 2015 18:19:52 GMT+0800 (CST),,s1w87,focus,
Wed Sep 02 2015 18:20:03 GMT+0800 (CST),,s1w88,focus,
Wed Sep 02 2015 18:20:06 GMT+0800 (CST),,s1w89,focus,
Wed Sep 02 2015 18:20:09 GMT+0800 (CST),,s1w90,focus,
Wed Sep 02 2015 18:20:10 GMT+0800 (CST),,s1w91,focus,
Wed Sep 02 2015 18:20:11 GMT+0800 (CST),,s1w92,focus,
Wed Sep 02 2015 18:20:12 GMT+0800 (CST),,s1w93,focus,
Wed Sep 02 2015 18:20:13 GMT+0800 (CST),,s1w94,focus,
Wed Sep 02 2015 18:20:15 GMT+0800 (CST),,s1w95,focus,
Wed Sep 02 2015 18:20:16 GMT+0800 (CST),,s1w96,focus,
Wed Sep 02 2015 18:20:19 GMT+0800 (CST),,s1w97,focus,
Wed Sep 02 2015 18:20:22 GMT+0800 (CST),,s1w98,focus,
Wed Sep 02 2015 18:20:25 GMT+0800 (CST),,s1w96,focus,
Wed Sep 02 2015 18:20:25 GMT+0800 (CST),,s1w96,focus,
Wed Sep 02 2015 18:20:41 GMT+0800 (CST),,s1w96,focus,
Wed Sep 02 2015 18:20:47 GMT+0800 (CST),,s1w96,focus,
Wed Sep 02 2015 18:20:51 GMT+0800 (CST),,s1w96,label,"R"
Wed Sep 02 2015 18:20:54 GMT+0800 (CST),,s1w97,focus,
Wed Sep 02 2015 18:20:55 GMT+0800 (CST),,s1w98,focus,
Wed Sep 02 2015 18:20:57 GMT+0800 (CST),,s1w99,focus,
Wed Sep 02 2015 18:20:58 GMT+0800 (CST),,s1w100,focus,
Wed Sep 02 2015 18:21:02 GMT+0800 (CST),,s1w101,focus,
Wed Sep 02 2015 18:21:05 GMT+0800 (CST),,s1w102,focus,
Wed Sep 02 2015 18:21:06 GMT+0800 (CST),,s1w103,focus,
Wed Sep 02 2015 18:21:07 GMT+0800 (CST),,s1w104,focus,
Wed Sep 02 2015 18:21:09 GMT+0800 (CST),,s1w105,focus,
Wed Sep 02 2015 18:21:09 GMT+0800 (CST),,s1w106,focus,
Wed Sep 02 2015 18:21:10 GMT+0800 (CST),,s1w107,focus,
Wed Sep 02 2015 18:21:10 GMT+0800 (CST),,s2w1,focus,
Wed Sep 02 2015 18:21:17 GMT+0800 (CST),,s2w2,focus,
Wed Sep 02 2015 18:21:18 GMT+0800 (CST),,s2w3,focus,
Wed Sep 02 2015 18:21:19 GMT+0800 (CST),,s2w4,focus,
Wed Sep 02 2015 18:21:20 GMT+0800 (CST),,s2w5,focus,
Wed Sep 02 2015 18:21:22 GMT+0800 (CST),,s2w6,focus,
Wed Sep 02 2015 18:21:43 GMT+0800 (CST),,s2w7,focus,
Wed Sep 02 2015 18:21:45 GMT+0800 (CST),,s2w8,focus,
Wed Sep 02 2015 18:21:50 GMT+0800 (CST),,s2w9,focus,
Wed Sep 02 2015 18:21:52 GMT+0800 (CST),,s2w10,focus,
Wed Sep 02 2015 18:21:52 GMT+0800 (CST),,s2w11,focus,
Wed Sep 02 2015 18:21:54 GMT+0800 (CST),,s2w12,focus,
Wed Sep 02 2015 18:21:56 GMT+0800 (CST),,s2w13,focus,
Wed Sep 02 2015 18:21:56 GMT+0800 (CST),,s2w14,focus,
Wed Sep 02 2015 18:21:57 GMT+0800 (CST),,s2w15,focus,
Wed Sep 02 2015 18:21:58 GMT+0800 (CST),,s2w16,focus,
Wed Sep 02 2015 18:22:03 GMT+0800 (CST),,s2w17,focus,
Wed Sep 02 2015 18:22:03 GMT+0800 (CST),,s2w18,focus,
Wed Sep 02 2015 18:22:05 GMT+0800 (CST),,s2w19,focus,
Wed Sep 02 2015 18:22:07 GMT+0800 (CST),,s2w20,focus,
Wed Sep 02 2015 18:22:08 GMT+0800 (CST),,s2w21,focus,
Wed Sep 02 2015 18:22:10 GMT+0800 (CST),,s2w22,focus,
Wed Sep 02 2015 18:22:10 GMT+0800 (CST),,s2w23,focus,
Wed Sep 02 2015 18:22:12 GMT+0800 (CST),,s2w24,focus,
Wed Sep 02 2015 18:22:14 GMT+0800 (CST),,s2w25,focus,
Wed Sep 02 2015 18:22:14 GMT+0800 (CST),,s2w26,focus,
Wed Sep 02 2015 18:22:14 GMT+0800 (CST),,s2w27,focus,
Wed Sep 02 2015 18:22:15 GMT+0800 (CST),,s2w28,focus,
Wed Sep 02 2015 18:22:31 GMT+0800 (CST),,s2w29,focus,
Wed Sep 02 2015 18:22:34 GMT+0800 (CST),,s2w30,focus,
Wed Sep 02 2015 18:22:35 GMT+0800 (CST),,s2w31,focus,
Wed Sep 02 2015 18:22:36 GMT+0800 (CST),,s2w32,focus,
Wed Sep 02 2015 18:22:36 GMT+0800 (CST),,s2w33,focus,
Wed Sep 02 2015 18:22:38 GMT+0800 (CST),,s2w34,focus,
Wed Sep 02 2015 18:22:39 GMT+0800 (CST),,s2w35,focus,
Wed Sep 02 2015 18:22:42 GMT+0800 (CST),,s2w34,focus,
Wed Sep 02 2015 18:22:42 GMT+0800 (CST),,s2w34,focus,
Wed Sep 02 2015 18:22:51 GMT+0800 (CST),,s2w34,focus,
Wed Sep 02 2015 18:22:57 GMT+0800 (CST),,s2w34,focus,
Wed Sep 02 2015 18:22:58 GMT+0800 (CST),,s2w34,label,"A"
Wed Sep 02 2015 18:22:59 GMT+0800 (CST),,s2w49,focus,
Wed Sep 02 2015 18:22:59 GMT+0800 (CST),,s2w49,focus,
Wed Sep 02 2015 18:23:00 GMT+0800 (CST),,s2w35,focus,
Wed Sep 02 2015 18:23:00 GMT+0800 (CST),,s2w35,focus,
Wed Sep 02 2015 18:23:01 GMT+0800 (CST),,s2w36,focus,
Wed Sep 02 2015 18:23:02 GMT+0800 (CST),,s2w37,focus,
Wed Sep 02 2015 18:23:03 GMT+0800 (CST),,s2w38,focus,
Wed Sep 02 2015 18:23:04 GMT+0800 (CST),,s2w39,focus,
Wed Sep 02 2015 18:23:05 GMT+0800 (CST),,s2w40,focus,
Wed Sep 02 2015 18:23:06 GMT+0800 (CST),,s2w41,focus,
Wed Sep 02 2015 18:23:08 GMT+0800 (CST),,s2w42,focus,
Wed Sep 02 2015 18:23:09 GMT+0800 (CST),,s2w43,focus,
Wed Sep 02 2015 18:23:11 GMT+0800 (CST),,s2w44,focus,
Wed Sep 02 2015 18:23:12 GMT+0800 (CST),,s2w45,focus,
Wed Sep 02 2015 18:23:13 GMT+0800 (CST),,s2w46,focus,
Wed Sep 02 2015 18:23:14 GMT+0800 (CST),,s2w47,focus,
Wed Sep 02 2015 18:23:15 GMT+0800 (CST),,s2w48,focus,
Wed Sep 02 2015 18:23:16 GMT+0800 (CST),,s2w49,focus,
Wed Sep 02 2015 18:23:17 GMT+0800 (CST),,s2w50,focus,
Wed Sep 02 2015 18:23:20 GMT+0800 (CST),,s2w49,focus,
Wed Sep 02 2015 18:23:20 GMT+0800 (CST),,s2w49,focus,
Wed Sep 02 2015 18:23:28 GMT+0800 (CST),,s2w50,focus,
Wed Sep 02 2015 18:23:28 GMT+0800 (CST),,s2w51,focus,
Wed Sep 02 2015 18:23:35 GMT+0800 (CST),,s2w52,focus,
Wed Sep 02 2015 18:23:36 GMT+0800 (CST),,s2w53,focus,
Wed Sep 02 2015 18:23:37 GMT+0800 (CST),,s2w54,focus,
Wed Sep 02 2015 18:23:39 GMT+0800 (CST),,s2w55,focus,
Wed Sep 02 2015 18:23:42 GMT+0800 (CST),,s3w1,focus,
Wed Sep 02 2015 18:25:23 GMT+0800 (CST),,s3w1,focus,
Wed Sep 02 2015 18:27:05 GMT+0800 (CST),,s3w2,focus,
Wed Sep 02 2015 18:27:05 GMT+0800 (CST),,s3w2,focus,
Wed Sep 02 2015 18:30:04 GMT+0800 (CST),,s3w2,focus,
Wed Sep 02 2015 18:30:04 GMT+0800 (CST),,s3w2,focus,
Wed Sep 02 2015 18:30:05 GMT+0800 (CST),,s3w2,label,"X"
Wed Sep 02 2015 18:30:07 GMT+0800 (CST),,s3w3,focus,
Wed Sep 02 2015 18:30:08 GMT+0800 (CST),,s3w4,focus,
Wed Sep 02 2015 18:30:40 GMT+0800 (CST),,s3w5,focus,
Wed Sep 02 2015 18:30:40 GMT+0800 (CST),,s3w5,focus,
Wed Sep 02 2015 18:30:41 GMT+0800 (CST),,s3w4,focus,
Wed Sep 02 2015 18:30:41 GMT+0800 (CST),,s3w4,focus,
Wed Sep 02 2015 18:30:43 GMT+0800 (CST),,s3w5,focus,
Wed Sep 02 2015 18:30:43 GMT+0800 (CST),,s3w5,focus,
Wed Sep 02 2015 18:30:46 GMT+0800 (CST),,s3w4,focus,
Wed Sep 02 2015 18:30:46 GMT+0800 (CST),,s3w4,focus,
Wed Sep 02 2015 18:31:05 GMT+0800 (CST),,s3w4,focus,
Wed Sep 02 2015 18:31:07 GMT+0800 (CST),,s3w5,focus,
Wed Sep 02 2015 18:31:07 GMT+0800 (CST),,s3w6,focus,
Wed Sep 02 2015 18:31:09 GMT+0800 (CST),,s3w7,focus,
Wed Sep 02 2015 18:31:11 GMT+0800 (CST),,s3w8,focus,
Wed Sep 02 2015 18:31:11 GMT+0800 (CST),,s3w9,focus,
Wed Sep 02 2015 18:31:13 GMT+0800 (CST),,s3w10,focus,
Wed Sep 02 2015 18:31:14 GMT+0800 (CST),,s3w11,focus,
Wed Sep 02 2015 18:31:19 GMT+0800 (CST),,s3w12,focus,
Wed Sep 02 2015 18:31:21 GMT+0800 (CST),,s3w13,focus,
Wed Sep 02 2015 18:31:24 GMT+0800 (CST),,s3w14,focus,
Wed Sep 02 2015 18:35:11 GMT+0800 (CST),,s2w6,focus,
Wed Sep 02 2015 18:35:11 GMT+0800 (CST),,s2w6,focus,
Wed Sep 02 2015 18:36:04 GMT+0800 (CST),,s2w6,focus,
Wed Sep 02 2015 18:36:54 GMT+0800 (CST),,s2w6,focus,
Wed Sep 02 2015 18:36:54 GMT+0800 (CST),,s2w6,focus,
Wed Sep 02 2015 18:36:55 GMT+0800 (CST),,s2w20,focus,
Wed Sep 02 2015 18:36:55 GMT+0800 (CST),,s2w20,focus,
Wed Sep 02 2015 18:36:56 GMT+0800 (CST),,s2w20,label,"D"
Wed Sep 02 2015 18:36:57 GMT+0800 (CST),,s3w14,focus,
Wed Sep 02 2015 18:36:57 GMT+0800 (CST),,s3w14,focus,
Wed Sep 02 2015 18:36:57 GMT+0800 (CST),,s3w14,label,"D"
Wed Sep 02 2015 18:37:01 GMT+0800 (CST),,s5w33,focus,
Wed Sep 02 2015 18:37:01 GMT+0800 (CST),,s5w33,focus,
Wed Sep 02 2015 18:37:02 GMT+0800 (CST),,s5w33,label,"D"
Wed Sep 02 2015 18:37:02 GMT+0800 (CST),,s5w23,focus,
Wed Sep 02 2015 18:37:02 GMT+0800 (CST),,s5w23,focus,
Wed Sep 02 2015 18:37:03 GMT+0800 (CST),,s5w23,label,"D"
Wed Sep 02 2015 18:37:04 GMT+0800 (CST),,s5w45,focus,
Wed Sep 02 2015 18:37:04 GMT+0800 (CST),,s5w45,focus,
Wed Sep 02 2015 18:37:04 GMT+0800 (CST),,s5w45,label,"D"
Wed Sep 02 2015 18:37:09 GMT+0800 (CST),,s3w2,focus,
Wed Sep 02 2015 18:37:09 GMT+0800 (CST),,s3w2,focus,
Wed Sep 02 2015 18:37:10 GMT+0800 (CST),,s3w3,focus,
Wed Sep 02 2015 18:37:10 GMT+0800 (CST),,s3w4,focus,
Wed Sep 02 2015 18:37:10 GMT+0800 (CST),,s3w5,focus,
Wed Sep 02 2015 18:37:11 GMT+0800 (CST),,s3w6,focus,
Wed Sep 02 2015 18:37:11 GMT+0800 (CST),,s3w7,focus,
Wed Sep 02 2015 18:37:11 GMT+0800 (CST),,s3w8,focus,
Wed Sep 02 2015 18:37:11 GMT+0800 (CST),,s3w9,focus,
Wed Sep 02 2015 18:37:11 GMT+0800 (CST),,s3w10,focus,
Wed Sep 02 2015 18:37:12 GMT+0800 (CST),,s3w11,focus,
Wed Sep 02 2015 18:37:12 GMT+0800 (CST),,s3w12,focus,
Wed Sep 02 2015 18:37:13 GMT+0800 (CST),,s3w13,focus,
Wed Sep 02 2015 18:37:14 GMT+0800 (CST),,s3w14,focus,
Wed Sep 02 2015 18:37:14 GMT+0800 (CST),,s3w15,focus,
Wed Sep 02 2015 18:37:15 GMT+0800 (CST),,s3w16,focus,
Wed Sep 02 2015 18:37:16 GMT+0800 (CST),,s3w17,focus,
Wed Sep 02 2015 18:37:17 GMT+0800 (CST),,s3w18,focus,
Wed Sep 02 2015 18:37:18 GMT+0800 (CST),,s3w19,focus,
Wed Sep 02 2015 18:37:21 GMT+0800 (CST),,s3w20,focus,
Wed Sep 02 2015 18:37:23 GMT+0800 (CST),,s4w1,focus,
Wed Sep 02 2015 18:37:31 GMT+0800 (CST),,s4w2,focus,
Wed Sep 02 2015 18:37:31 GMT+0800 (CST),,s4w2,focus,
Wed Sep 02 2015 18:37:40 GMT+0800 (CST),,s4w2,label,"N"
Wed Sep 02 2015 18:37:41 GMT+0800 (CST),,s4w3,focus,
Wed Sep 02 2015 18:37:41 GMT+0800 (CST),,s5w1,focus,
Wed Sep 02 2015 18:37:43 GMT+0800 (CST),,s5w2,focus,
Wed Sep 02 2015 18:37:45 GMT+0800 (CST),,s5w3,focus,
Wed Sep 02 2015 18:37:46 GMT+0800 (CST),,s5w4,focus,
Wed Sep 02 2015 18:37:51 GMT+0800 (CST),,s5w5,focus,
Wed Sep 02 2015 18:37:51 GMT+0800 (CST),,s5w6,focus,
Wed Sep 02 2015 18:37:52 GMT+0800 (CST),,s5w7,focus,
Wed Sep 02 2015 18:37:53 GMT+0800 (CST),,s5w8,focus,
Wed Sep 02 2015 18:37:55 GMT+0800 (CST),,s5w9,focus,
Wed Sep 02 2015 18:37:57 GMT+0800 (CST),,s5w10,focus,
Wed Sep 02 2015 18:37:58 GMT+0800 (CST),,s5w11,focus,
Wed Sep 02 2015 18:37:59 GMT+0800 (CST),,s5w12,focus,
Wed Sep 02 2015 18:38:01 GMT+0800 (CST),,s5w13,focus,
Wed Sep 02 2015 18:38:10 GMT+0800 (CST),,s5w14,focus,
Wed Sep 02 2015 18:38:10 GMT+0800 (CST),,s5w14,focus,
Wed Sep 02 2015 18:38:11 GMT+0800 (CST),,s5w15,focus,
Wed Sep 02 2015 18:38:12 GMT+0800 (CST),,s5w16,focus,
Wed Sep 02 2015 18:38:14 GMT+0800 (CST),,s5w17,focus,
Wed Sep 02 2015 18:38:21 GMT+0800 (CST),,s5w18,focus,
Wed Sep 02 2015 18:38:22 GMT+0800 (CST),,s5w19,focus,
Wed Sep 02 2015 18:38:23 GMT+0800 (CST),,s5w20,focus,
Wed Sep 02 2015 18:38:23 GMT+0800 (CST),,s5w21,focus,
Wed Sep 02 2015 18:38:24 GMT+0800 (CST),,s5w22,focus,
Wed Sep 02 2015 18:38:25 GMT+0800 (CST),,s5w23,focus,
Wed Sep 02 2015 18:38:28 GMT+0800 (CST),,s5w24,focus,
Wed Sep 02 2015 18:38:29 GMT+0800 (CST),,s5w25,focus,
Wed Sep 02 2015 18:38:30 GMT+0800 (CST),,s5w26,focus,
Wed Sep 02 2015 18:39:01 GMT+0800 (CST),,s5w26,focus,
Wed Sep 02 2015 18:39:02 GMT+0800 (CST),,s5w25,focus,
Wed Sep 02 2015 18:39:02 GMT+0800 (CST),,s5w25,focus,
Wed Sep 02 2015 18:39:04 GMT+0800 (CST),,s5w26,focus,
Wed Sep 02 2015 18:39:09 GMT+0800 (CST),,s5w27,focus,
Wed Sep 02 2015 18:39:10 GMT+0800 (CST),,s5w28,focus,
Wed Sep 02 2015 18:39:10 GMT+0800 (CST),,s5w29,focus,
Wed Sep 02 2015 18:39:11 GMT+0800 (CST),,s5w30,focus,
Wed Sep 02 2015 18:39:12 GMT+0800 (CST),,s5w31,focus,
Wed Sep 02 2015 18:39:16 GMT+0800 (CST),,s5w32,focus,
Wed Sep 02 2015 18:39:28 GMT+0800 (CST),,s5w32,focus,
Wed Sep 02 2015 18:39:30 GMT+0800 (CST),,s5w31,focus,
Wed Sep 02 2015 18:39:30 GMT+0800 (CST),,s5w31,focus,
Wed Sep 02 2015 18:39:35 GMT+0800 (CST),,s5w32,focus,
Wed Sep 02 2015 18:39:36 GMT+0800 (CST),,s5w33,focus,
Wed Sep 02 2015 18:39:36 GMT+0800 (CST),,s5w34,focus,
Wed Sep 02 2015 18:39:37 GMT+0800 (CST),,s5w35,focus,
Wed Sep 02 2015 18:39:38 GMT+0800 (CST),,s5w36,focus,
Wed Sep 02 2015 18:39:43 GMT+0800 (CST),,s5w37,focus,
Wed Sep 02 2015 18:39:56 GMT+0800 (CST),,s5w38,focus,
Wed Sep 02 2015 18:39:57 GMT+0800 (CST),,s5w39,focus,
Wed Sep 02 2015 18:40:01 GMT+0800 (CST),,s5w40,focus,
Wed Sep 02 2015 18:40:02 GMT+0800 (CST),,s5w41,focus,
Wed Sep 02 2015 18:40:03 GMT+0800 (CST),,s5w42,focus,
Wed Sep 02 2015 18:40:03 GMT+0800 (CST),,s5w43,focus,
Wed Sep 02 2015 18:40:05 GMT+0800 (CST),,s5w44,focus,
Wed Sep 02 2015 18:40:23 GMT+0800 (CST),,s5w45,focus,
Wed Sep 02 2015 18:40:25 GMT+0800 (CST),,s5w46,focus,
Wed Sep 02 2015 18:40:26 GMT+0800 (CST),,s5w47,focus,
Wed Sep 02 2015 18:40:27 GMT+0800 (CST),,s5w48,focus,
Wed Sep 02 2015 18:40:27 GMT+0800 (CST),,s5w49,focus,
Wed Sep 02 2015 18:40:29 GMT+0800 (CST),,s5w50,focus,
Wed Sep 02 2015 18:40:35 GMT+0800 (CST),,s5w51,focus,
Wed Sep 02 2015 18:40:37 GMT+0800 (CST),,s5w52,focus,
Wed Sep 02 2015 18:40:38 GMT+0800 (CST),,s5w53,focus,
Wed Sep 02 2015 18:40:38 GMT+0800 (CST),,s5w54,focus,
Wed Sep 02 2015 18:40:59 GMT+0800 (CST),,s5w55,focus,
Wed Sep 02 2015 18:41:00 GMT+0800 (CST),,s5w56,focus,
Wed Sep 02 2015 18:41:01 GMT+0800 (CST),,s5w57,focus,
Wed Sep 02 2015 18:41:02 GMT+0800 (CST),,s5w58,focus,
Wed Sep 02 2015 18:41:02 GMT+0800 (CST),,s5w59,focus,
Wed Sep 02 2015 18:41:03 GMT+0800 (CST),,s5w60,focus,
Wed Sep 02 2015 18:41:04 GMT+0800 (CST),,s5w61,focus,
Wed Sep 02 2015 18:41:04 GMT+0800 (CST),,s5w62,focus,
Wed Sep 02 2015 18:41:05 GMT+0800 (CST),,s5w63,focus,
Wed Sep 02 2015 18:41:05 GMT+0800 (CST),,s5w64,focus,
Wed Sep 02 2015 18:41:05 GMT+0800 (CST),,s6w1,focus,
Wed Sep 02 2015 18:41:06 GMT+0800 (CST),,s6w2,focus,
Wed Sep 02 2015 18:41:07 GMT+0800 (CST),,s6w3,focus,
Wed Sep 02 2015 18:41:07 GMT+0800 (CST),,s6w4,focus,
Wed Sep 02 2015 18:41:07 GMT+0800 (CST),,s6w5,focus,
Wed Sep 02 2015 18:41:08 GMT+0800 (CST),,s6w6,focus,
Wed Sep 02 2015 18:41:09 GMT+0800 (CST),,s6w7,focus,
Wed Sep 02 2015 18:41:10 GMT+0800 (CST),,s6w8,focus,
Wed Sep 02 2015 18:41:11 GMT+0800 (CST),,s6w9,focus,
Wed Sep 02 2015 18:41:12 GMT+0800 (CST),,s6w10,focus,
Wed Sep 02 2015 18:41:19 GMT+0800 (CST),,s6w11,focus,
Wed Sep 02 2015 18:41:34 GMT+0800 (CST),,s6w10,focus,
Wed Sep 02 2015 18:41:34 GMT+0800 (CST),,s6w10,focus,
Wed Sep 02 2015 18:41:35 GMT+0800 (CST),,s6w10,label,","
Wed Sep 02 2015 18:41:44 GMT+0800 (CST),,s6w11,focus,
Wed Sep 02 2015 18:41:44 GMT+0800 (CST),,s6w12,focus,
Wed Sep 02 2015 18:41:50 GMT+0800 (CST),,s6w13,focus,
Wed Sep 02 2015 18:41:53 GMT+0800 (CST),,s6w14,focus,
Wed Sep 02 2015 18:41:56 GMT+0800 (CST),,,submitPage,
