Wed Sep 02 2015 20:42:02 GMT+0800 (CST),,,pageReady,0:100:100
Wed Sep 02 2015 20:42:02 GMT+0800 (CST),,s0,twitterId,1035628
Wed Sep 02 2015 20:42:02 GMT+0800 (CST),,s1,twitterId,1035628
Wed Sep 02 2015 20:42:02 GMT+0800 (CST),,s2,twitterId,1035628
Wed Sep 02 2015 20:42:23 GMT+0800 (CST),,s1w17,focus,
Wed Sep 02 2015 20:42:23 GMT+0800 (CST),,s1w17,focus,
Wed Sep 02 2015 20:42:25 GMT+0800 (CST),,s1w17,label,"N"
Wed Sep 02 2015 20:42:37 GMT+0800 (CST),,s1w17,label,"G"
Wed Sep 02 2015 20:43:12 GMT+0800 (CST),,s2w13,focus,
Wed Sep 02 2015 20:43:12 GMT+0800 (CST),,s2w13,focus,
Wed Sep 02 2015 20:43:14 GMT+0800 (CST),,s2w13,label,"V"
Wed Sep 02 2015 20:43:17 GMT+0800 (CST),,s2w19,focus,
Wed Sep 02 2015 20:43:17 GMT+0800 (CST),,s2w19,focus,
Wed Sep 02 2015 20:43:18 GMT+0800 (CST),,s2w19,label,"^"
Wed Sep 02 2015 20:43:27 GMT+0800 (CST),,s2w30,focus,
Wed Sep 02 2015 20:43:27 GMT+0800 (CST),,s2w30,focus,
Wed Sep 02 2015 20:43:33 GMT+0800 (CST),,s2w30,label,"N"
Wed Sep 02 2015 20:43:52 GMT+0800 (CST),,s2w67,focus,
Wed Sep 02 2015 20:43:52 GMT+0800 (CST),,s2w67,focus,
Wed Sep 02 2015 20:44:00 GMT+0800 (CST),,s2w89,focus,
Wed Sep 02 2015 20:44:00 GMT+0800 (CST),,s2w89,focus,
Wed Sep 02 2015 20:44:10 GMT+0800 (CST),,,submitPage,
