Wed Sep 02 2015 19:02:39 GMT+0800 (CST),,,pageReady,0:100:100
Wed Sep 02 2015 19:02:39 GMT+0800 (CST),,s0,twitterId,964032
Wed Sep 02 2015 19:02:39 GMT+0800 (CST),,s1,twitterId,964032
Wed Sep 02 2015 19:02:39 GMT+0800 (CST),,s2,twitterId,964032
Wed Sep 02 2015 19:02:39 GMT+0800 (CST),,s3,twitterId,964032
Wed Sep 02 2015 19:02:39 GMT+0800 (CST),,s4,twitterId,964032
Wed Sep 02 2015 19:02:39 GMT+0800 (CST),,s5,twitterId,964032
Wed Sep 02 2015 19:02:39 GMT+0800 (CST),,s6,twitterId,964032
Wed Sep 02 2015 19:02:39 GMT+0800 (CST),,s7,twitterId,964032
Wed Sep 02 2015 19:02:39 GMT+0800 (CST),,s8,twitterId,964032
Wed Sep 02 2015 19:02:39 GMT+0800 (CST),,s9,twitterId,964032
Wed Sep 02 2015 19:02:39 GMT+0800 (CST),,s10,twitterId,964032
Wed Sep 02 2015 19:02:41 GMT+0800 (CST),,s0w1,focus,
Wed Sep 02 2015 19:02:41 GMT+0800 (CST),,s0w1,focus,
Wed Sep 02 2015 19:02:41 GMT+0800 (CST),,s0w2,focus,
Wed Sep 02 2015 19:02:42 GMT+0800 (CST),,s0w3,focus,
Wed Sep 02 2015 19:02:43 GMT+0800 (CST),,s0w4,focus,
Wed Sep 02 2015 19:02:44 GMT+0800 (CST),,s0w5,focus,
Wed Sep 02 2015 19:02:46 GMT+0800 (CST),,s0w6,focus,
Wed Sep 02 2015 19:02:46 GMT+0800 (CST),,s0w7,focus,
Wed Sep 02 2015 19:02:47 GMT+0800 (CST),,s0w8,focus,
Wed Sep 02 2015 19:02:47 GMT+0800 (CST),,s0w9,focus,
Wed Sep 02 2015 19:02:48 GMT+0800 (CST),,s0w10,focus,
Wed Sep 02 2015 19:02:49 GMT+0800 (CST),,s0w11,focus,
Wed Sep 02 2015 19:02:50 GMT+0800 (CST),,s0w12,focus,
Wed Sep 02 2015 19:02:50 GMT+0800 (CST),,s0w13,focus,
Wed Sep 02 2015 19:02:51 GMT+0800 (CST),,s0w14,focus,
Wed Sep 02 2015 19:02:52 GMT+0800 (CST),,s0w15,focus,
Wed Sep 02 2015 19:02:52 GMT+0800 (CST),,s0w16,focus,
Wed Sep 02 2015 19:02:54 GMT+0800 (CST),,s0w16,label,"^"
Wed Sep 02 2015 19:02:55 GMT+0800 (CST),,s0w17,focus,
Wed Sep 02 2015 19:02:56 GMT+0800 (CST),,s1w1,focus,
Wed Sep 02 2015 19:02:57 GMT+0800 (CST),,s1w2,focus,
Wed Sep 02 2015 19:02:58 GMT+0800 (CST),,s1w3,focus,
Wed Sep 02 2015 19:02:58 GMT+0800 (CST),,s1w4,focus,
Wed Sep 02 2015 19:02:59 GMT+0800 (CST),,s1w5,focus,
Wed Sep 02 2015 19:03:00 GMT+0800 (CST),,s1w6,focus,
Wed Sep 02 2015 19:03:02 GMT+0800 (CST),,s1w4,focus,
Wed Sep 02 2015 19:03:02 GMT+0800 (CST),,s1w4,focus,
Wed Sep 02 2015 19:03:03 GMT+0800 (CST),,s1w5,focus,
Wed Sep 02 2015 19:03:04 GMT+0800 (CST),,s1w6,focus,
Wed Sep 02 2015 19:03:05 GMT+0800 (CST),,s1w7,focus,
Wed Sep 02 2015 19:03:07 GMT+0800 (CST),,s1w8,focus,
Wed Sep 02 2015 19:03:08 GMT+0800 (CST),,s1w9,focus,
Wed Sep 02 2015 19:03:08 GMT+0800 (CST),,s1w10,focus,
Wed Sep 02 2015 19:03:18 GMT+0800 (CST),,s1w10,label,"D"
Wed Sep 02 2015 19:03:19 GMT+0800 (CST),,s1w11,focus,
Wed Sep 02 2015 19:03:20 GMT+0800 (CST),,s1w12,focus,
Wed Sep 02 2015 19:03:21 GMT+0800 (CST),,s1w13,focus,
Wed Sep 02 2015 19:03:28 GMT+0800 (CST),,s1w14,focus,
Wed Sep 02 2015 19:03:29 GMT+0800 (CST),,s1w15,focus,
Wed Sep 02 2015 19:03:30 GMT+0800 (CST),,s1w16,focus,
Wed Sep 02 2015 19:03:31 GMT+0800 (CST),,s1w17,focus,
Wed Sep 02 2015 19:03:36 GMT+0800 (CST),,s1w16,focus,
Wed Sep 02 2015 19:03:36 GMT+0800 (CST),,s1w16,focus,
Wed Sep 02 2015 19:03:37 GMT+0800 (CST),,s1w16,label,"N"
Wed Sep 02 2015 19:03:38 GMT+0800 (CST),,s1w17,focus,
Wed Sep 02 2015 19:03:38 GMT+0800 (CST),,s1w18,focus,
Wed Sep 02 2015 19:03:40 GMT+0800 (CST),,s1w19,focus,
Wed Sep 02 2015 19:03:42 GMT+0800 (CST),,s1w20,focus,
Wed Sep 02 2015 19:03:43 GMT+0800 (CST),,s1w21,focus,
Wed Sep 02 2015 19:03:44 GMT+0800 (CST),,s1w22,focus,
Wed Sep 02 2015 19:03:47 GMT+0800 (CST),,s1w23,focus,
Wed Sep 02 2015 19:03:50 GMT+0800 (CST),,s1w23,label,"^"
Wed Sep 02 2015 19:03:50 GMT+0800 (CST),,s1w24,focus,
Wed Sep 02 2015 19:03:51 GMT+0800 (CST),,s1w25,focus,
Wed Sep 02 2015 19:03:52 GMT+0800 (CST),,s1w26,focus,
Wed Sep 02 2015 19:04:01 GMT+0800 (CST),,s1w27,focus,
Wed Sep 02 2015 19:04:02 GMT+0800 (CST),,s1w28,focus,
Wed Sep 02 2015 19:04:04 GMT+0800 (CST),,s1w29,focus,
Wed Sep 02 2015 19:04:04 GMT+0800 (CST),,s2w1,focus,
Wed Sep 02 2015 19:04:08 GMT+0800 (CST),,s2w2,focus,
Wed Sep 02 2015 19:04:10 GMT+0800 (CST),,s2w3,focus,
Wed Sep 02 2015 19:04:10 GMT+0800 (CST),,s2w4,focus,
Wed Sep 02 2015 19:04:11 GMT+0800 (CST),,s2w5,focus,
Wed Sep 02 2015 19:04:12 GMT+0800 (CST),,s2w6,focus,
Wed Sep 02 2015 19:04:13 GMT+0800 (CST),,s2w7,focus,
Wed Sep 02 2015 19:04:14 GMT+0800 (CST),,s2w8,focus,
Wed Sep 02 2015 19:04:15 GMT+0800 (CST),,s2w9,focus,
Wed Sep 02 2015 19:04:16 GMT+0800 (CST),,s2w10,focus,
Wed Sep 02 2015 19:04:20 GMT+0800 (CST),,s2w11,focus,
Wed Sep 02 2015 19:04:42 GMT+0800 (CST),,s2w12,focus,
Wed Sep 02 2015 19:04:43 GMT+0800 (CST),,s2w13,focus,
Wed Sep 02 2015 19:04:44 GMT+0800 (CST),,s2w14,focus,
Wed Sep 02 2015 19:04:44 GMT+0800 (CST),,s2w15,focus,
Wed Sep 02 2015 19:04:45 GMT+0800 (CST),,s2w16,focus,
Wed Sep 02 2015 19:04:46 GMT+0800 (CST),,s2w17,focus,
Wed Sep 02 2015 19:04:47 GMT+0800 (CST),,s2w18,focus,
Wed Sep 02 2015 19:04:47 GMT+0800 (CST),,s2w19,focus,
Wed Sep 02 2015 19:04:51 GMT+0800 (CST),,s2w18,focus,
Wed Sep 02 2015 19:04:51 GMT+0800 (CST),,s2w18,focus,
Wed Sep 02 2015 19:04:54 GMT+0800 (CST),,s2w18,label,","
Wed Sep 02 2015 19:04:54 GMT+0800 (CST),,s2w19,focus,
Wed Sep 02 2015 19:04:54 GMT+0800 (CST),,s2w19,label,","
Wed Sep 02 2015 19:04:55 GMT+0800 (CST),,s2w20,focus,
Wed Sep 02 2015 19:04:55 GMT+0800 (CST),,s2w20,label,","
Wed Sep 02 2015 19:04:56 GMT+0800 (CST),,s2w21,focus,
Wed Sep 02 2015 19:04:56 GMT+0800 (CST),,s2w21,label,","
Wed Sep 02 2015 19:04:57 GMT+0800 (CST),,s2w21,label,","
Wed Sep 02 2015 19:04:57 GMT+0800 (CST),,s2w22,focus,
Wed Sep 02 2015 19:04:59 GMT+0800 (CST),,s2w23,focus,
Wed Sep 02 2015 19:04:59 GMT+0800 (CST),,s2w24,focus,
Wed Sep 02 2015 19:05:01 GMT+0800 (CST),,s2w25,focus,
Wed Sep 02 2015 19:05:01 GMT+0800 (CST),,s2w25,label,","
Wed Sep 02 2015 19:05:01 GMT+0800 (CST),,s2w26,focus,
Wed Sep 02 2015 19:05:02 GMT+0800 (CST),,s2w27,focus,
Wed Sep 02 2015 19:05:02 GMT+0800 (CST),,s3w1,focus,
Wed Sep 02 2015 19:05:29 GMT+0800 (CST),,s3w2,focus,
Wed Sep 02 2015 19:05:30 GMT+0800 (CST),,s3w3,focus,
Wed Sep 02 2015 19:05:32 GMT+0800 (CST),,s3w4,focus,
Wed Sep 02 2015 19:05:33 GMT+0800 (CST),,s3w5,focus,
Wed Sep 02 2015 19:05:36 GMT+0800 (CST),,s3w5,label,","
Wed Sep 02 2015 19:05:37 GMT+0800 (CST),,s3w6,focus,
Wed Sep 02 2015 19:05:38 GMT+0800 (CST),,s3w7,focus,
Wed Sep 02 2015 19:05:40 GMT+0800 (CST),,s3w8,focus,
Wed Sep 02 2015 19:05:47 GMT+0800 (CST),,s3w8,label,"N"
Wed Sep 02 2015 19:05:49 GMT+0800 (CST),,s3w9,focus,
Wed Sep 02 2015 19:05:52 GMT+0800 (CST),,s3w9,label,","
Wed Sep 02 2015 19:05:52 GMT+0800 (CST),,s3w10,focus,
Wed Sep 02 2015 19:05:53 GMT+0800 (CST),,s3w11,focus,
Wed Sep 02 2015 19:05:56 GMT+0800 (CST),,s3w12,focus,
Wed Sep 02 2015 19:05:58 GMT+0800 (CST),,s3w13,focus,
Wed Sep 02 2015 19:06:05 GMT+0800 (CST),,s3w13,label,"D"
Wed Sep 02 2015 19:06:06 GMT+0800 (CST),,s3w14,focus,
Wed Sep 02 2015 19:06:06 GMT+0800 (CST),,s3w15,focus,
Wed Sep 02 2015 19:06:08 GMT+0800 (CST),,s3w16,focus,
Wed Sep 02 2015 19:06:09 GMT+0800 (CST),,s3w17,focus,
Wed Sep 02 2015 19:06:10 GMT+0800 (CST),,s3w18,focus,
Wed Sep 02 2015 19:06:11 GMT+0800 (CST),,s3w19,focus,
Wed Sep 02 2015 19:06:12 GMT+0800 (CST),,s3w20,focus,
Wed Sep 02 2015 19:06:13 GMT+0800 (CST),,s3w21,focus,
Wed Sep 02 2015 19:06:14 GMT+0800 (CST),,s3w22,focus,
Wed Sep 02 2015 19:06:14 GMT+0800 (CST),,s3w23,focus,
Wed Sep 02 2015 19:06:15 GMT+0800 (CST),,s3w24,focus,
Wed Sep 02 2015 19:06:15 GMT+0800 (CST),,s3w25,focus,
Wed Sep 02 2015 19:06:16 GMT+0800 (CST),,s3w26,focus,
Wed Sep 02 2015 19:06:23 GMT+0800 (CST),,s3w27,focus,
Wed Sep 02 2015 19:06:26 GMT+0800 (CST),,s3w28,focus,
Wed Sep 02 2015 19:06:27 GMT+0800 (CST),,s3w29,focus,
Wed Sep 02 2015 19:06:28 GMT+0800 (CST),,s3w30,focus,
Wed Sep 02 2015 19:06:28 GMT+0800 (CST),,s3w31,focus,
Wed Sep 02 2015 19:06:30 GMT+0800 (CST),,s3w31,label,"^"
Wed Sep 02 2015 19:06:31 GMT+0800 (CST),,s3w32,focus,
Wed Sep 02 2015 19:06:33 GMT+0800 (CST),,s3w33,focus,
Wed Sep 02 2015 19:06:35 GMT+0800 (CST),,s3w34,focus,
Wed Sep 02 2015 19:06:36 GMT+0800 (CST),,s3w35,focus,
Wed Sep 02 2015 19:06:37 GMT+0800 (CST),,s3w36,focus,
Wed Sep 02 2015 19:06:38 GMT+0800 (CST),,s3w37,focus,
Wed Sep 02 2015 19:06:40 GMT+0800 (CST),,s3w38,focus,
Wed Sep 02 2015 19:06:41 GMT+0800 (CST),,s3w39,focus,
Wed Sep 02 2015 19:06:44 GMT+0800 (CST),,s3w39,label,"D"
Wed Sep 02 2015 19:06:45 GMT+0800 (CST),,s3w40,focus,
Wed Sep 02 2015 19:06:48 GMT+0800 (CST),,s3w41,focus,
Wed Sep 02 2015 19:06:49 GMT+0800 (CST),,s3w42,focus,
Wed Sep 02 2015 19:06:50 GMT+0800 (CST),,s3w43,focus,
Wed Sep 02 2015 19:06:52 GMT+0800 (CST),,s3w44,focus,
Wed Sep 02 2015 19:07:05 GMT+0800 (CST),,s3w44,focus,
Wed Sep 02 2015 19:07:07 GMT+0800 (CST),,s3w43,focus,
Wed Sep 02 2015 19:07:07 GMT+0800 (CST),,s3w43,focus,
Wed Sep 02 2015 19:07:15 GMT+0800 (CST),,s3w43,focus,
Wed Sep 02 2015 19:07:16 GMT+0800 (CST),,s3w43,label,"R"
Wed Sep 02 2015 19:07:18 GMT+0800 (CST),,s3w44,focus,
Wed Sep 02 2015 19:07:18 GMT+0800 (CST),,s4w1,focus,
Wed Sep 02 2015 19:07:20 GMT+0800 (CST),,s4w2,focus,
Wed Sep 02 2015 19:07:22 GMT+0800 (CST),,s4w2,label,","
Wed Sep 02 2015 19:07:23 GMT+0800 (CST),,s4w3,focus,
Wed Sep 02 2015 19:07:27 GMT+0800 (CST),,s4w4,focus,
Wed Sep 02 2015 19:07:30 GMT+0800 (CST),,s4w5,focus,
Wed Sep 02 2015 19:07:37 GMT+0800 (CST),,s4w6,focus,
Wed Sep 02 2015 19:07:38 GMT+0800 (CST),,s4w7,focus,
Wed Sep 02 2015 19:07:38 GMT+0800 (CST),,s4w8,focus,
Wed Sep 02 2015 19:07:39 GMT+0800 (CST),,s4w9,focus,
Wed Sep 02 2015 19:07:40 GMT+0800 (CST),,s4w10,focus,
Wed Sep 02 2015 19:07:41 GMT+0800 (CST),,s4w11,focus,
Wed Sep 02 2015 19:07:41 GMT+0800 (CST),,s4w12,focus,
Wed Sep 02 2015 19:07:42 GMT+0800 (CST),,s4w13,focus,
Wed Sep 02 2015 19:07:42 GMT+0800 (CST),,s4w14,focus,
Wed Sep 02 2015 19:07:45 GMT+0800 (CST),,s4w15,focus,
Wed Sep 02 2015 19:07:45 GMT+0800 (CST),,s4w16,focus,
Wed Sep 02 2015 19:07:45 GMT+0800 (CST),,s4w17,focus,
Wed Sep 02 2015 19:07:45 GMT+0800 (CST),,s4w18,focus,
Wed Sep 02 2015 19:07:45 GMT+0800 (CST),,s4w19,focus,
Wed Sep 02 2015 19:07:47 GMT+0800 (CST),,s4w19,label,","
Wed Sep 02 2015 19:07:48 GMT+0800 (CST),,s4w20,focus,
Wed Sep 02 2015 19:08:19 GMT+0800 (CST),,s4w21,focus,
Wed Sep 02 2015 19:08:19 GMT+0800 (CST),,s4w22,focus,
Wed Sep 02 2015 19:08:20 GMT+0800 (CST),,s4w23,focus,
Wed Sep 02 2015 19:08:35 GMT+0800 (CST),,s4w23,focus,
Wed Sep 02 2015 19:08:36 GMT+0800 (CST),,s4w23,focus,
Wed Sep 02 2015 19:08:37 GMT+0800 (CST),,s4w24,focus,
Wed Sep 02 2015 19:08:37 GMT+0800 (CST),,s4w25,focus,
Wed Sep 02 2015 19:08:39 GMT+0800 (CST),,s4w26,focus,
Wed Sep 02 2015 19:08:40 GMT+0800 (CST),,s4w27,focus,
Wed Sep 02 2015 19:08:41 GMT+0800 (CST),,s4w28,focus,
Wed Sep 02 2015 19:08:41 GMT+0800 (CST),,s4w29,focus,
Wed Sep 02 2015 19:08:42 GMT+0800 (CST),,s4w30,focus,
Wed Sep 02 2015 19:08:42 GMT+0800 (CST),,s4w31,focus,
Wed Sep 02 2015 19:08:42 GMT+0800 (CST),,s4w32,focus,
Wed Sep 02 2015 19:08:43 GMT+0800 (CST),,s4w33,focus,
Wed Sep 02 2015 19:08:43 GMT+0800 (CST),,s4w34,focus,
Wed Sep 02 2015 19:08:44 GMT+0800 (CST),,s4w35,focus,
Wed Sep 02 2015 19:08:45 GMT+0800 (CST),,s4w36,focus,
Wed Sep 02 2015 19:08:46 GMT+0800 (CST),,s4w37,focus,
Wed Sep 02 2015 19:08:46 GMT+0800 (CST),,s4w38,focus,
Wed Sep 02 2015 19:08:47 GMT+0800 (CST),,s4w39,focus,
Wed Sep 02 2015 19:09:00 GMT+0800 (CST),,s4w39,label,"Z"
Wed Sep 02 2015 19:09:01 GMT+0800 (CST),,s4w40,focus,
Wed Sep 02 2015 19:09:08 GMT+0800 (CST),,s4w39,focus,
Wed Sep 02 2015 19:09:08 GMT+0800 (CST),,s4w39,focus,
Wed Sep 02 2015 19:09:13 GMT+0800 (CST),,s4w39,label,"S"
Wed Sep 02 2015 19:09:13 GMT+0800 (CST),,s4w40,focus,
Wed Sep 02 2015 19:09:13 GMT+0800 (CST),,s4w40,focus,
Wed Sep 02 2015 19:09:19 GMT+0800 (CST),,s4w41,focus,
Wed Sep 02 2015 19:09:21 GMT+0800 (CST),,s4w42,focus,
Wed Sep 02 2015 19:09:21 GMT+0800 (CST),,s4w43,focus,
Wed Sep 02 2015 19:09:22 GMT+0800 (CST),,s4w44,focus,
Wed Sep 02 2015 19:09:25 GMT+0800 (CST),,s4w45,focus,
Wed Sep 02 2015 19:09:26 GMT+0800 (CST),,s4w46,focus,
Wed Sep 02 2015 19:09:26 GMT+0800 (CST),,s4w47,focus,
Wed Sep 02 2015 19:09:27 GMT+0800 (CST),,s4w48,focus,
Wed Sep 02 2015 19:09:27 GMT+0800 (CST),,s5w1,focus,
Wed Sep 02 2015 19:09:31 GMT+0800 (CST),,s4w47,focus,
Wed Sep 02 2015 19:09:31 GMT+0800 (CST),,s4w47,focus,
Wed Sep 02 2015 19:09:32 GMT+0800 (CST),,s4w47,label,"N"
Wed Sep 02 2015 19:09:32 GMT+0800 (CST),,s4w48,focus,
Wed Sep 02 2015 19:09:33 GMT+0800 (CST),,s5w1,focus,
Wed Sep 02 2015 19:09:36 GMT+0800 (CST),,s5w4,focus,
Wed Sep 02 2015 19:09:36 GMT+0800 (CST),,s5w4,focus,
Wed Sep 02 2015 19:09:38 GMT+0800 (CST),,s5w4,label,"^"
Wed Sep 02 2015 19:09:39 GMT+0800 (CST),,s5w5,focus,
Wed Sep 02 2015 19:09:41 GMT+0800 (CST),,s5w5,label,"^"
Wed Sep 02 2015 19:09:41 GMT+0800 (CST),,s5w6,focus,
Wed Sep 02 2015 19:09:42 GMT+0800 (CST),,s5w7,focus,
Wed Sep 02 2015 19:09:42 GMT+0800 (CST),,s5w8,focus,
Wed Sep 02 2015 19:09:43 GMT+0800 (CST),,s5w9,focus,
Wed Sep 02 2015 19:09:44 GMT+0800 (CST),,s5w10,focus,
Wed Sep 02 2015 19:09:51 GMT+0800 (CST),,s5w11,focus,
Wed Sep 02 2015 19:09:53 GMT+0800 (CST),,s5w12,focus,
Wed Sep 02 2015 19:09:54 GMT+0800 (CST),,s5w13,focus,
Wed Sep 02 2015 19:09:55 GMT+0800 (CST),,s5w14,focus,
Wed Sep 02 2015 19:09:55 GMT+0800 (CST),,s5w15,focus,
Wed Sep 02 2015 19:09:58 GMT+0800 (CST),,s5w16,focus,
Wed Sep 02 2015 19:09:59 GMT+0800 (CST),,s5w17,focus,
Wed Sep 02 2015 19:10:00 GMT+0800 (CST),,s5w18,focus,
Wed Sep 02 2015 19:10:03 GMT+0800 (CST),,s5w18,label,"^"
Wed Sep 02 2015 19:10:03 GMT+0800 (CST),,s5w19,focus,
Wed Sep 02 2015 19:10:04 GMT+0800 (CST),,s5w19,label,"^"
Wed Sep 02 2015 19:10:05 GMT+0800 (CST),,s5w20,focus,
Wed Sep 02 2015 19:10:06 GMT+0800 (CST),,s5w21,focus,
Wed Sep 02 2015 19:10:07 GMT+0800 (CST),,s5w22,focus,
Wed Sep 02 2015 19:10:14 GMT+0800 (CST),,s5w23,focus,
Wed Sep 02 2015 19:10:15 GMT+0800 (CST),,s5w24,focus,
Wed Sep 02 2015 19:10:16 GMT+0800 (CST),,s5w25,focus,
Wed Sep 02 2015 19:10:17 GMT+0800 (CST),,s5w26,focus,
Wed Sep 02 2015 19:10:18 GMT+0800 (CST),,s5w27,focus,
Wed Sep 02 2015 19:10:18 GMT+0800 (CST),,s5w28,focus,
Wed Sep 02 2015 19:10:19 GMT+0800 (CST),,s5w29,focus,
Wed Sep 02 2015 19:10:20 GMT+0800 (CST),,s5w30,focus,
Wed Sep 02 2015 19:10:22 GMT+0800 (CST),,s5w31,focus,
Wed Sep 02 2015 19:10:23 GMT+0800 (CST),,s5w32,focus,
Wed Sep 02 2015 19:10:23 GMT+0800 (CST),,s5w33,focus,
Wed Sep 02 2015 19:10:24 GMT+0800 (CST),,s5w34,focus,
Wed Sep 02 2015 19:10:25 GMT+0800 (CST),,s5w35,focus,
Wed Sep 02 2015 19:10:25 GMT+0800 (CST),,s5w36,focus,
Wed Sep 02 2015 19:10:26 GMT+0800 (CST),,s5w37,focus,
Wed Sep 02 2015 19:10:27 GMT+0800 (CST),,s5w38,focus,
Wed Sep 02 2015 19:10:28 GMT+0800 (CST),,s5w39,focus,
Wed Sep 02 2015 19:10:28 GMT+0800 (CST),,s5w40,focus,
Wed Sep 02 2015 19:10:29 GMT+0800 (CST),,s5w41,focus,
Wed Sep 02 2015 19:10:43 GMT+0800 (CST),,s5w41,label,"^"
Wed Sep 02 2015 19:10:44 GMT+0800 (CST),,s5w42,focus,
Wed Sep 02 2015 19:10:45 GMT+0800 (CST),,s5w43,focus,
Wed Sep 02 2015 19:10:46 GMT+0800 (CST),,s5w44,focus,
Wed Sep 02 2015 19:10:47 GMT+0800 (CST),,s5w45,focus,
Wed Sep 02 2015 19:10:48 GMT+0800 (CST),,s5w46,focus,
Wed Sep 02 2015 19:10:49 GMT+0800 (CST),,s5w47,focus,
Wed Sep 02 2015 19:10:50 GMT+0800 (CST),,s5w48,focus,
Wed Sep 02 2015 19:10:50 GMT+0800 (CST),,s5w49,focus,
Wed Sep 02 2015 19:10:52 GMT+0800 (CST),,s5w50,focus,
Wed Sep 02 2015 19:10:54 GMT+0800 (CST),,s5w51,focus,
Wed Sep 02 2015 19:10:54 GMT+0800 (CST),,s5w52,focus,
Wed Sep 02 2015 19:10:56 GMT+0800 (CST),,s5w53,focus,
Wed Sep 02 2015 19:10:57 GMT+0800 (CST),,s5w54,focus,
Wed Sep 02 2015 19:10:57 GMT+0800 (CST),,s5w55,focus,
Wed Sep 02 2015 19:10:58 GMT+0800 (CST),,s5w56,focus,
Wed Sep 02 2015 19:10:58 GMT+0800 (CST),,s5w57,focus,
Wed Sep 02 2015 19:10:59 GMT+0800 (CST),,s5w58,focus,
Wed Sep 02 2015 19:11:00 GMT+0800 (CST),,s5w59,focus,
Wed Sep 02 2015 19:11:01 GMT+0800 (CST),,s5w60,focus,
Wed Sep 02 2015 19:11:01 GMT+0800 (CST),,s5w61,focus,
Wed Sep 02 2015 19:11:02 GMT+0800 (CST),,s5w62,focus,
Wed Sep 02 2015 19:11:03 GMT+0800 (CST),,s5w63,focus,
Wed Sep 02 2015 19:11:03 GMT+0800 (CST),,s5w64,focus,
Wed Sep 02 2015 19:11:04 GMT+0800 (CST),,s5w65,focus,
Wed Sep 02 2015 19:11:04 GMT+0800 (CST),,s5w66,focus,
Wed Sep 02 2015 19:11:05 GMT+0800 (CST),,s5w67,focus,
Wed Sep 02 2015 19:11:05 GMT+0800 (CST),,s5w68,focus,
Wed Sep 02 2015 19:11:05 GMT+0800 (CST),,s5w69,focus,
Wed Sep 02 2015 19:11:07 GMT+0800 (CST),,s5w70,focus,
Wed Sep 02 2015 19:11:08 GMT+0800 (CST),,s5w71,focus,
Wed Sep 02 2015 19:11:08 GMT+0800 (CST),,s5w72,focus,
Wed Sep 02 2015 19:11:09 GMT+0800 (CST),,s5w73,focus,
Wed Sep 02 2015 19:11:09 GMT+0800 (CST),,s5w74,focus,
Wed Sep 02 2015 19:11:10 GMT+0800 (CST),,s5w75,focus,
Wed Sep 02 2015 19:11:10 GMT+0800 (CST),,s5w76,focus,
Wed Sep 02 2015 19:11:10 GMT+0800 (CST),,s5w77,focus,
Wed Sep 02 2015 19:11:11 GMT+0800 (CST),,s5w78,focus,
Wed Sep 02 2015 19:11:11 GMT+0800 (CST),,s5w79,focus,
Wed Sep 02 2015 19:11:11 GMT+0800 (CST),,s5w80,focus,
Wed Sep 02 2015 19:11:14 GMT+0800 (CST),,s5w79,focus,
Wed Sep 02 2015 19:11:14 GMT+0800 (CST),,s5w79,focus,
Wed Sep 02 2015 19:11:14 GMT+0800 (CST),,s5w79,label,"^"
Wed Sep 02 2015 19:11:15 GMT+0800 (CST),,s5w80,focus,
Wed Sep 02 2015 19:11:16 GMT+0800 (CST),,s5w81,focus,
Wed Sep 02 2015 19:11:16 GMT+0800 (CST),,s5w82,focus,
Wed Sep 02 2015 19:11:18 GMT+0800 (CST),,s5w83,focus,
Wed Sep 02 2015 19:11:19 GMT+0800 (CST),,s6w1,focus,
Wed Sep 02 2015 19:11:19 GMT+0800 (CST),,s6w2,focus,
Wed Sep 02 2015 19:11:21 GMT+0800 (CST),,s6w3,focus,
Wed Sep 02 2015 19:11:31 GMT+0800 (CST),,s6w4,focus,
Wed Sep 02 2015 19:11:32 GMT+0800 (CST),,s6w5,focus,
Wed Sep 02 2015 19:11:33 GMT+0800 (CST),,s6w6,focus,
Wed Sep 02 2015 19:11:34 GMT+0800 (CST),,s6w7,focus,
Wed Sep 02 2015 19:11:34 GMT+0800 (CST),,s6w8,focus,
Wed Sep 02 2015 19:11:35 GMT+0800 (CST),,s6w9,focus,
Wed Sep 02 2015 19:11:36 GMT+0800 (CST),,s6w10,focus,
Wed Sep 02 2015 19:11:37 GMT+0800 (CST),,s6w11,focus,
Wed Sep 02 2015 19:11:38 GMT+0800 (CST),,s6w11,label,"^"
Wed Sep 02 2015 19:11:39 GMT+0800 (CST),,s6w12,focus,
Wed Sep 02 2015 19:11:40 GMT+0800 (CST),,s6w13,focus,
Wed Sep 02 2015 19:11:40 GMT+0800 (CST),,s6w14,focus,
Wed Sep 02 2015 19:11:41 GMT+0800 (CST),,s6w15,focus,
Wed Sep 02 2015 19:11:43 GMT+0800 (CST),,s6w16,focus,
Wed Sep 02 2015 19:11:43 GMT+0800 (CST),,s6w17,focus,
Wed Sep 02 2015 19:11:43 GMT+0800 (CST),,s6w18,focus,
Wed Sep 02 2015 19:11:44 GMT+0800 (CST),,s6w19,focus,
Wed Sep 02 2015 19:11:44 GMT+0800 (CST),,s6w20,focus,
Wed Sep 02 2015 19:11:44 GMT+0800 (CST),,s6w21,focus,
Wed Sep 02 2015 19:11:45 GMT+0800 (CST),,s6w22,focus,
Wed Sep 02 2015 19:11:45 GMT+0800 (CST),,s6w23,focus,
Wed Sep 02 2015 19:11:46 GMT+0800 (CST),,s6w24,focus,
Wed Sep 02 2015 19:11:46 GMT+0800 (CST),,s6w25,focus,
Wed Sep 02 2015 19:11:47 GMT+0800 (CST),,s6w26,focus,
Wed Sep 02 2015 19:11:47 GMT+0800 (CST),,s6w27,focus,
Wed Sep 02 2015 19:11:47 GMT+0800 (CST),,s6w28,focus,
Wed Sep 02 2015 19:11:48 GMT+0800 (CST),,s6w29,focus,
Wed Sep 02 2015 19:11:48 GMT+0800 (CST),,s6w30,focus,
Wed Sep 02 2015 19:11:48 GMT+0800 (CST),,s6w31,focus,
Wed Sep 02 2015 19:11:49 GMT+0800 (CST),,s7w1,focus,
Wed Sep 02 2015 19:11:50 GMT+0800 (CST),,s7w2,focus,
Wed Sep 02 2015 19:11:50 GMT+0800 (CST),,s7w3,focus,
Wed Sep 02 2015 19:11:51 GMT+0800 (CST),,s7w4,focus,
Wed Sep 02 2015 19:11:52 GMT+0800 (CST),,s7w5,focus,
Wed Sep 02 2015 19:11:52 GMT+0800 (CST),,s7w6,focus,
Wed Sep 02 2015 19:11:53 GMT+0800 (CST),,s7w7,focus,
Wed Sep 02 2015 19:11:55 GMT+0800 (CST),,s7w6,focus,
Wed Sep 02 2015 19:11:55 GMT+0800 (CST),,s7w6,focus,
Wed Sep 02 2015 19:11:57 GMT+0800 (CST),,s7w6,label,"N"
Wed Sep 02 2015 19:11:58 GMT+0800 (CST),,s7w7,focus,
Wed Sep 02 2015 19:11:59 GMT+0800 (CST),,s7w8,focus,
Wed Sep 02 2015 19:11:59 GMT+0800 (CST),,s7w9,focus,
Wed Sep 02 2015 19:11:59 GMT+0800 (CST),,s7w10,focus,
Wed Sep 02 2015 19:12:00 GMT+0800 (CST),,s7w11,focus,
Wed Sep 02 2015 19:12:00 GMT+0800 (CST),,s7w12,focus,
Wed Sep 02 2015 19:12:03 GMT+0800 (CST),,s7w11,focus,
Wed Sep 02 2015 19:12:03 GMT+0800 (CST),,s7w11,focus,
Wed Sep 02 2015 19:12:04 GMT+0800 (CST),,s7w11,label,"N"
Wed Sep 02 2015 19:12:04 GMT+0800 (CST),,s7w12,focus,
Wed Sep 02 2015 19:12:07 GMT+0800 (CST),,s7w13,focus,
Wed Sep 02 2015 19:12:08 GMT+0800 (CST),,s7w14,focus,
Wed Sep 02 2015 19:12:08 GMT+0800 (CST),,s7w15,focus,
Wed Sep 02 2015 19:12:09 GMT+0800 (CST),,s7w16,focus,
Wed Sep 02 2015 19:12:14 GMT+0800 (CST),,s7w16,label,"N"
Wed Sep 02 2015 19:12:14 GMT+0800 (CST),,s7w17,focus,
Wed Sep 02 2015 19:12:16 GMT+0800 (CST),,s7w18,focus,
Wed Sep 02 2015 19:12:17 GMT+0800 (CST),,s8w1,focus,
Wed Sep 02 2015 19:12:20 GMT+0800 (CST),,s8w2,focus,
Wed Sep 02 2015 19:12:20 GMT+0800 (CST),,s8w3,focus,
Wed Sep 02 2015 19:12:22 GMT+0800 (CST),,s8w4,focus,
Wed Sep 02 2015 19:12:24 GMT+0800 (CST),,s8w3,focus,
Wed Sep 02 2015 19:12:24 GMT+0800 (CST),,s8w3,focus,
Wed Sep 02 2015 19:12:25 GMT+0800 (CST),,s8w3,label,"D"
Wed Sep 02 2015 19:12:25 GMT+0800 (CST),,s8w4,focus,
Wed Sep 02 2015 19:12:26 GMT+0800 (CST),,s8w5,focus,
Wed Sep 02 2015 19:12:29 GMT+0800 (CST),,s8w6,focus,
Wed Sep 02 2015 19:12:30 GMT+0800 (CST),,s8w7,focus,
Wed Sep 02 2015 19:12:31 GMT+0800 (CST),,s8w8,focus,
Wed Sep 02 2015 19:12:31 GMT+0800 (CST),,s8w9,focus,
Wed Sep 02 2015 19:12:32 GMT+0800 (CST),,s8w10,focus,
Wed Sep 02 2015 19:12:32 GMT+0800 (CST),,s8w11,focus,
Wed Sep 02 2015 19:12:33 GMT+0800 (CST),,s8w12,focus,
Wed Sep 02 2015 19:12:34 GMT+0800 (CST),,s8w13,focus,
Wed Sep 02 2015 19:12:37 GMT+0800 (CST),,s8w14,focus,
Wed Sep 02 2015 19:12:40 GMT+0800 (CST),,s8w12,focus,
Wed Sep 02 2015 19:12:40 GMT+0800 (CST),,s8w12,focus,
Wed Sep 02 2015 19:12:40 GMT+0800 (CST),,s8w12,label,"N"
Wed Sep 02 2015 19:12:41 GMT+0800 (CST),,s8w13,focus,
Wed Sep 02 2015 19:12:42 GMT+0800 (CST),,s8w14,focus,
Wed Sep 02 2015 19:12:44 GMT+0800 (CST),,s8w15,focus,
Wed Sep 02 2015 19:12:44 GMT+0800 (CST),,s8w16,focus,
Wed Sep 02 2015 19:12:45 GMT+0800 (CST),,s8w17,focus,
Wed Sep 02 2015 19:12:46 GMT+0800 (CST),,s8w18,focus,
Wed Sep 02 2015 19:12:46 GMT+0800 (CST),,s8w19,focus,
Wed Sep 02 2015 19:12:48 GMT+0800 (CST),,s8w20,focus,
Wed Sep 02 2015 19:12:48 GMT+0800 (CST),,s8w21,focus,
Wed Sep 02 2015 19:12:48 GMT+0800 (CST),,s8w22,focus,
Wed Sep 02 2015 19:12:49 GMT+0800 (CST),,s8w23,focus,
Wed Sep 02 2015 19:12:49 GMT+0800 (CST),,s8w24,focus,
Wed Sep 02 2015 19:12:49 GMT+0800 (CST),,s8w25,focus,
Wed Sep 02 2015 19:12:50 GMT+0800 (CST),,s8w26,focus,
Wed Sep 02 2015 19:12:50 GMT+0800 (CST),,s8w27,focus,
Wed Sep 02 2015 19:12:50 GMT+0800 (CST),,s8w28,focus,
Wed Sep 02 2015 19:12:51 GMT+0800 (CST),,s8w29,focus,
Wed Sep 02 2015 19:12:51 GMT+0800 (CST),,s8w30,focus,
Wed Sep 02 2015 19:12:52 GMT+0800 (CST),,s8w31,focus,
Wed Sep 02 2015 19:12:52 GMT+0800 (CST),,s8w32,focus,
Wed Sep 02 2015 19:12:53 GMT+0800 (CST),,s8w33,focus,
Wed Sep 02 2015 19:12:53 GMT+0800 (CST),,s8w34,focus,
Wed Sep 02 2015 19:12:53 GMT+0800 (CST),,s8w35,focus,
Wed Sep 02 2015 19:12:54 GMT+0800 (CST),,s8w36,focus,
Wed Sep 02 2015 19:12:57 GMT+0800 (CST),,s8w37,focus,
Wed Sep 02 2015 19:12:57 GMT+0800 (CST),,s9w1,focus,
Wed Sep 02 2015 19:12:57 GMT+0800 (CST),,s9w2,focus,
Wed Sep 02 2015 19:13:01 GMT+0800 (CST),,s9w1,focus,
Wed Sep 02 2015 19:13:01 GMT+0800 (CST),,s9w1,focus,
Wed Sep 02 2015 19:13:01 GMT+0800 (CST),,s9w1,label,"N"
Wed Sep 02 2015 19:13:02 GMT+0800 (CST),,s9w2,focus,
Wed Sep 02 2015 19:13:02 GMT+0800 (CST),,s9w3,focus,
Wed Sep 02 2015 19:13:03 GMT+0800 (CST),,s9w4,focus,
Wed Sep 02 2015 19:13:03 GMT+0800 (CST),,s9w5,focus,
Wed Sep 02 2015 19:13:04 GMT+0800 (CST),,s9w6,focus,
Wed Sep 02 2015 19:13:05 GMT+0800 (CST),,s9w7,focus,
Wed Sep 02 2015 19:13:05 GMT+0800 (CST),,s9w8,focus,
Wed Sep 02 2015 19:13:06 GMT+0800 (CST),,s9w9,focus,
Wed Sep 02 2015 19:13:06 GMT+0800 (CST),,s9w10,focus,
Wed Sep 02 2015 19:13:06 GMT+0800 (CST),,s9w11,focus,
Wed Sep 02 2015 19:13:07 GMT+0800 (CST),,s9w12,focus,
Wed Sep 02 2015 19:13:08 GMT+0800 (CST),,s9w13,focus,
Wed Sep 02 2015 19:13:08 GMT+0800 (CST),,s9w14,focus,
Wed Sep 02 2015 19:13:09 GMT+0800 (CST),,s9w15,focus,
Wed Sep 02 2015 19:13:09 GMT+0800 (CST),,s9w16,focus,
Wed Sep 02 2015 19:13:12 GMT+0800 (CST),,s9w17,focus,
Wed Sep 02 2015 19:13:13 GMT+0800 (CST),,s9w18,focus,
Wed Sep 02 2015 19:13:13 GMT+0800 (CST),,s9w19,focus,
Wed Sep 02 2015 19:13:14 GMT+0800 (CST),,s9w20,focus,
Wed Sep 02 2015 19:13:14 GMT+0800 (CST),,s9w21,focus,
Wed Sep 02 2015 19:13:14 GMT+0800 (CST),,s9w22,focus,
Wed Sep 02 2015 19:13:15 GMT+0800 (CST),,s9w23,focus,
Wed Sep 02 2015 19:13:15 GMT+0800 (CST),,s9w24,focus,
Wed Sep 02 2015 19:13:16 GMT+0800 (CST),,s9w25,focus,
Wed Sep 02 2015 19:13:17 GMT+0800 (CST),,s9w26,focus,
Wed Sep 02 2015 19:13:17 GMT+0800 (CST),,s9w27,focus,
Wed Sep 02 2015 19:13:19 GMT+0800 (CST),,s9w28,focus,
Wed Sep 02 2015 19:13:20 GMT+0800 (CST),,s9w29,focus,
Wed Sep 02 2015 19:13:20 GMT+0800 (CST),,s9w30,focus,
Wed Sep 02 2015 19:13:21 GMT+0800 (CST),,s9w31,focus,
Wed Sep 02 2015 19:13:22 GMT+0800 (CST),,s9w32,focus,
Wed Sep 02 2015 19:13:22 GMT+0800 (CST),,s9w33,focus,
Wed Sep 02 2015 19:13:22 GMT+0800 (CST),,s9w34,focus,
Wed Sep 02 2015 19:13:23 GMT+0800 (CST),,s9w35,focus,
Wed Sep 02 2015 19:13:23 GMT+0800 (CST),,s9w36,focus,
Wed Sep 02 2015 19:13:23 GMT+0800 (CST),,s9w37,focus,
Wed Sep 02 2015 19:13:25 GMT+0800 (CST),,s9w38,focus,
Wed Sep 02 2015 19:13:25 GMT+0800 (CST),,s9w39,focus,
Wed Sep 02 2015 19:13:26 GMT+0800 (CST),,s9w40,focus,
Wed Sep 02 2015 19:13:27 GMT+0800 (CST),,s9w41,focus,
Wed Sep 02 2015 19:13:28 GMT+0800 (CST),,s9w42,focus,
Wed Sep 02 2015 19:13:29 GMT+0800 (CST),,s9w43,focus,
Wed Sep 02 2015 19:13:29 GMT+0800 (CST),,s9w44,focus,
Wed Sep 02 2015 19:13:30 GMT+0800 (CST),,s9w45,focus,
Wed Sep 02 2015 19:13:33 GMT+0800 (CST),,s9w45,label,"N"
Wed Sep 02 2015 19:13:34 GMT+0800 (CST),,s9w46,focus,
Wed Sep 02 2015 19:13:34 GMT+0800 (CST),,s10w1,focus,
Wed Sep 02 2015 19:13:36 GMT+0800 (CST),,s10w2,focus,
Wed Sep 02 2015 19:13:37 GMT+0800 (CST),,s10w3,focus,
Wed Sep 02 2015 19:13:38 GMT+0800 (CST),,s10w4,focus,
Wed Sep 02 2015 19:13:39 GMT+0800 (CST),,s10w4,label,"U"
Wed Sep 02 2015 19:13:40 GMT+0800 (CST),,s10w5,focus,
Wed Sep 02 2015 19:13:46 GMT+0800 (CST),,s10w6,focus,
Wed Sep 02 2015 19:13:47 GMT+0800 (CST),,s10w7,focus,
Wed Sep 02 2015 19:13:47 GMT+0800 (CST),,s10w8,focus,
Wed Sep 02 2015 19:13:48 GMT+0800 (CST),,s10w9,focus,
Wed Sep 02 2015 19:14:13 GMT+0800 (CST),,s10w10,focus,
Wed Sep 02 2015 19:14:14 GMT+0800 (CST),,s10w11,focus,
Wed Sep 02 2015 19:14:15 GMT+0800 (CST),,s10w12,focus,
Wed Sep 02 2015 19:14:16 GMT+0800 (CST),,s10w13,focus,
Wed Sep 02 2015 19:14:17 GMT+0800 (CST),,s10w14,focus,
Wed Sep 02 2015 19:14:17 GMT+0800 (CST),,s10w15,focus,
Wed Sep 02 2015 19:14:18 GMT+0800 (CST),,s10w16,focus,
Wed Sep 02 2015 19:14:18 GMT+0800 (CST),,s10w17,focus,
Wed Sep 02 2015 19:14:21 GMT+0800 (CST),,s10w18,focus,
Wed Sep 02 2015 19:14:23 GMT+0800 (CST),,,submitPage,
