Wed Sep 02 2015 20:44:16 GMT+0800 (CST),,,pageReady,0:100:100
Wed Sep 02 2015 20:44:16 GMT+0800 (CST),,s0,twitterId,1036680
Wed Sep 02 2015 20:44:16 GMT+0800 (CST),,s1,twitterId,1036680
Wed Sep 02 2015 20:44:16 GMT+0800 (CST),,s2,twitterId,1036680
Wed Sep 02 2015 20:44:16 GMT+0800 (CST),,s3,twitterId,1036680
Wed Sep 02 2015 20:44:16 GMT+0800 (CST),,s4,twitterId,1036680
Wed Sep 02 2015 20:44:16 GMT+0800 (CST),,s5,twitterId,1036680
Wed Sep 02 2015 20:44:16 GMT+0800 (CST),,s6,twitterId,1036680
Wed Sep 02 2015 20:44:19 GMT+0800 (CST),,s0w2,focus,
Wed Sep 02 2015 20:44:19 GMT+0800 (CST),,s0w2,focus,
Wed Sep 02 2015 20:44:21 GMT+0800 (CST),,s0w2,label,"^"
Wed Sep 02 2015 20:44:27 GMT+0800 (CST),,s1w6,focus,
Wed Sep 02 2015 20:44:27 GMT+0800 (CST),,s1w6,focus,
Wed Sep 02 2015 20:44:29 GMT+0800 (CST),,s1w6,label,"^"
Wed Sep 02 2015 20:44:33 GMT+0800 (CST),,s1w18,focus,
Wed Sep 02 2015 20:44:33 GMT+0800 (CST),,s1w18,focus,
Wed Sep 02 2015 20:44:34 GMT+0800 (CST),,s1w18,label,"^"
Wed Sep 02 2015 20:44:46 GMT+0800 (CST),,s1w41,focus,
Wed Sep 02 2015 20:44:46 GMT+0800 (CST),,s1w41,focus,
Wed Sep 02 2015 20:44:48 GMT+0800 (CST),,s1w41,label,"R"
Wed Sep 02 2015 20:44:58 GMT+0800 (CST),,s1w41,focus,
Wed Sep 02 2015 20:45:08 GMT+0800 (CST),,s1w39,focus,
Wed Sep 02 2015 20:45:08 GMT+0800 (CST),,s1w39,focus,
Wed Sep 02 2015 20:45:09 GMT+0800 (CST),,s1w39,label,"N"
Wed Sep 02 2015 20:45:14 GMT+0800 (CST),,s1w47,focus,
Wed Sep 02 2015 20:45:14 GMT+0800 (CST),,s1w47,focus,
Wed Sep 02 2015 20:45:15 GMT+0800 (CST),,s1w47,label,"^"
Wed Sep 02 2015 20:45:25 GMT+0800 (CST),,s1w55,focus,
Wed Sep 02 2015 20:45:25 GMT+0800 (CST),,s1w55,focus,
Wed Sep 02 2015 20:45:26 GMT+0800 (CST),,s1w55,label,"^"
Wed Sep 02 2015 20:46:15 GMT+0800 (CST),,s3w50,focus,
Wed Sep 02 2015 20:46:15 GMT+0800 (CST),,s3w50,focus,
Wed Sep 02 2015 20:46:23 GMT+0800 (CST),,s3w50,label,"A"
Wed Sep 02 2015 20:46:34 GMT+0800 (CST),,s5w7,focus,
Wed Sep 02 2015 20:46:34 GMT+0800 (CST),,s5w7,focus,
Wed Sep 02 2015 20:46:35 GMT+0800 (CST),,s5w7,label,"^"
Wed Sep 02 2015 20:46:48 GMT+0800 (CST),,s5w22,focus,
Wed Sep 02 2015 20:46:48 GMT+0800 (CST),,s5w22,focus,
Wed Sep 02 2015 20:46:56 GMT+0800 (CST),,s5w37,focus,
Wed Sep 02 2015 20:46:56 GMT+0800 (CST),,s5w37,focus,
Wed Sep 02 2015 20:47:02 GMT+0800 (CST),,s5w58,focus,
Wed Sep 02 2015 20:47:02 GMT+0800 (CST),,s5w58,focus,
Wed Sep 02 2015 20:47:06 GMT+0800 (CST),,s5w43,focus,
Wed Sep 02 2015 20:47:06 GMT+0800 (CST),,s5w43,focus,
Wed Sep 02 2015 20:47:08 GMT+0800 (CST),,s5w43,label,"^"
Wed Sep 02 2015 20:47:14 GMT+0800 (CST),,s5w47,focus,
Wed Sep 02 2015 20:47:14 GMT+0800 (CST),,s5w47,focus,
Wed Sep 02 2015 20:47:15 GMT+0800 (CST),,s5w47,label,"&"
Wed Sep 02 2015 20:47:27 GMT+0800 (CST),,,pageReady,0:100:100
Wed Sep 02 2015 20:47:27 GMT+0800 (CST),,s0,twitterId,1036680
Wed Sep 02 2015 20:47:27 GMT+0800 (CST),,s1,twitterId,1036680
Wed Sep 02 2015 20:47:27 GMT+0800 (CST),,s2,twitterId,1036680
Wed Sep 02 2015 20:47:27 GMT+0800 (CST),,s3,twitterId,1036680
Wed Sep 02 2015 20:47:27 GMT+0800 (CST),,s4,twitterId,1036680
Wed Sep 02 2015 20:47:27 GMT+0800 (CST),,s5,twitterId,1036680
Wed Sep 02 2015 20:47:27 GMT+0800 (CST),,s6,twitterId,1036680
Wed Sep 02 2015 20:47:32 GMT+0800 (CST),,s0w2,focus,
Wed Sep 02 2015 20:47:32 GMT+0800 (CST),,s0w2,focus,
Wed Sep 02 2015 20:47:33 GMT+0800 (CST),,s0w2,label,"^"
Wed Sep 02 2015 20:47:46 GMT+0800 (CST),,s1w18,focus,
Wed Sep 02 2015 20:47:46 GMT+0800 (CST),,s1w18,focus,
Wed Sep 02 2015 20:47:46 GMT+0800 (CST),,s1w18,label,"^"
Wed Sep 02 2015 20:47:54 GMT+0800 (CST),,s1w41,focus,
Wed Sep 02 2015 20:47:54 GMT+0800 (CST),,s1w41,focus,
Wed Sep 02 2015 20:47:56 GMT+0800 (CST),,s1w41,label,"R"
Wed Sep 02 2015 20:47:58 GMT+0800 (CST),,s1w37,focus,
Wed Sep 02 2015 20:47:58 GMT+0800 (CST),,s1w37,focus,
Wed Sep 02 2015 20:48:00 GMT+0800 (CST),,s1w39,focus,
Wed Sep 02 2015 20:48:00 GMT+0800 (CST),,s1w39,focus,
Wed Sep 02 2015 20:48:01 GMT+0800 (CST),,s1w39,label,"N"
Wed Sep 02 2015 20:48:04 GMT+0800 (CST),,s1w47,focus,
Wed Sep 02 2015 20:48:04 GMT+0800 (CST),,s1w47,focus,
Wed Sep 02 2015 20:48:05 GMT+0800 (CST),,s1w47,label,"^"
Wed Sep 02 2015 20:48:12 GMT+0800 (CST),,s1w55,focus,
Wed Sep 02 2015 20:48:12 GMT+0800 (CST),,s1w55,focus,
Wed Sep 02 2015 20:48:13 GMT+0800 (CST),,s1w55,label,"^"
Wed Sep 02 2015 20:48:54 GMT+0800 (CST),,s5w7,focus,
Wed Sep 02 2015 20:48:54 GMT+0800 (CST),,s5w7,focus,
Wed Sep 02 2015 20:48:55 GMT+0800 (CST),,s5w7,label,"^"
Wed Sep 02 2015 20:49:10 GMT+0800 (CST),,s5w43,focus,
Wed Sep 02 2015 20:49:10 GMT+0800 (CST),,s5w43,focus,
Wed Sep 02 2015 20:49:11 GMT+0800 (CST),,s5w43,label,"^"
Wed Sep 02 2015 20:49:13 GMT+0800 (CST),,s5w47,focus,
Wed Sep 02 2015 20:49:13 GMT+0800 (CST),,s5w47,focus,
Wed Sep 02 2015 20:49:16 GMT+0800 (CST),,s5w47,label,"&"
Wed Sep 02 2015 20:49:18 GMT+0800 (CST),,s5w47,label,"$"
Wed Sep 02 2015 20:49:19 GMT+0800 (CST),,s5w48,focus,
Wed Sep 02 2015 20:49:22 GMT+0800 (CST),,s5w48,label,"$"
Wed Sep 02 2015 20:49:24 GMT+0800 (CST),,s5w49,focus,
Wed Sep 02 2015 20:49:24 GMT+0800 (CST),,s5w49,focus,
Wed Sep 02 2015 20:49:27 GMT+0800 (CST),,s5w49,label,","
Wed Sep 02 2015 20:49:28 GMT+0800 (CST),,s5w50,focus,
Wed Sep 02 2015 20:49:28 GMT+0800 (CST),,s5w50,label,","
Wed Sep 02 2015 20:49:28 GMT+0800 (CST),,s5w51,focus,
Wed Sep 02 2015 20:49:29 GMT+0800 (CST),,s5w51,label,","
Wed Sep 02 2015 20:49:29 GMT+0800 (CST),,s5w52,focus,
Wed Sep 02 2015 20:49:30 GMT+0800 (CST),,s5w53,focus,
Wed Sep 02 2015 20:49:33 GMT+0800 (CST),,s5w55,focus,
Wed Sep 02 2015 20:49:33 GMT+0800 (CST),,s5w55,focus,
Wed Sep 02 2015 20:49:34 GMT+0800 (CST),,s5w55,label,"N"
Wed Sep 02 2015 20:49:36 GMT+0800 (CST),,s5w37,focus,
Wed Sep 02 2015 20:49:36 GMT+0800 (CST),,s5w37,focus,
Wed Sep 02 2015 20:49:37 GMT+0800 (CST),,s5w37,label,"N"
Wed Sep 02 2015 20:49:38 GMT+0800 (CST),,s5w38,focus,
Wed Sep 02 2015 20:49:38 GMT+0800 (CST),,s5w38,focus,
Wed Sep 02 2015 20:49:39 GMT+0800 (CST),,s5w38,label,"N"
Wed Sep 02 2015 20:49:41 GMT+0800 (CST),,s5w39,focus,
Wed Sep 02 2015 20:49:41 GMT+0800 (CST),,s5w39,focus,
Wed Sep 02 2015 20:49:42 GMT+0800 (CST),,s5w39,label,","
Wed Sep 02 2015 20:49:44 GMT+0800 (CST),,s5w56,focus,
Wed Sep 02 2015 20:49:44 GMT+0800 (CST),,s5w56,focus,
Wed Sep 02 2015 20:49:46 GMT+0800 (CST),,s5w56,label,"N"
Wed Sep 02 2015 20:49:47 GMT+0800 (CST),,s5w57,focus,
Wed Sep 02 2015 20:49:47 GMT+0800 (CST),,s5w57,focus,
Wed Sep 02 2015 20:49:48 GMT+0800 (CST),,s5w57,label,","
Wed Sep 02 2015 20:49:51 GMT+0800 (CST),,s5w59,focus,
Wed Sep 02 2015 20:49:51 GMT+0800 (CST),,s5w59,focus,
Wed Sep 02 2015 20:49:52 GMT+0800 (CST),,s5w59,label,","
Wed Sep 02 2015 20:49:55 GMT+0800 (CST),,s5w61,focus,
Wed Sep 02 2015 20:49:55 GMT+0800 (CST),,s5w61,focus,
Wed Sep 02 2015 20:49:56 GMT+0800 (CST),,s5w61,label,"^"
Wed Sep 02 2015 20:49:58 GMT+0800 (CST),,s5w65,focus,
Wed Sep 02 2015 20:49:58 GMT+0800 (CST),,s5w65,focus,
Wed Sep 02 2015 20:50:01 GMT+0800 (CST),,s5w65,label,"$"
Wed Sep 02 2015 20:50:02 GMT+0800 (CST),,s5w66,focus,
Wed Sep 02 2015 20:50:04 GMT+0800 (CST),,s5w66,label,"$"
Wed Sep 02 2015 20:50:04 GMT+0800 (CST),,s5w67,focus,
Wed Sep 02 2015 20:50:06 GMT+0800 (CST),,s5w67,label,","
Wed Sep 02 2015 20:50:06 GMT+0800 (CST),,s5w68,focus,
Wed Sep 02 2015 20:50:07 GMT+0800 (CST),,s5w68,label,","
Wed Sep 02 2015 20:50:07 GMT+0800 (CST),,s5w69,focus,
Wed Sep 02 2015 20:50:13 GMT+0800 (CST),,s5w69,label,"N"
Wed Sep 02 2015 20:50:15 GMT+0800 (CST),,s5w69,label,"V"
Wed Sep 02 2015 20:50:15 GMT+0800 (CST),,s5w70,focus,
Wed Sep 02 2015 20:50:17 GMT+0800 (CST),,s5w70,label,","
Wed Sep 02 2015 20:50:17 GMT+0800 (CST),,s5w71,focus,
Wed Sep 02 2015 20:50:19 GMT+0800 (CST),,s5w71,label,"^"
Wed Sep 02 2015 20:50:20 GMT+0800 (CST),,s5w72,focus,
Wed Sep 02 2015 20:50:22 GMT+0800 (CST),,s5w72,label,","
Wed Sep 02 2015 20:50:22 GMT+0800 (CST),,s5w73,focus,
Wed Sep 02 2015 20:50:24 GMT+0800 (CST),,s5w73,label,","
Wed Sep 02 2015 20:50:24 GMT+0800 (CST),,s5w74,focus,
Wed Sep 02 2015 20:50:27 GMT+0800 (CST),,s5w74,label,"$"
Wed Sep 02 2015 20:50:28 GMT+0800 (CST),,s5w75,focus,
Wed Sep 02 2015 20:50:29 GMT+0800 (CST),,s5w75,label,"$"
Wed Sep 02 2015 20:50:30 GMT+0800 (CST),,s5w76,focus,
Wed Sep 02 2015 20:50:30 GMT+0800 (CST),,s5w76,label,"$"
Wed Sep 02 2015 20:50:41 GMT+0800 (CST),,s6w15,focus,
Wed Sep 02 2015 20:50:41 GMT+0800 (CST),,s6w15,focus,
Wed Sep 02 2015 20:50:43 GMT+0800 (CST),,s6w15,label,"^"
Wed Sep 02 2015 20:50:44 GMT+0800 (CST),,s6w17,focus,
Wed Sep 02 2015 20:50:44 GMT+0800 (CST),,s6w17,focus,
Wed Sep 02 2015 20:50:45 GMT+0800 (CST),,s6w17,label,"^"
Wed Sep 02 2015 20:50:51 GMT+0800 (CST),,s6w35,focus,
Wed Sep 02 2015 20:50:51 GMT+0800 (CST),,s6w35,focus,
Wed Sep 02 2015 20:50:52 GMT+0800 (CST),,s6w35,label,","
Wed Sep 02 2015 20:50:55 GMT+0800 (CST),,s6w41,focus,
Wed Sep 02 2015 20:50:55 GMT+0800 (CST),,s6w41,focus,
Wed Sep 02 2015 20:50:56 GMT+0800 (CST),,s6w41,label,"^"
Wed Sep 02 2015 20:51:02 GMT+0800 (CST),,s6w52,focus,
Wed Sep 02 2015 20:51:02 GMT+0800 (CST),,s6w52,focus,
Wed Sep 02 2015 20:51:03 GMT+0800 (CST),,s6w52,label,","
Wed Sep 02 2015 20:51:05 GMT+0800 (CST),,s6w44,focus,
Wed Sep 02 2015 20:51:05 GMT+0800 (CST),,s6w44,focus,
Wed Sep 02 2015 20:51:14 GMT+0800 (CST),,,submitPage,
