Tue Aug 25 2015 10:44:40 GMT+0800 (Malay Peninsula Standard Time),,,pageReady,0:100:100
Tue Aug 25 2015 10:44:40 GMT+0800 (Malay Peninsula Standard Time),,s0,twitterId,929999
Tue Aug 25 2015 10:44:40 GMT+0800 (Malay Peninsula Standard Time),,s1,twitterId,929999
Tue Aug 25 2015 10:44:40 GMT+0800 (Malay Peninsula Standard Time),,s2,twitterId,929999
Tue Aug 25 2015 10:44:40 GMT+0800 (Malay Peninsula Standard Time),,s3,twitterId,929999
Tue Aug 25 2015 10:44:40 GMT+0800 (Malay Peninsula Standard Time),,s4,twitterId,929999
Tue Aug 25 2015 10:44:40 GMT+0800 (Malay Peninsula Standard Time),,s5,twitterId,929999
Tue Aug 25 2015 10:44:40 GMT+0800 (Malay Peninsula Standard Time),,s6,twitterId,929999
Tue Aug 25 2015 10:44:40 GMT+0800 (Malay Peninsula Standard Time),,s7,twitterId,929999
Tue Aug 25 2015 10:44:40 GMT+0800 (Malay Peninsula Standard Time),,s8,twitterId,929999
Tue Aug 25 2015 10:44:40 GMT+0800 (Malay Peninsula Standard Time),,s9,twitterId,929999
Tue Aug 25 2015 10:44:40 GMT+0800 (Malay Peninsula Standard Time),,s10,twitterId,929999
Tue Aug 25 2015 10:44:40 GMT+0800 (Malay Peninsula Standard Time),,s11,twitterId,929999
Tue Aug 25 2015 10:44:40 GMT+0800 (Malay Peninsula Standard Time),,s12,twitterId,929999
Tue Aug 25 2015 10:44:40 GMT+0800 (Malay Peninsula Standard Time),,s13,twitterId,929999
Tue Aug 25 2015 10:44:40 GMT+0800 (Malay Peninsula Standard Time),,s14,twitterId,929999
Tue Aug 25 2015 10:44:40 GMT+0800 (Malay Peninsula Standard Time),,s15,twitterId,929999
Tue Aug 25 2015 10:44:40 GMT+0800 (Malay Peninsula Standard Time),,s16,twitterId,929999
Tue Aug 25 2015 10:44:40 GMT+0800 (Malay Peninsula Standard Time),,s17,twitterId,929999
Tue Aug 25 2015 10:44:40 GMT+0800 (Malay Peninsula Standard Time),,s18,twitterId,929999
Tue Aug 25 2015 10:44:40 GMT+0800 (Malay Peninsula Standard Time),,s19,twitterId,929999
Tue Aug 25 2015 10:44:40 GMT+0800 (Malay Peninsula Standard Time),,s20,twitterId,929999
Tue Aug 25 2015 10:44:40 GMT+0800 (Malay Peninsula Standard Time),,s21,twitterId,929999
Tue Aug 25 2015 10:44:40 GMT+0800 (Malay Peninsula Standard Time),,s22,twitterId,929999
Tue Aug 25 2015 10:44:40 GMT+0800 (Malay Peninsula Standard Time),,s23,twitterId,929999
Tue Aug 25 2015 10:44:40 GMT+0800 (Malay Peninsula Standard Time),,s24,twitterId,929999
Tue Aug 25 2015 10:44:42 GMT+0800 (Malay Peninsula Standard Time),,s0w7,focus,
Tue Aug 25 2015 10:44:42 GMT+0800 (Malay Peninsula Standard Time),,s0w7,focus,
Tue Aug 25 2015 10:44:43 GMT+0800 (Malay Peninsula Standard Time),,s0w7,label,"^"
Tue Aug 25 2015 10:45:00 GMT+0800 (Malay Peninsula Standard Time),,s3w3,focus,
Tue Aug 25 2015 10:45:00 GMT+0800 (Malay Peninsula Standard Time),,s3w3,focus,
Tue Aug 25 2015 10:45:02 GMT+0800 (Malay Peninsula Standard Time),,s3w3,label,"^"
Tue Aug 25 2015 10:45:13 GMT+0800 (Malay Peninsula Standard Time),,s4w21,focus,
Tue Aug 25 2015 10:45:13 GMT+0800 (Malay Peninsula Standard Time),,s4w21,focus,
Tue Aug 25 2015 10:45:16 GMT+0800 (Malay Peninsula Standard Time),,s4w21,focus,
Tue Aug 25 2015 10:45:26 GMT+0800 (Malay Peninsula Standard Time),,s4w21,label,"G"
Tue Aug 25 2015 10:45:39 GMT+0800 (Malay Peninsula Standard Time),,s5w5,focus,
Tue Aug 25 2015 10:45:39 GMT+0800 (Malay Peninsula Standard Time),,s5w5,focus,
Tue Aug 25 2015 10:45:40 GMT+0800 (Malay Peninsula Standard Time),,s5w5,label,"^"
Tue Aug 25 2015 10:45:43 GMT+0800 (Malay Peninsula Standard Time),,s6w6,focus,
Tue Aug 25 2015 10:45:43 GMT+0800 (Malay Peninsula Standard Time),,s6w6,focus,
Tue Aug 25 2015 10:45:44 GMT+0800 (Malay Peninsula Standard Time),,s6w6,label,"^"
Tue Aug 25 2015 10:45:44 GMT+0800 (Malay Peninsula Standard Time),,s6w8,focus,
Tue Aug 25 2015 10:45:44 GMT+0800 (Malay Peninsula Standard Time),,s6w8,focus,
Tue Aug 25 2015 10:45:44 GMT+0800 (Malay Peninsula Standard Time),,s6w8,label,"^"
Tue Aug 25 2015 10:46:01 GMT+0800 (Malay Peninsula Standard Time),,s8w24,focus,
Tue Aug 25 2015 10:46:01 GMT+0800 (Malay Peninsula Standard Time),,s8w24,focus,
Tue Aug 25 2015 10:46:02 GMT+0800 (Malay Peninsula Standard Time),,s8w24,label,"N"
Tue Aug 25 2015 10:46:05 GMT+0800 (Malay Peninsula Standard Time),,s8w34,focus,
Tue Aug 25 2015 10:46:05 GMT+0800 (Malay Peninsula Standard Time),,s8w34,focus,
Tue Aug 25 2015 10:46:06 GMT+0800 (Malay Peninsula Standard Time),,s8w34,label,"^"
Tue Aug 25 2015 10:46:08 GMT+0800 (Malay Peninsula Standard Time),,s8w36,focus,
Tue Aug 25 2015 10:46:08 GMT+0800 (Malay Peninsula Standard Time),,s8w36,focus,
Tue Aug 25 2015 10:46:09 GMT+0800 (Malay Peninsula Standard Time),,s8w36,label,"^"
Tue Aug 25 2015 10:46:30 GMT+0800 (Malay Peninsula Standard Time),,s8w108,focus,
Tue Aug 25 2015 10:46:30 GMT+0800 (Malay Peninsula Standard Time),,s8w108,focus,
Tue Aug 25 2015 10:46:31 GMT+0800 (Malay Peninsula Standard Time),,s8w108,label,"^"
Tue Aug 25 2015 10:46:31 GMT+0800 (Malay Peninsula Standard Time),,s8w110,focus,
Tue Aug 25 2015 10:46:31 GMT+0800 (Malay Peninsula Standard Time),,s8w110,focus,
Tue Aug 25 2015 10:46:32 GMT+0800 (Malay Peninsula Standard Time),,s8w110,label,"^"
Tue Aug 25 2015 10:46:38 GMT+0800 (Malay Peninsula Standard Time),,s8w111,focus,
Tue Aug 25 2015 10:46:38 GMT+0800 (Malay Peninsula Standard Time),,s8w111,focus,
Tue Aug 25 2015 10:46:38 GMT+0800 (Malay Peninsula Standard Time),,s8w111,label,"="
Tue Aug 25 2015 10:46:40 GMT+0800 (Malay Peninsula Standard Time),,s8w109,focus,
Tue Aug 25 2015 10:46:40 GMT+0800 (Malay Peninsula Standard Time),,s8w109,focus,
Tue Aug 25 2015 10:46:41 GMT+0800 (Malay Peninsula Standard Time),,s8w109,label,"="
Tue Aug 25 2015 10:46:41 GMT+0800 (Malay Peninsula Standard Time),,s8w107,focus,
Tue Aug 25 2015 10:46:42 GMT+0800 (Malay Peninsula Standard Time),,s8w107,focus,
Tue Aug 25 2015 10:46:42 GMT+0800 (Malay Peninsula Standard Time),,s8w107,label,"="
Tue Aug 25 2015 10:46:42 GMT+0800 (Malay Peninsula Standard Time),,s8w103,focus,
Tue Aug 25 2015 10:46:42 GMT+0800 (Malay Peninsula Standard Time),,s8w103,focus,
Tue Aug 25 2015 10:46:43 GMT+0800 (Malay Peninsula Standard Time),,s8w103,label,"="
Tue Aug 25 2015 10:46:43 GMT+0800 (Malay Peninsula Standard Time),,s8w105,focus,
Tue Aug 25 2015 10:46:43 GMT+0800 (Malay Peninsula Standard Time),,s8w105,focus,
Tue Aug 25 2015 10:46:43 GMT+0800 (Malay Peninsula Standard Time),,s8w105,label,"="
Tue Aug 25 2015 10:47:08 GMT+0800 (Malay Peninsula Standard Time),,s11w22,focus,
Tue Aug 25 2015 10:47:08 GMT+0800 (Malay Peninsula Standard Time),,s11w22,focus,
Tue Aug 25 2015 10:47:09 GMT+0800 (Malay Peninsula Standard Time),,s11w22,label,"^"
Tue Aug 25 2015 10:47:25 GMT+0800 (Malay Peninsula Standard Time),,s14w9,focus,
Tue Aug 25 2015 10:47:25 GMT+0800 (Malay Peninsula Standard Time),,s14w9,focus,
Tue Aug 25 2015 10:47:27 GMT+0800 (Malay Peninsula Standard Time),,s14w9,label,"E"
Tue Aug 25 2015 10:47:36 GMT+0800 (Malay Peninsula Standard Time),,s16w11,focus,
Tue Aug 25 2015 10:47:36 GMT+0800 (Malay Peninsula Standard Time),,s16w11,focus,
Tue Aug 25 2015 10:47:38 GMT+0800 (Malay Peninsula Standard Time),,s16w11,label,"V"
Tue Aug 25 2015 10:47:44 GMT+0800 (Malay Peninsula Standard Time),,s16w11,label,"A"
Tue Aug 25 2015 10:48:06 GMT+0800 (Malay Peninsula Standard Time),,s18w1,focus,
Tue Aug 25 2015 10:48:06 GMT+0800 (Malay Peninsula Standard Time),,s18w1,focus,
Tue Aug 25 2015 10:48:07 GMT+0800 (Malay Peninsula Standard Time),,s18w1,label,"V"
Tue Aug 25 2015 10:48:17 GMT+0800 (Malay Peninsula Standard Time),,s18w41,focus,
Tue Aug 25 2015 10:48:17 GMT+0800 (Malay Peninsula Standard Time),,s18w41,focus,
Tue Aug 25 2015 10:48:18 GMT+0800 (Malay Peninsula Standard Time),,s18w35,focus,
Tue Aug 25 2015 10:48:18 GMT+0800 (Malay Peninsula Standard Time),,s18w35,focus,
Tue Aug 25 2015 10:48:19 GMT+0800 (Malay Peninsula Standard Time),,s18w35,label,"N"
Tue Aug 25 2015 10:48:31 GMT+0800 (Malay Peninsula Standard Time),,s18w78,focus,
Tue Aug 25 2015 10:48:32 GMT+0800 (Malay Peninsula Standard Time),,s18w78,focus,
Tue Aug 25 2015 10:48:32 GMT+0800 (Malay Peninsula Standard Time),,s18w78,label,"N"
Tue Aug 25 2015 10:48:39 GMT+0800 (Malay Peninsula Standard Time),,s18w96,focus,
Tue Aug 25 2015 10:48:39 GMT+0800 (Malay Peninsula Standard Time),,s18w96,focus,
Tue Aug 25 2015 10:48:40 GMT+0800 (Malay Peninsula Standard Time),,s18w96,label,"A"
Tue Aug 25 2015 10:49:16 GMT+0800 (Malay Peninsula Standard Time),,s21w33,focus,
Tue Aug 25 2015 10:49:16 GMT+0800 (Malay Peninsula Standard Time),,s21w33,focus,
Tue Aug 25 2015 10:49:17 GMT+0800 (Malay Peninsula Standard Time),,s21w33,label,"^"
Tue Aug 25 2015 10:49:34 GMT+0800 (Malay Peninsula Standard Time),,s22w26,focus,
Tue Aug 25 2015 10:49:34 GMT+0800 (Malay Peninsula Standard Time),,s22w26,focus,
Tue Aug 25 2015 10:49:34 GMT+0800 (Malay Peninsula Standard Time),,s22w26,label,"D"
Tue Aug 25 2015 10:49:46 GMT+0800 (Malay Peninsula Standard Time),,s22w42,focus,
Tue Aug 25 2015 10:49:46 GMT+0800 (Malay Peninsula Standard Time),,s22w42,focus,
Tue Aug 25 2015 10:49:54 GMT+0800 (Malay Peninsula Standard Time),,s22w42,label,"A"
Tue Aug 25 2015 10:49:57 GMT+0800 (Malay Peninsula Standard Time),,s22w53,focus,
Tue Aug 25 2015 10:49:57 GMT+0800 (Malay Peninsula Standard Time),,s22w53,focus,
Tue Aug 25 2015 10:49:58 GMT+0800 (Malay Peninsula Standard Time),,s22w53,label,"A"
Tue Aug 25 2015 10:50:24 GMT+0800 (Malay Peninsula Standard Time),,s23w79,focus,
Tue Aug 25 2015 10:50:24 GMT+0800 (Malay Peninsula Standard Time),,s23w79,focus,
Tue Aug 25 2015 10:50:25 GMT+0800 (Malay Peninsula Standard Time),,s23w79,label,"^"
Tue Aug 25 2015 10:50:32 GMT+0800 (Malay Peninsula Standard Time),,s23w105,focus,
Tue Aug 25 2015 10:50:32 GMT+0800 (Malay Peninsula Standard Time),,s23w105,focus,
Tue Aug 25 2015 10:50:32 GMT+0800 (Malay Peninsula Standard Time),,s23w105,label,"^"
Tue Aug 25 2015 10:50:51 GMT+0800 (Malay Peninsula Standard Time),,s24w50,focus,
Tue Aug 25 2015 10:50:51 GMT+0800 (Malay Peninsula Standard Time),,s24w50,focus,
Tue Aug 25 2015 10:51:01 GMT+0800 (Malay Peninsula Standard Time),,s24w50,label,"&"
Tue Aug 25 2015 10:51:12 GMT+0800 (Malay Peninsula Standard Time),,s24w99,focus,
Tue Aug 25 2015 10:51:12 GMT+0800 (Malay Peninsula Standard Time),,s24w99,focus,
Tue Aug 25 2015 10:51:13 GMT+0800 (Malay Peninsula Standard Time),,s24w91,focus,
Tue Aug 25 2015 10:51:13 GMT+0800 (Malay Peninsula Standard Time),,s24w91,focus,
Tue Aug 25 2015 10:51:14 GMT+0800 (Malay Peninsula Standard Time),,s24w91,label,"A"
Tue Aug 25 2015 10:51:35 GMT+0800 (Malay Peninsula Standard Time),,s24w171,focus,
Tue Aug 25 2015 10:51:35 GMT+0800 (Malay Peninsula Standard Time),,s24w171,focus,
Tue Aug 25 2015 10:51:35 GMT+0800 (Malay Peninsula Standard Time),,s24w171,label,"N"
Tue Aug 25 2015 10:51:36 GMT+0800 (Malay Peninsula Standard Time),,s24w172,focus,
Tue Aug 25 2015 10:51:37 GMT+0800 (Malay Peninsula Standard Time),,s24w172,focus,
Tue Aug 25 2015 10:51:37 GMT+0800 (Malay Peninsula Standard Time),,s24w172,label,"^"
Tue Aug 25 2015 10:51:38 GMT+0800 (Malay Peninsula Standard Time),,s24w172,label,"N"
Tue Aug 25 2015 10:51:42 GMT+0800 (Malay Peninsula Standard Time),,s24w184,focus,
Tue Aug 25 2015 10:51:42 GMT+0800 (Malay Peninsula Standard Time),,s24w184,focus,
Tue Aug 25 2015 10:51:43 GMT+0800 (Malay Peninsula Standard Time),,s24w184,label,"^"
Tue Aug 25 2015 10:51:46 GMT+0800 (Malay Peninsula Standard Time),,,submitPage,
