Mon Aug 24 2015 17:21:18 GMT+0800 (Malay Peninsula Standard Time),,,pageReady,0:100:100
Mon Aug 24 2015 17:21:18 GMT+0800 (Malay Peninsula Standard Time),,s0,twitterId,864713
Mon Aug 24 2015 17:21:18 GMT+0800 (Malay Peninsula Standard Time),,s1,twitterId,864713
Mon Aug 24 2015 17:21:18 GMT+0800 (Malay Peninsula Standard Time),,s2,twitterId,864713
Mon Aug 24 2015 17:21:18 GMT+0800 (Malay Peninsula Standard Time),,s3,twitterId,864713
Mon Aug 24 2015 17:21:18 GMT+0800 (Malay Peninsula Standard Time),,s4,twitterId,864713
Mon Aug 24 2015 17:21:18 GMT+0800 (Malay Peninsula Standard Time),,s5,twitterId,864713
Mon Aug 24 2015 17:21:55 GMT+0800 (Malay Peninsula Standard Time),,s1w75,focus,
Mon Aug 24 2015 17:21:55 GMT+0800 (Malay Peninsula Standard Time),,s1w75,focus,
Mon Aug 24 2015 17:21:56 GMT+0800 (Malay Peninsula Standard Time),,s1w75,label,"^"
Mon Aug 24 2015 17:22:03 GMT+0800 (Malay Peninsula Standard Time),,s2w10,focus,
Mon Aug 24 2015 17:22:03 GMT+0800 (Malay Peninsula Standard Time),,s2w10,focus,
Mon Aug 24 2015 17:22:04 GMT+0800 (Malay Peninsula Standard Time),,s2w10,label,"^"
Mon Aug 24 2015 17:22:22 GMT+0800 (Malay Peninsula Standard Time),,s2w70,focus,
Mon Aug 24 2015 17:22:22 GMT+0800 (Malay Peninsula Standard Time),,s2w70,focus,
Mon Aug 24 2015 17:22:23 GMT+0800 (Malay Peninsula Standard Time),,s2w70,label,"^"
Mon Aug 24 2015 17:22:27 GMT+0800 (Malay Peninsula Standard Time),,s2w79,focus,
Mon Aug 24 2015 17:22:27 GMT+0800 (Malay Peninsula Standard Time),,s2w79,focus,
Mon Aug 24 2015 17:22:27 GMT+0800 (Malay Peninsula Standard Time),,s2w79,label,"^"
Mon Aug 24 2015 17:22:37 GMT+0800 (Malay Peninsula Standard Time),,s3w12,focus,
Mon Aug 24 2015 17:22:37 GMT+0800 (Malay Peninsula Standard Time),,s3w12,focus,
Mon Aug 24 2015 17:22:43 GMT+0800 (Malay Peninsula Standard Time),,s4w24,focus,
Mon Aug 24 2015 17:22:43 GMT+0800 (Malay Peninsula Standard Time),,s4w24,focus,
Mon Aug 24 2015 17:22:44 GMT+0800 (Malay Peninsula Standard Time),,s4w24,label,"^"
Mon Aug 24 2015 17:22:57 GMT+0800 (Malay Peninsula Standard Time),,s5w34,focus,
Mon Aug 24 2015 17:22:57 GMT+0800 (Malay Peninsula Standard Time),,s5w34,focus,
Mon Aug 24 2015 17:23:00 GMT+0800 (Malay Peninsula Standard Time),,s5w34,label,"R"
Mon Aug 24 2015 17:23:10 GMT+0800 (Malay Peninsula Standard Time),,,submitPage,
Mon Aug 24 2015 17:23:17 GMT+0800 (Malay Peninsula Standard Time),,,pageReady,0:100:100
Mon Aug 24 2015 17:23:17 GMT+0800 (Malay Peninsula Standard Time),,s0,twitterId,864713
Mon Aug 24 2015 17:23:17 GMT+0800 (Malay Peninsula Standard Time),,s1,twitterId,864713
Mon Aug 24 2015 17:23:17 GMT+0800 (Malay Peninsula Standard Time),,s2,twitterId,864713
Mon Aug 24 2015 17:23:17 GMT+0800 (Malay Peninsula Standard Time),,s3,twitterId,864713
Mon Aug 24 2015 17:23:17 GMT+0800 (Malay Peninsula Standard Time),,s4,twitterId,864713
Mon Aug 24 2015 17:23:17 GMT+0800 (Malay Peninsula Standard Time),,s5,twitterId,864713
Tue Aug 25 2015 10:27:38 GMT+0800 (Malay Peninsula Standard Time),,s1w75,focus,
Tue Aug 25 2015 10:27:38 GMT+0800 (Malay Peninsula Standard Time),,s1w75,focus,
Tue Aug 25 2015 10:27:38 GMT+0800 (Malay Peninsula Standard Time),,s1w75,label,"^"
Tue Aug 25 2015 10:27:50 GMT+0800 (Malay Peninsula Standard Time),,s2w10,focus,
Tue Aug 25 2015 10:27:50 GMT+0800 (Malay Peninsula Standard Time),,s2w10,focus,
Tue Aug 25 2015 10:27:50 GMT+0800 (Malay Peninsula Standard Time),,s2w10,label,"^"
Tue Aug 25 2015 10:28:10 GMT+0800 (Malay Peninsula Standard Time),,s2w70,focus,
Tue Aug 25 2015 10:28:10 GMT+0800 (Malay Peninsula Standard Time),,s2w70,focus,
Tue Aug 25 2015 10:28:11 GMT+0800 (Malay Peninsula Standard Time),,s2w70,label,"^"
Tue Aug 25 2015 10:28:21 GMT+0800 (Malay Peninsula Standard Time),,s2w79,focus,
Tue Aug 25 2015 10:28:21 GMT+0800 (Malay Peninsula Standard Time),,s2w79,focus,
Tue Aug 25 2015 10:28:22 GMT+0800 (Malay Peninsula Standard Time),,s2w79,label,"^"
Tue Aug 25 2015 10:28:27 GMT+0800 (Malay Peninsula Standard Time),,s2w105,focus,
Tue Aug 25 2015 10:28:27 GMT+0800 (Malay Peninsula Standard Time),,s2w105,focus,
Tue Aug 25 2015 10:28:28 GMT+0800 (Malay Peninsula Standard Time),,s2w105,label,"V"
Tue Aug 25 2015 10:28:32 GMT+0800 (Malay Peninsula Standard Time),,s3w12,focus,
Tue Aug 25 2015 10:28:33 GMT+0800 (Malay Peninsula Standard Time),,s3w12,focus,
Tue Aug 25 2015 10:28:36 GMT+0800 (Malay Peninsula Standard Time),,s4w24,focus,
Tue Aug 25 2015 10:28:36 GMT+0800 (Malay Peninsula Standard Time),,s4w24,focus,
Tue Aug 25 2015 10:28:37 GMT+0800 (Malay Peninsula Standard Time),,s4w24,label,"^"
Tue Aug 25 2015 10:28:59 GMT+0800 (Malay Peninsula Standard Time),,,submitPage,
