Thu Aug 27 2015 13:43:30 GMT+0800 (China Standard Time),,,pageReady,0:100:100
Thu Aug 27 2015 13:43:30 GMT+0800 (China Standard Time),,s0,twitterId,512002
Thu Aug 27 2015 13:43:30 GMT+0800 (China Standard Time),,s1,twitterId,512002
Thu Aug 27 2015 13:43:32 GMT+0800 (China Standard Time),,s0w1,focus,
Thu Aug 27 2015 13:43:32 GMT+0800 (China Standard Time),,s0w1,focus,
Thu Aug 27 2015 13:43:32 GMT+0800 (China Standard Time),,s0w2,focus,
Thu Aug 27 2015 13:43:32 GMT+0800 (China Standard Time),,s0w3,focus,
Thu Aug 27 2015 13:43:33 GMT+0800 (China Standard Time),,s0w4,focus,
Thu Aug 27 2015 13:43:34 GMT+0800 (China Standard Time),,s0w5,focus,
Thu Aug 27 2015 13:43:34 GMT+0800 (China Standard Time),,s0w6,focus,
Thu Aug 27 2015 13:43:34 GMT+0800 (China Standard Time),,s0w7,focus,
Thu Aug 27 2015 13:43:35 GMT+0800 (China Standard Time),,s0w7,label,"^"
Thu Aug 27 2015 13:43:35 GMT+0800 (China Standard Time),,s0w8,focus,
Thu Aug 27 2015 13:43:36 GMT+0800 (China Standard Time),,s0w9,focus,
Thu Aug 27 2015 13:43:36 GMT+0800 (China Standard Time),,s0w10,focus,
Thu Aug 27 2015 13:43:36 GMT+0800 (China Standard Time),,s0w11,focus,
Thu Aug 27 2015 13:43:37 GMT+0800 (China Standard Time),,s0w12,focus,
Thu Aug 27 2015 13:43:37 GMT+0800 (China Standard Time),,s0w13,focus,
Thu Aug 27 2015 13:43:37 GMT+0800 (China Standard Time),,s0w14,focus,
Thu Aug 27 2015 13:43:37 GMT+0800 (China Standard Time),,s0w15,focus,
Thu Aug 27 2015 13:43:38 GMT+0800 (China Standard Time),,s0w16,focus,
Thu Aug 27 2015 13:43:38 GMT+0800 (China Standard Time),,s0w17,focus,
Thu Aug 27 2015 13:43:39 GMT+0800 (China Standard Time),,s0w18,focus,
Thu Aug 27 2015 13:43:39 GMT+0800 (China Standard Time),,s0w19,focus,
Thu Aug 27 2015 13:43:40 GMT+0800 (China Standard Time),,s0w19,label,"^"
Thu Aug 27 2015 13:43:40 GMT+0800 (China Standard Time),,s0w20,focus,
Thu Aug 27 2015 13:43:40 GMT+0800 (China Standard Time),,s1w1,focus,
Thu Aug 27 2015 13:43:41 GMT+0800 (China Standard Time),,s1w2,focus,
Thu Aug 27 2015 13:43:41 GMT+0800 (China Standard Time),,s1w3,focus,
Thu Aug 27 2015 13:43:42 GMT+0800 (China Standard Time),,s1w4,focus,
Thu Aug 27 2015 13:43:42 GMT+0800 (China Standard Time),,s1w5,focus,
Thu Aug 27 2015 13:43:42 GMT+0800 (China Standard Time),,s1w6,focus,
Thu Aug 27 2015 13:43:43 GMT+0800 (China Standard Time),,s1w7,focus,
Thu Aug 27 2015 13:43:43 GMT+0800 (China Standard Time),,s1w8,focus,
Thu Aug 27 2015 13:43:43 GMT+0800 (China Standard Time),,s1w9,focus,
Thu Aug 27 2015 13:43:44 GMT+0800 (China Standard Time),,s1w10,focus,
Thu Aug 27 2015 13:43:44 GMT+0800 (China Standard Time),,s1w11,focus,
Thu Aug 27 2015 13:43:44 GMT+0800 (China Standard Time),,s1w12,focus,
Thu Aug 27 2015 13:43:45 GMT+0800 (China Standard Time),,s1w13,focus,
Thu Aug 27 2015 13:43:45 GMT+0800 (China Standard Time),,s1w14,focus,
Thu Aug 27 2015 13:43:45 GMT+0800 (China Standard Time),,s1w15,focus,
Thu Aug 27 2015 13:43:45 GMT+0800 (China Standard Time),,s1w16,focus,
Thu Aug 27 2015 13:43:46 GMT+0800 (China Standard Time),,s1w17,focus,
Thu Aug 27 2015 13:43:46 GMT+0800 (China Standard Time),,s1w18,focus,
Thu Aug 27 2015 13:43:46 GMT+0800 (China Standard Time),,s1w19,focus,
Thu Aug 27 2015 13:43:46 GMT+0800 (China Standard Time),,s1w20,focus,
Thu Aug 27 2015 13:43:46 GMT+0800 (China Standard Time),,s1w21,focus,
Thu Aug 27 2015 13:43:47 GMT+0800 (China Standard Time),,s1w22,focus,
Thu Aug 27 2015 13:43:47 GMT+0800 (China Standard Time),,s1w23,focus,
Thu Aug 27 2015 13:43:47 GMT+0800 (China Standard Time),,s1w24,focus,
Thu Aug 27 2015 13:43:48 GMT+0800 (China Standard Time),,s1w24,label,"^"
Thu Aug 27 2015 13:43:49 GMT+0800 (China Standard Time),,s1w25,focus,
Thu Aug 27 2015 13:43:49 GMT+0800 (China Standard Time),,s1w26,focus,
Thu Aug 27 2015 13:43:49 GMT+0800 (China Standard Time),,s1w27,focus,
Thu Aug 27 2015 13:43:50 GMT+0800 (China Standard Time),,s1w28,focus,
Thu Aug 27 2015 13:43:50 GMT+0800 (China Standard Time),,s1w29,focus,
Thu Aug 27 2015 13:43:51 GMT+0800 (China Standard Time),,s1w29,label,"^"
Thu Aug 27 2015 13:43:51 GMT+0800 (China Standard Time),,s1w30,focus,
Thu Aug 27 2015 13:43:53 GMT+0800 (China Standard Time),,s1w33,focus,
Thu Aug 27 2015 13:43:53 GMT+0800 (China Standard Time),,s1w33,focus,
Thu Aug 27 2015 13:43:54 GMT+0800 (China Standard Time),,s1w33,label,"^"
Thu Aug 27 2015 13:43:54 GMT+0800 (China Standard Time),,s1w34,focus,
Thu Aug 27 2015 13:43:55 GMT+0800 (China Standard Time),,s1w35,focus,
Thu Aug 27 2015 13:43:55 GMT+0800 (China Standard Time),,s1w36,focus,
Thu Aug 27 2015 13:43:55 GMT+0800 (China Standard Time),,s1w37,focus,
Thu Aug 27 2015 13:43:56 GMT+0800 (China Standard Time),,s1w38,focus,
Thu Aug 27 2015 13:43:56 GMT+0800 (China Standard Time),,s1w39,focus,
Thu Aug 27 2015 13:43:56 GMT+0800 (China Standard Time),,s1w40,focus,
Thu Aug 27 2015 13:43:57 GMT+0800 (China Standard Time),,s1w41,focus,
Thu Aug 27 2015 13:43:58 GMT+0800 (China Standard Time),,s1w41,label,"^"
Thu Aug 27 2015 13:43:58 GMT+0800 (China Standard Time),,s1w42,focus,
Thu Aug 27 2015 13:44:05 GMT+0800 (China Standard Time),,s1w42,label,"$"
Thu Aug 27 2015 13:44:05 GMT+0800 (China Standard Time),,s1w43,focus,
Thu Aug 27 2015 13:44:06 GMT+0800 (China Standard Time),,s1w44,focus,
Thu Aug 27 2015 13:44:07 GMT+0800 (China Standard Time),,s1w45,focus,
Thu Aug 27 2015 13:44:08 GMT+0800 (China Standard Time),,s1w46,focus,
Thu Aug 27 2015 13:44:09 GMT+0800 (China Standard Time),,s1w47,focus,
Thu Aug 27 2015 13:44:10 GMT+0800 (China Standard Time),,s1w47,label,"N"
Thu Aug 27 2015 13:44:10 GMT+0800 (China Standard Time),,s1w48,focus,
Thu Aug 27 2015 13:44:11 GMT+0800 (China Standard Time),,s1w49,focus,
Thu Aug 27 2015 13:44:11 GMT+0800 (China Standard Time),,s1w50,focus,
Thu Aug 27 2015 13:44:11 GMT+0800 (China Standard Time),,s1w51,focus,
Thu Aug 27 2015 13:44:11 GMT+0800 (China Standard Time),,s1w52,focus,
Thu Aug 27 2015 13:44:12 GMT+0800 (China Standard Time),,s1w53,focus,
Thu Aug 27 2015 13:44:13 GMT+0800 (China Standard Time),,s1w53,label,"^"
Thu Aug 27 2015 13:44:13 GMT+0800 (China Standard Time),,s1w54,focus,
Thu Aug 27 2015 13:44:14 GMT+0800 (China Standard Time),,s1w55,focus,
Thu Aug 27 2015 13:44:15 GMT+0800 (China Standard Time),,s1w56,focus,
Thu Aug 27 2015 13:44:15 GMT+0800 (China Standard Time),,s1w57,focus,
Thu Aug 27 2015 13:44:16 GMT+0800 (China Standard Time),,s1w58,focus,
Thu Aug 27 2015 13:44:16 GMT+0800 (China Standard Time),,s1w59,focus,
Thu Aug 27 2015 13:44:16 GMT+0800 (China Standard Time),,s1w60,focus,
Thu Aug 27 2015 13:44:17 GMT+0800 (China Standard Time),,s1w61,focus,
Thu Aug 27 2015 13:44:17 GMT+0800 (China Standard Time),,s1w62,focus,
Thu Aug 27 2015 13:44:17 GMT+0800 (China Standard Time),,s1w63,focus,
Thu Aug 27 2015 13:44:17 GMT+0800 (China Standard Time),,s1w64,focus,
Thu Aug 27 2015 13:44:18 GMT+0800 (China Standard Time),,s1w65,focus,
Thu Aug 27 2015 13:44:18 GMT+0800 (China Standard Time),,s1w66,focus,
Thu Aug 27 2015 13:44:18 GMT+0800 (China Standard Time),,s1w67,focus,
Thu Aug 27 2015 13:44:19 GMT+0800 (China Standard Time),,s1w68,focus,
Thu Aug 27 2015 13:44:20 GMT+0800 (China Standard Time),,s1w69,focus,
Thu Aug 27 2015 13:44:21 GMT+0800 (China Standard Time),,s1w70,focus,
Thu Aug 27 2015 13:44:21 GMT+0800 (China Standard Time),,s1w71,focus,
Thu Aug 27 2015 13:44:22 GMT+0800 (China Standard Time),,s1w72,focus,
Thu Aug 27 2015 13:44:22 GMT+0800 (China Standard Time),,s1w73,focus,
Thu Aug 27 2015 13:44:23 GMT+0800 (China Standard Time),,s1w74,focus,
Thu Aug 27 2015 13:44:23 GMT+0800 (China Standard Time),,s1w75,focus,
Thu Aug 27 2015 13:44:23 GMT+0800 (China Standard Time),,s1w76,focus,
Thu Aug 27 2015 13:44:24 GMT+0800 (China Standard Time),,s1w77,focus,
Thu Aug 27 2015 13:44:24 GMT+0800 (China Standard Time),,s1w78,focus,
Thu Aug 27 2015 13:44:25 GMT+0800 (China Standard Time),,s1w78,label,"^"
Thu Aug 27 2015 13:44:25 GMT+0800 (China Standard Time),,s1w79,focus,
Thu Aug 27 2015 13:44:25 GMT+0800 (China Standard Time),,s1w80,focus,
Thu Aug 27 2015 13:44:26 GMT+0800 (China Standard Time),,s1w81,focus,
Thu Aug 27 2015 13:44:26 GMT+0800 (China Standard Time),,s1w82,focus,
Thu Aug 27 2015 13:44:26 GMT+0800 (China Standard Time),,s1w83,focus,
Thu Aug 27 2015 13:44:26 GMT+0800 (China Standard Time),,s1w84,focus,
Thu Aug 27 2015 13:44:27 GMT+0800 (China Standard Time),,s1w85,focus,
Thu Aug 27 2015 13:44:27 GMT+0800 (China Standard Time),,s1w86,focus,
Thu Aug 27 2015 13:44:27 GMT+0800 (China Standard Time),,s1w87,focus,
Thu Aug 27 2015 13:44:27 GMT+0800 (China Standard Time),,s1w88,focus,
Thu Aug 27 2015 13:44:28 GMT+0800 (China Standard Time),,s1w89,focus,
Thu Aug 27 2015 13:44:29 GMT+0800 (China Standard Time),,s1w90,focus,
Thu Aug 27 2015 13:44:30 GMT+0800 (China Standard Time),,s1w91,focus,
Thu Aug 27 2015 13:44:30 GMT+0800 (China Standard Time),,s1w92,focus,
Thu Aug 27 2015 13:44:31 GMT+0800 (China Standard Time),,s1w93,focus,
Thu Aug 27 2015 13:44:31 GMT+0800 (China Standard Time),,s1w94,focus,
Thu Aug 27 2015 13:44:31 GMT+0800 (China Standard Time),,s1w95,focus,
Thu Aug 27 2015 13:44:32 GMT+0800 (China Standard Time),,s1w96,focus,
Thu Aug 27 2015 13:44:33 GMT+0800 (China Standard Time),,s1w96,label,"^"
Thu Aug 27 2015 13:44:33 GMT+0800 (China Standard Time),,s1w97,focus,
Thu Aug 27 2015 13:44:33 GMT+0800 (China Standard Time),,s1w98,focus,
Thu Aug 27 2015 13:44:33 GMT+0800 (China Standard Time),,s1w99,focus,
Thu Aug 27 2015 13:44:34 GMT+0800 (China Standard Time),,s1w100,focus,
Thu Aug 27 2015 13:44:34 GMT+0800 (China Standard Time),,s1w101,focus,
Thu Aug 27 2015 13:44:35 GMT+0800 (China Standard Time),,s1w102,focus,
Thu Aug 27 2015 13:44:35 GMT+0800 (China Standard Time),,s1w103,focus,
Thu Aug 27 2015 13:44:35 GMT+0800 (China Standard Time),,s1w104,focus,
Thu Aug 27 2015 13:44:36 GMT+0800 (China Standard Time),,s1w105,focus,
Thu Aug 27 2015 13:44:36 GMT+0800 (China Standard Time),,s1w106,focus,
Thu Aug 27 2015 13:44:36 GMT+0800 (China Standard Time),,s1w107,focus,
Thu Aug 27 2015 13:44:36 GMT+0800 (China Standard Time),,s1w108,focus,
Thu Aug 27 2015 13:44:37 GMT+0800 (China Standard Time),,s1w109,focus,
Thu Aug 27 2015 13:44:40 GMT+0800 (China Standard Time),,,submitPage,
