Wed Aug 26 2015 21:09:39 GMT+0800 (China Standard Time),,,pageReady,0:100:100
Wed Aug 26 2015 21:09:39 GMT+0800 (China Standard Time),,s0,twitterId,440160
Wed Aug 26 2015 21:09:39 GMT+0800 (China Standard Time),,s1,twitterId,440160
Wed Aug 26 2015 21:09:39 GMT+0800 (China Standard Time),,s2,twitterId,440160
Wed Aug 26 2015 21:09:39 GMT+0800 (China Standard Time),,s3,twitterId,440160
Wed Aug 26 2015 21:09:39 GMT+0800 (China Standard Time),,s4,twitterId,440160
Wed Aug 26 2015 21:09:39 GMT+0800 (China Standard Time),,s5,twitterId,440160
Wed Aug 26 2015 21:09:39 GMT+0800 (China Standard Time),,s6,twitterId,440160
Wed Aug 26 2015 21:09:39 GMT+0800 (China Standard Time),,s7,twitterId,440160
Wed Aug 26 2015 21:09:39 GMT+0800 (China Standard Time),,s8,twitterId,440160
Wed Aug 26 2015 21:09:39 GMT+0800 (China Standard Time),,s9,twitterId,440160
Wed Aug 26 2015 21:09:39 GMT+0800 (China Standard Time),,s10,twitterId,440160
Wed Aug 26 2015 21:09:39 GMT+0800 (China Standard Time),,s11,twitterId,440160
Wed Aug 26 2015 21:09:39 GMT+0800 (China Standard Time),,s12,twitterId,440160
Wed Aug 26 2015 21:09:39 GMT+0800 (China Standard Time),,s13,twitterId,440160
Wed Aug 26 2015 21:09:39 GMT+0800 (China Standard Time),,s14,twitterId,440160
Wed Aug 26 2015 21:09:39 GMT+0800 (China Standard Time),,s15,twitterId,440160
Wed Aug 26 2015 21:09:39 GMT+0800 (China Standard Time),,s16,twitterId,440160
Wed Aug 26 2015 21:09:39 GMT+0800 (China Standard Time),,s17,twitterId,440160
Wed Aug 26 2015 21:09:39 GMT+0800 (China Standard Time),,s18,twitterId,440160
Wed Aug 26 2015 21:09:39 GMT+0800 (China Standard Time),,s19,twitterId,440160
Wed Aug 26 2015 21:09:39 GMT+0800 (China Standard Time),,s20,twitterId,440160
Wed Aug 26 2015 21:09:39 GMT+0800 (China Standard Time),,s21,twitterId,440160
Wed Aug 26 2015 21:09:39 GMT+0800 (China Standard Time),,s22,twitterId,440160
Wed Aug 26 2015 21:09:39 GMT+0800 (China Standard Time),,s23,twitterId,440160
Wed Aug 26 2015 21:09:39 GMT+0800 (China Standard Time),,s24,twitterId,440160
Wed Aug 26 2015 21:09:52 GMT+0800 (China Standard Time),,s0w1,focus,
Wed Aug 26 2015 21:09:52 GMT+0800 (China Standard Time),,s0w2,focus,
Wed Aug 26 2015 21:09:52 GMT+0800 (China Standard Time),,s0w3,focus,
Wed Aug 26 2015 21:09:53 GMT+0800 (China Standard Time),,s0w4,focus,
Wed Aug 26 2015 21:09:53 GMT+0800 (China Standard Time),,s0w5,focus,
Wed Aug 26 2015 21:09:53 GMT+0800 (China Standard Time),,s0w6,focus,
Wed Aug 26 2015 21:09:54 GMT+0800 (China Standard Time),,s1w1,focus,
Wed Aug 26 2015 21:09:54 GMT+0800 (China Standard Time),,s1w2,focus,
Wed Aug 26 2015 21:09:55 GMT+0800 (China Standard Time),,s1w3,focus,
Wed Aug 26 2015 21:09:55 GMT+0800 (China Standard Time),,s1w4,focus,
Wed Aug 26 2015 21:09:56 GMT+0800 (China Standard Time),,s1w5,focus,
Wed Aug 26 2015 21:09:56 GMT+0800 (China Standard Time),,s1w6,focus,
Wed Aug 26 2015 21:09:56 GMT+0800 (China Standard Time),,s1w7,focus,
Wed Aug 26 2015 21:09:56 GMT+0800 (China Standard Time),,s1w8,focus,
Wed Aug 26 2015 21:09:57 GMT+0800 (China Standard Time),,s1w9,focus,
Wed Aug 26 2015 21:09:57 GMT+0800 (China Standard Time),,s1w10,focus,
Wed Aug 26 2015 21:09:57 GMT+0800 (China Standard Time),,s1w11,focus,
Wed Aug 26 2015 21:09:57 GMT+0800 (China Standard Time),,s1w12,focus,
Wed Aug 26 2015 21:09:58 GMT+0800 (China Standard Time),,s1w13,focus,
Wed Aug 26 2015 21:09:58 GMT+0800 (China Standard Time),,s1w14,focus,
Wed Aug 26 2015 21:09:59 GMT+0800 (China Standard Time),,s1w15,focus,
Wed Aug 26 2015 21:09:59 GMT+0800 (China Standard Time),,s1w16,focus,
Wed Aug 26 2015 21:10:00 GMT+0800 (China Standard Time),,s1w17,focus,
Wed Aug 26 2015 21:10:01 GMT+0800 (China Standard Time),,s1w18,focus,
Wed Aug 26 2015 21:10:02 GMT+0800 (China Standard Time),,s1w19,focus,
Wed Aug 26 2015 21:10:04 GMT+0800 (China Standard Time),,s1w20,focus,
Wed Aug 26 2015 21:10:04 GMT+0800 (China Standard Time),,s2w1,focus,
Wed Aug 26 2015 21:10:05 GMT+0800 (China Standard Time),,s2w2,focus,
Wed Aug 26 2015 21:10:05 GMT+0800 (China Standard Time),,s2w3,focus,
Wed Aug 26 2015 21:10:05 GMT+0800 (China Standard Time),,s2w4,focus,
Wed Aug 26 2015 21:10:06 GMT+0800 (China Standard Time),,s2w5,focus,
Wed Aug 26 2015 21:10:07 GMT+0800 (China Standard Time),,s2w6,focus,
Wed Aug 26 2015 21:10:07 GMT+0800 (China Standard Time),,s2w7,focus,
Wed Aug 26 2015 21:10:11 GMT+0800 (China Standard Time),,s2w8,focus,
Wed Aug 26 2015 21:10:13 GMT+0800 (China Standard Time),,s2w9,focus,
Wed Aug 26 2015 21:10:13 GMT+0800 (China Standard Time),,s2w10,focus,
Wed Aug 26 2015 21:10:18 GMT+0800 (China Standard Time),,s2w10,label,"N"
Wed Aug 26 2015 21:10:18 GMT+0800 (China Standard Time),,s2w11,focus,
Wed Aug 26 2015 21:10:18 GMT+0800 (China Standard Time),,s2w12,focus,
Wed Aug 26 2015 21:10:19 GMT+0800 (China Standard Time),,s2w13,focus,
Wed Aug 26 2015 21:10:19 GMT+0800 (China Standard Time),,s2w14,focus,
Wed Aug 26 2015 21:10:20 GMT+0800 (China Standard Time),,s2w15,focus,
Wed Aug 26 2015 21:10:20 GMT+0800 (China Standard Time),,s2w16,focus,
Wed Aug 26 2015 21:10:20 GMT+0800 (China Standard Time),,s2w17,focus,
Wed Aug 26 2015 21:10:20 GMT+0800 (China Standard Time),,s2w18,focus,
Wed Aug 26 2015 21:10:21 GMT+0800 (China Standard Time),,s2w19,focus,
Wed Aug 26 2015 21:10:21 GMT+0800 (China Standard Time),,s2w20,focus,
Wed Aug 26 2015 21:10:21 GMT+0800 (China Standard Time),,s2w21,focus,
Wed Aug 26 2015 21:10:22 GMT+0800 (China Standard Time),,s2w22,focus,
Wed Aug 26 2015 21:10:22 GMT+0800 (China Standard Time),,s2w23,focus,
Wed Aug 26 2015 21:10:22 GMT+0800 (China Standard Time),,s2w24,focus,
Wed Aug 26 2015 21:10:22 GMT+0800 (China Standard Time),,s2w25,focus,
Wed Aug 26 2015 21:10:23 GMT+0800 (China Standard Time),,s2w26,focus,
Wed Aug 26 2015 21:10:23 GMT+0800 (China Standard Time),,s2w27,focus,
Wed Aug 26 2015 21:10:23 GMT+0800 (China Standard Time),,s2w28,focus,
Wed Aug 26 2015 21:10:23 GMT+0800 (China Standard Time),,s2w29,focus,
Wed Aug 26 2015 21:10:24 GMT+0800 (China Standard Time),,s2w30,focus,
Wed Aug 26 2015 21:10:24 GMT+0800 (China Standard Time),,s2w31,focus,
Wed Aug 26 2015 21:10:25 GMT+0800 (China Standard Time),,s3w1,focus,
Wed Aug 26 2015 21:10:25 GMT+0800 (China Standard Time),,s3w2,focus,
Wed Aug 26 2015 21:10:25 GMT+0800 (China Standard Time),,s3w3,focus,
Wed Aug 26 2015 21:10:26 GMT+0800 (China Standard Time),,s3w4,focus,
Wed Aug 26 2015 21:10:26 GMT+0800 (China Standard Time),,s3w5,focus,
Wed Aug 26 2015 21:10:26 GMT+0800 (China Standard Time),,s3w6,focus,
Wed Aug 26 2015 21:10:27 GMT+0800 (China Standard Time),,s3w7,focus,
Wed Aug 26 2015 21:10:27 GMT+0800 (China Standard Time),,s3w8,focus,
Wed Aug 26 2015 21:10:27 GMT+0800 (China Standard Time),,s3w9,focus,
Wed Aug 26 2015 21:10:28 GMT+0800 (China Standard Time),,s3w10,focus,
Wed Aug 26 2015 21:10:29 GMT+0800 (China Standard Time),,s4w1,focus,
Wed Aug 26 2015 21:10:29 GMT+0800 (China Standard Time),,s4w2,focus,
Wed Aug 26 2015 21:10:30 GMT+0800 (China Standard Time),,s4w3,focus,
Wed Aug 26 2015 21:10:30 GMT+0800 (China Standard Time),,s4w4,focus,
Wed Aug 26 2015 21:10:30 GMT+0800 (China Standard Time),,s4w5,focus,
Wed Aug 26 2015 21:10:31 GMT+0800 (China Standard Time),,s4w6,focus,
Wed Aug 26 2015 21:10:31 GMT+0800 (China Standard Time),,s4w7,focus,
Wed Aug 26 2015 21:10:32 GMT+0800 (China Standard Time),,s4w8,focus,
Wed Aug 26 2015 21:10:32 GMT+0800 (China Standard Time),,s4w9,focus,
Wed Aug 26 2015 21:10:32 GMT+0800 (China Standard Time),,s4w10,focus,
Wed Aug 26 2015 21:10:33 GMT+0800 (China Standard Time),,s4w11,focus,
Wed Aug 26 2015 21:10:33 GMT+0800 (China Standard Time),,s4w12,focus,
Wed Aug 26 2015 21:10:34 GMT+0800 (China Standard Time),,s4w13,focus,
Wed Aug 26 2015 21:10:34 GMT+0800 (China Standard Time),,s4w14,focus,
Wed Aug 26 2015 21:10:34 GMT+0800 (China Standard Time),,s4w15,focus,
Wed Aug 26 2015 21:10:35 GMT+0800 (China Standard Time),,s4w16,focus,
Wed Aug 26 2015 21:10:35 GMT+0800 (China Standard Time),,s4w17,focus,
Wed Aug 26 2015 21:10:35 GMT+0800 (China Standard Time),,s4w18,focus,
Wed Aug 26 2015 21:10:35 GMT+0800 (China Standard Time),,s4w19,focus,
Wed Aug 26 2015 21:10:36 GMT+0800 (China Standard Time),,s4w20,focus,
Wed Aug 26 2015 21:10:36 GMT+0800 (China Standard Time),,s4w21,focus,
Wed Aug 26 2015 21:10:36 GMT+0800 (China Standard Time),,s4w22,focus,
Wed Aug 26 2015 21:10:36 GMT+0800 (China Standard Time),,s4w23,focus,
Wed Aug 26 2015 21:10:37 GMT+0800 (China Standard Time),,s4w24,focus,
Wed Aug 26 2015 21:10:37 GMT+0800 (China Standard Time),,s4w25,focus,
Wed Aug 26 2015 21:10:37 GMT+0800 (China Standard Time),,s4w26,focus,
Wed Aug 26 2015 21:10:37 GMT+0800 (China Standard Time),,s4w27,focus,
Wed Aug 26 2015 21:10:38 GMT+0800 (China Standard Time),,s4w28,focus,
Wed Aug 26 2015 21:10:38 GMT+0800 (China Standard Time),,s4w29,focus,
Wed Aug 26 2015 21:10:38 GMT+0800 (China Standard Time),,s4w30,focus,
Wed Aug 26 2015 21:10:39 GMT+0800 (China Standard Time),,s4w31,focus,
Wed Aug 26 2015 21:10:39 GMT+0800 (China Standard Time),,s4w32,focus,
Wed Aug 26 2015 21:10:39 GMT+0800 (China Standard Time),,s4w33,focus,
Wed Aug 26 2015 21:10:39 GMT+0800 (China Standard Time),,s4w34,focus,
Wed Aug 26 2015 21:10:40 GMT+0800 (China Standard Time),,s4w35,focus,
Wed Aug 26 2015 21:10:40 GMT+0800 (China Standard Time),,s4w36,focus,
Wed Aug 26 2015 21:10:40 GMT+0800 (China Standard Time),,s4w37,focus,
Wed Aug 26 2015 21:10:41 GMT+0800 (China Standard Time),,s4w38,focus,
Wed Aug 26 2015 21:10:41 GMT+0800 (China Standard Time),,s4w39,focus,
Wed Aug 26 2015 21:10:41 GMT+0800 (China Standard Time),,s4w40,focus,
Wed Aug 26 2015 21:10:42 GMT+0800 (China Standard Time),,s4w41,focus,
Wed Aug 26 2015 21:10:43 GMT+0800 (China Standard Time),,s4w42,focus,
Wed Aug 26 2015 21:10:43 GMT+0800 (China Standard Time),,s4w43,focus,
Wed Aug 26 2015 21:10:43 GMT+0800 (China Standard Time),,s4w44,focus,
Wed Aug 26 2015 21:10:44 GMT+0800 (China Standard Time),,s4w45,focus,
Wed Aug 26 2015 21:10:44 GMT+0800 (China Standard Time),,s4w46,focus,
Wed Aug 26 2015 21:10:44 GMT+0800 (China Standard Time),,s4w47,focus,
Wed Aug 26 2015 21:10:44 GMT+0800 (China Standard Time),,s4w48,focus,
Wed Aug 26 2015 21:10:45 GMT+0800 (China Standard Time),,s4w49,focus,
Wed Aug 26 2015 21:10:45 GMT+0800 (China Standard Time),,s4w50,focus,
Wed Aug 26 2015 21:10:45 GMT+0800 (China Standard Time),,s4w51,focus,
Wed Aug 26 2015 21:10:45 GMT+0800 (China Standard Time),,s4w52,focus,
Wed Aug 26 2015 21:10:46 GMT+0800 (China Standard Time),,s4w53,focus,
Wed Aug 26 2015 21:10:46 GMT+0800 (China Standard Time),,s4w54,focus,
Wed Aug 26 2015 21:10:47 GMT+0800 (China Standard Time),,s4w55,focus,
Wed Aug 26 2015 21:10:47 GMT+0800 (China Standard Time),,s4w56,focus,
Wed Aug 26 2015 21:10:48 GMT+0800 (China Standard Time),,s4w57,focus,
Wed Aug 26 2015 21:10:48 GMT+0800 (China Standard Time),,s4w58,focus,
Wed Aug 26 2015 21:10:50 GMT+0800 (China Standard Time),,s4w58,label,"^"
Wed Aug 26 2015 21:10:51 GMT+0800 (China Standard Time),,s4w59,focus,
Wed Aug 26 2015 21:10:52 GMT+0800 (China Standard Time),,s4w60,focus,
Wed Aug 26 2015 21:10:53 GMT+0800 (China Standard Time),,s4w61,focus,
Wed Aug 26 2015 21:10:53 GMT+0800 (China Standard Time),,s4w62,focus,
Wed Aug 26 2015 21:10:53 GMT+0800 (China Standard Time),,s4w63,focus,
Wed Aug 26 2015 21:10:54 GMT+0800 (China Standard Time),,s4w64,focus,
Wed Aug 26 2015 21:10:54 GMT+0800 (China Standard Time),,s4w65,focus,
Wed Aug 26 2015 21:10:54 GMT+0800 (China Standard Time),,s4w66,focus,
Wed Aug 26 2015 21:10:55 GMT+0800 (China Standard Time),,s4w67,focus,
Wed Aug 26 2015 21:10:55 GMT+0800 (China Standard Time),,s4w68,focus,
Wed Aug 26 2015 21:10:56 GMT+0800 (China Standard Time),,s4w69,focus,
Wed Aug 26 2015 21:10:56 GMT+0800 (China Standard Time),,s4w70,focus,
Wed Aug 26 2015 21:10:57 GMT+0800 (China Standard Time),,s4w71,focus,
Wed Aug 26 2015 21:10:57 GMT+0800 (China Standard Time),,s4w72,focus,
Wed Aug 26 2015 21:10:57 GMT+0800 (China Standard Time),,s4w73,focus,
Wed Aug 26 2015 21:10:57 GMT+0800 (China Standard Time),,s4w74,focus,
Wed Aug 26 2015 21:10:58 GMT+0800 (China Standard Time),,s4w75,focus,
Wed Aug 26 2015 21:10:59 GMT+0800 (China Standard Time),,s4w76,focus,
Wed Aug 26 2015 21:10:59 GMT+0800 (China Standard Time),,s4w77,focus,
Wed Aug 26 2015 21:10:59 GMT+0800 (China Standard Time),,s4w78,focus,
Wed Aug 26 2015 21:11:00 GMT+0800 (China Standard Time),,s4w79,focus,
Wed Aug 26 2015 21:11:00 GMT+0800 (China Standard Time),,s4w80,focus,
Wed Aug 26 2015 21:11:00 GMT+0800 (China Standard Time),,s4w81,focus,
Wed Aug 26 2015 21:11:02 GMT+0800 (China Standard Time),,s4w82,focus,
Wed Aug 26 2015 21:11:04 GMT+0800 (China Standard Time),,s4w83,focus,
Wed Aug 26 2015 21:11:04 GMT+0800 (China Standard Time),,s4w84,focus,
Wed Aug 26 2015 21:11:04 GMT+0800 (China Standard Time),,s4w85,focus,
Wed Aug 26 2015 21:11:05 GMT+0800 (China Standard Time),,s4w86,focus,
Wed Aug 26 2015 21:11:05 GMT+0800 (China Standard Time),,s4w87,focus,
Wed Aug 26 2015 21:11:05 GMT+0800 (China Standard Time),,s4w88,focus,
Wed Aug 26 2015 21:11:05 GMT+0800 (China Standard Time),,s4w89,focus,
Wed Aug 26 2015 21:11:06 GMT+0800 (China Standard Time),,s4w90,focus,
Wed Aug 26 2015 21:11:06 GMT+0800 (China Standard Time),,s4w91,focus,
Wed Aug 26 2015 21:11:06 GMT+0800 (China Standard Time),,s4w92,focus,
Wed Aug 26 2015 21:11:07 GMT+0800 (China Standard Time),,s4w93,focus,
Wed Aug 26 2015 21:11:07 GMT+0800 (China Standard Time),,s4w94,focus,
Wed Aug 26 2015 21:11:07 GMT+0800 (China Standard Time),,s4w95,focus,
Wed Aug 26 2015 21:11:08 GMT+0800 (China Standard Time),,s4w96,focus,
Wed Aug 26 2015 21:11:08 GMT+0800 (China Standard Time),,s4w97,focus,
Wed Aug 26 2015 21:11:08 GMT+0800 (China Standard Time),,s4w98,focus,
Wed Aug 26 2015 21:11:08 GMT+0800 (China Standard Time),,s4w99,focus,
Wed Aug 26 2015 21:11:09 GMT+0800 (China Standard Time),,s4w100,focus,
Wed Aug 26 2015 21:11:09 GMT+0800 (China Standard Time),,s4w101,focus,
Wed Aug 26 2015 21:11:10 GMT+0800 (China Standard Time),,s5w1,focus,
Wed Aug 26 2015 21:11:10 GMT+0800 (China Standard Time),,s5w2,focus,
Wed Aug 26 2015 21:11:11 GMT+0800 (China Standard Time),,s5w3,focus,
Wed Aug 26 2015 21:11:11 GMT+0800 (China Standard Time),,s5w4,focus,
Wed Aug 26 2015 21:11:12 GMT+0800 (China Standard Time),,s5w5,focus,
Wed Aug 26 2015 21:11:12 GMT+0800 (China Standard Time),,s5w6,focus,
Wed Aug 26 2015 21:11:12 GMT+0800 (China Standard Time),,s5w7,focus,
Wed Aug 26 2015 21:11:12 GMT+0800 (China Standard Time),,s5w8,focus,
Wed Aug 26 2015 21:11:13 GMT+0800 (China Standard Time),,s5w9,focus,
Wed Aug 26 2015 21:11:13 GMT+0800 (China Standard Time),,s5w10,focus,
Wed Aug 26 2015 21:11:13 GMT+0800 (China Standard Time),,s5w11,focus,
Wed Aug 26 2015 21:11:13 GMT+0800 (China Standard Time),,s5w12,focus,
Wed Aug 26 2015 21:11:14 GMT+0800 (China Standard Time),,s5w13,focus,
Wed Aug 26 2015 21:11:14 GMT+0800 (China Standard Time),,s5w14,focus,
Wed Aug 26 2015 21:11:14 GMT+0800 (China Standard Time),,s5w15,focus,
Wed Aug 26 2015 21:11:15 GMT+0800 (China Standard Time),,s5w16,focus,
Wed Aug 26 2015 21:11:15 GMT+0800 (China Standard Time),,s5w17,focus,
Wed Aug 26 2015 21:11:15 GMT+0800 (China Standard Time),,s5w18,focus,
Wed Aug 26 2015 21:11:16 GMT+0800 (China Standard Time),,s5w19,focus,
Wed Aug 26 2015 21:11:16 GMT+0800 (China Standard Time),,s5w20,focus,
Wed Aug 26 2015 21:11:16 GMT+0800 (China Standard Time),,s5w21,focus,
Wed Aug 26 2015 21:11:16 GMT+0800 (China Standard Time),,s5w22,focus,
Wed Aug 26 2015 21:11:17 GMT+0800 (China Standard Time),,s5w23,focus,
Wed Aug 26 2015 21:11:17 GMT+0800 (China Standard Time),,s6w1,focus,
Wed Aug 26 2015 21:11:18 GMT+0800 (China Standard Time),,s6w2,focus,
Wed Aug 26 2015 21:11:19 GMT+0800 (China Standard Time),,s6w3,focus,
Wed Aug 26 2015 21:11:19 GMT+0800 (China Standard Time),,s6w4,focus,
Wed Aug 26 2015 21:11:20 GMT+0800 (China Standard Time),,s6w5,focus,
Wed Aug 26 2015 21:11:20 GMT+0800 (China Standard Time),,s6w6,focus,
Wed Aug 26 2015 21:11:21 GMT+0800 (China Standard Time),,s6w7,focus,
Wed Aug 26 2015 21:11:22 GMT+0800 (China Standard Time),,s6w8,focus,
Wed Aug 26 2015 21:11:23 GMT+0800 (China Standard Time),,s6w9,focus,
Wed Aug 26 2015 21:11:24 GMT+0800 (China Standard Time),,s6w10,focus,
Wed Aug 26 2015 21:11:25 GMT+0800 (China Standard Time),,s6w11,focus,
Wed Aug 26 2015 21:11:25 GMT+0800 (China Standard Time),,s6w12,focus,
Wed Aug 26 2015 21:11:26 GMT+0800 (China Standard Time),,s6w13,focus,
Wed Aug 26 2015 21:11:26 GMT+0800 (China Standard Time),,s6w14,focus,
Wed Aug 26 2015 21:11:27 GMT+0800 (China Standard Time),,s6w15,focus,
Wed Aug 26 2015 21:11:27 GMT+0800 (China Standard Time),,s6w16,focus,
Wed Aug 26 2015 21:11:28 GMT+0800 (China Standard Time),,s6w17,focus,
Wed Aug 26 2015 21:11:28 GMT+0800 (China Standard Time),,s6w18,focus,
Wed Aug 26 2015 21:11:29 GMT+0800 (China Standard Time),,s6w19,focus,
Wed Aug 26 2015 21:11:29 GMT+0800 (China Standard Time),,s6w20,focus,
Wed Aug 26 2015 21:11:30 GMT+0800 (China Standard Time),,s6w21,focus,
Wed Aug 26 2015 21:11:30 GMT+0800 (China Standard Time),,s6w22,focus,
Wed Aug 26 2015 21:11:30 GMT+0800 (China Standard Time),,s6w23,focus,
Wed Aug 26 2015 21:11:31 GMT+0800 (China Standard Time),,s6w24,focus,
Wed Aug 26 2015 21:11:34 GMT+0800 (China Standard Time),,s6w25,focus,
Wed Aug 26 2015 21:11:35 GMT+0800 (China Standard Time),,s6w26,focus,
Wed Aug 26 2015 21:11:35 GMT+0800 (China Standard Time),,s6w27,focus,
Wed Aug 26 2015 21:11:39 GMT+0800 (China Standard Time),,s6w27,label,"A"
Wed Aug 26 2015 21:11:41 GMT+0800 (China Standard Time),,s6w28,focus,
Wed Aug 26 2015 21:11:42 GMT+0800 (China Standard Time),,s6w29,focus,
Wed Aug 26 2015 21:11:42 GMT+0800 (China Standard Time),,s6w30,focus,
Wed Aug 26 2015 21:11:42 GMT+0800 (China Standard Time),,s6w31,focus,
Wed Aug 26 2015 21:11:43 GMT+0800 (China Standard Time),,s6w32,focus,
Wed Aug 26 2015 21:11:43 GMT+0800 (China Standard Time),,s6w33,focus,
Wed Aug 26 2015 21:11:43 GMT+0800 (China Standard Time),,s6w34,focus,
Wed Aug 26 2015 21:11:44 GMT+0800 (China Standard Time),,s6w35,focus,
Wed Aug 26 2015 21:11:44 GMT+0800 (China Standard Time),,s6w36,focus,
Wed Aug 26 2015 21:11:44 GMT+0800 (China Standard Time),,s6w37,focus,
Wed Aug 26 2015 21:11:45 GMT+0800 (China Standard Time),,s6w38,focus,
Wed Aug 26 2015 21:11:45 GMT+0800 (China Standard Time),,s6w39,focus,
Wed Aug 26 2015 21:11:46 GMT+0800 (China Standard Time),,s6w40,focus,
Wed Aug 26 2015 21:11:46 GMT+0800 (China Standard Time),,s6w41,focus,
Wed Aug 26 2015 21:11:46 GMT+0800 (China Standard Time),,s6w42,focus,
Wed Aug 26 2015 21:11:46 GMT+0800 (China Standard Time),,s6w43,focus,
Wed Aug 26 2015 21:11:47 GMT+0800 (China Standard Time),,s6w44,focus,
Wed Aug 26 2015 21:11:47 GMT+0800 (China Standard Time),,s6w45,focus,
Wed Aug 26 2015 21:11:47 GMT+0800 (China Standard Time),,s6w46,focus,
Wed Aug 26 2015 21:11:47 GMT+0800 (China Standard Time),,s6w47,focus,
Wed Aug 26 2015 21:11:48 GMT+0800 (China Standard Time),,s6w48,focus,
Wed Aug 26 2015 21:11:48 GMT+0800 (China Standard Time),,s7w1,focus,
Wed Aug 26 2015 21:11:57 GMT+0800 (China Standard Time),,s7w2,focus,
Wed Aug 26 2015 21:11:58 GMT+0800 (China Standard Time),,s7w3,focus,
Wed Aug 26 2015 21:11:58 GMT+0800 (China Standard Time),,s7w4,focus,
Wed Aug 26 2015 21:11:58 GMT+0800 (China Standard Time),,s7w5,focus,
Wed Aug 26 2015 21:12:00 GMT+0800 (China Standard Time),,s7w5,label,"^"
Wed Aug 26 2015 21:12:00 GMT+0800 (China Standard Time),,s7w6,focus,
Wed Aug 26 2015 21:12:01 GMT+0800 (China Standard Time),,s7w7,focus,
Wed Aug 26 2015 21:12:01 GMT+0800 (China Standard Time),,s7w8,focus,
Wed Aug 26 2015 21:12:02 GMT+0800 (China Standard Time),,s7w9,focus,
Wed Aug 26 2015 21:12:03 GMT+0800 (China Standard Time),,s7w9,label,"^"
Wed Aug 26 2015 21:12:03 GMT+0800 (China Standard Time),,s7w10,focus,
Wed Aug 26 2015 21:12:04 GMT+0800 (China Standard Time),,s7w11,focus,
Wed Aug 26 2015 21:12:04 GMT+0800 (China Standard Time),,s7w12,focus,
Wed Aug 26 2015 21:12:05 GMT+0800 (China Standard Time),,s7w13,focus,
Wed Aug 26 2015 21:12:06 GMT+0800 (China Standard Time),,s7w14,focus,
Wed Aug 26 2015 21:12:06 GMT+0800 (China Standard Time),,s7w15,focus,
Wed Aug 26 2015 21:12:06 GMT+0800 (China Standard Time),,s7w16,focus,
Wed Aug 26 2015 21:12:07 GMT+0800 (China Standard Time),,s7w17,focus,
Wed Aug 26 2015 21:12:07 GMT+0800 (China Standard Time),,s7w18,focus,
Wed Aug 26 2015 21:12:07 GMT+0800 (China Standard Time),,s7w19,focus,
Wed Aug 26 2015 21:12:07 GMT+0800 (China Standard Time),,s7w20,focus,
Wed Aug 26 2015 21:12:08 GMT+0800 (China Standard Time),,s7w21,focus,
Wed Aug 26 2015 21:12:08 GMT+0800 (China Standard Time),,s7w22,focus,
Wed Aug 26 2015 21:12:08 GMT+0800 (China Standard Time),,s7w23,focus,
Wed Aug 26 2015 21:12:09 GMT+0800 (China Standard Time),,s7w24,focus,
Wed Aug 26 2015 21:12:09 GMT+0800 (China Standard Time),,s7w25,focus,
Wed Aug 26 2015 21:12:09 GMT+0800 (China Standard Time),,s7w26,focus,
Wed Aug 26 2015 21:12:09 GMT+0800 (China Standard Time),,s7w27,focus,
Wed Aug 26 2015 21:12:10 GMT+0800 (China Standard Time),,s7w28,focus,
Wed Aug 26 2015 21:12:10 GMT+0800 (China Standard Time),,s7w29,focus,
Wed Aug 26 2015 21:12:10 GMT+0800 (China Standard Time),,s7w30,focus,
Wed Aug 26 2015 21:12:10 GMT+0800 (China Standard Time),,s7w31,focus,
Wed Aug 26 2015 21:12:11 GMT+0800 (China Standard Time),,s7w32,focus,
Wed Aug 26 2015 21:12:11 GMT+0800 (China Standard Time),,s7w33,focus,
Wed Aug 26 2015 21:12:11 GMT+0800 (China Standard Time),,s7w34,focus,
Wed Aug 26 2015 21:12:12 GMT+0800 (China Standard Time),,s7w35,focus,
Wed Aug 26 2015 21:12:12 GMT+0800 (China Standard Time),,s7w36,focus,
Wed Aug 26 2015 21:12:14 GMT+0800 (China Standard Time),,s7w37,focus,
Wed Aug 26 2015 21:12:15 GMT+0800 (China Standard Time),,s7w37,label,"^"
Wed Aug 26 2015 21:12:15 GMT+0800 (China Standard Time),,s7w38,focus,
Wed Aug 26 2015 21:12:16 GMT+0800 (China Standard Time),,s7w39,focus,
Wed Aug 26 2015 21:12:16 GMT+0800 (China Standard Time),,s7w40,focus,
Wed Aug 26 2015 21:12:17 GMT+0800 (China Standard Time),,s7w41,focus,
Wed Aug 26 2015 21:12:19 GMT+0800 (China Standard Time),,s8w1,focus,
Wed Aug 26 2015 21:12:20 GMT+0800 (China Standard Time),,s8w2,focus,
Wed Aug 26 2015 21:12:20 GMT+0800 (China Standard Time),,s8w3,focus,
Wed Aug 26 2015 21:12:20 GMT+0800 (China Standard Time),,s8w4,focus,
Wed Aug 26 2015 21:12:21 GMT+0800 (China Standard Time),,s8w5,focus,
Wed Aug 26 2015 21:12:21 GMT+0800 (China Standard Time),,s8w6,focus,
Wed Aug 26 2015 21:12:21 GMT+0800 (China Standard Time),,s8w7,focus,
Wed Aug 26 2015 21:12:22 GMT+0800 (China Standard Time),,s8w8,focus,
Wed Aug 26 2015 21:12:22 GMT+0800 (China Standard Time),,s8w9,focus,
Wed Aug 26 2015 21:12:22 GMT+0800 (China Standard Time),,s8w10,focus,
Wed Aug 26 2015 21:12:22 GMT+0800 (China Standard Time),,s8w11,focus,
Wed Aug 26 2015 21:12:23 GMT+0800 (China Standard Time),,s8w12,focus,
Wed Aug 26 2015 21:12:23 GMT+0800 (China Standard Time),,s8w13,focus,
Wed Aug 26 2015 21:12:23 GMT+0800 (China Standard Time),,s8w14,focus,
Wed Aug 26 2015 21:12:24 GMT+0800 (China Standard Time),,s8w15,focus,
Wed Aug 26 2015 21:12:25 GMT+0800 (China Standard Time),,s8w16,focus,
Wed Aug 26 2015 21:12:26 GMT+0800 (China Standard Time),,s8w17,focus,
Wed Aug 26 2015 21:12:27 GMT+0800 (China Standard Time),,s8w17,label,"^"
Wed Aug 26 2015 21:12:27 GMT+0800 (China Standard Time),,s8w18,focus,
Wed Aug 26 2015 21:12:28 GMT+0800 (China Standard Time),,s8w19,focus,
Wed Aug 26 2015 21:12:28 GMT+0800 (China Standard Time),,s8w20,focus,
Wed Aug 26 2015 21:12:29 GMT+0800 (China Standard Time),,s8w21,focus,
Wed Aug 26 2015 21:12:30 GMT+0800 (China Standard Time),,s8w21,label,"^"
Wed Aug 26 2015 21:12:30 GMT+0800 (China Standard Time),,s8w22,focus,
Wed Aug 26 2015 21:12:30 GMT+0800 (China Standard Time),,s9w1,focus,
Wed Aug 26 2015 21:12:31 GMT+0800 (China Standard Time),,s9w2,focus,
Wed Aug 26 2015 21:12:32 GMT+0800 (China Standard Time),,s9w3,focus,
Wed Aug 26 2015 21:12:32 GMT+0800 (China Standard Time),,s9w4,focus,
Wed Aug 26 2015 21:12:33 GMT+0800 (China Standard Time),,s9w5,focus,
Wed Aug 26 2015 21:12:35 GMT+0800 (China Standard Time),,s9w5,label,"^"
Wed Aug 26 2015 21:12:35 GMT+0800 (China Standard Time),,s9w6,focus,
Wed Aug 26 2015 21:12:35 GMT+0800 (China Standard Time),,s9w7,focus,
Wed Aug 26 2015 21:12:36 GMT+0800 (China Standard Time),,s9w8,focus,
Wed Aug 26 2015 21:12:36 GMT+0800 (China Standard Time),,s9w9,focus,
Wed Aug 26 2015 21:12:37 GMT+0800 (China Standard Time),,s9w10,focus,
Wed Aug 26 2015 21:12:37 GMT+0800 (China Standard Time),,s9w11,focus,
Wed Aug 26 2015 21:12:37 GMT+0800 (China Standard Time),,s10w1,focus,
Wed Aug 26 2015 21:12:38 GMT+0800 (China Standard Time),,s10w2,focus,
Wed Aug 26 2015 21:12:38 GMT+0800 (China Standard Time),,s10w3,focus,
Wed Aug 26 2015 21:12:39 GMT+0800 (China Standard Time),,s10w4,focus,
Wed Aug 26 2015 21:12:39 GMT+0800 (China Standard Time),,s10w5,focus,
Wed Aug 26 2015 21:12:39 GMT+0800 (China Standard Time),,s10w6,focus,
Wed Aug 26 2015 21:12:41 GMT+0800 (China Standard Time),,s10w5,focus,
Wed Aug 26 2015 21:12:41 GMT+0800 (China Standard Time),,s10w5,focus,
Wed Aug 26 2015 21:12:42 GMT+0800 (China Standard Time),,s10w5,label,"N"
Wed Aug 26 2015 21:12:46 GMT+0800 (China Standard Time),,s10w5,label,"^"
Wed Aug 26 2015 21:12:46 GMT+0800 (China Standard Time),,s10w6,focus,
Wed Aug 26 2015 21:12:46 GMT+0800 (China Standard Time),,s10w7,focus,
Wed Aug 26 2015 21:12:47 GMT+0800 (China Standard Time),,s10w8,focus,
Wed Aug 26 2015 21:12:48 GMT+0800 (China Standard Time),,s10w9,focus,
Wed Aug 26 2015 21:12:48 GMT+0800 (China Standard Time),,s10w10,focus,
Wed Aug 26 2015 21:12:49 GMT+0800 (China Standard Time),,s10w11,focus,
Wed Aug 26 2015 21:12:49 GMT+0800 (China Standard Time),,s10w12,focus,
Wed Aug 26 2015 21:12:49 GMT+0800 (China Standard Time),,s10w13,focus,
Wed Aug 26 2015 21:12:50 GMT+0800 (China Standard Time),,s10w14,focus,
Wed Aug 26 2015 21:12:50 GMT+0800 (China Standard Time),,s10w15,focus,
Wed Aug 26 2015 21:12:50 GMT+0800 (China Standard Time),,s10w16,focus,
Wed Aug 26 2015 21:12:50 GMT+0800 (China Standard Time),,s10w17,focus,
Wed Aug 26 2015 21:12:51 GMT+0800 (China Standard Time),,s10w18,focus,
Wed Aug 26 2015 21:12:51 GMT+0800 (China Standard Time),,s10w19,focus,
Wed Aug 26 2015 21:12:51 GMT+0800 (China Standard Time),,s10w20,focus,
Wed Aug 26 2015 21:12:51 GMT+0800 (China Standard Time),,s10w21,focus,
Wed Aug 26 2015 21:12:52 GMT+0800 (China Standard Time),,s11w1,focus,
Wed Aug 26 2015 21:12:52 GMT+0800 (China Standard Time),,s11w2,focus,
Wed Aug 26 2015 21:12:53 GMT+0800 (China Standard Time),,s11w3,focus,
Wed Aug 26 2015 21:12:53 GMT+0800 (China Standard Time),,s11w4,focus,
Wed Aug 26 2015 21:12:53 GMT+0800 (China Standard Time),,s11w5,focus,
Wed Aug 26 2015 21:12:53 GMT+0800 (China Standard Time),,s11w6,focus,
Wed Aug 26 2015 21:12:54 GMT+0800 (China Standard Time),,s11w7,focus,
Wed Aug 26 2015 21:12:54 GMT+0800 (China Standard Time),,s11w8,focus,
Wed Aug 26 2015 21:12:54 GMT+0800 (China Standard Time),,s11w9,focus,
Wed Aug 26 2015 21:12:55 GMT+0800 (China Standard Time),,s11w10,focus,
Wed Aug 26 2015 21:12:55 GMT+0800 (China Standard Time),,s11w11,focus,
Wed Aug 26 2015 21:12:55 GMT+0800 (China Standard Time),,s11w12,focus,
Wed Aug 26 2015 21:12:56 GMT+0800 (China Standard Time),,s11w13,focus,
Wed Aug 26 2015 21:12:56 GMT+0800 (China Standard Time),,s11w14,focus,
Wed Aug 26 2015 21:12:56 GMT+0800 (China Standard Time),,s11w15,focus,
Wed Aug 26 2015 21:12:56 GMT+0800 (China Standard Time),,s11w16,focus,
Wed Aug 26 2015 21:12:57 GMT+0800 (China Standard Time),,s11w17,focus,
Wed Aug 26 2015 21:12:57 GMT+0800 (China Standard Time),,s11w18,focus,
Wed Aug 26 2015 21:12:57 GMT+0800 (China Standard Time),,s11w19,focus,
Wed Aug 26 2015 21:12:57 GMT+0800 (China Standard Time),,s11w20,focus,
Wed Aug 26 2015 21:12:58 GMT+0800 (China Standard Time),,s11w21,focus,
Wed Aug 26 2015 21:12:58 GMT+0800 (China Standard Time),,s11w22,focus,
Wed Aug 26 2015 21:12:59 GMT+0800 (China Standard Time),,s11w23,focus,
Wed Aug 26 2015 21:12:59 GMT+0800 (China Standard Time),,s11w24,focus,
Wed Aug 26 2015 21:12:59 GMT+0800 (China Standard Time),,s11w25,focus,
Wed Aug 26 2015 21:13:01 GMT+0800 (China Standard Time),,s11w26,focus,
Wed Aug 26 2015 21:13:01 GMT+0800 (China Standard Time),,s11w27,focus,
Wed Aug 26 2015 21:13:02 GMT+0800 (China Standard Time),,s11w28,focus,
Wed Aug 26 2015 21:13:02 GMT+0800 (China Standard Time),,s11w29,focus,
Wed Aug 26 2015 21:13:02 GMT+0800 (China Standard Time),,s11w30,focus,
Wed Aug 26 2015 21:13:03 GMT+0800 (China Standard Time),,s11w31,focus,
Wed Aug 26 2015 21:13:03 GMT+0800 (China Standard Time),,s11w32,focus,
Wed Aug 26 2015 21:13:03 GMT+0800 (China Standard Time),,s11w33,focus,
Wed Aug 26 2015 21:13:04 GMT+0800 (China Standard Time),,s11w34,focus,
Wed Aug 26 2015 21:13:05 GMT+0800 (China Standard Time),,s11w35,focus,
Wed Aug 26 2015 21:13:05 GMT+0800 (China Standard Time),,s11w36,focus,
Wed Aug 26 2015 21:13:06 GMT+0800 (China Standard Time),,s11w37,focus,
Wed Aug 26 2015 21:13:06 GMT+0800 (China Standard Time),,s11w38,focus,
Wed Aug 26 2015 21:13:06 GMT+0800 (China Standard Time),,s11w39,focus,
Wed Aug 26 2015 21:13:06 GMT+0800 (China Standard Time),,s11w40,focus,
Wed Aug 26 2015 21:13:07 GMT+0800 (China Standard Time),,s11w41,focus,
Wed Aug 26 2015 21:13:07 GMT+0800 (China Standard Time),,s11w42,focus,
Wed Aug 26 2015 21:13:07 GMT+0800 (China Standard Time),,s11w43,focus,
Wed Aug 26 2015 21:13:07 GMT+0800 (China Standard Time),,s11w44,focus,
Wed Aug 26 2015 21:13:08 GMT+0800 (China Standard Time),,s11w45,focus,
Wed Aug 26 2015 21:13:08 GMT+0800 (China Standard Time),,s11w46,focus,
Wed Aug 26 2015 21:13:08 GMT+0800 (China Standard Time),,s11w47,focus,
Wed Aug 26 2015 21:13:09 GMT+0800 (China Standard Time),,s11w48,focus,
Wed Aug 26 2015 21:13:09 GMT+0800 (China Standard Time),,s11w49,focus,
Wed Aug 26 2015 21:13:09 GMT+0800 (China Standard Time),,s11w50,focus,
Wed Aug 26 2015 21:13:09 GMT+0800 (China Standard Time),,s11w51,focus,
Wed Aug 26 2015 21:13:10 GMT+0800 (China Standard Time),,s11w52,focus,
Wed Aug 26 2015 21:13:10 GMT+0800 (China Standard Time),,s11w53,focus,
Wed Aug 26 2015 21:13:10 GMT+0800 (China Standard Time),,s11w54,focus,
Wed Aug 26 2015 21:13:11 GMT+0800 (China Standard Time),,s11w55,focus,
Wed Aug 26 2015 21:13:11 GMT+0800 (China Standard Time),,s11w56,focus,
Wed Aug 26 2015 21:13:11 GMT+0800 (China Standard Time),,s11w57,focus,
Wed Aug 26 2015 21:13:12 GMT+0800 (China Standard Time),,s11w58,focus,
Wed Aug 26 2015 21:13:12 GMT+0800 (China Standard Time),,s11w59,focus,
Wed Aug 26 2015 21:13:12 GMT+0800 (China Standard Time),,s11w60,focus,
Wed Aug 26 2015 21:13:13 GMT+0800 (China Standard Time),,s11w61,focus,
Wed Aug 26 2015 21:13:13 GMT+0800 (China Standard Time),,s11w62,focus,
Wed Aug 26 2015 21:13:13 GMT+0800 (China Standard Time),,s11w63,focus,
Wed Aug 26 2015 21:13:13 GMT+0800 (China Standard Time),,s11w64,focus,
Wed Aug 26 2015 21:13:14 GMT+0800 (China Standard Time),,s11w65,focus,
Wed Aug 26 2015 21:13:14 GMT+0800 (China Standard Time),,s11w66,focus,
Wed Aug 26 2015 21:13:14 GMT+0800 (China Standard Time),,s11w67,focus,
Wed Aug 26 2015 21:13:14 GMT+0800 (China Standard Time),,s11w68,focus,
Wed Aug 26 2015 21:13:15 GMT+0800 (China Standard Time),,s11w69,focus,
Wed Aug 26 2015 21:13:15 GMT+0800 (China Standard Time),,s11w70,focus,
Wed Aug 26 2015 21:13:15 GMT+0800 (China Standard Time),,s11w71,focus,
Wed Aug 26 2015 21:13:16 GMT+0800 (China Standard Time),,s11w72,focus,
Wed Aug 26 2015 21:13:16 GMT+0800 (China Standard Time),,s11w73,focus,
Wed Aug 26 2015 21:13:16 GMT+0800 (China Standard Time),,s11w74,focus,
Wed Aug 26 2015 21:13:17 GMT+0800 (China Standard Time),,s11w75,focus,
Wed Aug 26 2015 21:13:17 GMT+0800 (China Standard Time),,s11w76,focus,
Wed Aug 26 2015 21:13:17 GMT+0800 (China Standard Time),,s11w77,focus,
Wed Aug 26 2015 21:13:18 GMT+0800 (China Standard Time),,s11w78,focus,
Wed Aug 26 2015 21:13:18 GMT+0800 (China Standard Time),,s11w79,focus,
Wed Aug 26 2015 21:13:18 GMT+0800 (China Standard Time),,s11w80,focus,
Wed Aug 26 2015 21:13:18 GMT+0800 (China Standard Time),,s11w81,focus,
Wed Aug 26 2015 21:13:19 GMT+0800 (China Standard Time),,s11w82,focus,
Wed Aug 26 2015 21:13:19 GMT+0800 (China Standard Time),,s11w83,focus,
Wed Aug 26 2015 21:13:19 GMT+0800 (China Standard Time),,s11w84,focus,
Wed Aug 26 2015 21:13:20 GMT+0800 (China Standard Time),,s11w85,focus,
Wed Aug 26 2015 21:13:20 GMT+0800 (China Standard Time),,s11w86,focus,
Wed Aug 26 2015 21:13:20 GMT+0800 (China Standard Time),,s11w87,focus,
Wed Aug 26 2015 21:13:21 GMT+0800 (China Standard Time),,s11w88,focus,
Wed Aug 26 2015 21:13:21 GMT+0800 (China Standard Time),,s11w89,focus,
Wed Aug 26 2015 21:13:22 GMT+0800 (China Standard Time),,s11w90,focus,
Wed Aug 26 2015 21:13:22 GMT+0800 (China Standard Time),,s11w91,focus,
Wed Aug 26 2015 21:13:22 GMT+0800 (China Standard Time),,s11w92,focus,
Wed Aug 26 2015 21:13:23 GMT+0800 (China Standard Time),,s11w93,focus,
Wed Aug 26 2015 21:13:23 GMT+0800 (China Standard Time),,s11w94,focus,
Wed Aug 26 2015 21:13:23 GMT+0800 (China Standard Time),,s11w95,focus,
Wed Aug 26 2015 21:13:23 GMT+0800 (China Standard Time),,s11w96,focus,
Wed Aug 26 2015 21:13:24 GMT+0800 (China Standard Time),,s11w97,focus,
Wed Aug 26 2015 21:13:25 GMT+0800 (China Standard Time),,s11w98,focus,
Wed Aug 26 2015 21:13:25 GMT+0800 (China Standard Time),,s12w1,focus,
Wed Aug 26 2015 21:13:25 GMT+0800 (China Standard Time),,s12w2,focus,
Wed Aug 26 2015 21:13:26 GMT+0800 (China Standard Time),,s12w3,focus,
Wed Aug 26 2015 21:13:26 GMT+0800 (China Standard Time),,s12w4,focus,
Wed Aug 26 2015 21:13:26 GMT+0800 (China Standard Time),,s12w5,focus,
Wed Aug 26 2015 21:13:26 GMT+0800 (China Standard Time),,s12w6,focus,
Wed Aug 26 2015 21:13:27 GMT+0800 (China Standard Time),,s12w7,focus,
Wed Aug 26 2015 21:13:27 GMT+0800 (China Standard Time),,s12w8,focus,
Wed Aug 26 2015 21:13:27 GMT+0800 (China Standard Time),,s12w9,focus,
Wed Aug 26 2015 21:13:28 GMT+0800 (China Standard Time),,s12w10,focus,
Wed Aug 26 2015 21:13:28 GMT+0800 (China Standard Time),,s12w11,focus,
Wed Aug 26 2015 21:13:29 GMT+0800 (China Standard Time),,s12w12,focus,
Wed Aug 26 2015 21:13:29 GMT+0800 (China Standard Time),,s12w13,focus,
Wed Aug 26 2015 21:13:29 GMT+0800 (China Standard Time),,s12w14,focus,
Wed Aug 26 2015 21:13:30 GMT+0800 (China Standard Time),,s12w15,focus,
Wed Aug 26 2015 21:13:30 GMT+0800 (China Standard Time),,s12w16,focus,
Wed Aug 26 2015 21:13:31 GMT+0800 (China Standard Time),,s12w17,focus,
Wed Aug 26 2015 21:13:31 GMT+0800 (China Standard Time),,s13w1,focus,
Wed Aug 26 2015 21:13:31 GMT+0800 (China Standard Time),,s13w2,focus,
Wed Aug 26 2015 21:13:32 GMT+0800 (China Standard Time),,s13w3,focus,
Wed Aug 26 2015 21:13:32 GMT+0800 (China Standard Time),,s13w4,focus,
Wed Aug 26 2015 21:13:32 GMT+0800 (China Standard Time),,s13w5,focus,
Wed Aug 26 2015 21:13:33 GMT+0800 (China Standard Time),,s13w6,focus,
Wed Aug 26 2015 21:13:33 GMT+0800 (China Standard Time),,s13w7,focus,
Wed Aug 26 2015 21:13:34 GMT+0800 (China Standard Time),,s13w8,focus,
Wed Aug 26 2015 21:13:34 GMT+0800 (China Standard Time),,s13w9,focus,
Wed Aug 26 2015 21:13:34 GMT+0800 (China Standard Time),,s13w10,focus,
Wed Aug 26 2015 21:13:34 GMT+0800 (China Standard Time),,s13w11,focus,
Wed Aug 26 2015 21:13:35 GMT+0800 (China Standard Time),,s13w12,focus,
Wed Aug 26 2015 21:13:35 GMT+0800 (China Standard Time),,s13w13,focus,
Wed Aug 26 2015 21:13:35 GMT+0800 (China Standard Time),,s13w14,focus,
Wed Aug 26 2015 21:13:36 GMT+0800 (China Standard Time),,s13w15,focus,
Wed Aug 26 2015 21:13:36 GMT+0800 (China Standard Time),,s13w16,focus,
Wed Aug 26 2015 21:13:36 GMT+0800 (China Standard Time),,s14w1,focus,
Wed Aug 26 2015 21:13:37 GMT+0800 (China Standard Time),,s14w2,focus,
Wed Aug 26 2015 21:13:37 GMT+0800 (China Standard Time),,s14w3,focus,
Wed Aug 26 2015 21:13:37 GMT+0800 (China Standard Time),,s14w4,focus,
Wed Aug 26 2015 21:13:37 GMT+0800 (China Standard Time),,s14w5,focus,
Wed Aug 26 2015 21:13:38 GMT+0800 (China Standard Time),,s14w6,focus,
Wed Aug 26 2015 21:13:38 GMT+0800 (China Standard Time),,s14w7,focus,
Wed Aug 26 2015 21:13:38 GMT+0800 (China Standard Time),,s14w8,focus,
Wed Aug 26 2015 21:13:39 GMT+0800 (China Standard Time),,s14w9,focus,
Wed Aug 26 2015 21:13:42 GMT+0800 (China Standard Time),,s14w8,focus,
Wed Aug 26 2015 21:13:42 GMT+0800 (China Standard Time),,s14w8,focus,
Wed Aug 26 2015 21:13:43 GMT+0800 (China Standard Time),,s14w8,label,"N"
Wed Aug 26 2015 21:13:44 GMT+0800 (China Standard Time),,s14w9,focus,
Wed Aug 26 2015 21:13:45 GMT+0800 (China Standard Time),,s14w10,focus,
Wed Aug 26 2015 21:13:47 GMT+0800 (China Standard Time),,s14w11,focus,
Wed Aug 26 2015 21:13:48 GMT+0800 (China Standard Time),,s14w12,focus,
Wed Aug 26 2015 21:13:48 GMT+0800 (China Standard Time),,s14w13,focus,
Wed Aug 26 2015 21:13:49 GMT+0800 (China Standard Time),,s14w14,focus,
Wed Aug 26 2015 21:13:49 GMT+0800 (China Standard Time),,s14w15,focus,
Wed Aug 26 2015 21:13:50 GMT+0800 (China Standard Time),,s14w16,focus,
Wed Aug 26 2015 21:13:50 GMT+0800 (China Standard Time),,s14w17,focus,
Wed Aug 26 2015 21:13:51 GMT+0800 (China Standard Time),,s14w18,focus,
Wed Aug 26 2015 21:13:51 GMT+0800 (China Standard Time),,s14w19,focus,
Wed Aug 26 2015 21:13:51 GMT+0800 (China Standard Time),,s14w20,focus,
Wed Aug 26 2015 21:13:51 GMT+0800 (China Standard Time),,s14w21,focus,
Wed Aug 26 2015 21:13:53 GMT+0800 (China Standard Time),,s15w1,focus,
Wed Aug 26 2015 21:13:53 GMT+0800 (China Standard Time),,s15w2,focus,
Wed Aug 26 2015 21:13:54 GMT+0800 (China Standard Time),,s15w3,focus,
Wed Aug 26 2015 21:13:54 GMT+0800 (China Standard Time),,s15w4,focus,
Wed Aug 26 2015 21:13:54 GMT+0800 (China Standard Time),,s15w5,focus,
Wed Aug 26 2015 21:13:54 GMT+0800 (China Standard Time),,s15w6,focus,
Wed Aug 26 2015 21:13:55 GMT+0800 (China Standard Time),,s15w7,focus,
Wed Aug 26 2015 21:13:55 GMT+0800 (China Standard Time),,s15w8,focus,
Wed Aug 26 2015 21:13:55 GMT+0800 (China Standard Time),,s15w9,focus,
Wed Aug 26 2015 21:13:55 GMT+0800 (China Standard Time),,s15w10,focus,
Wed Aug 26 2015 21:13:56 GMT+0800 (China Standard Time),,s15w11,focus,
Wed Aug 26 2015 21:13:56 GMT+0800 (China Standard Time),,s15w12,focus,
Wed Aug 26 2015 21:13:56 GMT+0800 (China Standard Time),,s15w13,focus,
Wed Aug 26 2015 21:13:57 GMT+0800 (China Standard Time),,s15w14,focus,
Wed Aug 26 2015 21:13:57 GMT+0800 (China Standard Time),,s15w15,focus,
Wed Aug 26 2015 21:13:57 GMT+0800 (China Standard Time),,s15w16,focus,
Wed Aug 26 2015 21:13:57 GMT+0800 (China Standard Time),,s15w17,focus,
Wed Aug 26 2015 21:13:57 GMT+0800 (China Standard Time),,s15w18,focus,
Wed Aug 26 2015 21:13:58 GMT+0800 (China Standard Time),,s15w19,focus,
Wed Aug 26 2015 21:13:58 GMT+0800 (China Standard Time),,s15w20,focus,
Wed Aug 26 2015 21:13:59 GMT+0800 (China Standard Time),,s15w21,focus,
Wed Aug 26 2015 21:13:59 GMT+0800 (China Standard Time),,s15w22,focus,
Wed Aug 26 2015 21:13:59 GMT+0800 (China Standard Time),,s15w23,focus,
Wed Aug 26 2015 21:13:59 GMT+0800 (China Standard Time),,s15w24,focus,
Wed Aug 26 2015 21:14:00 GMT+0800 (China Standard Time),,s15w25,focus,
Wed Aug 26 2015 21:14:00 GMT+0800 (China Standard Time),,s15w26,focus,
Wed Aug 26 2015 21:14:00 GMT+0800 (China Standard Time),,s15w27,focus,
Wed Aug 26 2015 21:14:00 GMT+0800 (China Standard Time),,s15w28,focus,
Wed Aug 26 2015 21:14:01 GMT+0800 (China Standard Time),,s15w29,focus,
Wed Aug 26 2015 21:14:01 GMT+0800 (China Standard Time),,s15w30,focus,
Wed Aug 26 2015 21:14:01 GMT+0800 (China Standard Time),,s15w31,focus,
Wed Aug 26 2015 21:14:01 GMT+0800 (China Standard Time),,s15w32,focus,
Wed Aug 26 2015 21:14:02 GMT+0800 (China Standard Time),,s15w33,focus,
Wed Aug 26 2015 21:14:02 GMT+0800 (China Standard Time),,s15w34,focus,
Wed Aug 26 2015 21:14:02 GMT+0800 (China Standard Time),,s15w35,focus,
Wed Aug 26 2015 21:14:03 GMT+0800 (China Standard Time),,s15w36,focus,
Wed Aug 26 2015 21:14:03 GMT+0800 (China Standard Time),,s15w37,focus,
Wed Aug 26 2015 21:14:03 GMT+0800 (China Standard Time),,s15w38,focus,
Wed Aug 26 2015 21:14:04 GMT+0800 (China Standard Time),,s15w39,focus,
Wed Aug 26 2015 21:14:04 GMT+0800 (China Standard Time),,s15w40,focus,
Wed Aug 26 2015 21:14:04 GMT+0800 (China Standard Time),,s15w41,focus,
Wed Aug 26 2015 21:14:04 GMT+0800 (China Standard Time),,s15w42,focus,
Wed Aug 26 2015 21:14:05 GMT+0800 (China Standard Time),,s15w43,focus,
Wed Aug 26 2015 21:14:06 GMT+0800 (China Standard Time),,s15w44,focus,
Wed Aug 26 2015 21:14:06 GMT+0800 (China Standard Time),,s15w45,focus,
Wed Aug 26 2015 21:14:06 GMT+0800 (China Standard Time),,s15w46,focus,
Wed Aug 26 2015 21:14:07 GMT+0800 (China Standard Time),,s15w47,focus,
Wed Aug 26 2015 21:14:07 GMT+0800 (China Standard Time),,s15w48,focus,
Wed Aug 26 2015 21:14:07 GMT+0800 (China Standard Time),,s15w49,focus,
Wed Aug 26 2015 21:14:08 GMT+0800 (China Standard Time),,s15w50,focus,
Wed Aug 26 2015 21:14:08 GMT+0800 (China Standard Time),,s15w51,focus,
Wed Aug 26 2015 21:14:10 GMT+0800 (China Standard Time),,s15w52,focus,
Wed Aug 26 2015 21:14:10 GMT+0800 (China Standard Time),,s16w1,focus,
Wed Aug 26 2015 21:14:11 GMT+0800 (China Standard Time),,s16w2,focus,
Wed Aug 26 2015 21:14:11 GMT+0800 (China Standard Time),,s16w3,focus,
Wed Aug 26 2015 21:14:11 GMT+0800 (China Standard Time),,s16w4,focus,
Wed Aug 26 2015 21:14:12 GMT+0800 (China Standard Time),,s16w5,focus,
Wed Aug 26 2015 21:14:15 GMT+0800 (China Standard Time),,s16w4,focus,
Wed Aug 26 2015 21:14:15 GMT+0800 (China Standard Time),,s16w4,focus,
Wed Aug 26 2015 21:14:16 GMT+0800 (China Standard Time),,s16w4,label,"A"
Wed Aug 26 2015 21:14:17 GMT+0800 (China Standard Time),,s16w5,focus,
Wed Aug 26 2015 21:14:18 GMT+0800 (China Standard Time),,s16w6,focus,
Wed Aug 26 2015 21:14:18 GMT+0800 (China Standard Time),,s16w7,focus,
Wed Aug 26 2015 21:14:19 GMT+0800 (China Standard Time),,s16w8,focus,
Wed Aug 26 2015 21:14:19 GMT+0800 (China Standard Time),,s16w9,focus,
Wed Aug 26 2015 21:14:19 GMT+0800 (China Standard Time),,s16w10,focus,
Wed Aug 26 2015 21:14:20 GMT+0800 (China Standard Time),,s16w11,focus,
Wed Aug 26 2015 21:14:21 GMT+0800 (China Standard Time),,s16w12,focus,
Wed Aug 26 2015 21:14:21 GMT+0800 (China Standard Time),,s16w13,focus,
Wed Aug 26 2015 21:14:21 GMT+0800 (China Standard Time),,s16w14,focus,
Wed Aug 26 2015 21:14:21 GMT+0800 (China Standard Time),,s16w15,focus,
Wed Aug 26 2015 21:14:22 GMT+0800 (China Standard Time),,s16w16,focus,
Wed Aug 26 2015 21:14:22 GMT+0800 (China Standard Time),,s16w17,focus,
Wed Aug 26 2015 21:14:23 GMT+0800 (China Standard Time),,s16w18,focus,
Wed Aug 26 2015 21:14:24 GMT+0800 (China Standard Time),,s16w19,focus,
Wed Aug 26 2015 21:14:25 GMT+0800 (China Standard Time),,s16w20,focus,
Wed Aug 26 2015 21:14:25 GMT+0800 (China Standard Time),,s16w21,focus,
Wed Aug 26 2015 21:14:26 GMT+0800 (China Standard Time),,s16w22,focus,
Wed Aug 26 2015 21:14:26 GMT+0800 (China Standard Time),,s16w23,focus,
Wed Aug 26 2015 21:14:28 GMT+0800 (China Standard Time),,s16w24,focus,
Wed Aug 26 2015 21:14:29 GMT+0800 (China Standard Time),,s16w25,focus,
Wed Aug 26 2015 21:14:29 GMT+0800 (China Standard Time),,s16w26,focus,
Wed Aug 26 2015 21:14:29 GMT+0800 (China Standard Time),,s16w27,focus,
Wed Aug 26 2015 21:14:30 GMT+0800 (China Standard Time),,s16w28,focus,
Wed Aug 26 2015 21:14:30 GMT+0800 (China Standard Time),,s16w29,focus,
Wed Aug 26 2015 21:14:30 GMT+0800 (China Standard Time),,s16w30,focus,
Wed Aug 26 2015 21:14:30 GMT+0800 (China Standard Time),,s16w31,focus,
Wed Aug 26 2015 21:14:31 GMT+0800 (China Standard Time),,s16w32,focus,
Wed Aug 26 2015 21:14:31 GMT+0800 (China Standard Time),,s17w1,focus,
Wed Aug 26 2015 21:14:31 GMT+0800 (China Standard Time),,s17w2,focus,
Wed Aug 26 2015 21:14:32 GMT+0800 (China Standard Time),,s17w3,focus,
Wed Aug 26 2015 21:14:34 GMT+0800 (China Standard Time),,s17w2,focus,
Wed Aug 26 2015 21:14:34 GMT+0800 (China Standard Time),,s17w2,focus,
Wed Aug 26 2015 21:14:35 GMT+0800 (China Standard Time),,s17w2,label,","
Wed Aug 26 2015 21:14:35 GMT+0800 (China Standard Time),,s17w3,focus,
Wed Aug 26 2015 21:14:36 GMT+0800 (China Standard Time),,s17w4,focus,
Wed Aug 26 2015 21:14:36 GMT+0800 (China Standard Time),,s17w5,focus,
Wed Aug 26 2015 21:14:37 GMT+0800 (China Standard Time),,s17w6,focus,
Wed Aug 26 2015 21:14:37 GMT+0800 (China Standard Time),,s17w7,focus,
Wed Aug 26 2015 21:14:37 GMT+0800 (China Standard Time),,s17w8,focus,
Wed Aug 26 2015 21:14:37 GMT+0800 (China Standard Time),,s17w9,focus,
Wed Aug 26 2015 21:14:38 GMT+0800 (China Standard Time),,s17w10,focus,
Wed Aug 26 2015 21:14:38 GMT+0800 (China Standard Time),,s17w11,focus,
Wed Aug 26 2015 21:14:38 GMT+0800 (China Standard Time),,s17w12,focus,
Wed Aug 26 2015 21:14:39 GMT+0800 (China Standard Time),,s17w13,focus,
Wed Aug 26 2015 21:14:39 GMT+0800 (China Standard Time),,s17w14,focus,
Wed Aug 26 2015 21:14:39 GMT+0800 (China Standard Time),,s17w15,focus,
Wed Aug 26 2015 21:14:40 GMT+0800 (China Standard Time),,s17w16,focus,
Wed Aug 26 2015 21:14:41 GMT+0800 (China Standard Time),,s17w17,focus,
Wed Aug 26 2015 21:14:41 GMT+0800 (China Standard Time),,s17w18,focus,
Wed Aug 26 2015 21:14:41 GMT+0800 (China Standard Time),,s17w19,focus,
Wed Aug 26 2015 21:14:44 GMT+0800 (China Standard Time),,s18w1,focus,
Wed Aug 26 2015 21:14:44 GMT+0800 (China Standard Time),,s18w1,focus,
Wed Aug 26 2015 21:14:44 GMT+0800 (China Standard Time),,s18w2,focus,
Wed Aug 26 2015 21:14:45 GMT+0800 (China Standard Time),,s18w3,focus,
Wed Aug 26 2015 21:14:45 GMT+0800 (China Standard Time),,s18w4,focus,
Wed Aug 26 2015 21:14:45 GMT+0800 (China Standard Time),,s18w5,focus,
Wed Aug 26 2015 21:14:45 GMT+0800 (China Standard Time),,s18w6,focus,
Wed Aug 26 2015 21:14:46 GMT+0800 (China Standard Time),,s18w7,focus,
Wed Aug 26 2015 21:14:47 GMT+0800 (China Standard Time),,s18w8,focus,
Wed Aug 26 2015 21:14:47 GMT+0800 (China Standard Time),,s18w9,focus,
Wed Aug 26 2015 21:14:47 GMT+0800 (China Standard Time),,s18w10,focus,
Wed Aug 26 2015 21:14:47 GMT+0800 (China Standard Time),,s18w11,focus,
Wed Aug 26 2015 21:14:48 GMT+0800 (China Standard Time),,s18w12,focus,
Wed Aug 26 2015 21:14:48 GMT+0800 (China Standard Time),,s18w13,focus,
Wed Aug 26 2015 21:14:48 GMT+0800 (China Standard Time),,s18w14,focus,
Wed Aug 26 2015 21:14:49 GMT+0800 (China Standard Time),,s18w15,focus,
Wed Aug 26 2015 21:14:49 GMT+0800 (China Standard Time),,s18w16,focus,
Wed Aug 26 2015 21:14:49 GMT+0800 (China Standard Time),,s18w17,focus,
Wed Aug 26 2015 21:14:49 GMT+0800 (China Standard Time),,s18w18,focus,
Wed Aug 26 2015 21:14:49 GMT+0800 (China Standard Time),,s18w19,focus,
Wed Aug 26 2015 21:14:49 GMT+0800 (China Standard Time),,s18w20,focus,
Wed Aug 26 2015 21:14:49 GMT+0800 (China Standard Time),,s18w21,focus,
Wed Aug 26 2015 21:14:49 GMT+0800 (China Standard Time),,s18w22,focus,
Wed Aug 26 2015 21:14:49 GMT+0800 (China Standard Time),,s18w23,focus,
Wed Aug 26 2015 21:14:49 GMT+0800 (China Standard Time),,s18w24,focus,
Wed Aug 26 2015 21:14:49 GMT+0800 (China Standard Time),,s18w25,focus,
Wed Aug 26 2015 21:14:49 GMT+0800 (China Standard Time),,s18w26,focus,
Wed Aug 26 2015 21:14:49 GMT+0800 (China Standard Time),,s18w27,focus,
Wed Aug 26 2015 21:14:50 GMT+0800 (China Standard Time),,s18w28,focus,
Wed Aug 26 2015 21:14:51 GMT+0800 (China Standard Time),,s18w29,focus,
Wed Aug 26 2015 21:14:52 GMT+0800 (China Standard Time),,s19w2,focus,
Wed Aug 26 2015 21:14:53 GMT+0800 (China Standard Time),,s19w2,focus,
Wed Aug 26 2015 21:14:53 GMT+0800 (China Standard Time),,s19w2,label,","
Wed Aug 26 2015 21:14:54 GMT+0800 (China Standard Time),,s19w3,focus,
Wed Aug 26 2015 21:14:55 GMT+0800 (China Standard Time),,s19w4,focus,
Wed Aug 26 2015 21:14:56 GMT+0800 (China Standard Time),,s19w5,focus,
Wed Aug 26 2015 21:14:56 GMT+0800 (China Standard Time),,s19w6,focus,
Wed Aug 26 2015 21:14:57 GMT+0800 (China Standard Time),,s19w7,focus,
Wed Aug 26 2015 21:14:57 GMT+0800 (China Standard Time),,s19w8,focus,
Wed Aug 26 2015 21:14:57 GMT+0800 (China Standard Time),,s19w9,focus,
Wed Aug 26 2015 21:14:58 GMT+0800 (China Standard Time),,s19w10,focus,
Wed Aug 26 2015 21:15:00 GMT+0800 (China Standard Time),,s19w11,focus,
Wed Aug 26 2015 21:15:00 GMT+0800 (China Standard Time),,s19w12,focus,
Wed Aug 26 2015 21:15:00 GMT+0800 (China Standard Time),,s19w13,focus,
Wed Aug 26 2015 21:15:00 GMT+0800 (China Standard Time),,s19w14,focus,
Wed Aug 26 2015 21:15:07 GMT+0800 (China Standard Time),,s19w15,focus,
Wed Aug 26 2015 21:15:08 GMT+0800 (China Standard Time),,s19w16,focus,
Wed Aug 26 2015 21:15:08 GMT+0800 (China Standard Time),,s19w17,focus,
Wed Aug 26 2015 21:15:08 GMT+0800 (China Standard Time),,s19w18,focus,
Wed Aug 26 2015 21:15:09 GMT+0800 (China Standard Time),,s19w19,focus,
Wed Aug 26 2015 21:15:09 GMT+0800 (China Standard Time),,s19w20,focus,
Wed Aug 26 2015 21:15:09 GMT+0800 (China Standard Time),,s19w21,focus,
Wed Aug 26 2015 21:15:10 GMT+0800 (China Standard Time),,s19w22,focus,
Wed Aug 26 2015 21:15:10 GMT+0800 (China Standard Time),,s19w23,focus,
Wed Aug 26 2015 21:15:10 GMT+0800 (China Standard Time),,s19w24,focus,
Wed Aug 26 2015 21:15:11 GMT+0800 (China Standard Time),,s19w25,focus,
Wed Aug 26 2015 21:15:11 GMT+0800 (China Standard Time),,s19w26,focus,
Wed Aug 26 2015 21:15:12 GMT+0800 (China Standard Time),,s19w27,focus,
Wed Aug 26 2015 21:15:12 GMT+0800 (China Standard Time),,s20w1,focus,
Wed Aug 26 2015 21:15:12 GMT+0800 (China Standard Time),,s20w2,focus,
Wed Aug 26 2015 21:15:13 GMT+0800 (China Standard Time),,s20w3,focus,
Wed Aug 26 2015 21:15:13 GMT+0800 (China Standard Time),,s20w4,focus,
Wed Aug 26 2015 21:15:14 GMT+0800 (China Standard Time),,s20w5,focus,
Wed Aug 26 2015 21:15:14 GMT+0800 (China Standard Time),,s20w6,focus,
Wed Aug 26 2015 21:15:14 GMT+0800 (China Standard Time),,s20w7,focus,
Wed Aug 26 2015 21:15:15 GMT+0800 (China Standard Time),,s20w8,focus,
Wed Aug 26 2015 21:15:16 GMT+0800 (China Standard Time),,s20w8,label,"G"
Wed Aug 26 2015 21:15:17 GMT+0800 (China Standard Time),,s20w9,focus,
Wed Aug 26 2015 21:15:17 GMT+0800 (China Standard Time),,s20w10,focus,
Wed Aug 26 2015 21:15:18 GMT+0800 (China Standard Time),,s20w11,focus,
Wed Aug 26 2015 21:15:18 GMT+0800 (China Standard Time),,s20w12,focus,
Wed Aug 26 2015 21:15:18 GMT+0800 (China Standard Time),,s20w13,focus,
Wed Aug 26 2015 21:15:19 GMT+0800 (China Standard Time),,s20w14,focus,
Wed Aug 26 2015 21:15:19 GMT+0800 (China Standard Time),,s21w1,focus,
Wed Aug 26 2015 21:15:20 GMT+0800 (China Standard Time),,s21w2,focus,
Wed Aug 26 2015 21:15:20 GMT+0800 (China Standard Time),,s21w3,focus,
Wed Aug 26 2015 21:15:22 GMT+0800 (China Standard Time),,s21w4,focus,
Wed Aug 26 2015 21:15:22 GMT+0800 (China Standard Time),,s21w5,focus,
Wed Aug 26 2015 21:15:22 GMT+0800 (China Standard Time),,s21w6,focus,
Wed Aug 26 2015 21:15:22 GMT+0800 (China Standard Time),,s21w7,focus,
Wed Aug 26 2015 21:15:23 GMT+0800 (China Standard Time),,s21w8,focus,
Wed Aug 26 2015 21:15:23 GMT+0800 (China Standard Time),,s21w9,focus,
Wed Aug 26 2015 21:15:23 GMT+0800 (China Standard Time),,s21w10,focus,
Wed Aug 26 2015 21:15:24 GMT+0800 (China Standard Time),,s21w11,focus,
Wed Aug 26 2015 21:15:25 GMT+0800 (China Standard Time),,s21w12,focus,
Wed Aug 26 2015 21:15:25 GMT+0800 (China Standard Time),,s21w13,focus,
Wed Aug 26 2015 21:15:25 GMT+0800 (China Standard Time),,s21w14,focus,
Wed Aug 26 2015 21:15:26 GMT+0800 (China Standard Time),,s21w15,focus,
Wed Aug 26 2015 21:15:26 GMT+0800 (China Standard Time),,s21w16,focus,
Wed Aug 26 2015 21:15:26 GMT+0800 (China Standard Time),,s21w17,focus,
Wed Aug 26 2015 21:15:27 GMT+0800 (China Standard Time),,s21w17,label,"^"
Wed Aug 26 2015 21:15:28 GMT+0800 (China Standard Time),,s21w18,focus,
Wed Aug 26 2015 21:15:28 GMT+0800 (China Standard Time),,s21w19,focus,
Wed Aug 26 2015 21:15:29 GMT+0800 (China Standard Time),,s21w20,focus,
Wed Aug 26 2015 21:15:29 GMT+0800 (China Standard Time),,s21w21,focus,
Wed Aug 26 2015 21:15:30 GMT+0800 (China Standard Time),,s21w22,focus,
Wed Aug 26 2015 21:15:30 GMT+0800 (China Standard Time),,s21w23,focus,
Wed Aug 26 2015 21:15:30 GMT+0800 (China Standard Time),,s21w24,focus,
Wed Aug 26 2015 21:15:31 GMT+0800 (China Standard Time),,s21w25,focus,
Wed Aug 26 2015 21:15:31 GMT+0800 (China Standard Time),,s21w26,focus,
Wed Aug 26 2015 21:15:31 GMT+0800 (China Standard Time),,s21w27,focus,
Wed Aug 26 2015 21:15:31 GMT+0800 (China Standard Time),,s21w28,focus,
Wed Aug 26 2015 21:15:32 GMT+0800 (China Standard Time),,s21w29,focus,
Wed Aug 26 2015 21:15:32 GMT+0800 (China Standard Time),,s21w30,focus,
Wed Aug 26 2015 21:15:33 GMT+0800 (China Standard Time),,s21w31,focus,
Wed Aug 26 2015 21:15:34 GMT+0800 (China Standard Time),,s21w32,focus,
Wed Aug 26 2015 21:15:34 GMT+0800 (China Standard Time),,s21w33,focus,
Wed Aug 26 2015 21:15:35 GMT+0800 (China Standard Time),,s21w34,focus,
Wed Aug 26 2015 21:15:35 GMT+0800 (China Standard Time),,s21w35,focus,
Wed Aug 26 2015 21:15:36 GMT+0800 (China Standard Time),,s21w36,focus,
Wed Aug 26 2015 21:15:38 GMT+0800 (China Standard Time),,s21w37,focus,
Wed Aug 26 2015 21:15:41 GMT+0800 (China Standard Time),,s21w37,label,"N"
Wed Aug 26 2015 21:15:41 GMT+0800 (China Standard Time),,s21w38,focus,
Wed Aug 26 2015 21:15:42 GMT+0800 (China Standard Time),,s21w39,focus,
Wed Aug 26 2015 21:15:42 GMT+0800 (China Standard Time),,s21w40,focus,
Wed Aug 26 2015 21:15:42 GMT+0800 (China Standard Time),,s21w41,focus,
Wed Aug 26 2015 21:15:43 GMT+0800 (China Standard Time),,s21w42,focus,
Wed Aug 26 2015 21:15:45 GMT+0800 (China Standard Time),,s21w42,label,"^"
Wed Aug 26 2015 21:15:46 GMT+0800 (China Standard Time),,s21w43,focus,
Wed Aug 26 2015 21:15:46 GMT+0800 (China Standard Time),,s21w44,focus,
Wed Aug 26 2015 21:15:47 GMT+0800 (China Standard Time),,s21w45,focus,
Wed Aug 26 2015 21:15:47 GMT+0800 (China Standard Time),,s21w46,focus,
Wed Aug 26 2015 21:15:47 GMT+0800 (China Standard Time),,s21w47,focus,
Wed Aug 26 2015 21:15:48 GMT+0800 (China Standard Time),,s21w48,focus,
Wed Aug 26 2015 21:15:49 GMT+0800 (China Standard Time),,s21w49,focus,
Wed Aug 26 2015 21:15:49 GMT+0800 (China Standard Time),,s21w50,focus,
Wed Aug 26 2015 21:15:49 GMT+0800 (China Standard Time),,s21w51,focus,
Wed Aug 26 2015 21:15:49 GMT+0800 (China Standard Time),,s21w52,focus,
Wed Aug 26 2015 21:15:50 GMT+0800 (China Standard Time),,s21w53,focus,
Wed Aug 26 2015 21:15:50 GMT+0800 (China Standard Time),,s22w1,focus,
Wed Aug 26 2015 21:15:50 GMT+0800 (China Standard Time),,s22w2,focus,
Wed Aug 26 2015 21:15:50 GMT+0800 (China Standard Time),,s22w3,focus,
Wed Aug 26 2015 21:15:51 GMT+0800 (China Standard Time),,s22w4,focus,
Wed Aug 26 2015 21:15:51 GMT+0800 (China Standard Time),,s22w5,focus,
Wed Aug 26 2015 21:15:51 GMT+0800 (China Standard Time),,s22w6,focus,
Wed Aug 26 2015 21:15:51 GMT+0800 (China Standard Time),,s22w7,focus,
Wed Aug 26 2015 21:15:51 GMT+0800 (China Standard Time),,s22w8,focus,
Wed Aug 26 2015 21:15:51 GMT+0800 (China Standard Time),,s22w9,focus,
Wed Aug 26 2015 21:15:52 GMT+0800 (China Standard Time),,s22w10,focus,
Wed Aug 26 2015 21:15:52 GMT+0800 (China Standard Time),,s22w11,focus,
Wed Aug 26 2015 21:15:52 GMT+0800 (China Standard Time),,s22w12,focus,
Wed Aug 26 2015 21:15:53 GMT+0800 (China Standard Time),,s22w13,focus,
Wed Aug 26 2015 21:15:53 GMT+0800 (China Standard Time),,s22w14,focus,
Wed Aug 26 2015 21:15:53 GMT+0800 (China Standard Time),,s22w15,focus,
Wed Aug 26 2015 21:15:54 GMT+0800 (China Standard Time),,s22w16,focus,
Wed Aug 26 2015 21:15:55 GMT+0800 (China Standard Time),,s22w17,focus,
Wed Aug 26 2015 21:15:55 GMT+0800 (China Standard Time),,s22w18,focus,
Wed Aug 26 2015 21:15:55 GMT+0800 (China Standard Time),,s22w19,focus,
Wed Aug 26 2015 21:15:56 GMT+0800 (China Standard Time),,s22w20,focus,
Wed Aug 26 2015 21:15:56 GMT+0800 (China Standard Time),,s22w21,focus,
Wed Aug 26 2015 21:15:56 GMT+0800 (China Standard Time),,s22w22,focus,
Wed Aug 26 2015 21:15:57 GMT+0800 (China Standard Time),,s22w23,focus,
Wed Aug 26 2015 21:15:57 GMT+0800 (China Standard Time),,s22w24,focus,
Wed Aug 26 2015 21:15:58 GMT+0800 (China Standard Time),,s22w25,focus,
Wed Aug 26 2015 21:15:58 GMT+0800 (China Standard Time),,s23w1,focus,
Wed Aug 26 2015 21:15:59 GMT+0800 (China Standard Time),,s23w1,label,"^"
Wed Aug 26 2015 21:15:59 GMT+0800 (China Standard Time),,s23w2,focus,
Wed Aug 26 2015 21:16:00 GMT+0800 (China Standard Time),,s23w3,focus,
Wed Aug 26 2015 21:16:00 GMT+0800 (China Standard Time),,s23w4,focus,
Wed Aug 26 2015 21:16:00 GMT+0800 (China Standard Time),,s23w5,focus,
Wed Aug 26 2015 21:16:01 GMT+0800 (China Standard Time),,s23w6,focus,
Wed Aug 26 2015 21:16:01 GMT+0800 (China Standard Time),,s23w7,focus,
Wed Aug 26 2015 21:16:01 GMT+0800 (China Standard Time),,s23w8,focus,
Wed Aug 26 2015 21:16:02 GMT+0800 (China Standard Time),,s23w9,focus,
Wed Aug 26 2015 21:16:03 GMT+0800 (China Standard Time),,s23w8,focus,
Wed Aug 26 2015 21:16:03 GMT+0800 (China Standard Time),,s23w8,focus,
Wed Aug 26 2015 21:16:04 GMT+0800 (China Standard Time),,s23w8,label,"^"
Wed Aug 26 2015 21:16:04 GMT+0800 (China Standard Time),,s23w9,focus,
Wed Aug 26 2015 21:16:05 GMT+0800 (China Standard Time),,s23w10,focus,
Wed Aug 26 2015 21:16:05 GMT+0800 (China Standard Time),,s23w11,focus,
Wed Aug 26 2015 21:16:05 GMT+0800 (China Standard Time),,s23w12,focus,
Wed Aug 26 2015 21:16:06 GMT+0800 (China Standard Time),,s23w13,focus,
Wed Aug 26 2015 21:16:06 GMT+0800 (China Standard Time),,s23w14,focus,
Wed Aug 26 2015 21:16:07 GMT+0800 (China Standard Time),,s23w15,focus,
Wed Aug 26 2015 21:16:07 GMT+0800 (China Standard Time),,s23w16,focus,
Wed Aug 26 2015 21:16:08 GMT+0800 (China Standard Time),,s23w17,focus,
Wed Aug 26 2015 21:16:08 GMT+0800 (China Standard Time),,s23w18,focus,
Wed Aug 26 2015 21:16:09 GMT+0800 (China Standard Time),,s23w19,focus,
Wed Aug 26 2015 21:16:09 GMT+0800 (China Standard Time),,s24w1,focus,
Wed Aug 26 2015 21:16:09 GMT+0800 (China Standard Time),,s24w2,focus,
Wed Aug 26 2015 21:16:10 GMT+0800 (China Standard Time),,s24w3,focus,
Wed Aug 26 2015 21:16:10 GMT+0800 (China Standard Time),,s24w4,focus,
Wed Aug 26 2015 21:16:10 GMT+0800 (China Standard Time),,s24w5,focus,
Wed Aug 26 2015 21:16:11 GMT+0800 (China Standard Time),,s24w5,label,"^"
Wed Aug 26 2015 21:16:12 GMT+0800 (China Standard Time),,s24w6,focus,
Wed Aug 26 2015 21:16:12 GMT+0800 (China Standard Time),,s24w7,focus,
Wed Aug 26 2015 21:16:12 GMT+0800 (China Standard Time),,s24w8,focus,
Wed Aug 26 2015 21:16:13 GMT+0800 (China Standard Time),,s24w9,focus,
Wed Aug 26 2015 21:16:13 GMT+0800 (China Standard Time),,s24w10,focus,
Wed Aug 26 2015 21:16:13 GMT+0800 (China Standard Time),,s24w11,focus,
Wed Aug 26 2015 21:16:14 GMT+0800 (China Standard Time),,s24w12,focus,
Wed Aug 26 2015 21:16:14 GMT+0800 (China Standard Time),,s24w13,focus,
Wed Aug 26 2015 21:16:15 GMT+0800 (China Standard Time),,s24w14,focus,
Wed Aug 26 2015 21:16:15 GMT+0800 (China Standard Time),,s24w15,focus,
Wed Aug 26 2015 21:16:15 GMT+0800 (China Standard Time),,s24w16,focus,
Wed Aug 26 2015 21:16:16 GMT+0800 (China Standard Time),,s24w17,focus,
Wed Aug 26 2015 21:16:16 GMT+0800 (China Standard Time),,s24w18,focus,
Wed Aug 26 2015 21:16:17 GMT+0800 (China Standard Time),,s24w18,label,"^"
Wed Aug 26 2015 21:16:18 GMT+0800 (China Standard Time),,s24w19,focus,
Wed Aug 26 2015 21:16:18 GMT+0800 (China Standard Time),,s24w20,focus,
Wed Aug 26 2015 21:16:18 GMT+0800 (China Standard Time),,s24w21,focus,
Wed Aug 26 2015 21:16:19 GMT+0800 (China Standard Time),,s24w22,focus,
Wed Aug 26 2015 21:16:19 GMT+0800 (China Standard Time),,s24w23,focus,
Wed Aug 26 2015 21:16:19 GMT+0800 (China Standard Time),,s24w24,focus,
Wed Aug 26 2015 21:16:19 GMT+0800 (China Standard Time),,s24w25,focus,
Wed Aug 26 2015 21:16:20 GMT+0800 (China Standard Time),,s24w26,focus,
Wed Aug 26 2015 21:16:20 GMT+0800 (China Standard Time),,s24w27,focus,
Wed Aug 26 2015 21:16:21 GMT+0800 (China Standard Time),,s24w28,focus,
Wed Aug 26 2015 21:16:21 GMT+0800 (China Standard Time),,s24w29,focus,
Wed Aug 26 2015 21:16:21 GMT+0800 (China Standard Time),,s24w30,focus,
Wed Aug 26 2015 21:16:22 GMT+0800 (China Standard Time),,s24w31,focus,
Wed Aug 26 2015 21:16:23 GMT+0800 (China Standard Time),,s24w32,focus,
Wed Aug 26 2015 21:16:23 GMT+0800 (China Standard Time),,s24w33,focus,
Wed Aug 26 2015 21:16:24 GMT+0800 (China Standard Time),,s24w34,focus,
Wed Aug 26 2015 21:16:25 GMT+0800 (China Standard Time),,s24w35,focus,
Wed Aug 26 2015 21:16:25 GMT+0800 (China Standard Time),,s24w36,focus,
Wed Aug 26 2015 21:16:25 GMT+0800 (China Standard Time),,s24w37,focus,
Wed Aug 26 2015 21:16:26 GMT+0800 (China Standard Time),,s24w38,focus,
Wed Aug 26 2015 21:16:26 GMT+0800 (China Standard Time),,s24w39,focus,
Wed Aug 26 2015 21:16:26 GMT+0800 (China Standard Time),,s24w40,focus,
Wed Aug 26 2015 21:16:30 GMT+0800 (China Standard Time),,s24w41,focus,
Wed Aug 26 2015 21:16:30 GMT+0800 (China Standard Time),,s24w42,focus,
Wed Aug 26 2015 21:16:30 GMT+0800 (China Standard Time),,s24w43,focus,
Wed Aug 26 2015 21:16:31 GMT+0800 (China Standard Time),,s24w44,focus,
Wed Aug 26 2015 21:16:31 GMT+0800 (China Standard Time),,s24w45,focus,
Wed Aug 26 2015 21:16:32 GMT+0800 (China Standard Time),,s24w46,focus,
Wed Aug 26 2015 21:16:32 GMT+0800 (China Standard Time),,s24w47,focus,
Wed Aug 26 2015 21:16:32 GMT+0800 (China Standard Time),,s24w48,focus,
Wed Aug 26 2015 21:16:33 GMT+0800 (China Standard Time),,s24w49,focus,
Wed Aug 26 2015 21:16:33 GMT+0800 (China Standard Time),,s24w50,focus,
Wed Aug 26 2015 21:16:33 GMT+0800 (China Standard Time),,s24w51,focus,
Wed Aug 26 2015 21:16:34 GMT+0800 (China Standard Time),,s24w52,focus,
Wed Aug 26 2015 21:16:34 GMT+0800 (China Standard Time),,s24w53,focus,
Wed Aug 26 2015 21:16:34 GMT+0800 (China Standard Time),,s24w54,focus,
Wed Aug 26 2015 21:16:35 GMT+0800 (China Standard Time),,s24w55,focus,
Wed Aug 26 2015 21:16:35 GMT+0800 (China Standard Time),,s24w56,focus,
Wed Aug 26 2015 21:16:35 GMT+0800 (China Standard Time),,s24w57,focus,
Wed Aug 26 2015 21:16:36 GMT+0800 (China Standard Time),,s24w58,focus,
Wed Aug 26 2015 21:16:36 GMT+0800 (China Standard Time),,s24w59,focus,
Wed Aug 26 2015 21:16:36 GMT+0800 (China Standard Time),,s24w60,focus,
Wed Aug 26 2015 21:16:37 GMT+0800 (China Standard Time),,s24w61,focus,
Wed Aug 26 2015 21:16:43 GMT+0800 (China Standard Time),,s24w62,focus,
Wed Aug 26 2015 21:16:43 GMT+0800 (China Standard Time),,s24w63,focus,
Wed Aug 26 2015 21:16:44 GMT+0800 (China Standard Time),,s24w64,focus,
Wed Aug 26 2015 21:16:44 GMT+0800 (China Standard Time),,s24w65,focus,
Wed Aug 26 2015 21:16:45 GMT+0800 (China Standard Time),,s24w66,focus,
Wed Aug 26 2015 21:16:45 GMT+0800 (China Standard Time),,s24w67,focus,
Wed Aug 26 2015 21:16:48 GMT+0800 (China Standard Time),,s24w68,focus,
Wed Aug 26 2015 21:16:49 GMT+0800 (China Standard Time),,s24w69,focus,
Wed Aug 26 2015 21:16:49 GMT+0800 (China Standard Time),,s24w70,focus,
Wed Aug 26 2015 21:17:02 GMT+0800 (China Standard Time),,,submitPage,
