Wed Aug 26 2015 21:21:47 GMT+0800 (China Standard Time),,,pageReady,0:100:100
Wed Aug 26 2015 21:21:47 GMT+0800 (China Standard Time),,s0,twitterId,447097
Wed Aug 26 2015 21:21:47 GMT+0800 (China Standard Time),,s1,twitterId,447097
Wed Aug 26 2015 21:21:47 GMT+0800 (China Standard Time),,s2,twitterId,447097
Wed Aug 26 2015 21:21:47 GMT+0800 (China Standard Time),,s3,twitterId,447097
Wed Aug 26 2015 21:21:47 GMT+0800 (China Standard Time),,s4,twitterId,447097
Wed Aug 26 2015 21:21:47 GMT+0800 (China Standard Time),,s5,twitterId,447097
Wed Aug 26 2015 21:21:47 GMT+0800 (China Standard Time),,s6,twitterId,447097
Wed Aug 26 2015 21:21:47 GMT+0800 (China Standard Time),,s7,twitterId,447097
Wed Aug 26 2015 21:21:47 GMT+0800 (China Standard Time),,s8,twitterId,447097
Wed Aug 26 2015 21:21:47 GMT+0800 (China Standard Time),,s9,twitterId,447097
Wed Aug 26 2015 21:21:47 GMT+0800 (China Standard Time),,s10,twitterId,447097
Wed Aug 26 2015 21:21:47 GMT+0800 (China Standard Time),,s11,twitterId,447097
Wed Aug 26 2015 21:21:47 GMT+0800 (China Standard Time),,s12,twitterId,447097
Wed Aug 26 2015 21:21:47 GMT+0800 (China Standard Time),,s13,twitterId,447097
Wed Aug 26 2015 21:21:47 GMT+0800 (China Standard Time),,s14,twitterId,447097
Wed Aug 26 2015 21:21:47 GMT+0800 (China Standard Time),,s15,twitterId,447097
Wed Aug 26 2015 21:22:09 GMT+0800 (China Standard Time),,s0w1,focus,
Wed Aug 26 2015 21:22:09 GMT+0800 (China Standard Time),,s0w1,focus,
Wed Aug 26 2015 21:22:10 GMT+0800 (China Standard Time),,s0w1,label,"^"
Wed Aug 26 2015 21:22:12 GMT+0800 (China Standard Time),,s0w3,focus,
Wed Aug 26 2015 21:22:12 GMT+0800 (China Standard Time),,s0w3,focus,
Wed Aug 26 2015 21:22:13 GMT+0800 (China Standard Time),,s0w3,label,"^"
Wed Aug 26 2015 21:22:15 GMT+0800 (China Standard Time),,s0w4,focus,
Wed Aug 26 2015 21:22:15 GMT+0800 (China Standard Time),,s0w4,focus,
Wed Aug 26 2015 21:22:18 GMT+0800 (China Standard Time),,s0w4,label,"N"
Wed Aug 26 2015 21:22:21 GMT+0800 (China Standard Time),,s0w5,focus,
Wed Aug 26 2015 21:22:22 GMT+0800 (China Standard Time),,s1w1,focus,
Wed Aug 26 2015 21:22:22 GMT+0800 (China Standard Time),,s1w2,focus,
Wed Aug 26 2015 21:22:22 GMT+0800 (China Standard Time),,s1w3,focus,
Wed Aug 26 2015 21:22:23 GMT+0800 (China Standard Time),,s1w4,focus,
Wed Aug 26 2015 21:22:23 GMT+0800 (China Standard Time),,s1w5,focus,
Wed Aug 26 2015 21:22:24 GMT+0800 (China Standard Time),,s1w6,focus,
Wed Aug 26 2015 21:22:24 GMT+0800 (China Standard Time),,s1w7,focus,
Wed Aug 26 2015 21:22:28 GMT+0800 (China Standard Time),,s1w7,label,"N"
Wed Aug 26 2015 21:22:28 GMT+0800 (China Standard Time),,s1w8,focus,
Wed Aug 26 2015 21:22:29 GMT+0800 (China Standard Time),,s1w9,focus,
Wed Aug 26 2015 21:22:30 GMT+0800 (China Standard Time),,s1w10,focus,
Wed Aug 26 2015 21:22:30 GMT+0800 (China Standard Time),,s1w11,focus,
Wed Aug 26 2015 21:22:31 GMT+0800 (China Standard Time),,s1w12,focus,
Wed Aug 26 2015 21:22:31 GMT+0800 (China Standard Time),,s1w13,focus,
Wed Aug 26 2015 21:22:31 GMT+0800 (China Standard Time),,s1w14,focus,
Wed Aug 26 2015 21:22:31 GMT+0800 (China Standard Time),,s1w15,focus,
Wed Aug 26 2015 21:22:32 GMT+0800 (China Standard Time),,s1w16,focus,
Wed Aug 26 2015 21:22:32 GMT+0800 (China Standard Time),,s1w17,focus,
Wed Aug 26 2015 21:22:32 GMT+0800 (China Standard Time),,s1w18,focus,
Wed Aug 26 2015 21:22:32 GMT+0800 (China Standard Time),,s1w19,focus,
Wed Aug 26 2015 21:22:32 GMT+0800 (China Standard Time),,s1w20,focus,
Wed Aug 26 2015 21:22:33 GMT+0800 (China Standard Time),,s1w21,focus,
Wed Aug 26 2015 21:22:33 GMT+0800 (China Standard Time),,s1w22,focus,
Wed Aug 26 2015 21:22:34 GMT+0800 (China Standard Time),,s1w23,focus,
Wed Aug 26 2015 21:22:34 GMT+0800 (China Standard Time),,s1w24,focus,
Wed Aug 26 2015 21:22:34 GMT+0800 (China Standard Time),,s1w25,focus,
Wed Aug 26 2015 21:22:34 GMT+0800 (China Standard Time),,s1w26,focus,
Wed Aug 26 2015 21:22:34 GMT+0800 (China Standard Time),,s1w27,focus,
Wed Aug 26 2015 21:22:35 GMT+0800 (China Standard Time),,s1w28,focus,
Wed Aug 26 2015 21:22:35 GMT+0800 (China Standard Time),,s1w29,focus,
Wed Aug 26 2015 21:22:37 GMT+0800 (China Standard Time),,s1w29,label,"^"
Wed Aug 26 2015 21:22:38 GMT+0800 (China Standard Time),,s1w30,focus,
Wed Aug 26 2015 21:22:38 GMT+0800 (China Standard Time),,s1w31,focus,
Wed Aug 26 2015 21:22:39 GMT+0800 (China Standard Time),,s1w32,focus,
Wed Aug 26 2015 21:22:39 GMT+0800 (China Standard Time),,s1w33,focus,
Wed Aug 26 2015 21:22:40 GMT+0800 (China Standard Time),,s1w34,focus,
Wed Aug 26 2015 21:22:40 GMT+0800 (China Standard Time),,s1w35,focus,
Wed Aug 26 2015 21:22:40 GMT+0800 (China Standard Time),,s1w36,focus,
Wed Aug 26 2015 21:22:40 GMT+0800 (China Standard Time),,s1w37,focus,
Wed Aug 26 2015 21:22:41 GMT+0800 (China Standard Time),,s1w38,focus,
Wed Aug 26 2015 21:22:41 GMT+0800 (China Standard Time),,s1w39,focus,
Wed Aug 26 2015 21:22:42 GMT+0800 (China Standard Time),,s1w40,focus,
Wed Aug 26 2015 21:22:42 GMT+0800 (China Standard Time),,s1w41,focus,
Wed Aug 26 2015 21:22:42 GMT+0800 (China Standard Time),,s1w42,focus,
Wed Aug 26 2015 21:22:43 GMT+0800 (China Standard Time),,s1w43,focus,
Wed Aug 26 2015 21:22:44 GMT+0800 (China Standard Time),,s1w44,focus,
Wed Aug 26 2015 21:22:44 GMT+0800 (China Standard Time),,s1w45,focus,
Wed Aug 26 2015 21:22:44 GMT+0800 (China Standard Time),,s1w46,focus,
Wed Aug 26 2015 21:22:44 GMT+0800 (China Standard Time),,s1w47,focus,
Wed Aug 26 2015 21:22:46 GMT+0800 (China Standard Time),,s1w48,focus,
Wed Aug 26 2015 21:22:46 GMT+0800 (China Standard Time),,s1w49,focus,
Wed Aug 26 2015 21:22:46 GMT+0800 (China Standard Time),,s1w50,focus,
Wed Aug 26 2015 21:22:47 GMT+0800 (China Standard Time),,s1w51,focus,
Wed Aug 26 2015 21:22:47 GMT+0800 (China Standard Time),,s1w52,focus,
Wed Aug 26 2015 21:22:47 GMT+0800 (China Standard Time),,s1w53,focus,
Wed Aug 26 2015 21:22:47 GMT+0800 (China Standard Time),,s1w54,focus,
Wed Aug 26 2015 21:22:48 GMT+0800 (China Standard Time),,s1w55,focus,
Wed Aug 26 2015 21:22:48 GMT+0800 (China Standard Time),,s1w56,focus,
Wed Aug 26 2015 21:22:48 GMT+0800 (China Standard Time),,s1w57,focus,
Wed Aug 26 2015 21:22:48 GMT+0800 (China Standard Time),,s1w58,focus,
Wed Aug 26 2015 21:22:49 GMT+0800 (China Standard Time),,s1w59,focus,
Wed Aug 26 2015 21:22:49 GMT+0800 (China Standard Time),,s1w60,focus,
Wed Aug 26 2015 21:22:49 GMT+0800 (China Standard Time),,s1w61,focus,
Wed Aug 26 2015 21:22:50 GMT+0800 (China Standard Time),,s1w62,focus,
Wed Aug 26 2015 21:22:50 GMT+0800 (China Standard Time),,s1w63,focus,
Wed Aug 26 2015 21:22:50 GMT+0800 (China Standard Time),,s1w64,focus,
Wed Aug 26 2015 21:22:50 GMT+0800 (China Standard Time),,s1w65,focus,
Wed Aug 26 2015 21:22:51 GMT+0800 (China Standard Time),,s1w66,focus,
Wed Aug 26 2015 21:22:51 GMT+0800 (China Standard Time),,s1w67,focus,
Wed Aug 26 2015 21:22:51 GMT+0800 (China Standard Time),,s1w68,focus,
Wed Aug 26 2015 21:22:51 GMT+0800 (China Standard Time),,s1w69,focus,
Wed Aug 26 2015 21:22:52 GMT+0800 (China Standard Time),,s1w70,focus,
Wed Aug 26 2015 21:22:52 GMT+0800 (China Standard Time),,s1w71,focus,
Wed Aug 26 2015 21:22:52 GMT+0800 (China Standard Time),,s1w72,focus,
Wed Aug 26 2015 21:22:56 GMT+0800 (China Standard Time),,s1w73,focus,
Wed Aug 26 2015 21:22:56 GMT+0800 (China Standard Time),,s1w74,focus,
Wed Aug 26 2015 21:22:56 GMT+0800 (China Standard Time),,s1w75,focus,
Wed Aug 26 2015 21:22:57 GMT+0800 (China Standard Time),,s1w76,focus,
Wed Aug 26 2015 21:22:57 GMT+0800 (China Standard Time),,s1w77,focus,
Wed Aug 26 2015 21:22:57 GMT+0800 (China Standard Time),,s1w78,focus,
Wed Aug 26 2015 21:22:57 GMT+0800 (China Standard Time),,s1w79,focus,
Wed Aug 26 2015 21:22:58 GMT+0800 (China Standard Time),,s1w80,focus,
Wed Aug 26 2015 21:22:58 GMT+0800 (China Standard Time),,s1w81,focus,
Wed Aug 26 2015 21:22:58 GMT+0800 (China Standard Time),,s1w82,focus,
Wed Aug 26 2015 21:22:59 GMT+0800 (China Standard Time),,s1w83,focus,
Wed Aug 26 2015 21:22:59 GMT+0800 (China Standard Time),,s1w84,focus,
Wed Aug 26 2015 21:22:59 GMT+0800 (China Standard Time),,s1w85,focus,
Wed Aug 26 2015 21:22:59 GMT+0800 (China Standard Time),,s1w86,focus,
Wed Aug 26 2015 21:23:00 GMT+0800 (China Standard Time),,s1w87,focus,
Wed Aug 26 2015 21:23:00 GMT+0800 (China Standard Time),,s1w88,focus,
Wed Aug 26 2015 21:23:00 GMT+0800 (China Standard Time),,s1w89,focus,
Wed Aug 26 2015 21:23:01 GMT+0800 (China Standard Time),,s1w90,focus,
Wed Aug 26 2015 21:23:01 GMT+0800 (China Standard Time),,s1w91,focus,
Wed Aug 26 2015 21:23:01 GMT+0800 (China Standard Time),,s1w92,focus,
Wed Aug 26 2015 21:23:01 GMT+0800 (China Standard Time),,s1w93,focus,
Wed Aug 26 2015 21:23:02 GMT+0800 (China Standard Time),,s1w94,focus,
Wed Aug 26 2015 21:23:02 GMT+0800 (China Standard Time),,s1w95,focus,
Wed Aug 26 2015 21:23:02 GMT+0800 (China Standard Time),,s1w96,focus,
Wed Aug 26 2015 21:23:03 GMT+0800 (China Standard Time),,s1w97,focus,
Wed Aug 26 2015 21:23:03 GMT+0800 (China Standard Time),,s1w98,focus,
Wed Aug 26 2015 21:23:03 GMT+0800 (China Standard Time),,s1w99,focus,
Wed Aug 26 2015 21:23:03 GMT+0800 (China Standard Time),,s1w100,focus,
Wed Aug 26 2015 21:23:04 GMT+0800 (China Standard Time),,s1w101,focus,
Wed Aug 26 2015 21:23:04 GMT+0800 (China Standard Time),,s1w102,focus,
Wed Aug 26 2015 21:23:04 GMT+0800 (China Standard Time),,s1w103,focus,
Wed Aug 26 2015 21:23:04 GMT+0800 (China Standard Time),,s1w104,focus,
Wed Aug 26 2015 21:23:05 GMT+0800 (China Standard Time),,s1w105,focus,
Wed Aug 26 2015 21:23:05 GMT+0800 (China Standard Time),,s1w106,focus,
Wed Aug 26 2015 21:23:05 GMT+0800 (China Standard Time),,s1w107,focus,
Wed Aug 26 2015 21:23:05 GMT+0800 (China Standard Time),,s1w108,focus,
Wed Aug 26 2015 21:23:06 GMT+0800 (China Standard Time),,s1w109,focus,
Wed Aug 26 2015 21:23:07 GMT+0800 (China Standard Time),,s1w110,focus,
Wed Aug 26 2015 21:23:07 GMT+0800 (China Standard Time),,s1w111,focus,
Wed Aug 26 2015 21:23:07 GMT+0800 (China Standard Time),,s1w112,focus,
Wed Aug 26 2015 21:23:08 GMT+0800 (China Standard Time),,s1w113,focus,
Wed Aug 26 2015 21:23:08 GMT+0800 (China Standard Time),,s1w114,focus,
Wed Aug 26 2015 21:23:08 GMT+0800 (China Standard Time),,s1w115,focus,
Wed Aug 26 2015 21:23:09 GMT+0800 (China Standard Time),,s1w116,focus,
Wed Aug 26 2015 21:23:09 GMT+0800 (China Standard Time),,s1w117,focus,
Wed Aug 26 2015 21:23:10 GMT+0800 (China Standard Time),,s1w118,focus,
Wed Aug 26 2015 21:23:19 GMT+0800 (China Standard Time),,s1w117,focus,
Wed Aug 26 2015 21:23:19 GMT+0800 (China Standard Time),,s1w117,focus,
Wed Aug 26 2015 21:23:20 GMT+0800 (China Standard Time),,s1w117,label,"V"
Wed Aug 26 2015 21:23:21 GMT+0800 (China Standard Time),,s1w118,focus,
Wed Aug 26 2015 21:23:21 GMT+0800 (China Standard Time),,s1w119,focus,
Wed Aug 26 2015 21:23:22 GMT+0800 (China Standard Time),,s1w120,focus,
Wed Aug 26 2015 21:23:22 GMT+0800 (China Standard Time),,s1w121,focus,
Wed Aug 26 2015 21:23:22 GMT+0800 (China Standard Time),,s1w122,focus,
Wed Aug 26 2015 21:23:22 GMT+0800 (China Standard Time),,s1w123,focus,
Wed Aug 26 2015 21:23:23 GMT+0800 (China Standard Time),,s1w124,focus,
Wed Aug 26 2015 21:23:23 GMT+0800 (China Standard Time),,s1w125,focus,
Wed Aug 26 2015 21:23:23 GMT+0800 (China Standard Time),,s1w126,focus,
Wed Aug 26 2015 21:23:23 GMT+0800 (China Standard Time),,s1w127,focus,
Wed Aug 26 2015 21:23:24 GMT+0800 (China Standard Time),,s1w128,focus,
Wed Aug 26 2015 21:23:24 GMT+0800 (China Standard Time),,s1w129,focus,
Wed Aug 26 2015 21:23:24 GMT+0800 (China Standard Time),,s1w130,focus,
Wed Aug 26 2015 21:23:24 GMT+0800 (China Standard Time),,s1w131,focus,
Wed Aug 26 2015 21:23:25 GMT+0800 (China Standard Time),,s1w132,focus,
Wed Aug 26 2015 21:23:25 GMT+0800 (China Standard Time),,s1w133,focus,
Wed Aug 26 2015 21:23:25 GMT+0800 (China Standard Time),,s1w134,focus,
Wed Aug 26 2015 21:23:25 GMT+0800 (China Standard Time),,s1w135,focus,
Wed Aug 26 2015 21:23:25 GMT+0800 (China Standard Time),,s1w136,focus,
Wed Aug 26 2015 21:23:26 GMT+0800 (China Standard Time),,s1w137,focus,
Wed Aug 26 2015 21:23:26 GMT+0800 (China Standard Time),,s1w138,focus,
Wed Aug 26 2015 21:23:27 GMT+0800 (China Standard Time),,s1w138,label,"^"
Wed Aug 26 2015 21:23:28 GMT+0800 (China Standard Time),,s1w139,focus,
Wed Aug 26 2015 21:23:28 GMT+0800 (China Standard Time),,s1w140,focus,
Wed Aug 26 2015 21:23:28 GMT+0800 (China Standard Time),,s1w141,focus,
Wed Aug 26 2015 21:23:29 GMT+0800 (China Standard Time),,s1w142,focus,
Wed Aug 26 2015 21:23:29 GMT+0800 (China Standard Time),,s1w143,focus,
Wed Aug 26 2015 21:23:29 GMT+0800 (China Standard Time),,s1w144,focus,
Wed Aug 26 2015 21:23:29 GMT+0800 (China Standard Time),,s1w145,focus,
Wed Aug 26 2015 21:23:30 GMT+0800 (China Standard Time),,s1w146,focus,
Wed Aug 26 2015 21:23:30 GMT+0800 (China Standard Time),,s1w147,focus,
Wed Aug 26 2015 21:23:30 GMT+0800 (China Standard Time),,s1w148,focus,
Wed Aug 26 2015 21:23:30 GMT+0800 (China Standard Time),,s1w149,focus,
Wed Aug 26 2015 21:23:31 GMT+0800 (China Standard Time),,s1w150,focus,
Wed Aug 26 2015 21:23:31 GMT+0800 (China Standard Time),,s1w151,focus,
Wed Aug 26 2015 21:23:31 GMT+0800 (China Standard Time),,s1w152,focus,
Wed Aug 26 2015 21:23:31 GMT+0800 (China Standard Time),,s1w153,focus,
Wed Aug 26 2015 21:23:32 GMT+0800 (China Standard Time),,s2w1,focus,
Wed Aug 26 2015 21:23:32 GMT+0800 (China Standard Time),,s2w2,focus,
Wed Aug 26 2015 21:23:32 GMT+0800 (China Standard Time),,s2w3,focus,
Wed Aug 26 2015 21:23:33 GMT+0800 (China Standard Time),,s2w4,focus,
Wed Aug 26 2015 21:23:33 GMT+0800 (China Standard Time),,s2w5,focus,
Wed Aug 26 2015 21:23:34 GMT+0800 (China Standard Time),,s3w1,focus,
Wed Aug 26 2015 21:23:35 GMT+0800 (China Standard Time),,s3w2,focus,
Wed Aug 26 2015 21:23:36 GMT+0800 (China Standard Time),,s3w3,focus,
Wed Aug 26 2015 21:23:36 GMT+0800 (China Standard Time),,s3w4,focus,
Wed Aug 26 2015 21:23:37 GMT+0800 (China Standard Time),,s3w5,focus,
Wed Aug 26 2015 21:23:37 GMT+0800 (China Standard Time),,s3w6,focus,
Wed Aug 26 2015 21:23:38 GMT+0800 (China Standard Time),,s3w7,focus,
Wed Aug 26 2015 21:23:38 GMT+0800 (China Standard Time),,s3w8,focus,
Wed Aug 26 2015 21:23:38 GMT+0800 (China Standard Time),,s3w9,focus,
Wed Aug 26 2015 21:23:38 GMT+0800 (China Standard Time),,s3w10,focus,
Wed Aug 26 2015 21:23:39 GMT+0800 (China Standard Time),,s3w11,focus,
Wed Aug 26 2015 21:23:39 GMT+0800 (China Standard Time),,s3w12,focus,
Wed Aug 26 2015 21:23:39 GMT+0800 (China Standard Time),,s3w13,focus,
Wed Aug 26 2015 21:23:39 GMT+0800 (China Standard Time),,s3w14,focus,
Wed Aug 26 2015 21:23:40 GMT+0800 (China Standard Time),,s3w15,focus,
Wed Aug 26 2015 21:23:41 GMT+0800 (China Standard Time),,s3w16,focus,
Wed Aug 26 2015 21:23:41 GMT+0800 (China Standard Time),,s3w17,focus,
Wed Aug 26 2015 21:23:41 GMT+0800 (China Standard Time),,s3w18,focus,
Wed Aug 26 2015 21:23:42 GMT+0800 (China Standard Time),,s3w19,focus,
Wed Aug 26 2015 21:23:42 GMT+0800 (China Standard Time),,s3w20,focus,
Wed Aug 26 2015 21:23:42 GMT+0800 (China Standard Time),,s3w21,focus,
Wed Aug 26 2015 21:23:42 GMT+0800 (China Standard Time),,s3w22,focus,
Wed Aug 26 2015 21:23:43 GMT+0800 (China Standard Time),,s3w23,focus,
Wed Aug 26 2015 21:23:43 GMT+0800 (China Standard Time),,s3w24,focus,
Wed Aug 26 2015 21:23:43 GMT+0800 (China Standard Time),,s3w25,focus,
Wed Aug 26 2015 21:23:44 GMT+0800 (China Standard Time),,s4w1,focus,
Wed Aug 26 2015 21:23:44 GMT+0800 (China Standard Time),,s4w2,focus,
Wed Aug 26 2015 21:23:44 GMT+0800 (China Standard Time),,s4w3,focus,
Wed Aug 26 2015 21:23:44 GMT+0800 (China Standard Time),,s4w4,focus,
Wed Aug 26 2015 21:23:45 GMT+0800 (China Standard Time),,s4w5,focus,
Wed Aug 26 2015 21:23:45 GMT+0800 (China Standard Time),,s4w6,focus,
Wed Aug 26 2015 21:23:45 GMT+0800 (China Standard Time),,s4w7,focus,
Wed Aug 26 2015 21:23:49 GMT+0800 (China Standard Time),,s4w6,focus,
Wed Aug 26 2015 21:23:49 GMT+0800 (China Standard Time),,s4w6,focus,
Wed Aug 26 2015 21:23:50 GMT+0800 (China Standard Time),,s4w6,label,"G"
Wed Aug 26 2015 21:23:51 GMT+0800 (China Standard Time),,s4w7,focus,
Wed Aug 26 2015 21:23:51 GMT+0800 (China Standard Time),,s4w8,focus,
Wed Aug 26 2015 21:23:53 GMT+0800 (China Standard Time),,s4w9,focus,
Wed Aug 26 2015 21:23:53 GMT+0800 (China Standard Time),,s4w10,focus,
Wed Aug 26 2015 21:23:53 GMT+0800 (China Standard Time),,s4w11,focus,
Wed Aug 26 2015 21:23:54 GMT+0800 (China Standard Time),,s4w12,focus,
Wed Aug 26 2015 21:23:54 GMT+0800 (China Standard Time),,s4w13,focus,
Wed Aug 26 2015 21:23:54 GMT+0800 (China Standard Time),,s4w14,focus,
Wed Aug 26 2015 21:23:54 GMT+0800 (China Standard Time),,s4w15,focus,
Wed Aug 26 2015 21:23:55 GMT+0800 (China Standard Time),,s4w16,focus,
Wed Aug 26 2015 21:23:55 GMT+0800 (China Standard Time),,s4w17,focus,
Wed Aug 26 2015 21:23:55 GMT+0800 (China Standard Time),,s4w18,focus,
Wed Aug 26 2015 21:23:55 GMT+0800 (China Standard Time),,s4w19,focus,
Wed Aug 26 2015 21:23:57 GMT+0800 (China Standard Time),,s4w20,focus,
Wed Aug 26 2015 21:23:58 GMT+0800 (China Standard Time),,s4w21,focus,
Wed Aug 26 2015 21:23:58 GMT+0800 (China Standard Time),,s4w22,focus,
Wed Aug 26 2015 21:23:58 GMT+0800 (China Standard Time),,s4w23,focus,
Wed Aug 26 2015 21:23:58 GMT+0800 (China Standard Time),,s4w24,focus,
Wed Aug 26 2015 21:23:59 GMT+0800 (China Standard Time),,s4w25,focus,
Wed Aug 26 2015 21:23:59 GMT+0800 (China Standard Time),,s4w26,focus,
Wed Aug 26 2015 21:23:59 GMT+0800 (China Standard Time),,s4w27,focus,
Wed Aug 26 2015 21:23:59 GMT+0800 (China Standard Time),,s4w28,focus,
Wed Aug 26 2015 21:24:00 GMT+0800 (China Standard Time),,s4w29,focus,
Wed Aug 26 2015 21:24:00 GMT+0800 (China Standard Time),,s4w30,focus,
Wed Aug 26 2015 21:24:00 GMT+0800 (China Standard Time),,s4w31,focus,
Wed Aug 26 2015 21:24:01 GMT+0800 (China Standard Time),,s4w32,focus,
Wed Aug 26 2015 21:24:01 GMT+0800 (China Standard Time),,s4w33,focus,
Wed Aug 26 2015 21:24:01 GMT+0800 (China Standard Time),,s4w34,focus,
Wed Aug 26 2015 21:24:02 GMT+0800 (China Standard Time),,s4w35,focus,
Wed Aug 26 2015 21:24:02 GMT+0800 (China Standard Time),,s4w36,focus,
Wed Aug 26 2015 21:24:02 GMT+0800 (China Standard Time),,s4w37,focus,
Wed Aug 26 2015 21:24:03 GMT+0800 (China Standard Time),,s5w1,focus,
Wed Aug 26 2015 21:24:04 GMT+0800 (China Standard Time),,s5w2,focus,
Wed Aug 26 2015 21:24:05 GMT+0800 (China Standard Time),,s5w3,focus,
Wed Aug 26 2015 21:24:05 GMT+0800 (China Standard Time),,s5w4,focus,
Wed Aug 26 2015 21:24:05 GMT+0800 (China Standard Time),,s5w5,focus,
Wed Aug 26 2015 21:24:06 GMT+0800 (China Standard Time),,s5w6,focus,
Wed Aug 26 2015 21:24:06 GMT+0800 (China Standard Time),,s5w7,focus,
Wed Aug 26 2015 21:24:06 GMT+0800 (China Standard Time),,s5w8,focus,
Wed Aug 26 2015 21:24:07 GMT+0800 (China Standard Time),,s5w9,focus,
Wed Aug 26 2015 21:24:08 GMT+0800 (China Standard Time),,s5w10,focus,
Wed Aug 26 2015 21:24:08 GMT+0800 (China Standard Time),,s5w11,focus,
Wed Aug 26 2015 21:24:08 GMT+0800 (China Standard Time),,s5w12,focus,
Wed Aug 26 2015 21:24:08 GMT+0800 (China Standard Time),,s5w13,focus,
Wed Aug 26 2015 21:24:09 GMT+0800 (China Standard Time),,s5w14,focus,
Wed Aug 26 2015 21:24:09 GMT+0800 (China Standard Time),,s5w15,focus,
Wed Aug 26 2015 21:24:09 GMT+0800 (China Standard Time),,s5w16,focus,
Wed Aug 26 2015 21:24:09 GMT+0800 (China Standard Time),,s5w17,focus,
Wed Aug 26 2015 21:24:09 GMT+0800 (China Standard Time),,s5w18,focus,
Wed Aug 26 2015 21:24:10 GMT+0800 (China Standard Time),,s5w19,focus,
Wed Aug 26 2015 21:24:10 GMT+0800 (China Standard Time),,s5w20,focus,
Wed Aug 26 2015 21:24:10 GMT+0800 (China Standard Time),,s5w21,focus,
Wed Aug 26 2015 21:24:10 GMT+0800 (China Standard Time),,s5w22,focus,
Wed Aug 26 2015 21:24:10 GMT+0800 (China Standard Time),,s5w23,focus,
Wed Aug 26 2015 21:24:10 GMT+0800 (China Standard Time),,s5w24,focus,
Wed Aug 26 2015 21:24:10 GMT+0800 (China Standard Time),,s5w25,focus,
Wed Aug 26 2015 21:24:10 GMT+0800 (China Standard Time),,s6w1,focus,
Wed Aug 26 2015 21:24:11 GMT+0800 (China Standard Time),,s6w2,focus,
Wed Aug 26 2015 21:24:11 GMT+0800 (China Standard Time),,s6w3,focus,
Wed Aug 26 2015 21:24:11 GMT+0800 (China Standard Time),,s6w4,focus,
Wed Aug 26 2015 21:24:11 GMT+0800 (China Standard Time),,s6w5,focus,
Wed Aug 26 2015 21:24:11 GMT+0800 (China Standard Time),,s6w6,focus,
Wed Aug 26 2015 21:24:11 GMT+0800 (China Standard Time),,s6w7,focus,
Wed Aug 26 2015 21:24:11 GMT+0800 (China Standard Time),,s6w8,focus,
Wed Aug 26 2015 21:24:12 GMT+0800 (China Standard Time),,s6w9,focus,
Wed Aug 26 2015 21:24:12 GMT+0800 (China Standard Time),,s6w10,focus,
Wed Aug 26 2015 21:24:12 GMT+0800 (China Standard Time),,s6w11,focus,
Wed Aug 26 2015 21:24:13 GMT+0800 (China Standard Time),,s6w12,focus,
Wed Aug 26 2015 21:24:13 GMT+0800 (China Standard Time),,s6w13,focus,
Wed Aug 26 2015 21:24:13 GMT+0800 (China Standard Time),,s6w14,focus,
Wed Aug 26 2015 21:24:13 GMT+0800 (China Standard Time),,s6w15,focus,
Wed Aug 26 2015 21:24:13 GMT+0800 (China Standard Time),,s6w16,focus,
Wed Aug 26 2015 21:24:13 GMT+0800 (China Standard Time),,s6w17,focus,
Wed Aug 26 2015 21:24:13 GMT+0800 (China Standard Time),,s6w18,focus,
Wed Aug 26 2015 21:24:14 GMT+0800 (China Standard Time),,s7w1,focus,
Wed Aug 26 2015 21:24:14 GMT+0800 (China Standard Time),,s7w2,focus,
Wed Aug 26 2015 21:24:15 GMT+0800 (China Standard Time),,s7w3,focus,
Wed Aug 26 2015 21:24:15 GMT+0800 (China Standard Time),,s7w4,focus,
Wed Aug 26 2015 21:24:16 GMT+0800 (China Standard Time),,s7w5,focus,
Wed Aug 26 2015 21:24:16 GMT+0800 (China Standard Time),,s7w6,focus,
Wed Aug 26 2015 21:24:16 GMT+0800 (China Standard Time),,s7w7,focus,
Wed Aug 26 2015 21:24:16 GMT+0800 (China Standard Time),,s7w8,focus,
Wed Aug 26 2015 21:24:16 GMT+0800 (China Standard Time),,s7w9,focus,
Wed Aug 26 2015 21:24:17 GMT+0800 (China Standard Time),,s7w10,focus,
Wed Aug 26 2015 21:24:17 GMT+0800 (China Standard Time),,s7w11,focus,
Wed Aug 26 2015 21:24:17 GMT+0800 (China Standard Time),,s7w12,focus,
Wed Aug 26 2015 21:24:20 GMT+0800 (China Standard Time),,s7w13,focus,
Wed Aug 26 2015 21:24:20 GMT+0800 (China Standard Time),,s7w14,focus,
Wed Aug 26 2015 21:24:20 GMT+0800 (China Standard Time),,s7w15,focus,
Wed Aug 26 2015 21:24:21 GMT+0800 (China Standard Time),,s7w16,focus,
Wed Aug 26 2015 21:24:21 GMT+0800 (China Standard Time),,s7w17,focus,
Wed Aug 26 2015 21:24:21 GMT+0800 (China Standard Time),,s7w18,focus,
Wed Aug 26 2015 21:24:22 GMT+0800 (China Standard Time),,s7w19,focus,
Wed Aug 26 2015 21:24:22 GMT+0800 (China Standard Time),,s7w20,focus,
Wed Aug 26 2015 21:24:24 GMT+0800 (China Standard Time),,s7w21,focus,
Wed Aug 26 2015 21:24:25 GMT+0800 (China Standard Time),,s7w22,focus,
Wed Aug 26 2015 21:24:25 GMT+0800 (China Standard Time),,s7w23,focus,
Wed Aug 26 2015 21:24:25 GMT+0800 (China Standard Time),,s7w24,focus,
Wed Aug 26 2015 21:24:26 GMT+0800 (China Standard Time),,s7w25,focus,
Wed Aug 26 2015 21:24:26 GMT+0800 (China Standard Time),,s7w26,focus,
Wed Aug 26 2015 21:24:26 GMT+0800 (China Standard Time),,s7w27,focus,
Wed Aug 26 2015 21:24:27 GMT+0800 (China Standard Time),,s7w28,focus,
Wed Aug 26 2015 21:24:27 GMT+0800 (China Standard Time),,s7w29,focus,
Wed Aug 26 2015 21:24:27 GMT+0800 (China Standard Time),,s7w30,focus,
Wed Aug 26 2015 21:24:28 GMT+0800 (China Standard Time),,s7w31,focus,
Wed Aug 26 2015 21:24:28 GMT+0800 (China Standard Time),,s7w32,focus,
Wed Aug 26 2015 21:24:28 GMT+0800 (China Standard Time),,s7w33,focus,
Wed Aug 26 2015 21:24:29 GMT+0800 (China Standard Time),,s7w34,focus,
Wed Aug 26 2015 21:24:29 GMT+0800 (China Standard Time),,s7w35,focus,
Wed Aug 26 2015 21:24:30 GMT+0800 (China Standard Time),,s7w36,focus,
Wed Aug 26 2015 21:24:31 GMT+0800 (China Standard Time),,s7w37,focus,
Wed Aug 26 2015 21:24:31 GMT+0800 (China Standard Time),,s7w38,focus,
Wed Aug 26 2015 21:24:33 GMT+0800 (China Standard Time),,s7w39,focus,
Wed Aug 26 2015 21:24:36 GMT+0800 (China Standard Time),,s7w39,label,","
Wed Aug 26 2015 21:24:37 GMT+0800 (China Standard Time),,s7w40,focus,
Wed Aug 26 2015 21:24:37 GMT+0800 (China Standard Time),,s7w41,focus,
Wed Aug 26 2015 21:24:38 GMT+0800 (China Standard Time),,s7w42,focus,
Wed Aug 26 2015 21:24:39 GMT+0800 (China Standard Time),,s7w43,focus,
Wed Aug 26 2015 21:24:39 GMT+0800 (China Standard Time),,s7w44,focus,
Wed Aug 26 2015 21:24:39 GMT+0800 (China Standard Time),,s8w1,focus,
Wed Aug 26 2015 21:24:40 GMT+0800 (China Standard Time),,s8w2,focus,
Wed Aug 26 2015 21:24:40 GMT+0800 (China Standard Time),,s8w3,focus,
Wed Aug 26 2015 21:24:40 GMT+0800 (China Standard Time),,s8w4,focus,
Wed Aug 26 2015 21:24:40 GMT+0800 (China Standard Time),,s8w5,focus,
Wed Aug 26 2015 21:24:40 GMT+0800 (China Standard Time),,s8w6,focus,
Wed Aug 26 2015 21:24:41 GMT+0800 (China Standard Time),,s8w7,focus,
Wed Aug 26 2015 21:24:41 GMT+0800 (China Standard Time),,s8w8,focus,
Wed Aug 26 2015 21:24:41 GMT+0800 (China Standard Time),,s8w9,focus,
Wed Aug 26 2015 21:24:41 GMT+0800 (China Standard Time),,s8w10,focus,
Wed Aug 26 2015 21:24:42 GMT+0800 (China Standard Time),,s8w11,focus,
Wed Aug 26 2015 21:24:42 GMT+0800 (China Standard Time),,s8w12,focus,
Wed Aug 26 2015 21:24:42 GMT+0800 (China Standard Time),,s8w13,focus,
Wed Aug 26 2015 21:24:43 GMT+0800 (China Standard Time),,s8w14,focus,
Wed Aug 26 2015 21:24:43 GMT+0800 (China Standard Time),,s8w15,focus,
Wed Aug 26 2015 21:24:43 GMT+0800 (China Standard Time),,s8w16,focus,
Wed Aug 26 2015 21:24:44 GMT+0800 (China Standard Time),,s8w17,focus,
Wed Aug 26 2015 21:24:48 GMT+0800 (China Standard Time),,s8w18,focus,
Wed Aug 26 2015 21:24:50 GMT+0800 (China Standard Time),,s9w1,focus,
Wed Aug 26 2015 21:24:50 GMT+0800 (China Standard Time),,s9w2,focus,
Wed Aug 26 2015 21:24:50 GMT+0800 (China Standard Time),,s9w3,focus,
Wed Aug 26 2015 21:24:55 GMT+0800 (China Standard Time),,s9w2,focus,
Wed Aug 26 2015 21:24:55 GMT+0800 (China Standard Time),,s9w2,focus,
Wed Aug 26 2015 21:24:56 GMT+0800 (China Standard Time),,s9w2,label,","
Wed Aug 26 2015 21:24:56 GMT+0800 (China Standard Time),,s9w3,focus,
Wed Aug 26 2015 21:24:57 GMT+0800 (China Standard Time),,s9w4,focus,
Wed Aug 26 2015 21:24:59 GMT+0800 (China Standard Time),,s9w5,focus,
Wed Aug 26 2015 21:25:00 GMT+0800 (China Standard Time),,s9w6,focus,
Wed Aug 26 2015 21:25:00 GMT+0800 (China Standard Time),,s9w7,focus,
Wed Aug 26 2015 21:25:01 GMT+0800 (China Standard Time),,s9w8,focus,
Wed Aug 26 2015 21:25:01 GMT+0800 (China Standard Time),,s9w9,focus,
Wed Aug 26 2015 21:25:01 GMT+0800 (China Standard Time),,s9w10,focus,
Wed Aug 26 2015 21:25:02 GMT+0800 (China Standard Time),,s9w11,focus,
Wed Aug 26 2015 21:25:02 GMT+0800 (China Standard Time),,s9w12,focus,
Wed Aug 26 2015 21:25:02 GMT+0800 (China Standard Time),,s9w13,focus,
Wed Aug 26 2015 21:25:02 GMT+0800 (China Standard Time),,s9w14,focus,
Wed Aug 26 2015 21:25:03 GMT+0800 (China Standard Time),,s9w15,focus,
Wed Aug 26 2015 21:25:03 GMT+0800 (China Standard Time),,s9w16,focus,
Wed Aug 26 2015 21:25:03 GMT+0800 (China Standard Time),,s9w17,focus,
Wed Aug 26 2015 21:25:04 GMT+0800 (China Standard Time),,s9w18,focus,
Wed Aug 26 2015 21:25:04 GMT+0800 (China Standard Time),,s9w19,focus,
Wed Aug 26 2015 21:25:04 GMT+0800 (China Standard Time),,s9w20,focus,
Wed Aug 26 2015 21:25:04 GMT+0800 (China Standard Time),,s9w21,focus,
Wed Aug 26 2015 21:25:05 GMT+0800 (China Standard Time),,s10w1,focus,
Wed Aug 26 2015 21:25:08 GMT+0800 (China Standard Time),,s10w2,focus,
Wed Aug 26 2015 21:25:08 GMT+0800 (China Standard Time),,s10w3,focus,
Wed Aug 26 2015 21:25:08 GMT+0800 (China Standard Time),,s10w4,focus,
Wed Aug 26 2015 21:25:09 GMT+0800 (China Standard Time),,s10w5,focus,
Wed Aug 26 2015 21:25:09 GMT+0800 (China Standard Time),,s10w6,focus,
Wed Aug 26 2015 21:25:09 GMT+0800 (China Standard Time),,s10w7,focus,
Wed Aug 26 2015 21:25:09 GMT+0800 (China Standard Time),,s10w8,focus,
Wed Aug 26 2015 21:25:10 GMT+0800 (China Standard Time),,s10w9,focus,
Wed Aug 26 2015 21:25:10 GMT+0800 (China Standard Time),,s10w10,focus,
Wed Aug 26 2015 21:25:10 GMT+0800 (China Standard Time),,s10w11,focus,
Wed Aug 26 2015 21:25:11 GMT+0800 (China Standard Time),,s10w12,focus,
Wed Aug 26 2015 21:25:11 GMT+0800 (China Standard Time),,s10w13,focus,
Wed Aug 26 2015 21:25:11 GMT+0800 (China Standard Time),,s11w1,focus,
Wed Aug 26 2015 21:25:11 GMT+0800 (China Standard Time),,s11w2,focus,
Wed Aug 26 2015 21:25:12 GMT+0800 (China Standard Time),,s11w3,focus,
Wed Aug 26 2015 21:25:13 GMT+0800 (China Standard Time),,s11w4,focus,
Wed Aug 26 2015 21:25:13 GMT+0800 (China Standard Time),,s11w5,focus,
Wed Aug 26 2015 21:25:13 GMT+0800 (China Standard Time),,s11w6,focus,
Wed Aug 26 2015 21:25:14 GMT+0800 (China Standard Time),,s11w7,focus,
Wed Aug 26 2015 21:25:14 GMT+0800 (China Standard Time),,s11w8,focus,
Wed Aug 26 2015 21:25:14 GMT+0800 (China Standard Time),,s11w9,focus,
Wed Aug 26 2015 21:25:15 GMT+0800 (China Standard Time),,s11w10,focus,
Wed Aug 26 2015 21:25:15 GMT+0800 (China Standard Time),,s11w11,focus,
Wed Aug 26 2015 21:25:15 GMT+0800 (China Standard Time),,s11w12,focus,
Wed Aug 26 2015 21:25:15 GMT+0800 (China Standard Time),,s11w13,focus,
Wed Aug 26 2015 21:25:16 GMT+0800 (China Standard Time),,s11w14,focus,
Wed Aug 26 2015 21:25:16 GMT+0800 (China Standard Time),,s11w15,focus,
Wed Aug 26 2015 21:25:16 GMT+0800 (China Standard Time),,s11w16,focus,
Wed Aug 26 2015 21:25:17 GMT+0800 (China Standard Time),,s11w17,focus,
Wed Aug 26 2015 21:25:17 GMT+0800 (China Standard Time),,s11w18,focus,
Wed Aug 26 2015 21:25:17 GMT+0800 (China Standard Time),,s11w19,focus,
Wed Aug 26 2015 21:25:17 GMT+0800 (China Standard Time),,s11w20,focus,
Wed Aug 26 2015 21:25:18 GMT+0800 (China Standard Time),,s11w21,focus,
Wed Aug 26 2015 21:25:18 GMT+0800 (China Standard Time),,s11w22,focus,
Wed Aug 26 2015 21:25:18 GMT+0800 (China Standard Time),,s11w23,focus,
Wed Aug 26 2015 21:25:18 GMT+0800 (China Standard Time),,s11w24,focus,
Wed Aug 26 2015 21:25:19 GMT+0800 (China Standard Time),,s11w25,focus,
Wed Aug 26 2015 21:25:19 GMT+0800 (China Standard Time),,s11w26,focus,
Wed Aug 26 2015 21:25:19 GMT+0800 (China Standard Time),,s11w27,focus,
Wed Aug 26 2015 21:25:20 GMT+0800 (China Standard Time),,s11w28,focus,
Wed Aug 26 2015 21:25:20 GMT+0800 (China Standard Time),,s11w29,focus,
Wed Aug 26 2015 21:25:20 GMT+0800 (China Standard Time),,s11w30,focus,
Wed Aug 26 2015 21:25:20 GMT+0800 (China Standard Time),,s11w31,focus,
Wed Aug 26 2015 21:25:21 GMT+0800 (China Standard Time),,s11w32,focus,
Wed Aug 26 2015 21:25:21 GMT+0800 (China Standard Time),,s11w33,focus,
Wed Aug 26 2015 21:25:21 GMT+0800 (China Standard Time),,s11w34,focus,
Wed Aug 26 2015 21:25:22 GMT+0800 (China Standard Time),,s11w35,focus,
Wed Aug 26 2015 21:25:23 GMT+0800 (China Standard Time),,s11w36,focus,
Wed Aug 26 2015 21:25:24 GMT+0800 (China Standard Time),,s11w37,focus,
Wed Aug 26 2015 21:25:24 GMT+0800 (China Standard Time),,s11w38,focus,
Wed Aug 26 2015 21:25:25 GMT+0800 (China Standard Time),,s11w39,focus,
Wed Aug 26 2015 21:25:25 GMT+0800 (China Standard Time),,s11w40,focus,
Wed Aug 26 2015 21:25:26 GMT+0800 (China Standard Time),,s11w41,focus,
Wed Aug 26 2015 21:25:26 GMT+0800 (China Standard Time),,s11w42,focus,
Wed Aug 26 2015 21:25:26 GMT+0800 (China Standard Time),,s11w43,focus,
Wed Aug 26 2015 21:25:27 GMT+0800 (China Standard Time),,s11w44,focus,
Wed Aug 26 2015 21:25:27 GMT+0800 (China Standard Time),,s11w45,focus,
Wed Aug 26 2015 21:25:28 GMT+0800 (China Standard Time),,s11w46,focus,
Wed Aug 26 2015 21:25:29 GMT+0800 (China Standard Time),,s12w1,focus,
Wed Aug 26 2015 21:25:29 GMT+0800 (China Standard Time),,s12w2,focus,
Wed Aug 26 2015 21:25:30 GMT+0800 (China Standard Time),,s12w3,focus,
Wed Aug 26 2015 21:25:30 GMT+0800 (China Standard Time),,s12w4,focus,
Wed Aug 26 2015 21:25:30 GMT+0800 (China Standard Time),,s12w5,focus,
Wed Aug 26 2015 21:25:31 GMT+0800 (China Standard Time),,s12w6,focus,
Wed Aug 26 2015 21:25:31 GMT+0800 (China Standard Time),,s12w7,focus,
Wed Aug 26 2015 21:25:32 GMT+0800 (China Standard Time),,s12w8,focus,
Wed Aug 26 2015 21:25:36 GMT+0800 (China Standard Time),,s12w7,focus,
Wed Aug 26 2015 21:25:36 GMT+0800 (China Standard Time),,s12w7,focus,
Wed Aug 26 2015 21:25:44 GMT+0800 (China Standard Time),,s12w7,label,"^"
Wed Aug 26 2015 21:25:45 GMT+0800 (China Standard Time),,s12w8,focus,
Wed Aug 26 2015 21:25:46 GMT+0800 (China Standard Time),,s12w9,focus,
Wed Aug 26 2015 21:25:46 GMT+0800 (China Standard Time),,s12w10,focus,
Wed Aug 26 2015 21:25:46 GMT+0800 (China Standard Time),,s12w11,focus,
Wed Aug 26 2015 21:25:47 GMT+0800 (China Standard Time),,s12w12,focus,
Wed Aug 26 2015 21:25:47 GMT+0800 (China Standard Time),,s12w13,focus,
Wed Aug 26 2015 21:25:48 GMT+0800 (China Standard Time),,s12w14,focus,
Wed Aug 26 2015 21:25:48 GMT+0800 (China Standard Time),,s12w15,focus,
Wed Aug 26 2015 21:25:48 GMT+0800 (China Standard Time),,s12w16,focus,
Wed Aug 26 2015 21:25:51 GMT+0800 (China Standard Time),,s12w15,focus,
Wed Aug 26 2015 21:25:52 GMT+0800 (China Standard Time),,s12w15,focus,
Wed Aug 26 2015 21:25:55 GMT+0800 (China Standard Time),,s12w15,label,"O"
Wed Aug 26 2015 21:25:56 GMT+0800 (China Standard Time),,s12w16,focus,
Wed Aug 26 2015 21:25:57 GMT+0800 (China Standard Time),,s12w17,focus,
Wed Aug 26 2015 21:25:58 GMT+0800 (China Standard Time),,s12w18,focus,
Wed Aug 26 2015 21:25:58 GMT+0800 (China Standard Time),,s12w19,focus,
Wed Aug 26 2015 21:25:58 GMT+0800 (China Standard Time),,s12w20,focus,
Wed Aug 26 2015 21:25:58 GMT+0800 (China Standard Time),,s12w21,focus,
Wed Aug 26 2015 21:25:59 GMT+0800 (China Standard Time),,s12w22,focus,
Wed Aug 26 2015 21:25:59 GMT+0800 (China Standard Time),,s12w23,focus,
Wed Aug 26 2015 21:25:59 GMT+0800 (China Standard Time),,s12w24,focus,
Wed Aug 26 2015 21:25:59 GMT+0800 (China Standard Time),,s12w25,focus,
Wed Aug 26 2015 21:26:00 GMT+0800 (China Standard Time),,s12w26,focus,
Wed Aug 26 2015 21:26:00 GMT+0800 (China Standard Time),,s12w27,focus,
Wed Aug 26 2015 21:26:00 GMT+0800 (China Standard Time),,s12w28,focus,
Wed Aug 26 2015 21:26:00 GMT+0800 (China Standard Time),,s12w29,focus,
Wed Aug 26 2015 21:26:01 GMT+0800 (China Standard Time),,s12w30,focus,
Wed Aug 26 2015 21:26:01 GMT+0800 (China Standard Time),,s12w31,focus,
Wed Aug 26 2015 21:26:01 GMT+0800 (China Standard Time),,s12w32,focus,
Wed Aug 26 2015 21:26:01 GMT+0800 (China Standard Time),,s12w33,focus,
Wed Aug 26 2015 21:26:02 GMT+0800 (China Standard Time),,s13w1,focus,
Wed Aug 26 2015 21:26:02 GMT+0800 (China Standard Time),,s13w2,focus,
Wed Aug 26 2015 21:26:05 GMT+0800 (China Standard Time),,s13w3,focus,
Wed Aug 26 2015 21:26:09 GMT+0800 (China Standard Time),,s13w4,focus,
Wed Aug 26 2015 21:26:11 GMT+0800 (China Standard Time),,s13w2,focus,
Wed Aug 26 2015 21:26:11 GMT+0800 (China Standard Time),,s13w2,focus,
Wed Aug 26 2015 21:26:12 GMT+0800 (China Standard Time),,s13w2,label,"^"
Wed Aug 26 2015 21:26:13 GMT+0800 (China Standard Time),,s13w3,focus,
Wed Aug 26 2015 21:26:13 GMT+0800 (China Standard Time),,s13w4,focus,
Wed Aug 26 2015 21:26:13 GMT+0800 (China Standard Time),,s13w5,focus,
Wed Aug 26 2015 21:26:14 GMT+0800 (China Standard Time),,s13w6,focus,
Wed Aug 26 2015 21:26:14 GMT+0800 (China Standard Time),,s13w7,focus,
Wed Aug 26 2015 21:26:14 GMT+0800 (China Standard Time),,s13w8,focus,
Wed Aug 26 2015 21:26:14 GMT+0800 (China Standard Time),,s13w9,focus,
Wed Aug 26 2015 21:26:15 GMT+0800 (China Standard Time),,s13w10,focus,
Wed Aug 26 2015 21:26:15 GMT+0800 (China Standard Time),,s13w11,focus,
Wed Aug 26 2015 21:26:15 GMT+0800 (China Standard Time),,s13w12,focus,
Wed Aug 26 2015 21:26:15 GMT+0800 (China Standard Time),,s13w13,focus,
Wed Aug 26 2015 21:26:16 GMT+0800 (China Standard Time),,s13w14,focus,
Wed Aug 26 2015 21:26:16 GMT+0800 (China Standard Time),,s13w15,focus,
Wed Aug 26 2015 21:26:16 GMT+0800 (China Standard Time),,s13w16,focus,
Wed Aug 26 2015 21:26:16 GMT+0800 (China Standard Time),,s13w17,focus,
Wed Aug 26 2015 21:26:17 GMT+0800 (China Standard Time),,s13w18,focus,
Wed Aug 26 2015 21:26:17 GMT+0800 (China Standard Time),,s13w19,focus,
Wed Aug 26 2015 21:26:17 GMT+0800 (China Standard Time),,s13w20,focus,
Wed Aug 26 2015 21:26:17 GMT+0800 (China Standard Time),,s13w21,focus,
Wed Aug 26 2015 21:26:18 GMT+0800 (China Standard Time),,s13w22,focus,
Wed Aug 26 2015 21:26:18 GMT+0800 (China Standard Time),,s13w23,focus,
Wed Aug 26 2015 21:26:18 GMT+0800 (China Standard Time),,s13w24,focus,
Wed Aug 26 2015 21:26:18 GMT+0800 (China Standard Time),,s13w25,focus,
Wed Aug 26 2015 21:26:19 GMT+0800 (China Standard Time),,s13w26,focus,
Wed Aug 26 2015 21:26:19 GMT+0800 (China Standard Time),,s13w27,focus,
Wed Aug 26 2015 21:26:19 GMT+0800 (China Standard Time),,s13w28,focus,
Wed Aug 26 2015 21:26:19 GMT+0800 (China Standard Time),,s13w29,focus,
Wed Aug 26 2015 21:26:20 GMT+0800 (China Standard Time),,s13w30,focus,
Wed Aug 26 2015 21:26:20 GMT+0800 (China Standard Time),,s14w1,focus,
Wed Aug 26 2015 21:26:22 GMT+0800 (China Standard Time),,s14w2,focus,
Wed Aug 26 2015 21:26:22 GMT+0800 (China Standard Time),,s14w3,focus,
Wed Aug 26 2015 21:26:23 GMT+0800 (China Standard Time),,s14w4,focus,
Wed Aug 26 2015 21:26:23 GMT+0800 (China Standard Time),,s14w5,focus,
Wed Aug 26 2015 21:26:24 GMT+0800 (China Standard Time),,s14w6,focus,
Wed Aug 26 2015 21:26:24 GMT+0800 (China Standard Time),,s14w7,focus,
Wed Aug 26 2015 21:26:25 GMT+0800 (China Standard Time),,s14w8,focus,
Wed Aug 26 2015 21:26:25 GMT+0800 (China Standard Time),,s14w9,focus,
Wed Aug 26 2015 21:26:26 GMT+0800 (China Standard Time),,s14w10,focus,
Wed Aug 26 2015 21:26:26 GMT+0800 (China Standard Time),,s14w11,focus,
Wed Aug 26 2015 21:26:26 GMT+0800 (China Standard Time),,s14w12,focus,
Wed Aug 26 2015 21:26:26 GMT+0800 (China Standard Time),,s14w13,focus,
Wed Aug 26 2015 21:26:27 GMT+0800 (China Standard Time),,s14w14,focus,
Wed Aug 26 2015 21:26:27 GMT+0800 (China Standard Time),,s14w15,focus,
Wed Aug 26 2015 21:26:27 GMT+0800 (China Standard Time),,s14w16,focus,
Wed Aug 26 2015 21:26:28 GMT+0800 (China Standard Time),,s14w17,focus,
Wed Aug 26 2015 21:26:28 GMT+0800 (China Standard Time),,s14w18,focus,
Wed Aug 26 2015 21:26:28 GMT+0800 (China Standard Time),,s14w19,focus,
Wed Aug 26 2015 21:26:28 GMT+0800 (China Standard Time),,s14w20,focus,
Wed Aug 26 2015 21:26:29 GMT+0800 (China Standard Time),,s14w21,focus,
Wed Aug 26 2015 21:26:29 GMT+0800 (China Standard Time),,s14w22,focus,
Wed Aug 26 2015 21:26:29 GMT+0800 (China Standard Time),,s14w23,focus,
Wed Aug 26 2015 21:26:29 GMT+0800 (China Standard Time),,s14w24,focus,
Wed Aug 26 2015 21:26:30 GMT+0800 (China Standard Time),,s14w25,focus,
Wed Aug 26 2015 21:26:30 GMT+0800 (China Standard Time),,s14w26,focus,
Wed Aug 26 2015 21:26:30 GMT+0800 (China Standard Time),,s14w27,focus,
Wed Aug 26 2015 21:26:31 GMT+0800 (China Standard Time),,s14w28,focus,
Wed Aug 26 2015 21:26:32 GMT+0800 (China Standard Time),,s14w29,focus,
Wed Aug 26 2015 21:26:32 GMT+0800 (China Standard Time),,s14w30,focus,
Wed Aug 26 2015 21:26:32 GMT+0800 (China Standard Time),,s14w31,focus,
Wed Aug 26 2015 21:26:32 GMT+0800 (China Standard Time),,s14w32,focus,
Wed Aug 26 2015 21:26:32 GMT+0800 (China Standard Time),,s14w33,focus,
Wed Aug 26 2015 21:26:33 GMT+0800 (China Standard Time),,s14w34,focus,
Wed Aug 26 2015 21:26:33 GMT+0800 (China Standard Time),,s14w35,focus,
Wed Aug 26 2015 21:26:33 GMT+0800 (China Standard Time),,s14w36,focus,
Wed Aug 26 2015 21:26:33 GMT+0800 (China Standard Time),,s14w37,focus,
Wed Aug 26 2015 21:26:33 GMT+0800 (China Standard Time),,s14w38,focus,
Wed Aug 26 2015 21:26:33 GMT+0800 (China Standard Time),,s14w39,focus,
Wed Aug 26 2015 21:26:33 GMT+0800 (China Standard Time),,s14w40,focus,
Wed Aug 26 2015 21:26:33 GMT+0800 (China Standard Time),,s14w41,focus,
Wed Aug 26 2015 21:26:33 GMT+0800 (China Standard Time),,s14w42,focus,
Wed Aug 26 2015 21:26:33 GMT+0800 (China Standard Time),,s14w43,focus,
Wed Aug 26 2015 21:26:34 GMT+0800 (China Standard Time),,s14w44,focus,
Wed Aug 26 2015 21:26:34 GMT+0800 (China Standard Time),,s14w45,focus,
Wed Aug 26 2015 21:26:35 GMT+0800 (China Standard Time),,s14w46,focus,
Wed Aug 26 2015 21:26:35 GMT+0800 (China Standard Time),,s14w47,focus,
Wed Aug 26 2015 21:26:37 GMT+0800 (China Standard Time),,s14w46,focus,
Wed Aug 26 2015 21:26:37 GMT+0800 (China Standard Time),,s14w46,focus,
Wed Aug 26 2015 21:26:39 GMT+0800 (China Standard Time),,s14w46,label,"A"
Wed Aug 26 2015 21:26:40 GMT+0800 (China Standard Time),,s14w47,focus,
Wed Aug 26 2015 21:26:40 GMT+0800 (China Standard Time),,s14w48,focus,
Wed Aug 26 2015 21:26:41 GMT+0800 (China Standard Time),,s14w49,focus,
Wed Aug 26 2015 21:26:41 GMT+0800 (China Standard Time),,s14w50,focus,
Wed Aug 26 2015 21:26:41 GMT+0800 (China Standard Time),,s14w51,focus,
Wed Aug 26 2015 21:26:41 GMT+0800 (China Standard Time),,s14w52,focus,
Wed Aug 26 2015 21:26:42 GMT+0800 (China Standard Time),,s14w53,focus,
Wed Aug 26 2015 21:26:45 GMT+0800 (China Standard Time),,s14w53,label,"D"
Wed Aug 26 2015 21:26:46 GMT+0800 (China Standard Time),,s14w54,focus,
Wed Aug 26 2015 21:26:47 GMT+0800 (China Standard Time),,s14w55,focus,
Wed Aug 26 2015 21:26:48 GMT+0800 (China Standard Time),,s14w56,focus,
Wed Aug 26 2015 21:26:48 GMT+0800 (China Standard Time),,s14w57,focus,
Wed Aug 26 2015 21:26:49 GMT+0800 (China Standard Time),,s14w58,focus,
Wed Aug 26 2015 21:26:49 GMT+0800 (China Standard Time),,s14w59,focus,
Wed Aug 26 2015 21:26:50 GMT+0800 (China Standard Time),,s14w60,focus,
Wed Aug 26 2015 21:26:50 GMT+0800 (China Standard Time),,s14w61,focus,
Wed Aug 26 2015 21:26:50 GMT+0800 (China Standard Time),,s14w62,focus,
Wed Aug 26 2015 21:26:51 GMT+0800 (China Standard Time),,s14w63,focus,
Wed Aug 26 2015 21:26:51 GMT+0800 (China Standard Time),,s14w64,focus,
Wed Aug 26 2015 21:26:51 GMT+0800 (China Standard Time),,s14w65,focus,
Wed Aug 26 2015 21:26:52 GMT+0800 (China Standard Time),,s14w66,focus,
Wed Aug 26 2015 21:26:52 GMT+0800 (China Standard Time),,s14w67,focus,
Wed Aug 26 2015 21:26:52 GMT+0800 (China Standard Time),,s14w68,focus,
Wed Aug 26 2015 21:26:53 GMT+0800 (China Standard Time),,s14w69,focus,
Wed Aug 26 2015 21:26:53 GMT+0800 (China Standard Time),,s14w70,focus,
Wed Aug 26 2015 21:26:54 GMT+0800 (China Standard Time),,s14w71,focus,
Wed Aug 26 2015 21:26:54 GMT+0800 (China Standard Time),,s14w72,focus,
Wed Aug 26 2015 21:26:54 GMT+0800 (China Standard Time),,s14w73,focus,
Wed Aug 26 2015 21:26:55 GMT+0800 (China Standard Time),,s14w74,focus,
Wed Aug 26 2015 21:26:56 GMT+0800 (China Standard Time),,s14w75,focus,
Wed Aug 26 2015 21:26:56 GMT+0800 (China Standard Time),,s14w76,focus,
Wed Aug 26 2015 21:26:56 GMT+0800 (China Standard Time),,s14w77,focus,
Wed Aug 26 2015 21:26:56 GMT+0800 (China Standard Time),,s14w78,focus,
Wed Aug 26 2015 21:26:57 GMT+0800 (China Standard Time),,s14w79,focus,
Wed Aug 26 2015 21:26:58 GMT+0800 (China Standard Time),,s14w80,focus,
Wed Aug 26 2015 21:26:58 GMT+0800 (China Standard Time),,s14w81,focus,
Wed Aug 26 2015 21:26:58 GMT+0800 (China Standard Time),,s14w82,focus,
Wed Aug 26 2015 21:26:59 GMT+0800 (China Standard Time),,s14w83,focus,
Wed Aug 26 2015 21:26:59 GMT+0800 (China Standard Time),,s14w84,focus,
Wed Aug 26 2015 21:26:59 GMT+0800 (China Standard Time),,s14w85,focus,
Wed Aug 26 2015 21:26:59 GMT+0800 (China Standard Time),,s14w86,focus,
Wed Aug 26 2015 21:27:00 GMT+0800 (China Standard Time),,s14w87,focus,
Wed Aug 26 2015 21:27:00 GMT+0800 (China Standard Time),,s14w88,focus,
Wed Aug 26 2015 21:27:01 GMT+0800 (China Standard Time),,s14w89,focus,
Wed Aug 26 2015 21:27:01 GMT+0800 (China Standard Time),,s14w90,focus,
Wed Aug 26 2015 21:27:01 GMT+0800 (China Standard Time),,s14w91,focus,
Wed Aug 26 2015 21:27:01 GMT+0800 (China Standard Time),,s14w92,focus,
Wed Aug 26 2015 21:27:02 GMT+0800 (China Standard Time),,s14w93,focus,
Wed Aug 26 2015 21:27:02 GMT+0800 (China Standard Time),,s14w94,focus,
Wed Aug 26 2015 21:27:02 GMT+0800 (China Standard Time),,s14w95,focus,
Wed Aug 26 2015 21:27:02 GMT+0800 (China Standard Time),,s14w96,focus,
Wed Aug 26 2015 21:27:03 GMT+0800 (China Standard Time),,s14w97,focus,
Wed Aug 26 2015 21:27:03 GMT+0800 (China Standard Time),,s14w98,focus,
Wed Aug 26 2015 21:27:06 GMT+0800 (China Standard Time),,s14w98,label,"^"
Wed Aug 26 2015 21:27:07 GMT+0800 (China Standard Time),,s14w99,focus,
Wed Aug 26 2015 21:27:08 GMT+0800 (China Standard Time),,s14w100,focus,
Wed Aug 26 2015 21:27:08 GMT+0800 (China Standard Time),,s14w101,focus,
Wed Aug 26 2015 21:27:08 GMT+0800 (China Standard Time),,s14w102,focus,
Wed Aug 26 2015 21:27:09 GMT+0800 (China Standard Time),,s14w103,focus,
Wed Aug 26 2015 21:27:09 GMT+0800 (China Standard Time),,s14w104,focus,
Wed Aug 26 2015 21:27:09 GMT+0800 (China Standard Time),,s14w105,focus,
Wed Aug 26 2015 21:27:09 GMT+0800 (China Standard Time),,s14w106,focus,
Wed Aug 26 2015 21:27:10 GMT+0800 (China Standard Time),,s14w107,focus,
Wed Aug 26 2015 21:27:10 GMT+0800 (China Standard Time),,s14w108,focus,
Wed Aug 26 2015 21:27:10 GMT+0800 (China Standard Time),,s14w109,focus,
Wed Aug 26 2015 21:27:10 GMT+0800 (China Standard Time),,s14w110,focus,
Wed Aug 26 2015 21:27:11 GMT+0800 (China Standard Time),,s14w111,focus,
Wed Aug 26 2015 21:27:11 GMT+0800 (China Standard Time),,s14w112,focus,
Wed Aug 26 2015 21:27:11 GMT+0800 (China Standard Time),,s14w113,focus,
Wed Aug 26 2015 21:27:12 GMT+0800 (China Standard Time),,s14w114,focus,
Wed Aug 26 2015 21:27:12 GMT+0800 (China Standard Time),,s14w115,focus,
Wed Aug 26 2015 21:27:12 GMT+0800 (China Standard Time),,s14w116,focus,
Wed Aug 26 2015 21:27:12 GMT+0800 (China Standard Time),,s14w117,focus,
Wed Aug 26 2015 21:27:13 GMT+0800 (China Standard Time),,s14w118,focus,
Wed Aug 26 2015 21:27:14 GMT+0800 (China Standard Time),,s14w119,focus,
Wed Aug 26 2015 21:27:14 GMT+0800 (China Standard Time),,s14w120,focus,
Wed Aug 26 2015 21:27:14 GMT+0800 (China Standard Time),,s14w121,focus,
Wed Aug 26 2015 21:27:15 GMT+0800 (China Standard Time),,s14w122,focus,
Wed Aug 26 2015 21:27:15 GMT+0800 (China Standard Time),,s14w123,focus,
Wed Aug 26 2015 21:27:15 GMT+0800 (China Standard Time),,s14w124,focus,
Wed Aug 26 2015 21:27:16 GMT+0800 (China Standard Time),,s14w125,focus,
Wed Aug 26 2015 21:27:16 GMT+0800 (China Standard Time),,s14w126,focus,
Wed Aug 26 2015 21:27:17 GMT+0800 (China Standard Time),,s14w127,focus,
Wed Aug 26 2015 21:27:17 GMT+0800 (China Standard Time),,s14w128,focus,
Wed Aug 26 2015 21:27:17 GMT+0800 (China Standard Time),,s14w129,focus,
Wed Aug 26 2015 21:27:18 GMT+0800 (China Standard Time),,s14w130,focus,
Wed Aug 26 2015 21:27:18 GMT+0800 (China Standard Time),,s14w131,focus,
Wed Aug 26 2015 21:27:18 GMT+0800 (China Standard Time),,s14w132,focus,
Wed Aug 26 2015 21:27:19 GMT+0800 (China Standard Time),,s14w133,focus,
Wed Aug 26 2015 21:27:19 GMT+0800 (China Standard Time),,s14w134,focus,
Wed Aug 26 2015 21:27:19 GMT+0800 (China Standard Time),,s14w135,focus,
Wed Aug 26 2015 21:27:19 GMT+0800 (China Standard Time),,s14w136,focus,
Wed Aug 26 2015 21:27:20 GMT+0800 (China Standard Time),,s14w137,focus,
Wed Aug 26 2015 21:27:20 GMT+0800 (China Standard Time),,s14w138,focus,
Wed Aug 26 2015 21:27:20 GMT+0800 (China Standard Time),,s14w139,focus,
Wed Aug 26 2015 21:27:20 GMT+0800 (China Standard Time),,s14w140,focus,
Wed Aug 26 2015 21:27:21 GMT+0800 (China Standard Time),,s14w141,focus,
Wed Aug 26 2015 21:27:21 GMT+0800 (China Standard Time),,s14w142,focus,
Wed Aug 26 2015 21:27:22 GMT+0800 (China Standard Time),,s14w143,focus,
Wed Aug 26 2015 21:27:22 GMT+0800 (China Standard Time),,s14w144,focus,
Wed Aug 26 2015 21:27:22 GMT+0800 (China Standard Time),,s14w145,focus,
Wed Aug 26 2015 21:27:23 GMT+0800 (China Standard Time),,s14w146,focus,
Wed Aug 26 2015 21:27:23 GMT+0800 (China Standard Time),,s14w147,focus,
Wed Aug 26 2015 21:27:23 GMT+0800 (China Standard Time),,s14w148,focus,
Wed Aug 26 2015 21:27:23 GMT+0800 (China Standard Time),,s14w149,focus,
Wed Aug 26 2015 21:27:24 GMT+0800 (China Standard Time),,s14w150,focus,
Wed Aug 26 2015 21:27:24 GMT+0800 (China Standard Time),,s14w151,focus,
Wed Aug 26 2015 21:27:24 GMT+0800 (China Standard Time),,s14w152,focus,
Wed Aug 26 2015 21:27:25 GMT+0800 (China Standard Time),,s14w153,focus,
Wed Aug 26 2015 21:27:25 GMT+0800 (China Standard Time),,s14w154,focus,
Wed Aug 26 2015 21:27:26 GMT+0800 (China Standard Time),,s14w155,focus,
Wed Aug 26 2015 21:27:26 GMT+0800 (China Standard Time),,s14w156,focus,
Wed Aug 26 2015 21:27:26 GMT+0800 (China Standard Time),,s14w157,focus,
Wed Aug 26 2015 21:27:27 GMT+0800 (China Standard Time),,s14w158,focus,
Wed Aug 26 2015 21:27:27 GMT+0800 (China Standard Time),,s14w159,focus,
Wed Aug 26 2015 21:27:28 GMT+0800 (China Standard Time),,s14w160,focus,
Wed Aug 26 2015 21:27:29 GMT+0800 (China Standard Time),,s14w161,focus,
Wed Aug 26 2015 21:27:29 GMT+0800 (China Standard Time),,s14w162,focus,
Wed Aug 26 2015 21:27:29 GMT+0800 (China Standard Time),,s14w163,focus,
Wed Aug 26 2015 21:27:30 GMT+0800 (China Standard Time),,s14w164,focus,
Wed Aug 26 2015 21:27:30 GMT+0800 (China Standard Time),,s14w165,focus,
Wed Aug 26 2015 21:27:30 GMT+0800 (China Standard Time),,s14w166,focus,
Wed Aug 26 2015 21:27:30 GMT+0800 (China Standard Time),,s14w167,focus,
Wed Aug 26 2015 21:27:30 GMT+0800 (China Standard Time),,s14w168,focus,
Wed Aug 26 2015 21:27:30 GMT+0800 (China Standard Time),,s14w169,focus,
Wed Aug 26 2015 21:27:30 GMT+0800 (China Standard Time),,s14w170,focus,
Wed Aug 26 2015 21:27:30 GMT+0800 (China Standard Time),,s14w171,focus,
Wed Aug 26 2015 21:27:30 GMT+0800 (China Standard Time),,s14w172,focus,
Wed Aug 26 2015 21:27:31 GMT+0800 (China Standard Time),,s15w1,focus,
Wed Aug 26 2015 21:27:31 GMT+0800 (China Standard Time),,s15w2,focus,
Wed Aug 26 2015 21:27:31 GMT+0800 (China Standard Time),,s15w3,focus,
Wed Aug 26 2015 21:27:34 GMT+0800 (China Standard Time),,s15w1,focus,
Wed Aug 26 2015 21:27:34 GMT+0800 (China Standard Time),,s15w1,focus,
Wed Aug 26 2015 21:27:37 GMT+0800 (China Standard Time),,s15w1,label,"N"
Wed Aug 26 2015 21:27:37 GMT+0800 (China Standard Time),,s15w2,focus,
Wed Aug 26 2015 21:27:38 GMT+0800 (China Standard Time),,s15w3,focus,
Wed Aug 26 2015 21:27:39 GMT+0800 (China Standard Time),,s15w4,focus,
Wed Aug 26 2015 21:27:40 GMT+0800 (China Standard Time),,s15w5,focus,
Wed Aug 26 2015 21:27:41 GMT+0800 (China Standard Time),,s15w5,label,"^"
Wed Aug 26 2015 21:27:42 GMT+0800 (China Standard Time),,s15w6,focus,
Wed Aug 26 2015 21:27:43 GMT+0800 (China Standard Time),,s15w7,focus,
Wed Aug 26 2015 21:27:43 GMT+0800 (China Standard Time),,s15w8,focus,
Wed Aug 26 2015 21:27:43 GMT+0800 (China Standard Time),,s15w9,focus,
Wed Aug 26 2015 21:27:44 GMT+0800 (China Standard Time),,s15w10,focus,
Wed Aug 26 2015 21:27:51 GMT+0800 (China Standard Time),,,submitPage,
