Wed Aug 26 2015 20:57:04 GMT+0800 (China Standard Time),,,pageReady,0:100:100
Wed Aug 26 2015 20:57:04 GMT+0800 (China Standard Time),,s0,twitterId,421419
Wed Aug 26 2015 20:57:04 GMT+0800 (China Standard Time),,s1,twitterId,421419
Wed Aug 26 2015 20:57:04 GMT+0800 (China Standard Time),,s2,twitterId,421419
Wed Aug 26 2015 20:57:04 GMT+0800 (China Standard Time),,s3,twitterId,421419
Wed Aug 26 2015 20:57:04 GMT+0800 (China Standard Time),,s4,twitterId,421419
Wed Aug 26 2015 20:57:04 GMT+0800 (China Standard Time),,s5,twitterId,421419
Wed Aug 26 2015 20:57:04 GMT+0800 (China Standard Time),,s6,twitterId,421419
Wed Aug 26 2015 20:57:04 GMT+0800 (China Standard Time),,s7,twitterId,421419
Wed Aug 26 2015 20:57:04 GMT+0800 (China Standard Time),,s8,twitterId,421419
Wed Aug 26 2015 20:57:04 GMT+0800 (China Standard Time),,s9,twitterId,421419
Wed Aug 26 2015 20:57:04 GMT+0800 (China Standard Time),,s10,twitterId,421419
Wed Aug 26 2015 20:57:04 GMT+0800 (China Standard Time),,s11,twitterId,421419
Wed Aug 26 2015 20:57:04 GMT+0800 (China Standard Time),,s12,twitterId,421419
Wed Aug 26 2015 20:57:04 GMT+0800 (China Standard Time),,s13,twitterId,421419
Wed Aug 26 2015 20:57:04 GMT+0800 (China Standard Time),,s14,twitterId,421419
Wed Aug 26 2015 20:57:04 GMT+0800 (China Standard Time),,s15,twitterId,421419
Wed Aug 26 2015 20:57:04 GMT+0800 (China Standard Time),,s16,twitterId,421419
Wed Aug 26 2015 20:57:04 GMT+0800 (China Standard Time),,s17,twitterId,421419
Wed Aug 26 2015 20:57:04 GMT+0800 (China Standard Time),,s18,twitterId,421419
Wed Aug 26 2015 20:57:04 GMT+0800 (China Standard Time),,s19,twitterId,421419
Wed Aug 26 2015 20:57:04 GMT+0800 (China Standard Time),,s20,twitterId,421419
Wed Aug 26 2015 20:57:04 GMT+0800 (China Standard Time),,s21,twitterId,421419
Wed Aug 26 2015 21:00:30 GMT+0800 (China Standard Time),,s0w1,focus,
Wed Aug 26 2015 21:00:30 GMT+0800 (China Standard Time),,s0w1,focus,
Wed Aug 26 2015 21:00:32 GMT+0800 (China Standard Time),,s0w2,focus,
Wed Aug 26 2015 21:00:33 GMT+0800 (China Standard Time),,s0w3,focus,
Wed Aug 26 2015 21:00:33 GMT+0800 (China Standard Time),,s0w4,focus,
Wed Aug 26 2015 21:00:34 GMT+0800 (China Standard Time),,s0w5,focus,
Wed Aug 26 2015 21:00:34 GMT+0800 (China Standard Time),,s0w6,focus,
Wed Aug 26 2015 21:00:35 GMT+0800 (China Standard Time),,s0w7,focus,
Wed Aug 26 2015 21:00:35 GMT+0800 (China Standard Time),,s0w8,focus,
Wed Aug 26 2015 21:00:35 GMT+0800 (China Standard Time),,s1w1,focus,
Wed Aug 26 2015 21:00:36 GMT+0800 (China Standard Time),,s1w2,focus,
Wed Aug 26 2015 21:00:36 GMT+0800 (China Standard Time),,s1w3,focus,
Wed Aug 26 2015 21:00:36 GMT+0800 (China Standard Time),,s1w4,focus,
Wed Aug 26 2015 21:00:36 GMT+0800 (China Standard Time),,s1w5,focus,
Wed Aug 26 2015 21:00:38 GMT+0800 (China Standard Time),,s1w4,focus,
Wed Aug 26 2015 21:00:38 GMT+0800 (China Standard Time),,s1w4,focus,
Wed Aug 26 2015 21:00:39 GMT+0800 (China Standard Time),,s1w4,label,"^"
Wed Aug 26 2015 21:00:43 GMT+0800 (China Standard Time),,s1w5,focus,
Wed Aug 26 2015 21:00:43 GMT+0800 (China Standard Time),,s1w6,focus,
Wed Aug 26 2015 21:00:44 GMT+0800 (China Standard Time),,s1w7,focus,
Wed Aug 26 2015 21:00:46 GMT+0800 (China Standard Time),,s1w7,label,"N"
Wed Aug 26 2015 21:00:47 GMT+0800 (China Standard Time),,s1w8,focus,
Wed Aug 26 2015 21:00:47 GMT+0800 (China Standard Time),,s1w9,focus,
Wed Aug 26 2015 21:00:51 GMT+0800 (China Standard Time),,s1w10,focus,
Wed Aug 26 2015 21:00:51 GMT+0800 (China Standard Time),,s1w11,focus,
Wed Aug 26 2015 21:00:52 GMT+0800 (China Standard Time),,s1w12,focus,
Wed Aug 26 2015 21:00:52 GMT+0800 (China Standard Time),,s1w13,focus,
Wed Aug 26 2015 21:00:52 GMT+0800 (China Standard Time),,s1w14,focus,
Wed Aug 26 2015 21:00:53 GMT+0800 (China Standard Time),,s1w15,focus,
Wed Aug 26 2015 21:00:53 GMT+0800 (China Standard Time),,s1w16,focus,
Wed Aug 26 2015 21:00:54 GMT+0800 (China Standard Time),,s1w17,focus,
Wed Aug 26 2015 21:00:54 GMT+0800 (China Standard Time),,s1w18,focus,
Wed Aug 26 2015 21:00:54 GMT+0800 (China Standard Time),,s1w19,focus,
Wed Aug 26 2015 21:00:55 GMT+0800 (China Standard Time),,s1w20,focus,
Wed Aug 26 2015 21:00:55 GMT+0800 (China Standard Time),,s1w21,focus,
Wed Aug 26 2015 21:00:55 GMT+0800 (China Standard Time),,s1w22,focus,
Wed Aug 26 2015 21:00:55 GMT+0800 (China Standard Time),,s1w23,focus,
Wed Aug 26 2015 21:00:56 GMT+0800 (China Standard Time),,s1w24,focus,
Wed Aug 26 2015 21:00:56 GMT+0800 (China Standard Time),,s1w25,focus,
Wed Aug 26 2015 21:00:57 GMT+0800 (China Standard Time),,s1w26,focus,
Wed Aug 26 2015 21:00:57 GMT+0800 (China Standard Time),,s1w27,focus,
Wed Aug 26 2015 21:00:57 GMT+0800 (China Standard Time),,s1w28,focus,
Wed Aug 26 2015 21:00:58 GMT+0800 (China Standard Time),,s1w29,focus,
Wed Aug 26 2015 21:00:58 GMT+0800 (China Standard Time),,s1w30,focus,
Wed Aug 26 2015 21:00:58 GMT+0800 (China Standard Time),,s1w31,focus,
Wed Aug 26 2015 21:00:59 GMT+0800 (China Standard Time),,s1w32,focus,
Wed Aug 26 2015 21:00:59 GMT+0800 (China Standard Time),,s1w33,focus,
Wed Aug 26 2015 21:00:59 GMT+0800 (China Standard Time),,s2w1,focus,
Wed Aug 26 2015 21:01:00 GMT+0800 (China Standard Time),,s2w2,focus,
Wed Aug 26 2015 21:01:01 GMT+0800 (China Standard Time),,s2w3,focus,
Wed Aug 26 2015 21:01:01 GMT+0800 (China Standard Time),,s2w4,focus,
Wed Aug 26 2015 21:01:01 GMT+0800 (China Standard Time),,s2w5,focus,
Wed Aug 26 2015 21:01:02 GMT+0800 (China Standard Time),,s2w6,focus,
Wed Aug 26 2015 21:01:02 GMT+0800 (China Standard Time),,s2w7,focus,
Wed Aug 26 2015 21:01:05 GMT+0800 (China Standard Time),,s2w8,focus,
Wed Aug 26 2015 21:01:05 GMT+0800 (China Standard Time),,s2w9,focus,
Wed Aug 26 2015 21:01:05 GMT+0800 (China Standard Time),,s2w10,focus,
Wed Aug 26 2015 21:01:06 GMT+0800 (China Standard Time),,s2w11,focus,
Wed Aug 26 2015 21:01:06 GMT+0800 (China Standard Time),,s2w12,focus,
Wed Aug 26 2015 21:01:06 GMT+0800 (China Standard Time),,s2w13,focus,
Wed Aug 26 2015 21:01:06 GMT+0800 (China Standard Time),,s2w14,focus,
Wed Aug 26 2015 21:01:07 GMT+0800 (China Standard Time),,s2w15,focus,
Wed Aug 26 2015 21:01:07 GMT+0800 (China Standard Time),,s2w16,focus,
Wed Aug 26 2015 21:01:08 GMT+0800 (China Standard Time),,s2w17,focus,
Wed Aug 26 2015 21:01:08 GMT+0800 (China Standard Time),,s2w18,focus,
Wed Aug 26 2015 21:01:09 GMT+0800 (China Standard Time),,s2w19,focus,
Wed Aug 26 2015 21:01:09 GMT+0800 (China Standard Time),,s2w20,focus,
Wed Aug 26 2015 21:01:09 GMT+0800 (China Standard Time),,s2w21,focus,
Wed Aug 26 2015 21:01:10 GMT+0800 (China Standard Time),,s2w22,focus,
Wed Aug 26 2015 21:01:10 GMT+0800 (China Standard Time),,s2w23,focus,
Wed Aug 26 2015 21:01:10 GMT+0800 (China Standard Time),,s2w24,focus,
Wed Aug 26 2015 21:01:11 GMT+0800 (China Standard Time),,s2w25,focus,
Wed Aug 26 2015 21:01:11 GMT+0800 (China Standard Time),,s2w26,focus,
Wed Aug 26 2015 21:01:11 GMT+0800 (China Standard Time),,s2w27,focus,
Wed Aug 26 2015 21:01:11 GMT+0800 (China Standard Time),,s2w28,focus,
Wed Aug 26 2015 21:01:12 GMT+0800 (China Standard Time),,s2w29,focus,
Wed Aug 26 2015 21:01:12 GMT+0800 (China Standard Time),,s2w30,focus,
Wed Aug 26 2015 21:01:12 GMT+0800 (China Standard Time),,s2w31,focus,
Wed Aug 26 2015 21:01:12 GMT+0800 (China Standard Time),,s2w32,focus,
Wed Aug 26 2015 21:01:13 GMT+0800 (China Standard Time),,s2w33,focus,
Wed Aug 26 2015 21:01:13 GMT+0800 (China Standard Time),,s2w34,focus,
Wed Aug 26 2015 21:01:13 GMT+0800 (China Standard Time),,s2w35,focus,
Wed Aug 26 2015 21:01:14 GMT+0800 (China Standard Time),,s2w36,focus,
Wed Aug 26 2015 21:01:15 GMT+0800 (China Standard Time),,s2w37,focus,
Wed Aug 26 2015 21:01:15 GMT+0800 (China Standard Time),,s2w38,focus,
Wed Aug 26 2015 21:01:15 GMT+0800 (China Standard Time),,s2w39,focus,
Wed Aug 26 2015 21:01:16 GMT+0800 (China Standard Time),,s2w40,focus,
Wed Aug 26 2015 21:01:17 GMT+0800 (China Standard Time),,s2w41,focus,
Wed Aug 26 2015 21:01:17 GMT+0800 (China Standard Time),,s2w42,focus,
Wed Aug 26 2015 21:01:19 GMT+0800 (China Standard Time),,s3w1,focus,
Wed Aug 26 2015 21:01:20 GMT+0800 (China Standard Time),,s3w2,focus,
Wed Aug 26 2015 21:01:31 GMT+0800 (China Standard Time),,s3w2,label,","
Wed Aug 26 2015 21:01:31 GMT+0800 (China Standard Time),,s3w3,focus,
Wed Aug 26 2015 21:01:32 GMT+0800 (China Standard Time),,s3w4,focus,
Wed Aug 26 2015 21:01:32 GMT+0800 (China Standard Time),,s3w5,focus,
Wed Aug 26 2015 21:01:32 GMT+0800 (China Standard Time),,s3w6,focus,
Wed Aug 26 2015 21:01:33 GMT+0800 (China Standard Time),,s3w7,focus,
Wed Aug 26 2015 21:01:33 GMT+0800 (China Standard Time),,s3w8,focus,
Wed Aug 26 2015 21:01:33 GMT+0800 (China Standard Time),,s3w9,focus,
Wed Aug 26 2015 21:01:34 GMT+0800 (China Standard Time),,s3w10,focus,
Wed Aug 26 2015 21:01:34 GMT+0800 (China Standard Time),,s3w11,focus,
Wed Aug 26 2015 21:01:34 GMT+0800 (China Standard Time),,s3w12,focus,
Wed Aug 26 2015 21:01:35 GMT+0800 (China Standard Time),,s3w13,focus,
Wed Aug 26 2015 21:01:35 GMT+0800 (China Standard Time),,s3w14,focus,
Wed Aug 26 2015 21:01:36 GMT+0800 (China Standard Time),,s3w15,focus,
Wed Aug 26 2015 21:01:36 GMT+0800 (China Standard Time),,s3w16,focus,
Wed Aug 26 2015 21:01:36 GMT+0800 (China Standard Time),,s3w17,focus,
Wed Aug 26 2015 21:01:37 GMT+0800 (China Standard Time),,s3w18,focus,
Wed Aug 26 2015 21:01:37 GMT+0800 (China Standard Time),,s3w19,focus,
Wed Aug 26 2015 21:01:37 GMT+0800 (China Standard Time),,s3w20,focus,
Wed Aug 26 2015 21:01:38 GMT+0800 (China Standard Time),,s3w21,focus,
Wed Aug 26 2015 21:01:38 GMT+0800 (China Standard Time),,s3w22,focus,
Wed Aug 26 2015 21:01:38 GMT+0800 (China Standard Time),,s3w23,focus,
Wed Aug 26 2015 21:01:38 GMT+0800 (China Standard Time),,s3w24,focus,
Wed Aug 26 2015 21:01:39 GMT+0800 (China Standard Time),,s3w25,focus,
Wed Aug 26 2015 21:01:39 GMT+0800 (China Standard Time),,s3w26,focus,
Wed Aug 26 2015 21:01:39 GMT+0800 (China Standard Time),,s3w27,focus,
Wed Aug 26 2015 21:01:40 GMT+0800 (China Standard Time),,s3w28,focus,
Wed Aug 26 2015 21:01:40 GMT+0800 (China Standard Time),,s3w29,focus,
Wed Aug 26 2015 21:01:40 GMT+0800 (China Standard Time),,s3w30,focus,
Wed Aug 26 2015 21:01:40 GMT+0800 (China Standard Time),,s3w31,focus,
Wed Aug 26 2015 21:01:41 GMT+0800 (China Standard Time),,s3w32,focus,
Wed Aug 26 2015 21:01:41 GMT+0800 (China Standard Time),,s4w1,focus,
Wed Aug 26 2015 21:01:42 GMT+0800 (China Standard Time),,s4w2,focus,
Wed Aug 26 2015 21:01:43 GMT+0800 (China Standard Time),,s4w3,focus,
Wed Aug 26 2015 21:01:44 GMT+0800 (China Standard Time),,s4w4,focus,
Wed Aug 26 2015 21:01:45 GMT+0800 (China Standard Time),,s4w5,focus,
Wed Aug 26 2015 21:01:45 GMT+0800 (China Standard Time),,s4w6,focus,
Wed Aug 26 2015 21:01:46 GMT+0800 (China Standard Time),,s4w7,focus,
Wed Aug 26 2015 21:01:46 GMT+0800 (China Standard Time),,s4w8,focus,
Wed Aug 26 2015 21:01:47 GMT+0800 (China Standard Time),,s4w9,focus,
Wed Aug 26 2015 21:01:53 GMT+0800 (China Standard Time),,s4w10,focus,
Wed Aug 26 2015 21:01:53 GMT+0800 (China Standard Time),,s4w11,focus,
Wed Aug 26 2015 21:01:54 GMT+0800 (China Standard Time),,s4w12,focus,
Wed Aug 26 2015 21:01:54 GMT+0800 (China Standard Time),,s4w13,focus,
Wed Aug 26 2015 21:01:55 GMT+0800 (China Standard Time),,s4w14,focus,
Wed Aug 26 2015 21:01:55 GMT+0800 (China Standard Time),,s4w15,focus,
Wed Aug 26 2015 21:01:56 GMT+0800 (China Standard Time),,s4w16,focus,
Wed Aug 26 2015 21:02:08 GMT+0800 (China Standard Time),,s4w17,focus,
Wed Aug 26 2015 21:02:10 GMT+0800 (China Standard Time),,s4w18,focus,
Wed Aug 26 2015 21:02:20 GMT+0800 (China Standard Time),,s4w18,label,"$"
Wed Aug 26 2015 21:02:21 GMT+0800 (China Standard Time),,s4w19,focus,
Wed Aug 26 2015 21:02:22 GMT+0800 (China Standard Time),,s4w20,focus,
Wed Aug 26 2015 21:02:25 GMT+0800 (China Standard Time),,s4w20,label,"$"
Wed Aug 26 2015 21:02:26 GMT+0800 (China Standard Time),,s4w21,focus,
Wed Aug 26 2015 21:02:27 GMT+0800 (China Standard Time),,s4w22,focus,
Wed Aug 26 2015 21:02:28 GMT+0800 (China Standard Time),,s4w23,focus,
Wed Aug 26 2015 21:02:29 GMT+0800 (China Standard Time),,s4w24,focus,
Wed Aug 26 2015 21:02:31 GMT+0800 (China Standard Time),,s4w25,focus,
Wed Aug 26 2015 21:02:31 GMT+0800 (China Standard Time),,s4w26,focus,
Wed Aug 26 2015 21:02:32 GMT+0800 (China Standard Time),,s4w27,focus,
Wed Aug 26 2015 21:02:32 GMT+0800 (China Standard Time),,s4w28,focus,
Wed Aug 26 2015 21:02:33 GMT+0800 (China Standard Time),,s5w1,focus,
Wed Aug 26 2015 21:02:33 GMT+0800 (China Standard Time),,s5w2,focus,
Wed Aug 26 2015 21:02:33 GMT+0800 (China Standard Time),,s5w3,focus,
Wed Aug 26 2015 21:02:34 GMT+0800 (China Standard Time),,s5w4,focus,
Wed Aug 26 2015 21:02:34 GMT+0800 (China Standard Time),,s5w5,focus,
Wed Aug 26 2015 21:02:34 GMT+0800 (China Standard Time),,s5w6,focus,
Wed Aug 26 2015 21:02:34 GMT+0800 (China Standard Time),,s5w7,focus,
Wed Aug 26 2015 21:02:38 GMT+0800 (China Standard Time),,s5w7,label,"$"
Wed Aug 26 2015 21:02:39 GMT+0800 (China Standard Time),,s5w8,focus,
Wed Aug 26 2015 21:02:40 GMT+0800 (China Standard Time),,s5w9,focus,
Wed Aug 26 2015 21:02:40 GMT+0800 (China Standard Time),,s5w10,focus,
Wed Aug 26 2015 21:02:41 GMT+0800 (China Standard Time),,s5w11,focus,
Wed Aug 26 2015 21:02:41 GMT+0800 (China Standard Time),,s5w12,focus,
Wed Aug 26 2015 21:02:42 GMT+0800 (China Standard Time),,s5w13,focus,
Wed Aug 26 2015 21:02:42 GMT+0800 (China Standard Time),,s5w14,focus,
Wed Aug 26 2015 21:02:43 GMT+0800 (China Standard Time),,s5w15,focus,
Wed Aug 26 2015 21:02:44 GMT+0800 (China Standard Time),,s5w16,focus,
Wed Aug 26 2015 21:02:44 GMT+0800 (China Standard Time),,s5w17,focus,
Wed Aug 26 2015 21:02:44 GMT+0800 (China Standard Time),,s5w18,focus,
Wed Aug 26 2015 21:02:45 GMT+0800 (China Standard Time),,s5w19,focus,
Wed Aug 26 2015 21:02:45 GMT+0800 (China Standard Time),,s5w20,focus,
Wed Aug 26 2015 21:02:45 GMT+0800 (China Standard Time),,s5w21,focus,
Wed Aug 26 2015 21:02:46 GMT+0800 (China Standard Time),,s5w22,focus,
Wed Aug 26 2015 21:02:46 GMT+0800 (China Standard Time),,s5w23,focus,
Wed Aug 26 2015 21:02:46 GMT+0800 (China Standard Time),,s5w24,focus,
Wed Aug 26 2015 21:02:47 GMT+0800 (China Standard Time),,s5w25,focus,
Wed Aug 26 2015 21:02:47 GMT+0800 (China Standard Time),,s5w26,focus,
Wed Aug 26 2015 21:02:47 GMT+0800 (China Standard Time),,s5w27,focus,
Wed Aug 26 2015 21:02:48 GMT+0800 (China Standard Time),,s5w28,focus,
Wed Aug 26 2015 21:02:49 GMT+0800 (China Standard Time),,s5w29,focus,
Wed Aug 26 2015 21:02:49 GMT+0800 (China Standard Time),,s5w30,focus,
Wed Aug 26 2015 21:02:50 GMT+0800 (China Standard Time),,s5w31,focus,
Wed Aug 26 2015 21:02:50 GMT+0800 (China Standard Time),,s5w32,focus,
Wed Aug 26 2015 21:02:51 GMT+0800 (China Standard Time),,s5w33,focus,
Wed Aug 26 2015 21:02:51 GMT+0800 (China Standard Time),,s5w34,focus,
Wed Aug 26 2015 21:02:51 GMT+0800 (China Standard Time),,s5w35,focus,
Wed Aug 26 2015 21:02:52 GMT+0800 (China Standard Time),,s5w36,focus,
Wed Aug 26 2015 21:02:52 GMT+0800 (China Standard Time),,s5w37,focus,
Wed Aug 26 2015 21:02:53 GMT+0800 (China Standard Time),,s5w38,focus,
Wed Aug 26 2015 21:02:53 GMT+0800 (China Standard Time),,s5w39,focus,
Wed Aug 26 2015 21:02:53 GMT+0800 (China Standard Time),,s5w40,focus,
Wed Aug 26 2015 21:02:53 GMT+0800 (China Standard Time),,s5w41,focus,
Wed Aug 26 2015 21:02:54 GMT+0800 (China Standard Time),,s5w42,focus,
Wed Aug 26 2015 21:02:54 GMT+0800 (China Standard Time),,s5w43,focus,
Wed Aug 26 2015 21:02:54 GMT+0800 (China Standard Time),,s5w44,focus,
Wed Aug 26 2015 21:02:55 GMT+0800 (China Standard Time),,s5w45,focus,
Wed Aug 26 2015 21:02:55 GMT+0800 (China Standard Time),,s5w46,focus,
Wed Aug 26 2015 21:02:55 GMT+0800 (China Standard Time),,s5w47,focus,
Wed Aug 26 2015 21:02:57 GMT+0800 (China Standard Time),,s5w46,focus,
Wed Aug 26 2015 21:02:57 GMT+0800 (China Standard Time),,s5w46,focus,
Wed Aug 26 2015 21:02:58 GMT+0800 (China Standard Time),,s5w46,label,"^"
Wed Aug 26 2015 21:02:58 GMT+0800 (China Standard Time),,s5w47,focus,
Wed Aug 26 2015 21:02:59 GMT+0800 (China Standard Time),,s5w48,focus,
Wed Aug 26 2015 21:02:59 GMT+0800 (China Standard Time),,s5w49,focus,
Wed Aug 26 2015 21:03:02 GMT+0800 (China Standard Time),,s6w1,focus,
Wed Aug 26 2015 21:03:03 GMT+0800 (China Standard Time),,s6w2,focus,
Wed Aug 26 2015 21:03:03 GMT+0800 (China Standard Time),,s6w3,focus,
Wed Aug 26 2015 21:03:04 GMT+0800 (China Standard Time),,s6w4,focus,
Wed Aug 26 2015 21:03:05 GMT+0800 (China Standard Time),,s6w5,focus,
Wed Aug 26 2015 21:03:05 GMT+0800 (China Standard Time),,s7w1,focus,
Wed Aug 26 2015 21:03:06 GMT+0800 (China Standard Time),,s7w2,focus,
Wed Aug 26 2015 21:03:11 GMT+0800 (China Standard Time),,s7w2,label,","
Wed Aug 26 2015 21:03:12 GMT+0800 (China Standard Time),,s7w3,focus,
Wed Aug 26 2015 21:03:14 GMT+0800 (China Standard Time),,s7w3,label,"N"
Wed Aug 26 2015 21:03:16 GMT+0800 (China Standard Time),,s7w4,focus,
Wed Aug 26 2015 21:03:18 GMT+0800 (China Standard Time),,s7w5,focus,
Wed Aug 26 2015 21:03:19 GMT+0800 (China Standard Time),,s7w6,focus,
Wed Aug 26 2015 21:03:19 GMT+0800 (China Standard Time),,s7w7,focus,
Wed Aug 26 2015 21:03:19 GMT+0800 (China Standard Time),,s7w8,focus,
Wed Aug 26 2015 21:03:19 GMT+0800 (China Standard Time),,s7w9,focus,
Wed Aug 26 2015 21:03:20 GMT+0800 (China Standard Time),,s7w10,focus,
Wed Aug 26 2015 21:03:21 GMT+0800 (China Standard Time),,s7w11,focus,
Wed Aug 26 2015 21:03:22 GMT+0800 (China Standard Time),,s7w12,focus,
Wed Aug 26 2015 21:03:22 GMT+0800 (China Standard Time),,s7w13,focus,
Wed Aug 26 2015 21:03:22 GMT+0800 (China Standard Time),,s7w14,focus,
Wed Aug 26 2015 21:03:23 GMT+0800 (China Standard Time),,s7w15,focus,
Wed Aug 26 2015 21:03:23 GMT+0800 (China Standard Time),,s7w16,focus,
Wed Aug 26 2015 21:03:25 GMT+0800 (China Standard Time),,s7w16,label,"R"
Wed Aug 26 2015 21:03:28 GMT+0800 (China Standard Time),,s7w17,focus,
Wed Aug 26 2015 21:03:29 GMT+0800 (China Standard Time),,s7w18,focus,
Wed Aug 26 2015 21:03:30 GMT+0800 (China Standard Time),,s7w19,focus,
Wed Aug 26 2015 21:03:31 GMT+0800 (China Standard Time),,s7w19,label,"^"
Wed Aug 26 2015 21:03:32 GMT+0800 (China Standard Time),,s7w20,focus,
Wed Aug 26 2015 21:03:33 GMT+0800 (China Standard Time),,s7w21,focus,
Wed Aug 26 2015 21:03:33 GMT+0800 (China Standard Time),,s7w22,focus,
Wed Aug 26 2015 21:03:34 GMT+0800 (China Standard Time),,s7w23,focus,
Wed Aug 26 2015 21:03:34 GMT+0800 (China Standard Time),,s7w24,focus,
Wed Aug 26 2015 21:03:35 GMT+0800 (China Standard Time),,s7w25,focus,
Wed Aug 26 2015 21:03:36 GMT+0800 (China Standard Time),,s7w26,focus,
Wed Aug 26 2015 21:03:38 GMT+0800 (China Standard Time),,s7w27,focus,
Wed Aug 26 2015 21:03:39 GMT+0800 (China Standard Time),,s7w28,focus,
Wed Aug 26 2015 21:03:39 GMT+0800 (China Standard Time),,s7w29,focus,
Wed Aug 26 2015 21:03:40 GMT+0800 (China Standard Time),,s7w30,focus,
Wed Aug 26 2015 21:03:40 GMT+0800 (China Standard Time),,s7w31,focus,
Wed Aug 26 2015 21:03:41 GMT+0800 (China Standard Time),,s7w32,focus,
Wed Aug 26 2015 21:03:44 GMT+0800 (China Standard Time),,s7w33,focus,
Wed Aug 26 2015 21:03:44 GMT+0800 (China Standard Time),,s7w34,focus,
Wed Aug 26 2015 21:03:45 GMT+0800 (China Standard Time),,s7w35,focus,
Wed Aug 26 2015 21:03:45 GMT+0800 (China Standard Time),,s7w36,focus,
Wed Aug 26 2015 21:03:45 GMT+0800 (China Standard Time),,s7w37,focus,
Wed Aug 26 2015 21:03:45 GMT+0800 (China Standard Time),,s7w38,focus,
Wed Aug 26 2015 21:03:46 GMT+0800 (China Standard Time),,s7w39,focus,
Wed Aug 26 2015 21:03:47 GMT+0800 (China Standard Time),,s7w40,focus,
Wed Aug 26 2015 21:03:48 GMT+0800 (China Standard Time),,s7w41,focus,
Wed Aug 26 2015 21:03:48 GMT+0800 (China Standard Time),,s7w42,focus,
Wed Aug 26 2015 21:03:49 GMT+0800 (China Standard Time),,s7w43,focus,
Wed Aug 26 2015 21:03:49 GMT+0800 (China Standard Time),,s7w44,focus,
Wed Aug 26 2015 21:03:50 GMT+0800 (China Standard Time),,s7w45,focus,
Wed Aug 26 2015 21:03:51 GMT+0800 (China Standard Time),,s7w46,focus,
Wed Aug 26 2015 21:03:51 GMT+0800 (China Standard Time),,s7w47,focus,
Wed Aug 26 2015 21:03:52 GMT+0800 (China Standard Time),,s7w48,focus,
Wed Aug 26 2015 21:03:53 GMT+0800 (China Standard Time),,s7w49,focus,
Wed Aug 26 2015 21:03:53 GMT+0800 (China Standard Time),,s7w50,focus,
Wed Aug 26 2015 21:03:54 GMT+0800 (China Standard Time),,s8w1,focus,
Wed Aug 26 2015 21:03:55 GMT+0800 (China Standard Time),,s8w2,focus,
Wed Aug 26 2015 21:03:56 GMT+0800 (China Standard Time),,s8w3,focus,
Wed Aug 26 2015 21:04:01 GMT+0800 (China Standard Time),,s8w3,label,"N"
Wed Aug 26 2015 21:04:02 GMT+0800 (China Standard Time),,s8w4,focus,
Wed Aug 26 2015 21:04:07 GMT+0800 (China Standard Time),,s8w5,focus,
Wed Aug 26 2015 21:04:08 GMT+0800 (China Standard Time),,s8w6,focus,
Wed Aug 26 2015 21:04:08 GMT+0800 (China Standard Time),,s8w7,focus,
Wed Aug 26 2015 21:04:09 GMT+0800 (China Standard Time),,s8w8,focus,
Wed Aug 26 2015 21:04:09 GMT+0800 (China Standard Time),,s8w9,focus,
Wed Aug 26 2015 21:04:11 GMT+0800 (China Standard Time),,s8w10,focus,
Wed Aug 26 2015 21:04:12 GMT+0800 (China Standard Time),,s8w9,focus,
Wed Aug 26 2015 21:04:13 GMT+0800 (China Standard Time),,s8w9,focus,
Wed Aug 26 2015 21:04:13 GMT+0800 (China Standard Time),,s8w9,label,"N"
Wed Aug 26 2015 21:04:15 GMT+0800 (China Standard Time),,s8w10,focus,
Wed Aug 26 2015 21:04:15 GMT+0800 (China Standard Time),,s8w10,focus,
Wed Aug 26 2015 21:04:17 GMT+0800 (China Standard Time),,s8w10,label,"^"
Wed Aug 26 2015 21:04:18 GMT+0800 (China Standard Time),,s8w11,focus,
Wed Aug 26 2015 21:04:19 GMT+0800 (China Standard Time),,s8w12,focus,
Wed Aug 26 2015 21:04:20 GMT+0800 (China Standard Time),,s8w13,focus,
Wed Aug 26 2015 21:04:21 GMT+0800 (China Standard Time),,s8w14,focus,
Wed Aug 26 2015 21:04:21 GMT+0800 (China Standard Time),,s8w15,focus,
Wed Aug 26 2015 21:04:21 GMT+0800 (China Standard Time),,s8w16,focus,
Wed Aug 26 2015 21:04:21 GMT+0800 (China Standard Time),,s8w17,focus,
Wed Aug 26 2015 21:04:22 GMT+0800 (China Standard Time),,s8w18,focus,
Wed Aug 26 2015 21:04:22 GMT+0800 (China Standard Time),,s8w19,focus,
Wed Aug 26 2015 21:04:22 GMT+0800 (China Standard Time),,s8w20,focus,
Wed Aug 26 2015 21:04:23 GMT+0800 (China Standard Time),,s9w1,focus,
Wed Aug 26 2015 21:04:24 GMT+0800 (China Standard Time),,s9w2,focus,
Wed Aug 26 2015 21:04:24 GMT+0800 (China Standard Time),,s9w3,focus,
Wed Aug 26 2015 21:04:25 GMT+0800 (China Standard Time),,s9w4,focus,
Wed Aug 26 2015 21:04:25 GMT+0800 (China Standard Time),,s9w5,focus,
Wed Aug 26 2015 21:04:25 GMT+0800 (China Standard Time),,s9w6,focus,
Wed Aug 26 2015 21:04:26 GMT+0800 (China Standard Time),,s9w7,focus,
Wed Aug 26 2015 21:04:26 GMT+0800 (China Standard Time),,s9w8,focus,
Wed Aug 26 2015 21:04:26 GMT+0800 (China Standard Time),,s9w9,focus,
Wed Aug 26 2015 21:04:27 GMT+0800 (China Standard Time),,s9w10,focus,
Wed Aug 26 2015 21:04:27 GMT+0800 (China Standard Time),,s9w11,focus,
Wed Aug 26 2015 21:04:27 GMT+0800 (China Standard Time),,s9w12,focus,
Wed Aug 26 2015 21:04:28 GMT+0800 (China Standard Time),,s9w13,focus,
Wed Aug 26 2015 21:04:28 GMT+0800 (China Standard Time),,s9w14,focus,
Wed Aug 26 2015 21:04:28 GMT+0800 (China Standard Time),,s9w15,focus,
Wed Aug 26 2015 21:04:28 GMT+0800 (China Standard Time),,s9w16,focus,
Wed Aug 26 2015 21:04:29 GMT+0800 (China Standard Time),,s9w17,focus,
Wed Aug 26 2015 21:04:29 GMT+0800 (China Standard Time),,s9w18,focus,
Wed Aug 26 2015 21:04:29 GMT+0800 (China Standard Time),,s9w19,focus,
Wed Aug 26 2015 21:04:30 GMT+0800 (China Standard Time),,s9w20,focus,
Wed Aug 26 2015 21:04:30 GMT+0800 (China Standard Time),,s9w21,focus,
Wed Aug 26 2015 21:04:30 GMT+0800 (China Standard Time),,s9w22,focus,
Wed Aug 26 2015 21:04:30 GMT+0800 (China Standard Time),,s9w23,focus,
Wed Aug 26 2015 21:04:31 GMT+0800 (China Standard Time),,s9w24,focus,
Wed Aug 26 2015 21:04:31 GMT+0800 (China Standard Time),,s9w25,focus,
Wed Aug 26 2015 21:04:31 GMT+0800 (China Standard Time),,s9w26,focus,
Wed Aug 26 2015 21:04:32 GMT+0800 (China Standard Time),,s9w27,focus,
Wed Aug 26 2015 21:04:32 GMT+0800 (China Standard Time),,s9w28,focus,
Wed Aug 26 2015 21:04:32 GMT+0800 (China Standard Time),,s9w29,focus,
Wed Aug 26 2015 21:04:33 GMT+0800 (China Standard Time),,s9w30,focus,
Wed Aug 26 2015 21:04:33 GMT+0800 (China Standard Time),,s9w31,focus,
Wed Aug 26 2015 21:04:33 GMT+0800 (China Standard Time),,s9w32,focus,
Wed Aug 26 2015 21:04:33 GMT+0800 (China Standard Time),,s9w33,focus,
Wed Aug 26 2015 21:04:34 GMT+0800 (China Standard Time),,s9w34,focus,
Wed Aug 26 2015 21:04:34 GMT+0800 (China Standard Time),,s9w35,focus,
Wed Aug 26 2015 21:04:34 GMT+0800 (China Standard Time),,s9w36,focus,
Wed Aug 26 2015 21:04:34 GMT+0800 (China Standard Time),,s9w37,focus,
Wed Aug 26 2015 21:04:35 GMT+0800 (China Standard Time),,s9w38,focus,
Wed Aug 26 2015 21:04:35 GMT+0800 (China Standard Time),,s9w39,focus,
Wed Aug 26 2015 21:04:36 GMT+0800 (China Standard Time),,s9w40,focus,
Wed Aug 26 2015 21:04:37 GMT+0800 (China Standard Time),,s9w41,focus,
Wed Aug 26 2015 21:04:38 GMT+0800 (China Standard Time),,s9w42,focus,
Wed Aug 26 2015 21:04:38 GMT+0800 (China Standard Time),,s9w43,focus,
Wed Aug 26 2015 21:04:38 GMT+0800 (China Standard Time),,s9w44,focus,
Wed Aug 26 2015 21:04:39 GMT+0800 (China Standard Time),,s9w45,focus,
Wed Aug 26 2015 21:04:39 GMT+0800 (China Standard Time),,s9w46,focus,
Wed Aug 26 2015 21:04:39 GMT+0800 (China Standard Time),,s9w47,focus,
Wed Aug 26 2015 21:04:39 GMT+0800 (China Standard Time),,s9w48,focus,
Wed Aug 26 2015 21:04:40 GMT+0800 (China Standard Time),,s9w49,focus,
Wed Aug 26 2015 21:04:40 GMT+0800 (China Standard Time),,s9w50,focus,
Wed Aug 26 2015 21:04:40 GMT+0800 (China Standard Time),,s9w51,focus,
Wed Aug 26 2015 21:04:40 GMT+0800 (China Standard Time),,s9w52,focus,
Wed Aug 26 2015 21:04:41 GMT+0800 (China Standard Time),,s9w53,focus,
Wed Aug 26 2015 21:04:41 GMT+0800 (China Standard Time),,s9w54,focus,
Wed Aug 26 2015 21:04:41 GMT+0800 (China Standard Time),,s9w55,focus,
Wed Aug 26 2015 21:04:41 GMT+0800 (China Standard Time),,s9w56,focus,
Wed Aug 26 2015 21:04:42 GMT+0800 (China Standard Time),,s9w57,focus,
Wed Aug 26 2015 21:04:42 GMT+0800 (China Standard Time),,s9w58,focus,
Wed Aug 26 2015 21:04:43 GMT+0800 (China Standard Time),,s9w59,focus,
Wed Aug 26 2015 21:04:44 GMT+0800 (China Standard Time),,s9w60,focus,
Wed Aug 26 2015 21:04:44 GMT+0800 (China Standard Time),,s9w61,focus,
Wed Aug 26 2015 21:04:44 GMT+0800 (China Standard Time),,s9w62,focus,
Wed Aug 26 2015 21:04:45 GMT+0800 (China Standard Time),,s9w63,focus,
Wed Aug 26 2015 21:04:45 GMT+0800 (China Standard Time),,s9w64,focus,
Wed Aug 26 2015 21:04:46 GMT+0800 (China Standard Time),,s9w65,focus,
Wed Aug 26 2015 21:04:46 GMT+0800 (China Standard Time),,s9w66,focus,
Wed Aug 26 2015 21:04:46 GMT+0800 (China Standard Time),,s9w67,focus,
Wed Aug 26 2015 21:04:47 GMT+0800 (China Standard Time),,s9w68,focus,
Wed Aug 26 2015 21:04:47 GMT+0800 (China Standard Time),,s9w69,focus,
Wed Aug 26 2015 21:04:48 GMT+0800 (China Standard Time),,s9w70,focus,
Wed Aug 26 2015 21:04:53 GMT+0800 (China Standard Time),,s9w70,label,"X"
Wed Aug 26 2015 21:04:53 GMT+0800 (China Standard Time),,s9w71,focus,
Wed Aug 26 2015 21:04:54 GMT+0800 (China Standard Time),,s9w72,focus,
Wed Aug 26 2015 21:04:56 GMT+0800 (China Standard Time),,s9w73,focus,
Wed Aug 26 2015 21:04:56 GMT+0800 (China Standard Time),,s9w74,focus,
Wed Aug 26 2015 21:04:57 GMT+0800 (China Standard Time),,s9w75,focus,
Wed Aug 26 2015 21:04:58 GMT+0800 (China Standard Time),,s9w76,focus,
Wed Aug 26 2015 21:05:00 GMT+0800 (China Standard Time),,s9w77,focus,
Wed Aug 26 2015 21:05:01 GMT+0800 (China Standard Time),,s9w78,focus,
Wed Aug 26 2015 21:05:07 GMT+0800 (China Standard Time),,s9w78,label,"X"
Wed Aug 26 2015 21:05:08 GMT+0800 (China Standard Time),,s9w79,focus,
Wed Aug 26 2015 21:05:08 GMT+0800 (China Standard Time),,s9w80,focus,
Wed Aug 26 2015 21:05:09 GMT+0800 (China Standard Time),,s9w81,focus,
Wed Aug 26 2015 21:05:09 GMT+0800 (China Standard Time),,s9w82,focus,
Wed Aug 26 2015 21:05:09 GMT+0800 (China Standard Time),,s9w83,focus,
Wed Aug 26 2015 21:05:10 GMT+0800 (China Standard Time),,s9w84,focus,
Wed Aug 26 2015 21:05:10 GMT+0800 (China Standard Time),,s9w85,focus,
Wed Aug 26 2015 21:05:10 GMT+0800 (China Standard Time),,s9w86,focus,
Wed Aug 26 2015 21:05:10 GMT+0800 (China Standard Time),,s9w87,focus,
Wed Aug 26 2015 21:05:11 GMT+0800 (China Standard Time),,s9w88,focus,
Wed Aug 26 2015 21:05:12 GMT+0800 (China Standard Time),,s9w89,focus,
Wed Aug 26 2015 21:05:13 GMT+0800 (China Standard Time),,s10w1,focus,
Wed Aug 26 2015 21:05:13 GMT+0800 (China Standard Time),,s10w2,focus,
Wed Aug 26 2015 21:05:13 GMT+0800 (China Standard Time),,s10w3,focus,
Wed Aug 26 2015 21:05:13 GMT+0800 (China Standard Time),,s10w4,focus,
Wed Aug 26 2015 21:05:14 GMT+0800 (China Standard Time),,s10w5,focus,
Wed Aug 26 2015 21:05:14 GMT+0800 (China Standard Time),,s10w6,focus,
Wed Aug 26 2015 21:05:14 GMT+0800 (China Standard Time),,s10w7,focus,
Wed Aug 26 2015 21:05:15 GMT+0800 (China Standard Time),,s10w8,focus,
Wed Aug 26 2015 21:05:15 GMT+0800 (China Standard Time),,s10w9,focus,
Wed Aug 26 2015 21:05:15 GMT+0800 (China Standard Time),,s10w10,focus,
Wed Aug 26 2015 21:05:16 GMT+0800 (China Standard Time),,s10w11,focus,
Wed Aug 26 2015 21:05:16 GMT+0800 (China Standard Time),,s10w12,focus,
Wed Aug 26 2015 21:05:16 GMT+0800 (China Standard Time),,s11w1,focus,
Wed Aug 26 2015 21:05:16 GMT+0800 (China Standard Time),,s11w2,focus,
Wed Aug 26 2015 21:05:17 GMT+0800 (China Standard Time),,s11w3,focus,
Wed Aug 26 2015 21:05:17 GMT+0800 (China Standard Time),,s11w4,focus,
Wed Aug 26 2015 21:05:18 GMT+0800 (China Standard Time),,s11w5,focus,
Wed Aug 26 2015 21:05:18 GMT+0800 (China Standard Time),,s11w6,focus,
Wed Aug 26 2015 21:05:19 GMT+0800 (China Standard Time),,s11w7,focus,
Wed Aug 26 2015 21:05:20 GMT+0800 (China Standard Time),,s11w7,label,"^"
Wed Aug 26 2015 21:05:20 GMT+0800 (China Standard Time),,s11w8,focus,
Wed Aug 26 2015 21:05:21 GMT+0800 (China Standard Time),,s11w9,focus,
Wed Aug 26 2015 21:05:21 GMT+0800 (China Standard Time),,s11w10,focus,
Wed Aug 26 2015 21:05:22 GMT+0800 (China Standard Time),,s11w11,focus,
Wed Aug 26 2015 21:05:23 GMT+0800 (China Standard Time),,s11w12,focus,
Wed Aug 26 2015 21:05:23 GMT+0800 (China Standard Time),,s11w13,focus,
Wed Aug 26 2015 21:05:23 GMT+0800 (China Standard Time),,s11w14,focus,
Wed Aug 26 2015 21:05:24 GMT+0800 (China Standard Time),,s11w15,focus,
Wed Aug 26 2015 21:05:24 GMT+0800 (China Standard Time),,s11w16,focus,
Wed Aug 26 2015 21:05:29 GMT+0800 (China Standard Time),,s11w16,label,"G"
Wed Aug 26 2015 21:05:29 GMT+0800 (China Standard Time),,s11w17,focus,
Wed Aug 26 2015 21:05:30 GMT+0800 (China Standard Time),,s11w18,focus,
Wed Aug 26 2015 21:05:31 GMT+0800 (China Standard Time),,s11w19,focus,
Wed Aug 26 2015 21:05:32 GMT+0800 (China Standard Time),,s11w20,focus,
Wed Aug 26 2015 21:05:33 GMT+0800 (China Standard Time),,s11w21,focus,
Wed Aug 26 2015 21:05:33 GMT+0800 (China Standard Time),,s11w22,focus,
Wed Aug 26 2015 21:05:33 GMT+0800 (China Standard Time),,s11w23,focus,
Wed Aug 26 2015 21:05:33 GMT+0800 (China Standard Time),,s11w24,focus,
Wed Aug 26 2015 21:05:34 GMT+0800 (China Standard Time),,s11w25,focus,
Wed Aug 26 2015 21:05:34 GMT+0800 (China Standard Time),,s11w26,focus,
Wed Aug 26 2015 21:05:34 GMT+0800 (China Standard Time),,s11w27,focus,
Wed Aug 26 2015 21:05:34 GMT+0800 (China Standard Time),,s11w28,focus,
Wed Aug 26 2015 21:05:35 GMT+0800 (China Standard Time),,s11w29,focus,
Wed Aug 26 2015 21:05:35 GMT+0800 (China Standard Time),,s11w30,focus,
Wed Aug 26 2015 21:05:35 GMT+0800 (China Standard Time),,s11w31,focus,
Wed Aug 26 2015 21:05:36 GMT+0800 (China Standard Time),,s11w32,focus,
Wed Aug 26 2015 21:05:36 GMT+0800 (China Standard Time),,s11w33,focus,
Wed Aug 26 2015 21:05:36 GMT+0800 (China Standard Time),,s11w34,focus,
Wed Aug 26 2015 21:05:36 GMT+0800 (China Standard Time),,s11w35,focus,
Wed Aug 26 2015 21:05:37 GMT+0800 (China Standard Time),,s11w36,focus,
Wed Aug 26 2015 21:05:37 GMT+0800 (China Standard Time),,s11w37,focus,
Wed Aug 26 2015 21:05:37 GMT+0800 (China Standard Time),,s11w38,focus,
Wed Aug 26 2015 21:05:37 GMT+0800 (China Standard Time),,s11w39,focus,
Wed Aug 26 2015 21:05:38 GMT+0800 (China Standard Time),,s11w40,focus,
Wed Aug 26 2015 21:05:38 GMT+0800 (China Standard Time),,s11w41,focus,
Wed Aug 26 2015 21:05:38 GMT+0800 (China Standard Time),,s11w42,focus,
Wed Aug 26 2015 21:05:38 GMT+0800 (China Standard Time),,s11w43,focus,
Wed Aug 26 2015 21:05:39 GMT+0800 (China Standard Time),,s11w44,focus,
Wed Aug 26 2015 21:05:39 GMT+0800 (China Standard Time),,s11w45,focus,
Wed Aug 26 2015 21:05:39 GMT+0800 (China Standard Time),,s11w46,focus,
Wed Aug 26 2015 21:05:40 GMT+0800 (China Standard Time),,s11w47,focus,
Wed Aug 26 2015 21:05:40 GMT+0800 (China Standard Time),,s11w48,focus,
Wed Aug 26 2015 21:05:40 GMT+0800 (China Standard Time),,s11w49,focus,
Wed Aug 26 2015 21:05:40 GMT+0800 (China Standard Time),,s11w50,focus,
Wed Aug 26 2015 21:05:41 GMT+0800 (China Standard Time),,s11w51,focus,
Wed Aug 26 2015 21:05:41 GMT+0800 (China Standard Time),,s11w52,focus,
Wed Aug 26 2015 21:05:41 GMT+0800 (China Standard Time),,s11w53,focus,
Wed Aug 26 2015 21:05:42 GMT+0800 (China Standard Time),,s11w54,focus,
Wed Aug 26 2015 21:05:44 GMT+0800 (China Standard Time),,s11w55,focus,
Wed Aug 26 2015 21:05:44 GMT+0800 (China Standard Time),,s11w56,focus,
Wed Aug 26 2015 21:05:44 GMT+0800 (China Standard Time),,s11w57,focus,
Wed Aug 26 2015 21:05:44 GMT+0800 (China Standard Time),,s11w58,focus,
Wed Aug 26 2015 21:05:45 GMT+0800 (China Standard Time),,s11w59,focus,
Wed Aug 26 2015 21:05:45 GMT+0800 (China Standard Time),,s11w60,focus,
Wed Aug 26 2015 21:05:46 GMT+0800 (China Standard Time),,s11w61,focus,
Wed Aug 26 2015 21:05:46 GMT+0800 (China Standard Time),,s12w1,focus,
Wed Aug 26 2015 21:05:47 GMT+0800 (China Standard Time),,s12w2,focus,
Wed Aug 26 2015 21:05:47 GMT+0800 (China Standard Time),,s12w3,focus,
Wed Aug 26 2015 21:05:48 GMT+0800 (China Standard Time),,s12w4,focus,
Wed Aug 26 2015 21:05:48 GMT+0800 (China Standard Time),,s12w5,focus,
Wed Aug 26 2015 21:05:49 GMT+0800 (China Standard Time),,s12w6,focus,
Wed Aug 26 2015 21:05:49 GMT+0800 (China Standard Time),,s12w7,focus,
Wed Aug 26 2015 21:05:50 GMT+0800 (China Standard Time),,s12w8,focus,
Wed Aug 26 2015 21:05:51 GMT+0800 (China Standard Time),,s12w9,focus,
Wed Aug 26 2015 21:05:51 GMT+0800 (China Standard Time),,s12w10,focus,
Wed Aug 26 2015 21:05:52 GMT+0800 (China Standard Time),,s12w11,focus,
Wed Aug 26 2015 21:05:52 GMT+0800 (China Standard Time),,s13w1,focus,
Wed Aug 26 2015 21:05:53 GMT+0800 (China Standard Time),,s13w2,focus,
Wed Aug 26 2015 21:05:54 GMT+0800 (China Standard Time),,s13w1,focus,
Wed Aug 26 2015 21:05:54 GMT+0800 (China Standard Time),,s13w1,focus,
Wed Aug 26 2015 21:05:55 GMT+0800 (China Standard Time),,s13w1,label,"^"
Wed Aug 26 2015 21:05:56 GMT+0800 (China Standard Time),,s13w2,focus,
Wed Aug 26 2015 21:05:56 GMT+0800 (China Standard Time),,s13w3,focus,
Wed Aug 26 2015 21:05:57 GMT+0800 (China Standard Time),,s13w4,focus,
Wed Aug 26 2015 21:05:58 GMT+0800 (China Standard Time),,s13w5,focus,
Wed Aug 26 2015 21:05:58 GMT+0800 (China Standard Time),,s13w6,focus,
Wed Aug 26 2015 21:05:59 GMT+0800 (China Standard Time),,s13w6,label,"^"
Wed Aug 26 2015 21:06:00 GMT+0800 (China Standard Time),,s13w7,focus,
Wed Aug 26 2015 21:06:00 GMT+0800 (China Standard Time),,s13w8,focus,
Wed Aug 26 2015 21:06:01 GMT+0800 (China Standard Time),,s13w9,focus,
Wed Aug 26 2015 21:06:01 GMT+0800 (China Standard Time),,s13w10,focus,
Wed Aug 26 2015 21:06:02 GMT+0800 (China Standard Time),,s13w11,focus,
Wed Aug 26 2015 21:06:02 GMT+0800 (China Standard Time),,s13w12,focus,
Wed Aug 26 2015 21:06:03 GMT+0800 (China Standard Time),,s14w1,focus,
Wed Aug 26 2015 21:06:04 GMT+0800 (China Standard Time),,s14w2,focus,
Wed Aug 26 2015 21:06:04 GMT+0800 (China Standard Time),,s14w3,focus,
Wed Aug 26 2015 21:06:04 GMT+0800 (China Standard Time),,s14w4,focus,
Wed Aug 26 2015 21:06:04 GMT+0800 (China Standard Time),,s14w5,focus,
Wed Aug 26 2015 21:06:05 GMT+0800 (China Standard Time),,s14w6,focus,
Wed Aug 26 2015 21:06:05 GMT+0800 (China Standard Time),,s14w7,focus,
Wed Aug 26 2015 21:06:06 GMT+0800 (China Standard Time),,s14w7,label,"^"
Wed Aug 26 2015 21:06:06 GMT+0800 (China Standard Time),,s14w8,focus,
Wed Aug 26 2015 21:06:07 GMT+0800 (China Standard Time),,s14w9,focus,
Wed Aug 26 2015 21:06:07 GMT+0800 (China Standard Time),,s14w10,focus,
Wed Aug 26 2015 21:06:07 GMT+0800 (China Standard Time),,s14w11,focus,
Wed Aug 26 2015 21:06:08 GMT+0800 (China Standard Time),,s14w12,focus,
Wed Aug 26 2015 21:06:08 GMT+0800 (China Standard Time),,s14w13,focus,
Wed Aug 26 2015 21:06:09 GMT+0800 (China Standard Time),,s14w14,focus,
Wed Aug 26 2015 21:06:10 GMT+0800 (China Standard Time),,s14w15,focus,
Wed Aug 26 2015 21:06:11 GMT+0800 (China Standard Time),,s14w16,focus,
Wed Aug 26 2015 21:06:11 GMT+0800 (China Standard Time),,s14w17,focus,
Wed Aug 26 2015 21:06:12 GMT+0800 (China Standard Time),,s14w18,focus,
Wed Aug 26 2015 21:06:12 GMT+0800 (China Standard Time),,s14w19,focus,
Wed Aug 26 2015 21:06:13 GMT+0800 (China Standard Time),,s14w20,focus,
Wed Aug 26 2015 21:06:14 GMT+0800 (China Standard Time),,s14w21,focus,
Wed Aug 26 2015 21:06:14 GMT+0800 (China Standard Time),,s14w22,focus,
Wed Aug 26 2015 21:06:15 GMT+0800 (China Standard Time),,s14w23,focus,
Wed Aug 26 2015 21:06:15 GMT+0800 (China Standard Time),,s14w24,focus,
Wed Aug 26 2015 21:06:15 GMT+0800 (China Standard Time),,s14w25,focus,
Wed Aug 26 2015 21:06:16 GMT+0800 (China Standard Time),,s14w26,focus,
Wed Aug 26 2015 21:06:16 GMT+0800 (China Standard Time),,s14w27,focus,
Wed Aug 26 2015 21:06:16 GMT+0800 (China Standard Time),,s14w28,focus,
Wed Aug 26 2015 21:06:17 GMT+0800 (China Standard Time),,s14w29,focus,
Wed Aug 26 2015 21:06:17 GMT+0800 (China Standard Time),,s14w30,focus,
Wed Aug 26 2015 21:06:17 GMT+0800 (China Standard Time),,s14w31,focus,
Wed Aug 26 2015 21:06:17 GMT+0800 (China Standard Time),,s14w32,focus,
Wed Aug 26 2015 21:06:18 GMT+0800 (China Standard Time),,s14w33,focus,
Wed Aug 26 2015 21:06:18 GMT+0800 (China Standard Time),,s14w34,focus,
Wed Aug 26 2015 21:06:18 GMT+0800 (China Standard Time),,s14w35,focus,
Wed Aug 26 2015 21:06:18 GMT+0800 (China Standard Time),,s14w36,focus,
Wed Aug 26 2015 21:06:19 GMT+0800 (China Standard Time),,s14w37,focus,
Wed Aug 26 2015 21:06:19 GMT+0800 (China Standard Time),,s14w38,focus,
Wed Aug 26 2015 21:06:20 GMT+0800 (China Standard Time),,s14w39,focus,
Wed Aug 26 2015 21:06:20 GMT+0800 (China Standard Time),,s14w40,focus,
Wed Aug 26 2015 21:06:20 GMT+0800 (China Standard Time),,s14w41,focus,
Wed Aug 26 2015 21:06:20 GMT+0800 (China Standard Time),,s14w42,focus,
Wed Aug 26 2015 21:06:21 GMT+0800 (China Standard Time),,s14w43,focus,
Wed Aug 26 2015 21:06:21 GMT+0800 (China Standard Time),,s14w44,focus,
Wed Aug 26 2015 21:06:21 GMT+0800 (China Standard Time),,s14w45,focus,
Wed Aug 26 2015 21:06:21 GMT+0800 (China Standard Time),,s14w46,focus,
Wed Aug 26 2015 21:06:22 GMT+0800 (China Standard Time),,s14w47,focus,
Wed Aug 26 2015 21:06:23 GMT+0800 (China Standard Time),,s14w48,focus,
Wed Aug 26 2015 21:06:23 GMT+0800 (China Standard Time),,s14w49,focus,
Wed Aug 26 2015 21:06:23 GMT+0800 (China Standard Time),,s14w50,focus,
Wed Aug 26 2015 21:06:23 GMT+0800 (China Standard Time),,s14w51,focus,
Wed Aug 26 2015 21:06:24 GMT+0800 (China Standard Time),,s14w52,focus,
Wed Aug 26 2015 21:06:24 GMT+0800 (China Standard Time),,s14w53,focus,
Wed Aug 26 2015 21:06:24 GMT+0800 (China Standard Time),,s14w54,focus,
Wed Aug 26 2015 21:06:25 GMT+0800 (China Standard Time),,s14w55,focus,
Wed Aug 26 2015 21:06:25 GMT+0800 (China Standard Time),,s14w56,focus,
Wed Aug 26 2015 21:06:25 GMT+0800 (China Standard Time),,s14w57,focus,
Wed Aug 26 2015 21:06:25 GMT+0800 (China Standard Time),,s14w58,focus,
Wed Aug 26 2015 21:06:26 GMT+0800 (China Standard Time),,s14w59,focus,
Wed Aug 26 2015 21:06:26 GMT+0800 (China Standard Time),,s14w60,focus,
Wed Aug 26 2015 21:06:26 GMT+0800 (China Standard Time),,s14w61,focus,
Wed Aug 26 2015 21:06:27 GMT+0800 (China Standard Time),,s14w62,focus,
Wed Aug 26 2015 21:06:27 GMT+0800 (China Standard Time),,s14w63,focus,
Wed Aug 26 2015 21:06:27 GMT+0800 (China Standard Time),,s14w64,focus,
Wed Aug 26 2015 21:06:28 GMT+0800 (China Standard Time),,s14w65,focus,
Wed Aug 26 2015 21:06:29 GMT+0800 (China Standard Time),,s14w66,focus,
Wed Aug 26 2015 21:06:29 GMT+0800 (China Standard Time),,s15w1,focus,
Wed Aug 26 2015 21:06:29 GMT+0800 (China Standard Time),,s15w2,focus,
Wed Aug 26 2015 21:06:30 GMT+0800 (China Standard Time),,s15w3,focus,
Wed Aug 26 2015 21:06:30 GMT+0800 (China Standard Time),,s15w4,focus,
Wed Aug 26 2015 21:06:30 GMT+0800 (China Standard Time),,s15w5,focus,
Wed Aug 26 2015 21:06:31 GMT+0800 (China Standard Time),,s15w6,focus,
Wed Aug 26 2015 21:06:31 GMT+0800 (China Standard Time),,s15w7,focus,
Wed Aug 26 2015 21:06:31 GMT+0800 (China Standard Time),,s15w8,focus,
Wed Aug 26 2015 21:06:31 GMT+0800 (China Standard Time),,s15w9,focus,
Wed Aug 26 2015 21:06:32 GMT+0800 (China Standard Time),,s15w10,focus,
Wed Aug 26 2015 21:06:32 GMT+0800 (China Standard Time),,s15w11,focus,
Wed Aug 26 2015 21:06:32 GMT+0800 (China Standard Time),,s15w12,focus,
Wed Aug 26 2015 21:06:33 GMT+0800 (China Standard Time),,s15w13,focus,
Wed Aug 26 2015 21:06:33 GMT+0800 (China Standard Time),,s15w14,focus,
Wed Aug 26 2015 21:06:33 GMT+0800 (China Standard Time),,s15w15,focus,
Wed Aug 26 2015 21:06:33 GMT+0800 (China Standard Time),,s15w16,focus,
Wed Aug 26 2015 21:06:34 GMT+0800 (China Standard Time),,s15w17,focus,
Wed Aug 26 2015 21:06:34 GMT+0800 (China Standard Time),,s15w18,focus,
Wed Aug 26 2015 21:06:34 GMT+0800 (China Standard Time),,s15w19,focus,
Wed Aug 26 2015 21:06:35 GMT+0800 (China Standard Time),,s15w20,focus,
Wed Aug 26 2015 21:06:35 GMT+0800 (China Standard Time),,s15w21,focus,
Wed Aug 26 2015 21:06:35 GMT+0800 (China Standard Time),,s15w22,focus,
Wed Aug 26 2015 21:06:36 GMT+0800 (China Standard Time),,s15w23,focus,
Wed Aug 26 2015 21:06:36 GMT+0800 (China Standard Time),,s15w24,focus,
Wed Aug 26 2015 21:06:36 GMT+0800 (China Standard Time),,s15w25,focus,
Wed Aug 26 2015 21:06:36 GMT+0800 (China Standard Time),,s15w26,focus,
Wed Aug 26 2015 21:06:37 GMT+0800 (China Standard Time),,s15w27,focus,
Wed Aug 26 2015 21:06:37 GMT+0800 (China Standard Time),,s15w28,focus,
Wed Aug 26 2015 21:06:37 GMT+0800 (China Standard Time),,s15w29,focus,
Wed Aug 26 2015 21:06:37 GMT+0800 (China Standard Time),,s15w30,focus,
Wed Aug 26 2015 21:06:38 GMT+0800 (China Standard Time),,s15w31,focus,
Wed Aug 26 2015 21:06:38 GMT+0800 (China Standard Time),,s15w32,focus,
Wed Aug 26 2015 21:06:38 GMT+0800 (China Standard Time),,s15w33,focus,
Wed Aug 26 2015 21:06:38 GMT+0800 (China Standard Time),,s15w34,focus,
Wed Aug 26 2015 21:06:39 GMT+0800 (China Standard Time),,s15w35,focus,
Wed Aug 26 2015 21:06:39 GMT+0800 (China Standard Time),,s15w36,focus,
Wed Aug 26 2015 21:06:39 GMT+0800 (China Standard Time),,s15w37,focus,
Wed Aug 26 2015 21:06:40 GMT+0800 (China Standard Time),,s15w38,focus,
Wed Aug 26 2015 21:06:41 GMT+0800 (China Standard Time),,s15w39,focus,
Wed Aug 26 2015 21:06:41 GMT+0800 (China Standard Time),,s15w40,focus,
Wed Aug 26 2015 21:06:41 GMT+0800 (China Standard Time),,s15w41,focus,
Wed Aug 26 2015 21:06:42 GMT+0800 (China Standard Time),,s15w42,focus,
Wed Aug 26 2015 21:06:42 GMT+0800 (China Standard Time),,s15w43,focus,
Wed Aug 26 2015 21:06:43 GMT+0800 (China Standard Time),,s15w44,focus,
Wed Aug 26 2015 21:06:43 GMT+0800 (China Standard Time),,s15w45,focus,
Wed Aug 26 2015 21:06:43 GMT+0800 (China Standard Time),,s15w46,focus,
Wed Aug 26 2015 21:06:44 GMT+0800 (China Standard Time),,s15w47,focus,
Wed Aug 26 2015 21:06:44 GMT+0800 (China Standard Time),,s15w48,focus,
Wed Aug 26 2015 21:06:44 GMT+0800 (China Standard Time),,s15w49,focus,
Wed Aug 26 2015 21:06:44 GMT+0800 (China Standard Time),,s15w50,focus,
Wed Aug 26 2015 21:06:45 GMT+0800 (China Standard Time),,s15w51,focus,
Wed Aug 26 2015 21:06:45 GMT+0800 (China Standard Time),,s15w52,focus,
Wed Aug 26 2015 21:06:46 GMT+0800 (China Standard Time),,s16w1,focus,
Wed Aug 26 2015 21:06:47 GMT+0800 (China Standard Time),,s16w2,focus,
Wed Aug 26 2015 21:06:48 GMT+0800 (China Standard Time),,s16w3,focus,
Wed Aug 26 2015 21:06:48 GMT+0800 (China Standard Time),,s16w4,focus,
Wed Aug 26 2015 21:06:48 GMT+0800 (China Standard Time),,s16w5,focus,
Wed Aug 26 2015 21:06:48 GMT+0800 (China Standard Time),,s16w6,focus,
Wed Aug 26 2015 21:06:49 GMT+0800 (China Standard Time),,s16w7,focus,
Wed Aug 26 2015 21:06:49 GMT+0800 (China Standard Time),,s16w8,focus,
Wed Aug 26 2015 21:06:49 GMT+0800 (China Standard Time),,s16w9,focus,
Wed Aug 26 2015 21:06:50 GMT+0800 (China Standard Time),,s16w10,focus,
Wed Aug 26 2015 21:06:50 GMT+0800 (China Standard Time),,s16w11,focus,
Wed Aug 26 2015 21:06:51 GMT+0800 (China Standard Time),,s16w12,focus,
Wed Aug 26 2015 21:06:54 GMT+0800 (China Standard Time),,s16w13,focus,
Wed Aug 26 2015 21:06:54 GMT+0800 (China Standard Time),,s16w14,focus,
Wed Aug 26 2015 21:06:54 GMT+0800 (China Standard Time),,s16w15,focus,
Wed Aug 26 2015 21:06:55 GMT+0800 (China Standard Time),,s16w16,focus,
Wed Aug 26 2015 21:06:55 GMT+0800 (China Standard Time),,s16w17,focus,
Wed Aug 26 2015 21:06:55 GMT+0800 (China Standard Time),,s16w18,focus,
Wed Aug 26 2015 21:06:56 GMT+0800 (China Standard Time),,s16w19,focus,
Wed Aug 26 2015 21:06:58 GMT+0800 (China Standard Time),,s16w20,focus,
Wed Aug 26 2015 21:06:58 GMT+0800 (China Standard Time),,s16w21,focus,
Wed Aug 26 2015 21:06:59 GMT+0800 (China Standard Time),,s16w22,focus,
Wed Aug 26 2015 21:06:59 GMT+0800 (China Standard Time),,s16w23,focus,
Wed Aug 26 2015 21:06:59 GMT+0800 (China Standard Time),,s16w24,focus,
Wed Aug 26 2015 21:06:59 GMT+0800 (China Standard Time),,s16w25,focus,
Wed Aug 26 2015 21:07:00 GMT+0800 (China Standard Time),,s16w26,focus,
Wed Aug 26 2015 21:07:00 GMT+0800 (China Standard Time),,s16w27,focus,
Wed Aug 26 2015 21:07:00 GMT+0800 (China Standard Time),,s16w28,focus,
Wed Aug 26 2015 21:07:01 GMT+0800 (China Standard Time),,s16w29,focus,
Wed Aug 26 2015 21:07:01 GMT+0800 (China Standard Time),,s16w30,focus,
Wed Aug 26 2015 21:07:01 GMT+0800 (China Standard Time),,s16w31,focus,
Wed Aug 26 2015 21:07:03 GMT+0800 (China Standard Time),,s16w32,focus,
Wed Aug 26 2015 21:07:03 GMT+0800 (China Standard Time),,s16w33,focus,
Wed Aug 26 2015 21:07:04 GMT+0800 (China Standard Time),,s16w34,focus,
Wed Aug 26 2015 21:07:04 GMT+0800 (China Standard Time),,s16w35,focus,
Wed Aug 26 2015 21:07:04 GMT+0800 (China Standard Time),,s16w36,focus,
Wed Aug 26 2015 21:07:05 GMT+0800 (China Standard Time),,s16w37,focus,
Wed Aug 26 2015 21:07:05 GMT+0800 (China Standard Time),,s16w38,focus,
Wed Aug 26 2015 21:07:05 GMT+0800 (China Standard Time),,s16w39,focus,
Wed Aug 26 2015 21:07:05 GMT+0800 (China Standard Time),,s16w40,focus,
Wed Aug 26 2015 21:07:06 GMT+0800 (China Standard Time),,s16w41,focus,
Wed Aug 26 2015 21:07:06 GMT+0800 (China Standard Time),,s16w42,focus,
Wed Aug 26 2015 21:07:06 GMT+0800 (China Standard Time),,s16w43,focus,
Wed Aug 26 2015 21:07:07 GMT+0800 (China Standard Time),,s16w44,focus,
Wed Aug 26 2015 21:07:07 GMT+0800 (China Standard Time),,s16w45,focus,
Wed Aug 26 2015 21:07:09 GMT+0800 (China Standard Time),,s16w46,focus,
Wed Aug 26 2015 21:07:10 GMT+0800 (China Standard Time),,s17w1,focus,
Wed Aug 26 2015 21:07:10 GMT+0800 (China Standard Time),,s17w2,focus,
Wed Aug 26 2015 21:07:11 GMT+0800 (China Standard Time),,s17w3,focus,
Wed Aug 26 2015 21:07:13 GMT+0800 (China Standard Time),,s17w2,focus,
Wed Aug 26 2015 21:07:13 GMT+0800 (China Standard Time),,s17w2,focus,
Wed Aug 26 2015 21:07:15 GMT+0800 (China Standard Time),,s17w2,label,","
Wed Aug 26 2015 21:07:17 GMT+0800 (China Standard Time),,s17w3,focus,
Wed Aug 26 2015 21:07:19 GMT+0800 (China Standard Time),,s17w4,focus,
Wed Aug 26 2015 21:07:19 GMT+0800 (China Standard Time),,s17w5,focus,
Wed Aug 26 2015 21:07:20 GMT+0800 (China Standard Time),,s17w6,focus,
Wed Aug 26 2015 21:07:20 GMT+0800 (China Standard Time),,s17w7,focus,
Wed Aug 26 2015 21:07:20 GMT+0800 (China Standard Time),,s17w8,focus,
Wed Aug 26 2015 21:07:21 GMT+0800 (China Standard Time),,s17w9,focus,
Wed Aug 26 2015 21:07:21 GMT+0800 (China Standard Time),,s17w10,focus,
Wed Aug 26 2015 21:07:21 GMT+0800 (China Standard Time),,s17w11,focus,
Wed Aug 26 2015 21:07:22 GMT+0800 (China Standard Time),,s17w12,focus,
Wed Aug 26 2015 21:07:22 GMT+0800 (China Standard Time),,s17w13,focus,
Wed Aug 26 2015 21:07:22 GMT+0800 (China Standard Time),,s17w14,focus,
Wed Aug 26 2015 21:07:22 GMT+0800 (China Standard Time),,s17w15,focus,
Wed Aug 26 2015 21:07:23 GMT+0800 (China Standard Time),,s17w16,focus,
Wed Aug 26 2015 21:07:23 GMT+0800 (China Standard Time),,s17w17,focus,
Wed Aug 26 2015 21:07:23 GMT+0800 (China Standard Time),,s17w18,focus,
Wed Aug 26 2015 21:07:23 GMT+0800 (China Standard Time),,s17w19,focus,
Wed Aug 26 2015 21:07:24 GMT+0800 (China Standard Time),,s17w20,focus,
Wed Aug 26 2015 21:07:24 GMT+0800 (China Standard Time),,s17w21,focus,
Wed Aug 26 2015 21:07:24 GMT+0800 (China Standard Time),,s17w22,focus,
Wed Aug 26 2015 21:07:25 GMT+0800 (China Standard Time),,s17w23,focus,
Wed Aug 26 2015 21:07:25 GMT+0800 (China Standard Time),,s17w24,focus,
Wed Aug 26 2015 21:07:26 GMT+0800 (China Standard Time),,s17w22,focus,
Wed Aug 26 2015 21:07:27 GMT+0800 (China Standard Time),,s17w22,focus,
Wed Aug 26 2015 21:07:28 GMT+0800 (China Standard Time),,s17w22,label,"V"
Wed Aug 26 2015 21:07:29 GMT+0800 (China Standard Time),,s17w23,focus,
Wed Aug 26 2015 21:07:30 GMT+0800 (China Standard Time),,s17w24,focus,
Wed Aug 26 2015 21:07:30 GMT+0800 (China Standard Time),,s17w25,focus,
Wed Aug 26 2015 21:07:32 GMT+0800 (China Standard Time),,s17w26,focus,
Wed Aug 26 2015 21:07:33 GMT+0800 (China Standard Time),,s17w25,focus,
Wed Aug 26 2015 21:07:33 GMT+0800 (China Standard Time),,s17w25,focus,
Wed Aug 26 2015 21:07:39 GMT+0800 (China Standard Time),,s17w25,label,"&"
Wed Aug 26 2015 21:07:42 GMT+0800 (China Standard Time),,s17w26,focus,
Wed Aug 26 2015 21:07:43 GMT+0800 (China Standard Time),,s17w27,focus,
Wed Aug 26 2015 21:07:43 GMT+0800 (China Standard Time),,s18w1,focus,
Wed Aug 26 2015 21:07:44 GMT+0800 (China Standard Time),,s18w2,focus,
Wed Aug 26 2015 21:07:44 GMT+0800 (China Standard Time),,s18w3,focus,
Wed Aug 26 2015 21:07:44 GMT+0800 (China Standard Time),,s18w4,focus,
Wed Aug 26 2015 21:07:45 GMT+0800 (China Standard Time),,s18w5,focus,
Wed Aug 26 2015 21:07:46 GMT+0800 (China Standard Time),,s18w6,focus,
Wed Aug 26 2015 21:07:46 GMT+0800 (China Standard Time),,s18w7,focus,
Wed Aug 26 2015 21:07:46 GMT+0800 (China Standard Time),,s18w8,focus,
Wed Aug 26 2015 21:07:47 GMT+0800 (China Standard Time),,s18w9,focus,
Wed Aug 26 2015 21:07:50 GMT+0800 (China Standard Time),,s18w10,focus,
Wed Aug 26 2015 21:07:50 GMT+0800 (China Standard Time),,s18w11,focus,
Wed Aug 26 2015 21:07:50 GMT+0800 (China Standard Time),,s18w12,focus,
Wed Aug 26 2015 21:07:51 GMT+0800 (China Standard Time),,s18w13,focus,
Wed Aug 26 2015 21:07:51 GMT+0800 (China Standard Time),,s18w14,focus,
Wed Aug 26 2015 21:07:51 GMT+0800 (China Standard Time),,s18w15,focus,
Wed Aug 26 2015 21:07:51 GMT+0800 (China Standard Time),,s18w16,focus,
Wed Aug 26 2015 21:07:52 GMT+0800 (China Standard Time),,s18w17,focus,
Wed Aug 26 2015 21:07:52 GMT+0800 (China Standard Time),,s18w18,focus,
Wed Aug 26 2015 21:07:53 GMT+0800 (China Standard Time),,s18w19,focus,
Wed Aug 26 2015 21:07:53 GMT+0800 (China Standard Time),,s18w20,focus,
Wed Aug 26 2015 21:07:54 GMT+0800 (China Standard Time),,s18w21,focus,
Wed Aug 26 2015 21:07:55 GMT+0800 (China Standard Time),,s18w22,focus,
Wed Aug 26 2015 21:07:55 GMT+0800 (China Standard Time),,s18w23,focus,
Wed Aug 26 2015 21:07:55 GMT+0800 (China Standard Time),,s18w24,focus,
Wed Aug 26 2015 21:07:55 GMT+0800 (China Standard Time),,s18w25,focus,
Wed Aug 26 2015 21:07:56 GMT+0800 (China Standard Time),,s18w26,focus,
Wed Aug 26 2015 21:07:56 GMT+0800 (China Standard Time),,s18w27,focus,
Wed Aug 26 2015 21:07:57 GMT+0800 (China Standard Time),,s18w28,focus,
Wed Aug 26 2015 21:07:57 GMT+0800 (China Standard Time),,s18w29,focus,
Wed Aug 26 2015 21:07:57 GMT+0800 (China Standard Time),,s18w30,focus,
Wed Aug 26 2015 21:07:57 GMT+0800 (China Standard Time),,s18w31,focus,
Wed Aug 26 2015 21:07:58 GMT+0800 (China Standard Time),,s18w32,focus,
Wed Aug 26 2015 21:07:58 GMT+0800 (China Standard Time),,s18w33,focus,
Wed Aug 26 2015 21:07:59 GMT+0800 (China Standard Time),,s18w33,label,"^"
Wed Aug 26 2015 21:08:00 GMT+0800 (China Standard Time),,s18w34,focus,
Wed Aug 26 2015 21:08:00 GMT+0800 (China Standard Time),,s18w35,focus,
Wed Aug 26 2015 21:08:01 GMT+0800 (China Standard Time),,s18w36,focus,
Wed Aug 26 2015 21:08:02 GMT+0800 (China Standard Time),,s18w37,focus,
Wed Aug 26 2015 21:08:02 GMT+0800 (China Standard Time),,s18w38,focus,
Wed Aug 26 2015 21:08:03 GMT+0800 (China Standard Time),,s18w39,focus,
Wed Aug 26 2015 21:08:03 GMT+0800 (China Standard Time),,s18w40,focus,
Wed Aug 26 2015 21:08:03 GMT+0800 (China Standard Time),,s18w41,focus,
Wed Aug 26 2015 21:08:03 GMT+0800 (China Standard Time),,s18w42,focus,
Wed Aug 26 2015 21:08:04 GMT+0800 (China Standard Time),,s18w43,focus,
Wed Aug 26 2015 21:08:04 GMT+0800 (China Standard Time),,s18w44,focus,
Wed Aug 26 2015 21:08:04 GMT+0800 (China Standard Time),,s18w45,focus,
Wed Aug 26 2015 21:08:05 GMT+0800 (China Standard Time),,s18w46,focus,
Wed Aug 26 2015 21:08:05 GMT+0800 (China Standard Time),,s18w47,focus,
Wed Aug 26 2015 21:08:05 GMT+0800 (China Standard Time),,s18w48,focus,
Wed Aug 26 2015 21:08:05 GMT+0800 (China Standard Time),,s18w49,focus,
Wed Aug 26 2015 21:08:06 GMT+0800 (China Standard Time),,s18w50,focus,
Wed Aug 26 2015 21:08:06 GMT+0800 (China Standard Time),,s18w51,focus,
Wed Aug 26 2015 21:08:07 GMT+0800 (China Standard Time),,s18w51,label,"N"
Wed Aug 26 2015 21:08:07 GMT+0800 (China Standard Time),,s18w52,focus,
Wed Aug 26 2015 21:08:08 GMT+0800 (China Standard Time),,s18w53,focus,
Wed Aug 26 2015 21:08:08 GMT+0800 (China Standard Time),,s18w54,focus,
Wed Aug 26 2015 21:08:09 GMT+0800 (China Standard Time),,s18w55,focus,
Wed Aug 26 2015 21:08:09 GMT+0800 (China Standard Time),,s18w56,focus,
Wed Aug 26 2015 21:08:10 GMT+0800 (China Standard Time),,s18w57,focus,
Wed Aug 26 2015 21:08:10 GMT+0800 (China Standard Time),,s18w58,focus,
Wed Aug 26 2015 21:08:10 GMT+0800 (China Standard Time),,s18w59,focus,
Wed Aug 26 2015 21:08:10 GMT+0800 (China Standard Time),,s18w60,focus,
Wed Aug 26 2015 21:08:11 GMT+0800 (China Standard Time),,s18w61,focus,
Wed Aug 26 2015 21:08:11 GMT+0800 (China Standard Time),,s18w62,focus,
Wed Aug 26 2015 21:08:11 GMT+0800 (China Standard Time),,s18w63,focus,
Wed Aug 26 2015 21:08:12 GMT+0800 (China Standard Time),,s18w64,focus,
Wed Aug 26 2015 21:08:13 GMT+0800 (China Standard Time),,s18w65,focus,
Wed Aug 26 2015 21:08:13 GMT+0800 (China Standard Time),,s18w66,focus,
Wed Aug 26 2015 21:08:13 GMT+0800 (China Standard Time),,s18w67,focus,
Wed Aug 26 2015 21:08:14 GMT+0800 (China Standard Time),,s18w68,focus,
Wed Aug 26 2015 21:08:14 GMT+0800 (China Standard Time),,s18w69,focus,
Wed Aug 26 2015 21:08:14 GMT+0800 (China Standard Time),,s18w70,focus,
Wed Aug 26 2015 21:08:14 GMT+0800 (China Standard Time),,s18w71,focus,
Wed Aug 26 2015 21:08:15 GMT+0800 (China Standard Time),,s18w72,focus,
Wed Aug 26 2015 21:08:15 GMT+0800 (China Standard Time),,s18w73,focus,
Wed Aug 26 2015 21:08:15 GMT+0800 (China Standard Time),,s18w74,focus,
Wed Aug 26 2015 21:08:16 GMT+0800 (China Standard Time),,s18w74,label,"^"
Wed Aug 26 2015 21:08:17 GMT+0800 (China Standard Time),,s18w75,focus,
Wed Aug 26 2015 21:08:18 GMT+0800 (China Standard Time),,s18w76,focus,
Wed Aug 26 2015 21:08:18 GMT+0800 (China Standard Time),,s18w77,focus,
Wed Aug 26 2015 21:08:18 GMT+0800 (China Standard Time),,s19w1,focus,
Wed Aug 26 2015 21:08:19 GMT+0800 (China Standard Time),,s19w2,focus,
Wed Aug 26 2015 21:08:19 GMT+0800 (China Standard Time),,s19w3,focus,
Wed Aug 26 2015 21:08:20 GMT+0800 (China Standard Time),,s19w4,focus,
Wed Aug 26 2015 21:08:20 GMT+0800 (China Standard Time),,s19w5,focus,
Wed Aug 26 2015 21:08:20 GMT+0800 (China Standard Time),,s19w6,focus,
Wed Aug 26 2015 21:08:21 GMT+0800 (China Standard Time),,s19w7,focus,
Wed Aug 26 2015 21:08:21 GMT+0800 (China Standard Time),,s19w8,focus,
Wed Aug 26 2015 21:08:23 GMT+0800 (China Standard Time),,s19w9,focus,
Wed Aug 26 2015 21:08:24 GMT+0800 (China Standard Time),,s19w10,focus,
Wed Aug 26 2015 21:08:24 GMT+0800 (China Standard Time),,s19w11,focus,
Wed Aug 26 2015 21:08:25 GMT+0800 (China Standard Time),,s19w12,focus,
Wed Aug 26 2015 21:08:25 GMT+0800 (China Standard Time),,s19w13,focus,
Wed Aug 26 2015 21:08:26 GMT+0800 (China Standard Time),,s19w14,focus,
Wed Aug 26 2015 21:08:26 GMT+0800 (China Standard Time),,s19w15,focus,
Wed Aug 26 2015 21:08:27 GMT+0800 (China Standard Time),,s19w16,focus,
Wed Aug 26 2015 21:08:28 GMT+0800 (China Standard Time),,s19w17,focus,
Wed Aug 26 2015 21:08:28 GMT+0800 (China Standard Time),,s19w18,focus,
Wed Aug 26 2015 21:08:28 GMT+0800 (China Standard Time),,s19w19,focus,
Wed Aug 26 2015 21:08:29 GMT+0800 (China Standard Time),,s19w20,focus,
Wed Aug 26 2015 21:08:29 GMT+0800 (China Standard Time),,s19w21,focus,
Wed Aug 26 2015 21:08:29 GMT+0800 (China Standard Time),,s19w22,focus,
Wed Aug 26 2015 21:08:30 GMT+0800 (China Standard Time),,s19w23,focus,
Wed Aug 26 2015 21:08:30 GMT+0800 (China Standard Time),,s19w24,focus,
Wed Aug 26 2015 21:08:30 GMT+0800 (China Standard Time),,s19w25,focus,
Wed Aug 26 2015 21:08:31 GMT+0800 (China Standard Time),,s19w26,focus,
Wed Aug 26 2015 21:08:32 GMT+0800 (China Standard Time),,s19w27,focus,
Wed Aug 26 2015 21:08:32 GMT+0800 (China Standard Time),,s19w28,focus,
Wed Aug 26 2015 21:08:33 GMT+0800 (China Standard Time),,s19w29,focus,
Wed Aug 26 2015 21:08:33 GMT+0800 (China Standard Time),,s19w30,focus,
Wed Aug 26 2015 21:08:33 GMT+0800 (China Standard Time),,s19w31,focus,
Wed Aug 26 2015 21:08:34 GMT+0800 (China Standard Time),,s19w32,focus,
Wed Aug 26 2015 21:08:35 GMT+0800 (China Standard Time),,s19w33,focus,
Wed Aug 26 2015 21:08:35 GMT+0800 (China Standard Time),,s19w34,focus,
Wed Aug 26 2015 21:08:35 GMT+0800 (China Standard Time),,s19w35,focus,
Wed Aug 26 2015 21:08:36 GMT+0800 (China Standard Time),,s19w36,focus,
Wed Aug 26 2015 21:08:37 GMT+0800 (China Standard Time),,s19w37,focus,
Wed Aug 26 2015 21:08:37 GMT+0800 (China Standard Time),,s19w38,focus,
Wed Aug 26 2015 21:08:38 GMT+0800 (China Standard Time),,s19w39,focus,
Wed Aug 26 2015 21:08:38 GMT+0800 (China Standard Time),,s19w40,focus,
Wed Aug 26 2015 21:08:38 GMT+0800 (China Standard Time),,s19w41,focus,
Wed Aug 26 2015 21:08:39 GMT+0800 (China Standard Time),,s19w42,focus,
Wed Aug 26 2015 21:08:39 GMT+0800 (China Standard Time),,s19w43,focus,
Wed Aug 26 2015 21:08:40 GMT+0800 (China Standard Time),,s19w44,focus,
Wed Aug 26 2015 21:08:40 GMT+0800 (China Standard Time),,s19w45,focus,
Wed Aug 26 2015 21:08:41 GMT+0800 (China Standard Time),,s19w46,focus,
Wed Aug 26 2015 21:08:41 GMT+0800 (China Standard Time),,s19w47,focus,
Wed Aug 26 2015 21:08:42 GMT+0800 (China Standard Time),,s19w48,focus,
Wed Aug 26 2015 21:08:42 GMT+0800 (China Standard Time),,s19w49,focus,
Wed Aug 26 2015 21:08:42 GMT+0800 (China Standard Time),,s19w50,focus,
Wed Aug 26 2015 21:08:43 GMT+0800 (China Standard Time),,s19w51,focus,
Wed Aug 26 2015 21:08:43 GMT+0800 (China Standard Time),,s19w52,focus,
Wed Aug 26 2015 21:08:43 GMT+0800 (China Standard Time),,s19w53,focus,
Wed Aug 26 2015 21:08:43 GMT+0800 (China Standard Time),,s19w54,focus,
Wed Aug 26 2015 21:08:44 GMT+0800 (China Standard Time),,s19w55,focus,
Wed Aug 26 2015 21:08:44 GMT+0800 (China Standard Time),,s19w56,focus,
Wed Aug 26 2015 21:08:45 GMT+0800 (China Standard Time),,s19w57,focus,
Wed Aug 26 2015 21:08:46 GMT+0800 (China Standard Time),,s19w58,focus,
Wed Aug 26 2015 21:08:46 GMT+0800 (China Standard Time),,s19w59,focus,
Wed Aug 26 2015 21:08:46 GMT+0800 (China Standard Time),,s19w60,focus,
Wed Aug 26 2015 21:08:47 GMT+0800 (China Standard Time),,s20w1,focus,
Wed Aug 26 2015 21:08:47 GMT+0800 (China Standard Time),,s20w2,focus,
Wed Aug 26 2015 21:08:47 GMT+0800 (China Standard Time),,s20w3,focus,
Wed Aug 26 2015 21:08:49 GMT+0800 (China Standard Time),,s20w4,focus,
Wed Aug 26 2015 21:08:49 GMT+0800 (China Standard Time),,s20w5,focus,
Wed Aug 26 2015 21:08:49 GMT+0800 (China Standard Time),,s20w6,focus,
Wed Aug 26 2015 21:08:50 GMT+0800 (China Standard Time),,s20w7,focus,
Wed Aug 26 2015 21:08:50 GMT+0800 (China Standard Time),,s20w8,focus,
Wed Aug 26 2015 21:08:50 GMT+0800 (China Standard Time),,s20w9,focus,
Wed Aug 26 2015 21:08:51 GMT+0800 (China Standard Time),,s20w10,focus,
Wed Aug 26 2015 21:08:51 GMT+0800 (China Standard Time),,s21w1,focus,
Wed Aug 26 2015 21:08:51 GMT+0800 (China Standard Time),,s21w2,focus,
Wed Aug 26 2015 21:08:52 GMT+0800 (China Standard Time),,s21w3,focus,
Wed Aug 26 2015 21:08:52 GMT+0800 (China Standard Time),,s21w4,focus,
Wed Aug 26 2015 21:08:52 GMT+0800 (China Standard Time),,s21w5,focus,
Wed Aug 26 2015 21:08:53 GMT+0800 (China Standard Time),,s21w6,focus,
Wed Aug 26 2015 21:08:53 GMT+0800 (China Standard Time),,s21w7,focus,
Wed Aug 26 2015 21:08:53 GMT+0800 (China Standard Time),,s21w8,focus,
Wed Aug 26 2015 21:08:54 GMT+0800 (China Standard Time),,s21w9,focus,
Wed Aug 26 2015 21:08:54 GMT+0800 (China Standard Time),,s21w10,focus,
Wed Aug 26 2015 21:08:54 GMT+0800 (China Standard Time),,s21w11,focus,
Wed Aug 26 2015 21:08:55 GMT+0800 (China Standard Time),,s21w12,focus,
Wed Aug 26 2015 21:08:55 GMT+0800 (China Standard Time),,s21w13,focus,
Wed Aug 26 2015 21:08:55 GMT+0800 (China Standard Time),,s21w14,focus,
Wed Aug 26 2015 21:08:55 GMT+0800 (China Standard Time),,s21w15,focus,
Wed Aug 26 2015 21:08:56 GMT+0800 (China Standard Time),,s21w16,focus,
Wed Aug 26 2015 21:08:56 GMT+0800 (China Standard Time),,s21w17,focus,
Wed Aug 26 2015 21:08:56 GMT+0800 (China Standard Time),,s21w18,focus,
Wed Aug 26 2015 21:08:57 GMT+0800 (China Standard Time),,s21w19,focus,
Wed Aug 26 2015 21:08:57 GMT+0800 (China Standard Time),,s21w20,focus,
Wed Aug 26 2015 21:08:57 GMT+0800 (China Standard Time),,s21w21,focus,
Wed Aug 26 2015 21:08:57 GMT+0800 (China Standard Time),,s21w22,focus,
Wed Aug 26 2015 21:08:58 GMT+0800 (China Standard Time),,s21w23,focus,
Wed Aug 26 2015 21:08:58 GMT+0800 (China Standard Time),,s21w24,focus,
Wed Aug 26 2015 21:08:59 GMT+0800 (China Standard Time),,s21w25,focus,
Wed Aug 26 2015 21:08:59 GMT+0800 (China Standard Time),,s21w26,focus,
Wed Aug 26 2015 21:09:00 GMT+0800 (China Standard Time),,s21w27,focus,
Wed Aug 26 2015 21:09:01 GMT+0800 (China Standard Time),,s21w28,focus,
Wed Aug 26 2015 21:09:01 GMT+0800 (China Standard Time),,s21w29,focus,
Wed Aug 26 2015 21:09:01 GMT+0800 (China Standard Time),,s21w30,focus,
Wed Aug 26 2015 21:09:02 GMT+0800 (China Standard Time),,s21w31,focus,
Wed Aug 26 2015 21:09:02 GMT+0800 (China Standard Time),,s21w32,focus,
Wed Aug 26 2015 21:09:02 GMT+0800 (China Standard Time),,s21w33,focus,
Wed Aug 26 2015 21:09:03 GMT+0800 (China Standard Time),,s21w34,focus,
Wed Aug 26 2015 21:09:04 GMT+0800 (China Standard Time),,s21w35,focus,
Wed Aug 26 2015 21:09:05 GMT+0800 (China Standard Time),,s21w36,focus,
Wed Aug 26 2015 21:09:06 GMT+0800 (China Standard Time),,s21w37,focus,
Wed Aug 26 2015 21:09:06 GMT+0800 (China Standard Time),,s21w38,focus,
Wed Aug 26 2015 21:09:06 GMT+0800 (China Standard Time),,s21w39,focus,
Wed Aug 26 2015 21:09:07 GMT+0800 (China Standard Time),,s21w40,focus,
Wed Aug 26 2015 21:09:07 GMT+0800 (China Standard Time),,s21w41,focus,
Wed Aug 26 2015 21:09:07 GMT+0800 (China Standard Time),,s21w42,focus,
Wed Aug 26 2015 21:09:08 GMT+0800 (China Standard Time),,s21w43,focus,
Wed Aug 26 2015 21:09:08 GMT+0800 (China Standard Time),,s21w44,focus,
Wed Aug 26 2015 21:09:09 GMT+0800 (China Standard Time),,s21w45,focus,
Wed Aug 26 2015 21:09:09 GMT+0800 (China Standard Time),,s21w46,focus,
Wed Aug 26 2015 21:09:10 GMT+0800 (China Standard Time),,s21w47,focus,
Wed Aug 26 2015 21:09:11 GMT+0800 (China Standard Time),,s21w47,label,"^"
Wed Aug 26 2015 21:09:11 GMT+0800 (China Standard Time),,s21w48,focus,
Wed Aug 26 2015 21:09:12 GMT+0800 (China Standard Time),,s21w49,focus,
Wed Aug 26 2015 21:09:17 GMT+0800 (China Standard Time),,s21w49,label,"D"
Wed Aug 26 2015 21:09:17 GMT+0800 (China Standard Time),,s21w50,focus,
Wed Aug 26 2015 21:09:18 GMT+0800 (China Standard Time),,s21w51,focus,
Wed Aug 26 2015 21:09:19 GMT+0800 (China Standard Time),,s21w52,focus,
Wed Aug 26 2015 21:09:20 GMT+0800 (China Standard Time),,s21w53,focus,
Wed Aug 26 2015 21:09:20 GMT+0800 (China Standard Time),,s21w54,focus,
Wed Aug 26 2015 21:09:20 GMT+0800 (China Standard Time),,s21w55,focus,
Wed Aug 26 2015 21:09:21 GMT+0800 (China Standard Time),,s21w56,focus,
Wed Aug 26 2015 21:09:21 GMT+0800 (China Standard Time),,s21w57,focus,
Wed Aug 26 2015 21:09:21 GMT+0800 (China Standard Time),,s21w58,focus,
Wed Aug 26 2015 21:09:23 GMT+0800 (China Standard Time),,s21w59,focus,
Wed Aug 26 2015 21:09:33 GMT+0800 (China Standard Time),,,submitPage,
