Fri Aug 28 2015 20:53:54 GMT+0800 (China Standard Time),,,pageReady,0:100:100
Fri Aug 28 2015 20:53:54 GMT+0800 (China Standard Time),,s0,twitterId,522158
Fri Aug 28 2015 20:53:54 GMT+0800 (China Standard Time),,s1,twitterId,522158
Fri Aug 28 2015 20:53:54 GMT+0800 (China Standard Time),,s2,twitterId,522158
Fri Aug 28 2015 20:53:54 GMT+0800 (China Standard Time),,s3,twitterId,522158
Fri Aug 28 2015 20:53:54 GMT+0800 (China Standard Time),,s4,twitterId,522158
Fri Aug 28 2015 20:53:54 GMT+0800 (China Standard Time),,s5,twitterId,522158
Fri Aug 28 2015 20:53:54 GMT+0800 (China Standard Time),,s6,twitterId,522158
Fri Aug 28 2015 20:53:54 GMT+0800 (China Standard Time),,s7,twitterId,522158
Fri Aug 28 2015 20:53:54 GMT+0800 (China Standard Time),,s8,twitterId,522158
Fri Aug 28 2015 20:53:54 GMT+0800 (China Standard Time),,s9,twitterId,522158
Fri Aug 28 2015 20:53:54 GMT+0800 (China Standard Time),,s10,twitterId,522158
Fri Aug 28 2015 20:53:54 GMT+0800 (China Standard Time),,s11,twitterId,522158
Fri Aug 28 2015 20:53:54 GMT+0800 (China Standard Time),,s12,twitterId,522158
Fri Aug 28 2015 20:53:56 GMT+0800 (China Standard Time),,s0w10,focus,
Fri Aug 28 2015 20:53:56 GMT+0800 (China Standard Time),,s0w10,focus,
Fri Aug 28 2015 20:54:01 GMT+0800 (China Standard Time),,s0w1,focus,
Fri Aug 28 2015 20:54:01 GMT+0800 (China Standard Time),,s0w1,focus,
Fri Aug 28 2015 20:54:02 GMT+0800 (China Standard Time),,s0w2,focus,
Fri Aug 28 2015 20:54:03 GMT+0800 (China Standard Time),,s0w3,focus,
Fri Aug 28 2015 20:54:03 GMT+0800 (China Standard Time),,s0w4,focus,
Fri Aug 28 2015 20:54:03 GMT+0800 (China Standard Time),,s0w5,focus,
Fri Aug 28 2015 20:54:03 GMT+0800 (China Standard Time),,s0w6,focus,
Fri Aug 28 2015 20:54:04 GMT+0800 (China Standard Time),,s0w7,focus,
Fri Aug 28 2015 20:54:05 GMT+0800 (China Standard Time),,s0w8,focus,
Fri Aug 28 2015 20:54:06 GMT+0800 (China Standard Time),,s0w9,focus,
Fri Aug 28 2015 20:54:06 GMT+0800 (China Standard Time),,s0w10,focus,
Fri Aug 28 2015 20:54:07 GMT+0800 (China Standard Time),,s0w11,focus,
Fri Aug 28 2015 20:54:07 GMT+0800 (China Standard Time),,s0w12,focus,
Fri Aug 28 2015 20:54:07 GMT+0800 (China Standard Time),,s0w13,focus,
Fri Aug 28 2015 20:54:07 GMT+0800 (China Standard Time),,s0w14,focus,
Fri Aug 28 2015 20:54:08 GMT+0800 (China Standard Time),,s1w1,focus,
Fri Aug 28 2015 20:54:10 GMT+0800 (China Standard Time),,s1w2,focus,
Fri Aug 28 2015 20:54:10 GMT+0800 (China Standard Time),,s1w3,focus,
Fri Aug 28 2015 20:54:10 GMT+0800 (China Standard Time),,s1w4,focus,
Fri Aug 28 2015 20:54:10 GMT+0800 (China Standard Time),,s1w5,focus,
Fri Aug 28 2015 20:54:11 GMT+0800 (China Standard Time),,s1w6,focus,
Fri Aug 28 2015 20:54:11 GMT+0800 (China Standard Time),,s1w7,focus,
Fri Aug 28 2015 20:54:11 GMT+0800 (China Standard Time),,s1w8,focus,
Fri Aug 28 2015 20:54:11 GMT+0800 (China Standard Time),,s1w9,focus,
Fri Aug 28 2015 20:54:12 GMT+0800 (China Standard Time),,s1w10,focus,
Fri Aug 28 2015 20:54:12 GMT+0800 (China Standard Time),,s1w11,focus,
Fri Aug 28 2015 20:54:12 GMT+0800 (China Standard Time),,s1w12,focus,
Fri Aug 28 2015 20:54:12 GMT+0800 (China Standard Time),,s1w13,focus,
Fri Aug 28 2015 20:54:13 GMT+0800 (China Standard Time),,s1w14,focus,
Fri Aug 28 2015 20:54:13 GMT+0800 (China Standard Time),,s1w15,focus,
Fri Aug 28 2015 20:54:13 GMT+0800 (China Standard Time),,s1w16,focus,
Fri Aug 28 2015 20:54:13 GMT+0800 (China Standard Time),,s1w17,focus,
Fri Aug 28 2015 20:54:13 GMT+0800 (China Standard Time),,s1w18,focus,
Fri Aug 28 2015 20:54:14 GMT+0800 (China Standard Time),,s1w19,focus,
Fri Aug 28 2015 20:54:14 GMT+0800 (China Standard Time),,s1w20,focus,
Fri Aug 28 2015 20:54:14 GMT+0800 (China Standard Time),,s1w21,focus,
Fri Aug 28 2015 20:54:14 GMT+0800 (China Standard Time),,s1w22,focus,
Fri Aug 28 2015 20:54:15 GMT+0800 (China Standard Time),,s1w23,focus,
Fri Aug 28 2015 20:54:15 GMT+0800 (China Standard Time),,s1w24,focus,
Fri Aug 28 2015 20:54:15 GMT+0800 (China Standard Time),,s1w25,focus,
Fri Aug 28 2015 20:54:15 GMT+0800 (China Standard Time),,s1w26,focus,
Fri Aug 28 2015 20:54:16 GMT+0800 (China Standard Time),,s1w27,focus,
Fri Aug 28 2015 20:54:16 GMT+0800 (China Standard Time),,s1w28,focus,
Fri Aug 28 2015 20:54:16 GMT+0800 (China Standard Time),,s1w29,focus,
Fri Aug 28 2015 20:54:17 GMT+0800 (China Standard Time),,s1w30,focus,
Fri Aug 28 2015 20:54:17 GMT+0800 (China Standard Time),,s1w31,focus,
Fri Aug 28 2015 20:54:17 GMT+0800 (China Standard Time),,s1w32,focus,
Fri Aug 28 2015 20:54:17 GMT+0800 (China Standard Time),,s1w33,focus,
Fri Aug 28 2015 20:54:18 GMT+0800 (China Standard Time),,s1w34,focus,
Fri Aug 28 2015 20:54:18 GMT+0800 (China Standard Time),,s1w35,focus,
Fri Aug 28 2015 20:54:18 GMT+0800 (China Standard Time),,s1w36,focus,
Fri Aug 28 2015 20:54:18 GMT+0800 (China Standard Time),,s1w37,focus,
Fri Aug 28 2015 20:54:19 GMT+0800 (China Standard Time),,s1w38,focus,
Fri Aug 28 2015 20:54:19 GMT+0800 (China Standard Time),,s1w39,focus,
Fri Aug 28 2015 20:54:19 GMT+0800 (China Standard Time),,s1w40,focus,
Fri Aug 28 2015 20:54:19 GMT+0800 (China Standard Time),,s1w41,focus,
Fri Aug 28 2015 20:54:20 GMT+0800 (China Standard Time),,s1w42,focus,
Fri Aug 28 2015 20:54:21 GMT+0800 (China Standard Time),,s1w43,focus,
Fri Aug 28 2015 20:54:21 GMT+0800 (China Standard Time),,s1w44,focus,
Fri Aug 28 2015 20:54:21 GMT+0800 (China Standard Time),,s1w45,focus,
Fri Aug 28 2015 20:54:22 GMT+0800 (China Standard Time),,s1w46,focus,
Fri Aug 28 2015 20:54:22 GMT+0800 (China Standard Time),,s1w47,focus,
Fri Aug 28 2015 20:54:22 GMT+0800 (China Standard Time),,s1w48,focus,
Fri Aug 28 2015 20:54:22 GMT+0800 (China Standard Time),,s1w49,focus,
Fri Aug 28 2015 20:54:23 GMT+0800 (China Standard Time),,s1w50,focus,
Fri Aug 28 2015 20:54:23 GMT+0800 (China Standard Time),,s1w51,focus,
Fri Aug 28 2015 20:54:24 GMT+0800 (China Standard Time),,s1w52,focus,
Fri Aug 28 2015 20:54:24 GMT+0800 (China Standard Time),,s1w53,focus,
Fri Aug 28 2015 20:54:25 GMT+0800 (China Standard Time),,s1w54,focus,
Fri Aug 28 2015 20:54:25 GMT+0800 (China Standard Time),,s1w55,focus,
Fri Aug 28 2015 20:54:25 GMT+0800 (China Standard Time),,s1w56,focus,
Fri Aug 28 2015 20:54:26 GMT+0800 (China Standard Time),,s1w57,focus,
Fri Aug 28 2015 20:54:26 GMT+0800 (China Standard Time),,s1w58,focus,
Fri Aug 28 2015 20:54:26 GMT+0800 (China Standard Time),,s1w59,focus,
Fri Aug 28 2015 20:54:26 GMT+0800 (China Standard Time),,s1w60,focus,
Fri Aug 28 2015 20:54:27 GMT+0800 (China Standard Time),,s1w61,focus,
Fri Aug 28 2015 20:54:27 GMT+0800 (China Standard Time),,s1w62,focus,
Fri Aug 28 2015 20:54:27 GMT+0800 (China Standard Time),,s1w63,focus,
Fri Aug 28 2015 20:54:28 GMT+0800 (China Standard Time),,s1w64,focus,
Fri Aug 28 2015 20:54:28 GMT+0800 (China Standard Time),,s1w65,focus,
Fri Aug 28 2015 20:54:29 GMT+0800 (China Standard Time),,s1w66,focus,
Fri Aug 28 2015 20:54:29 GMT+0800 (China Standard Time),,s1w67,focus,
Fri Aug 28 2015 20:54:29 GMT+0800 (China Standard Time),,s1w68,focus,
Fri Aug 28 2015 20:54:29 GMT+0800 (China Standard Time),,s1w69,focus,
Fri Aug 28 2015 20:54:30 GMT+0800 (China Standard Time),,s1w70,focus,
Fri Aug 28 2015 20:54:35 GMT+0800 (China Standard Time),,s1w71,focus,
Fri Aug 28 2015 20:54:43 GMT+0800 (China Standard Time),,s1w71,label,"N"
Fri Aug 28 2015 20:54:44 GMT+0800 (China Standard Time),,s1w72,focus,
Fri Aug 28 2015 20:54:45 GMT+0800 (China Standard Time),,s1w73,focus,
Fri Aug 28 2015 20:54:45 GMT+0800 (China Standard Time),,s1w74,focus,
Fri Aug 28 2015 20:54:46 GMT+0800 (China Standard Time),,s1w75,focus,
Fri Aug 28 2015 20:54:46 GMT+0800 (China Standard Time),,s1w76,focus,
Fri Aug 28 2015 20:54:46 GMT+0800 (China Standard Time),,s1w77,focus,
Fri Aug 28 2015 20:54:46 GMT+0800 (China Standard Time),,s1w78,focus,
Fri Aug 28 2015 20:54:46 GMT+0800 (China Standard Time),,s1w79,focus,
Fri Aug 28 2015 20:54:47 GMT+0800 (China Standard Time),,s1w80,focus,
Fri Aug 28 2015 20:54:47 GMT+0800 (China Standard Time),,s1w81,focus,
Fri Aug 28 2015 20:54:47 GMT+0800 (China Standard Time),,s1w82,focus,
Fri Aug 28 2015 20:54:47 GMT+0800 (China Standard Time),,s1w83,focus,
Fri Aug 28 2015 20:54:48 GMT+0800 (China Standard Time),,s1w84,focus,
Fri Aug 28 2015 20:54:49 GMT+0800 (China Standard Time),,s1w85,focus,
Fri Aug 28 2015 20:54:49 GMT+0800 (China Standard Time),,s1w86,focus,
Fri Aug 28 2015 20:54:50 GMT+0800 (China Standard Time),,s1w87,focus,
Fri Aug 28 2015 20:54:50 GMT+0800 (China Standard Time),,s1w88,focus,
Fri Aug 28 2015 20:54:51 GMT+0800 (China Standard Time),,s1w89,focus,
Fri Aug 28 2015 20:54:51 GMT+0800 (China Standard Time),,s1w90,focus,
Fri Aug 28 2015 20:54:51 GMT+0800 (China Standard Time),,s1w91,focus,
Fri Aug 28 2015 20:54:52 GMT+0800 (China Standard Time),,s1w92,focus,
Fri Aug 28 2015 20:54:53 GMT+0800 (China Standard Time),,s1w93,focus,
Fri Aug 28 2015 20:54:53 GMT+0800 (China Standard Time),,s1w94,focus,
Fri Aug 28 2015 20:54:53 GMT+0800 (China Standard Time),,s1w95,focus,
Fri Aug 28 2015 20:54:53 GMT+0800 (China Standard Time),,s1w96,focus,
Fri Aug 28 2015 20:54:54 GMT+0800 (China Standard Time),,s1w97,focus,
Fri Aug 28 2015 20:54:54 GMT+0800 (China Standard Time),,s1w98,focus,
Fri Aug 28 2015 20:54:54 GMT+0800 (China Standard Time),,s1w99,focus,
Fri Aug 28 2015 20:54:55 GMT+0800 (China Standard Time),,s1w100,focus,
Fri Aug 28 2015 20:54:55 GMT+0800 (China Standard Time),,s1w101,focus,
Fri Aug 28 2015 20:54:55 GMT+0800 (China Standard Time),,s1w102,focus,
Fri Aug 28 2015 20:54:55 GMT+0800 (China Standard Time),,s1w103,focus,
Fri Aug 28 2015 20:54:56 GMT+0800 (China Standard Time),,s1w104,focus,
Fri Aug 28 2015 20:54:56 GMT+0800 (China Standard Time),,s1w105,focus,
Fri Aug 28 2015 20:54:56 GMT+0800 (China Standard Time),,s1w106,focus,
Fri Aug 28 2015 20:54:56 GMT+0800 (China Standard Time),,s1w107,focus,
Fri Aug 28 2015 20:54:58 GMT+0800 (China Standard Time),,s1w107,label,"^"
Fri Aug 28 2015 20:54:58 GMT+0800 (China Standard Time),,s1w108,focus,
Fri Aug 28 2015 20:54:58 GMT+0800 (China Standard Time),,s1w109,focus,
Fri Aug 28 2015 20:54:59 GMT+0800 (China Standard Time),,s1w110,focus,
Fri Aug 28 2015 20:55:00 GMT+0800 (China Standard Time),,s1w111,focus,
Fri Aug 28 2015 20:55:01 GMT+0800 (China Standard Time),,s1w112,focus,
Fri Aug 28 2015 20:55:01 GMT+0800 (China Standard Time),,s1w113,focus,
Fri Aug 28 2015 20:55:05 GMT+0800 (China Standard Time),,s1w110,focus,
Fri Aug 28 2015 20:55:05 GMT+0800 (China Standard Time),,s1w110,focus,
Fri Aug 28 2015 20:55:06 GMT+0800 (China Standard Time),,s1w111,focus,
Fri Aug 28 2015 20:55:07 GMT+0800 (China Standard Time),,s1w112,focus,
Fri Aug 28 2015 20:55:07 GMT+0800 (China Standard Time),,s1w113,focus,
Fri Aug 28 2015 20:55:08 GMT+0800 (China Standard Time),,s1w114,focus,
Fri Aug 28 2015 20:55:08 GMT+0800 (China Standard Time),,s1w115,focus,
Fri Aug 28 2015 20:55:08 GMT+0800 (China Standard Time),,s1w116,focus,
Fri Aug 28 2015 20:55:09 GMT+0800 (China Standard Time),,s1w117,focus,
Fri Aug 28 2015 20:55:09 GMT+0800 (China Standard Time),,s1w118,focus,
Fri Aug 28 2015 20:55:09 GMT+0800 (China Standard Time),,s1w119,focus,
Fri Aug 28 2015 20:55:10 GMT+0800 (China Standard Time),,s1w120,focus,
Fri Aug 28 2015 20:55:10 GMT+0800 (China Standard Time),,s1w121,focus,
Fri Aug 28 2015 20:55:10 GMT+0800 (China Standard Time),,s1w122,focus,
Fri Aug 28 2015 20:55:10 GMT+0800 (China Standard Time),,s1w123,focus,
Fri Aug 28 2015 20:55:10 GMT+0800 (China Standard Time),,s1w124,focus,
Fri Aug 28 2015 20:55:11 GMT+0800 (China Standard Time),,s1w125,focus,
Fri Aug 28 2015 20:55:11 GMT+0800 (China Standard Time),,s1w126,focus,
Fri Aug 28 2015 20:55:12 GMT+0800 (China Standard Time),,s1w127,focus,
Fri Aug 28 2015 20:55:12 GMT+0800 (China Standard Time),,s1w128,focus,
Fri Aug 28 2015 20:55:12 GMT+0800 (China Standard Time),,s1w129,focus,
Fri Aug 28 2015 20:55:12 GMT+0800 (China Standard Time),,s1w130,focus,
Fri Aug 28 2015 20:55:13 GMT+0800 (China Standard Time),,s1w131,focus,
Fri Aug 28 2015 20:55:13 GMT+0800 (China Standard Time),,s1w132,focus,
Fri Aug 28 2015 20:55:13 GMT+0800 (China Standard Time),,s1w133,focus,
Fri Aug 28 2015 20:55:13 GMT+0800 (China Standard Time),,s1w134,focus,
Fri Aug 28 2015 20:55:14 GMT+0800 (China Standard Time),,s1w135,focus,
Fri Aug 28 2015 20:55:14 GMT+0800 (China Standard Time),,s1w136,focus,
Fri Aug 28 2015 20:55:15 GMT+0800 (China Standard Time),,s1w136,label,"^"
Fri Aug 28 2015 20:55:15 GMT+0800 (China Standard Time),,s1w137,focus,
Fri Aug 28 2015 20:55:16 GMT+0800 (China Standard Time),,s1w138,focus,
Fri Aug 28 2015 20:55:16 GMT+0800 (China Standard Time),,s1w139,focus,
Fri Aug 28 2015 20:55:16 GMT+0800 (China Standard Time),,s1w140,focus,
Fri Aug 28 2015 20:55:17 GMT+0800 (China Standard Time),,s1w141,focus,
Fri Aug 28 2015 20:55:17 GMT+0800 (China Standard Time),,s1w142,focus,
Fri Aug 28 2015 20:55:17 GMT+0800 (China Standard Time),,s1w143,focus,
Fri Aug 28 2015 20:55:18 GMT+0800 (China Standard Time),,s1w144,focus,
Fri Aug 28 2015 20:55:18 GMT+0800 (China Standard Time),,s1w145,focus,
Fri Aug 28 2015 20:55:18 GMT+0800 (China Standard Time),,s1w146,focus,
Fri Aug 28 2015 20:55:19 GMT+0800 (China Standard Time),,s1w147,focus,
Fri Aug 28 2015 20:55:20 GMT+0800 (China Standard Time),,s1w148,focus,
Fri Aug 28 2015 20:55:21 GMT+0800 (China Standard Time),,s1w148,label,"N"
Fri Aug 28 2015 20:55:21 GMT+0800 (China Standard Time),,s1w149,focus,
Fri Aug 28 2015 20:55:21 GMT+0800 (China Standard Time),,s1w150,focus,
Fri Aug 28 2015 20:55:22 GMT+0800 (China Standard Time),,s1w151,focus,
Fri Aug 28 2015 20:55:23 GMT+0800 (China Standard Time),,s1w152,focus,
Fri Aug 28 2015 20:55:23 GMT+0800 (China Standard Time),,s1w153,focus,
Fri Aug 28 2015 20:55:23 GMT+0800 (China Standard Time),,s1w154,focus,
Fri Aug 28 2015 20:55:23 GMT+0800 (China Standard Time),,s1w155,focus,
Fri Aug 28 2015 20:55:24 GMT+0800 (China Standard Time),,s1w156,focus,
Fri Aug 28 2015 20:55:24 GMT+0800 (China Standard Time),,s1w157,focus,
Fri Aug 28 2015 20:55:24 GMT+0800 (China Standard Time),,s1w158,focus,
Fri Aug 28 2015 20:55:24 GMT+0800 (China Standard Time),,s1w159,focus,
Fri Aug 28 2015 20:55:25 GMT+0800 (China Standard Time),,s1w160,focus,
Fri Aug 28 2015 20:55:25 GMT+0800 (China Standard Time),,s1w161,focus,
Fri Aug 28 2015 20:55:25 GMT+0800 (China Standard Time),,s1w162,focus,
Fri Aug 28 2015 20:55:25 GMT+0800 (China Standard Time),,s1w163,focus,
Fri Aug 28 2015 20:55:26 GMT+0800 (China Standard Time),,s1w164,focus,
Fri Aug 28 2015 20:55:26 GMT+0800 (China Standard Time),,s1w165,focus,
Fri Aug 28 2015 20:55:27 GMT+0800 (China Standard Time),,s1w165,label,"^"
Fri Aug 28 2015 20:55:27 GMT+0800 (China Standard Time),,s1w166,focus,
Fri Aug 28 2015 20:55:27 GMT+0800 (China Standard Time),,s2w1,focus,
Fri Aug 28 2015 20:55:28 GMT+0800 (China Standard Time),,s2w2,focus,
Fri Aug 28 2015 20:55:29 GMT+0800 (China Standard Time),,s2w1,focus,
Fri Aug 28 2015 20:55:29 GMT+0800 (China Standard Time),,s2w1,focus,
Fri Aug 28 2015 20:55:30 GMT+0800 (China Standard Time),,s2w1,label,"N"
Fri Aug 28 2015 20:55:31 GMT+0800 (China Standard Time),,s2w2,focus,
Fri Aug 28 2015 20:55:31 GMT+0800 (China Standard Time),,s2w3,focus,
Fri Aug 28 2015 20:55:31 GMT+0800 (China Standard Time),,s2w4,focus,
Fri Aug 28 2015 20:55:32 GMT+0800 (China Standard Time),,s2w4,label,"N"
Fri Aug 28 2015 20:55:33 GMT+0800 (China Standard Time),,s2w5,focus,
Fri Aug 28 2015 20:55:33 GMT+0800 (China Standard Time),,s2w6,focus,
Fri Aug 28 2015 20:55:34 GMT+0800 (China Standard Time),,s2w7,focus,
Fri Aug 28 2015 20:55:34 GMT+0800 (China Standard Time),,s2w8,focus,
Fri Aug 28 2015 20:55:34 GMT+0800 (China Standard Time),,s2w9,focus,
Fri Aug 28 2015 20:55:34 GMT+0800 (China Standard Time),,s2w10,focus,
Fri Aug 28 2015 20:55:35 GMT+0800 (China Standard Time),,s2w11,focus,
Fri Aug 28 2015 20:55:36 GMT+0800 (China Standard Time),,s2w12,focus,
Fri Aug 28 2015 20:55:36 GMT+0800 (China Standard Time),,s2w13,focus,
Fri Aug 28 2015 20:55:36 GMT+0800 (China Standard Time),,s2w14,focus,
Fri Aug 28 2015 20:55:36 GMT+0800 (China Standard Time),,s2w15,focus,
Fri Aug 28 2015 20:55:37 GMT+0800 (China Standard Time),,s2w16,focus,
Fri Aug 28 2015 20:55:37 GMT+0800 (China Standard Time),,s2w17,focus,
Fri Aug 28 2015 20:55:37 GMT+0800 (China Standard Time),,s2w18,focus,
Fri Aug 28 2015 20:55:37 GMT+0800 (China Standard Time),,s2w19,focus,
Fri Aug 28 2015 20:55:38 GMT+0800 (China Standard Time),,s2w20,focus,
Fri Aug 28 2015 20:55:38 GMT+0800 (China Standard Time),,s2w21,focus,
Fri Aug 28 2015 20:55:38 GMT+0800 (China Standard Time),,s2w22,focus,
Fri Aug 28 2015 20:55:38 GMT+0800 (China Standard Time),,s2w23,focus,
Fri Aug 28 2015 20:55:39 GMT+0800 (China Standard Time),,s2w24,focus,
Fri Aug 28 2015 20:55:39 GMT+0800 (China Standard Time),,s2w25,focus,
Fri Aug 28 2015 20:55:39 GMT+0800 (China Standard Time),,s2w26,focus,
Fri Aug 28 2015 20:55:40 GMT+0800 (China Standard Time),,s2w27,focus,
Fri Aug 28 2015 20:55:40 GMT+0800 (China Standard Time),,s2w28,focus,
Fri Aug 28 2015 20:55:40 GMT+0800 (China Standard Time),,s2w29,focus,
Fri Aug 28 2015 20:55:41 GMT+0800 (China Standard Time),,s2w30,focus,
Fri Aug 28 2015 20:55:41 GMT+0800 (China Standard Time),,s2w31,focus,
Fri Aug 28 2015 20:55:41 GMT+0800 (China Standard Time),,s2w32,focus,
Fri Aug 28 2015 20:55:42 GMT+0800 (China Standard Time),,s2w33,focus,
Fri Aug 28 2015 20:55:42 GMT+0800 (China Standard Time),,s2w34,focus,
Fri Aug 28 2015 20:55:43 GMT+0800 (China Standard Time),,s2w35,focus,
Fri Aug 28 2015 20:55:43 GMT+0800 (China Standard Time),,s2w36,focus,
Fri Aug 28 2015 20:55:43 GMT+0800 (China Standard Time),,s2w37,focus,
Fri Aug 28 2015 20:55:44 GMT+0800 (China Standard Time),,s2w38,focus,
Fri Aug 28 2015 20:55:44 GMT+0800 (China Standard Time),,s2w39,focus,
Fri Aug 28 2015 20:55:44 GMT+0800 (China Standard Time),,s2w40,focus,
Fri Aug 28 2015 20:55:45 GMT+0800 (China Standard Time),,s2w41,focus,
Fri Aug 28 2015 20:55:45 GMT+0800 (China Standard Time),,s2w42,focus,
Fri Aug 28 2015 20:55:45 GMT+0800 (China Standard Time),,s2w43,focus,
Fri Aug 28 2015 20:55:46 GMT+0800 (China Standard Time),,s2w44,focus,
Fri Aug 28 2015 20:55:47 GMT+0800 (China Standard Time),,s2w44,label,"^"
Fri Aug 28 2015 20:55:47 GMT+0800 (China Standard Time),,s2w45,focus,
Fri Aug 28 2015 20:55:48 GMT+0800 (China Standard Time),,s2w46,focus,
Fri Aug 28 2015 20:55:48 GMT+0800 (China Standard Time),,s2w47,focus,
Fri Aug 28 2015 20:55:48 GMT+0800 (China Standard Time),,s2w48,focus,
Fri Aug 28 2015 20:55:49 GMT+0800 (China Standard Time),,s2w49,focus,
Fri Aug 28 2015 20:55:49 GMT+0800 (China Standard Time),,s2w50,focus,
Fri Aug 28 2015 20:55:49 GMT+0800 (China Standard Time),,s2w51,focus,
Fri Aug 28 2015 20:55:50 GMT+0800 (China Standard Time),,s2w52,focus,
Fri Aug 28 2015 20:55:50 GMT+0800 (China Standard Time),,s2w53,focus,
Fri Aug 28 2015 20:55:50 GMT+0800 (China Standard Time),,s2w54,focus,
Fri Aug 28 2015 20:55:51 GMT+0800 (China Standard Time),,s2w55,focus,
Fri Aug 28 2015 20:55:51 GMT+0800 (China Standard Time),,s2w56,focus,
Fri Aug 28 2015 20:55:51 GMT+0800 (China Standard Time),,s2w57,focus,
Fri Aug 28 2015 20:55:52 GMT+0800 (China Standard Time),,s2w58,focus,
Fri Aug 28 2015 20:55:52 GMT+0800 (China Standard Time),,s3w1,focus,
Fri Aug 28 2015 20:55:54 GMT+0800 (China Standard Time),,s3w2,focus,
Fri Aug 28 2015 20:55:55 GMT+0800 (China Standard Time),,s3w3,focus,
Fri Aug 28 2015 20:55:55 GMT+0800 (China Standard Time),,s3w4,focus,
Fri Aug 28 2015 20:55:55 GMT+0800 (China Standard Time),,s3w5,focus,
Fri Aug 28 2015 20:55:56 GMT+0800 (China Standard Time),,s3w6,focus,
Fri Aug 28 2015 20:55:56 GMT+0800 (China Standard Time),,s3w7,focus,
Fri Aug 28 2015 20:55:56 GMT+0800 (China Standard Time),,s3w8,focus,
Fri Aug 28 2015 20:55:57 GMT+0800 (China Standard Time),,s3w9,focus,
Fri Aug 28 2015 20:55:57 GMT+0800 (China Standard Time),,s3w10,focus,
Fri Aug 28 2015 20:55:57 GMT+0800 (China Standard Time),,s3w11,focus,
Fri Aug 28 2015 20:56:00 GMT+0800 (China Standard Time),,s3w11,label,"N"
Fri Aug 28 2015 20:56:00 GMT+0800 (China Standard Time),,s3w12,focus,
Fri Aug 28 2015 20:56:01 GMT+0800 (China Standard Time),,s3w13,focus,
Fri Aug 28 2015 20:56:01 GMT+0800 (China Standard Time),,s3w14,focus,
Fri Aug 28 2015 20:56:02 GMT+0800 (China Standard Time),,s3w15,focus,
Fri Aug 28 2015 20:56:02 GMT+0800 (China Standard Time),,s3w16,focus,
Fri Aug 28 2015 20:56:02 GMT+0800 (China Standard Time),,s3w17,focus,
Fri Aug 28 2015 20:56:02 GMT+0800 (China Standard Time),,s3w18,focus,
Fri Aug 28 2015 20:56:03 GMT+0800 (China Standard Time),,s3w19,focus,
Fri Aug 28 2015 20:56:03 GMT+0800 (China Standard Time),,s3w20,focus,
Fri Aug 28 2015 20:56:03 GMT+0800 (China Standard Time),,s3w20,label,"N"
Fri Aug 28 2015 20:56:04 GMT+0800 (China Standard Time),,s3w21,focus,
Fri Aug 28 2015 20:56:04 GMT+0800 (China Standard Time),,s3w22,focus,
Fri Aug 28 2015 20:56:05 GMT+0800 (China Standard Time),,s3w23,focus,
Fri Aug 28 2015 20:56:05 GMT+0800 (China Standard Time),,s3w24,focus,
Fri Aug 28 2015 20:56:05 GMT+0800 (China Standard Time),,s3w25,focus,
Fri Aug 28 2015 20:56:05 GMT+0800 (China Standard Time),,s3w26,focus,
Fri Aug 28 2015 20:56:06 GMT+0800 (China Standard Time),,s3w27,focus,
Fri Aug 28 2015 20:56:06 GMT+0800 (China Standard Time),,s3w28,focus,
Fri Aug 28 2015 20:56:06 GMT+0800 (China Standard Time),,s3w29,focus,
Fri Aug 28 2015 20:56:07 GMT+0800 (China Standard Time),,s3w30,focus,
Fri Aug 28 2015 20:56:07 GMT+0800 (China Standard Time),,s3w31,focus,
Fri Aug 28 2015 20:56:08 GMT+0800 (China Standard Time),,s3w32,focus,
Fri Aug 28 2015 20:56:09 GMT+0800 (China Standard Time),,s3w32,label,"^"
Fri Aug 28 2015 20:56:10 GMT+0800 (China Standard Time),,s3w33,focus,
Fri Aug 28 2015 20:56:10 GMT+0800 (China Standard Time),,s3w34,focus,
Fri Aug 28 2015 20:56:11 GMT+0800 (China Standard Time),,s3w35,focus,
Fri Aug 28 2015 20:56:12 GMT+0800 (China Standard Time),,s4w1,focus,
Fri Aug 28 2015 20:56:12 GMT+0800 (China Standard Time),,s4w2,focus,
Fri Aug 28 2015 20:56:15 GMT+0800 (China Standard Time),,s4w1,focus,
Fri Aug 28 2015 20:56:16 GMT+0800 (China Standard Time),,s4w1,focus,
Fri Aug 28 2015 20:56:17 GMT+0800 (China Standard Time),,s4w1,label,"D"
Fri Aug 28 2015 20:56:17 GMT+0800 (China Standard Time),,s4w2,focus,
Fri Aug 28 2015 20:56:18 GMT+0800 (China Standard Time),,s4w3,focus,
Fri Aug 28 2015 20:56:18 GMT+0800 (China Standard Time),,s4w4,focus,
Fri Aug 28 2015 20:56:19 GMT+0800 (China Standard Time),,s4w5,focus,
Fri Aug 28 2015 20:56:19 GMT+0800 (China Standard Time),,s4w6,focus,
Fri Aug 28 2015 20:56:19 GMT+0800 (China Standard Time),,s4w7,focus,
Fri Aug 28 2015 20:56:20 GMT+0800 (China Standard Time),,s4w8,focus,
Fri Aug 28 2015 20:56:20 GMT+0800 (China Standard Time),,s4w9,focus,
Fri Aug 28 2015 20:56:20 GMT+0800 (China Standard Time),,s4w10,focus,
Fri Aug 28 2015 20:56:21 GMT+0800 (China Standard Time),,s4w11,focus,
Fri Aug 28 2015 20:56:21 GMT+0800 (China Standard Time),,s4w12,focus,
Fri Aug 28 2015 20:56:22 GMT+0800 (China Standard Time),,s4w13,focus,
Fri Aug 28 2015 20:56:22 GMT+0800 (China Standard Time),,s4w14,focus,
Fri Aug 28 2015 20:56:22 GMT+0800 (China Standard Time),,s4w15,focus,
Fri Aug 28 2015 20:56:22 GMT+0800 (China Standard Time),,s4w16,focus,
Fri Aug 28 2015 20:56:23 GMT+0800 (China Standard Time),,s4w17,focus,
Fri Aug 28 2015 20:56:23 GMT+0800 (China Standard Time),,s4w18,focus,
Fri Aug 28 2015 20:56:23 GMT+0800 (China Standard Time),,s4w19,focus,
Fri Aug 28 2015 20:56:23 GMT+0800 (China Standard Time),,s4w20,focus,
Fri Aug 28 2015 20:56:24 GMT+0800 (China Standard Time),,s4w21,focus,
Fri Aug 28 2015 20:56:24 GMT+0800 (China Standard Time),,s4w22,focus,
Fri Aug 28 2015 20:56:24 GMT+0800 (China Standard Time),,s4w23,focus,
Fri Aug 28 2015 20:56:24 GMT+0800 (China Standard Time),,s4w24,focus,
Fri Aug 28 2015 20:56:25 GMT+0800 (China Standard Time),,s4w25,focus,
Fri Aug 28 2015 20:56:25 GMT+0800 (China Standard Time),,s4w26,focus,
Fri Aug 28 2015 20:56:25 GMT+0800 (China Standard Time),,s4w27,focus,
Fri Aug 28 2015 20:56:25 GMT+0800 (China Standard Time),,s4w28,focus,
Fri Aug 28 2015 20:56:26 GMT+0800 (China Standard Time),,s4w29,focus,
Fri Aug 28 2015 20:56:26 GMT+0800 (China Standard Time),,s4w30,focus,
Fri Aug 28 2015 20:56:27 GMT+0800 (China Standard Time),,s4w31,focus,
Fri Aug 28 2015 20:56:27 GMT+0800 (China Standard Time),,s4w32,focus,
Fri Aug 28 2015 20:56:27 GMT+0800 (China Standard Time),,s4w33,focus,
Fri Aug 28 2015 20:56:27 GMT+0800 (China Standard Time),,s4w34,focus,
Fri Aug 28 2015 20:56:28 GMT+0800 (China Standard Time),,s4w35,focus,
Fri Aug 28 2015 20:56:28 GMT+0800 (China Standard Time),,s4w36,focus,
Fri Aug 28 2015 20:56:28 GMT+0800 (China Standard Time),,s4w37,focus,
Fri Aug 28 2015 20:56:28 GMT+0800 (China Standard Time),,s4w38,focus,
Fri Aug 28 2015 20:56:29 GMT+0800 (China Standard Time),,s4w39,focus,
Fri Aug 28 2015 20:56:29 GMT+0800 (China Standard Time),,s4w40,focus,
Fri Aug 28 2015 20:56:29 GMT+0800 (China Standard Time),,s4w41,focus,
Fri Aug 28 2015 20:56:30 GMT+0800 (China Standard Time),,s4w42,focus,
Fri Aug 28 2015 20:56:30 GMT+0800 (China Standard Time),,s4w43,focus,
Fri Aug 28 2015 20:56:31 GMT+0800 (China Standard Time),,s4w44,focus,
Fri Aug 28 2015 20:56:31 GMT+0800 (China Standard Time),,s4w45,focus,
Fri Aug 28 2015 20:56:33 GMT+0800 (China Standard Time),,s4w44,focus,
Fri Aug 28 2015 20:56:33 GMT+0800 (China Standard Time),,s4w44,focus,
Fri Aug 28 2015 20:56:36 GMT+0800 (China Standard Time),,s4w45,focus,
Fri Aug 28 2015 20:56:37 GMT+0800 (China Standard Time),,s4w46,focus,
Fri Aug 28 2015 20:56:38 GMT+0800 (China Standard Time),,s4w47,focus,
Fri Aug 28 2015 20:56:38 GMT+0800 (China Standard Time),,s4w48,focus,
Fri Aug 28 2015 20:56:38 GMT+0800 (China Standard Time),,s4w49,focus,
Fri Aug 28 2015 20:56:40 GMT+0800 (China Standard Time),,s4w49,label,","
Fri Aug 28 2015 20:56:41 GMT+0800 (China Standard Time),,s5w1,focus,
Fri Aug 28 2015 20:56:41 GMT+0800 (China Standard Time),,s5w2,focus,
Fri Aug 28 2015 20:56:41 GMT+0800 (China Standard Time),,s5w3,focus,
Fri Aug 28 2015 20:56:42 GMT+0800 (China Standard Time),,s5w4,focus,
Fri Aug 28 2015 20:56:43 GMT+0800 (China Standard Time),,s5w5,focus,
Fri Aug 28 2015 20:56:43 GMT+0800 (China Standard Time),,s5w6,focus,
Fri Aug 28 2015 20:56:43 GMT+0800 (China Standard Time),,s5w7,focus,
Fri Aug 28 2015 20:56:44 GMT+0800 (China Standard Time),,s5w8,focus,
Fri Aug 28 2015 20:56:44 GMT+0800 (China Standard Time),,s5w9,focus,
Fri Aug 28 2015 20:56:44 GMT+0800 (China Standard Time),,s5w10,focus,
Fri Aug 28 2015 20:56:44 GMT+0800 (China Standard Time),,s5w11,focus,
Fri Aug 28 2015 20:56:45 GMT+0800 (China Standard Time),,s5w12,focus,
Fri Aug 28 2015 20:56:45 GMT+0800 (China Standard Time),,s5w13,focus,
Fri Aug 28 2015 20:56:45 GMT+0800 (China Standard Time),,s5w14,focus,
Fri Aug 28 2015 20:56:45 GMT+0800 (China Standard Time),,s5w15,focus,
Fri Aug 28 2015 20:56:46 GMT+0800 (China Standard Time),,s5w16,focus,
Fri Aug 28 2015 20:56:46 GMT+0800 (China Standard Time),,s5w17,focus,
Fri Aug 28 2015 20:56:46 GMT+0800 (China Standard Time),,s5w18,focus,
Fri Aug 28 2015 20:56:47 GMT+0800 (China Standard Time),,s5w19,focus,
Fri Aug 28 2015 20:56:47 GMT+0800 (China Standard Time),,s5w20,focus,
Fri Aug 28 2015 20:56:47 GMT+0800 (China Standard Time),,s5w21,focus,
Fri Aug 28 2015 20:56:47 GMT+0800 (China Standard Time),,s5w22,focus,
Fri Aug 28 2015 20:56:48 GMT+0800 (China Standard Time),,s5w23,focus,
Fri Aug 28 2015 20:56:48 GMT+0800 (China Standard Time),,s5w24,focus,
Fri Aug 28 2015 20:56:48 GMT+0800 (China Standard Time),,s5w25,focus,
Fri Aug 28 2015 20:56:48 GMT+0800 (China Standard Time),,s5w26,focus,
Fri Aug 28 2015 20:56:49 GMT+0800 (China Standard Time),,s5w27,focus,
Fri Aug 28 2015 20:56:49 GMT+0800 (China Standard Time),,s5w28,focus,
Fri Aug 28 2015 20:56:50 GMT+0800 (China Standard Time),,s5w29,focus,
Fri Aug 28 2015 20:56:50 GMT+0800 (China Standard Time),,s5w30,focus,
Fri Aug 28 2015 20:56:50 GMT+0800 (China Standard Time),,s5w31,focus,
Fri Aug 28 2015 20:56:51 GMT+0800 (China Standard Time),,s5w32,focus,
Fri Aug 28 2015 20:56:51 GMT+0800 (China Standard Time),,s5w33,focus,
Fri Aug 28 2015 20:56:51 GMT+0800 (China Standard Time),,s5w34,focus,
Fri Aug 28 2015 20:56:51 GMT+0800 (China Standard Time),,s5w35,focus,
Fri Aug 28 2015 20:56:52 GMT+0800 (China Standard Time),,s5w36,focus,
Fri Aug 28 2015 20:56:52 GMT+0800 (China Standard Time),,s5w37,focus,
Fri Aug 28 2015 20:56:52 GMT+0800 (China Standard Time),,s5w38,focus,
Fri Aug 28 2015 20:56:52 GMT+0800 (China Standard Time),,s5w39,focus,
Fri Aug 28 2015 20:56:53 GMT+0800 (China Standard Time),,s5w40,focus,
Fri Aug 28 2015 20:56:53 GMT+0800 (China Standard Time),,s5w41,focus,
Fri Aug 28 2015 20:56:53 GMT+0800 (China Standard Time),,s5w42,focus,
Fri Aug 28 2015 20:56:54 GMT+0800 (China Standard Time),,s5w43,focus,
Fri Aug 28 2015 20:56:54 GMT+0800 (China Standard Time),,s5w44,focus,
Fri Aug 28 2015 20:56:54 GMT+0800 (China Standard Time),,s5w45,focus,
Fri Aug 28 2015 20:56:55 GMT+0800 (China Standard Time),,s5w46,focus,
Fri Aug 28 2015 20:56:55 GMT+0800 (China Standard Time),,s5w47,focus,
Fri Aug 28 2015 20:56:55 GMT+0800 (China Standard Time),,s5w48,focus,
Fri Aug 28 2015 20:56:55 GMT+0800 (China Standard Time),,s5w49,focus,
Fri Aug 28 2015 20:56:56 GMT+0800 (China Standard Time),,s5w50,focus,
Fri Aug 28 2015 20:56:56 GMT+0800 (China Standard Time),,s5w51,focus,
Fri Aug 28 2015 20:56:56 GMT+0800 (China Standard Time),,s5w52,focus,
Fri Aug 28 2015 20:56:57 GMT+0800 (China Standard Time),,s5w53,focus,
Fri Aug 28 2015 20:56:58 GMT+0800 (China Standard Time),,s5w54,focus,
Fri Aug 28 2015 20:56:58 GMT+0800 (China Standard Time),,s5w55,focus,
Fri Aug 28 2015 20:56:58 GMT+0800 (China Standard Time),,s5w56,focus,
Fri Aug 28 2015 20:56:59 GMT+0800 (China Standard Time),,s5w57,focus,
Fri Aug 28 2015 20:57:00 GMT+0800 (China Standard Time),,s5w58,focus,
Fri Aug 28 2015 20:57:00 GMT+0800 (China Standard Time),,s5w59,focus,
Fri Aug 28 2015 20:57:00 GMT+0800 (China Standard Time),,s5w60,focus,
Fri Aug 28 2015 20:57:01 GMT+0800 (China Standard Time),,s5w61,focus,
Fri Aug 28 2015 20:57:01 GMT+0800 (China Standard Time),,s5w62,focus,
Fri Aug 28 2015 20:57:01 GMT+0800 (China Standard Time),,s5w63,focus,
Fri Aug 28 2015 20:57:02 GMT+0800 (China Standard Time),,s5w64,focus,
Fri Aug 28 2015 20:57:02 GMT+0800 (China Standard Time),,s5w65,focus,
Fri Aug 28 2015 20:57:02 GMT+0800 (China Standard Time),,s5w66,focus,
Fri Aug 28 2015 20:57:03 GMT+0800 (China Standard Time),,s5w67,focus,
Fri Aug 28 2015 20:57:03 GMT+0800 (China Standard Time),,s5w68,focus,
Fri Aug 28 2015 20:57:04 GMT+0800 (China Standard Time),,s5w69,focus,
Fri Aug 28 2015 20:57:04 GMT+0800 (China Standard Time),,s5w70,focus,
Fri Aug 28 2015 20:57:04 GMT+0800 (China Standard Time),,s5w71,focus,
Fri Aug 28 2015 20:57:05 GMT+0800 (China Standard Time),,s6w1,focus,
Fri Aug 28 2015 20:57:05 GMT+0800 (China Standard Time),,s6w2,focus,
Fri Aug 28 2015 20:57:06 GMT+0800 (China Standard Time),,s6w3,focus,
Fri Aug 28 2015 20:57:06 GMT+0800 (China Standard Time),,s6w4,focus,
Fri Aug 28 2015 20:57:06 GMT+0800 (China Standard Time),,s6w5,focus,
Fri Aug 28 2015 20:57:07 GMT+0800 (China Standard Time),,s6w6,focus,
Fri Aug 28 2015 20:57:07 GMT+0800 (China Standard Time),,s6w7,focus,
Fri Aug 28 2015 20:57:07 GMT+0800 (China Standard Time),,s6w8,focus,
Fri Aug 28 2015 20:57:08 GMT+0800 (China Standard Time),,s6w9,focus,
Fri Aug 28 2015 20:57:08 GMT+0800 (China Standard Time),,s6w10,focus,
Fri Aug 28 2015 20:57:08 GMT+0800 (China Standard Time),,s6w11,focus,
Fri Aug 28 2015 20:57:10 GMT+0800 (China Standard Time),,s6w10,focus,
Fri Aug 28 2015 20:57:10 GMT+0800 (China Standard Time),,s6w10,focus,
Fri Aug 28 2015 20:57:11 GMT+0800 (China Standard Time),,s6w10,label,"^"
Fri Aug 28 2015 20:57:12 GMT+0800 (China Standard Time),,s6w11,focus,
Fri Aug 28 2015 20:57:13 GMT+0800 (China Standard Time),,s6w12,focus,
Fri Aug 28 2015 20:57:13 GMT+0800 (China Standard Time),,s6w13,focus,
Fri Aug 28 2015 20:57:15 GMT+0800 (China Standard Time),,s6w14,focus,
Fri Aug 28 2015 20:57:17 GMT+0800 (China Standard Time),,s6w15,focus,
Fri Aug 28 2015 20:57:17 GMT+0800 (China Standard Time),,s6w16,focus,
Fri Aug 28 2015 20:57:17 GMT+0800 (China Standard Time),,s6w17,focus,
Fri Aug 28 2015 20:57:18 GMT+0800 (China Standard Time),,s6w18,focus,
Fri Aug 28 2015 20:57:18 GMT+0800 (China Standard Time),,s6w19,focus,
Fri Aug 28 2015 20:57:18 GMT+0800 (China Standard Time),,s6w20,focus,
Fri Aug 28 2015 20:57:19 GMT+0800 (China Standard Time),,s6w21,focus,
Fri Aug 28 2015 20:57:19 GMT+0800 (China Standard Time),,s6w22,focus,
Fri Aug 28 2015 20:57:19 GMT+0800 (China Standard Time),,s6w23,focus,
Fri Aug 28 2015 20:57:20 GMT+0800 (China Standard Time),,s6w24,focus,
Fri Aug 28 2015 20:57:20 GMT+0800 (China Standard Time),,s6w25,focus,
Fri Aug 28 2015 20:57:21 GMT+0800 (China Standard Time),,s6w26,focus,
Fri Aug 28 2015 20:57:21 GMT+0800 (China Standard Time),,s6w27,focus,
Fri Aug 28 2015 20:57:22 GMT+0800 (China Standard Time),,s6w28,focus,
Fri Aug 28 2015 20:57:22 GMT+0800 (China Standard Time),,s6w29,focus,
Fri Aug 28 2015 20:57:22 GMT+0800 (China Standard Time),,s6w30,focus,
Fri Aug 28 2015 20:57:22 GMT+0800 (China Standard Time),,s6w31,focus,
Fri Aug 28 2015 20:57:23 GMT+0800 (China Standard Time),,s6w32,focus,
Fri Aug 28 2015 20:57:23 GMT+0800 (China Standard Time),,s6w33,focus,
Fri Aug 28 2015 20:57:23 GMT+0800 (China Standard Time),,s6w34,focus,
Fri Aug 28 2015 20:57:24 GMT+0800 (China Standard Time),,s6w35,focus,
Fri Aug 28 2015 20:57:24 GMT+0800 (China Standard Time),,s6w36,focus,
Fri Aug 28 2015 20:57:24 GMT+0800 (China Standard Time),,s6w37,focus,
Fri Aug 28 2015 20:57:24 GMT+0800 (China Standard Time),,s6w38,focus,
Fri Aug 28 2015 20:57:25 GMT+0800 (China Standard Time),,s6w39,focus,
Fri Aug 28 2015 20:57:25 GMT+0800 (China Standard Time),,s6w40,focus,
Fri Aug 28 2015 20:57:25 GMT+0800 (China Standard Time),,s6w41,focus,
Fri Aug 28 2015 20:57:25 GMT+0800 (China Standard Time),,s6w42,focus,
Fri Aug 28 2015 20:57:26 GMT+0800 (China Standard Time),,s6w43,focus,
Fri Aug 28 2015 20:57:26 GMT+0800 (China Standard Time),,s6w44,focus,
Fri Aug 28 2015 20:57:26 GMT+0800 (China Standard Time),,s6w45,focus,
Fri Aug 28 2015 20:57:26 GMT+0800 (China Standard Time),,s6w46,focus,
Fri Aug 28 2015 20:57:27 GMT+0800 (China Standard Time),,s6w47,focus,
Fri Aug 28 2015 20:57:27 GMT+0800 (China Standard Time),,s6w48,focus,
Fri Aug 28 2015 20:57:27 GMT+0800 (China Standard Time),,s6w49,focus,
Fri Aug 28 2015 20:57:27 GMT+0800 (China Standard Time),,s6w50,focus,
Fri Aug 28 2015 20:57:28 GMT+0800 (China Standard Time),,s6w51,focus,
Fri Aug 28 2015 20:57:28 GMT+0800 (China Standard Time),,s6w52,focus,
Fri Aug 28 2015 20:57:28 GMT+0800 (China Standard Time),,s6w53,focus,
Fri Aug 28 2015 20:57:29 GMT+0800 (China Standard Time),,s6w54,focus,
Fri Aug 28 2015 20:57:29 GMT+0800 (China Standard Time),,s6w55,focus,
Fri Aug 28 2015 20:57:29 GMT+0800 (China Standard Time),,s6w56,focus,
Fri Aug 28 2015 20:57:30 GMT+0800 (China Standard Time),,s6w57,focus,
Fri Aug 28 2015 20:57:30 GMT+0800 (China Standard Time),,s6w58,focus,
Fri Aug 28 2015 20:57:30 GMT+0800 (China Standard Time),,s6w59,focus,
Fri Aug 28 2015 20:57:30 GMT+0800 (China Standard Time),,s6w60,focus,
Fri Aug 28 2015 20:57:31 GMT+0800 (China Standard Time),,s6w61,focus,
Fri Aug 28 2015 20:57:31 GMT+0800 (China Standard Time),,s6w62,focus,
Fri Aug 28 2015 20:57:31 GMT+0800 (China Standard Time),,s6w63,focus,
Fri Aug 28 2015 20:57:32 GMT+0800 (China Standard Time),,s6w64,focus,
Fri Aug 28 2015 20:57:32 GMT+0800 (China Standard Time),,s7w1,focus,
Fri Aug 28 2015 20:57:32 GMT+0800 (China Standard Time),,s7w2,focus,
Fri Aug 28 2015 20:57:32 GMT+0800 (China Standard Time),,s7w3,focus,
Fri Aug 28 2015 20:57:33 GMT+0800 (China Standard Time),,s7w4,focus,
Fri Aug 28 2015 20:57:33 GMT+0800 (China Standard Time),,s7w5,focus,
Fri Aug 28 2015 20:57:33 GMT+0800 (China Standard Time),,s7w6,focus,
Fri Aug 28 2015 20:57:33 GMT+0800 (China Standard Time),,s7w7,focus,
Fri Aug 28 2015 20:57:34 GMT+0800 (China Standard Time),,s7w8,focus,
Fri Aug 28 2015 20:57:34 GMT+0800 (China Standard Time),,s7w9,focus,
Fri Aug 28 2015 20:57:34 GMT+0800 (China Standard Time),,s7w10,focus,
Fri Aug 28 2015 20:57:34 GMT+0800 (China Standard Time),,s7w11,focus,
Fri Aug 28 2015 20:57:35 GMT+0800 (China Standard Time),,s7w12,focus,
Fri Aug 28 2015 20:57:35 GMT+0800 (China Standard Time),,s7w13,focus,
Fri Aug 28 2015 20:57:35 GMT+0800 (China Standard Time),,s7w14,focus,
Fri Aug 28 2015 20:57:35 GMT+0800 (China Standard Time),,s7w15,focus,
Fri Aug 28 2015 20:57:36 GMT+0800 (China Standard Time),,s7w16,focus,
Fri Aug 28 2015 20:57:36 GMT+0800 (China Standard Time),,s7w17,focus,
Fri Aug 28 2015 20:57:36 GMT+0800 (China Standard Time),,s7w18,focus,
Fri Aug 28 2015 20:57:36 GMT+0800 (China Standard Time),,s7w19,focus,
Fri Aug 28 2015 20:57:37 GMT+0800 (China Standard Time),,s7w20,focus,
Fri Aug 28 2015 20:57:37 GMT+0800 (China Standard Time),,s7w21,focus,
Fri Aug 28 2015 20:57:37 GMT+0800 (China Standard Time),,s7w22,focus,
Fri Aug 28 2015 20:57:37 GMT+0800 (China Standard Time),,s7w23,focus,
Fri Aug 28 2015 20:57:38 GMT+0800 (China Standard Time),,s7w24,focus,
Fri Aug 28 2015 20:57:38 GMT+0800 (China Standard Time),,s7w25,focus,
Fri Aug 28 2015 20:57:38 GMT+0800 (China Standard Time),,s7w26,focus,
Fri Aug 28 2015 20:57:39 GMT+0800 (China Standard Time),,s7w27,focus,
Fri Aug 28 2015 20:57:39 GMT+0800 (China Standard Time),,s7w28,focus,
Fri Aug 28 2015 20:57:39 GMT+0800 (China Standard Time),,s7w29,focus,
Fri Aug 28 2015 20:57:41 GMT+0800 (China Standard Time),,s8w1,focus,
Fri Aug 28 2015 20:57:41 GMT+0800 (China Standard Time),,s8w2,focus,
Fri Aug 28 2015 20:57:41 GMT+0800 (China Standard Time),,s8w3,focus,
Fri Aug 28 2015 20:57:42 GMT+0800 (China Standard Time),,s8w4,focus,
Fri Aug 28 2015 20:57:42 GMT+0800 (China Standard Time),,s8w5,focus,
Fri Aug 28 2015 20:57:42 GMT+0800 (China Standard Time),,s8w6,focus,
Fri Aug 28 2015 20:57:43 GMT+0800 (China Standard Time),,s8w7,focus,
Fri Aug 28 2015 20:57:45 GMT+0800 (China Standard Time),,s8w8,focus,
Fri Aug 28 2015 20:57:46 GMT+0800 (China Standard Time),,s8w9,focus,
Fri Aug 28 2015 20:57:46 GMT+0800 (China Standard Time),,s8w10,focus,
Fri Aug 28 2015 20:57:46 GMT+0800 (China Standard Time),,s8w11,focus,
Fri Aug 28 2015 20:57:47 GMT+0800 (China Standard Time),,s8w12,focus,
Fri Aug 28 2015 20:57:48 GMT+0800 (China Standard Time),,s8w13,focus,
Fri Aug 28 2015 20:57:48 GMT+0800 (China Standard Time),,s9w1,focus,
Fri Aug 28 2015 20:57:48 GMT+0800 (China Standard Time),,s9w2,focus,
Fri Aug 28 2015 20:57:49 GMT+0800 (China Standard Time),,s9w3,focus,
Fri Aug 28 2015 20:57:49 GMT+0800 (China Standard Time),,s9w4,focus,
Fri Aug 28 2015 20:57:49 GMT+0800 (China Standard Time),,s9w5,focus,
Fri Aug 28 2015 20:57:49 GMT+0800 (China Standard Time),,s9w6,focus,
Fri Aug 28 2015 20:57:50 GMT+0800 (China Standard Time),,s9w7,focus,
Fri Aug 28 2015 20:57:50 GMT+0800 (China Standard Time),,s9w8,focus,
Fri Aug 28 2015 20:57:50 GMT+0800 (China Standard Time),,s9w9,focus,
Fri Aug 28 2015 20:57:51 GMT+0800 (China Standard Time),,s9w10,focus,
Fri Aug 28 2015 20:57:51 GMT+0800 (China Standard Time),,s9w11,focus,
Fri Aug 28 2015 20:57:51 GMT+0800 (China Standard Time),,s9w12,focus,
Fri Aug 28 2015 20:57:53 GMT+0800 (China Standard Time),,s9w13,focus,
Fri Aug 28 2015 20:57:54 GMT+0800 (China Standard Time),,s9w14,focus,
Fri Aug 28 2015 20:57:55 GMT+0800 (China Standard Time),,s9w14,label,"^"
Fri Aug 28 2015 20:57:56 GMT+0800 (China Standard Time),,s9w15,focus,
Fri Aug 28 2015 20:57:56 GMT+0800 (China Standard Time),,s9w16,focus,
Fri Aug 28 2015 20:57:57 GMT+0800 (China Standard Time),,s9w17,focus,
Fri Aug 28 2015 20:57:57 GMT+0800 (China Standard Time),,s9w18,focus,
Fri Aug 28 2015 20:57:58 GMT+0800 (China Standard Time),,s9w19,focus,
Fri Aug 28 2015 20:57:58 GMT+0800 (China Standard Time),,s9w20,focus,
Fri Aug 28 2015 20:57:59 GMT+0800 (China Standard Time),,s9w21,focus,
Fri Aug 28 2015 20:57:59 GMT+0800 (China Standard Time),,s9w22,focus,
Fri Aug 28 2015 20:58:00 GMT+0800 (China Standard Time),,s9w23,focus,
Fri Aug 28 2015 20:58:00 GMT+0800 (China Standard Time),,s9w24,focus,
Fri Aug 28 2015 20:58:00 GMT+0800 (China Standard Time),,s9w25,focus,
Fri Aug 28 2015 20:58:00 GMT+0800 (China Standard Time),,s9w26,focus,
Fri Aug 28 2015 20:58:01 GMT+0800 (China Standard Time),,s9w27,focus,
Fri Aug 28 2015 20:58:01 GMT+0800 (China Standard Time),,s9w28,focus,
Fri Aug 28 2015 20:58:01 GMT+0800 (China Standard Time),,s9w29,focus,
Fri Aug 28 2015 20:58:02 GMT+0800 (China Standard Time),,s9w30,focus,
Fri Aug 28 2015 20:58:02 GMT+0800 (China Standard Time),,s9w31,focus,
Fri Aug 28 2015 20:58:03 GMT+0800 (China Standard Time),,s9w32,focus,
Fri Aug 28 2015 20:58:03 GMT+0800 (China Standard Time),,s9w33,focus,
Fri Aug 28 2015 20:58:03 GMT+0800 (China Standard Time),,s9w34,focus,
Fri Aug 28 2015 20:58:03 GMT+0800 (China Standard Time),,s9w35,focus,
Fri Aug 28 2015 20:58:04 GMT+0800 (China Standard Time),,s9w36,focus,
Fri Aug 28 2015 20:58:04 GMT+0800 (China Standard Time),,s9w37,focus,
Fri Aug 28 2015 20:58:04 GMT+0800 (China Standard Time),,s9w38,focus,
Fri Aug 28 2015 20:58:04 GMT+0800 (China Standard Time),,s9w39,focus,
Fri Aug 28 2015 20:58:05 GMT+0800 (China Standard Time),,s9w40,focus,
Fri Aug 28 2015 20:58:05 GMT+0800 (China Standard Time),,s9w41,focus,
Fri Aug 28 2015 20:58:05 GMT+0800 (China Standard Time),,s9w42,focus,
Fri Aug 28 2015 20:58:06 GMT+0800 (China Standard Time),,s9w43,focus,
Fri Aug 28 2015 20:58:06 GMT+0800 (China Standard Time),,s9w44,focus,
Fri Aug 28 2015 20:58:06 GMT+0800 (China Standard Time),,s9w45,focus,
Fri Aug 28 2015 20:58:07 GMT+0800 (China Standard Time),,s9w46,focus,
Fri Aug 28 2015 20:58:09 GMT+0800 (China Standard Time),,s9w47,focus,
Fri Aug 28 2015 20:58:10 GMT+0800 (China Standard Time),,s9w47,label,"="
Fri Aug 28 2015 20:58:10 GMT+0800 (China Standard Time),,s9w48,focus,
Fri Aug 28 2015 20:58:12 GMT+0800 (China Standard Time),,s9w48,label,"^"
Fri Aug 28 2015 20:58:12 GMT+0800 (China Standard Time),,s9w49,focus,
Fri Aug 28 2015 20:58:16 GMT+0800 (China Standard Time),,s9w49,label,","
Fri Aug 28 2015 20:58:17 GMT+0800 (China Standard Time),,s9w50,focus,
Fri Aug 28 2015 20:58:18 GMT+0800 (China Standard Time),,s9w51,focus,
Fri Aug 28 2015 20:58:19 GMT+0800 (China Standard Time),,s9w52,focus,
Fri Aug 28 2015 20:58:19 GMT+0800 (China Standard Time),,s9w53,focus,
Fri Aug 28 2015 20:58:19 GMT+0800 (China Standard Time),,s9w54,focus,
Fri Aug 28 2015 20:58:20 GMT+0800 (China Standard Time),,s9w55,focus,
Fri Aug 28 2015 20:58:20 GMT+0800 (China Standard Time),,s10w1,focus,
Fri Aug 28 2015 20:58:21 GMT+0800 (China Standard Time),,s10w2,focus,
Fri Aug 28 2015 20:58:25 GMT+0800 (China Standard Time),,s10w3,focus,
Fri Aug 28 2015 20:58:26 GMT+0800 (China Standard Time),,s10w4,focus,
Fri Aug 28 2015 20:58:26 GMT+0800 (China Standard Time),,s10w5,focus,
Fri Aug 28 2015 20:58:26 GMT+0800 (China Standard Time),,s10w6,focus,
Fri Aug 28 2015 20:58:27 GMT+0800 (China Standard Time),,s10w7,focus,
Fri Aug 28 2015 20:58:27 GMT+0800 (China Standard Time),,s10w8,focus,
Fri Aug 28 2015 20:58:27 GMT+0800 (China Standard Time),,s10w9,focus,
Fri Aug 28 2015 20:58:27 GMT+0800 (China Standard Time),,s10w10,focus,
Fri Aug 28 2015 20:58:28 GMT+0800 (China Standard Time),,s10w11,focus,
Fri Aug 28 2015 20:58:28 GMT+0800 (China Standard Time),,s10w12,focus,
Fri Aug 28 2015 20:58:28 GMT+0800 (China Standard Time),,s10w13,focus,
Fri Aug 28 2015 20:58:28 GMT+0800 (China Standard Time),,s10w14,focus,
Fri Aug 28 2015 20:58:29 GMT+0800 (China Standard Time),,s10w15,focus,
Fri Aug 28 2015 20:58:29 GMT+0800 (China Standard Time),,s11w1,focus,
Fri Aug 28 2015 20:58:30 GMT+0800 (China Standard Time),,s11w2,focus,
Fri Aug 28 2015 20:58:31 GMT+0800 (China Standard Time),,s11w3,focus,
Fri Aug 28 2015 20:58:31 GMT+0800 (China Standard Time),,s11w4,focus,
Fri Aug 28 2015 20:58:31 GMT+0800 (China Standard Time),,s11w5,focus,
Fri Aug 28 2015 20:58:31 GMT+0800 (China Standard Time),,s11w6,focus,
Fri Aug 28 2015 20:58:32 GMT+0800 (China Standard Time),,s11w7,focus,
Fri Aug 28 2015 20:58:32 GMT+0800 (China Standard Time),,s11w8,focus,
Fri Aug 28 2015 20:58:32 GMT+0800 (China Standard Time),,s11w9,focus,
Fri Aug 28 2015 20:58:32 GMT+0800 (China Standard Time),,s11w10,focus,
Fri Aug 28 2015 20:58:33 GMT+0800 (China Standard Time),,s11w11,focus,
Fri Aug 28 2015 20:58:33 GMT+0800 (China Standard Time),,s11w12,focus,
Fri Aug 28 2015 20:58:33 GMT+0800 (China Standard Time),,s11w13,focus,
Fri Aug 28 2015 20:58:34 GMT+0800 (China Standard Time),,s11w14,focus,
Fri Aug 28 2015 20:58:34 GMT+0800 (China Standard Time),,s11w14,label,"^"
Fri Aug 28 2015 20:58:35 GMT+0800 (China Standard Time),,s11w15,focus,
Fri Aug 28 2015 20:58:35 GMT+0800 (China Standard Time),,s11w16,focus,
Fri Aug 28 2015 20:58:35 GMT+0800 (China Standard Time),,s11w17,focus,
Fri Aug 28 2015 20:58:37 GMT+0800 (China Standard Time),,s11w17,label,"^"
Fri Aug 28 2015 20:58:38 GMT+0800 (China Standard Time),,s11w18,focus,
Fri Aug 28 2015 20:58:39 GMT+0800 (China Standard Time),,s11w19,focus,
Fri Aug 28 2015 20:58:40 GMT+0800 (China Standard Time),,s11w20,focus,
Fri Aug 28 2015 20:58:42 GMT+0800 (China Standard Time),,s11w17,focus,
Fri Aug 28 2015 20:58:42 GMT+0800 (China Standard Time),,s11w17,focus,
Fri Aug 28 2015 20:58:43 GMT+0800 (China Standard Time),,s11w17,label,"G"
Fri Aug 28 2015 20:58:43 GMT+0800 (China Standard Time),,s11w18,focus,
Fri Aug 28 2015 20:58:44 GMT+0800 (China Standard Time),,s11w19,focus,
Fri Aug 28 2015 20:58:44 GMT+0800 (China Standard Time),,s11w20,focus,
Fri Aug 28 2015 20:58:44 GMT+0800 (China Standard Time),,s11w21,focus,
Fri Aug 28 2015 20:58:45 GMT+0800 (China Standard Time),,s11w22,focus,
Fri Aug 28 2015 20:58:45 GMT+0800 (China Standard Time),,s11w23,focus,
Fri Aug 28 2015 20:58:45 GMT+0800 (China Standard Time),,s11w24,focus,
Fri Aug 28 2015 20:58:46 GMT+0800 (China Standard Time),,s11w25,focus,
Fri Aug 28 2015 20:58:46 GMT+0800 (China Standard Time),,s11w26,focus,
Fri Aug 28 2015 20:58:48 GMT+0800 (China Standard Time),,s11w25,focus,
Fri Aug 28 2015 20:58:48 GMT+0800 (China Standard Time),,s11w25,focus,
Fri Aug 28 2015 20:58:49 GMT+0800 (China Standard Time),,s11w25,label,"N"
Fri Aug 28 2015 20:58:50 GMT+0800 (China Standard Time),,s11w26,focus,
Fri Aug 28 2015 20:58:50 GMT+0800 (China Standard Time),,s11w27,focus,
Fri Aug 28 2015 20:58:51 GMT+0800 (China Standard Time),,s11w28,focus,
Fri Aug 28 2015 20:58:51 GMT+0800 (China Standard Time),,s11w29,focus,
Fri Aug 28 2015 20:58:51 GMT+0800 (China Standard Time),,s11w30,focus,
Fri Aug 28 2015 20:58:52 GMT+0800 (China Standard Time),,s11w31,focus,
Fri Aug 28 2015 20:58:52 GMT+0800 (China Standard Time),,s11w32,focus,
Fri Aug 28 2015 20:58:52 GMT+0800 (China Standard Time),,s11w33,focus,
Fri Aug 28 2015 20:58:52 GMT+0800 (China Standard Time),,s11w34,focus,
Fri Aug 28 2015 20:58:53 GMT+0800 (China Standard Time),,s11w35,focus,
Fri Aug 28 2015 20:58:53 GMT+0800 (China Standard Time),,s11w36,focus,
Fri Aug 28 2015 20:58:53 GMT+0800 (China Standard Time),,s12w1,focus,
Fri Aug 28 2015 20:58:54 GMT+0800 (China Standard Time),,s12w2,focus,
Fri Aug 28 2015 20:58:56 GMT+0800 (China Standard Time),,s12w3,focus,
Fri Aug 28 2015 20:58:56 GMT+0800 (China Standard Time),,s12w4,focus,
Fri Aug 28 2015 20:58:57 GMT+0800 (China Standard Time),,s12w5,focus,
Fri Aug 28 2015 20:58:58 GMT+0800 (China Standard Time),,s12w6,focus,
Fri Aug 28 2015 20:58:58 GMT+0800 (China Standard Time),,s12w7,focus,
Fri Aug 28 2015 20:58:58 GMT+0800 (China Standard Time),,s12w8,focus,
Fri Aug 28 2015 20:58:58 GMT+0800 (China Standard Time),,s12w9,focus,
Fri Aug 28 2015 20:58:59 GMT+0800 (China Standard Time),,s12w10,focus,
Fri Aug 28 2015 20:58:59 GMT+0800 (China Standard Time),,s12w11,focus,
Fri Aug 28 2015 20:58:59 GMT+0800 (China Standard Time),,s12w12,focus,
Fri Aug 28 2015 20:59:00 GMT+0800 (China Standard Time),,s12w13,focus,
Fri Aug 28 2015 20:59:00 GMT+0800 (China Standard Time),,s12w14,focus,
Fri Aug 28 2015 20:59:00 GMT+0800 (China Standard Time),,s12w15,focus,
Fri Aug 28 2015 20:59:01 GMT+0800 (China Standard Time),,s12w16,focus,
Fri Aug 28 2015 20:59:01 GMT+0800 (China Standard Time),,s12w17,focus,
Fri Aug 28 2015 20:59:01 GMT+0800 (China Standard Time),,s12w18,focus,
Fri Aug 28 2015 20:59:01 GMT+0800 (China Standard Time),,s12w19,focus,
Fri Aug 28 2015 20:59:02 GMT+0800 (China Standard Time),,s12w20,focus,
Fri Aug 28 2015 20:59:02 GMT+0800 (China Standard Time),,s12w21,focus,
Fri Aug 28 2015 20:59:02 GMT+0800 (China Standard Time),,s12w22,focus,
Fri Aug 28 2015 20:59:02 GMT+0800 (China Standard Time),,s12w23,focus,
Fri Aug 28 2015 20:59:03 GMT+0800 (China Standard Time),,s12w24,focus,
Fri Aug 28 2015 20:59:03 GMT+0800 (China Standard Time),,s12w25,focus,
Fri Aug 28 2015 20:59:03 GMT+0800 (China Standard Time),,s12w26,focus,
Fri Aug 28 2015 20:59:03 GMT+0800 (China Standard Time),,s12w27,focus,
Fri Aug 28 2015 20:59:04 GMT+0800 (China Standard Time),,s12w28,focus,
Fri Aug 28 2015 20:59:05 GMT+0800 (China Standard Time),,s12w29,focus,
Fri Aug 28 2015 20:59:05 GMT+0800 (China Standard Time),,s12w30,focus,
Fri Aug 28 2015 20:59:06 GMT+0800 (China Standard Time),,s12w31,focus,
Fri Aug 28 2015 20:59:06 GMT+0800 (China Standard Time),,s12w32,focus,
Fri Aug 28 2015 20:59:06 GMT+0800 (China Standard Time),,s12w33,focus,
Fri Aug 28 2015 20:59:07 GMT+0800 (China Standard Time),,s12w34,focus,
Fri Aug 28 2015 20:59:07 GMT+0800 (China Standard Time),,s12w35,focus,
Fri Aug 28 2015 20:59:07 GMT+0800 (China Standard Time),,s12w36,focus,
Fri Aug 28 2015 20:59:08 GMT+0800 (China Standard Time),,s12w37,focus,
Fri Aug 28 2015 20:59:08 GMT+0800 (China Standard Time),,s12w38,focus,
Fri Aug 28 2015 20:59:08 GMT+0800 (China Standard Time),,s12w39,focus,
Fri Aug 28 2015 20:59:09 GMT+0800 (China Standard Time),,s12w40,focus,
Fri Aug 28 2015 20:59:09 GMT+0800 (China Standard Time),,s12w41,focus,
Fri Aug 28 2015 20:59:09 GMT+0800 (China Standard Time),,s12w42,focus,
Fri Aug 28 2015 20:59:09 GMT+0800 (China Standard Time),,s12w43,focus,
Fri Aug 28 2015 20:59:10 GMT+0800 (China Standard Time),,s12w44,focus,
Fri Aug 28 2015 20:59:10 GMT+0800 (China Standard Time),,s12w45,focus,
Fri Aug 28 2015 20:59:10 GMT+0800 (China Standard Time),,s12w46,focus,
Fri Aug 28 2015 20:59:11 GMT+0800 (China Standard Time),,s12w47,focus,
Fri Aug 28 2015 20:59:11 GMT+0800 (China Standard Time),,s12w48,focus,
Fri Aug 28 2015 20:59:11 GMT+0800 (China Standard Time),,s12w49,focus,
Fri Aug 28 2015 20:59:12 GMT+0800 (China Standard Time),,s12w50,focus,
Fri Aug 28 2015 20:59:12 GMT+0800 (China Standard Time),,s12w51,focus,
Fri Aug 28 2015 20:59:12 GMT+0800 (China Standard Time),,s12w52,focus,
Fri Aug 28 2015 20:59:12 GMT+0800 (China Standard Time),,s12w53,focus,
Fri Aug 28 2015 20:59:13 GMT+0800 (China Standard Time),,s12w54,focus,
Fri Aug 28 2015 20:59:13 GMT+0800 (China Standard Time),,s12w55,focus,
Fri Aug 28 2015 20:59:13 GMT+0800 (China Standard Time),,s12w56,focus,
Fri Aug 28 2015 20:59:13 GMT+0800 (China Standard Time),,s12w57,focus,
Fri Aug 28 2015 20:59:14 GMT+0800 (China Standard Time),,s12w58,focus,
Fri Aug 28 2015 20:59:19 GMT+0800 (China Standard Time),,,submitPage,
