Wed Aug 26 2015 21:17:07 GMT+0800 (China Standard Time),,,pageReady,0:100:100
Wed Aug 26 2015 21:17:07 GMT+0800 (China Standard Time),,s0,twitterId,440302
Wed Aug 26 2015 21:17:07 GMT+0800 (China Standard Time),,s1,twitterId,440302
Wed Aug 26 2015 21:17:07 GMT+0800 (China Standard Time),,s2,twitterId,440302
Wed Aug 26 2015 21:17:07 GMT+0800 (China Standard Time),,s3,twitterId,440302
Wed Aug 26 2015 21:17:07 GMT+0800 (China Standard Time),,s4,twitterId,440302
Wed Aug 26 2015 21:17:07 GMT+0800 (China Standard Time),,s5,twitterId,440302
Wed Aug 26 2015 21:17:07 GMT+0800 (China Standard Time),,s6,twitterId,440302
Wed Aug 26 2015 21:17:07 GMT+0800 (China Standard Time),,s7,twitterId,440302
Wed Aug 26 2015 21:17:07 GMT+0800 (China Standard Time),,s8,twitterId,440302
Wed Aug 26 2015 21:17:07 GMT+0800 (China Standard Time),,s9,twitterId,440302
Wed Aug 26 2015 21:17:07 GMT+0800 (China Standard Time),,s10,twitterId,440302
Wed Aug 26 2015 21:17:07 GMT+0800 (China Standard Time),,s11,twitterId,440302
Wed Aug 26 2015 21:17:07 GMT+0800 (China Standard Time),,s12,twitterId,440302
Wed Aug 26 2015 21:17:16 GMT+0800 (China Standard Time),,s0w1,focus,
Wed Aug 26 2015 21:17:16 GMT+0800 (China Standard Time),,s0w1,focus,
Wed Aug 26 2015 21:17:19 GMT+0800 (China Standard Time),,s0w2,focus,
Wed Aug 26 2015 21:17:19 GMT+0800 (China Standard Time),,s0w3,focus,
Wed Aug 26 2015 21:17:22 GMT+0800 (China Standard Time),,s0w3,label,"V"
Wed Aug 26 2015 21:17:23 GMT+0800 (China Standard Time),,s0w4,focus,
Wed Aug 26 2015 21:17:24 GMT+0800 (China Standard Time),,s0w5,focus,
Wed Aug 26 2015 21:17:26 GMT+0800 (China Standard Time),,s0w6,focus,
Wed Aug 26 2015 21:17:27 GMT+0800 (China Standard Time),,s0w7,focus,
Wed Aug 26 2015 21:17:27 GMT+0800 (China Standard Time),,s0w8,focus,
Wed Aug 26 2015 21:17:28 GMT+0800 (China Standard Time),,s0w9,focus,
Wed Aug 26 2015 21:17:28 GMT+0800 (China Standard Time),,s1w1,focus,
Wed Aug 26 2015 21:17:28 GMT+0800 (China Standard Time),,s1w2,focus,
Wed Aug 26 2015 21:17:28 GMT+0800 (China Standard Time),,s1w3,focus,
Wed Aug 26 2015 21:17:30 GMT+0800 (China Standard Time),,s1w4,focus,
Wed Aug 26 2015 21:17:30 GMT+0800 (China Standard Time),,s1w5,focus,
Wed Aug 26 2015 21:17:31 GMT+0800 (China Standard Time),,s1w6,focus,
Wed Aug 26 2015 21:17:32 GMT+0800 (China Standard Time),,s1w7,focus,
Wed Aug 26 2015 21:17:32 GMT+0800 (China Standard Time),,s1w8,focus,
Wed Aug 26 2015 21:17:32 GMT+0800 (China Standard Time),,s1w9,focus,
Wed Aug 26 2015 21:17:32 GMT+0800 (China Standard Time),,s1w10,focus,
Wed Aug 26 2015 21:17:32 GMT+0800 (China Standard Time),,s1w11,focus,
Wed Aug 26 2015 21:17:33 GMT+0800 (China Standard Time),,s1w12,focus,
Wed Aug 26 2015 21:17:33 GMT+0800 (China Standard Time),,s1w13,focus,
Wed Aug 26 2015 21:17:33 GMT+0800 (China Standard Time),,s1w14,focus,
Wed Aug 26 2015 21:17:33 GMT+0800 (China Standard Time),,s1w15,focus,
Wed Aug 26 2015 21:17:34 GMT+0800 (China Standard Time),,s1w16,focus,
Wed Aug 26 2015 21:17:34 GMT+0800 (China Standard Time),,s1w17,focus,
Wed Aug 26 2015 21:17:34 GMT+0800 (China Standard Time),,s1w18,focus,
Wed Aug 26 2015 21:17:35 GMT+0800 (China Standard Time),,s1w19,focus,
Wed Aug 26 2015 21:17:36 GMT+0800 (China Standard Time),,s1w19,label,"^"
Wed Aug 26 2015 21:17:36 GMT+0800 (China Standard Time),,s1w20,focus,
Wed Aug 26 2015 21:17:37 GMT+0800 (China Standard Time),,s1w21,focus,
Wed Aug 26 2015 21:17:38 GMT+0800 (China Standard Time),,s1w22,focus,
Wed Aug 26 2015 21:17:38 GMT+0800 (China Standard Time),,s1w23,focus,
Wed Aug 26 2015 21:17:38 GMT+0800 (China Standard Time),,s1w24,focus,
Wed Aug 26 2015 21:17:38 GMT+0800 (China Standard Time),,s1w25,focus,
Wed Aug 26 2015 21:17:39 GMT+0800 (China Standard Time),,s1w26,focus,
Wed Aug 26 2015 21:17:39 GMT+0800 (China Standard Time),,s1w27,focus,
Wed Aug 26 2015 21:17:40 GMT+0800 (China Standard Time),,s1w27,label,"^"
Wed Aug 26 2015 21:17:40 GMT+0800 (China Standard Time),,s1w28,focus,
Wed Aug 26 2015 21:17:41 GMT+0800 (China Standard Time),,s1w29,focus,
Wed Aug 26 2015 21:17:41 GMT+0800 (China Standard Time),,s1w29,label,"^"
Wed Aug 26 2015 21:17:42 GMT+0800 (China Standard Time),,s1w30,focus,
Wed Aug 26 2015 21:17:43 GMT+0800 (China Standard Time),,s1w31,focus,
Wed Aug 26 2015 21:17:45 GMT+0800 (China Standard Time),,s1w32,focus,
Wed Aug 26 2015 21:17:45 GMT+0800 (China Standard Time),,s1w33,focus,
Wed Aug 26 2015 21:17:45 GMT+0800 (China Standard Time),,s1w34,focus,
Wed Aug 26 2015 21:17:45 GMT+0800 (China Standard Time),,s1w35,focus,
Wed Aug 26 2015 21:17:46 GMT+0800 (China Standard Time),,s1w36,focus,
Wed Aug 26 2015 21:17:46 GMT+0800 (China Standard Time),,s1w37,focus,
Wed Aug 26 2015 21:17:46 GMT+0800 (China Standard Time),,s1w38,focus,
Wed Aug 26 2015 21:17:46 GMT+0800 (China Standard Time),,s1w39,focus,
Wed Aug 26 2015 21:17:46 GMT+0800 (China Standard Time),,s1w40,focus,
Wed Aug 26 2015 21:17:47 GMT+0800 (China Standard Time),,s1w41,focus,
Wed Aug 26 2015 21:17:47 GMT+0800 (China Standard Time),,s1w42,focus,
Wed Aug 26 2015 21:17:47 GMT+0800 (China Standard Time),,s1w43,focus,
Wed Aug 26 2015 21:17:47 GMT+0800 (China Standard Time),,s1w44,focus,
Wed Aug 26 2015 21:17:48 GMT+0800 (China Standard Time),,s1w45,focus,
Wed Aug 26 2015 21:17:48 GMT+0800 (China Standard Time),,s1w46,focus,
Wed Aug 26 2015 21:17:48 GMT+0800 (China Standard Time),,s1w47,focus,
Wed Aug 26 2015 21:17:48 GMT+0800 (China Standard Time),,s1w48,focus,
Wed Aug 26 2015 21:17:48 GMT+0800 (China Standard Time),,s1w49,focus,
Wed Aug 26 2015 21:17:49 GMT+0800 (China Standard Time),,s1w50,focus,
Wed Aug 26 2015 21:17:49 GMT+0800 (China Standard Time),,s1w51,focus,
Wed Aug 26 2015 21:17:49 GMT+0800 (China Standard Time),,s1w52,focus,
Wed Aug 26 2015 21:17:49 GMT+0800 (China Standard Time),,s1w53,focus,
Wed Aug 26 2015 21:17:50 GMT+0800 (China Standard Time),,s1w54,focus,
Wed Aug 26 2015 21:17:50 GMT+0800 (China Standard Time),,s1w55,focus,
Wed Aug 26 2015 21:17:50 GMT+0800 (China Standard Time),,s1w56,focus,
Wed Aug 26 2015 21:17:51 GMT+0800 (China Standard Time),,s1w57,focus,
Wed Aug 26 2015 21:17:51 GMT+0800 (China Standard Time),,s1w58,focus,
Wed Aug 26 2015 21:17:51 GMT+0800 (China Standard Time),,s1w59,focus,
Wed Aug 26 2015 21:17:52 GMT+0800 (China Standard Time),,s1w60,focus,
Wed Aug 26 2015 21:17:52 GMT+0800 (China Standard Time),,s1w61,focus,
Wed Aug 26 2015 21:17:52 GMT+0800 (China Standard Time),,s1w62,focus,
Wed Aug 26 2015 21:17:52 GMT+0800 (China Standard Time),,s1w63,focus,
Wed Aug 26 2015 21:17:53 GMT+0800 (China Standard Time),,s1w64,focus,
Wed Aug 26 2015 21:17:53 GMT+0800 (China Standard Time),,s1w65,focus,
Wed Aug 26 2015 21:17:54 GMT+0800 (China Standard Time),,s1w66,focus,
Wed Aug 26 2015 21:17:54 GMT+0800 (China Standard Time),,s1w67,focus,
Wed Aug 26 2015 21:17:54 GMT+0800 (China Standard Time),,s1w68,focus,
Wed Aug 26 2015 21:17:55 GMT+0800 (China Standard Time),,s1w69,focus,
Wed Aug 26 2015 21:17:55 GMT+0800 (China Standard Time),,s1w70,focus,
Wed Aug 26 2015 21:17:55 GMT+0800 (China Standard Time),,s1w71,focus,
Wed Aug 26 2015 21:17:56 GMT+0800 (China Standard Time),,s1w72,focus,
Wed Aug 26 2015 21:17:56 GMT+0800 (China Standard Time),,s1w73,focus,
Wed Aug 26 2015 21:17:56 GMT+0800 (China Standard Time),,s1w74,focus,
Wed Aug 26 2015 21:17:57 GMT+0800 (China Standard Time),,s1w75,focus,
Wed Aug 26 2015 21:17:57 GMT+0800 (China Standard Time),,s1w76,focus,
Wed Aug 26 2015 21:17:57 GMT+0800 (China Standard Time),,s1w77,focus,
Wed Aug 26 2015 21:17:58 GMT+0800 (China Standard Time),,s1w77,label,"^"
Wed Aug 26 2015 21:17:59 GMT+0800 (China Standard Time),,s1w78,focus,
Wed Aug 26 2015 21:17:59 GMT+0800 (China Standard Time),,s1w79,focus,
Wed Aug 26 2015 21:17:59 GMT+0800 (China Standard Time),,s1w80,focus,
Wed Aug 26 2015 21:18:00 GMT+0800 (China Standard Time),,s1w81,focus,
Wed Aug 26 2015 21:18:00 GMT+0800 (China Standard Time),,s1w82,focus,
Wed Aug 26 2015 21:18:00 GMT+0800 (China Standard Time),,s1w83,focus,
Wed Aug 26 2015 21:18:01 GMT+0800 (China Standard Time),,s1w84,focus,
Wed Aug 26 2015 21:18:01 GMT+0800 (China Standard Time),,s1w85,focus,
Wed Aug 26 2015 21:18:01 GMT+0800 (China Standard Time),,s1w86,focus,
Wed Aug 26 2015 21:18:01 GMT+0800 (China Standard Time),,s1w87,focus,
Wed Aug 26 2015 21:18:02 GMT+0800 (China Standard Time),,s1w88,focus,
Wed Aug 26 2015 21:18:02 GMT+0800 (China Standard Time),,s1w89,focus,
Wed Aug 26 2015 21:18:02 GMT+0800 (China Standard Time),,s1w90,focus,
Wed Aug 26 2015 21:18:03 GMT+0800 (China Standard Time),,s1w91,focus,
Wed Aug 26 2015 21:18:03 GMT+0800 (China Standard Time),,s1w92,focus,
Wed Aug 26 2015 21:18:03 GMT+0800 (China Standard Time),,s1w93,focus,
Wed Aug 26 2015 21:18:03 GMT+0800 (China Standard Time),,s1w94,focus,
Wed Aug 26 2015 21:18:04 GMT+0800 (China Standard Time),,s1w95,focus,
Wed Aug 26 2015 21:18:04 GMT+0800 (China Standard Time),,s1w96,focus,
Wed Aug 26 2015 21:18:05 GMT+0800 (China Standard Time),,s1w97,focus,
Wed Aug 26 2015 21:18:05 GMT+0800 (China Standard Time),,s1w98,focus,
Wed Aug 26 2015 21:18:05 GMT+0800 (China Standard Time),,s1w99,focus,
Wed Aug 26 2015 21:18:06 GMT+0800 (China Standard Time),,s1w100,focus,
Wed Aug 26 2015 21:18:06 GMT+0800 (China Standard Time),,s1w101,focus,
Wed Aug 26 2015 21:18:06 GMT+0800 (China Standard Time),,s1w102,focus,
Wed Aug 26 2015 21:18:07 GMT+0800 (China Standard Time),,s1w103,focus,
Wed Aug 26 2015 21:18:07 GMT+0800 (China Standard Time),,s1w104,focus,
Wed Aug 26 2015 21:18:07 GMT+0800 (China Standard Time),,s1w105,focus,
Wed Aug 26 2015 21:18:07 GMT+0800 (China Standard Time),,s1w106,focus,
Wed Aug 26 2015 21:18:08 GMT+0800 (China Standard Time),,s1w107,focus,
Wed Aug 26 2015 21:18:08 GMT+0800 (China Standard Time),,s1w108,focus,
Wed Aug 26 2015 21:18:08 GMT+0800 (China Standard Time),,s1w109,focus,
Wed Aug 26 2015 21:18:09 GMT+0800 (China Standard Time),,s1w110,focus,
Wed Aug 26 2015 21:18:10 GMT+0800 (China Standard Time),,s1w111,focus,
Wed Aug 26 2015 21:18:11 GMT+0800 (China Standard Time),,s1w112,focus,
Wed Aug 26 2015 21:18:11 GMT+0800 (China Standard Time),,s1w113,focus,
Wed Aug 26 2015 21:18:11 GMT+0800 (China Standard Time),,s1w114,focus,
Wed Aug 26 2015 21:18:11 GMT+0800 (China Standard Time),,s1w115,focus,
Wed Aug 26 2015 21:18:12 GMT+0800 (China Standard Time),,s1w116,focus,
Wed Aug 26 2015 21:18:12 GMT+0800 (China Standard Time),,s1w117,focus,
Wed Aug 26 2015 21:18:12 GMT+0800 (China Standard Time),,s1w118,focus,
Wed Aug 26 2015 21:18:13 GMT+0800 (China Standard Time),,s1w119,focus,
Wed Aug 26 2015 21:18:13 GMT+0800 (China Standard Time),,s1w120,focus,
Wed Aug 26 2015 21:18:13 GMT+0800 (China Standard Time),,s1w121,focus,
Wed Aug 26 2015 21:18:13 GMT+0800 (China Standard Time),,s1w122,focus,
Wed Aug 26 2015 21:18:13 GMT+0800 (China Standard Time),,s1w123,focus,
Wed Aug 26 2015 21:18:14 GMT+0800 (China Standard Time),,s1w124,focus,
Wed Aug 26 2015 21:18:14 GMT+0800 (China Standard Time),,s1w125,focus,
Wed Aug 26 2015 21:18:14 GMT+0800 (China Standard Time),,s1w126,focus,
Wed Aug 26 2015 21:18:15 GMT+0800 (China Standard Time),,s1w127,focus,
Wed Aug 26 2015 21:18:15 GMT+0800 (China Standard Time),,s1w128,focus,
Wed Aug 26 2015 21:18:15 GMT+0800 (China Standard Time),,s1w129,focus,
Wed Aug 26 2015 21:18:15 GMT+0800 (China Standard Time),,s1w130,focus,
Wed Aug 26 2015 21:18:16 GMT+0800 (China Standard Time),,s1w131,focus,
Wed Aug 26 2015 21:18:16 GMT+0800 (China Standard Time),,s1w132,focus,
Wed Aug 26 2015 21:18:17 GMT+0800 (China Standard Time),,s1w133,focus,
Wed Aug 26 2015 21:18:18 GMT+0800 (China Standard Time),,s1w134,focus,
Wed Aug 26 2015 21:18:18 GMT+0800 (China Standard Time),,s1w135,focus,
Wed Aug 26 2015 21:18:18 GMT+0800 (China Standard Time),,s1w136,focus,
Wed Aug 26 2015 21:18:19 GMT+0800 (China Standard Time),,s1w137,focus,
Wed Aug 26 2015 21:18:19 GMT+0800 (China Standard Time),,s1w138,focus,
Wed Aug 26 2015 21:18:19 GMT+0800 (China Standard Time),,s1w139,focus,
Wed Aug 26 2015 21:18:19 GMT+0800 (China Standard Time),,s1w140,focus,
Wed Aug 26 2015 21:18:20 GMT+0800 (China Standard Time),,s1w141,focus,
Wed Aug 26 2015 21:18:21 GMT+0800 (China Standard Time),,s1w142,focus,
Wed Aug 26 2015 21:18:21 GMT+0800 (China Standard Time),,s1w143,focus,
Wed Aug 26 2015 21:18:21 GMT+0800 (China Standard Time),,s1w144,focus,
Wed Aug 26 2015 21:18:21 GMT+0800 (China Standard Time),,s1w145,focus,
Wed Aug 26 2015 21:18:22 GMT+0800 (China Standard Time),,s1w146,focus,
Wed Aug 26 2015 21:18:22 GMT+0800 (China Standard Time),,s1w147,focus,
Wed Aug 26 2015 21:18:22 GMT+0800 (China Standard Time),,s1w148,focus,
Wed Aug 26 2015 21:18:23 GMT+0800 (China Standard Time),,s1w149,focus,
Wed Aug 26 2015 21:18:23 GMT+0800 (China Standard Time),,s1w150,focus,
Wed Aug 26 2015 21:18:23 GMT+0800 (China Standard Time),,s1w151,focus,
Wed Aug 26 2015 21:18:23 GMT+0800 (China Standard Time),,s1w152,focus,
Wed Aug 26 2015 21:18:24 GMT+0800 (China Standard Time),,s1w153,focus,
Wed Aug 26 2015 21:18:24 GMT+0800 (China Standard Time),,s1w154,focus,
Wed Aug 26 2015 21:18:24 GMT+0800 (China Standard Time),,s1w155,focus,
Wed Aug 26 2015 21:18:24 GMT+0800 (China Standard Time),,s1w156,focus,
Wed Aug 26 2015 21:18:24 GMT+0800 (China Standard Time),,s1w157,focus,
Wed Aug 26 2015 21:18:24 GMT+0800 (China Standard Time),,s1w158,focus,
Wed Aug 26 2015 21:18:25 GMT+0800 (China Standard Time),,s1w159,focus,
Wed Aug 26 2015 21:18:25 GMT+0800 (China Standard Time),,s1w160,focus,
Wed Aug 26 2015 21:18:26 GMT+0800 (China Standard Time),,s1w161,focus,
Wed Aug 26 2015 21:18:26 GMT+0800 (China Standard Time),,s1w162,focus,
Wed Aug 26 2015 21:18:26 GMT+0800 (China Standard Time),,s1w163,focus,
Wed Aug 26 2015 21:18:26 GMT+0800 (China Standard Time),,s1w164,focus,
Wed Aug 26 2015 21:18:26 GMT+0800 (China Standard Time),,s1w165,focus,
Wed Aug 26 2015 21:18:26 GMT+0800 (China Standard Time),,s1w166,focus,
Wed Aug 26 2015 21:18:26 GMT+0800 (China Standard Time),,s1w167,focus,
Wed Aug 26 2015 21:18:26 GMT+0800 (China Standard Time),,s1w168,focus,
Wed Aug 26 2015 21:18:26 GMT+0800 (China Standard Time),,s1w169,focus,
Wed Aug 26 2015 21:18:26 GMT+0800 (China Standard Time),,s1w170,focus,
Wed Aug 26 2015 21:18:26 GMT+0800 (China Standard Time),,s1w171,focus,
Wed Aug 26 2015 21:18:27 GMT+0800 (China Standard Time),,s1w172,focus,
Wed Aug 26 2015 21:18:28 GMT+0800 (China Standard Time),,s1w173,focus,
Wed Aug 26 2015 21:18:28 GMT+0800 (China Standard Time),,s1w174,focus,
Wed Aug 26 2015 21:18:28 GMT+0800 (China Standard Time),,s1w175,focus,
Wed Aug 26 2015 21:18:28 GMT+0800 (China Standard Time),,s2w1,focus,
Wed Aug 26 2015 21:18:28 GMT+0800 (China Standard Time),,s2w2,focus,
Wed Aug 26 2015 21:18:28 GMT+0800 (China Standard Time),,s2w3,focus,
Wed Aug 26 2015 21:18:28 GMT+0800 (China Standard Time),,s2w4,focus,
Wed Aug 26 2015 21:18:29 GMT+0800 (China Standard Time),,s2w5,focus,
Wed Aug 26 2015 21:18:29 GMT+0800 (China Standard Time),,s2w6,focus,
Wed Aug 26 2015 21:18:30 GMT+0800 (China Standard Time),,s2w7,focus,
Wed Aug 26 2015 21:18:30 GMT+0800 (China Standard Time),,s2w8,focus,
Wed Aug 26 2015 21:18:31 GMT+0800 (China Standard Time),,s2w9,focus,
Wed Aug 26 2015 21:18:31 GMT+0800 (China Standard Time),,s2w10,focus,
Wed Aug 26 2015 21:18:32 GMT+0800 (China Standard Time),,s2w11,focus,
Wed Aug 26 2015 21:18:33 GMT+0800 (China Standard Time),,s2w12,focus,
Wed Aug 26 2015 21:18:33 GMT+0800 (China Standard Time),,s2w13,focus,
Wed Aug 26 2015 21:18:33 GMT+0800 (China Standard Time),,s2w14,focus,
Wed Aug 26 2015 21:18:34 GMT+0800 (China Standard Time),,s2w15,focus,
Wed Aug 26 2015 21:18:34 GMT+0800 (China Standard Time),,s2w16,focus,
Wed Aug 26 2015 21:18:35 GMT+0800 (China Standard Time),,s2w17,focus,
Wed Aug 26 2015 21:18:35 GMT+0800 (China Standard Time),,s3w1,focus,
Wed Aug 26 2015 21:18:36 GMT+0800 (China Standard Time),,s3w2,focus,
Wed Aug 26 2015 21:18:36 GMT+0800 (China Standard Time),,s3w3,focus,
Wed Aug 26 2015 21:18:37 GMT+0800 (China Standard Time),,s3w4,focus,
Wed Aug 26 2015 21:18:37 GMT+0800 (China Standard Time),,s3w5,focus,
Wed Aug 26 2015 21:18:38 GMT+0800 (China Standard Time),,s3w6,focus,
Wed Aug 26 2015 21:18:38 GMT+0800 (China Standard Time),,s3w7,focus,
Wed Aug 26 2015 21:18:39 GMT+0800 (China Standard Time),,s3w8,focus,
Wed Aug 26 2015 21:18:39 GMT+0800 (China Standard Time),,s3w9,focus,
Wed Aug 26 2015 21:18:39 GMT+0800 (China Standard Time),,s3w10,focus,
Wed Aug 26 2015 21:18:39 GMT+0800 (China Standard Time),,s3w11,focus,
Wed Aug 26 2015 21:18:40 GMT+0800 (China Standard Time),,s3w12,focus,
Wed Aug 26 2015 21:18:40 GMT+0800 (China Standard Time),,s3w13,focus,
Wed Aug 26 2015 21:18:40 GMT+0800 (China Standard Time),,s3w14,focus,
Wed Aug 26 2015 21:18:41 GMT+0800 (China Standard Time),,s3w15,focus,
Wed Aug 26 2015 21:18:41 GMT+0800 (China Standard Time),,s3w16,focus,
Wed Aug 26 2015 21:18:41 GMT+0800 (China Standard Time),,s3w17,focus,
Wed Aug 26 2015 21:18:42 GMT+0800 (China Standard Time),,s3w18,focus,
Wed Aug 26 2015 21:18:43 GMT+0800 (China Standard Time),,s4w1,focus,
Wed Aug 26 2015 21:18:43 GMT+0800 (China Standard Time),,s4w2,focus,
Wed Aug 26 2015 21:18:43 GMT+0800 (China Standard Time),,s4w3,focus,
Wed Aug 26 2015 21:18:43 GMT+0800 (China Standard Time),,s4w4,focus,
Wed Aug 26 2015 21:18:45 GMT+0800 (China Standard Time),,s4w5,focus,
Wed Aug 26 2015 21:18:46 GMT+0800 (China Standard Time),,s4w6,focus,
Wed Aug 26 2015 21:18:46 GMT+0800 (China Standard Time),,s4w7,focus,
Wed Aug 26 2015 21:18:47 GMT+0800 (China Standard Time),,s4w8,focus,
Wed Aug 26 2015 21:18:47 GMT+0800 (China Standard Time),,s4w9,focus,
Wed Aug 26 2015 21:18:47 GMT+0800 (China Standard Time),,s4w10,focus,
Wed Aug 26 2015 21:18:49 GMT+0800 (China Standard Time),,s4w9,focus,
Wed Aug 26 2015 21:18:49 GMT+0800 (China Standard Time),,s4w9,focus,
Wed Aug 26 2015 21:18:50 GMT+0800 (China Standard Time),,s4w10,focus,
Wed Aug 26 2015 21:18:51 GMT+0800 (China Standard Time),,s4w11,focus,
Wed Aug 26 2015 21:18:52 GMT+0800 (China Standard Time),,s4w9,focus,
Wed Aug 26 2015 21:18:53 GMT+0800 (China Standard Time),,s4w9,focus,
Wed Aug 26 2015 21:18:54 GMT+0800 (China Standard Time),,s4w9,label,"^"
Wed Aug 26 2015 21:18:55 GMT+0800 (China Standard Time),,s4w10,focus,
Wed Aug 26 2015 21:18:55 GMT+0800 (China Standard Time),,s4w11,focus,
Wed Aug 26 2015 21:18:56 GMT+0800 (China Standard Time),,s4w12,focus,
Wed Aug 26 2015 21:18:57 GMT+0800 (China Standard Time),,s4w12,label,"^"
Wed Aug 26 2015 21:18:58 GMT+0800 (China Standard Time),,s4w13,focus,
Wed Aug 26 2015 21:18:59 GMT+0800 (China Standard Time),,s4w14,focus,
Wed Aug 26 2015 21:19:00 GMT+0800 (China Standard Time),,s4w15,focus,
Wed Aug 26 2015 21:19:00 GMT+0800 (China Standard Time),,s4w16,focus,
Wed Aug 26 2015 21:19:01 GMT+0800 (China Standard Time),,s4w17,focus,
Wed Aug 26 2015 21:19:01 GMT+0800 (China Standard Time),,s5w1,focus,
Wed Aug 26 2015 21:19:02 GMT+0800 (China Standard Time),,s5w2,focus,
Wed Aug 26 2015 21:19:02 GMT+0800 (China Standard Time),,s5w3,focus,
Wed Aug 26 2015 21:19:02 GMT+0800 (China Standard Time),,s5w4,focus,
Wed Aug 26 2015 21:19:03 GMT+0800 (China Standard Time),,s5w5,focus,
Wed Aug 26 2015 21:19:03 GMT+0800 (China Standard Time),,s5w6,focus,
Wed Aug 26 2015 21:19:03 GMT+0800 (China Standard Time),,s5w7,focus,
Wed Aug 26 2015 21:19:03 GMT+0800 (China Standard Time),,s5w8,focus,
Wed Aug 26 2015 21:19:04 GMT+0800 (China Standard Time),,s5w9,focus,
Wed Aug 26 2015 21:19:04 GMT+0800 (China Standard Time),,s5w10,focus,
Wed Aug 26 2015 21:19:05 GMT+0800 (China Standard Time),,s5w11,focus,
Wed Aug 26 2015 21:19:05 GMT+0800 (China Standard Time),,s5w12,focus,
Wed Aug 26 2015 21:19:05 GMT+0800 (China Standard Time),,s5w13,focus,
Wed Aug 26 2015 21:19:06 GMT+0800 (China Standard Time),,s5w14,focus,
Wed Aug 26 2015 21:19:06 GMT+0800 (China Standard Time),,s5w15,focus,
Wed Aug 26 2015 21:19:06 GMT+0800 (China Standard Time),,s5w16,focus,
Wed Aug 26 2015 21:19:06 GMT+0800 (China Standard Time),,s5w17,focus,
Wed Aug 26 2015 21:19:07 GMT+0800 (China Standard Time),,s5w18,focus,
Wed Aug 26 2015 21:19:07 GMT+0800 (China Standard Time),,s5w19,focus,
Wed Aug 26 2015 21:19:07 GMT+0800 (China Standard Time),,s5w20,focus,
Wed Aug 26 2015 21:19:07 GMT+0800 (China Standard Time),,s5w21,focus,
Wed Aug 26 2015 21:19:07 GMT+0800 (China Standard Time),,s5w22,focus,
Wed Aug 26 2015 21:19:08 GMT+0800 (China Standard Time),,s5w23,focus,
Wed Aug 26 2015 21:19:08 GMT+0800 (China Standard Time),,s5w24,focus,
Wed Aug 26 2015 21:19:09 GMT+0800 (China Standard Time),,s5w25,focus,
Wed Aug 26 2015 21:19:09 GMT+0800 (China Standard Time),,s5w26,focus,
Wed Aug 26 2015 21:19:09 GMT+0800 (China Standard Time),,s5w27,focus,
Wed Aug 26 2015 21:19:09 GMT+0800 (China Standard Time),,s5w28,focus,
Wed Aug 26 2015 21:19:10 GMT+0800 (China Standard Time),,s5w29,focus,
Wed Aug 26 2015 21:19:10 GMT+0800 (China Standard Time),,s5w30,focus,
Wed Aug 26 2015 21:19:11 GMT+0800 (China Standard Time),,s5w31,focus,
Wed Aug 26 2015 21:19:11 GMT+0800 (China Standard Time),,s5w32,focus,
Wed Aug 26 2015 21:19:11 GMT+0800 (China Standard Time),,s5w33,focus,
Wed Aug 26 2015 21:19:11 GMT+0800 (China Standard Time),,s5w34,focus,
Wed Aug 26 2015 21:19:12 GMT+0800 (China Standard Time),,s5w35,focus,
Wed Aug 26 2015 21:19:12 GMT+0800 (China Standard Time),,s5w36,focus,
Wed Aug 26 2015 21:19:12 GMT+0800 (China Standard Time),,s5w37,focus,
Wed Aug 26 2015 21:19:12 GMT+0800 (China Standard Time),,s5w38,focus,
Wed Aug 26 2015 21:19:13 GMT+0800 (China Standard Time),,s5w39,focus,
Wed Aug 26 2015 21:19:13 GMT+0800 (China Standard Time),,s5w40,focus,
Wed Aug 26 2015 21:19:13 GMT+0800 (China Standard Time),,s5w41,focus,
Wed Aug 26 2015 21:19:14 GMT+0800 (China Standard Time),,s5w42,focus,
Wed Aug 26 2015 21:19:14 GMT+0800 (China Standard Time),,s5w43,focus,
Wed Aug 26 2015 21:19:14 GMT+0800 (China Standard Time),,s5w44,focus,
Wed Aug 26 2015 21:19:15 GMT+0800 (China Standard Time),,s5w45,focus,
Wed Aug 26 2015 21:19:15 GMT+0800 (China Standard Time),,s5w46,focus,
Wed Aug 26 2015 21:19:16 GMT+0800 (China Standard Time),,s5w46,label,"^"
Wed Aug 26 2015 21:19:16 GMT+0800 (China Standard Time),,s5w47,focus,
Wed Aug 26 2015 21:19:17 GMT+0800 (China Standard Time),,s5w48,focus,
Wed Aug 26 2015 21:19:18 GMT+0800 (China Standard Time),,s5w49,focus,
Wed Aug 26 2015 21:19:18 GMT+0800 (China Standard Time),,s5w50,focus,
Wed Aug 26 2015 21:19:18 GMT+0800 (China Standard Time),,s5w51,focus,
Wed Aug 26 2015 21:19:19 GMT+0800 (China Standard Time),,s5w52,focus,
Wed Aug 26 2015 21:19:19 GMT+0800 (China Standard Time),,s5w53,focus,
Wed Aug 26 2015 21:19:19 GMT+0800 (China Standard Time),,s5w54,focus,
Wed Aug 26 2015 21:19:20 GMT+0800 (China Standard Time),,s5w55,focus,
Wed Aug 26 2015 21:19:20 GMT+0800 (China Standard Time),,s5w56,focus,
Wed Aug 26 2015 21:19:20 GMT+0800 (China Standard Time),,s5w57,focus,
Wed Aug 26 2015 21:19:20 GMT+0800 (China Standard Time),,s5w58,focus,
Wed Aug 26 2015 21:19:21 GMT+0800 (China Standard Time),,s5w59,focus,
Wed Aug 26 2015 21:19:21 GMT+0800 (China Standard Time),,s5w60,focus,
Wed Aug 26 2015 21:19:21 GMT+0800 (China Standard Time),,s5w61,focus,
Wed Aug 26 2015 21:19:22 GMT+0800 (China Standard Time),,s5w62,focus,
Wed Aug 26 2015 21:19:22 GMT+0800 (China Standard Time),,s5w63,focus,
Wed Aug 26 2015 21:19:22 GMT+0800 (China Standard Time),,s5w64,focus,
Wed Aug 26 2015 21:19:23 GMT+0800 (China Standard Time),,s5w65,focus,
Wed Aug 26 2015 21:19:23 GMT+0800 (China Standard Time),,s5w66,focus,
Wed Aug 26 2015 21:19:24 GMT+0800 (China Standard Time),,s5w66,label,"^"
Wed Aug 26 2015 21:19:25 GMT+0800 (China Standard Time),,s5w67,focus,
Wed Aug 26 2015 21:19:25 GMT+0800 (China Standard Time),,s5w68,focus,
Wed Aug 26 2015 21:19:26 GMT+0800 (China Standard Time),,s5w69,focus,
Wed Aug 26 2015 21:19:26 GMT+0800 (China Standard Time),,s5w70,focus,
Wed Aug 26 2015 21:19:27 GMT+0800 (China Standard Time),,s5w71,focus,
Wed Aug 26 2015 21:19:28 GMT+0800 (China Standard Time),,s5w71,label,"^"
Wed Aug 26 2015 21:19:28 GMT+0800 (China Standard Time),,s5w72,focus,
Wed Aug 26 2015 21:19:28 GMT+0800 (China Standard Time),,s5w73,focus,
Wed Aug 26 2015 21:19:29 GMT+0800 (China Standard Time),,s5w74,focus,
Wed Aug 26 2015 21:19:29 GMT+0800 (China Standard Time),,s5w75,focus,
Wed Aug 26 2015 21:19:29 GMT+0800 (China Standard Time),,s5w76,focus,
Wed Aug 26 2015 21:19:30 GMT+0800 (China Standard Time),,s5w77,focus,
Wed Aug 26 2015 21:19:30 GMT+0800 (China Standard Time),,s5w78,focus,
Wed Aug 26 2015 21:19:31 GMT+0800 (China Standard Time),,s5w78,label,"^"
Wed Aug 26 2015 21:19:31 GMT+0800 (China Standard Time),,s5w79,focus,
Wed Aug 26 2015 21:19:31 GMT+0800 (China Standard Time),,s5w80,focus,
Wed Aug 26 2015 21:19:32 GMT+0800 (China Standard Time),,s5w81,focus,
Wed Aug 26 2015 21:19:32 GMT+0800 (China Standard Time),,s5w82,focus,
Wed Aug 26 2015 21:19:32 GMT+0800 (China Standard Time),,s5w83,focus,
Wed Aug 26 2015 21:19:33 GMT+0800 (China Standard Time),,s5w84,focus,
Wed Aug 26 2015 21:19:33 GMT+0800 (China Standard Time),,s5w85,focus,
Wed Aug 26 2015 21:19:33 GMT+0800 (China Standard Time),,s5w86,focus,
Wed Aug 26 2015 21:19:34 GMT+0800 (China Standard Time),,s5w87,focus,
Wed Aug 26 2015 21:19:34 GMT+0800 (China Standard Time),,s5w88,focus,
Wed Aug 26 2015 21:19:34 GMT+0800 (China Standard Time),,s5w89,focus,
Wed Aug 26 2015 21:19:34 GMT+0800 (China Standard Time),,s5w90,focus,
Wed Aug 26 2015 21:19:35 GMT+0800 (China Standard Time),,s5w91,focus,
Wed Aug 26 2015 21:19:35 GMT+0800 (China Standard Time),,s5w92,focus,
Wed Aug 26 2015 21:19:35 GMT+0800 (China Standard Time),,s5w93,focus,
Wed Aug 26 2015 21:19:36 GMT+0800 (China Standard Time),,s5w94,focus,
Wed Aug 26 2015 21:19:36 GMT+0800 (China Standard Time),,s5w95,focus,
Wed Aug 26 2015 21:19:37 GMT+0800 (China Standard Time),,s5w96,focus,
Wed Aug 26 2015 21:19:37 GMT+0800 (China Standard Time),,s5w97,focus,
Wed Aug 26 2015 21:19:38 GMT+0800 (China Standard Time),,s5w98,focus,
Wed Aug 26 2015 21:19:38 GMT+0800 (China Standard Time),,s5w99,focus,
Wed Aug 26 2015 21:19:38 GMT+0800 (China Standard Time),,s5w100,focus,
Wed Aug 26 2015 21:19:38 GMT+0800 (China Standard Time),,s5w101,focus,
Wed Aug 26 2015 21:19:38 GMT+0800 (China Standard Time),,s5w102,focus,
Wed Aug 26 2015 21:19:38 GMT+0800 (China Standard Time),,s5w103,focus,
Wed Aug 26 2015 21:19:39 GMT+0800 (China Standard Time),,s5w104,focus,
Wed Aug 26 2015 21:19:39 GMT+0800 (China Standard Time),,s5w105,focus,
Wed Aug 26 2015 21:19:39 GMT+0800 (China Standard Time),,s5w106,focus,
Wed Aug 26 2015 21:19:39 GMT+0800 (China Standard Time),,s5w107,focus,
Wed Aug 26 2015 21:19:40 GMT+0800 (China Standard Time),,s5w108,focus,
Wed Aug 26 2015 21:19:40 GMT+0800 (China Standard Time),,s5w109,focus,
Wed Aug 26 2015 21:19:40 GMT+0800 (China Standard Time),,s5w110,focus,
Wed Aug 26 2015 21:19:41 GMT+0800 (China Standard Time),,s5w111,focus,
Wed Aug 26 2015 21:19:41 GMT+0800 (China Standard Time),,s5w112,focus,
Wed Aug 26 2015 21:19:41 GMT+0800 (China Standard Time),,s5w113,focus,
Wed Aug 26 2015 21:19:41 GMT+0800 (China Standard Time),,s5w114,focus,
Wed Aug 26 2015 21:19:42 GMT+0800 (China Standard Time),,s5w115,focus,
Wed Aug 26 2015 21:19:42 GMT+0800 (China Standard Time),,s5w116,focus,
Wed Aug 26 2015 21:19:42 GMT+0800 (China Standard Time),,s5w117,focus,
Wed Aug 26 2015 21:19:42 GMT+0800 (China Standard Time),,s5w118,focus,
Wed Aug 26 2015 21:19:43 GMT+0800 (China Standard Time),,s5w119,focus,
Wed Aug 26 2015 21:19:43 GMT+0800 (China Standard Time),,s5w120,focus,
Wed Aug 26 2015 21:19:43 GMT+0800 (China Standard Time),,s5w121,focus,
Wed Aug 26 2015 21:19:44 GMT+0800 (China Standard Time),,s5w122,focus,
Wed Aug 26 2015 21:19:44 GMT+0800 (China Standard Time),,s5w123,focus,
Wed Aug 26 2015 21:19:44 GMT+0800 (China Standard Time),,s5w124,focus,
Wed Aug 26 2015 21:19:44 GMT+0800 (China Standard Time),,s5w125,focus,
Wed Aug 26 2015 21:19:45 GMT+0800 (China Standard Time),,s5w126,focus,
Wed Aug 26 2015 21:19:45 GMT+0800 (China Standard Time),,s5w127,focus,
Wed Aug 26 2015 21:19:45 GMT+0800 (China Standard Time),,s5w128,focus,
Wed Aug 26 2015 21:19:45 GMT+0800 (China Standard Time),,s5w129,focus,
Wed Aug 26 2015 21:19:46 GMT+0800 (China Standard Time),,s5w130,focus,
Wed Aug 26 2015 21:19:46 GMT+0800 (China Standard Time),,s5w131,focus,
Wed Aug 26 2015 21:19:46 GMT+0800 (China Standard Time),,s5w132,focus,
Wed Aug 26 2015 21:19:47 GMT+0800 (China Standard Time),,s5w133,focus,
Wed Aug 26 2015 21:19:48 GMT+0800 (China Standard Time),,s5w134,focus,
Wed Aug 26 2015 21:19:48 GMT+0800 (China Standard Time),,s5w135,focus,
Wed Aug 26 2015 21:19:48 GMT+0800 (China Standard Time),,s5w136,focus,
Wed Aug 26 2015 21:19:48 GMT+0800 (China Standard Time),,s5w137,focus,
Wed Aug 26 2015 21:19:49 GMT+0800 (China Standard Time),,s5w138,focus,
Wed Aug 26 2015 21:19:49 GMT+0800 (China Standard Time),,s5w139,focus,
Wed Aug 26 2015 21:19:49 GMT+0800 (China Standard Time),,s5w140,focus,
Wed Aug 26 2015 21:19:51 GMT+0800 (China Standard Time),,s5w140,label,"^"
Wed Aug 26 2015 21:19:51 GMT+0800 (China Standard Time),,s5w141,focus,
Wed Aug 26 2015 21:19:51 GMT+0800 (China Standard Time),,s5w142,focus,
Wed Aug 26 2015 21:19:52 GMT+0800 (China Standard Time),,s5w143,focus,
Wed Aug 26 2015 21:19:53 GMT+0800 (China Standard Time),,s5w144,focus,
Wed Aug 26 2015 21:19:53 GMT+0800 (China Standard Time),,s5w145,focus,
Wed Aug 26 2015 21:19:53 GMT+0800 (China Standard Time),,s5w146,focus,
Wed Aug 26 2015 21:19:54 GMT+0800 (China Standard Time),,s5w147,focus,
Wed Aug 26 2015 21:19:54 GMT+0800 (China Standard Time),,s5w148,focus,
Wed Aug 26 2015 21:19:55 GMT+0800 (China Standard Time),,s5w149,focus,
Wed Aug 26 2015 21:19:55 GMT+0800 (China Standard Time),,s5w150,focus,
Wed Aug 26 2015 21:19:55 GMT+0800 (China Standard Time),,s5w151,focus,
Wed Aug 26 2015 21:19:56 GMT+0800 (China Standard Time),,s5w152,focus,
Wed Aug 26 2015 21:19:56 GMT+0800 (China Standard Time),,s5w153,focus,
Wed Aug 26 2015 21:19:56 GMT+0800 (China Standard Time),,s5w154,focus,
Wed Aug 26 2015 21:19:57 GMT+0800 (China Standard Time),,s5w155,focus,
Wed Aug 26 2015 21:19:57 GMT+0800 (China Standard Time),,s5w156,focus,
Wed Aug 26 2015 21:19:57 GMT+0800 (China Standard Time),,s5w157,focus,
Wed Aug 26 2015 21:19:58 GMT+0800 (China Standard Time),,s5w158,focus,
Wed Aug 26 2015 21:19:58 GMT+0800 (China Standard Time),,s5w159,focus,
Wed Aug 26 2015 21:19:58 GMT+0800 (China Standard Time),,s5w160,focus,
Wed Aug 26 2015 21:19:58 GMT+0800 (China Standard Time),,s5w161,focus,
Wed Aug 26 2015 21:19:59 GMT+0800 (China Standard Time),,s5w162,focus,
Wed Aug 26 2015 21:19:59 GMT+0800 (China Standard Time),,s5w163,focus,
Wed Aug 26 2015 21:19:59 GMT+0800 (China Standard Time),,s5w164,focus,
Wed Aug 26 2015 21:20:00 GMT+0800 (China Standard Time),,s5w165,focus,
Wed Aug 26 2015 21:20:00 GMT+0800 (China Standard Time),,s5w166,focus,
Wed Aug 26 2015 21:20:00 GMT+0800 (China Standard Time),,s5w167,focus,
Wed Aug 26 2015 21:20:01 GMT+0800 (China Standard Time),,s5w168,focus,
Wed Aug 26 2015 21:20:01 GMT+0800 (China Standard Time),,s5w169,focus,
Wed Aug 26 2015 21:20:01 GMT+0800 (China Standard Time),,s5w170,focus,
Wed Aug 26 2015 21:20:02 GMT+0800 (China Standard Time),,s5w171,focus,
Wed Aug 26 2015 21:20:02 GMT+0800 (China Standard Time),,s5w172,focus,
Wed Aug 26 2015 21:20:02 GMT+0800 (China Standard Time),,s5w173,focus,
Wed Aug 26 2015 21:20:03 GMT+0800 (China Standard Time),,s5w174,focus,
Wed Aug 26 2015 21:20:04 GMT+0800 (China Standard Time),,s5w175,focus,
Wed Aug 26 2015 21:20:04 GMT+0800 (China Standard Time),,s5w176,focus,
Wed Aug 26 2015 21:20:04 GMT+0800 (China Standard Time),,s5w177,focus,
Wed Aug 26 2015 21:20:05 GMT+0800 (China Standard Time),,s5w178,focus,
Wed Aug 26 2015 21:20:05 GMT+0800 (China Standard Time),,s5w179,focus,
Wed Aug 26 2015 21:20:05 GMT+0800 (China Standard Time),,s5w180,focus,
Wed Aug 26 2015 21:20:05 GMT+0800 (China Standard Time),,s5w181,focus,
Wed Aug 26 2015 21:20:06 GMT+0800 (China Standard Time),,s5w182,focus,
Wed Aug 26 2015 21:20:06 GMT+0800 (China Standard Time),,s5w183,focus,
Wed Aug 26 2015 21:20:07 GMT+0800 (China Standard Time),,s5w184,focus,
Wed Aug 26 2015 21:20:07 GMT+0800 (China Standard Time),,s5w185,focus,
Wed Aug 26 2015 21:20:07 GMT+0800 (China Standard Time),,s5w186,focus,
Wed Aug 26 2015 21:20:08 GMT+0800 (China Standard Time),,s5w187,focus,
Wed Aug 26 2015 21:20:09 GMT+0800 (China Standard Time),,s5w186,focus,
Wed Aug 26 2015 21:20:09 GMT+0800 (China Standard Time),,s5w186,focus,
Wed Aug 26 2015 21:20:11 GMT+0800 (China Standard Time),,s5w186,label,"^"
Wed Aug 26 2015 21:20:11 GMT+0800 (China Standard Time),,s5w187,focus,
Wed Aug 26 2015 21:20:11 GMT+0800 (China Standard Time),,s5w188,focus,
Wed Aug 26 2015 21:20:12 GMT+0800 (China Standard Time),,s5w189,focus,
Wed Aug 26 2015 21:20:13 GMT+0800 (China Standard Time),,s5w190,focus,
Wed Aug 26 2015 21:20:13 GMT+0800 (China Standard Time),,s5w191,focus,
Wed Aug 26 2015 21:20:14 GMT+0800 (China Standard Time),,s5w192,focus,
Wed Aug 26 2015 21:20:14 GMT+0800 (China Standard Time),,s6w1,focus,
Wed Aug 26 2015 21:20:14 GMT+0800 (China Standard Time),,s6w2,focus,
Wed Aug 26 2015 21:20:15 GMT+0800 (China Standard Time),,s6w3,focus,
Wed Aug 26 2015 21:20:15 GMT+0800 (China Standard Time),,s6w4,focus,
Wed Aug 26 2015 21:20:15 GMT+0800 (China Standard Time),,s6w5,focus,
Wed Aug 26 2015 21:20:15 GMT+0800 (China Standard Time),,s6w6,focus,
Wed Aug 26 2015 21:20:16 GMT+0800 (China Standard Time),,s6w7,focus,
Wed Aug 26 2015 21:20:16 GMT+0800 (China Standard Time),,s6w8,focus,
Wed Aug 26 2015 21:20:16 GMT+0800 (China Standard Time),,s6w9,focus,
Wed Aug 26 2015 21:20:17 GMT+0800 (China Standard Time),,s6w10,focus,
Wed Aug 26 2015 21:20:18 GMT+0800 (China Standard Time),,s6w10,label,"^"
Wed Aug 26 2015 21:20:18 GMT+0800 (China Standard Time),,s6w11,focus,
Wed Aug 26 2015 21:20:20 GMT+0800 (China Standard Time),,s6w12,focus,
Wed Aug 26 2015 21:20:20 GMT+0800 (China Standard Time),,s6w13,focus,
Wed Aug 26 2015 21:20:21 GMT+0800 (China Standard Time),,s6w14,focus,
Wed Aug 26 2015 21:20:21 GMT+0800 (China Standard Time),,s6w15,focus,
Wed Aug 26 2015 21:20:22 GMT+0800 (China Standard Time),,s6w16,focus,
Wed Aug 26 2015 21:20:22 GMT+0800 (China Standard Time),,s6w17,focus,
Wed Aug 26 2015 21:20:22 GMT+0800 (China Standard Time),,s6w18,focus,
Wed Aug 26 2015 21:20:23 GMT+0800 (China Standard Time),,s6w19,focus,
Wed Aug 26 2015 21:20:23 GMT+0800 (China Standard Time),,s6w20,focus,
Wed Aug 26 2015 21:20:23 GMT+0800 (China Standard Time),,s6w21,focus,
Wed Aug 26 2015 21:20:24 GMT+0800 (China Standard Time),,s6w22,focus,
Wed Aug 26 2015 21:20:24 GMT+0800 (China Standard Time),,s6w23,focus,
Wed Aug 26 2015 21:20:24 GMT+0800 (China Standard Time),,s6w24,focus,
Wed Aug 26 2015 21:20:25 GMT+0800 (China Standard Time),,s6w25,focus,
Wed Aug 26 2015 21:20:25 GMT+0800 (China Standard Time),,s6w26,focus,
Wed Aug 26 2015 21:20:25 GMT+0800 (China Standard Time),,s6w27,focus,
Wed Aug 26 2015 21:20:26 GMT+0800 (China Standard Time),,s6w28,focus,
Wed Aug 26 2015 21:20:26 GMT+0800 (China Standard Time),,s6w29,focus,
Wed Aug 26 2015 21:20:26 GMT+0800 (China Standard Time),,s6w30,focus,
Wed Aug 26 2015 21:20:27 GMT+0800 (China Standard Time),,s6w31,focus,
Wed Aug 26 2015 21:20:27 GMT+0800 (China Standard Time),,s6w32,focus,
Wed Aug 26 2015 21:20:27 GMT+0800 (China Standard Time),,s6w33,focus,
Wed Aug 26 2015 21:20:27 GMT+0800 (China Standard Time),,s6w34,focus,
Wed Aug 26 2015 21:20:28 GMT+0800 (China Standard Time),,s6w35,focus,
Wed Aug 26 2015 21:20:28 GMT+0800 (China Standard Time),,s6w36,focus,
Wed Aug 26 2015 21:20:28 GMT+0800 (China Standard Time),,s6w37,focus,
Wed Aug 26 2015 21:20:29 GMT+0800 (China Standard Time),,s6w38,focus,
Wed Aug 26 2015 21:20:29 GMT+0800 (China Standard Time),,s6w39,focus,
Wed Aug 26 2015 21:20:30 GMT+0800 (China Standard Time),,s6w39,label,"^"
Wed Aug 26 2015 21:20:30 GMT+0800 (China Standard Time),,s6w40,focus,
Wed Aug 26 2015 21:20:31 GMT+0800 (China Standard Time),,s6w41,focus,
Wed Aug 26 2015 21:20:32 GMT+0800 (China Standard Time),,s6w42,focus,
Wed Aug 26 2015 21:20:32 GMT+0800 (China Standard Time),,s6w43,focus,
Wed Aug 26 2015 21:20:32 GMT+0800 (China Standard Time),,s6w44,focus,
Wed Aug 26 2015 21:20:33 GMT+0800 (China Standard Time),,s6w45,focus,
Wed Aug 26 2015 21:20:33 GMT+0800 (China Standard Time),,s6w46,focus,
Wed Aug 26 2015 21:20:33 GMT+0800 (China Standard Time),,s6w47,focus,
Wed Aug 26 2015 21:20:34 GMT+0800 (China Standard Time),,s6w48,focus,
Wed Aug 26 2015 21:20:34 GMT+0800 (China Standard Time),,s6w49,focus,
Wed Aug 26 2015 21:20:35 GMT+0800 (China Standard Time),,s6w50,focus,
Wed Aug 26 2015 21:20:36 GMT+0800 (China Standard Time),,s6w51,focus,
Wed Aug 26 2015 21:20:36 GMT+0800 (China Standard Time),,s7w1,focus,
Wed Aug 26 2015 21:20:37 GMT+0800 (China Standard Time),,s7w1,label,"^"
Wed Aug 26 2015 21:20:38 GMT+0800 (China Standard Time),,s7w2,focus,
Wed Aug 26 2015 21:20:38 GMT+0800 (China Standard Time),,s7w3,focus,
Wed Aug 26 2015 21:20:39 GMT+0800 (China Standard Time),,s7w4,focus,
Wed Aug 26 2015 21:20:40 GMT+0800 (China Standard Time),,s8w1,focus,
Wed Aug 26 2015 21:20:41 GMT+0800 (China Standard Time),,s8w2,focus,
Wed Aug 26 2015 21:20:41 GMT+0800 (China Standard Time),,s8w3,focus,
Wed Aug 26 2015 21:20:42 GMT+0800 (China Standard Time),,s8w4,focus,
Wed Aug 26 2015 21:20:42 GMT+0800 (China Standard Time),,s8w5,focus,
Wed Aug 26 2015 21:20:42 GMT+0800 (China Standard Time),,s8w6,focus,
Wed Aug 26 2015 21:20:42 GMT+0800 (China Standard Time),,s8w7,focus,
Wed Aug 26 2015 21:20:43 GMT+0800 (China Standard Time),,s8w8,focus,
Wed Aug 26 2015 21:20:44 GMT+0800 (China Standard Time),,s8w8,label,"^"
Wed Aug 26 2015 21:20:44 GMT+0800 (China Standard Time),,s8w9,focus,
Wed Aug 26 2015 21:20:44 GMT+0800 (China Standard Time),,s8w10,focus,
Wed Aug 26 2015 21:20:45 GMT+0800 (China Standard Time),,s9w1,focus,
Wed Aug 26 2015 21:20:46 GMT+0800 (China Standard Time),,s9w2,focus,
Wed Aug 26 2015 21:20:46 GMT+0800 (China Standard Time),,s9w3,focus,
Wed Aug 26 2015 21:20:46 GMT+0800 (China Standard Time),,s9w4,focus,
Wed Aug 26 2015 21:20:46 GMT+0800 (China Standard Time),,s9w5,focus,
Wed Aug 26 2015 21:20:47 GMT+0800 (China Standard Time),,s9w6,focus,
Wed Aug 26 2015 21:20:47 GMT+0800 (China Standard Time),,s9w7,focus,
Wed Aug 26 2015 21:20:47 GMT+0800 (China Standard Time),,s9w8,focus,
Wed Aug 26 2015 21:20:48 GMT+0800 (China Standard Time),,s10w1,focus,
Wed Aug 26 2015 21:20:52 GMT+0800 (China Standard Time),,s9w8,focus,
Wed Aug 26 2015 21:20:52 GMT+0800 (China Standard Time),,s9w8,focus,
Wed Aug 26 2015 21:21:00 GMT+0800 (China Standard Time),,s9w8,label,","
Wed Aug 26 2015 21:21:01 GMT+0800 (China Standard Time),,s10w1,focus,
Wed Aug 26 2015 21:21:02 GMT+0800 (China Standard Time),,s10w2,focus,
Wed Aug 26 2015 21:21:02 GMT+0800 (China Standard Time),,s10w3,focus,
Wed Aug 26 2015 21:21:03 GMT+0800 (China Standard Time),,s10w4,focus,
Wed Aug 26 2015 21:21:03 GMT+0800 (China Standard Time),,s10w5,focus,
Wed Aug 26 2015 21:21:03 GMT+0800 (China Standard Time),,s10w6,focus,
Wed Aug 26 2015 21:21:04 GMT+0800 (China Standard Time),,s10w7,focus,
Wed Aug 26 2015 21:21:04 GMT+0800 (China Standard Time),,s11w1,focus,
Wed Aug 26 2015 21:21:07 GMT+0800 (China Standard Time),,s10w7,focus,
Wed Aug 26 2015 21:21:07 GMT+0800 (China Standard Time),,s10w7,focus,
Wed Aug 26 2015 21:21:10 GMT+0800 (China Standard Time),,s10w7,label,"U"
Wed Aug 26 2015 21:21:11 GMT+0800 (China Standard Time),,s11w1,focus,
Wed Aug 26 2015 21:21:12 GMT+0800 (China Standard Time),,s11w2,focus,
Wed Aug 26 2015 21:21:13 GMT+0800 (China Standard Time),,s11w3,focus,
Wed Aug 26 2015 21:21:13 GMT+0800 (China Standard Time),,s11w4,focus,
Wed Aug 26 2015 21:21:13 GMT+0800 (China Standard Time),,s11w5,focus,
Wed Aug 26 2015 21:21:14 GMT+0800 (China Standard Time),,s11w6,focus,
Wed Aug 26 2015 21:21:14 GMT+0800 (China Standard Time),,s11w7,focus,
Wed Aug 26 2015 21:21:14 GMT+0800 (China Standard Time),,s11w8,focus,
Wed Aug 26 2015 21:21:14 GMT+0800 (China Standard Time),,s11w9,focus,
Wed Aug 26 2015 21:21:15 GMT+0800 (China Standard Time),,s11w10,focus,
Wed Aug 26 2015 21:21:15 GMT+0800 (China Standard Time),,s11w11,focus,
Wed Aug 26 2015 21:21:15 GMT+0800 (China Standard Time),,s11w12,focus,
Wed Aug 26 2015 21:21:16 GMT+0800 (China Standard Time),,s11w13,focus,
Wed Aug 26 2015 21:21:16 GMT+0800 (China Standard Time),,s11w14,focus,
Wed Aug 26 2015 21:21:16 GMT+0800 (China Standard Time),,s11w15,focus,
Wed Aug 26 2015 21:21:16 GMT+0800 (China Standard Time),,s11w16,focus,
Wed Aug 26 2015 21:21:17 GMT+0800 (China Standard Time),,s11w17,focus,
Wed Aug 26 2015 21:21:17 GMT+0800 (China Standard Time),,s11w18,focus,
Wed Aug 26 2015 21:21:17 GMT+0800 (China Standard Time),,s11w19,focus,
Wed Aug 26 2015 21:21:17 GMT+0800 (China Standard Time),,s11w20,focus,
Wed Aug 26 2015 21:21:18 GMT+0800 (China Standard Time),,s11w21,focus,
Wed Aug 26 2015 21:21:18 GMT+0800 (China Standard Time),,s11w22,focus,
Wed Aug 26 2015 21:21:18 GMT+0800 (China Standard Time),,s11w23,focus,
Wed Aug 26 2015 21:21:18 GMT+0800 (China Standard Time),,s11w24,focus,
Wed Aug 26 2015 21:21:19 GMT+0800 (China Standard Time),,s11w25,focus,
Wed Aug 26 2015 21:21:19 GMT+0800 (China Standard Time),,s11w26,focus,
Wed Aug 26 2015 21:21:19 GMT+0800 (China Standard Time),,s11w27,focus,
Wed Aug 26 2015 21:21:20 GMT+0800 (China Standard Time),,s11w28,focus,
Wed Aug 26 2015 21:21:20 GMT+0800 (China Standard Time),,s11w29,focus,
Wed Aug 26 2015 21:21:22 GMT+0800 (China Standard Time),,s11w30,focus,
Wed Aug 26 2015 21:21:23 GMT+0800 (China Standard Time),,s11w31,focus,
Wed Aug 26 2015 21:21:24 GMT+0800 (China Standard Time),,s11w31,label,"U"
Wed Aug 26 2015 21:21:25 GMT+0800 (China Standard Time),,s11w32,focus,
Wed Aug 26 2015 21:21:26 GMT+0800 (China Standard Time),,s12w1,focus,
Wed Aug 26 2015 21:21:26 GMT+0800 (China Standard Time),,s12w2,focus,
Wed Aug 26 2015 21:21:26 GMT+0800 (China Standard Time),,s12w3,focus,
Wed Aug 26 2015 21:21:27 GMT+0800 (China Standard Time),,s12w4,focus,
Wed Aug 26 2015 21:21:27 GMT+0800 (China Standard Time),,s12w5,focus,
Wed Aug 26 2015 21:21:28 GMT+0800 (China Standard Time),,s12w5,label,"^"
Wed Aug 26 2015 21:21:28 GMT+0800 (China Standard Time),,s12w6,focus,
Wed Aug 26 2015 21:21:29 GMT+0800 (China Standard Time),,s12w7,focus,
Wed Aug 26 2015 21:21:29 GMT+0800 (China Standard Time),,s12w8,focus,
Wed Aug 26 2015 21:21:31 GMT+0800 (China Standard Time),,s12w9,focus,
Wed Aug 26 2015 21:21:31 GMT+0800 (China Standard Time),,s12w10,focus,
Wed Aug 26 2015 21:21:31 GMT+0800 (China Standard Time),,s12w11,focus,
Wed Aug 26 2015 21:21:32 GMT+0800 (China Standard Time),,s12w12,focus,
Wed Aug 26 2015 21:21:32 GMT+0800 (China Standard Time),,s12w13,focus,
Wed Aug 26 2015 21:21:42 GMT+0800 (China Standard Time),,,submitPage,
