Thu Aug 27 2015 13:51:00 GMT+0800 (China Standard Time),,,pageReady,0:100:100
Thu Aug 27 2015 13:51:00 GMT+0800 (China Standard Time),,s0,twitterId,516565
Thu Aug 27 2015 13:51:00 GMT+0800 (China Standard Time),,s1,twitterId,516565
Thu Aug 27 2015 13:51:00 GMT+0800 (China Standard Time),,s2,twitterId,516565
Thu Aug 27 2015 13:51:00 GMT+0800 (China Standard Time),,s3,twitterId,516565
Thu Aug 27 2015 13:51:00 GMT+0800 (China Standard Time),,s4,twitterId,516565
Thu Aug 27 2015 13:51:00 GMT+0800 (China Standard Time),,s5,twitterId,516565
Thu Aug 27 2015 13:51:00 GMT+0800 (China Standard Time),,s6,twitterId,516565
Thu Aug 27 2015 13:51:00 GMT+0800 (China Standard Time),,s7,twitterId,516565
Thu Aug 27 2015 13:51:00 GMT+0800 (China Standard Time),,s8,twitterId,516565
Thu Aug 27 2015 13:51:08 GMT+0800 (China Standard Time),,s0w10,focus,
Thu Aug 27 2015 13:51:08 GMT+0800 (China Standard Time),,s0w10,focus,
Thu Aug 27 2015 13:51:09 GMT+0800 (China Standard Time),,s0w1,focus,
Thu Aug 27 2015 13:51:09 GMT+0800 (China Standard Time),,s0w1,focus,
Thu Aug 27 2015 13:51:10 GMT+0800 (China Standard Time),,s0w2,focus,
Thu Aug 27 2015 13:51:10 GMT+0800 (China Standard Time),,s0w3,focus,
Thu Aug 27 2015 13:51:11 GMT+0800 (China Standard Time),,s0w4,focus,
Thu Aug 27 2015 13:51:12 GMT+0800 (China Standard Time),,s0w4,label,"^"
Thu Aug 27 2015 13:51:12 GMT+0800 (China Standard Time),,s0w5,focus,
Thu Aug 27 2015 13:51:14 GMT+0800 (China Standard Time),,s0w6,focus,
Thu Aug 27 2015 13:51:14 GMT+0800 (China Standard Time),,s0w7,focus,
Thu Aug 27 2015 13:51:15 GMT+0800 (China Standard Time),,s0w7,label,"^"
Thu Aug 27 2015 13:51:17 GMT+0800 (China Standard Time),,s0w8,focus,
Thu Aug 27 2015 13:51:19 GMT+0800 (China Standard Time),,s0w9,focus,
Thu Aug 27 2015 13:51:19 GMT+0800 (China Standard Time),,s0w10,focus,
Thu Aug 27 2015 13:51:20 GMT+0800 (China Standard Time),,s0w10,label,"^"
Thu Aug 27 2015 13:51:21 GMT+0800 (China Standard Time),,s0w11,focus,
Thu Aug 27 2015 13:51:21 GMT+0800 (China Standard Time),,s1w1,focus,
Thu Aug 27 2015 13:51:21 GMT+0800 (China Standard Time),,s1w2,focus,
Thu Aug 27 2015 13:51:21 GMT+0800 (China Standard Time),,s1w3,focus,
Thu Aug 27 2015 13:51:22 GMT+0800 (China Standard Time),,s1w4,focus,
Thu Aug 27 2015 13:51:22 GMT+0800 (China Standard Time),,s1w5,focus,
Thu Aug 27 2015 13:51:22 GMT+0800 (China Standard Time),,s1w6,focus,
Thu Aug 27 2015 13:51:23 GMT+0800 (China Standard Time),,s1w7,focus,
Thu Aug 27 2015 13:51:24 GMT+0800 (China Standard Time),,s1w8,focus,
Thu Aug 27 2015 13:51:24 GMT+0800 (China Standard Time),,s1w9,focus,
Thu Aug 27 2015 13:51:24 GMT+0800 (China Standard Time),,s1w10,focus,
Thu Aug 27 2015 13:51:24 GMT+0800 (China Standard Time),,s1w11,focus,
Thu Aug 27 2015 13:51:25 GMT+0800 (China Standard Time),,s1w12,focus,
Thu Aug 27 2015 13:51:25 GMT+0800 (China Standard Time),,s1w13,focus,
Thu Aug 27 2015 13:51:26 GMT+0800 (China Standard Time),,s1w14,focus,
Thu Aug 27 2015 13:51:26 GMT+0800 (China Standard Time),,s1w15,focus,
Thu Aug 27 2015 13:51:26 GMT+0800 (China Standard Time),,s1w16,focus,
Thu Aug 27 2015 13:51:26 GMT+0800 (China Standard Time),,s1w17,focus,
Thu Aug 27 2015 13:51:27 GMT+0800 (China Standard Time),,s1w18,focus,
Thu Aug 27 2015 13:51:27 GMT+0800 (China Standard Time),,s1w19,focus,
Thu Aug 27 2015 13:51:27 GMT+0800 (China Standard Time),,s1w20,focus,
Thu Aug 27 2015 13:51:27 GMT+0800 (China Standard Time),,s1w21,focus,
Thu Aug 27 2015 13:51:28 GMT+0800 (China Standard Time),,s1w22,focus,
Thu Aug 27 2015 13:51:28 GMT+0800 (China Standard Time),,s1w23,focus,
Thu Aug 27 2015 13:51:28 GMT+0800 (China Standard Time),,s1w24,focus,
Thu Aug 27 2015 13:51:28 GMT+0800 (China Standard Time),,s1w25,focus,
Thu Aug 27 2015 13:51:29 GMT+0800 (China Standard Time),,s1w26,focus,
Thu Aug 27 2015 13:51:29 GMT+0800 (China Standard Time),,s1w27,focus,
Thu Aug 27 2015 13:51:29 GMT+0800 (China Standard Time),,s1w28,focus,
Thu Aug 27 2015 13:51:29 GMT+0800 (China Standard Time),,s1w29,focus,
Thu Aug 27 2015 13:51:30 GMT+0800 (China Standard Time),,s1w30,focus,
Thu Aug 27 2015 13:51:30 GMT+0800 (China Standard Time),,s1w31,focus,
Thu Aug 27 2015 13:51:30 GMT+0800 (China Standard Time),,s1w32,focus,
Thu Aug 27 2015 13:51:31 GMT+0800 (China Standard Time),,s1w33,focus,
Thu Aug 27 2015 13:51:31 GMT+0800 (China Standard Time),,s1w34,focus,
Thu Aug 27 2015 13:51:31 GMT+0800 (China Standard Time),,s1w35,focus,
Thu Aug 27 2015 13:51:31 GMT+0800 (China Standard Time),,s1w36,focus,
Thu Aug 27 2015 13:51:32 GMT+0800 (China Standard Time),,s1w37,focus,
Thu Aug 27 2015 13:51:32 GMT+0800 (China Standard Time),,s1w38,focus,
Thu Aug 27 2015 13:51:33 GMT+0800 (China Standard Time),,s1w39,focus,
Thu Aug 27 2015 13:51:33 GMT+0800 (China Standard Time),,s1w39,label,"^"
Thu Aug 27 2015 13:51:34 GMT+0800 (China Standard Time),,s1w40,focus,
Thu Aug 27 2015 13:51:34 GMT+0800 (China Standard Time),,s1w41,focus,
Thu Aug 27 2015 13:51:34 GMT+0800 (China Standard Time),,s1w42,focus,
Thu Aug 27 2015 13:51:35 GMT+0800 (China Standard Time),,s1w43,focus,
Thu Aug 27 2015 13:51:35 GMT+0800 (China Standard Time),,s1w44,focus,
Thu Aug 27 2015 13:51:36 GMT+0800 (China Standard Time),,s1w44,label,"^"
Thu Aug 27 2015 13:51:37 GMT+0800 (China Standard Time),,s1w45,focus,
Thu Aug 27 2015 13:51:37 GMT+0800 (China Standard Time),,s1w46,focus,
Thu Aug 27 2015 13:51:38 GMT+0800 (China Standard Time),,s1w47,focus,
Thu Aug 27 2015 13:51:38 GMT+0800 (China Standard Time),,s1w48,focus,
Thu Aug 27 2015 13:51:38 GMT+0800 (China Standard Time),,s1w49,focus,
Thu Aug 27 2015 13:51:38 GMT+0800 (China Standard Time),,s1w50,focus,
Thu Aug 27 2015 13:51:39 GMT+0800 (China Standard Time),,s1w51,focus,
Thu Aug 27 2015 13:51:39 GMT+0800 (China Standard Time),,s1w52,focus,
Thu Aug 27 2015 13:51:39 GMT+0800 (China Standard Time),,s1w53,focus,
Thu Aug 27 2015 13:51:41 GMT+0800 (China Standard Time),,s1w54,focus,
Thu Aug 27 2015 13:51:48 GMT+0800 (China Standard Time),,s1w43,focus,
Thu Aug 27 2015 13:51:48 GMT+0800 (China Standard Time),,s1w43,focus,
Thu Aug 27 2015 13:51:49 GMT+0800 (China Standard Time),,s1w43,label,"^"
Thu Aug 27 2015 13:51:50 GMT+0800 (China Standard Time),,s1w44,focus,
Thu Aug 27 2015 13:51:50 GMT+0800 (China Standard Time),,s1w45,focus,
Thu Aug 27 2015 13:51:50 GMT+0800 (China Standard Time),,s1w46,focus,
Thu Aug 27 2015 13:51:51 GMT+0800 (China Standard Time),,s1w47,focus,
Thu Aug 27 2015 13:51:51 GMT+0800 (China Standard Time),,s1w48,focus,
Thu Aug 27 2015 13:51:51 GMT+0800 (China Standard Time),,s1w49,focus,
Thu Aug 27 2015 13:51:52 GMT+0800 (China Standard Time),,s1w50,focus,
Thu Aug 27 2015 13:51:52 GMT+0800 (China Standard Time),,s1w51,focus,
Thu Aug 27 2015 13:51:52 GMT+0800 (China Standard Time),,s1w52,focus,
Thu Aug 27 2015 13:51:52 GMT+0800 (China Standard Time),,s1w53,focus,
Thu Aug 27 2015 13:51:53 GMT+0800 (China Standard Time),,s1w54,focus,
Thu Aug 27 2015 13:51:53 GMT+0800 (China Standard Time),,s1w55,focus,
Thu Aug 27 2015 13:51:53 GMT+0800 (China Standard Time),,s1w56,focus,
Thu Aug 27 2015 13:51:53 GMT+0800 (China Standard Time),,s1w57,focus,
Thu Aug 27 2015 13:51:54 GMT+0800 (China Standard Time),,s1w58,focus,
Thu Aug 27 2015 13:51:54 GMT+0800 (China Standard Time),,s1w59,focus,
Thu Aug 27 2015 13:51:54 GMT+0800 (China Standard Time),,s1w60,focus,
Thu Aug 27 2015 13:51:55 GMT+0800 (China Standard Time),,s1w61,focus,
Thu Aug 27 2015 13:51:55 GMT+0800 (China Standard Time),,s1w62,focus,
Thu Aug 27 2015 13:51:55 GMT+0800 (China Standard Time),,s1w63,focus,
Thu Aug 27 2015 13:51:55 GMT+0800 (China Standard Time),,s1w64,focus,
Thu Aug 27 2015 13:51:56 GMT+0800 (China Standard Time),,s1w65,focus,
Thu Aug 27 2015 13:51:56 GMT+0800 (China Standard Time),,s1w66,focus,
Thu Aug 27 2015 13:51:57 GMT+0800 (China Standard Time),,s1w67,focus,
Thu Aug 27 2015 13:51:57 GMT+0800 (China Standard Time),,s1w68,focus,
Thu Aug 27 2015 13:51:57 GMT+0800 (China Standard Time),,s1w69,focus,
Thu Aug 27 2015 13:51:57 GMT+0800 (China Standard Time),,s1w70,focus,
Thu Aug 27 2015 13:51:58 GMT+0800 (China Standard Time),,s1w71,focus,
Thu Aug 27 2015 13:51:58 GMT+0800 (China Standard Time),,s1w72,focus,
Thu Aug 27 2015 13:51:58 GMT+0800 (China Standard Time),,s1w73,focus,
Thu Aug 27 2015 13:51:58 GMT+0800 (China Standard Time),,s1w74,focus,
Thu Aug 27 2015 13:51:59 GMT+0800 (China Standard Time),,s1w75,focus,
Thu Aug 27 2015 13:51:59 GMT+0800 (China Standard Time),,s1w76,focus,
Thu Aug 27 2015 13:52:00 GMT+0800 (China Standard Time),,s1w77,focus,
Thu Aug 27 2015 13:52:00 GMT+0800 (China Standard Time),,s1w78,focus,
Thu Aug 27 2015 13:52:01 GMT+0800 (China Standard Time),,s1w79,focus,
Thu Aug 27 2015 13:52:01 GMT+0800 (China Standard Time),,s1w80,focus,
Thu Aug 27 2015 13:52:01 GMT+0800 (China Standard Time),,s1w81,focus,
Thu Aug 27 2015 13:52:01 GMT+0800 (China Standard Time),,s1w82,focus,
Thu Aug 27 2015 13:52:01 GMT+0800 (China Standard Time),,s1w83,focus,
Thu Aug 27 2015 13:52:01 GMT+0800 (China Standard Time),,s1w84,focus,
Thu Aug 27 2015 13:52:01 GMT+0800 (China Standard Time),,s1w85,focus,
Thu Aug 27 2015 13:52:02 GMT+0800 (China Standard Time),,s1w86,focus,
Thu Aug 27 2015 13:52:02 GMT+0800 (China Standard Time),,s1w87,focus,
Thu Aug 27 2015 13:52:02 GMT+0800 (China Standard Time),,s1w88,focus,
Thu Aug 27 2015 13:52:02 GMT+0800 (China Standard Time),,s1w89,focus,
Thu Aug 27 2015 13:52:02 GMT+0800 (China Standard Time),,s1w90,focus,
Thu Aug 27 2015 13:52:02 GMT+0800 (China Standard Time),,s1w91,focus,
Thu Aug 27 2015 13:52:02 GMT+0800 (China Standard Time),,s1w92,focus,
Thu Aug 27 2015 13:52:03 GMT+0800 (China Standard Time),,s1w93,focus,
Thu Aug 27 2015 13:52:03 GMT+0800 (China Standard Time),,s1w94,focus,
Thu Aug 27 2015 13:52:03 GMT+0800 (China Standard Time),,s1w95,focus,
Thu Aug 27 2015 13:52:03 GMT+0800 (China Standard Time),,s1w96,focus,
Thu Aug 27 2015 13:52:03 GMT+0800 (China Standard Time),,s1w97,focus,
Thu Aug 27 2015 13:52:03 GMT+0800 (China Standard Time),,s1w98,focus,
Thu Aug 27 2015 13:52:04 GMT+0800 (China Standard Time),,s1w99,focus,
Thu Aug 27 2015 13:52:04 GMT+0800 (China Standard Time),,s1w100,focus,
Thu Aug 27 2015 13:52:05 GMT+0800 (China Standard Time),,s1w101,focus,
Thu Aug 27 2015 13:52:05 GMT+0800 (China Standard Time),,s1w102,focus,
Thu Aug 27 2015 13:52:05 GMT+0800 (China Standard Time),,s1w103,focus,
Thu Aug 27 2015 13:52:05 GMT+0800 (China Standard Time),,s1w104,focus,
Thu Aug 27 2015 13:52:05 GMT+0800 (China Standard Time),,s1w105,focus,
Thu Aug 27 2015 13:52:05 GMT+0800 (China Standard Time),,s1w106,focus,
Thu Aug 27 2015 13:52:05 GMT+0800 (China Standard Time),,s1w107,focus,
Thu Aug 27 2015 13:52:05 GMT+0800 (China Standard Time),,s1w108,focus,
Thu Aug 27 2015 13:52:05 GMT+0800 (China Standard Time),,s1w109,focus,
Thu Aug 27 2015 13:52:06 GMT+0800 (China Standard Time),,s1w110,focus,
Thu Aug 27 2015 13:52:06 GMT+0800 (China Standard Time),,s1w111,focus,
Thu Aug 27 2015 13:52:06 GMT+0800 (China Standard Time),,s1w112,focus,
Thu Aug 27 2015 13:52:06 GMT+0800 (China Standard Time),,s1w113,focus,
Thu Aug 27 2015 13:52:06 GMT+0800 (China Standard Time),,s1w114,focus,
Thu Aug 27 2015 13:52:07 GMT+0800 (China Standard Time),,s1w115,focus,
Thu Aug 27 2015 13:52:07 GMT+0800 (China Standard Time),,s1w116,focus,
Thu Aug 27 2015 13:52:08 GMT+0800 (China Standard Time),,s2w1,focus,
Thu Aug 27 2015 13:52:08 GMT+0800 (China Standard Time),,s2w2,focus,
Thu Aug 27 2015 13:52:08 GMT+0800 (China Standard Time),,s2w3,focus,
Thu Aug 27 2015 13:52:09 GMT+0800 (China Standard Time),,s2w4,focus,
Thu Aug 27 2015 13:52:09 GMT+0800 (China Standard Time),,s2w5,focus,
Thu Aug 27 2015 13:52:10 GMT+0800 (China Standard Time),,s2w6,focus,
Thu Aug 27 2015 13:52:10 GMT+0800 (China Standard Time),,s2w7,focus,
Thu Aug 27 2015 13:52:10 GMT+0800 (China Standard Time),,s2w8,focus,
Thu Aug 27 2015 13:52:10 GMT+0800 (China Standard Time),,s2w9,focus,
Thu Aug 27 2015 13:52:11 GMT+0800 (China Standard Time),,s2w10,focus,
Thu Aug 27 2015 13:52:11 GMT+0800 (China Standard Time),,s2w11,focus,
Thu Aug 27 2015 13:52:11 GMT+0800 (China Standard Time),,s2w12,focus,
Thu Aug 27 2015 13:52:11 GMT+0800 (China Standard Time),,s2w13,focus,
Thu Aug 27 2015 13:52:12 GMT+0800 (China Standard Time),,s2w14,focus,
Thu Aug 27 2015 13:52:12 GMT+0800 (China Standard Time),,s2w15,focus,
Thu Aug 27 2015 13:52:12 GMT+0800 (China Standard Time),,s2w16,focus,
Thu Aug 27 2015 13:52:13 GMT+0800 (China Standard Time),,s2w16,label,"^"
Thu Aug 27 2015 13:52:13 GMT+0800 (China Standard Time),,s2w17,focus,
Thu Aug 27 2015 13:52:13 GMT+0800 (China Standard Time),,s2w18,focus,
Thu Aug 27 2015 13:52:14 GMT+0800 (China Standard Time),,s2w19,focus,
Thu Aug 27 2015 13:52:15 GMT+0800 (China Standard Time),,s2w20,focus,
Thu Aug 27 2015 13:52:15 GMT+0800 (China Standard Time),,s2w21,focus,
Thu Aug 27 2015 13:52:15 GMT+0800 (China Standard Time),,s2w22,focus,
Thu Aug 27 2015 13:52:15 GMT+0800 (China Standard Time),,s2w23,focus,
Thu Aug 27 2015 13:52:16 GMT+0800 (China Standard Time),,s2w24,focus,
Thu Aug 27 2015 13:52:18 GMT+0800 (China Standard Time),,s2w24,label,"D"
Thu Aug 27 2015 13:52:18 GMT+0800 (China Standard Time),,s2w25,focus,
Thu Aug 27 2015 13:52:20 GMT+0800 (China Standard Time),,s2w26,focus,
Thu Aug 27 2015 13:52:22 GMT+0800 (China Standard Time),,s2w26,label,"G"
Thu Aug 27 2015 13:52:23 GMT+0800 (China Standard Time),,s2w27,focus,
Thu Aug 27 2015 13:52:24 GMT+0800 (China Standard Time),,s2w27,label,"^"
Thu Aug 27 2015 13:52:26 GMT+0800 (China Standard Time),,s2w28,focus,
Thu Aug 27 2015 13:52:28 GMT+0800 (China Standard Time),,s2w28,label,","
Thu Aug 27 2015 13:52:28 GMT+0800 (China Standard Time),,s2w29,focus,
Thu Aug 27 2015 13:52:32 GMT+0800 (China Standard Time),,s2w29,label,"^"
Thu Aug 27 2015 13:52:33 GMT+0800 (China Standard Time),,s2w30,focus,
Thu Aug 27 2015 13:52:34 GMT+0800 (China Standard Time),,s2w30,label,","
Thu Aug 27 2015 13:52:34 GMT+0800 (China Standard Time),,s2w31,focus,
Thu Aug 27 2015 13:52:36 GMT+0800 (China Standard Time),,s2w31,label,"G"
Thu Aug 27 2015 13:52:37 GMT+0800 (China Standard Time),,s2w32,focus,
Thu Aug 27 2015 13:52:38 GMT+0800 (China Standard Time),,s2w33,focus,
Thu Aug 27 2015 13:52:38 GMT+0800 (China Standard Time),,s2w34,focus,
Thu Aug 27 2015 13:52:38 GMT+0800 (China Standard Time),,s2w35,focus,
Thu Aug 27 2015 13:52:38 GMT+0800 (China Standard Time),,s2w36,focus,
Thu Aug 27 2015 13:52:39 GMT+0800 (China Standard Time),,s2w37,focus,
Thu Aug 27 2015 13:52:39 GMT+0800 (China Standard Time),,s2w38,focus,
Thu Aug 27 2015 13:52:39 GMT+0800 (China Standard Time),,s2w39,focus,
Thu Aug 27 2015 13:52:39 GMT+0800 (China Standard Time),,s2w40,focus,
Thu Aug 27 2015 13:52:40 GMT+0800 (China Standard Time),,s2w41,focus,
Thu Aug 27 2015 13:52:40 GMT+0800 (China Standard Time),,s2w42,focus,
Thu Aug 27 2015 13:52:41 GMT+0800 (China Standard Time),,s2w42,label,"^"
Thu Aug 27 2015 13:52:41 GMT+0800 (China Standard Time),,s2w43,focus,
Thu Aug 27 2015 13:52:42 GMT+0800 (China Standard Time),,s2w44,focus,
Thu Aug 27 2015 13:52:42 GMT+0800 (China Standard Time),,s2w45,focus,
Thu Aug 27 2015 13:52:42 GMT+0800 (China Standard Time),,s2w46,focus,
Thu Aug 27 2015 13:52:43 GMT+0800 (China Standard Time),,s2w47,focus,
Thu Aug 27 2015 13:52:43 GMT+0800 (China Standard Time),,s2w48,focus,
Thu Aug 27 2015 13:52:43 GMT+0800 (China Standard Time),,s2w49,focus,
Thu Aug 27 2015 13:52:44 GMT+0800 (China Standard Time),,s2w50,focus,
Thu Aug 27 2015 13:52:44 GMT+0800 (China Standard Time),,s2w51,focus,
Thu Aug 27 2015 13:52:44 GMT+0800 (China Standard Time),,s2w52,focus,
Thu Aug 27 2015 13:52:44 GMT+0800 (China Standard Time),,s2w53,focus,
Thu Aug 27 2015 13:52:45 GMT+0800 (China Standard Time),,s2w54,focus,
Thu Aug 27 2015 13:52:45 GMT+0800 (China Standard Time),,s2w55,focus,
Thu Aug 27 2015 13:52:46 GMT+0800 (China Standard Time),,s2w56,focus,
Thu Aug 27 2015 13:52:46 GMT+0800 (China Standard Time),,s2w57,focus,
Thu Aug 27 2015 13:52:46 GMT+0800 (China Standard Time),,s2w58,focus,
Thu Aug 27 2015 13:52:47 GMT+0800 (China Standard Time),,s2w59,focus,
Thu Aug 27 2015 13:52:47 GMT+0800 (China Standard Time),,s2w60,focus,
Thu Aug 27 2015 13:52:50 GMT+0800 (China Standard Time),,s2w61,focus,
Thu Aug 27 2015 13:52:50 GMT+0800 (China Standard Time),,s2w62,focus,
Thu Aug 27 2015 13:52:51 GMT+0800 (China Standard Time),,s2w63,focus,
Thu Aug 27 2015 13:52:51 GMT+0800 (China Standard Time),,s2w64,focus,
Thu Aug 27 2015 13:52:52 GMT+0800 (China Standard Time),,s2w64,label,"^"
Thu Aug 27 2015 13:52:53 GMT+0800 (China Standard Time),,s2w65,focus,
Thu Aug 27 2015 13:52:54 GMT+0800 (China Standard Time),,s2w65,label,","
Thu Aug 27 2015 13:52:54 GMT+0800 (China Standard Time),,s2w66,focus,
Thu Aug 27 2015 13:52:56 GMT+0800 (China Standard Time),,s2w66,label,"="
Thu Aug 27 2015 13:52:56 GMT+0800 (China Standard Time),,s2w67,focus,
Thu Aug 27 2015 13:52:58 GMT+0800 (China Standard Time),,s2w67,label,","
Thu Aug 27 2015 13:52:58 GMT+0800 (China Standard Time),,s2w68,focus,
Thu Aug 27 2015 13:52:59 GMT+0800 (China Standard Time),,s2w69,focus,
Thu Aug 27 2015 13:52:59 GMT+0800 (China Standard Time),,s2w70,focus,
Thu Aug 27 2015 13:53:00 GMT+0800 (China Standard Time),,s2w71,focus,
Thu Aug 27 2015 13:53:00 GMT+0800 (China Standard Time),,s2w72,focus,
Thu Aug 27 2015 13:53:00 GMT+0800 (China Standard Time),,s2w73,focus,
Thu Aug 27 2015 13:53:01 GMT+0800 (China Standard Time),,s2w74,focus,
Thu Aug 27 2015 13:53:01 GMT+0800 (China Standard Time),,s2w75,focus,
Thu Aug 27 2015 13:53:01 GMT+0800 (China Standard Time),,s2w76,focus,
Thu Aug 27 2015 13:53:01 GMT+0800 (China Standard Time),,s2w77,focus,
Thu Aug 27 2015 13:53:02 GMT+0800 (China Standard Time),,s2w78,focus,
Thu Aug 27 2015 13:53:02 GMT+0800 (China Standard Time),,s2w79,focus,
Thu Aug 27 2015 13:53:02 GMT+0800 (China Standard Time),,s2w80,focus,
Thu Aug 27 2015 13:53:02 GMT+0800 (China Standard Time),,s2w81,focus,
Thu Aug 27 2015 13:53:03 GMT+0800 (China Standard Time),,s2w82,focus,
Thu Aug 27 2015 13:53:03 GMT+0800 (China Standard Time),,s2w83,focus,
Thu Aug 27 2015 13:53:03 GMT+0800 (China Standard Time),,s2w84,focus,
Thu Aug 27 2015 13:53:03 GMT+0800 (China Standard Time),,s2w85,focus,
Thu Aug 27 2015 13:53:04 GMT+0800 (China Standard Time),,s2w86,focus,
Thu Aug 27 2015 13:53:04 GMT+0800 (China Standard Time),,s2w87,focus,
Thu Aug 27 2015 13:53:05 GMT+0800 (China Standard Time),,s2w88,focus,
Thu Aug 27 2015 13:53:06 GMT+0800 (China Standard Time),,s2w89,focus,
Thu Aug 27 2015 13:53:06 GMT+0800 (China Standard Time),,s2w90,focus,
Thu Aug 27 2015 13:53:06 GMT+0800 (China Standard Time),,s2w91,focus,
Thu Aug 27 2015 13:53:06 GMT+0800 (China Standard Time),,s2w92,focus,
Thu Aug 27 2015 13:53:07 GMT+0800 (China Standard Time),,s2w93,focus,
Thu Aug 27 2015 13:53:07 GMT+0800 (China Standard Time),,s2w94,focus,
Thu Aug 27 2015 13:53:07 GMT+0800 (China Standard Time),,s2w95,focus,
Thu Aug 27 2015 13:53:07 GMT+0800 (China Standard Time),,s2w96,focus,
Thu Aug 27 2015 13:53:08 GMT+0800 (China Standard Time),,s2w97,focus,
Thu Aug 27 2015 13:53:08 GMT+0800 (China Standard Time),,s2w98,focus,
Thu Aug 27 2015 13:53:08 GMT+0800 (China Standard Time),,s2w99,focus,
Thu Aug 27 2015 13:53:08 GMT+0800 (China Standard Time),,s2w100,focus,
Thu Aug 27 2015 13:53:09 GMT+0800 (China Standard Time),,s2w101,focus,
Thu Aug 27 2015 13:53:09 GMT+0800 (China Standard Time),,s2w102,focus,
Thu Aug 27 2015 13:53:09 GMT+0800 (China Standard Time),,s2w103,focus,
Thu Aug 27 2015 13:53:09 GMT+0800 (China Standard Time),,s2w104,focus,
Thu Aug 27 2015 13:53:10 GMT+0800 (China Standard Time),,s2w105,focus,
Thu Aug 27 2015 13:53:10 GMT+0800 (China Standard Time),,s2w106,focus,
Thu Aug 27 2015 13:53:10 GMT+0800 (China Standard Time),,s2w107,focus,
Thu Aug 27 2015 13:53:10 GMT+0800 (China Standard Time),,s2w108,focus,
Thu Aug 27 2015 13:53:11 GMT+0800 (China Standard Time),,s2w109,focus,
Thu Aug 27 2015 13:53:11 GMT+0800 (China Standard Time),,s2w110,focus,
Thu Aug 27 2015 13:53:11 GMT+0800 (China Standard Time),,s2w111,focus,
Thu Aug 27 2015 13:53:12 GMT+0800 (China Standard Time),,s2w112,focus,
Thu Aug 27 2015 13:53:12 GMT+0800 (China Standard Time),,s2w113,focus,
Thu Aug 27 2015 13:53:12 GMT+0800 (China Standard Time),,s2w114,focus,
Thu Aug 27 2015 13:53:12 GMT+0800 (China Standard Time),,s2w115,focus,
Thu Aug 27 2015 13:53:13 GMT+0800 (China Standard Time),,s2w116,focus,
Thu Aug 27 2015 13:53:13 GMT+0800 (China Standard Time),,s2w117,focus,
Thu Aug 27 2015 13:53:14 GMT+0800 (China Standard Time),,s2w118,focus,
Thu Aug 27 2015 13:53:14 GMT+0800 (China Standard Time),,s2w119,focus,
Thu Aug 27 2015 13:53:14 GMT+0800 (China Standard Time),,s2w120,focus,
Thu Aug 27 2015 13:53:15 GMT+0800 (China Standard Time),,s2w121,focus,
Thu Aug 27 2015 13:53:15 GMT+0800 (China Standard Time),,s2w122,focus,
Thu Aug 27 2015 13:53:15 GMT+0800 (China Standard Time),,s2w123,focus,
Thu Aug 27 2015 13:53:15 GMT+0800 (China Standard Time),,s2w124,focus,
Thu Aug 27 2015 13:53:15 GMT+0800 (China Standard Time),,s2w125,focus,
Thu Aug 27 2015 13:53:16 GMT+0800 (China Standard Time),,s2w126,focus,
Thu Aug 27 2015 13:53:23 GMT+0800 (China Standard Time),,s2w126,label,"V"
Thu Aug 27 2015 13:53:23 GMT+0800 (China Standard Time),,s2w127,focus,
Thu Aug 27 2015 13:53:24 GMT+0800 (China Standard Time),,s2w128,focus,
Thu Aug 27 2015 13:53:25 GMT+0800 (China Standard Time),,s2w129,focus,
Thu Aug 27 2015 13:53:25 GMT+0800 (China Standard Time),,s2w130,focus,
Thu Aug 27 2015 13:53:26 GMT+0800 (China Standard Time),,s2w131,focus,
Thu Aug 27 2015 13:53:26 GMT+0800 (China Standard Time),,s2w132,focus,
Thu Aug 27 2015 13:53:26 GMT+0800 (China Standard Time),,s2w133,focus,
Thu Aug 27 2015 13:53:27 GMT+0800 (China Standard Time),,s2w134,focus,
Thu Aug 27 2015 13:53:27 GMT+0800 (China Standard Time),,s2w135,focus,
Thu Aug 27 2015 13:53:27 GMT+0800 (China Standard Time),,s2w136,focus,
Thu Aug 27 2015 13:53:28 GMT+0800 (China Standard Time),,s2w137,focus,
Thu Aug 27 2015 13:53:28 GMT+0800 (China Standard Time),,s2w138,focus,
Thu Aug 27 2015 13:53:28 GMT+0800 (China Standard Time),,s2w139,focus,
Thu Aug 27 2015 13:53:30 GMT+0800 (China Standard Time),,s2w140,focus,
Thu Aug 27 2015 13:53:31 GMT+0800 (China Standard Time),,s2w141,focus,
Thu Aug 27 2015 13:53:31 GMT+0800 (China Standard Time),,s2w142,focus,
Thu Aug 27 2015 13:53:32 GMT+0800 (China Standard Time),,s2w143,focus,
Thu Aug 27 2015 13:53:32 GMT+0800 (China Standard Time),,s2w144,focus,
Thu Aug 27 2015 13:53:32 GMT+0800 (China Standard Time),,s2w145,focus,
Thu Aug 27 2015 13:53:33 GMT+0800 (China Standard Time),,s2w146,focus,
Thu Aug 27 2015 13:53:34 GMT+0800 (China Standard Time),,s2w147,focus,
Thu Aug 27 2015 13:53:34 GMT+0800 (China Standard Time),,s2w148,focus,
Thu Aug 27 2015 13:53:34 GMT+0800 (China Standard Time),,s2w149,focus,
Thu Aug 27 2015 13:53:35 GMT+0800 (China Standard Time),,s2w150,focus,
Thu Aug 27 2015 13:53:35 GMT+0800 (China Standard Time),,s2w151,focus,
Thu Aug 27 2015 13:53:35 GMT+0800 (China Standard Time),,s2w152,focus,
Thu Aug 27 2015 13:53:35 GMT+0800 (China Standard Time),,s2w153,focus,
Thu Aug 27 2015 13:53:36 GMT+0800 (China Standard Time),,s2w154,focus,
Thu Aug 27 2015 13:53:36 GMT+0800 (China Standard Time),,s2w155,focus,
Thu Aug 27 2015 13:53:36 GMT+0800 (China Standard Time),,s2w156,focus,
Thu Aug 27 2015 13:53:37 GMT+0800 (China Standard Time),,s2w157,focus,
Thu Aug 27 2015 13:53:37 GMT+0800 (China Standard Time),,s2w158,focus,
Thu Aug 27 2015 13:53:37 GMT+0800 (China Standard Time),,s2w159,focus,
Thu Aug 27 2015 13:53:37 GMT+0800 (China Standard Time),,s2w160,focus,
Thu Aug 27 2015 13:53:38 GMT+0800 (China Standard Time),,s2w161,focus,
Thu Aug 27 2015 13:53:38 GMT+0800 (China Standard Time),,s2w162,focus,
Thu Aug 27 2015 13:53:38 GMT+0800 (China Standard Time),,s2w163,focus,
Thu Aug 27 2015 13:53:39 GMT+0800 (China Standard Time),,s2w164,focus,
Thu Aug 27 2015 13:53:39 GMT+0800 (China Standard Time),,s2w165,focus,
Thu Aug 27 2015 13:53:40 GMT+0800 (China Standard Time),,s2w166,focus,
Thu Aug 27 2015 13:53:40 GMT+0800 (China Standard Time),,s2w167,focus,
Thu Aug 27 2015 13:53:40 GMT+0800 (China Standard Time),,s2w168,focus,
Thu Aug 27 2015 13:53:41 GMT+0800 (China Standard Time),,s2w169,focus,
Thu Aug 27 2015 13:53:41 GMT+0800 (China Standard Time),,s2w170,focus,
Thu Aug 27 2015 13:53:42 GMT+0800 (China Standard Time),,s2w171,focus,
Thu Aug 27 2015 13:53:42 GMT+0800 (China Standard Time),,s2w172,focus,
Thu Aug 27 2015 13:53:43 GMT+0800 (China Standard Time),,s2w173,focus,
Thu Aug 27 2015 13:53:43 GMT+0800 (China Standard Time),,s2w174,focus,
Thu Aug 27 2015 13:53:44 GMT+0800 (China Standard Time),,s2w175,focus,
Thu Aug 27 2015 13:53:44 GMT+0800 (China Standard Time),,s2w176,focus,
Thu Aug 27 2015 13:53:44 GMT+0800 (China Standard Time),,s2w177,focus,
Thu Aug 27 2015 13:53:45 GMT+0800 (China Standard Time),,s2w178,focus,
Thu Aug 27 2015 13:53:45 GMT+0800 (China Standard Time),,s2w179,focus,
Thu Aug 27 2015 13:53:46 GMT+0800 (China Standard Time),,s2w180,focus,
Thu Aug 27 2015 13:53:50 GMT+0800 (China Standard Time),,s2w180,label,"V"
Thu Aug 27 2015 13:53:50 GMT+0800 (China Standard Time),,s2w181,focus,
Thu Aug 27 2015 13:53:51 GMT+0800 (China Standard Time),,s2w182,focus,
Thu Aug 27 2015 13:53:51 GMT+0800 (China Standard Time),,s2w183,focus,
Thu Aug 27 2015 13:54:00 GMT+0800 (China Standard Time),,s2w180,focus,
Thu Aug 27 2015 13:54:00 GMT+0800 (China Standard Time),,s2w180,focus,
Thu Aug 27 2015 13:54:02 GMT+0800 (China Standard Time),,s2w180,label,"A"
Thu Aug 27 2015 13:54:03 GMT+0800 (China Standard Time),,s2w181,focus,
Thu Aug 27 2015 13:54:03 GMT+0800 (China Standard Time),,s2w182,focus,
Thu Aug 27 2015 13:54:04 GMT+0800 (China Standard Time),,s2w183,focus,
Thu Aug 27 2015 13:54:06 GMT+0800 (China Standard Time),,s2w180,focus,
Thu Aug 27 2015 13:54:06 GMT+0800 (China Standard Time),,s2w180,focus,
Thu Aug 27 2015 13:54:06 GMT+0800 (China Standard Time),,s2w180,label,"N"
Thu Aug 27 2015 13:54:07 GMT+0800 (China Standard Time),,s2w181,focus,
Thu Aug 27 2015 13:54:07 GMT+0800 (China Standard Time),,s2w182,focus,
Thu Aug 27 2015 13:54:08 GMT+0800 (China Standard Time),,s2w183,focus,
Thu Aug 27 2015 13:54:08 GMT+0800 (China Standard Time),,s2w184,focus,
Thu Aug 27 2015 13:54:08 GMT+0800 (China Standard Time),,s2w185,focus,
Thu Aug 27 2015 13:54:09 GMT+0800 (China Standard Time),,s2w186,focus,
Thu Aug 27 2015 13:54:09 GMT+0800 (China Standard Time),,s2w187,focus,
Thu Aug 27 2015 13:54:09 GMT+0800 (China Standard Time),,s3w1,focus,
Thu Aug 27 2015 13:54:10 GMT+0800 (China Standard Time),,s3w2,focus,
Thu Aug 27 2015 13:54:11 GMT+0800 (China Standard Time),,s3w3,focus,
Thu Aug 27 2015 13:54:12 GMT+0800 (China Standard Time),,s3w4,focus,
Thu Aug 27 2015 13:54:12 GMT+0800 (China Standard Time),,s3w5,focus,
Thu Aug 27 2015 13:54:12 GMT+0800 (China Standard Time),,s3w6,focus,
Thu Aug 27 2015 13:54:13 GMT+0800 (China Standard Time),,s3w7,focus,
Thu Aug 27 2015 13:54:13 GMT+0800 (China Standard Time),,s3w8,focus,
Thu Aug 27 2015 13:54:13 GMT+0800 (China Standard Time),,s3w9,focus,
Thu Aug 27 2015 13:54:13 GMT+0800 (China Standard Time),,s3w10,focus,
Thu Aug 27 2015 13:54:14 GMT+0800 (China Standard Time),,s3w11,focus,
Thu Aug 27 2015 13:54:14 GMT+0800 (China Standard Time),,s3w12,focus,
Thu Aug 27 2015 13:54:19 GMT+0800 (China Standard Time),,s3w13,focus,
Thu Aug 27 2015 13:54:19 GMT+0800 (China Standard Time),,s3w14,focus,
Thu Aug 27 2015 13:54:23 GMT+0800 (China Standard Time),,s3w15,focus,
Thu Aug 27 2015 13:54:24 GMT+0800 (China Standard Time),,s3w16,focus,
Thu Aug 27 2015 13:54:27 GMT+0800 (China Standard Time),,s3w16,label,"^"
Thu Aug 27 2015 13:54:27 GMT+0800 (China Standard Time),,s3w17,focus,
Thu Aug 27 2015 13:54:28 GMT+0800 (China Standard Time),,s3w18,focus,
Thu Aug 27 2015 13:54:29 GMT+0800 (China Standard Time),,s3w19,focus,
Thu Aug 27 2015 13:54:29 GMT+0800 (China Standard Time),,s3w20,focus,
Thu Aug 27 2015 13:54:30 GMT+0800 (China Standard Time),,s3w21,focus,
Thu Aug 27 2015 13:54:30 GMT+0800 (China Standard Time),,s3w22,focus,
Thu Aug 27 2015 13:54:30 GMT+0800 (China Standard Time),,s3w23,focus,
Thu Aug 27 2015 13:54:30 GMT+0800 (China Standard Time),,s3w24,focus,
Thu Aug 27 2015 13:54:31 GMT+0800 (China Standard Time),,s3w25,focus,
Thu Aug 27 2015 13:54:36 GMT+0800 (China Standard Time),,s4w1,focus,
Thu Aug 27 2015 13:54:36 GMT+0800 (China Standard Time),,s4w2,focus,
Thu Aug 27 2015 13:54:37 GMT+0800 (China Standard Time),,s4w3,focus,
Thu Aug 27 2015 13:54:37 GMT+0800 (China Standard Time),,s4w4,focus,
Thu Aug 27 2015 13:54:37 GMT+0800 (China Standard Time),,s4w5,focus,
Thu Aug 27 2015 13:54:38 GMT+0800 (China Standard Time),,s4w6,focus,
Thu Aug 27 2015 13:54:38 GMT+0800 (China Standard Time),,s4w7,focus,
Thu Aug 27 2015 13:54:38 GMT+0800 (China Standard Time),,s4w8,focus,
Thu Aug 27 2015 13:54:38 GMT+0800 (China Standard Time),,s4w9,focus,
Thu Aug 27 2015 13:54:39 GMT+0800 (China Standard Time),,s4w10,focus,
Thu Aug 27 2015 13:54:39 GMT+0800 (China Standard Time),,s4w11,focus,
Thu Aug 27 2015 13:54:39 GMT+0800 (China Standard Time),,s4w12,focus,
Thu Aug 27 2015 13:54:39 GMT+0800 (China Standard Time),,s4w13,focus,
Thu Aug 27 2015 13:54:40 GMT+0800 (China Standard Time),,s5w1,focus,
Thu Aug 27 2015 13:54:40 GMT+0800 (China Standard Time),,s5w2,focus,
Thu Aug 27 2015 13:54:41 GMT+0800 (China Standard Time),,s5w3,focus,
Thu Aug 27 2015 13:54:42 GMT+0800 (China Standard Time),,s5w3,label,"^"
Thu Aug 27 2015 13:54:42 GMT+0800 (China Standard Time),,s5w4,focus,
Thu Aug 27 2015 13:54:42 GMT+0800 (China Standard Time),,s5w5,focus,
Thu Aug 27 2015 13:54:43 GMT+0800 (China Standard Time),,s5w6,focus,
Thu Aug 27 2015 13:54:43 GMT+0800 (China Standard Time),,s5w7,focus,
Thu Aug 27 2015 13:54:44 GMT+0800 (China Standard Time),,s5w8,focus,
Thu Aug 27 2015 13:54:44 GMT+0800 (China Standard Time),,s5w9,focus,
Thu Aug 27 2015 13:54:44 GMT+0800 (China Standard Time),,s5w10,focus,
Thu Aug 27 2015 13:54:44 GMT+0800 (China Standard Time),,s5w11,focus,
Thu Aug 27 2015 13:54:45 GMT+0800 (China Standard Time),,s5w12,focus,
Thu Aug 27 2015 13:54:45 GMT+0800 (China Standard Time),,s5w13,focus,
Thu Aug 27 2015 13:54:45 GMT+0800 (China Standard Time),,s5w14,focus,
Thu Aug 27 2015 13:54:45 GMT+0800 (China Standard Time),,s5w15,focus,
Thu Aug 27 2015 13:54:46 GMT+0800 (China Standard Time),,s5w16,focus,
Thu Aug 27 2015 13:54:46 GMT+0800 (China Standard Time),,s5w17,focus,
Thu Aug 27 2015 13:54:46 GMT+0800 (China Standard Time),,s5w18,focus,
Thu Aug 27 2015 13:54:46 GMT+0800 (China Standard Time),,s5w19,focus,
Thu Aug 27 2015 13:54:47 GMT+0800 (China Standard Time),,s5w20,focus,
Thu Aug 27 2015 13:54:47 GMT+0800 (China Standard Time),,s5w21,focus,
Thu Aug 27 2015 13:54:47 GMT+0800 (China Standard Time),,s5w22,focus,
Thu Aug 27 2015 13:54:48 GMT+0800 (China Standard Time),,s5w23,focus,
Thu Aug 27 2015 13:54:48 GMT+0800 (China Standard Time),,s5w24,focus,
Thu Aug 27 2015 13:54:49 GMT+0800 (China Standard Time),,s5w25,focus,
Thu Aug 27 2015 13:54:49 GMT+0800 (China Standard Time),,s5w26,focus,
Thu Aug 27 2015 13:54:50 GMT+0800 (China Standard Time),,s5w27,focus,
Thu Aug 27 2015 13:54:50 GMT+0800 (China Standard Time),,s5w28,focus,
Thu Aug 27 2015 13:54:50 GMT+0800 (China Standard Time),,s5w29,focus,
Thu Aug 27 2015 13:54:51 GMT+0800 (China Standard Time),,s5w30,focus,
Thu Aug 27 2015 13:54:51 GMT+0800 (China Standard Time),,s5w31,focus,
Thu Aug 27 2015 13:54:51 GMT+0800 (China Standard Time),,s5w32,focus,
Thu Aug 27 2015 13:54:52 GMT+0800 (China Standard Time),,s5w33,focus,
Thu Aug 27 2015 13:54:52 GMT+0800 (China Standard Time),,s5w34,focus,
Thu Aug 27 2015 13:54:52 GMT+0800 (China Standard Time),,s5w35,focus,
Thu Aug 27 2015 13:54:53 GMT+0800 (China Standard Time),,s5w36,focus,
Thu Aug 27 2015 13:54:53 GMT+0800 (China Standard Time),,s5w36,label,"^"
Thu Aug 27 2015 13:54:54 GMT+0800 (China Standard Time),,s5w37,focus,
Thu Aug 27 2015 13:54:54 GMT+0800 (China Standard Time),,s5w38,focus,
Thu Aug 27 2015 13:54:54 GMT+0800 (China Standard Time),,s5w39,focus,
Thu Aug 27 2015 13:54:55 GMT+0800 (China Standard Time),,s5w40,focus,
Thu Aug 27 2015 13:54:55 GMT+0800 (China Standard Time),,s5w41,focus,
Thu Aug 27 2015 13:54:55 GMT+0800 (China Standard Time),,s5w42,focus,
Thu Aug 27 2015 13:54:55 GMT+0800 (China Standard Time),,s5w43,focus,
Thu Aug 27 2015 13:54:56 GMT+0800 (China Standard Time),,s5w44,focus,
Thu Aug 27 2015 13:54:56 GMT+0800 (China Standard Time),,s5w45,focus,
Thu Aug 27 2015 13:54:56 GMT+0800 (China Standard Time),,s5w46,focus,
Thu Aug 27 2015 13:54:57 GMT+0800 (China Standard Time),,s5w47,focus,
Thu Aug 27 2015 13:54:57 GMT+0800 (China Standard Time),,s5w48,focus,
Thu Aug 27 2015 13:54:57 GMT+0800 (China Standard Time),,s5w49,focus,
Thu Aug 27 2015 13:54:58 GMT+0800 (China Standard Time),,s5w50,focus,
Thu Aug 27 2015 13:54:58 GMT+0800 (China Standard Time),,s5w51,focus,
Thu Aug 27 2015 13:54:58 GMT+0800 (China Standard Time),,s5w52,focus,
Thu Aug 27 2015 13:54:59 GMT+0800 (China Standard Time),,s5w53,focus,
Thu Aug 27 2015 13:54:59 GMT+0800 (China Standard Time),,s5w54,focus,
Thu Aug 27 2015 13:54:59 GMT+0800 (China Standard Time),,s5w55,focus,
Thu Aug 27 2015 13:54:59 GMT+0800 (China Standard Time),,s5w56,focus,
Thu Aug 27 2015 13:55:00 GMT+0800 (China Standard Time),,s5w57,focus,
Thu Aug 27 2015 13:55:00 GMT+0800 (China Standard Time),,s5w58,focus,
Thu Aug 27 2015 13:55:00 GMT+0800 (China Standard Time),,s5w59,focus,
Thu Aug 27 2015 13:55:00 GMT+0800 (China Standard Time),,s5w60,focus,
Thu Aug 27 2015 13:55:00 GMT+0800 (China Standard Time),,s5w61,focus,
Thu Aug 27 2015 13:55:00 GMT+0800 (China Standard Time),,s5w62,focus,
Thu Aug 27 2015 13:55:01 GMT+0800 (China Standard Time),,s5w63,focus,
Thu Aug 27 2015 13:55:01 GMT+0800 (China Standard Time),,s5w64,focus,
Thu Aug 27 2015 13:55:01 GMT+0800 (China Standard Time),,s5w65,focus,
Thu Aug 27 2015 13:55:02 GMT+0800 (China Standard Time),,s5w66,focus,
Thu Aug 27 2015 13:55:02 GMT+0800 (China Standard Time),,s5w67,focus,
Thu Aug 27 2015 13:55:02 GMT+0800 (China Standard Time),,s5w68,focus,
Thu Aug 27 2015 13:55:03 GMT+0800 (China Standard Time),,s5w69,focus,
Thu Aug 27 2015 13:55:03 GMT+0800 (China Standard Time),,s5w70,focus,
Thu Aug 27 2015 13:55:05 GMT+0800 (China Standard Time),,s5w71,focus,
Thu Aug 27 2015 13:55:05 GMT+0800 (China Standard Time),,s5w72,focus,
Thu Aug 27 2015 13:55:05 GMT+0800 (China Standard Time),,s5w73,focus,
Thu Aug 27 2015 13:55:06 GMT+0800 (China Standard Time),,s5w74,focus,
Thu Aug 27 2015 13:55:06 GMT+0800 (China Standard Time),,s5w75,focus,
Thu Aug 27 2015 13:55:06 GMT+0800 (China Standard Time),,s5w76,focus,
Thu Aug 27 2015 13:55:06 GMT+0800 (China Standard Time),,s5w77,focus,
Thu Aug 27 2015 13:55:06 GMT+0800 (China Standard Time),,s5w78,focus,
Thu Aug 27 2015 13:55:07 GMT+0800 (China Standard Time),,s5w79,focus,
Thu Aug 27 2015 13:55:07 GMT+0800 (China Standard Time),,s5w80,focus,
Thu Aug 27 2015 13:55:08 GMT+0800 (China Standard Time),,s5w81,focus,
Thu Aug 27 2015 13:55:08 GMT+0800 (China Standard Time),,s5w82,focus,
Thu Aug 27 2015 13:55:08 GMT+0800 (China Standard Time),,s5w83,focus,
Thu Aug 27 2015 13:55:08 GMT+0800 (China Standard Time),,s5w84,focus,
Thu Aug 27 2015 13:55:09 GMT+0800 (China Standard Time),,s5w85,focus,
Thu Aug 27 2015 13:55:09 GMT+0800 (China Standard Time),,s5w86,focus,
Thu Aug 27 2015 13:55:09 GMT+0800 (China Standard Time),,s5w87,focus,
Thu Aug 27 2015 13:55:10 GMT+0800 (China Standard Time),,s5w88,focus,
Thu Aug 27 2015 13:55:10 GMT+0800 (China Standard Time),,s5w89,focus,
Thu Aug 27 2015 13:55:10 GMT+0800 (China Standard Time),,s5w90,focus,
Thu Aug 27 2015 13:55:10 GMT+0800 (China Standard Time),,s5w91,focus,
Thu Aug 27 2015 13:55:11 GMT+0800 (China Standard Time),,s5w92,focus,
Thu Aug 27 2015 13:55:11 GMT+0800 (China Standard Time),,s5w93,focus,
Thu Aug 27 2015 13:55:11 GMT+0800 (China Standard Time),,s5w94,focus,
Thu Aug 27 2015 13:55:11 GMT+0800 (China Standard Time),,s5w95,focus,
Thu Aug 27 2015 13:55:12 GMT+0800 (China Standard Time),,s5w96,focus,
Thu Aug 27 2015 13:55:12 GMT+0800 (China Standard Time),,s5w97,focus,
Thu Aug 27 2015 13:55:12 GMT+0800 (China Standard Time),,s5w98,focus,
Thu Aug 27 2015 13:55:13 GMT+0800 (China Standard Time),,s5w99,focus,
Thu Aug 27 2015 13:55:13 GMT+0800 (China Standard Time),,s5w100,focus,
Thu Aug 27 2015 13:55:18 GMT+0800 (China Standard Time),,s5w100,label,"A"
Thu Aug 27 2015 13:55:18 GMT+0800 (China Standard Time),,s5w101,focus,
Thu Aug 27 2015 13:55:19 GMT+0800 (China Standard Time),,s5w102,focus,
Thu Aug 27 2015 13:55:19 GMT+0800 (China Standard Time),,s5w103,focus,
Thu Aug 27 2015 13:55:20 GMT+0800 (China Standard Time),,s5w104,focus,
Thu Aug 27 2015 13:55:20 GMT+0800 (China Standard Time),,s5w105,focus,
Thu Aug 27 2015 13:55:20 GMT+0800 (China Standard Time),,s5w106,focus,
Thu Aug 27 2015 13:55:21 GMT+0800 (China Standard Time),,s5w107,focus,
Thu Aug 27 2015 13:55:21 GMT+0800 (China Standard Time),,s5w108,focus,
Thu Aug 27 2015 13:55:21 GMT+0800 (China Standard Time),,s6w1,focus,
Thu Aug 27 2015 13:55:22 GMT+0800 (China Standard Time),,s6w2,focus,
Thu Aug 27 2015 13:55:22 GMT+0800 (China Standard Time),,s6w3,focus,
Thu Aug 27 2015 13:55:22 GMT+0800 (China Standard Time),,s6w4,focus,
Thu Aug 27 2015 13:55:23 GMT+0800 (China Standard Time),,s6w5,focus,
Thu Aug 27 2015 13:55:24 GMT+0800 (China Standard Time),,s6w5,label,"^"
Thu Aug 27 2015 13:55:24 GMT+0800 (China Standard Time),,s6w6,focus,
Thu Aug 27 2015 13:55:25 GMT+0800 (China Standard Time),,s6w7,focus,
Thu Aug 27 2015 13:55:25 GMT+0800 (China Standard Time),,s6w8,focus,
Thu Aug 27 2015 13:55:25 GMT+0800 (China Standard Time),,s6w9,focus,
Thu Aug 27 2015 13:55:26 GMT+0800 (China Standard Time),,s6w10,focus,
Thu Aug 27 2015 13:55:26 GMT+0800 (China Standard Time),,s6w11,focus,
Thu Aug 27 2015 13:55:26 GMT+0800 (China Standard Time),,s6w12,focus,
Thu Aug 27 2015 13:55:27 GMT+0800 (China Standard Time),,s6w13,focus,
Thu Aug 27 2015 13:55:27 GMT+0800 (China Standard Time),,s6w14,focus,
Thu Aug 27 2015 13:55:27 GMT+0800 (China Standard Time),,s6w15,focus,
Thu Aug 27 2015 13:55:28 GMT+0800 (China Standard Time),,s6w16,focus,
Thu Aug 27 2015 13:55:28 GMT+0800 (China Standard Time),,s6w17,focus,
Thu Aug 27 2015 13:55:28 GMT+0800 (China Standard Time),,s6w18,focus,
Thu Aug 27 2015 13:55:29 GMT+0800 (China Standard Time),,s6w19,focus,
Thu Aug 27 2015 13:55:29 GMT+0800 (China Standard Time),,s6w20,focus,
Thu Aug 27 2015 13:55:29 GMT+0800 (China Standard Time),,s6w21,focus,
Thu Aug 27 2015 13:55:30 GMT+0800 (China Standard Time),,s6w21,label,"^"
Thu Aug 27 2015 13:55:31 GMT+0800 (China Standard Time),,s6w22,focus,
Thu Aug 27 2015 13:55:31 GMT+0800 (China Standard Time),,s6w23,focus,
Thu Aug 27 2015 13:55:31 GMT+0800 (China Standard Time),,s6w24,focus,
Thu Aug 27 2015 13:55:32 GMT+0800 (China Standard Time),,s6w25,focus,
Thu Aug 27 2015 13:55:32 GMT+0800 (China Standard Time),,s6w26,focus,
Thu Aug 27 2015 13:55:35 GMT+0800 (China Standard Time),,s7w1,focus,
Thu Aug 27 2015 13:55:36 GMT+0800 (China Standard Time),,s7w2,focus,
Thu Aug 27 2015 13:55:37 GMT+0800 (China Standard Time),,s7w2,label,"N"
Thu Aug 27 2015 13:55:37 GMT+0800 (China Standard Time),,s7w3,focus,
Thu Aug 27 2015 13:55:38 GMT+0800 (China Standard Time),,s8w1,focus,
Thu Aug 27 2015 13:55:38 GMT+0800 (China Standard Time),,s8w2,focus,
Thu Aug 27 2015 13:55:39 GMT+0800 (China Standard Time),,s8w3,focus,
Thu Aug 27 2015 13:55:39 GMT+0800 (China Standard Time),,s8w4,focus,
Thu Aug 27 2015 13:55:39 GMT+0800 (China Standard Time),,s8w5,focus,
Thu Aug 27 2015 13:55:40 GMT+0800 (China Standard Time),,s8w6,focus,
Thu Aug 27 2015 13:55:40 GMT+0800 (China Standard Time),,s8w7,focus,
Thu Aug 27 2015 13:55:40 GMT+0800 (China Standard Time),,s8w8,focus,
Thu Aug 27 2015 13:55:41 GMT+0800 (China Standard Time),,s8w9,focus,
Thu Aug 27 2015 13:55:41 GMT+0800 (China Standard Time),,s8w10,focus,
Thu Aug 27 2015 13:55:41 GMT+0800 (China Standard Time),,s8w11,focus,
Thu Aug 27 2015 13:55:41 GMT+0800 (China Standard Time),,s8w12,focus,
Thu Aug 27 2015 13:55:42 GMT+0800 (China Standard Time),,s8w13,focus,
Thu Aug 27 2015 13:55:42 GMT+0800 (China Standard Time),,s8w14,focus,
Thu Aug 27 2015 13:55:44 GMT+0800 (China Standard Time),,s8w14,label,"A"
Thu Aug 27 2015 13:55:44 GMT+0800 (China Standard Time),,s8w15,focus,
Thu Aug 27 2015 13:55:46 GMT+0800 (China Standard Time),,s8w16,focus,
Thu Aug 27 2015 13:55:47 GMT+0800 (China Standard Time),,s8w17,focus,
Thu Aug 27 2015 13:55:47 GMT+0800 (China Standard Time),,s8w18,focus,
Thu Aug 27 2015 13:55:48 GMT+0800 (China Standard Time),,s8w19,focus,
Thu Aug 27 2015 13:55:48 GMT+0800 (China Standard Time),,s8w20,focus,
Thu Aug 27 2015 13:55:51 GMT+0800 (China Standard Time),,s8w16,focus,
Thu Aug 27 2015 13:55:51 GMT+0800 (China Standard Time),,s8w16,focus,
Thu Aug 27 2015 13:55:52 GMT+0800 (China Standard Time),,s8w16,label,"N"
Thu Aug 27 2015 13:55:52 GMT+0800 (China Standard Time),,s8w17,focus,
Thu Aug 27 2015 13:55:53 GMT+0800 (China Standard Time),,s8w18,focus,
Thu Aug 27 2015 13:55:53 GMT+0800 (China Standard Time),,s8w19,focus,
Thu Aug 27 2015 13:55:54 GMT+0800 (China Standard Time),,s8w20,focus,
Thu Aug 27 2015 13:55:58 GMT+0800 (China Standard Time),,,submitPage,
