Fri Aug 21 2015 16:23:34 GMT+0800 (Malay Peninsula Standard Time),,,pageReady,0:100:100
Fri Aug 21 2015 16:23:34 GMT+0800 (Malay Peninsula Standard Time),,s0,twitterId,415863
Fri Aug 21 2015 16:23:34 GMT+0800 (Malay Peninsula Standard Time),,s1,twitterId,415863
Fri Aug 21 2015 16:23:34 GMT+0800 (Malay Peninsula Standard Time),,s2,twitterId,415863
Fri Aug 21 2015 16:23:34 GMT+0800 (Malay Peninsula Standard Time),,s3,twitterId,415863
Fri Aug 21 2015 16:23:34 GMT+0800 (Malay Peninsula Standard Time),,s4,twitterId,415863
Fri Aug 21 2015 16:23:34 GMT+0800 (Malay Peninsula Standard Time),,s5,twitterId,415863
Fri Aug 21 2015 16:23:34 GMT+0800 (Malay Peninsula Standard Time),,s6,twitterId,415863
Fri Aug 21 2015 16:23:34 GMT+0800 (Malay Peninsula Standard Time),,s7,twitterId,415863
Fri Aug 21 2015 16:23:45 GMT+0800 (Malay Peninsula Standard Time),,s0w1,focus,
Fri Aug 21 2015 16:23:52 GMT+0800 (Malay Peninsula Standard Time),,s0w2,focus,
Fri Aug 21 2015 16:23:56 GMT+0800 (Malay Peninsula Standard Time),,s0w3,focus,
Fri Aug 21 2015 16:23:57 GMT+0800 (Malay Peninsula Standard Time),,s0w3,label,"V"
Fri Aug 21 2015 16:23:58 GMT+0800 (Malay Peninsula Standard Time),,s0w4,focus,
Fri Aug 21 2015 16:24:00 GMT+0800 (Malay Peninsula Standard Time),,s0w5,focus,
Fri Aug 21 2015 16:24:03 GMT+0800 (Malay Peninsula Standard Time),,s0w6,focus,
Fri Aug 21 2015 16:24:04 GMT+0800 (Malay Peninsula Standard Time),,s0w7,focus,
Fri Aug 21 2015 16:24:05 GMT+0800 (Malay Peninsula Standard Time),,s0w8,focus,
Fri Aug 21 2015 16:24:05 GMT+0800 (Malay Peninsula Standard Time),,s0w9,focus,
Fri Aug 21 2015 16:24:05 GMT+0800 (Malay Peninsula Standard Time),,s0w10,focus,
Fri Aug 21 2015 16:24:06 GMT+0800 (Malay Peninsula Standard Time),,s1w1,focus,
Fri Aug 21 2015 16:24:07 GMT+0800 (Malay Peninsula Standard Time),,s1w2,focus,
Fri Aug 21 2015 16:24:07 GMT+0800 (Malay Peninsula Standard Time),,s1w3,focus,
Fri Aug 21 2015 16:24:08 GMT+0800 (Malay Peninsula Standard Time),,s1w4,focus,
Fri Aug 21 2015 16:24:08 GMT+0800 (Malay Peninsula Standard Time),,s1w5,focus,
Fri Aug 21 2015 16:24:09 GMT+0800 (Malay Peninsula Standard Time),,s1w6,focus,
Fri Aug 21 2015 16:24:10 GMT+0800 (Malay Peninsula Standard Time),,s1w7,focus,
Fri Aug 21 2015 16:24:10 GMT+0800 (Malay Peninsula Standard Time),,s1w8,focus,
Fri Aug 21 2015 16:24:11 GMT+0800 (Malay Peninsula Standard Time),,s1w9,focus,
Fri Aug 21 2015 16:24:12 GMT+0800 (Malay Peninsula Standard Time),,s1w10,focus,
Fri Aug 21 2015 16:24:12 GMT+0800 (Malay Peninsula Standard Time),,s1w11,focus,
Fri Aug 21 2015 16:24:13 GMT+0800 (Malay Peninsula Standard Time),,s1w12,focus,
Fri Aug 21 2015 16:24:13 GMT+0800 (Malay Peninsula Standard Time),,s1w13,focus,
Fri Aug 21 2015 16:24:13 GMT+0800 (Malay Peninsula Standard Time),,s1w14,focus,
Fri Aug 21 2015 16:24:14 GMT+0800 (Malay Peninsula Standard Time),,s1w15,focus,
Fri Aug 21 2015 16:24:15 GMT+0800 (Malay Peninsula Standard Time),,s1w16,focus,
Fri Aug 21 2015 16:24:16 GMT+0800 (Malay Peninsula Standard Time),,s1w17,focus,
Fri Aug 21 2015 16:24:16 GMT+0800 (Malay Peninsula Standard Time),,s1w18,focus,
Fri Aug 21 2015 16:24:17 GMT+0800 (Malay Peninsula Standard Time),,s1w19,focus,
Fri Aug 21 2015 16:24:19 GMT+0800 (Malay Peninsula Standard Time),,s1w20,focus,
Fri Aug 21 2015 16:24:20 GMT+0800 (Malay Peninsula Standard Time),,s1w21,focus,
Fri Aug 21 2015 16:24:21 GMT+0800 (Malay Peninsula Standard Time),,s1w22,focus,
Fri Aug 21 2015 16:24:25 GMT+0800 (Malay Peninsula Standard Time),,s1w23,focus,
Fri Aug 21 2015 16:24:29 GMT+0800 (Malay Peninsula Standard Time),,s1w24,focus,
Fri Aug 21 2015 16:24:30 GMT+0800 (Malay Peninsula Standard Time),,s1w25,focus,
Fri Aug 21 2015 16:24:31 GMT+0800 (Malay Peninsula Standard Time),,s1w26,focus,
Fri Aug 21 2015 16:24:47 GMT+0800 (Malay Peninsula Standard Time),,s1w26,label,"R"
Fri Aug 21 2015 16:25:55 GMT+0800 (Malay Peninsula Standard Time),,s1w26,focus,
Fri Aug 21 2015 16:25:57 GMT+0800 (Malay Peninsula Standard Time),,s1w26,label,"D"
Fri Aug 21 2015 16:26:02 GMT+0800 (Malay Peninsula Standard Time),,s1w27,focus,
Fri Aug 21 2015 16:26:10 GMT+0800 (Malay Peninsula Standard Time),,s1w28,focus,
Fri Aug 21 2015 16:26:21 GMT+0800 (Malay Peninsula Standard Time),,s1w29,focus,
Fri Aug 21 2015 16:26:22 GMT+0800 (Malay Peninsula Standard Time),,s1w30,focus,
Fri Aug 21 2015 16:26:22 GMT+0800 (Malay Peninsula Standard Time),,s1w31,focus,
Fri Aug 21 2015 16:26:23 GMT+0800 (Malay Peninsula Standard Time),,s1w32,focus,
Fri Aug 21 2015 16:26:23 GMT+0800 (Malay Peninsula Standard Time),,s1w33,focus,
Fri Aug 21 2015 16:26:24 GMT+0800 (Malay Peninsula Standard Time),,s1w34,focus,
Fri Aug 21 2015 16:26:29 GMT+0800 (Malay Peninsula Standard Time),,s1w35,focus,
Fri Aug 21 2015 16:26:34 GMT+0800 (Malay Peninsula Standard Time),,s1w35,label,"A"
Fri Aug 21 2015 16:26:47 GMT+0800 (Malay Peninsula Standard Time),,s1w35,label,"V"
Fri Aug 21 2015 16:26:49 GMT+0800 (Malay Peninsula Standard Time),,s1w36,focus,
Fri Aug 21 2015 16:26:50 GMT+0800 (Malay Peninsula Standard Time),,s1w37,focus,
Fri Aug 21 2015 16:26:51 GMT+0800 (Malay Peninsula Standard Time),,s1w37,label,"^"
Fri Aug 21 2015 16:26:52 GMT+0800 (Malay Peninsula Standard Time),,s1w38,focus,
Fri Aug 21 2015 16:26:53 GMT+0800 (Malay Peninsula Standard Time),,s1w39,focus,
Fri Aug 21 2015 16:26:54 GMT+0800 (Malay Peninsula Standard Time),,s1w40,focus,
Fri Aug 21 2015 16:26:55 GMT+0800 (Malay Peninsula Standard Time),,s1w40,label,"^"
Fri Aug 21 2015 16:26:56 GMT+0800 (Malay Peninsula Standard Time),,s1w41,focus,
Fri Aug 21 2015 16:26:57 GMT+0800 (Malay Peninsula Standard Time),,s1w42,focus,
Fri Aug 21 2015 16:26:59 GMT+0800 (Malay Peninsula Standard Time),,s1w43,focus,
Fri Aug 21 2015 16:27:04 GMT+0800 (Malay Peninsula Standard Time),,s1w44,focus,
Fri Aug 21 2015 16:27:12 GMT+0800 (Malay Peninsula Standard Time),,s1w45,focus,
Fri Aug 21 2015 16:27:13 GMT+0800 (Malay Peninsula Standard Time),,s1w46,focus,
Fri Aug 21 2015 16:27:14 GMT+0800 (Malay Peninsula Standard Time),,s1w47,focus,
Fri Aug 21 2015 16:27:25 GMT+0800 (Malay Peninsula Standard Time),,s1w48,focus,
Fri Aug 21 2015 16:27:32 GMT+0800 (Malay Peninsula Standard Time),,s1w45,focus,
Fri Aug 21 2015 16:27:32 GMT+0800 (Malay Peninsula Standard Time),,s1w45,focus,
Fri Aug 21 2015 16:28:08 GMT+0800 (Malay Peninsula Standard Time),,s1w46,focus,
Fri Aug 21 2015 16:28:08 GMT+0800 (Malay Peninsula Standard Time),,s1w47,focus,
Fri Aug 21 2015 16:28:26 GMT+0800 (Malay Peninsula Standard Time),,s1w48,focus,
Fri Aug 21 2015 16:28:27 GMT+0800 (Malay Peninsula Standard Time),,s1w49,focus,
Fri Aug 21 2015 16:28:27 GMT+0800 (Malay Peninsula Standard Time),,s1w50,focus,
Fri Aug 21 2015 16:28:27 GMT+0800 (Malay Peninsula Standard Time),,s1w51,focus,
Fri Aug 21 2015 16:28:28 GMT+0800 (Malay Peninsula Standard Time),,s1w52,focus,
Fri Aug 21 2015 16:28:29 GMT+0800 (Malay Peninsula Standard Time),,s1w53,focus,
Fri Aug 21 2015 16:28:29 GMT+0800 (Malay Peninsula Standard Time),,s1w54,focus,
Fri Aug 21 2015 16:28:30 GMT+0800 (Malay Peninsula Standard Time),,s1w55,focus,
Fri Aug 21 2015 16:28:30 GMT+0800 (Malay Peninsula Standard Time),,s1w56,focus,
Fri Aug 21 2015 16:28:31 GMT+0800 (Malay Peninsula Standard Time),,s1w57,focus,
Fri Aug 21 2015 16:28:31 GMT+0800 (Malay Peninsula Standard Time),,s1w58,focus,
Fri Aug 21 2015 16:28:38 GMT+0800 (Malay Peninsula Standard Time),,s1w59,focus,
Fri Aug 21 2015 16:28:42 GMT+0800 (Malay Peninsula Standard Time),,s1w58,focus,
Fri Aug 21 2015 16:28:42 GMT+0800 (Malay Peninsula Standard Time),,s1w58,focus,
Fri Aug 21 2015 16:28:48 GMT+0800 (Malay Peninsula Standard Time),,s1w59,focus,
Fri Aug 21 2015 16:28:50 GMT+0800 (Malay Peninsula Standard Time),,s1w60,focus,
Fri Aug 21 2015 16:28:51 GMT+0800 (Malay Peninsula Standard Time),,s1w61,focus,
Fri Aug 21 2015 16:28:53 GMT+0800 (Malay Peninsula Standard Time),,s1w61,label,"N"
Fri Aug 21 2015 16:28:56 GMT+0800 (Malay Peninsula Standard Time),,s1w62,focus,
Fri Aug 21 2015 16:28:56 GMT+0800 (Malay Peninsula Standard Time),,s1w63,focus,
Fri Aug 21 2015 16:28:56 GMT+0800 (Malay Peninsula Standard Time),,s1w64,focus,
Fri Aug 21 2015 16:28:57 GMT+0800 (Malay Peninsula Standard Time),,s1w65,focus,
Fri Aug 21 2015 16:28:58 GMT+0800 (Malay Peninsula Standard Time),,s1w66,focus,
Fri Aug 21 2015 16:28:59 GMT+0800 (Malay Peninsula Standard Time),,s1w67,focus,
Fri Aug 21 2015 16:29:00 GMT+0800 (Malay Peninsula Standard Time),,s1w68,focus,
Fri Aug 21 2015 16:29:01 GMT+0800 (Malay Peninsula Standard Time),,s1w69,focus,
Fri Aug 21 2015 16:29:01 GMT+0800 (Malay Peninsula Standard Time),,s1w69,label,","
Fri Aug 21 2015 16:29:03 GMT+0800 (Malay Peninsula Standard Time),,s1w70,focus,
Fri Aug 21 2015 16:29:05 GMT+0800 (Malay Peninsula Standard Time),,s1w70,label,"^"
Fri Aug 21 2015 16:29:06 GMT+0800 (Malay Peninsula Standard Time),,s1w71,focus,
Fri Aug 21 2015 16:29:07 GMT+0800 (Malay Peninsula Standard Time),,s1w71,label,","
Fri Aug 21 2015 16:29:09 GMT+0800 (Malay Peninsula Standard Time),,s1w72,focus,
Fri Aug 21 2015 16:29:10 GMT+0800 (Malay Peninsula Standard Time),,s1w73,focus,
Fri Aug 21 2015 16:29:11 GMT+0800 (Malay Peninsula Standard Time),,s1w74,focus,
Fri Aug 21 2015 16:29:13 GMT+0800 (Malay Peninsula Standard Time),,s1w75,focus,
Fri Aug 21 2015 16:29:13 GMT+0800 (Malay Peninsula Standard Time),,s1w76,focus,
Fri Aug 21 2015 16:29:14 GMT+0800 (Malay Peninsula Standard Time),,s1w77,focus,
Fri Aug 21 2015 16:29:15 GMT+0800 (Malay Peninsula Standard Time),,s1w78,focus,
Fri Aug 21 2015 16:29:15 GMT+0800 (Malay Peninsula Standard Time),,s1w79,focus,
Fri Aug 21 2015 16:29:16 GMT+0800 (Malay Peninsula Standard Time),,s1w80,focus,
Fri Aug 21 2015 16:29:16 GMT+0800 (Malay Peninsula Standard Time),,s1w81,focus,
Fri Aug 21 2015 16:29:21 GMT+0800 (Malay Peninsula Standard Time),,s1w81,label,"^"
Fri Aug 21 2015 16:29:24 GMT+0800 (Malay Peninsula Standard Time),,s1w82,focus,
Fri Aug 21 2015 16:29:25 GMT+0800 (Malay Peninsula Standard Time),,s1w83,focus,
Fri Aug 21 2015 16:29:28 GMT+0800 (Malay Peninsula Standard Time),,s1w83,label,"N"
Fri Aug 21 2015 16:29:29 GMT+0800 (Malay Peninsula Standard Time),,s1w84,focus,
Fri Aug 21 2015 16:29:33 GMT+0800 (Malay Peninsula Standard Time),,s1w85,focus,
Fri Aug 21 2015 16:29:33 GMT+0800 (Malay Peninsula Standard Time),,s1w86,focus,
Fri Aug 21 2015 16:30:04 GMT+0800 (Malay Peninsula Standard Time),,s1w87,focus,
Fri Aug 21 2015 16:30:04 GMT+0800 (Malay Peninsula Standard Time),,s1w88,focus,
Fri Aug 21 2015 16:30:05 GMT+0800 (Malay Peninsula Standard Time),,s1w89,focus,
Fri Aug 21 2015 16:30:06 GMT+0800 (Malay Peninsula Standard Time),,s1w90,focus,
Fri Aug 21 2015 16:30:07 GMT+0800 (Malay Peninsula Standard Time),,s1w91,focus,
Fri Aug 21 2015 16:30:08 GMT+0800 (Malay Peninsula Standard Time),,s1w91,label,"^"
Fri Aug 21 2015 16:30:09 GMT+0800 (Malay Peninsula Standard Time),,s1w92,focus,
Fri Aug 21 2015 16:30:10 GMT+0800 (Malay Peninsula Standard Time),,s1w92,label,","
Fri Aug 21 2015 16:30:10 GMT+0800 (Malay Peninsula Standard Time),,s1w93,focus,
Fri Aug 21 2015 16:30:13 GMT+0800 (Malay Peninsula Standard Time),,s1w93,label,"^"
Fri Aug 21 2015 16:30:15 GMT+0800 (Malay Peninsula Standard Time),,s1w94,focus,
Fri Aug 21 2015 16:30:16 GMT+0800 (Malay Peninsula Standard Time),,s1w94,label,","
Fri Aug 21 2015 16:30:17 GMT+0800 (Malay Peninsula Standard Time),,s1w95,focus,
Fri Aug 21 2015 16:30:18 GMT+0800 (Malay Peninsula Standard Time),,s1w95,label,"^"
Fri Aug 21 2015 16:30:19 GMT+0800 (Malay Peninsula Standard Time),,s1w96,focus,
Fri Aug 21 2015 16:30:21 GMT+0800 (Malay Peninsula Standard Time),,s1w96,label,","
Fri Aug 21 2015 16:30:21 GMT+0800 (Malay Peninsula Standard Time),,s1w97,focus,
Fri Aug 21 2015 16:30:23 GMT+0800 (Malay Peninsula Standard Time),,s1w97,label,"^"
Fri Aug 21 2015 16:30:24 GMT+0800 (Malay Peninsula Standard Time),,s1w98,focus,
Fri Aug 21 2015 16:30:24 GMT+0800 (Malay Peninsula Standard Time),,s1w98,label,","
Fri Aug 21 2015 16:30:25 GMT+0800 (Malay Peninsula Standard Time),,s1w99,focus,
Fri Aug 21 2015 16:30:27 GMT+0800 (Malay Peninsula Standard Time),,s1w99,label,"^"
Fri Aug 21 2015 16:30:27 GMT+0800 (Malay Peninsula Standard Time),,s1w100,focus,
Fri Aug 21 2015 16:30:30 GMT+0800 (Malay Peninsula Standard Time),,s1w101,focus,
Fri Aug 21 2015 16:30:31 GMT+0800 (Malay Peninsula Standard Time),,s1w102,focus,
Fri Aug 21 2015 16:30:31 GMT+0800 (Malay Peninsula Standard Time),,s1w103,focus,
Fri Aug 21 2015 16:30:32 GMT+0800 (Malay Peninsula Standard Time),,s1w104,focus,
Fri Aug 21 2015 16:30:33 GMT+0800 (Malay Peninsula Standard Time),,s1w105,focus,
Fri Aug 21 2015 16:30:33 GMT+0800 (Malay Peninsula Standard Time),,s1w106,focus,
Fri Aug 21 2015 16:30:33 GMT+0800 (Malay Peninsula Standard Time),,s1w107,focus,
Fri Aug 21 2015 16:30:39 GMT+0800 (Malay Peninsula Standard Time),,s1w99,focus,
Fri Aug 21 2015 16:30:39 GMT+0800 (Malay Peninsula Standard Time),,s1w99,focus,
Fri Aug 21 2015 16:30:43 GMT+0800 (Malay Peninsula Standard Time),,s1w99,label,"G"
Fri Aug 21 2015 16:30:52 GMT+0800 (Malay Peninsula Standard Time),,s1w100,focus,
Fri Aug 21 2015 16:30:54 GMT+0800 (Malay Peninsula Standard Time),,s1w101,focus,
Fri Aug 21 2015 16:30:54 GMT+0800 (Malay Peninsula Standard Time),,s1w102,focus,
Fri Aug 21 2015 16:30:54 GMT+0800 (Malay Peninsula Standard Time),,s1w103,focus,
Fri Aug 21 2015 16:30:55 GMT+0800 (Malay Peninsula Standard Time),,s1w104,focus,
Fri Aug 21 2015 16:30:56 GMT+0800 (Malay Peninsula Standard Time),,s1w105,focus,
Fri Aug 21 2015 16:30:56 GMT+0800 (Malay Peninsula Standard Time),,s1w106,focus,
Fri Aug 21 2015 16:30:57 GMT+0800 (Malay Peninsula Standard Time),,s1w107,focus,
Fri Aug 21 2015 16:30:58 GMT+0800 (Malay Peninsula Standard Time),,s1w108,focus,
Fri Aug 21 2015 16:30:58 GMT+0800 (Malay Peninsula Standard Time),,s1w109,focus,
Fri Aug 21 2015 16:30:59 GMT+0800 (Malay Peninsula Standard Time),,s1w110,focus,
Fri Aug 21 2015 16:31:00 GMT+0800 (Malay Peninsula Standard Time),,s1w111,focus,
Fri Aug 21 2015 16:31:00 GMT+0800 (Malay Peninsula Standard Time),,s1w112,focus,
Fri Aug 21 2015 16:31:01 GMT+0800 (Malay Peninsula Standard Time),,s1w113,focus,
Fri Aug 21 2015 16:31:02 GMT+0800 (Malay Peninsula Standard Time),,s1w114,focus,
Fri Aug 21 2015 16:31:02 GMT+0800 (Malay Peninsula Standard Time),,s1w115,focus,
Fri Aug 21 2015 16:31:02 GMT+0800 (Malay Peninsula Standard Time),,s1w116,focus,
Fri Aug 21 2015 16:31:03 GMT+0800 (Malay Peninsula Standard Time),,s1w117,focus,
Fri Aug 21 2015 16:31:03 GMT+0800 (Malay Peninsula Standard Time),,s1w118,focus,
Fri Aug 21 2015 16:31:04 GMT+0800 (Malay Peninsula Standard Time),,s1w119,focus,
Fri Aug 21 2015 16:31:05 GMT+0800 (Malay Peninsula Standard Time),,s1w120,focus,
Fri Aug 21 2015 16:31:06 GMT+0800 (Malay Peninsula Standard Time),,s1w121,focus,
Fri Aug 21 2015 16:31:08 GMT+0800 (Malay Peninsula Standard Time),,s1w121,label,"^"
Fri Aug 21 2015 16:31:10 GMT+0800 (Malay Peninsula Standard Time),,s1w122,focus,
Fri Aug 21 2015 16:31:10 GMT+0800 (Malay Peninsula Standard Time),,s1w123,focus,
Fri Aug 21 2015 16:31:11 GMT+0800 (Malay Peninsula Standard Time),,s1w124,focus,
Fri Aug 21 2015 16:31:12 GMT+0800 (Malay Peninsula Standard Time),,s1w125,focus,
Fri Aug 21 2015 16:31:12 GMT+0800 (Malay Peninsula Standard Time),,s1w126,focus,
Fri Aug 21 2015 16:31:12 GMT+0800 (Malay Peninsula Standard Time),,s1w127,focus,
Fri Aug 21 2015 16:31:13 GMT+0800 (Malay Peninsula Standard Time),,s1w128,focus,
Fri Aug 21 2015 16:31:13 GMT+0800 (Malay Peninsula Standard Time),,s1w129,focus,
Fri Aug 21 2015 16:31:13 GMT+0800 (Malay Peninsula Standard Time),,s1w130,focus,
Fri Aug 21 2015 16:31:14 GMT+0800 (Malay Peninsula Standard Time),,s1w131,focus,
Fri Aug 21 2015 16:31:15 GMT+0800 (Malay Peninsula Standard Time),,s1w132,focus,
Fri Aug 21 2015 16:31:15 GMT+0800 (Malay Peninsula Standard Time),,s1w133,focus,
Fri Aug 21 2015 16:31:16 GMT+0800 (Malay Peninsula Standard Time),,s1w134,focus,
Fri Aug 21 2015 16:31:16 GMT+0800 (Malay Peninsula Standard Time),,s1w135,focus,
Fri Aug 21 2015 16:31:17 GMT+0800 (Malay Peninsula Standard Time),,s1w136,focus,
Fri Aug 21 2015 16:31:18 GMT+0800 (Malay Peninsula Standard Time),,s1w137,focus,
Fri Aug 21 2015 16:31:18 GMT+0800 (Malay Peninsula Standard Time),,s1w138,focus,
Fri Aug 21 2015 16:31:18 GMT+0800 (Malay Peninsula Standard Time),,s1w139,focus,
Fri Aug 21 2015 16:31:19 GMT+0800 (Malay Peninsula Standard Time),,s1w140,focus,
Fri Aug 21 2015 16:31:19 GMT+0800 (Malay Peninsula Standard Time),,s1w141,focus,
Fri Aug 21 2015 16:31:24 GMT+0800 (Malay Peninsula Standard Time),,s1w141,label,"A"
Fri Aug 21 2015 16:31:27 GMT+0800 (Malay Peninsula Standard Time),,s1w142,focus,
Fri Aug 21 2015 16:31:29 GMT+0800 (Malay Peninsula Standard Time),,s1w143,focus,
Fri Aug 21 2015 16:31:30 GMT+0800 (Malay Peninsula Standard Time),,s1w144,focus,
Fri Aug 21 2015 16:31:34 GMT+0800 (Malay Peninsula Standard Time),,s1w144,label,"X"
Fri Aug 21 2015 16:31:38 GMT+0800 (Malay Peninsula Standard Time),,s1w145,focus,
Fri Aug 21 2015 16:31:39 GMT+0800 (Malay Peninsula Standard Time),,s1w146,focus,
Fri Aug 21 2015 16:31:39 GMT+0800 (Malay Peninsula Standard Time),,s1w147,focus,
Fri Aug 21 2015 16:31:39 GMT+0800 (Malay Peninsula Standard Time),,s1w148,focus,
Fri Aug 21 2015 16:31:41 GMT+0800 (Malay Peninsula Standard Time),,s1w149,focus,
Fri Aug 21 2015 16:31:42 GMT+0800 (Malay Peninsula Standard Time),,s1w150,focus,
Fri Aug 21 2015 16:31:42 GMT+0800 (Malay Peninsula Standard Time),,s1w151,focus,
Fri Aug 21 2015 16:31:43 GMT+0800 (Malay Peninsula Standard Time),,s1w152,focus,
Fri Aug 21 2015 16:31:43 GMT+0800 (Malay Peninsula Standard Time),,s1w153,focus,
Fri Aug 21 2015 16:31:43 GMT+0800 (Malay Peninsula Standard Time),,s1w154,focus,
Fri Aug 21 2015 16:31:43 GMT+0800 (Malay Peninsula Standard Time),,s1w155,focus,
Fri Aug 21 2015 16:31:43 GMT+0800 (Malay Peninsula Standard Time),,s1w156,focus,
Fri Aug 21 2015 16:31:44 GMT+0800 (Malay Peninsula Standard Time),,s1w157,focus,
Fri Aug 21 2015 16:31:45 GMT+0800 (Malay Peninsula Standard Time),,s1w158,focus,
Fri Aug 21 2015 16:31:45 GMT+0800 (Malay Peninsula Standard Time),,s1w159,focus,
Fri Aug 21 2015 16:31:46 GMT+0800 (Malay Peninsula Standard Time),,s1w160,focus,
Fri Aug 21 2015 16:31:46 GMT+0800 (Malay Peninsula Standard Time),,s1w161,focus,
Fri Aug 21 2015 16:31:47 GMT+0800 (Malay Peninsula Standard Time),,s1w161,label,"N"
Fri Aug 21 2015 16:31:47 GMT+0800 (Malay Peninsula Standard Time),,s1w162,focus,
Fri Aug 21 2015 16:31:48 GMT+0800 (Malay Peninsula Standard Time),,s1w163,focus,
Fri Aug 21 2015 16:31:48 GMT+0800 (Malay Peninsula Standard Time),,s1w164,focus,
Fri Aug 21 2015 16:31:49 GMT+0800 (Malay Peninsula Standard Time),,s1w165,focus,
Fri Aug 21 2015 16:31:49 GMT+0800 (Malay Peninsula Standard Time),,s1w166,focus,
Fri Aug 21 2015 16:31:49 GMT+0800 (Malay Peninsula Standard Time),,s1w167,focus,
Fri Aug 21 2015 16:31:49 GMT+0800 (Malay Peninsula Standard Time),,s1w168,focus,
Fri Aug 21 2015 16:31:50 GMT+0800 (Malay Peninsula Standard Time),,s1w169,focus,
Fri Aug 21 2015 16:31:50 GMT+0800 (Malay Peninsula Standard Time),,s1w170,focus,
Fri Aug 21 2015 16:31:50 GMT+0800 (Malay Peninsula Standard Time),,s1w171,focus,
Fri Aug 21 2015 16:31:50 GMT+0800 (Malay Peninsula Standard Time),,s1w172,focus,
Fri Aug 21 2015 16:31:51 GMT+0800 (Malay Peninsula Standard Time),,s1w173,focus,
Fri Aug 21 2015 16:31:51 GMT+0800 (Malay Peninsula Standard Time),,s1w174,focus,
Fri Aug 21 2015 16:31:51 GMT+0800 (Malay Peninsula Standard Time),,s1w175,focus,
Fri Aug 21 2015 16:31:52 GMT+0800 (Malay Peninsula Standard Time),,s1w176,focus,
Fri Aug 21 2015 16:31:52 GMT+0800 (Malay Peninsula Standard Time),,s1w177,focus,
Fri Aug 21 2015 16:31:52 GMT+0800 (Malay Peninsula Standard Time),,s1w178,focus,
Fri Aug 21 2015 16:31:53 GMT+0800 (Malay Peninsula Standard Time),,s1w179,focus,
Fri Aug 21 2015 16:31:53 GMT+0800 (Malay Peninsula Standard Time),,s1w180,focus,
Fri Aug 21 2015 16:31:54 GMT+0800 (Malay Peninsula Standard Time),,s2w1,focus,
Fri Aug 21 2015 16:31:54 GMT+0800 (Malay Peninsula Standard Time),,s2w2,focus,
Fri Aug 21 2015 16:32:00 GMT+0800 (Malay Peninsula Standard Time),,s2w3,focus,
Fri Aug 21 2015 16:32:00 GMT+0800 (Malay Peninsula Standard Time),,s2w4,focus,
Fri Aug 21 2015 16:32:01 GMT+0800 (Malay Peninsula Standard Time),,s2w5,focus,
Fri Aug 21 2015 16:32:01 GMT+0800 (Malay Peninsula Standard Time),,s2w6,focus,
Fri Aug 21 2015 16:32:01 GMT+0800 (Malay Peninsula Standard Time),,s2w7,focus,
Fri Aug 21 2015 16:32:01 GMT+0800 (Malay Peninsula Standard Time),,s2w8,focus,
Fri Aug 21 2015 16:32:02 GMT+0800 (Malay Peninsula Standard Time),,s2w9,focus,
Fri Aug 21 2015 16:32:02 GMT+0800 (Malay Peninsula Standard Time),,s2w10,focus,
Fri Aug 21 2015 16:32:03 GMT+0800 (Malay Peninsula Standard Time),,s2w11,focus,
Fri Aug 21 2015 16:32:03 GMT+0800 (Malay Peninsula Standard Time),,s2w12,focus,
Fri Aug 21 2015 16:32:03 GMT+0800 (Malay Peninsula Standard Time),,s2w13,focus,
Fri Aug 21 2015 16:32:04 GMT+0800 (Malay Peninsula Standard Time),,s2w14,focus,
Fri Aug 21 2015 16:32:05 GMT+0800 (Malay Peninsula Standard Time),,s2w15,focus,
Fri Aug 21 2015 16:32:05 GMT+0800 (Malay Peninsula Standard Time),,s2w16,focus,
Fri Aug 21 2015 16:32:06 GMT+0800 (Malay Peninsula Standard Time),,s2w17,focus,
Fri Aug 21 2015 16:32:47 GMT+0800 (Malay Peninsula Standard Time),,s2w17,focus,
Fri Aug 21 2015 16:32:52 GMT+0800 (Malay Peninsula Standard Time),,s2w18,focus,
Fri Aug 21 2015 16:32:55 GMT+0800 (Malay Peninsula Standard Time),,s2w19,focus,
Fri Aug 21 2015 16:32:55 GMT+0800 (Malay Peninsula Standard Time),,s2w20,focus,
Fri Aug 21 2015 16:32:56 GMT+0800 (Malay Peninsula Standard Time),,s2w21,focus,
Fri Aug 21 2015 16:32:57 GMT+0800 (Malay Peninsula Standard Time),,s2w21,label,"N"
Fri Aug 21 2015 16:33:01 GMT+0800 (Malay Peninsula Standard Time),,s2w22,focus,
Fri Aug 21 2015 16:33:05 GMT+0800 (Malay Peninsula Standard Time),,s2w23,focus,
Fri Aug 21 2015 16:33:06 GMT+0800 (Malay Peninsula Standard Time),,s2w24,focus,
Fri Aug 21 2015 16:33:06 GMT+0800 (Malay Peninsula Standard Time),,s2w25,focus,
Fri Aug 21 2015 16:33:07 GMT+0800 (Malay Peninsula Standard Time),,s2w26,focus,
Fri Aug 21 2015 16:33:07 GMT+0800 (Malay Peninsula Standard Time),,s2w27,focus,
Fri Aug 21 2015 16:33:07 GMT+0800 (Malay Peninsula Standard Time),,s2w28,focus,
Fri Aug 21 2015 16:33:15 GMT+0800 (Malay Peninsula Standard Time),,s2w29,focus,
Fri Aug 21 2015 16:33:16 GMT+0800 (Malay Peninsula Standard Time),,s2w30,focus,
Fri Aug 21 2015 16:33:16 GMT+0800 (Malay Peninsula Standard Time),,s2w31,focus,
Fri Aug 21 2015 16:33:17 GMT+0800 (Malay Peninsula Standard Time),,s2w32,focus,
Fri Aug 21 2015 16:33:18 GMT+0800 (Malay Peninsula Standard Time),,s2w33,focus,
Fri Aug 21 2015 16:33:19 GMT+0800 (Malay Peninsula Standard Time),,s2w34,focus,
Fri Aug 21 2015 16:33:20 GMT+0800 (Malay Peninsula Standard Time),,s2w35,focus,
Fri Aug 21 2015 16:33:21 GMT+0800 (Malay Peninsula Standard Time),,s2w36,focus,
Fri Aug 21 2015 16:33:21 GMT+0800 (Malay Peninsula Standard Time),,s2w37,focus,
Fri Aug 21 2015 16:33:21 GMT+0800 (Malay Peninsula Standard Time),,s2w38,focus,
Fri Aug 21 2015 16:33:22 GMT+0800 (Malay Peninsula Standard Time),,s2w39,focus,
Fri Aug 21 2015 16:33:22 GMT+0800 (Malay Peninsula Standard Time),,s2w40,focus,
Fri Aug 21 2015 16:33:22 GMT+0800 (Malay Peninsula Standard Time),,s2w41,focus,
Fri Aug 21 2015 16:33:23 GMT+0800 (Malay Peninsula Standard Time),,s2w42,focus,
Fri Aug 21 2015 16:33:23 GMT+0800 (Malay Peninsula Standard Time),,s2w43,focus,
Fri Aug 21 2015 16:33:23 GMT+0800 (Malay Peninsula Standard Time),,s2w44,focus,
Fri Aug 21 2015 16:33:23 GMT+0800 (Malay Peninsula Standard Time),,s2w45,focus,
Fri Aug 21 2015 16:33:24 GMT+0800 (Malay Peninsula Standard Time),,s2w46,focus,
Fri Aug 21 2015 16:33:24 GMT+0800 (Malay Peninsula Standard Time),,s2w47,focus,
Fri Aug 21 2015 16:33:25 GMT+0800 (Malay Peninsula Standard Time),,s2w48,focus,
Fri Aug 21 2015 16:33:25 GMT+0800 (Malay Peninsula Standard Time),,s2w49,focus,
Fri Aug 21 2015 16:33:25 GMT+0800 (Malay Peninsula Standard Time),,s2w50,focus,
Fri Aug 21 2015 16:33:26 GMT+0800 (Malay Peninsula Standard Time),,s2w51,focus,
Fri Aug 21 2015 16:33:26 GMT+0800 (Malay Peninsula Standard Time),,s2w52,focus,
Fri Aug 21 2015 16:33:26 GMT+0800 (Malay Peninsula Standard Time),,s2w53,focus,
Fri Aug 21 2015 16:33:27 GMT+0800 (Malay Peninsula Standard Time),,s2w54,focus,
Fri Aug 21 2015 16:33:27 GMT+0800 (Malay Peninsula Standard Time),,s2w55,focus,
Fri Aug 21 2015 16:33:27 GMT+0800 (Malay Peninsula Standard Time),,s2w56,focus,
Fri Aug 21 2015 16:33:28 GMT+0800 (Malay Peninsula Standard Time),,s2w57,focus,
Fri Aug 21 2015 16:33:28 GMT+0800 (Malay Peninsula Standard Time),,s2w58,focus,
Fri Aug 21 2015 16:33:29 GMT+0800 (Malay Peninsula Standard Time),,s2w59,focus,
Fri Aug 21 2015 16:33:29 GMT+0800 (Malay Peninsula Standard Time),,s2w60,focus,
Fri Aug 21 2015 16:33:37 GMT+0800 (Malay Peninsula Standard Time),,s2w54,focus,
Fri Aug 21 2015 16:33:37 GMT+0800 (Malay Peninsula Standard Time),,s2w54,focus,
Fri Aug 21 2015 16:33:37 GMT+0800 (Malay Peninsula Standard Time),,s2w55,focus,
Fri Aug 21 2015 16:33:38 GMT+0800 (Malay Peninsula Standard Time),,s2w56,focus,
Fri Aug 21 2015 16:33:40 GMT+0800 (Malay Peninsula Standard Time),,s2w57,focus,
Fri Aug 21 2015 16:33:43 GMT+0800 (Malay Peninsula Standard Time),,s2w58,focus,
Fri Aug 21 2015 16:33:45 GMT+0800 (Malay Peninsula Standard Time),,s2w58,label,"N"
Fri Aug 21 2015 16:33:45 GMT+0800 (Malay Peninsula Standard Time),,s2w59,focus,
Fri Aug 21 2015 16:33:46 GMT+0800 (Malay Peninsula Standard Time),,s2w60,focus,
Fri Aug 21 2015 16:33:48 GMT+0800 (Malay Peninsula Standard Time),,s2w60,label,"N"
Fri Aug 21 2015 16:33:49 GMT+0800 (Malay Peninsula Standard Time),,s2w61,focus,
Fri Aug 21 2015 16:33:53 GMT+0800 (Malay Peninsula Standard Time),,s2w62,focus,
Fri Aug 21 2015 16:33:53 GMT+0800 (Malay Peninsula Standard Time),,s2w63,focus,
Fri Aug 21 2015 16:33:54 GMT+0800 (Malay Peninsula Standard Time),,s2w64,focus,
Fri Aug 21 2015 16:33:54 GMT+0800 (Malay Peninsula Standard Time),,s2w65,focus,
Fri Aug 21 2015 16:33:54 GMT+0800 (Malay Peninsula Standard Time),,s2w66,focus,
Fri Aug 21 2015 16:33:54 GMT+0800 (Malay Peninsula Standard Time),,s2w67,focus,
Fri Aug 21 2015 16:33:55 GMT+0800 (Malay Peninsula Standard Time),,s2w68,focus,
Fri Aug 21 2015 16:33:55 GMT+0800 (Malay Peninsula Standard Time),,s2w69,focus,
Fri Aug 21 2015 16:33:56 GMT+0800 (Malay Peninsula Standard Time),,s2w70,focus,
Fri Aug 21 2015 16:33:56 GMT+0800 (Malay Peninsula Standard Time),,s2w71,focus,
Fri Aug 21 2015 16:33:58 GMT+0800 (Malay Peninsula Standard Time),,s2w71,label,"^"
Fri Aug 21 2015 16:33:58 GMT+0800 (Malay Peninsula Standard Time),,s2w72,focus,
Fri Aug 21 2015 16:33:59 GMT+0800 (Malay Peninsula Standard Time),,s2w73,focus,
Fri Aug 21 2015 16:34:00 GMT+0800 (Malay Peninsula Standard Time),,s2w74,focus,
Fri Aug 21 2015 16:34:00 GMT+0800 (Malay Peninsula Standard Time),,s2w75,focus,
Fri Aug 21 2015 16:34:01 GMT+0800 (Malay Peninsula Standard Time),,s2w76,focus,
Fri Aug 21 2015 16:34:01 GMT+0800 (Malay Peninsula Standard Time),,s2w77,focus,
Fri Aug 21 2015 16:34:01 GMT+0800 (Malay Peninsula Standard Time),,s2w78,focus,
Fri Aug 21 2015 16:34:01 GMT+0800 (Malay Peninsula Standard Time),,s2w79,focus,
Fri Aug 21 2015 16:34:02 GMT+0800 (Malay Peninsula Standard Time),,s2w80,focus,
Fri Aug 21 2015 16:34:02 GMT+0800 (Malay Peninsula Standard Time),,s2w81,focus,
Fri Aug 21 2015 16:34:02 GMT+0800 (Malay Peninsula Standard Time),,s2w82,focus,
Fri Aug 21 2015 16:34:03 GMT+0800 (Malay Peninsula Standard Time),,s2w83,focus,
Fri Aug 21 2015 16:34:03 GMT+0800 (Malay Peninsula Standard Time),,s2w84,focus,
Fri Aug 21 2015 16:34:03 GMT+0800 (Malay Peninsula Standard Time),,s2w85,focus,
Fri Aug 21 2015 16:34:04 GMT+0800 (Malay Peninsula Standard Time),,s2w86,focus,
Fri Aug 21 2015 16:34:05 GMT+0800 (Malay Peninsula Standard Time),,s2w87,focus,
Fri Aug 21 2015 16:34:06 GMT+0800 (Malay Peninsula Standard Time),,s2w88,focus,
Fri Aug 21 2015 16:34:06 GMT+0800 (Malay Peninsula Standard Time),,s2w89,focus,
Fri Aug 21 2015 16:34:08 GMT+0800 (Malay Peninsula Standard Time),,s2w90,focus,
Fri Aug 21 2015 16:34:08 GMT+0800 (Malay Peninsula Standard Time),,s2w91,focus,
Fri Aug 21 2015 16:34:08 GMT+0800 (Malay Peninsula Standard Time),,s2w92,focus,
Fri Aug 21 2015 16:34:09 GMT+0800 (Malay Peninsula Standard Time),,s2w93,focus,
Fri Aug 21 2015 16:34:09 GMT+0800 (Malay Peninsula Standard Time),,s2w94,focus,
Fri Aug 21 2015 16:34:09 GMT+0800 (Malay Peninsula Standard Time),,s2w95,focus,
Fri Aug 21 2015 16:34:10 GMT+0800 (Malay Peninsula Standard Time),,s2w96,focus,
Fri Aug 21 2015 16:34:10 GMT+0800 (Malay Peninsula Standard Time),,s2w97,focus,
Fri Aug 21 2015 16:34:11 GMT+0800 (Malay Peninsula Standard Time),,s2w98,focus,
Fri Aug 21 2015 16:34:11 GMT+0800 (Malay Peninsula Standard Time),,s2w99,focus,
Fri Aug 21 2015 16:34:11 GMT+0800 (Malay Peninsula Standard Time),,s2w100,focus,
Fri Aug 21 2015 16:34:20 GMT+0800 (Malay Peninsula Standard Time),,s2w100,label,"N"
Fri Aug 21 2015 16:34:24 GMT+0800 (Malay Peninsula Standard Time),,s2w101,focus,
Fri Aug 21 2015 16:34:26 GMT+0800 (Malay Peninsula Standard Time),,s2w102,focus,
Fri Aug 21 2015 16:34:33 GMT+0800 (Malay Peninsula Standard Time),,s2w102,label,"^"
Fri Aug 21 2015 16:34:33 GMT+0800 (Malay Peninsula Standard Time),,s2w103,focus,
Fri Aug 21 2015 16:34:34 GMT+0800 (Malay Peninsula Standard Time),,s2w104,focus,
Fri Aug 21 2015 16:34:35 GMT+0800 (Malay Peninsula Standard Time),,s2w104,label,"^"
Fri Aug 21 2015 16:34:36 GMT+0800 (Malay Peninsula Standard Time),,s2w105,focus,
Fri Aug 21 2015 16:34:36 GMT+0800 (Malay Peninsula Standard Time),,s2w106,focus,
Fri Aug 21 2015 16:34:39 GMT+0800 (Malay Peninsula Standard Time),,s2w107,focus,
Fri Aug 21 2015 16:34:40 GMT+0800 (Malay Peninsula Standard Time),,s2w108,focus,
Fri Aug 21 2015 16:34:48 GMT+0800 (Malay Peninsula Standard Time),,s2w108,label,"N"
Fri Aug 21 2015 16:34:50 GMT+0800 (Malay Peninsula Standard Time),,s2w109,focus,
Fri Aug 21 2015 16:34:52 GMT+0800 (Malay Peninsula Standard Time),,s2w110,focus,
Fri Aug 21 2015 16:34:54 GMT+0800 (Malay Peninsula Standard Time),,s2w111,focus,
Fri Aug 21 2015 16:34:54 GMT+0800 (Malay Peninsula Standard Time),,s2w112,focus,
Fri Aug 21 2015 16:34:56 GMT+0800 (Malay Peninsula Standard Time),,s2w113,focus,
Fri Aug 21 2015 16:34:57 GMT+0800 (Malay Peninsula Standard Time),,s2w114,focus,
Fri Aug 21 2015 16:34:57 GMT+0800 (Malay Peninsula Standard Time),,s2w115,focus,
Fri Aug 21 2015 16:34:58 GMT+0800 (Malay Peninsula Standard Time),,s2w116,focus,
Fri Aug 21 2015 16:34:58 GMT+0800 (Malay Peninsula Standard Time),,s2w117,focus,
Fri Aug 21 2015 16:34:59 GMT+0800 (Malay Peninsula Standard Time),,s2w118,focus,
Fri Aug 21 2015 16:35:00 GMT+0800 (Malay Peninsula Standard Time),,s2w119,focus,
Fri Aug 21 2015 16:35:00 GMT+0800 (Malay Peninsula Standard Time),,s2w120,focus,
Fri Aug 21 2015 16:35:01 GMT+0800 (Malay Peninsula Standard Time),,s2w121,focus,
Fri Aug 21 2015 16:35:02 GMT+0800 (Malay Peninsula Standard Time),,s2w122,focus,
Fri Aug 21 2015 16:35:02 GMT+0800 (Malay Peninsula Standard Time),,s2w123,focus,
Fri Aug 21 2015 16:35:03 GMT+0800 (Malay Peninsula Standard Time),,s2w124,focus,
Fri Aug 21 2015 16:35:04 GMT+0800 (Malay Peninsula Standard Time),,s2w125,focus,
Fri Aug 21 2015 16:35:05 GMT+0800 (Malay Peninsula Standard Time),,s2w126,focus,
Fri Aug 21 2015 16:35:05 GMT+0800 (Malay Peninsula Standard Time),,s2w127,focus,
Fri Aug 21 2015 16:35:06 GMT+0800 (Malay Peninsula Standard Time),,s2w128,focus,
Fri Aug 21 2015 16:35:06 GMT+0800 (Malay Peninsula Standard Time),,s2w129,focus,
Fri Aug 21 2015 16:35:06 GMT+0800 (Malay Peninsula Standard Time),,s2w130,focus,
Fri Aug 21 2015 16:35:06 GMT+0800 (Malay Peninsula Standard Time),,s2w131,focus,
Fri Aug 21 2015 16:35:07 GMT+0800 (Malay Peninsula Standard Time),,s2w132,focus,
Fri Aug 21 2015 16:35:07 GMT+0800 (Malay Peninsula Standard Time),,s2w133,focus,
Fri Aug 21 2015 16:35:07 GMT+0800 (Malay Peninsula Standard Time),,s2w134,focus,
Fri Aug 21 2015 16:35:09 GMT+0800 (Malay Peninsula Standard Time),,s2w135,focus,
Fri Aug 21 2015 16:35:11 GMT+0800 (Malay Peninsula Standard Time),,s2w136,focus,
Fri Aug 21 2015 16:35:11 GMT+0800 (Malay Peninsula Standard Time),,s2w137,focus,
Fri Aug 21 2015 16:35:12 GMT+0800 (Malay Peninsula Standard Time),,s2w138,focus,
Fri Aug 21 2015 16:35:12 GMT+0800 (Malay Peninsula Standard Time),,s2w139,focus,
Fri Aug 21 2015 16:35:12 GMT+0800 (Malay Peninsula Standard Time),,s2w140,focus,
Fri Aug 21 2015 16:35:13 GMT+0800 (Malay Peninsula Standard Time),,s2w141,focus,
Fri Aug 21 2015 16:35:13 GMT+0800 (Malay Peninsula Standard Time),,s2w142,focus,
Fri Aug 21 2015 16:35:14 GMT+0800 (Malay Peninsula Standard Time),,s2w143,focus,
Fri Aug 21 2015 16:35:14 GMT+0800 (Malay Peninsula Standard Time),,s2w144,focus,
Fri Aug 21 2015 16:35:15 GMT+0800 (Malay Peninsula Standard Time),,s2w145,focus,
Fri Aug 21 2015 16:35:15 GMT+0800 (Malay Peninsula Standard Time),,s2w146,focus,
Fri Aug 21 2015 16:35:16 GMT+0800 (Malay Peninsula Standard Time),,s2w147,focus,
Fri Aug 21 2015 16:35:20 GMT+0800 (Malay Peninsula Standard Time),,s2w148,focus,
Fri Aug 21 2015 16:35:21 GMT+0800 (Malay Peninsula Standard Time),,s2w148,label,"N"
Fri Aug 21 2015 16:35:23 GMT+0800 (Malay Peninsula Standard Time),,s2w149,focus,
Fri Aug 21 2015 16:35:24 GMT+0800 (Malay Peninsula Standard Time),,s2w150,focus,
Fri Aug 21 2015 16:35:36 GMT+0800 (Malay Peninsula Standard Time),,s2w151,focus,
Fri Aug 21 2015 16:35:36 GMT+0800 (Malay Peninsula Standard Time),,s2w152,focus,
Fri Aug 21 2015 16:35:36 GMT+0800 (Malay Peninsula Standard Time),,s2w153,focus,
Fri Aug 21 2015 16:35:37 GMT+0800 (Malay Peninsula Standard Time),,s2w154,focus,
Fri Aug 21 2015 16:35:38 GMT+0800 (Malay Peninsula Standard Time),,s2w155,focus,
Fri Aug 21 2015 16:35:39 GMT+0800 (Malay Peninsula Standard Time),,s2w156,focus,
Fri Aug 21 2015 16:35:39 GMT+0800 (Malay Peninsula Standard Time),,s2w157,focus,
Fri Aug 21 2015 16:35:40 GMT+0800 (Malay Peninsula Standard Time),,s2w158,focus,
Fri Aug 21 2015 16:35:40 GMT+0800 (Malay Peninsula Standard Time),,s2w159,focus,
Fri Aug 21 2015 16:35:43 GMT+0800 (Malay Peninsula Standard Time),,s2w160,focus,
Fri Aug 21 2015 16:35:43 GMT+0800 (Malay Peninsula Standard Time),,s2w161,focus,
Fri Aug 21 2015 16:35:45 GMT+0800 (Malay Peninsula Standard Time),,s2w161,label,"G"
Fri Aug 21 2015 16:35:46 GMT+0800 (Malay Peninsula Standard Time),,s2w162,focus,
Fri Aug 21 2015 16:35:47 GMT+0800 (Malay Peninsula Standard Time),,s2w162,label,"G"
Fri Aug 21 2015 16:35:47 GMT+0800 (Malay Peninsula Standard Time),,s2w163,focus,
Fri Aug 21 2015 16:35:48 GMT+0800 (Malay Peninsula Standard Time),,s2w163,label,"G"
Fri Aug 21 2015 16:35:48 GMT+0800 (Malay Peninsula Standard Time),,s2w164,focus,
Fri Aug 21 2015 16:35:49 GMT+0800 (Malay Peninsula Standard Time),,s2w164,label,"G"
Fri Aug 21 2015 16:35:49 GMT+0800 (Malay Peninsula Standard Time),,s2w165,focus,
Fri Aug 21 2015 16:35:49 GMT+0800 (Malay Peninsula Standard Time),,s2w165,label,"G"
Fri Aug 21 2015 16:35:51 GMT+0800 (Malay Peninsula Standard Time),,s2w165,label,"G"
Fri Aug 21 2015 16:35:52 GMT+0800 (Malay Peninsula Standard Time),,s2w166,focus,
Fri Aug 21 2015 16:35:53 GMT+0800 (Malay Peninsula Standard Time),,s2w166,label,"G"
Fri Aug 21 2015 16:35:53 GMT+0800 (Malay Peninsula Standard Time),,s2w167,focus,
Fri Aug 21 2015 16:35:54 GMT+0800 (Malay Peninsula Standard Time),,s2w167,label,"G"
Fri Aug 21 2015 16:35:55 GMT+0800 (Malay Peninsula Standard Time),,s2w168,focus,
Fri Aug 21 2015 16:36:00 GMT+0800 (Malay Peninsula Standard Time),,s2w168,label,"N"
Fri Aug 21 2015 16:36:01 GMT+0800 (Malay Peninsula Standard Time),,s2w168,label,"G"
Fri Aug 21 2015 16:36:02 GMT+0800 (Malay Peninsula Standard Time),,s2w169,focus,
Fri Aug 21 2015 16:36:02 GMT+0800 (Malay Peninsula Standard Time),,s2w169,label,"G"
Fri Aug 21 2015 16:36:03 GMT+0800 (Malay Peninsula Standard Time),,s2w170,focus,
Fri Aug 21 2015 16:36:04 GMT+0800 (Malay Peninsula Standard Time),,s2w170,label,"G"
Fri Aug 21 2015 16:36:04 GMT+0800 (Malay Peninsula Standard Time),,s2w170,label,"A"
Fri Aug 21 2015 16:36:11 GMT+0800 (Malay Peninsula Standard Time),,s2w169,focus,
Fri Aug 21 2015 16:36:12 GMT+0800 (Malay Peninsula Standard Time),,s2w169,focus,
Fri Aug 21 2015 16:36:17 GMT+0800 (Malay Peninsula Standard Time),,s2w169,label,"P"
Fri Aug 21 2015 16:36:19 GMT+0800 (Malay Peninsula Standard Time),,s2w170,focus,
Fri Aug 21 2015 16:36:20 GMT+0800 (Malay Peninsula Standard Time),,s2w170,label,"D"
Fri Aug 21 2015 16:36:21 GMT+0800 (Malay Peninsula Standard Time),,s2w171,focus,
Fri Aug 21 2015 16:36:25 GMT+0800 (Malay Peninsula Standard Time),,s2w172,focus,
Fri Aug 21 2015 16:36:26 GMT+0800 (Malay Peninsula Standard Time),,s2w173,focus,
Fri Aug 21 2015 16:36:26 GMT+0800 (Malay Peninsula Standard Time),,s2w174,focus,
Fri Aug 21 2015 16:36:26 GMT+0800 (Malay Peninsula Standard Time),,s2w175,focus,
Fri Aug 21 2015 16:36:27 GMT+0800 (Malay Peninsula Standard Time),,s2w176,focus,
Fri Aug 21 2015 16:36:27 GMT+0800 (Malay Peninsula Standard Time),,s2w177,focus,
Fri Aug 21 2015 16:36:27 GMT+0800 (Malay Peninsula Standard Time),,s2w178,focus,
Fri Aug 21 2015 16:36:28 GMT+0800 (Malay Peninsula Standard Time),,s2w179,focus,
Fri Aug 21 2015 16:36:29 GMT+0800 (Malay Peninsula Standard Time),,s2w180,focus,
Fri Aug 21 2015 16:36:39 GMT+0800 (Malay Peninsula Standard Time),,s3w1,focus,
Fri Aug 21 2015 16:36:41 GMT+0800 (Malay Peninsula Standard Time),,s3w2,focus,
Fri Aug 21 2015 16:36:41 GMT+0800 (Malay Peninsula Standard Time),,s3w3,focus,
Fri Aug 21 2015 16:36:43 GMT+0800 (Malay Peninsula Standard Time),,s3w4,focus,
Fri Aug 21 2015 16:36:44 GMT+0800 (Malay Peninsula Standard Time),,s3w5,focus,
Fri Aug 21 2015 16:36:44 GMT+0800 (Malay Peninsula Standard Time),,s3w6,focus,
Fri Aug 21 2015 16:36:44 GMT+0800 (Malay Peninsula Standard Time),,s3w7,focus,
Fri Aug 21 2015 16:36:45 GMT+0800 (Malay Peninsula Standard Time),,s3w8,focus,
Fri Aug 21 2015 16:36:47 GMT+0800 (Malay Peninsula Standard Time),,s3w9,focus,
Fri Aug 21 2015 16:36:48 GMT+0800 (Malay Peninsula Standard Time),,s3w10,focus,
Fri Aug 21 2015 16:36:48 GMT+0800 (Malay Peninsula Standard Time),,s3w11,focus,
Fri Aug 21 2015 16:36:48 GMT+0800 (Malay Peninsula Standard Time),,s3w12,focus,
Fri Aug 21 2015 16:36:49 GMT+0800 (Malay Peninsula Standard Time),,s3w13,focus,
Fri Aug 21 2015 16:36:49 GMT+0800 (Malay Peninsula Standard Time),,s3w14,focus,
Fri Aug 21 2015 16:36:50 GMT+0800 (Malay Peninsula Standard Time),,s3w15,focus,
Fri Aug 21 2015 16:36:52 GMT+0800 (Malay Peninsula Standard Time),,s3w16,focus,
Fri Aug 21 2015 16:36:52 GMT+0800 (Malay Peninsula Standard Time),,s3w17,focus,
Fri Aug 21 2015 16:36:52 GMT+0800 (Malay Peninsula Standard Time),,s3w18,focus,
Fri Aug 21 2015 16:36:53 GMT+0800 (Malay Peninsula Standard Time),,s3w18,label,"^"
Fri Aug 21 2015 16:36:56 GMT+0800 (Malay Peninsula Standard Time),,s3w19,focus,
Fri Aug 21 2015 16:36:57 GMT+0800 (Malay Peninsula Standard Time),,s3w20,focus,
Fri Aug 21 2015 16:36:58 GMT+0800 (Malay Peninsula Standard Time),,s3w21,focus,
Fri Aug 21 2015 16:36:58 GMT+0800 (Malay Peninsula Standard Time),,s3w22,focus,
Fri Aug 21 2015 16:36:59 GMT+0800 (Malay Peninsula Standard Time),,s3w23,focus,
Fri Aug 21 2015 16:36:59 GMT+0800 (Malay Peninsula Standard Time),,s3w24,focus,
Fri Aug 21 2015 16:37:00 GMT+0800 (Malay Peninsula Standard Time),,s3w25,focus,
Fri Aug 21 2015 16:37:01 GMT+0800 (Malay Peninsula Standard Time),,s3w26,focus,
Fri Aug 21 2015 16:37:02 GMT+0800 (Malay Peninsula Standard Time),,s3w27,focus,
Fri Aug 21 2015 16:37:03 GMT+0800 (Malay Peninsula Standard Time),,s3w28,focus,
Fri Aug 21 2015 16:37:08 GMT+0800 (Malay Peninsula Standard Time),,s3w28,label,"^"
Fri Aug 21 2015 16:37:09 GMT+0800 (Malay Peninsula Standard Time),,s3w29,focus,
Fri Aug 21 2015 16:37:10 GMT+0800 (Malay Peninsula Standard Time),,s3w30,focus,
Fri Aug 21 2015 16:37:11 GMT+0800 (Malay Peninsula Standard Time),,s3w31,focus,
Fri Aug 21 2015 16:37:12 GMT+0800 (Malay Peninsula Standard Time),,s3w32,focus,
Fri Aug 21 2015 16:37:12 GMT+0800 (Malay Peninsula Standard Time),,s3w33,focus,
Fri Aug 21 2015 16:37:13 GMT+0800 (Malay Peninsula Standard Time),,s3w34,focus,
Fri Aug 21 2015 16:37:13 GMT+0800 (Malay Peninsula Standard Time),,s3w35,focus,
Fri Aug 21 2015 16:37:14 GMT+0800 (Malay Peninsula Standard Time),,s3w36,focus,
Fri Aug 21 2015 16:37:14 GMT+0800 (Malay Peninsula Standard Time),,s3w37,focus,
Fri Aug 21 2015 16:37:15 GMT+0800 (Malay Peninsula Standard Time),,s3w38,focus,
Fri Aug 21 2015 16:37:15 GMT+0800 (Malay Peninsula Standard Time),,s3w39,focus,
Fri Aug 21 2015 16:37:19 GMT+0800 (Malay Peninsula Standard Time),,s3w40,focus,
Fri Aug 21 2015 16:37:19 GMT+0800 (Malay Peninsula Standard Time),,s3w41,focus,
Fri Aug 21 2015 16:37:20 GMT+0800 (Malay Peninsula Standard Time),,s3w42,focus,
Fri Aug 21 2015 16:37:20 GMT+0800 (Malay Peninsula Standard Time),,s3w43,focus,
Fri Aug 21 2015 16:37:21 GMT+0800 (Malay Peninsula Standard Time),,s3w44,focus,
Fri Aug 21 2015 16:37:21 GMT+0800 (Malay Peninsula Standard Time),,s3w45,focus,
Fri Aug 21 2015 16:37:21 GMT+0800 (Malay Peninsula Standard Time),,s3w46,focus,
Fri Aug 21 2015 16:37:22 GMT+0800 (Malay Peninsula Standard Time),,s3w47,focus,
Fri Aug 21 2015 16:37:23 GMT+0800 (Malay Peninsula Standard Time),,s3w48,focus,
Fri Aug 21 2015 16:37:23 GMT+0800 (Malay Peninsula Standard Time),,s3w49,focus,
Fri Aug 21 2015 16:37:23 GMT+0800 (Malay Peninsula Standard Time),,s3w50,focus,
Fri Aug 21 2015 16:37:23 GMT+0800 (Malay Peninsula Standard Time),,s3w51,focus,
Fri Aug 21 2015 16:37:24 GMT+0800 (Malay Peninsula Standard Time),,s3w52,focus,
Fri Aug 21 2015 16:37:25 GMT+0800 (Malay Peninsula Standard Time),,s3w53,focus,
Fri Aug 21 2015 16:37:25 GMT+0800 (Malay Peninsula Standard Time),,s3w54,focus,
Fri Aug 21 2015 16:37:26 GMT+0800 (Malay Peninsula Standard Time),,s3w55,focus,
Fri Aug 21 2015 16:37:27 GMT+0800 (Malay Peninsula Standard Time),,s3w56,focus,
Fri Aug 21 2015 16:37:27 GMT+0800 (Malay Peninsula Standard Time),,s3w57,focus,
Fri Aug 21 2015 16:37:32 GMT+0800 (Malay Peninsula Standard Time),,s3w58,focus,
Fri Aug 21 2015 16:37:33 GMT+0800 (Malay Peninsula Standard Time),,s3w59,focus,
Fri Aug 21 2015 16:37:34 GMT+0800 (Malay Peninsula Standard Time),,s3w60,focus,
Fri Aug 21 2015 16:37:35 GMT+0800 (Malay Peninsula Standard Time),,s3w61,focus,
Fri Aug 21 2015 16:37:35 GMT+0800 (Malay Peninsula Standard Time),,s3w62,focus,
Fri Aug 21 2015 16:37:36 GMT+0800 (Malay Peninsula Standard Time),,s3w63,focus,
Fri Aug 21 2015 16:37:37 GMT+0800 (Malay Peninsula Standard Time),,s3w64,focus,
Fri Aug 21 2015 16:37:38 GMT+0800 (Malay Peninsula Standard Time),,s3w65,focus,
Fri Aug 21 2015 16:37:39 GMT+0800 (Malay Peninsula Standard Time),,s3w65,label,"N"
Fri Aug 21 2015 16:37:43 GMT+0800 (Malay Peninsula Standard Time),,s4w1,focus,
Fri Aug 21 2015 16:37:44 GMT+0800 (Malay Peninsula Standard Time),,s4w2,focus,
Fri Aug 21 2015 16:37:45 GMT+0800 (Malay Peninsula Standard Time),,s4w3,focus,
Fri Aug 21 2015 16:37:48 GMT+0800 (Malay Peninsula Standard Time),,s4w4,focus,
Fri Aug 21 2015 16:38:06 GMT+0800 (Malay Peninsula Standard Time),,s4w5,focus,
Fri Aug 21 2015 16:38:07 GMT+0800 (Malay Peninsula Standard Time),,s4w6,focus,
Fri Aug 21 2015 16:38:10 GMT+0800 (Malay Peninsula Standard Time),,s4w7,focus,
Fri Aug 21 2015 16:38:11 GMT+0800 (Malay Peninsula Standard Time),,s4w8,focus,
Fri Aug 21 2015 16:38:13 GMT+0800 (Malay Peninsula Standard Time),,s4w9,focus,
Fri Aug 21 2015 16:38:15 GMT+0800 (Malay Peninsula Standard Time),,s4w9,label,","
Fri Aug 21 2015 16:38:16 GMT+0800 (Malay Peninsula Standard Time),,s4w10,focus,
Fri Aug 21 2015 16:38:17 GMT+0800 (Malay Peninsula Standard Time),,s4w11,focus,
Fri Aug 21 2015 16:38:18 GMT+0800 (Malay Peninsula Standard Time),,s4w12,focus,
Fri Aug 21 2015 16:38:19 GMT+0800 (Malay Peninsula Standard Time),,s4w13,focus,
Fri Aug 21 2015 16:38:19 GMT+0800 (Malay Peninsula Standard Time),,s4w14,focus,
Fri Aug 21 2015 16:39:12 GMT+0800 (Malay Peninsula Standard Time),,s4w14,focus,
Fri Aug 21 2015 16:39:20 GMT+0800 (Malay Peninsula Standard Time),,s4w15,focus,
Fri Aug 21 2015 16:39:21 GMT+0800 (Malay Peninsula Standard Time),,s4w16,focus,
Fri Aug 21 2015 16:39:23 GMT+0800 (Malay Peninsula Standard Time),,s4w17,focus,
Fri Aug 21 2015 16:39:25 GMT+0800 (Malay Peninsula Standard Time),,s4w17,label,"^"
Fri Aug 21 2015 16:39:26 GMT+0800 (Malay Peninsula Standard Time),,s4w18,focus,
Fri Aug 21 2015 16:39:26 GMT+0800 (Malay Peninsula Standard Time),,s4w19,focus,
Fri Aug 21 2015 16:39:29 GMT+0800 (Malay Peninsula Standard Time),,s4w19,label,"V"
Fri Aug 21 2015 16:39:34 GMT+0800 (Malay Peninsula Standard Time),,s4w20,focus,
Fri Aug 21 2015 16:39:35 GMT+0800 (Malay Peninsula Standard Time),,s4w21,focus,
Fri Aug 21 2015 16:39:40 GMT+0800 (Malay Peninsula Standard Time),,s4w22,focus,
Fri Aug 21 2015 16:39:41 GMT+0800 (Malay Peninsula Standard Time),,s4w23,focus,
Fri Aug 21 2015 16:39:42 GMT+0800 (Malay Peninsula Standard Time),,s4w24,focus,
Fri Aug 21 2015 16:39:42 GMT+0800 (Malay Peninsula Standard Time),,s4w25,focus,
Fri Aug 21 2015 16:39:43 GMT+0800 (Malay Peninsula Standard Time),,s4w26,focus,
Fri Aug 21 2015 16:39:43 GMT+0800 (Malay Peninsula Standard Time),,s4w27,focus,
Fri Aug 21 2015 16:39:43 GMT+0800 (Malay Peninsula Standard Time),,s4w28,focus,
Fri Aug 21 2015 16:39:44 GMT+0800 (Malay Peninsula Standard Time),,s4w29,focus,
Fri Aug 21 2015 16:39:47 GMT+0800 (Malay Peninsula Standard Time),,s4w29,label,"N"
Fri Aug 21 2015 16:39:48 GMT+0800 (Malay Peninsula Standard Time),,s4w30,focus,
Fri Aug 21 2015 16:39:50 GMT+0800 (Malay Peninsula Standard Time),,s4w31,focus,
Fri Aug 21 2015 16:39:50 GMT+0800 (Malay Peninsula Standard Time),,s4w32,focus,
Fri Aug 21 2015 16:39:51 GMT+0800 (Malay Peninsula Standard Time),,s4w33,focus,
Fri Aug 21 2015 16:39:52 GMT+0800 (Malay Peninsula Standard Time),,s4w34,focus,
Fri Aug 21 2015 16:39:52 GMT+0800 (Malay Peninsula Standard Time),,s4w35,focus,
Fri Aug 21 2015 16:39:52 GMT+0800 (Malay Peninsula Standard Time),,s4w36,focus,
Fri Aug 21 2015 16:39:53 GMT+0800 (Malay Peninsula Standard Time),,s4w37,focus,
Fri Aug 21 2015 16:39:53 GMT+0800 (Malay Peninsula Standard Time),,s4w38,focus,
Fri Aug 21 2015 16:39:54 GMT+0800 (Malay Peninsula Standard Time),,s4w39,focus,
Fri Aug 21 2015 16:39:56 GMT+0800 (Malay Peninsula Standard Time),,s4w39,label,"V"
Fri Aug 21 2015 16:39:58 GMT+0800 (Malay Peninsula Standard Time),,s4w40,focus,
Fri Aug 21 2015 16:39:59 GMT+0800 (Malay Peninsula Standard Time),,s4w41,focus,
Fri Aug 21 2015 16:40:00 GMT+0800 (Malay Peninsula Standard Time),,s4w42,focus,
Fri Aug 21 2015 16:40:00 GMT+0800 (Malay Peninsula Standard Time),,s4w43,focus,
Fri Aug 21 2015 16:40:01 GMT+0800 (Malay Peninsula Standard Time),,s4w44,focus,
Fri Aug 21 2015 16:40:01 GMT+0800 (Malay Peninsula Standard Time),,s4w45,focus,
Fri Aug 21 2015 16:40:01 GMT+0800 (Malay Peninsula Standard Time),,s4w46,focus,
Fri Aug 21 2015 16:40:03 GMT+0800 (Malay Peninsula Standard Time),,s4w47,focus,
Fri Aug 21 2015 16:40:03 GMT+0800 (Malay Peninsula Standard Time),,s4w48,focus,
Fri Aug 21 2015 16:40:04 GMT+0800 (Malay Peninsula Standard Time),,s4w49,focus,
Fri Aug 21 2015 16:40:05 GMT+0800 (Malay Peninsula Standard Time),,s4w50,focus,
Fri Aug 21 2015 16:40:06 GMT+0800 (Malay Peninsula Standard Time),,s4w51,focus,
Fri Aug 21 2015 16:40:07 GMT+0800 (Malay Peninsula Standard Time),,s4w52,focus,
Fri Aug 21 2015 16:40:09 GMT+0800 (Malay Peninsula Standard Time),,s4w52,label,"N"
Fri Aug 21 2015 16:40:10 GMT+0800 (Malay Peninsula Standard Time),,s4w53,focus,
Fri Aug 21 2015 16:40:19 GMT+0800 (Malay Peninsula Standard Time),,s4w54,focus,
Fri Aug 21 2015 16:40:24 GMT+0800 (Malay Peninsula Standard Time),,s4w55,focus,
Fri Aug 21 2015 16:40:24 GMT+0800 (Malay Peninsula Standard Time),,s4w56,focus,
Fri Aug 21 2015 16:40:26 GMT+0800 (Malay Peninsula Standard Time),,s4w57,focus,
Fri Aug 21 2015 16:40:26 GMT+0800 (Malay Peninsula Standard Time),,s4w58,focus,
Fri Aug 21 2015 16:40:30 GMT+0800 (Malay Peninsula Standard Time),,s4w59,focus,
Fri Aug 21 2015 16:40:30 GMT+0800 (Malay Peninsula Standard Time),,s4w60,focus,
Fri Aug 21 2015 16:40:31 GMT+0800 (Malay Peninsula Standard Time),,s4w61,focus,
Fri Aug 21 2015 16:40:32 GMT+0800 (Malay Peninsula Standard Time),,s4w62,focus,
Fri Aug 21 2015 16:40:33 GMT+0800 (Malay Peninsula Standard Time),,s4w63,focus,
Fri Aug 21 2015 16:40:34 GMT+0800 (Malay Peninsula Standard Time),,s4w64,focus,
Fri Aug 21 2015 16:40:35 GMT+0800 (Malay Peninsula Standard Time),,s4w65,focus,
Fri Aug 21 2015 16:40:36 GMT+0800 (Malay Peninsula Standard Time),,s4w66,focus,
Fri Aug 21 2015 16:40:36 GMT+0800 (Malay Peninsula Standard Time),,s4w67,focus,
Fri Aug 21 2015 16:40:36 GMT+0800 (Malay Peninsula Standard Time),,s4w68,focus,
Fri Aug 21 2015 16:40:37 GMT+0800 (Malay Peninsula Standard Time),,s4w69,focus,
Fri Aug 21 2015 16:40:37 GMT+0800 (Malay Peninsula Standard Time),,s4w70,focus,
Fri Aug 21 2015 16:40:37 GMT+0800 (Malay Peninsula Standard Time),,s4w71,focus,
Fri Aug 21 2015 16:40:38 GMT+0800 (Malay Peninsula Standard Time),,s4w72,focus,
Fri Aug 21 2015 16:40:38 GMT+0800 (Malay Peninsula Standard Time),,s4w73,focus,
Fri Aug 21 2015 16:40:38 GMT+0800 (Malay Peninsula Standard Time),,s4w74,focus,
Fri Aug 21 2015 16:40:38 GMT+0800 (Malay Peninsula Standard Time),,s4w75,focus,
Fri Aug 21 2015 16:40:39 GMT+0800 (Malay Peninsula Standard Time),,s4w76,focus,
Fri Aug 21 2015 16:40:39 GMT+0800 (Malay Peninsula Standard Time),,s4w77,focus,
Fri Aug 21 2015 16:40:46 GMT+0800 (Malay Peninsula Standard Time),,s4w78,focus,
Fri Aug 21 2015 16:40:49 GMT+0800 (Malay Peninsula Standard Time),,s4w79,focus,
Fri Aug 21 2015 16:40:50 GMT+0800 (Malay Peninsula Standard Time),,s5w1,focus,
Fri Aug 21 2015 16:41:16 GMT+0800 (Malay Peninsula Standard Time),,s5w2,focus,
Fri Aug 21 2015 16:41:17 GMT+0800 (Malay Peninsula Standard Time),,s5w3,focus,
Fri Aug 21 2015 16:41:20 GMT+0800 (Malay Peninsula Standard Time),,s5w4,focus,
Fri Aug 21 2015 16:41:22 GMT+0800 (Malay Peninsula Standard Time),,s5w5,focus,
Fri Aug 21 2015 16:41:22 GMT+0800 (Malay Peninsula Standard Time),,s5w6,focus,
Fri Aug 21 2015 16:41:23 GMT+0800 (Malay Peninsula Standard Time),,s5w7,focus,
Fri Aug 21 2015 16:41:23 GMT+0800 (Malay Peninsula Standard Time),,s5w8,focus,
Fri Aug 21 2015 16:41:24 GMT+0800 (Malay Peninsula Standard Time),,s5w9,focus,
Fri Aug 21 2015 16:41:24 GMT+0800 (Malay Peninsula Standard Time),,s5w10,focus,
Fri Aug 21 2015 16:41:29 GMT+0800 (Malay Peninsula Standard Time),,s5w11,focus,
Fri Aug 21 2015 16:41:31 GMT+0800 (Malay Peninsula Standard Time),,s5w12,focus,
Fri Aug 21 2015 16:41:45 GMT+0800 (Malay Peninsula Standard Time),,s5w13,focus,
Fri Aug 21 2015 16:41:47 GMT+0800 (Malay Peninsula Standard Time),,s5w14,focus,
Fri Aug 21 2015 16:41:53 GMT+0800 (Malay Peninsula Standard Time),,s5w15,focus,
Fri Aug 21 2015 16:41:54 GMT+0800 (Malay Peninsula Standard Time),,s5w16,focus,
Fri Aug 21 2015 16:41:55 GMT+0800 (Malay Peninsula Standard Time),,s5w17,focus,
Fri Aug 21 2015 16:41:56 GMT+0800 (Malay Peninsula Standard Time),,s5w18,focus,
Fri Aug 21 2015 16:41:56 GMT+0800 (Malay Peninsula Standard Time),,s5w19,focus,
Fri Aug 21 2015 16:41:57 GMT+0800 (Malay Peninsula Standard Time),,s5w20,focus,
Fri Aug 21 2015 16:41:57 GMT+0800 (Malay Peninsula Standard Time),,s5w21,focus,
Fri Aug 21 2015 16:41:58 GMT+0800 (Malay Peninsula Standard Time),,s5w22,focus,
Fri Aug 21 2015 16:41:59 GMT+0800 (Malay Peninsula Standard Time),,s5w23,focus,
Fri Aug 21 2015 16:42:00 GMT+0800 (Malay Peninsula Standard Time),,s5w23,label,"^"
Fri Aug 21 2015 16:42:01 GMT+0800 (Malay Peninsula Standard Time),,s5w24,focus,
Fri Aug 21 2015 16:42:01 GMT+0800 (Malay Peninsula Standard Time),,s5w25,focus,
Fri Aug 21 2015 16:42:02 GMT+0800 (Malay Peninsula Standard Time),,s5w26,focus,
Fri Aug 21 2015 16:42:04 GMT+0800 (Malay Peninsula Standard Time),,s5w27,focus,
Fri Aug 21 2015 16:42:37 GMT+0800 (Malay Peninsula Standard Time),,s5w28,focus,
Fri Aug 21 2015 16:42:52 GMT+0800 (Malay Peninsula Standard Time),,s5w28,label,","
Fri Aug 21 2015 16:42:54 GMT+0800 (Malay Peninsula Standard Time),,s5w29,focus,
Fri Aug 21 2015 16:43:06 GMT+0800 (Malay Peninsula Standard Time),,s5w30,focus,
Fri Aug 21 2015 16:43:22 GMT+0800 (Malay Peninsula Standard Time),,s5w31,focus,
Fri Aug 21 2015 16:43:23 GMT+0800 (Malay Peninsula Standard Time),,s5w32,focus,
Fri Aug 21 2015 16:43:26 GMT+0800 (Malay Peninsula Standard Time),,s5w33,focus,
Fri Aug 21 2015 16:43:29 GMT+0800 (Malay Peninsula Standard Time),,s5w34,focus,
Fri Aug 21 2015 16:43:29 GMT+0800 (Malay Peninsula Standard Time),,s5w35,focus,
Fri Aug 21 2015 16:43:31 GMT+0800 (Malay Peninsula Standard Time),,s5w36,focus,
Fri Aug 21 2015 16:43:32 GMT+0800 (Malay Peninsula Standard Time),,s5w37,focus,
Fri Aug 21 2015 16:43:35 GMT+0800 (Malay Peninsula Standard Time),,s5w38,focus,
Fri Aug 21 2015 16:43:39 GMT+0800 (Malay Peninsula Standard Time),,s5w39,focus,
Fri Aug 21 2015 16:43:40 GMT+0800 (Malay Peninsula Standard Time),,s5w40,focus,
Fri Aug 21 2015 16:43:40 GMT+0800 (Malay Peninsula Standard Time),,s5w41,focus,
Fri Aug 21 2015 16:43:41 GMT+0800 (Malay Peninsula Standard Time),,s5w42,focus,
Fri Aug 21 2015 16:43:41 GMT+0800 (Malay Peninsula Standard Time),,s5w43,focus,
Fri Aug 21 2015 16:43:42 GMT+0800 (Malay Peninsula Standard Time),,s5w44,focus,
Fri Aug 21 2015 16:43:43 GMT+0800 (Malay Peninsula Standard Time),,s5w45,focus,
Fri Aug 21 2015 16:43:43 GMT+0800 (Malay Peninsula Standard Time),,s5w46,focus,
Fri Aug 21 2015 16:43:45 GMT+0800 (Malay Peninsula Standard Time),,s5w46,label,"^"
Fri Aug 21 2015 16:43:50 GMT+0800 (Malay Peninsula Standard Time),,s5w47,focus,
Fri Aug 21 2015 16:44:04 GMT+0800 (Malay Peninsula Standard Time),,s5w47,label,","
Fri Aug 21 2015 16:44:05 GMT+0800 (Malay Peninsula Standard Time),,s5w48,focus,
Fri Aug 21 2015 16:44:06 GMT+0800 (Malay Peninsula Standard Time),,s5w49,focus,
Fri Aug 21 2015 16:44:08 GMT+0800 (Malay Peninsula Standard Time),,s5w50,focus,
Fri Aug 21 2015 16:44:08 GMT+0800 (Malay Peninsula Standard Time),,s5w51,focus,
Fri Aug 21 2015 16:45:59 GMT+0800 (Malay Peninsula Standard Time),,s5w52,focus,
Fri Aug 21 2015 16:45:59 GMT+0800 (Malay Peninsula Standard Time),,s5w52,focus,
Fri Aug 21 2015 16:46:14 GMT+0800 (Malay Peninsula Standard Time),,s5w52,label,"^"
Fri Aug 21 2015 16:46:16 GMT+0800 (Malay Peninsula Standard Time),,s5w53,focus,
Fri Aug 21 2015 16:46:16 GMT+0800 (Malay Peninsula Standard Time),,s5w54,focus,
Fri Aug 21 2015 16:46:17 GMT+0800 (Malay Peninsula Standard Time),,s5w55,focus,
Fri Aug 21 2015 16:46:18 GMT+0800 (Malay Peninsula Standard Time),,s5w54,focus,
Fri Aug 21 2015 16:46:18 GMT+0800 (Malay Peninsula Standard Time),,s5w53,focus,
Fri Aug 21 2015 16:46:18 GMT+0800 (Malay Peninsula Standard Time),,s5w52,focus,
Fri Aug 21 2015 16:48:09 GMT+0800 (Malay Peninsula Standard Time),,s5w52,focus,
Fri Aug 21 2015 16:49:28 GMT+0800 (Malay Peninsula Standard Time),,s5w53,focus,
Fri Aug 21 2015 16:49:29 GMT+0800 (Malay Peninsula Standard Time),,s5w54,focus,
Fri Aug 21 2015 16:49:29 GMT+0800 (Malay Peninsula Standard Time),,s5w55,focus,
Fri Aug 21 2015 16:49:29 GMT+0800 (Malay Peninsula Standard Time),,s5w56,focus,
Fri Aug 21 2015 16:49:30 GMT+0800 (Malay Peninsula Standard Time),,s5w57,focus,
Fri Aug 21 2015 16:49:31 GMT+0800 (Malay Peninsula Standard Time),,s5w58,focus,
Fri Aug 21 2015 16:49:31 GMT+0800 (Malay Peninsula Standard Time),,s5w59,focus,
Fri Aug 21 2015 16:49:31 GMT+0800 (Malay Peninsula Standard Time),,s5w60,focus,
Fri Aug 21 2015 16:49:32 GMT+0800 (Malay Peninsula Standard Time),,s5w61,focus,
Fri Aug 21 2015 16:49:32 GMT+0800 (Malay Peninsula Standard Time),,s5w62,focus,
Fri Aug 21 2015 16:49:33 GMT+0800 (Malay Peninsula Standard Time),,s5w63,focus,
Fri Aug 21 2015 16:49:33 GMT+0800 (Malay Peninsula Standard Time),,s5w64,focus,
Fri Aug 21 2015 16:49:34 GMT+0800 (Malay Peninsula Standard Time),,s5w65,focus,
Fri Aug 21 2015 16:49:34 GMT+0800 (Malay Peninsula Standard Time),,s5w66,focus,
Fri Aug 21 2015 16:49:37 GMT+0800 (Malay Peninsula Standard Time),,s5w67,focus,
Fri Aug 21 2015 16:49:38 GMT+0800 (Malay Peninsula Standard Time),,s5w68,focus,
Fri Aug 21 2015 16:49:38 GMT+0800 (Malay Peninsula Standard Time),,s5w69,focus,
Fri Aug 21 2015 16:49:38 GMT+0800 (Malay Peninsula Standard Time),,s5w70,focus,
Fri Aug 21 2015 16:49:39 GMT+0800 (Malay Peninsula Standard Time),,s5w71,focus,
Fri Aug 21 2015 16:49:39 GMT+0800 (Malay Peninsula Standard Time),,s5w72,focus,
Fri Aug 21 2015 16:49:41 GMT+0800 (Malay Peninsula Standard Time),,s5w73,focus,
Fri Aug 21 2015 16:49:41 GMT+0800 (Malay Peninsula Standard Time),,s5w74,focus,
Fri Aug 21 2015 16:49:41 GMT+0800 (Malay Peninsula Standard Time),,s5w75,focus,
Fri Aug 21 2015 16:49:43 GMT+0800 (Malay Peninsula Standard Time),,s5w76,focus,
Fri Aug 21 2015 16:49:54 GMT+0800 (Malay Peninsula Standard Time),,s5w77,focus,
Fri Aug 21 2015 16:50:00 GMT+0800 (Malay Peninsula Standard Time),,s5w77,label,"R"
Fri Aug 21 2015 16:50:06 GMT+0800 (Malay Peninsula Standard Time),,s5w78,focus,
Fri Aug 21 2015 16:50:06 GMT+0800 (Malay Peninsula Standard Time),,s5w79,focus,
Fri Aug 21 2015 16:50:07 GMT+0800 (Malay Peninsula Standard Time),,s5w80,focus,
Fri Aug 21 2015 16:50:08 GMT+0800 (Malay Peninsula Standard Time),,s5w81,focus,
Fri Aug 21 2015 16:50:09 GMT+0800 (Malay Peninsula Standard Time),,s5w82,focus,
Fri Aug 21 2015 16:50:10 GMT+0800 (Malay Peninsula Standard Time),,s5w83,focus,
Fri Aug 21 2015 16:50:10 GMT+0800 (Malay Peninsula Standard Time),,s5w84,focus,
Fri Aug 21 2015 16:50:11 GMT+0800 (Malay Peninsula Standard Time),,s5w85,focus,
Fri Aug 21 2015 16:50:12 GMT+0800 (Malay Peninsula Standard Time),,s5w86,focus,
Fri Aug 21 2015 16:50:12 GMT+0800 (Malay Peninsula Standard Time),,s5w87,focus,
Fri Aug 21 2015 16:50:12 GMT+0800 (Malay Peninsula Standard Time),,s5w88,focus,
Fri Aug 21 2015 16:50:13 GMT+0800 (Malay Peninsula Standard Time),,s5w89,focus,
Fri Aug 21 2015 16:50:18 GMT+0800 (Malay Peninsula Standard Time),,s5w90,focus,
Fri Aug 21 2015 16:50:20 GMT+0800 (Malay Peninsula Standard Time),,s5w91,focus,
Fri Aug 21 2015 16:50:21 GMT+0800 (Malay Peninsula Standard Time),,s5w92,focus,
Fri Aug 21 2015 16:50:23 GMT+0800 (Malay Peninsula Standard Time),,s5w93,focus,
Fri Aug 21 2015 16:50:23 GMT+0800 (Malay Peninsula Standard Time),,s5w94,focus,
Fri Aug 21 2015 16:50:25 GMT+0800 (Malay Peninsula Standard Time),,s5w95,focus,
Fri Aug 21 2015 16:50:26 GMT+0800 (Malay Peninsula Standard Time),,s5w96,focus,
Fri Aug 21 2015 16:50:26 GMT+0800 (Malay Peninsula Standard Time),,s5w97,focus,
Fri Aug 21 2015 16:50:29 GMT+0800 (Malay Peninsula Standard Time),,s5w98,focus,
Fri Aug 21 2015 16:50:30 GMT+0800 (Malay Peninsula Standard Time),,s5w99,focus,
Fri Aug 21 2015 16:50:31 GMT+0800 (Malay Peninsula Standard Time),,s5w100,focus,
Fri Aug 21 2015 16:50:32 GMT+0800 (Malay Peninsula Standard Time),,s5w101,focus,
Fri Aug 21 2015 16:50:36 GMT+0800 (Malay Peninsula Standard Time),,s5w102,focus,
Fri Aug 21 2015 16:50:37 GMT+0800 (Malay Peninsula Standard Time),,s5w103,focus,
Fri Aug 21 2015 16:50:39 GMT+0800 (Malay Peninsula Standard Time),,s5w104,focus,
Fri Aug 21 2015 16:50:39 GMT+0800 (Malay Peninsula Standard Time),,s5w105,focus,
Fri Aug 21 2015 16:50:40 GMT+0800 (Malay Peninsula Standard Time),,s5w106,focus,
Fri Aug 21 2015 16:50:40 GMT+0800 (Malay Peninsula Standard Time),,s5w107,focus,
Fri Aug 21 2015 16:50:40 GMT+0800 (Malay Peninsula Standard Time),,s5w108,focus,
Fri Aug 21 2015 16:50:41 GMT+0800 (Malay Peninsula Standard Time),,s5w109,focus,
Fri Aug 21 2015 16:50:41 GMT+0800 (Malay Peninsula Standard Time),,s5w110,focus,
Fri Aug 21 2015 16:50:41 GMT+0800 (Malay Peninsula Standard Time),,s5w111,focus,
Fri Aug 21 2015 16:50:42 GMT+0800 (Malay Peninsula Standard Time),,s5w112,focus,
Fri Aug 21 2015 16:50:43 GMT+0800 (Malay Peninsula Standard Time),,s5w113,focus,
Fri Aug 21 2015 16:50:44 GMT+0800 (Malay Peninsula Standard Time),,s5w114,focus,
Fri Aug 21 2015 16:50:45 GMT+0800 (Malay Peninsula Standard Time),,s5w115,focus,
Fri Aug 21 2015 16:50:54 GMT+0800 (Malay Peninsula Standard Time),,s5w116,focus,
Fri Aug 21 2015 16:50:55 GMT+0800 (Malay Peninsula Standard Time),,s6w1,focus,
Fri Aug 21 2015 16:50:55 GMT+0800 (Malay Peninsula Standard Time),,s6w2,focus,
Fri Aug 21 2015 16:50:55 GMT+0800 (Malay Peninsula Standard Time),,s6w3,focus,
Fri Aug 21 2015 16:50:56 GMT+0800 (Malay Peninsula Standard Time),,s6w4,focus,
Fri Aug 21 2015 16:50:57 GMT+0800 (Malay Peninsula Standard Time),,s6w5,focus,
Fri Aug 21 2015 16:50:57 GMT+0800 (Malay Peninsula Standard Time),,s6w6,focus,
Fri Aug 21 2015 16:50:58 GMT+0800 (Malay Peninsula Standard Time),,s6w7,focus,
Fri Aug 21 2015 16:50:58 GMT+0800 (Malay Peninsula Standard Time),,s6w8,focus,
Fri Aug 21 2015 16:50:58 GMT+0800 (Malay Peninsula Standard Time),,s6w9,focus,
Fri Aug 21 2015 16:50:59 GMT+0800 (Malay Peninsula Standard Time),,s6w10,focus,
Fri Aug 21 2015 16:51:00 GMT+0800 (Malay Peninsula Standard Time),,s6w11,focus,
Fri Aug 21 2015 16:51:00 GMT+0800 (Malay Peninsula Standard Time),,s6w12,focus,
Fri Aug 21 2015 16:51:04 GMT+0800 (Malay Peninsula Standard Time),,s7w1,focus,
Fri Aug 21 2015 16:51:07 GMT+0800 (Malay Peninsula Standard Time),,s7w2,focus,
Fri Aug 21 2015 16:51:07 GMT+0800 (Malay Peninsula Standard Time),,s7w3,focus,
Fri Aug 21 2015 16:51:11 GMT+0800 (Malay Peninsula Standard Time),,s7w4,focus,
Fri Aug 21 2015 16:51:13 GMT+0800 (Malay Peninsula Standard Time),,s7w5,focus,
Fri Aug 21 2015 16:51:15 GMT+0800 (Malay Peninsula Standard Time),,s7w6,focus,
Fri Aug 21 2015 16:51:16 GMT+0800 (Malay Peninsula Standard Time),,s7w6,label,"^"
Fri Aug 21 2015 16:51:18 GMT+0800 (Malay Peninsula Standard Time),,s7w7,focus,
Fri Aug 21 2015 16:51:21 GMT+0800 (Malay Peninsula Standard Time),,s7w8,focus,
Fri Aug 21 2015 16:51:22 GMT+0800 (Malay Peninsula Standard Time),,s7w9,focus,
Fri Aug 21 2015 16:51:22 GMT+0800 (Malay Peninsula Standard Time),,s7w10,focus,
Fri Aug 21 2015 16:51:23 GMT+0800 (Malay Peninsula Standard Time),,s7w11,focus,
Fri Aug 21 2015 16:51:23 GMT+0800 (Malay Peninsula Standard Time),,s7w12,focus,
Fri Aug 21 2015 16:51:23 GMT+0800 (Malay Peninsula Standard Time),,s7w13,focus,
Fri Aug 21 2015 16:51:25 GMT+0800 (Malay Peninsula Standard Time),,s7w14,focus,
Fri Aug 21 2015 16:51:26 GMT+0800 (Malay Peninsula Standard Time),,s7w15,focus,
Fri Aug 21 2015 16:51:28 GMT+0800 (Malay Peninsula Standard Time),,s7w16,focus,
Fri Aug 21 2015 16:51:33 GMT+0800 (Malay Peninsula Standard Time),,s7w17,focus,
Fri Aug 21 2015 16:51:34 GMT+0800 (Malay Peninsula Standard Time),,s7w18,focus,
Fri Aug 21 2015 16:51:52 GMT+0800 (Malay Peninsula Standard Time),,s7w19,focus,
Fri Aug 21 2015 16:51:52 GMT+0800 (Malay Peninsula Standard Time),,s7w20,focus,
Fri Aug 21 2015 16:51:52 GMT+0800 (Malay Peninsula Standard Time),,s7w21,focus,
Fri Aug 21 2015 16:51:53 GMT+0800 (Malay Peninsula Standard Time),,s7w22,focus,
Fri Aug 21 2015 16:51:54 GMT+0800 (Malay Peninsula Standard Time),,s7w23,focus,
Fri Aug 21 2015 16:51:54 GMT+0800 (Malay Peninsula Standard Time),,s7w24,focus,
Fri Aug 21 2015 16:51:54 GMT+0800 (Malay Peninsula Standard Time),,s7w25,focus,
Fri Aug 21 2015 16:51:54 GMT+0800 (Malay Peninsula Standard Time),,s7w26,focus,
Fri Aug 21 2015 16:51:55 GMT+0800 (Malay Peninsula Standard Time),,s7w27,focus,
Fri Aug 21 2015 16:51:55 GMT+0800 (Malay Peninsula Standard Time),,s7w28,focus,
Fri Aug 21 2015 16:51:56 GMT+0800 (Malay Peninsula Standard Time),,s7w29,focus,
Fri Aug 21 2015 16:51:56 GMT+0800 (Malay Peninsula Standard Time),,s7w30,focus,
Fri Aug 21 2015 16:51:57 GMT+0800 (Malay Peninsula Standard Time),,s7w31,focus,
Fri Aug 21 2015 16:51:57 GMT+0800 (Malay Peninsula Standard Time),,s7w32,focus,
Fri Aug 21 2015 16:51:57 GMT+0800 (Malay Peninsula Standard Time),,s7w33,focus,
Fri Aug 21 2015 16:51:58 GMT+0800 (Malay Peninsula Standard Time),,s7w34,focus,
Fri Aug 21 2015 16:51:59 GMT+0800 (Malay Peninsula Standard Time),,s7w35,focus,
Fri Aug 21 2015 16:51:59 GMT+0800 (Malay Peninsula Standard Time),,s7w36,focus,
Fri Aug 21 2015 16:51:59 GMT+0800 (Malay Peninsula Standard Time),,s7w37,focus,
Fri Aug 21 2015 16:52:00 GMT+0800 (Malay Peninsula Standard Time),,s7w38,focus,
Fri Aug 21 2015 16:52:00 GMT+0800 (Malay Peninsula Standard Time),,s7w39,focus,
Fri Aug 21 2015 16:52:07 GMT+0800 (Malay Peninsula Standard Time),,s7w40,focus,
Fri Aug 21 2015 16:52:10 GMT+0800 (Malay Peninsula Standard Time),,s7w41,focus,
Fri Aug 21 2015 16:52:10 GMT+0800 (Malay Peninsula Standard Time),,s7w42,focus,
Fri Aug 21 2015 16:52:11 GMT+0800 (Malay Peninsula Standard Time),,s7w43,focus,
Fri Aug 21 2015 16:52:11 GMT+0800 (Malay Peninsula Standard Time),,s7w44,focus,
Fri Aug 21 2015 16:52:13 GMT+0800 (Malay Peninsula Standard Time),,s7w45,focus,
Fri Aug 21 2015 16:52:14 GMT+0800 (Malay Peninsula Standard Time),,s7w46,focus,
Fri Aug 21 2015 16:52:15 GMT+0800 (Malay Peninsula Standard Time),,s7w46,label,"^"
Fri Aug 21 2015 16:52:16 GMT+0800 (Malay Peninsula Standard Time),,s7w47,focus,
Fri Aug 21 2015 16:52:16 GMT+0800 (Malay Peninsula Standard Time),,s7w48,focus,
Fri Aug 21 2015 16:52:17 GMT+0800 (Malay Peninsula Standard Time),,s7w49,focus,
Fri Aug 21 2015 16:52:17 GMT+0800 (Malay Peninsula Standard Time),,s7w50,focus,
Fri Aug 21 2015 16:52:18 GMT+0800 (Malay Peninsula Standard Time),,s7w51,focus,
Fri Aug 21 2015 16:52:18 GMT+0800 (Malay Peninsula Standard Time),,s7w52,focus,
Fri Aug 21 2015 16:52:18 GMT+0800 (Malay Peninsula Standard Time),,s7w53,focus,
Fri Aug 21 2015 16:52:19 GMT+0800 (Malay Peninsula Standard Time),,s7w54,focus,
Fri Aug 21 2015 16:52:20 GMT+0800 (Malay Peninsula Standard Time),,s7w55,focus,
Fri Aug 21 2015 16:52:20 GMT+0800 (Malay Peninsula Standard Time),,s7w56,focus,
Fri Aug 21 2015 16:52:21 GMT+0800 (Malay Peninsula Standard Time),,s7w56,label,"^"
Fri Aug 21 2015 16:52:24 GMT+0800 (Malay Peninsula Standard Time),,s7w57,focus,
Fri Aug 21 2015 16:52:24 GMT+0800 (Malay Peninsula Standard Time),,s7w58,focus,
Fri Aug 21 2015 16:52:25 GMT+0800 (Malay Peninsula Standard Time),,s7w59,focus,
Fri Aug 21 2015 16:52:26 GMT+0800 (Malay Peninsula Standard Time),,s7w60,focus,
Fri Aug 21 2015 16:52:29 GMT+0800 (Malay Peninsula Standard Time),,s7w61,focus,
Fri Aug 21 2015 16:52:29 GMT+0800 (Malay Peninsula Standard Time),,s7w62,focus,
Fri Aug 21 2015 16:52:30 GMT+0800 (Malay Peninsula Standard Time),,s7w63,focus,
Fri Aug 21 2015 16:52:30 GMT+0800 (Malay Peninsula Standard Time),,s7w64,focus,
Fri Aug 21 2015 16:52:31 GMT+0800 (Malay Peninsula Standard Time),,s7w65,focus,
Fri Aug 21 2015 16:52:32 GMT+0800 (Malay Peninsula Standard Time),,s7w66,focus,
Fri Aug 21 2015 16:52:32 GMT+0800 (Malay Peninsula Standard Time),,s7w67,focus,
Fri Aug 21 2015 16:52:32 GMT+0800 (Malay Peninsula Standard Time),,s7w68,focus,
Fri Aug 21 2015 16:52:33 GMT+0800 (Malay Peninsula Standard Time),,s7w69,focus,
Fri Aug 21 2015 16:52:33 GMT+0800 (Malay Peninsula Standard Time),,s7w70,focus,
Fri Aug 21 2015 16:52:34 GMT+0800 (Malay Peninsula Standard Time),,s7w71,focus,
Fri Aug 21 2015 16:52:35 GMT+0800 (Malay Peninsula Standard Time),,s7w72,focus,
Fri Aug 21 2015 16:52:36 GMT+0800 (Malay Peninsula Standard Time),,s7w72,label,"^"
Fri Aug 21 2015 16:52:37 GMT+0800 (Malay Peninsula Standard Time),,s7w73,focus,
Fri Aug 21 2015 16:52:38 GMT+0800 (Malay Peninsula Standard Time),,s7w74,focus,
Fri Aug 21 2015 16:52:40 GMT+0800 (Malay Peninsula Standard Time),,s7w75,focus,
Fri Aug 21 2015 16:52:40 GMT+0800 (Malay Peninsula Standard Time),,s7w76,focus,
Fri Aug 21 2015 16:52:41 GMT+0800 (Malay Peninsula Standard Time),,s7w76,label,"^"
Fri Aug 21 2015 16:52:43 GMT+0800 (Malay Peninsula Standard Time),,s7w77,focus,
Fri Aug 21 2015 16:52:43 GMT+0800 (Malay Peninsula Standard Time),,s7w78,focus,
Fri Aug 21 2015 16:52:44 GMT+0800 (Malay Peninsula Standard Time),,s7w79,focus,
Fri Aug 21 2015 16:52:45 GMT+0800 (Malay Peninsula Standard Time),,s7w80,focus,
Fri Aug 21 2015 16:52:45 GMT+0800 (Malay Peninsula Standard Time),,s7w81,focus,
Fri Aug 21 2015 16:52:45 GMT+0800 (Malay Peninsula Standard Time),,s7w82,focus,
Fri Aug 21 2015 16:52:46 GMT+0800 (Malay Peninsula Standard Time),,s7w83,focus,
Fri Aug 21 2015 16:52:46 GMT+0800 (Malay Peninsula Standard Time),,s7w84,focus,
Fri Aug 21 2015 16:52:47 GMT+0800 (Malay Peninsula Standard Time),,s7w85,focus,
Fri Aug 21 2015 16:52:47 GMT+0800 (Malay Peninsula Standard Time),,s7w86,focus,
Fri Aug 21 2015 16:52:47 GMT+0800 (Malay Peninsula Standard Time),,s7w87,focus,
Fri Aug 21 2015 16:52:56 GMT+0800 (Malay Peninsula Standard Time),,,submitPage,
