Thu Aug 27 2015 13:30:42 GMT+0800 (China Standard Time),,,pageReady,0:100:100
Thu Aug 27 2015 13:30:42 GMT+0800 (China Standard Time),,s0,twitterId,462348
Thu Aug 27 2015 13:30:42 GMT+0800 (China Standard Time),,s1,twitterId,462348
Thu Aug 27 2015 13:30:42 GMT+0800 (China Standard Time),,s2,twitterId,462348
Thu Aug 27 2015 13:30:42 GMT+0800 (China Standard Time),,s3,twitterId,462348
Thu Aug 27 2015 13:30:42 GMT+0800 (China Standard Time),,s4,twitterId,462348
Thu Aug 27 2015 13:30:42 GMT+0800 (China Standard Time),,s5,twitterId,462348
Thu Aug 27 2015 13:30:42 GMT+0800 (China Standard Time),,s6,twitterId,462348
Thu Aug 27 2015 13:30:42 GMT+0800 (China Standard Time),,s7,twitterId,462348
Thu Aug 27 2015 13:30:42 GMT+0800 (China Standard Time),,s8,twitterId,462348
Thu Aug 27 2015 13:30:42 GMT+0800 (China Standard Time),,s9,twitterId,462348
Thu Aug 27 2015 13:30:42 GMT+0800 (China Standard Time),,s10,twitterId,462348
Thu Aug 27 2015 13:30:42 GMT+0800 (China Standard Time),,s11,twitterId,462348
Thu Aug 27 2015 13:30:42 GMT+0800 (China Standard Time),,s12,twitterId,462348
Thu Aug 27 2015 13:30:42 GMT+0800 (China Standard Time),,s13,twitterId,462348
Thu Aug 27 2015 13:30:42 GMT+0800 (China Standard Time),,s14,twitterId,462348
Thu Aug 27 2015 13:30:42 GMT+0800 (China Standard Time),,s15,twitterId,462348
Thu Aug 27 2015 13:30:58 GMT+0800 (China Standard Time),,s0w1,focus,
Thu Aug 27 2015 13:30:59 GMT+0800 (China Standard Time),,s0w1,focus,
Thu Aug 27 2015 13:31:01 GMT+0800 (China Standard Time),,s0w2,focus,
Thu Aug 27 2015 13:31:03 GMT+0800 (China Standard Time),,s0w3,focus,
Thu Aug 27 2015 13:31:04 GMT+0800 (China Standard Time),,s0w4,focus,
Thu Aug 27 2015 13:31:06 GMT+0800 (China Standard Time),,s0w5,focus,
Thu Aug 27 2015 13:31:06 GMT+0800 (China Standard Time),,s0w6,focus,
Thu Aug 27 2015 13:31:06 GMT+0800 (China Standard Time),,s0w7,focus,
Thu Aug 27 2015 13:31:06 GMT+0800 (China Standard Time),,s0w8,focus,
Thu Aug 27 2015 13:31:07 GMT+0800 (China Standard Time),,s1w1,focus,
Thu Aug 27 2015 13:31:07 GMT+0800 (China Standard Time),,s1w2,focus,
Thu Aug 27 2015 13:31:07 GMT+0800 (China Standard Time),,s1w3,focus,
Thu Aug 27 2015 13:31:07 GMT+0800 (China Standard Time),,s1w4,focus,
Thu Aug 27 2015 13:31:08 GMT+0800 (China Standard Time),,s1w5,focus,
Thu Aug 27 2015 13:31:08 GMT+0800 (China Standard Time),,s1w6,focus,
Thu Aug 27 2015 13:31:08 GMT+0800 (China Standard Time),,s1w7,focus,
Thu Aug 27 2015 13:31:08 GMT+0800 (China Standard Time),,s1w8,focus,
Thu Aug 27 2015 13:31:09 GMT+0800 (China Standard Time),,s1w9,focus,
Thu Aug 27 2015 13:31:09 GMT+0800 (China Standard Time),,s1w10,focus,
Thu Aug 27 2015 13:31:09 GMT+0800 (China Standard Time),,s1w11,focus,
Thu Aug 27 2015 13:31:10 GMT+0800 (China Standard Time),,s1w12,focus,
Thu Aug 27 2015 13:31:11 GMT+0800 (China Standard Time),,s1w13,focus,
Thu Aug 27 2015 13:31:11 GMT+0800 (China Standard Time),,s1w14,focus,
Thu Aug 27 2015 13:31:11 GMT+0800 (China Standard Time),,s1w15,focus,
Thu Aug 27 2015 13:31:11 GMT+0800 (China Standard Time),,s1w16,focus,
Thu Aug 27 2015 13:31:12 GMT+0800 (China Standard Time),,s1w17,focus,
Thu Aug 27 2015 13:31:12 GMT+0800 (China Standard Time),,s1w18,focus,
Thu Aug 27 2015 13:31:12 GMT+0800 (China Standard Time),,s1w19,focus,
Thu Aug 27 2015 13:31:12 GMT+0800 (China Standard Time),,s1w20,focus,
Thu Aug 27 2015 13:31:12 GMT+0800 (China Standard Time),,s1w21,focus,
Thu Aug 27 2015 13:31:13 GMT+0800 (China Standard Time),,s1w22,focus,
Thu Aug 27 2015 13:31:14 GMT+0800 (China Standard Time),,s1w23,focus,
Thu Aug 27 2015 13:31:15 GMT+0800 (China Standard Time),,s1w24,focus,
Thu Aug 27 2015 13:31:15 GMT+0800 (China Standard Time),,s1w25,focus,
Thu Aug 27 2015 13:31:15 GMT+0800 (China Standard Time),,s1w26,focus,
Thu Aug 27 2015 13:31:17 GMT+0800 (China Standard Time),,s1w27,focus,
Thu Aug 27 2015 13:31:17 GMT+0800 (China Standard Time),,s1w27,label,"N"
Thu Aug 27 2015 13:31:18 GMT+0800 (China Standard Time),,s1w28,focus,
Thu Aug 27 2015 13:31:18 GMT+0800 (China Standard Time),,s1w29,focus,
Thu Aug 27 2015 13:31:19 GMT+0800 (China Standard Time),,s1w30,focus,
Thu Aug 27 2015 13:31:19 GMT+0800 (China Standard Time),,s1w31,focus,
Thu Aug 27 2015 13:31:20 GMT+0800 (China Standard Time),,s1w32,focus,
Thu Aug 27 2015 13:31:20 GMT+0800 (China Standard Time),,s1w33,focus,
Thu Aug 27 2015 13:31:20 GMT+0800 (China Standard Time),,s1w34,focus,
Thu Aug 27 2015 13:31:21 GMT+0800 (China Standard Time),,s1w35,focus,
Thu Aug 27 2015 13:31:21 GMT+0800 (China Standard Time),,s1w36,focus,
Thu Aug 27 2015 13:31:22 GMT+0800 (China Standard Time),,s1w37,focus,
Thu Aug 27 2015 13:31:22 GMT+0800 (China Standard Time),,s1w38,focus,
Thu Aug 27 2015 13:31:22 GMT+0800 (China Standard Time),,s1w39,focus,
Thu Aug 27 2015 13:31:23 GMT+0800 (China Standard Time),,s1w40,focus,
Thu Aug 27 2015 13:31:23 GMT+0800 (China Standard Time),,s1w41,focus,
Thu Aug 27 2015 13:31:23 GMT+0800 (China Standard Time),,s1w42,focus,
Thu Aug 27 2015 13:31:23 GMT+0800 (China Standard Time),,s1w43,focus,
Thu Aug 27 2015 13:31:24 GMT+0800 (China Standard Time),,s1w44,focus,
Thu Aug 27 2015 13:31:24 GMT+0800 (China Standard Time),,s1w45,focus,
Thu Aug 27 2015 13:31:25 GMT+0800 (China Standard Time),,s1w46,focus,
Thu Aug 27 2015 13:31:25 GMT+0800 (China Standard Time),,s1w47,focus,
Thu Aug 27 2015 13:31:26 GMT+0800 (China Standard Time),,s1w48,focus,
Thu Aug 27 2015 13:31:26 GMT+0800 (China Standard Time),,s1w49,focus,
Thu Aug 27 2015 13:31:26 GMT+0800 (China Standard Time),,s1w50,focus,
Thu Aug 27 2015 13:31:27 GMT+0800 (China Standard Time),,s1w51,focus,
Thu Aug 27 2015 13:31:27 GMT+0800 (China Standard Time),,s1w52,focus,
Thu Aug 27 2015 13:31:27 GMT+0800 (China Standard Time),,s1w53,focus,
Thu Aug 27 2015 13:31:29 GMT+0800 (China Standard Time),,s1w53,label,"^"
Thu Aug 27 2015 13:31:30 GMT+0800 (China Standard Time),,s1w54,focus,
Thu Aug 27 2015 13:31:30 GMT+0800 (China Standard Time),,s1w55,focus,
Thu Aug 27 2015 13:31:31 GMT+0800 (China Standard Time),,s1w56,focus,
Thu Aug 27 2015 13:31:31 GMT+0800 (China Standard Time),,s1w57,focus,
Thu Aug 27 2015 13:31:31 GMT+0800 (China Standard Time),,s1w58,focus,
Thu Aug 27 2015 13:31:32 GMT+0800 (China Standard Time),,s1w59,focus,
Thu Aug 27 2015 13:31:32 GMT+0800 (China Standard Time),,s1w60,focus,
Thu Aug 27 2015 13:31:32 GMT+0800 (China Standard Time),,s1w61,focus,
Thu Aug 27 2015 13:31:33 GMT+0800 (China Standard Time),,s1w62,focus,
Thu Aug 27 2015 13:31:33 GMT+0800 (China Standard Time),,s1w63,focus,
Thu Aug 27 2015 13:31:33 GMT+0800 (China Standard Time),,s1w64,focus,
Thu Aug 27 2015 13:31:34 GMT+0800 (China Standard Time),,s1w65,focus,
Thu Aug 27 2015 13:31:34 GMT+0800 (China Standard Time),,s1w66,focus,
Thu Aug 27 2015 13:31:35 GMT+0800 (China Standard Time),,s1w67,focus,
Thu Aug 27 2015 13:31:35 GMT+0800 (China Standard Time),,s1w68,focus,
Thu Aug 27 2015 13:31:35 GMT+0800 (China Standard Time),,s1w69,focus,
Thu Aug 27 2015 13:31:35 GMT+0800 (China Standard Time),,s1w70,focus,
Thu Aug 27 2015 13:31:35 GMT+0800 (China Standard Time),,s1w71,focus,
Thu Aug 27 2015 13:31:36 GMT+0800 (China Standard Time),,s1w72,focus,
Thu Aug 27 2015 13:31:36 GMT+0800 (China Standard Time),,s1w73,focus,
Thu Aug 27 2015 13:31:36 GMT+0800 (China Standard Time),,s1w74,focus,
Thu Aug 27 2015 13:31:37 GMT+0800 (China Standard Time),,s1w75,focus,
Thu Aug 27 2015 13:31:37 GMT+0800 (China Standard Time),,s1w76,focus,
Thu Aug 27 2015 13:31:37 GMT+0800 (China Standard Time),,s1w77,focus,
Thu Aug 27 2015 13:31:37 GMT+0800 (China Standard Time),,s1w78,focus,
Thu Aug 27 2015 13:31:38 GMT+0800 (China Standard Time),,s1w79,focus,
Thu Aug 27 2015 13:31:38 GMT+0800 (China Standard Time),,s1w80,focus,
Thu Aug 27 2015 13:31:38 GMT+0800 (China Standard Time),,s1w81,focus,
Thu Aug 27 2015 13:31:38 GMT+0800 (China Standard Time),,s1w82,focus,
Thu Aug 27 2015 13:31:39 GMT+0800 (China Standard Time),,s1w83,focus,
Thu Aug 27 2015 13:31:39 GMT+0800 (China Standard Time),,s1w84,focus,
Thu Aug 27 2015 13:31:39 GMT+0800 (China Standard Time),,s1w85,focus,
Thu Aug 27 2015 13:31:40 GMT+0800 (China Standard Time),,s1w86,focus,
Thu Aug 27 2015 13:31:40 GMT+0800 (China Standard Time),,s1w87,focus,
Thu Aug 27 2015 13:31:41 GMT+0800 (China Standard Time),,s1w88,focus,
Thu Aug 27 2015 13:31:41 GMT+0800 (China Standard Time),,s1w89,focus,
Thu Aug 27 2015 13:31:41 GMT+0800 (China Standard Time),,s1w90,focus,
Thu Aug 27 2015 13:31:42 GMT+0800 (China Standard Time),,s1w91,focus,
Thu Aug 27 2015 13:31:42 GMT+0800 (China Standard Time),,s1w92,focus,
Thu Aug 27 2015 13:31:42 GMT+0800 (China Standard Time),,s1w93,focus,
Thu Aug 27 2015 13:31:42 GMT+0800 (China Standard Time),,s1w94,focus,
Thu Aug 27 2015 13:31:43 GMT+0800 (China Standard Time),,s1w95,focus,
Thu Aug 27 2015 13:31:43 GMT+0800 (China Standard Time),,s1w96,focus,
Thu Aug 27 2015 13:31:43 GMT+0800 (China Standard Time),,s1w97,focus,
Thu Aug 27 2015 13:31:43 GMT+0800 (China Standard Time),,s1w98,focus,
Thu Aug 27 2015 13:31:44 GMT+0800 (China Standard Time),,s1w99,focus,
Thu Aug 27 2015 13:31:44 GMT+0800 (China Standard Time),,s1w100,focus,
Thu Aug 27 2015 13:31:44 GMT+0800 (China Standard Time),,s1w101,focus,
Thu Aug 27 2015 13:31:44 GMT+0800 (China Standard Time),,s1w102,focus,
Thu Aug 27 2015 13:31:45 GMT+0800 (China Standard Time),,s1w103,focus,
Thu Aug 27 2015 13:31:45 GMT+0800 (China Standard Time),,s1w104,focus,
Thu Aug 27 2015 13:31:45 GMT+0800 (China Standard Time),,s1w105,focus,
Thu Aug 27 2015 13:31:46 GMT+0800 (China Standard Time),,s1w106,focus,
Thu Aug 27 2015 13:31:46 GMT+0800 (China Standard Time),,s1w107,focus,
Thu Aug 27 2015 13:31:46 GMT+0800 (China Standard Time),,s1w108,focus,
Thu Aug 27 2015 13:31:46 GMT+0800 (China Standard Time),,s1w109,focus,
Thu Aug 27 2015 13:31:47 GMT+0800 (China Standard Time),,s1w110,focus,
Thu Aug 27 2015 13:31:47 GMT+0800 (China Standard Time),,s1w111,focus,
Thu Aug 27 2015 13:31:47 GMT+0800 (China Standard Time),,s1w112,focus,
Thu Aug 27 2015 13:31:48 GMT+0800 (China Standard Time),,s1w113,focus,
Thu Aug 27 2015 13:31:48 GMT+0800 (China Standard Time),,s1w114,focus,
Thu Aug 27 2015 13:31:48 GMT+0800 (China Standard Time),,s1w115,focus,
Thu Aug 27 2015 13:31:49 GMT+0800 (China Standard Time),,s1w116,focus,
Thu Aug 27 2015 13:31:50 GMT+0800 (China Standard Time),,s1w116,label,"N"
Thu Aug 27 2015 13:31:50 GMT+0800 (China Standard Time),,s1w117,focus,
Thu Aug 27 2015 13:31:50 GMT+0800 (China Standard Time),,s1w118,focus,
Thu Aug 27 2015 13:31:51 GMT+0800 (China Standard Time),,s1w119,focus,
Thu Aug 27 2015 13:31:52 GMT+0800 (China Standard Time),,s1w120,focus,
Thu Aug 27 2015 13:31:53 GMT+0800 (China Standard Time),,s1w120,label,"^"
Thu Aug 27 2015 13:31:54 GMT+0800 (China Standard Time),,s1w121,focus,
Thu Aug 27 2015 13:31:55 GMT+0800 (China Standard Time),,s1w122,focus,
Thu Aug 27 2015 13:31:55 GMT+0800 (China Standard Time),,s1w123,focus,
Thu Aug 27 2015 13:31:55 GMT+0800 (China Standard Time),,s1w124,focus,
Thu Aug 27 2015 13:31:55 GMT+0800 (China Standard Time),,s1w125,focus,
Thu Aug 27 2015 13:31:56 GMT+0800 (China Standard Time),,s1w126,focus,
Thu Aug 27 2015 13:31:56 GMT+0800 (China Standard Time),,s1w127,focus,
Thu Aug 27 2015 13:31:56 GMT+0800 (China Standard Time),,s1w128,focus,
Thu Aug 27 2015 13:31:57 GMT+0800 (China Standard Time),,s1w129,focus,
Thu Aug 27 2015 13:31:57 GMT+0800 (China Standard Time),,s1w130,focus,
Thu Aug 27 2015 13:31:57 GMT+0800 (China Standard Time),,s1w131,focus,
Thu Aug 27 2015 13:31:57 GMT+0800 (China Standard Time),,s1w132,focus,
Thu Aug 27 2015 13:31:58 GMT+0800 (China Standard Time),,s1w133,focus,
Thu Aug 27 2015 13:31:58 GMT+0800 (China Standard Time),,s1w134,focus,
Thu Aug 27 2015 13:31:58 GMT+0800 (China Standard Time),,s1w135,focus,
Thu Aug 27 2015 13:31:58 GMT+0800 (China Standard Time),,s1w136,focus,
Thu Aug 27 2015 13:31:59 GMT+0800 (China Standard Time),,s1w137,focus,
Thu Aug 27 2015 13:31:59 GMT+0800 (China Standard Time),,s1w138,focus,
Thu Aug 27 2015 13:31:59 GMT+0800 (China Standard Time),,s1w139,focus,
Thu Aug 27 2015 13:31:59 GMT+0800 (China Standard Time),,s1w140,focus,
Thu Aug 27 2015 13:32:00 GMT+0800 (China Standard Time),,s1w141,focus,
Thu Aug 27 2015 13:32:00 GMT+0800 (China Standard Time),,s1w142,focus,
Thu Aug 27 2015 13:32:00 GMT+0800 (China Standard Time),,s1w143,focus,
Thu Aug 27 2015 13:32:01 GMT+0800 (China Standard Time),,s1w144,focus,
Thu Aug 27 2015 13:32:01 GMT+0800 (China Standard Time),,s1w145,focus,
Thu Aug 27 2015 13:32:01 GMT+0800 (China Standard Time),,s1w146,focus,
Thu Aug 27 2015 13:32:01 GMT+0800 (China Standard Time),,s1w147,focus,
Thu Aug 27 2015 13:32:02 GMT+0800 (China Standard Time),,s1w148,focus,
Thu Aug 27 2015 13:32:02 GMT+0800 (China Standard Time),,s1w149,focus,
Thu Aug 27 2015 13:32:02 GMT+0800 (China Standard Time),,s1w150,focus,
Thu Aug 27 2015 13:32:02 GMT+0800 (China Standard Time),,s1w151,focus,
Thu Aug 27 2015 13:32:03 GMT+0800 (China Standard Time),,s1w152,focus,
Thu Aug 27 2015 13:32:03 GMT+0800 (China Standard Time),,s1w153,focus,
Thu Aug 27 2015 13:32:03 GMT+0800 (China Standard Time),,s1w154,focus,
Thu Aug 27 2015 13:32:04 GMT+0800 (China Standard Time),,s1w155,focus,
Thu Aug 27 2015 13:32:04 GMT+0800 (China Standard Time),,s1w156,focus,
Thu Aug 27 2015 13:32:04 GMT+0800 (China Standard Time),,s1w157,focus,
Thu Aug 27 2015 13:32:04 GMT+0800 (China Standard Time),,s1w158,focus,
Thu Aug 27 2015 13:32:05 GMT+0800 (China Standard Time),,s1w159,focus,
Thu Aug 27 2015 13:32:05 GMT+0800 (China Standard Time),,s1w160,focus,
Thu Aug 27 2015 13:32:05 GMT+0800 (China Standard Time),,s1w161,focus,
Thu Aug 27 2015 13:32:06 GMT+0800 (China Standard Time),,s1w162,focus,
Thu Aug 27 2015 13:32:06 GMT+0800 (China Standard Time),,s1w163,focus,
Thu Aug 27 2015 13:32:06 GMT+0800 (China Standard Time),,s1w164,focus,
Thu Aug 27 2015 13:32:07 GMT+0800 (China Standard Time),,s1w165,focus,
Thu Aug 27 2015 13:32:07 GMT+0800 (China Standard Time),,s1w166,focus,
Thu Aug 27 2015 13:32:07 GMT+0800 (China Standard Time),,s1w167,focus,
Thu Aug 27 2015 13:32:07 GMT+0800 (China Standard Time),,s1w168,focus,
Thu Aug 27 2015 13:32:08 GMT+0800 (China Standard Time),,s1w169,focus,
Thu Aug 27 2015 13:32:08 GMT+0800 (China Standard Time),,s1w170,focus,
Thu Aug 27 2015 13:32:08 GMT+0800 (China Standard Time),,s1w171,focus,
Thu Aug 27 2015 13:32:09 GMT+0800 (China Standard Time),,s1w172,focus,
Thu Aug 27 2015 13:32:09 GMT+0800 (China Standard Time),,s1w173,focus,
Thu Aug 27 2015 13:32:09 GMT+0800 (China Standard Time),,s1w174,focus,
Thu Aug 27 2015 13:32:09 GMT+0800 (China Standard Time),,s1w175,focus,
Thu Aug 27 2015 13:32:10 GMT+0800 (China Standard Time),,s1w176,focus,
Thu Aug 27 2015 13:32:10 GMT+0800 (China Standard Time),,s1w177,focus,
Thu Aug 27 2015 13:32:10 GMT+0800 (China Standard Time),,s1w178,focus,
Thu Aug 27 2015 13:32:10 GMT+0800 (China Standard Time),,s1w179,focus,
Thu Aug 27 2015 13:32:11 GMT+0800 (China Standard Time),,s1w180,focus,
Thu Aug 27 2015 13:32:11 GMT+0800 (China Standard Time),,s1w181,focus,
Thu Aug 27 2015 13:32:12 GMT+0800 (China Standard Time),,s1w182,focus,
Thu Aug 27 2015 13:32:12 GMT+0800 (China Standard Time),,s1w183,focus,
Thu Aug 27 2015 13:32:13 GMT+0800 (China Standard Time),,s1w184,focus,
Thu Aug 27 2015 13:32:13 GMT+0800 (China Standard Time),,s1w185,focus,
Thu Aug 27 2015 13:32:13 GMT+0800 (China Standard Time),,s1w186,focus,
Thu Aug 27 2015 13:32:13 GMT+0800 (China Standard Time),,s1w187,focus,
Thu Aug 27 2015 13:32:14 GMT+0800 (China Standard Time),,s1w188,focus,
Thu Aug 27 2015 13:32:14 GMT+0800 (China Standard Time),,s1w189,focus,
Thu Aug 27 2015 13:32:16 GMT+0800 (China Standard Time),,s1w190,focus,
Thu Aug 27 2015 13:32:16 GMT+0800 (China Standard Time),,s1w191,focus,
Thu Aug 27 2015 13:32:17 GMT+0800 (China Standard Time),,s1w189,focus,
Thu Aug 27 2015 13:32:17 GMT+0800 (China Standard Time),,s1w189,focus,
Thu Aug 27 2015 13:32:18 GMT+0800 (China Standard Time),,s1w189,label,"N"
Thu Aug 27 2015 13:32:19 GMT+0800 (China Standard Time),,s1w190,focus,
Thu Aug 27 2015 13:32:19 GMT+0800 (China Standard Time),,s1w191,focus,
Thu Aug 27 2015 13:32:19 GMT+0800 (China Standard Time),,s1w192,focus,
Thu Aug 27 2015 13:32:20 GMT+0800 (China Standard Time),,s2w1,focus,
Thu Aug 27 2015 13:32:20 GMT+0800 (China Standard Time),,s2w2,focus,
Thu Aug 27 2015 13:32:21 GMT+0800 (China Standard Time),,s2w3,focus,
Thu Aug 27 2015 13:32:23 GMT+0800 (China Standard Time),,s2w2,focus,
Thu Aug 27 2015 13:32:23 GMT+0800 (China Standard Time),,s2w2,focus,
Thu Aug 27 2015 13:32:24 GMT+0800 (China Standard Time),,s2w2,label,"^"
Thu Aug 27 2015 13:32:25 GMT+0800 (China Standard Time),,s2w3,focus,
Thu Aug 27 2015 13:32:25 GMT+0800 (China Standard Time),,s2w4,focus,
Thu Aug 27 2015 13:32:27 GMT+0800 (China Standard Time),,s2w5,focus,
Thu Aug 27 2015 13:32:28 GMT+0800 (China Standard Time),,s2w6,focus,
Thu Aug 27 2015 13:32:28 GMT+0800 (China Standard Time),,s2w7,focus,
Thu Aug 27 2015 13:32:28 GMT+0800 (China Standard Time),,s2w8,focus,
Thu Aug 27 2015 13:32:29 GMT+0800 (China Standard Time),,s2w9,focus,
Thu Aug 27 2015 13:32:30 GMT+0800 (China Standard Time),,s2w10,focus,
Thu Aug 27 2015 13:32:31 GMT+0800 (China Standard Time),,s2w11,focus,
Thu Aug 27 2015 13:32:35 GMT+0800 (China Standard Time),,s2w12,focus,
Thu Aug 27 2015 13:32:35 GMT+0800 (China Standard Time),,s2w13,focus,
Thu Aug 27 2015 13:32:36 GMT+0800 (China Standard Time),,s2w14,focus,
Thu Aug 27 2015 13:32:36 GMT+0800 (China Standard Time),,s2w15,focus,
Thu Aug 27 2015 13:32:37 GMT+0800 (China Standard Time),,s2w16,focus,
Thu Aug 27 2015 13:32:37 GMT+0800 (China Standard Time),,s2w17,focus,
Thu Aug 27 2015 13:32:37 GMT+0800 (China Standard Time),,s2w18,focus,
Thu Aug 27 2015 13:32:38 GMT+0800 (China Standard Time),,s2w19,focus,
Thu Aug 27 2015 13:32:38 GMT+0800 (China Standard Time),,s2w20,focus,
Thu Aug 27 2015 13:32:38 GMT+0800 (China Standard Time),,s2w21,focus,
Thu Aug 27 2015 13:32:39 GMT+0800 (China Standard Time),,s2w22,focus,
Thu Aug 27 2015 13:32:39 GMT+0800 (China Standard Time),,s2w23,focus,
Thu Aug 27 2015 13:32:40 GMT+0800 (China Standard Time),,s2w24,focus,
Thu Aug 27 2015 13:32:40 GMT+0800 (China Standard Time),,s2w25,focus,
Thu Aug 27 2015 13:32:40 GMT+0800 (China Standard Time),,s2w26,focus,
Thu Aug 27 2015 13:32:40 GMT+0800 (China Standard Time),,s2w27,focus,
Thu Aug 27 2015 13:32:42 GMT+0800 (China Standard Time),,s2w27,label,"V"
Thu Aug 27 2015 13:32:43 GMT+0800 (China Standard Time),,s2w28,focus,
Thu Aug 27 2015 13:32:43 GMT+0800 (China Standard Time),,s2w29,focus,
Thu Aug 27 2015 13:32:43 GMT+0800 (China Standard Time),,s2w30,focus,
Thu Aug 27 2015 13:32:44 GMT+0800 (China Standard Time),,s2w31,focus,
Thu Aug 27 2015 13:32:44 GMT+0800 (China Standard Time),,s3w1,focus,
Thu Aug 27 2015 13:32:44 GMT+0800 (China Standard Time),,s3w2,focus,
Thu Aug 27 2015 13:32:46 GMT+0800 (China Standard Time),,s3w3,focus,
Thu Aug 27 2015 13:32:46 GMT+0800 (China Standard Time),,s3w4,focus,
Thu Aug 27 2015 13:32:46 GMT+0800 (China Standard Time),,s3w5,focus,
Thu Aug 27 2015 13:32:46 GMT+0800 (China Standard Time),,s3w6,focus,
Thu Aug 27 2015 13:32:47 GMT+0800 (China Standard Time),,s3w7,focus,
Thu Aug 27 2015 13:32:47 GMT+0800 (China Standard Time),,s3w8,focus,
Thu Aug 27 2015 13:32:47 GMT+0800 (China Standard Time),,s3w9,focus,
Thu Aug 27 2015 13:32:47 GMT+0800 (China Standard Time),,s3w10,focus,
Thu Aug 27 2015 13:32:48 GMT+0800 (China Standard Time),,s3w11,focus,
Thu Aug 27 2015 13:32:48 GMT+0800 (China Standard Time),,s3w12,focus,
Thu Aug 27 2015 13:32:48 GMT+0800 (China Standard Time),,s3w13,focus,
Thu Aug 27 2015 13:32:48 GMT+0800 (China Standard Time),,s3w14,focus,
Thu Aug 27 2015 13:32:48 GMT+0800 (China Standard Time),,s3w15,focus,
Thu Aug 27 2015 13:32:49 GMT+0800 (China Standard Time),,s3w16,focus,
Thu Aug 27 2015 13:32:49 GMT+0800 (China Standard Time),,s3w17,focus,
Thu Aug 27 2015 13:32:49 GMT+0800 (China Standard Time),,s3w18,focus,
Thu Aug 27 2015 13:32:49 GMT+0800 (China Standard Time),,s4w1,focus,
Thu Aug 27 2015 13:32:50 GMT+0800 (China Standard Time),,s4w2,focus,
Thu Aug 27 2015 13:32:50 GMT+0800 (China Standard Time),,s4w3,focus,
Thu Aug 27 2015 13:32:51 GMT+0800 (China Standard Time),,s4w4,focus,
Thu Aug 27 2015 13:32:51 GMT+0800 (China Standard Time),,s4w5,focus,
Thu Aug 27 2015 13:32:51 GMT+0800 (China Standard Time),,s4w6,focus,
Thu Aug 27 2015 13:32:51 GMT+0800 (China Standard Time),,s4w7,focus,
Thu Aug 27 2015 13:32:52 GMT+0800 (China Standard Time),,s4w8,focus,
Thu Aug 27 2015 13:32:52 GMT+0800 (China Standard Time),,s4w9,focus,
Thu Aug 27 2015 13:32:52 GMT+0800 (China Standard Time),,s4w10,focus,
Thu Aug 27 2015 13:32:53 GMT+0800 (China Standard Time),,s4w11,focus,
Thu Aug 27 2015 13:32:53 GMT+0800 (China Standard Time),,s4w12,focus,
Thu Aug 27 2015 13:32:54 GMT+0800 (China Standard Time),,s4w13,focus,
Thu Aug 27 2015 13:32:54 GMT+0800 (China Standard Time),,s4w14,focus,
Thu Aug 27 2015 13:32:54 GMT+0800 (China Standard Time),,s4w15,focus,
Thu Aug 27 2015 13:32:54 GMT+0800 (China Standard Time),,s4w16,focus,
Thu Aug 27 2015 13:32:55 GMT+0800 (China Standard Time),,s4w17,focus,
Thu Aug 27 2015 13:32:55 GMT+0800 (China Standard Time),,s4w18,focus,
Thu Aug 27 2015 13:32:55 GMT+0800 (China Standard Time),,s4w19,focus,
Thu Aug 27 2015 13:32:55 GMT+0800 (China Standard Time),,s4w20,focus,
Thu Aug 27 2015 13:32:56 GMT+0800 (China Standard Time),,s4w21,focus,
Thu Aug 27 2015 13:32:56 GMT+0800 (China Standard Time),,s4w22,focus,
Thu Aug 27 2015 13:32:56 GMT+0800 (China Standard Time),,s4w23,focus,
Thu Aug 27 2015 13:32:57 GMT+0800 (China Standard Time),,s4w24,focus,
Thu Aug 27 2015 13:32:57 GMT+0800 (China Standard Time),,s4w25,focus,
Thu Aug 27 2015 13:32:57 GMT+0800 (China Standard Time),,s4w26,focus,
Thu Aug 27 2015 13:32:57 GMT+0800 (China Standard Time),,s4w27,focus,
Thu Aug 27 2015 13:32:57 GMT+0800 (China Standard Time),,s4w28,focus,
Thu Aug 27 2015 13:32:58 GMT+0800 (China Standard Time),,s4w29,focus,
Thu Aug 27 2015 13:32:58 GMT+0800 (China Standard Time),,s4w30,focus,
Thu Aug 27 2015 13:32:58 GMT+0800 (China Standard Time),,s4w31,focus,
Thu Aug 27 2015 13:32:59 GMT+0800 (China Standard Time),,s4w32,focus,
Thu Aug 27 2015 13:32:59 GMT+0800 (China Standard Time),,s4w33,focus,
Thu Aug 27 2015 13:32:59 GMT+0800 (China Standard Time),,s4w34,focus,
Thu Aug 27 2015 13:32:59 GMT+0800 (China Standard Time),,s4w35,focus,
Thu Aug 27 2015 13:33:00 GMT+0800 (China Standard Time),,s4w36,focus,
Thu Aug 27 2015 13:33:00 GMT+0800 (China Standard Time),,s4w37,focus,
Thu Aug 27 2015 13:33:00 GMT+0800 (China Standard Time),,s4w38,focus,
Thu Aug 27 2015 13:33:01 GMT+0800 (China Standard Time),,s4w39,focus,
Thu Aug 27 2015 13:33:01 GMT+0800 (China Standard Time),,s4w40,focus,
Thu Aug 27 2015 13:33:01 GMT+0800 (China Standard Time),,s4w41,focus,
Thu Aug 27 2015 13:33:02 GMT+0800 (China Standard Time),,s4w42,focus,
Thu Aug 27 2015 13:33:02 GMT+0800 (China Standard Time),,s4w43,focus,
Thu Aug 27 2015 13:33:02 GMT+0800 (China Standard Time),,s4w44,focus,
Thu Aug 27 2015 13:33:02 GMT+0800 (China Standard Time),,s4w45,focus,
Thu Aug 27 2015 13:33:03 GMT+0800 (China Standard Time),,s4w46,focus,
Thu Aug 27 2015 13:33:03 GMT+0800 (China Standard Time),,s4w47,focus,
Thu Aug 27 2015 13:33:03 GMT+0800 (China Standard Time),,s4w48,focus,
Thu Aug 27 2015 13:33:03 GMT+0800 (China Standard Time),,s4w49,focus,
Thu Aug 27 2015 13:33:04 GMT+0800 (China Standard Time),,s4w50,focus,
Thu Aug 27 2015 13:33:04 GMT+0800 (China Standard Time),,s4w51,focus,
Thu Aug 27 2015 13:33:04 GMT+0800 (China Standard Time),,s4w52,focus,
Thu Aug 27 2015 13:33:04 GMT+0800 (China Standard Time),,s4w53,focus,
Thu Aug 27 2015 13:33:05 GMT+0800 (China Standard Time),,s4w54,focus,
Thu Aug 27 2015 13:33:05 GMT+0800 (China Standard Time),,s4w55,focus,
Thu Aug 27 2015 13:33:05 GMT+0800 (China Standard Time),,s4w56,focus,
Thu Aug 27 2015 13:33:07 GMT+0800 (China Standard Time),,s4w56,label,"^"
Thu Aug 27 2015 13:33:07 GMT+0800 (China Standard Time),,s4w57,focus,
Thu Aug 27 2015 13:33:07 GMT+0800 (China Standard Time),,s5w1,focus,
Thu Aug 27 2015 13:33:08 GMT+0800 (China Standard Time),,s5w2,focus,
Thu Aug 27 2015 13:33:09 GMT+0800 (China Standard Time),,s5w3,focus,
Thu Aug 27 2015 13:33:09 GMT+0800 (China Standard Time),,s5w4,focus,
Thu Aug 27 2015 13:33:09 GMT+0800 (China Standard Time),,s5w5,focus,
Thu Aug 27 2015 13:33:09 GMT+0800 (China Standard Time),,s5w6,focus,
Thu Aug 27 2015 13:33:10 GMT+0800 (China Standard Time),,s5w7,focus,
Thu Aug 27 2015 13:33:10 GMT+0800 (China Standard Time),,s5w8,focus,
Thu Aug 27 2015 13:33:10 GMT+0800 (China Standard Time),,s5w9,focus,
Thu Aug 27 2015 13:33:10 GMT+0800 (China Standard Time),,s5w10,focus,
Thu Aug 27 2015 13:33:11 GMT+0800 (China Standard Time),,s5w11,focus,
Thu Aug 27 2015 13:33:11 GMT+0800 (China Standard Time),,s5w12,focus,
Thu Aug 27 2015 13:33:11 GMT+0800 (China Standard Time),,s5w13,focus,
Thu Aug 27 2015 13:33:12 GMT+0800 (China Standard Time),,s5w14,focus,
Thu Aug 27 2015 13:33:12 GMT+0800 (China Standard Time),,s5w15,focus,
Thu Aug 27 2015 13:33:12 GMT+0800 (China Standard Time),,s5w16,focus,
Thu Aug 27 2015 13:33:12 GMT+0800 (China Standard Time),,s5w17,focus,
Thu Aug 27 2015 13:33:13 GMT+0800 (China Standard Time),,s5w18,focus,
Thu Aug 27 2015 13:33:13 GMT+0800 (China Standard Time),,s5w19,focus,
Thu Aug 27 2015 13:33:13 GMT+0800 (China Standard Time),,s5w20,focus,
Thu Aug 27 2015 13:33:13 GMT+0800 (China Standard Time),,s5w21,focus,
Thu Aug 27 2015 13:33:14 GMT+0800 (China Standard Time),,s5w22,focus,
Thu Aug 27 2015 13:33:14 GMT+0800 (China Standard Time),,s5w23,focus,
Thu Aug 27 2015 13:33:14 GMT+0800 (China Standard Time),,s5w24,focus,
Thu Aug 27 2015 13:33:15 GMT+0800 (China Standard Time),,s5w25,focus,
Thu Aug 27 2015 13:33:15 GMT+0800 (China Standard Time),,s5w26,focus,
Thu Aug 27 2015 13:33:15 GMT+0800 (China Standard Time),,s5w27,focus,
Thu Aug 27 2015 13:33:18 GMT+0800 (China Standard Time),,s5w25,focus,
Thu Aug 27 2015 13:33:18 GMT+0800 (China Standard Time),,s5w25,focus,
Thu Aug 27 2015 13:33:19 GMT+0800 (China Standard Time),,s5w25,label,","
Thu Aug 27 2015 13:33:19 GMT+0800 (China Standard Time),,s5w26,focus,
Thu Aug 27 2015 13:33:26 GMT+0800 (China Standard Time),,s5w26,label,"^"
Thu Aug 27 2015 13:33:26 GMT+0800 (China Standard Time),,s5w27,focus,
Thu Aug 27 2015 13:33:27 GMT+0800 (China Standard Time),,s5w27,label,","
Thu Aug 27 2015 13:33:28 GMT+0800 (China Standard Time),,s5w28,focus,
Thu Aug 27 2015 13:33:29 GMT+0800 (China Standard Time),,s5w28,label,"^"
Thu Aug 27 2015 13:33:30 GMT+0800 (China Standard Time),,s5w29,focus,
Thu Aug 27 2015 13:33:30 GMT+0800 (China Standard Time),,s5w29,label,","
Thu Aug 27 2015 13:33:31 GMT+0800 (China Standard Time),,s5w30,focus,
Thu Aug 27 2015 13:33:32 GMT+0800 (China Standard Time),,s5w31,focus,
Thu Aug 27 2015 13:33:34 GMT+0800 (China Standard Time),,s5w32,focus,
Thu Aug 27 2015 13:33:34 GMT+0800 (China Standard Time),,s5w33,focus,
Thu Aug 27 2015 13:33:35 GMT+0800 (China Standard Time),,s5w34,focus,
Thu Aug 27 2015 13:33:35 GMT+0800 (China Standard Time),,s5w35,focus,
Thu Aug 27 2015 13:33:35 GMT+0800 (China Standard Time),,s5w36,focus,
Thu Aug 27 2015 13:33:36 GMT+0800 (China Standard Time),,s5w37,focus,
Thu Aug 27 2015 13:33:40 GMT+0800 (China Standard Time),,s5w37,label,"G"
Thu Aug 27 2015 13:33:41 GMT+0800 (China Standard Time),,s5w38,focus,
Thu Aug 27 2015 13:33:41 GMT+0800 (China Standard Time),,s5w39,focus,
Thu Aug 27 2015 13:33:42 GMT+0800 (China Standard Time),,s5w40,focus,
Thu Aug 27 2015 13:33:43 GMT+0800 (China Standard Time),,s5w41,focus,
Thu Aug 27 2015 13:33:43 GMT+0800 (China Standard Time),,s5w42,focus,
Thu Aug 27 2015 13:33:45 GMT+0800 (China Standard Time),,s5w43,focus,
Thu Aug 27 2015 13:33:45 GMT+0800 (China Standard Time),,s5w44,focus,
Thu Aug 27 2015 13:33:45 GMT+0800 (China Standard Time),,s5w45,focus,
Thu Aug 27 2015 13:33:45 GMT+0800 (China Standard Time),,s5w46,focus,
Thu Aug 27 2015 13:33:46 GMT+0800 (China Standard Time),,s5w47,focus,
Thu Aug 27 2015 13:33:46 GMT+0800 (China Standard Time),,s5w48,focus,
Thu Aug 27 2015 13:33:46 GMT+0800 (China Standard Time),,s5w49,focus,
Thu Aug 27 2015 13:33:46 GMT+0800 (China Standard Time),,s5w50,focus,
Thu Aug 27 2015 13:33:47 GMT+0800 (China Standard Time),,s5w51,focus,
Thu Aug 27 2015 13:33:47 GMT+0800 (China Standard Time),,s5w52,focus,
Thu Aug 27 2015 13:33:47 GMT+0800 (China Standard Time),,s5w53,focus,
Thu Aug 27 2015 13:33:48 GMT+0800 (China Standard Time),,s5w54,focus,
Thu Aug 27 2015 13:33:48 GMT+0800 (China Standard Time),,s6w1,focus,
Thu Aug 27 2015 13:33:48 GMT+0800 (China Standard Time),,s6w2,focus,
Thu Aug 27 2015 13:33:49 GMT+0800 (China Standard Time),,s6w3,focus,
Thu Aug 27 2015 13:33:49 GMT+0800 (China Standard Time),,s6w4,focus,
Thu Aug 27 2015 13:33:50 GMT+0800 (China Standard Time),,s6w5,focus,
Thu Aug 27 2015 13:33:50 GMT+0800 (China Standard Time),,s6w6,focus,
Thu Aug 27 2015 13:33:50 GMT+0800 (China Standard Time),,s7w1,focus,
Thu Aug 27 2015 13:33:51 GMT+0800 (China Standard Time),,s7w2,focus,
Thu Aug 27 2015 13:33:52 GMT+0800 (China Standard Time),,s7w3,focus,
Thu Aug 27 2015 13:33:53 GMT+0800 (China Standard Time),,s7w4,focus,
Thu Aug 27 2015 13:33:55 GMT+0800 (China Standard Time),,s7w5,focus,
Thu Aug 27 2015 13:33:55 GMT+0800 (China Standard Time),,s7w6,focus,
Thu Aug 27 2015 13:33:55 GMT+0800 (China Standard Time),,s7w7,focus,
Thu Aug 27 2015 13:33:56 GMT+0800 (China Standard Time),,s7w8,focus,
Thu Aug 27 2015 13:33:56 GMT+0800 (China Standard Time),,s7w9,focus,
Thu Aug 27 2015 13:33:56 GMT+0800 (China Standard Time),,s7w10,focus,
Thu Aug 27 2015 13:33:57 GMT+0800 (China Standard Time),,s7w11,focus,
Thu Aug 27 2015 13:33:57 GMT+0800 (China Standard Time),,s7w12,focus,
Thu Aug 27 2015 13:33:57 GMT+0800 (China Standard Time),,s7w13,focus,
Thu Aug 27 2015 13:33:57 GMT+0800 (China Standard Time),,s7w14,focus,
Thu Aug 27 2015 13:33:58 GMT+0800 (China Standard Time),,s7w15,focus,
Thu Aug 27 2015 13:33:58 GMT+0800 (China Standard Time),,s7w16,focus,
Thu Aug 27 2015 13:33:58 GMT+0800 (China Standard Time),,s7w17,focus,
Thu Aug 27 2015 13:33:59 GMT+0800 (China Standard Time),,s7w18,focus,
Thu Aug 27 2015 13:33:59 GMT+0800 (China Standard Time),,s7w19,focus,
Thu Aug 27 2015 13:33:59 GMT+0800 (China Standard Time),,s7w20,focus,
Thu Aug 27 2015 13:33:59 GMT+0800 (China Standard Time),,s7w21,focus,
Thu Aug 27 2015 13:34:00 GMT+0800 (China Standard Time),,s7w22,focus,
Thu Aug 27 2015 13:34:00 GMT+0800 (China Standard Time),,s7w23,focus,
Thu Aug 27 2015 13:34:14 GMT+0800 (China Standard Time),,s7w24,focus,
Thu Aug 27 2015 13:34:14 GMT+0800 (China Standard Time),,s7w25,focus,
Thu Aug 27 2015 13:34:15 GMT+0800 (China Standard Time),,s7w26,focus,
Thu Aug 27 2015 13:34:15 GMT+0800 (China Standard Time),,s7w27,focus,
Thu Aug 27 2015 13:34:15 GMT+0800 (China Standard Time),,s7w28,focus,
Thu Aug 27 2015 13:34:15 GMT+0800 (China Standard Time),,s7w29,focus,
Thu Aug 27 2015 13:34:16 GMT+0800 (China Standard Time),,s7w30,focus,
Thu Aug 27 2015 13:34:16 GMT+0800 (China Standard Time),,s7w31,focus,
Thu Aug 27 2015 13:34:16 GMT+0800 (China Standard Time),,s7w32,focus,
Thu Aug 27 2015 13:34:16 GMT+0800 (China Standard Time),,s7w33,focus,
Thu Aug 27 2015 13:34:17 GMT+0800 (China Standard Time),,s7w34,focus,
Thu Aug 27 2015 13:34:17 GMT+0800 (China Standard Time),,s7w35,focus,
Thu Aug 27 2015 13:34:17 GMT+0800 (China Standard Time),,s7w36,focus,
Thu Aug 27 2015 13:34:17 GMT+0800 (China Standard Time),,s7w37,focus,
Thu Aug 27 2015 13:34:18 GMT+0800 (China Standard Time),,s7w38,focus,
Thu Aug 27 2015 13:34:19 GMT+0800 (China Standard Time),,s8w1,focus,
Thu Aug 27 2015 13:34:19 GMT+0800 (China Standard Time),,s8w2,focus,
Thu Aug 27 2015 13:34:19 GMT+0800 (China Standard Time),,s8w3,focus,
Thu Aug 27 2015 13:34:19 GMT+0800 (China Standard Time),,s8w4,focus,
Thu Aug 27 2015 13:34:20 GMT+0800 (China Standard Time),,s8w5,focus,
Thu Aug 27 2015 13:34:20 GMT+0800 (China Standard Time),,s8w6,focus,
Thu Aug 27 2015 13:34:20 GMT+0800 (China Standard Time),,s8w7,focus,
Thu Aug 27 2015 13:34:20 GMT+0800 (China Standard Time),,s8w8,focus,
Thu Aug 27 2015 13:34:25 GMT+0800 (China Standard Time),,s8w6,focus,
Thu Aug 27 2015 13:34:25 GMT+0800 (China Standard Time),,s8w6,focus,
Thu Aug 27 2015 13:34:26 GMT+0800 (China Standard Time),,s8w6,label,"G"
Thu Aug 27 2015 13:34:26 GMT+0800 (China Standard Time),,s8w7,focus,
Thu Aug 27 2015 13:34:26 GMT+0800 (China Standard Time),,s8w8,focus,
Thu Aug 27 2015 13:34:27 GMT+0800 (China Standard Time),,s8w9,focus,
Thu Aug 27 2015 13:34:27 GMT+0800 (China Standard Time),,s8w10,focus,
Thu Aug 27 2015 13:34:28 GMT+0800 (China Standard Time),,s8w11,focus,
Thu Aug 27 2015 13:34:28 GMT+0800 (China Standard Time),,s8w12,focus,
Thu Aug 27 2015 13:34:29 GMT+0800 (China Standard Time),,s8w13,focus,
Thu Aug 27 2015 13:34:29 GMT+0800 (China Standard Time),,s8w14,focus,
Thu Aug 27 2015 13:34:29 GMT+0800 (China Standard Time),,s8w15,focus,
Thu Aug 27 2015 13:34:30 GMT+0800 (China Standard Time),,s8w16,focus,
Thu Aug 27 2015 13:34:30 GMT+0800 (China Standard Time),,s8w17,focus,
Thu Aug 27 2015 13:34:30 GMT+0800 (China Standard Time),,s8w18,focus,
Thu Aug 27 2015 13:34:31 GMT+0800 (China Standard Time),,s8w19,focus,
Thu Aug 27 2015 13:34:31 GMT+0800 (China Standard Time),,s8w20,focus,
Thu Aug 27 2015 13:34:31 GMT+0800 (China Standard Time),,s8w21,focus,
Thu Aug 27 2015 13:34:32 GMT+0800 (China Standard Time),,s8w22,focus,
Thu Aug 27 2015 13:34:32 GMT+0800 (China Standard Time),,s9w1,focus,
Thu Aug 27 2015 13:34:32 GMT+0800 (China Standard Time),,s9w2,focus,
Thu Aug 27 2015 13:34:35 GMT+0800 (China Standard Time),,s9w3,focus,
Thu Aug 27 2015 13:34:35 GMT+0800 (China Standard Time),,s9w4,focus,
Thu Aug 27 2015 13:34:36 GMT+0800 (China Standard Time),,s9w5,focus,
Thu Aug 27 2015 13:34:36 GMT+0800 (China Standard Time),,s9w6,focus,
Thu Aug 27 2015 13:34:36 GMT+0800 (China Standard Time),,s9w7,focus,
Thu Aug 27 2015 13:34:37 GMT+0800 (China Standard Time),,s9w8,focus,
Thu Aug 27 2015 13:34:37 GMT+0800 (China Standard Time),,s9w9,focus,
Thu Aug 27 2015 13:34:37 GMT+0800 (China Standard Time),,s9w10,focus,
Thu Aug 27 2015 13:34:37 GMT+0800 (China Standard Time),,s9w11,focus,
Thu Aug 27 2015 13:34:39 GMT+0800 (China Standard Time),,s9w12,focus,
Thu Aug 27 2015 13:34:40 GMT+0800 (China Standard Time),,s9w13,focus,
Thu Aug 27 2015 13:34:41 GMT+0800 (China Standard Time),,s9w13,label,"^"
Thu Aug 27 2015 13:34:42 GMT+0800 (China Standard Time),,s9w14,focus,
Thu Aug 27 2015 13:34:42 GMT+0800 (China Standard Time),,s9w15,focus,
Thu Aug 27 2015 13:34:43 GMT+0800 (China Standard Time),,s9w16,focus,
Thu Aug 27 2015 13:34:43 GMT+0800 (China Standard Time),,s9w17,focus,
Thu Aug 27 2015 13:34:43 GMT+0800 (China Standard Time),,s9w18,focus,
Thu Aug 27 2015 13:34:43 GMT+0800 (China Standard Time),,s9w19,focus,
Thu Aug 27 2015 13:34:44 GMT+0800 (China Standard Time),,s9w20,focus,
Thu Aug 27 2015 13:34:45 GMT+0800 (China Standard Time),,s9w21,focus,
Thu Aug 27 2015 13:34:45 GMT+0800 (China Standard Time),,s9w22,focus,
Thu Aug 27 2015 13:34:45 GMT+0800 (China Standard Time),,s9w23,focus,
Thu Aug 27 2015 13:34:46 GMT+0800 (China Standard Time),,s9w24,focus,
Thu Aug 27 2015 13:34:48 GMT+0800 (China Standard Time),,s9w25,focus,
Thu Aug 27 2015 13:34:48 GMT+0800 (China Standard Time),,s9w26,focus,
Thu Aug 27 2015 13:34:48 GMT+0800 (China Standard Time),,s9w27,focus,
Thu Aug 27 2015 13:34:49 GMT+0800 (China Standard Time),,s9w28,focus,
Thu Aug 27 2015 13:34:49 GMT+0800 (China Standard Time),,s9w29,focus,
Thu Aug 27 2015 13:34:51 GMT+0800 (China Standard Time),,s9w30,focus,
Thu Aug 27 2015 13:34:51 GMT+0800 (China Standard Time),,s9w31,focus,
Thu Aug 27 2015 13:34:52 GMT+0800 (China Standard Time),,s9w32,focus,
Thu Aug 27 2015 13:34:52 GMT+0800 (China Standard Time),,s9w33,focus,
Thu Aug 27 2015 13:34:52 GMT+0800 (China Standard Time),,s9w34,focus,
Thu Aug 27 2015 13:34:52 GMT+0800 (China Standard Time),,s9w35,focus,
Thu Aug 27 2015 13:34:53 GMT+0800 (China Standard Time),,s9w36,focus,
Thu Aug 27 2015 13:34:53 GMT+0800 (China Standard Time),,s9w37,focus,
Thu Aug 27 2015 13:34:53 GMT+0800 (China Standard Time),,s9w38,focus,
Thu Aug 27 2015 13:34:54 GMT+0800 (China Standard Time),,s9w39,focus,
Thu Aug 27 2015 13:34:54 GMT+0800 (China Standard Time),,s9w40,focus,
Thu Aug 27 2015 13:34:54 GMT+0800 (China Standard Time),,s9w41,focus,
Thu Aug 27 2015 13:34:55 GMT+0800 (China Standard Time),,s9w42,focus,
Thu Aug 27 2015 13:34:55 GMT+0800 (China Standard Time),,s9w43,focus,
Thu Aug 27 2015 13:34:55 GMT+0800 (China Standard Time),,s9w44,focus,
Thu Aug 27 2015 13:34:56 GMT+0800 (China Standard Time),,s9w45,focus,
Thu Aug 27 2015 13:34:56 GMT+0800 (China Standard Time),,s9w46,focus,
Thu Aug 27 2015 13:34:59 GMT+0800 (China Standard Time),,s9w47,focus,
Thu Aug 27 2015 13:34:59 GMT+0800 (China Standard Time),,s9w48,focus,
Thu Aug 27 2015 13:34:59 GMT+0800 (China Standard Time),,s9w49,focus,
Thu Aug 27 2015 13:35:00 GMT+0800 (China Standard Time),,s9w50,focus,
Thu Aug 27 2015 13:35:00 GMT+0800 (China Standard Time),,s9w51,focus,
Thu Aug 27 2015 13:35:00 GMT+0800 (China Standard Time),,s9w52,focus,
Thu Aug 27 2015 13:35:01 GMT+0800 (China Standard Time),,s9w53,focus,
Thu Aug 27 2015 13:35:01 GMT+0800 (China Standard Time),,s9w54,focus,
Thu Aug 27 2015 13:35:01 GMT+0800 (China Standard Time),,s9w55,focus,
Thu Aug 27 2015 13:35:02 GMT+0800 (China Standard Time),,s9w56,focus,
Thu Aug 27 2015 13:35:03 GMT+0800 (China Standard Time),,s9w57,focus,
Thu Aug 27 2015 13:35:03 GMT+0800 (China Standard Time),,s9w58,focus,
Thu Aug 27 2015 13:35:04 GMT+0800 (China Standard Time),,s9w59,focus,
Thu Aug 27 2015 13:35:04 GMT+0800 (China Standard Time),,s9w60,focus,
Thu Aug 27 2015 13:35:04 GMT+0800 (China Standard Time),,s9w61,focus,
Thu Aug 27 2015 13:35:04 GMT+0800 (China Standard Time),,s9w62,focus,
Thu Aug 27 2015 13:35:05 GMT+0800 (China Standard Time),,s9w63,focus,
Thu Aug 27 2015 13:35:05 GMT+0800 (China Standard Time),,s9w64,focus,
Thu Aug 27 2015 13:35:05 GMT+0800 (China Standard Time),,s9w65,focus,
Thu Aug 27 2015 13:35:06 GMT+0800 (China Standard Time),,s9w66,focus,
Thu Aug 27 2015 13:35:06 GMT+0800 (China Standard Time),,s9w67,focus,
Thu Aug 27 2015 13:35:06 GMT+0800 (China Standard Time),,s9w68,focus,
Thu Aug 27 2015 13:35:07 GMT+0800 (China Standard Time),,s9w69,focus,
Thu Aug 27 2015 13:35:07 GMT+0800 (China Standard Time),,s9w70,focus,
Thu Aug 27 2015 13:35:07 GMT+0800 (China Standard Time),,s9w71,focus,
Thu Aug 27 2015 13:35:07 GMT+0800 (China Standard Time),,s9w72,focus,
Thu Aug 27 2015 13:35:08 GMT+0800 (China Standard Time),,s9w73,focus,
Thu Aug 27 2015 13:35:08 GMT+0800 (China Standard Time),,s9w74,focus,
Thu Aug 27 2015 13:35:09 GMT+0800 (China Standard Time),,s9w75,focus,
Thu Aug 27 2015 13:35:09 GMT+0800 (China Standard Time),,s9w76,focus,
Thu Aug 27 2015 13:35:09 GMT+0800 (China Standard Time),,s9w77,focus,
Thu Aug 27 2015 13:35:10 GMT+0800 (China Standard Time),,s9w78,focus,
Thu Aug 27 2015 13:35:10 GMT+0800 (China Standard Time),,s9w79,focus,
Thu Aug 27 2015 13:35:10 GMT+0800 (China Standard Time),,s9w80,focus,
Thu Aug 27 2015 13:35:11 GMT+0800 (China Standard Time),,s9w81,focus,
Thu Aug 27 2015 13:35:11 GMT+0800 (China Standard Time),,s9w82,focus,
Thu Aug 27 2015 13:35:12 GMT+0800 (China Standard Time),,s9w83,focus,
Thu Aug 27 2015 13:35:12 GMT+0800 (China Standard Time),,s9w84,focus,
Thu Aug 27 2015 13:35:13 GMT+0800 (China Standard Time),,s9w85,focus,
Thu Aug 27 2015 13:35:13 GMT+0800 (China Standard Time),,s9w86,focus,
Thu Aug 27 2015 13:35:14 GMT+0800 (China Standard Time),,s9w87,focus,
Thu Aug 27 2015 13:35:15 GMT+0800 (China Standard Time),,s9w88,focus,
Thu Aug 27 2015 13:35:15 GMT+0800 (China Standard Time),,s9w89,focus,
Thu Aug 27 2015 13:35:16 GMT+0800 (China Standard Time),,s9w90,focus,
Thu Aug 27 2015 13:35:23 GMT+0800 (China Standard Time),,s9w87,focus,
Thu Aug 27 2015 13:35:24 GMT+0800 (China Standard Time),,s9w87,focus,
Thu Aug 27 2015 13:35:25 GMT+0800 (China Standard Time),,s9w87,label,"G"
Thu Aug 27 2015 13:35:26 GMT+0800 (China Standard Time),,s9w88,focus,
Thu Aug 27 2015 13:35:26 GMT+0800 (China Standard Time),,s9w89,focus,
Thu Aug 27 2015 13:35:26 GMT+0800 (China Standard Time),,s9w90,focus,
Thu Aug 27 2015 13:35:27 GMT+0800 (China Standard Time),,s10w1,focus,
Thu Aug 27 2015 13:35:27 GMT+0800 (China Standard Time),,s10w2,focus,
Thu Aug 27 2015 13:35:28 GMT+0800 (China Standard Time),,s10w3,focus,
Thu Aug 27 2015 13:35:28 GMT+0800 (China Standard Time),,s10w4,focus,
Thu Aug 27 2015 13:35:28 GMT+0800 (China Standard Time),,s10w5,focus,
Thu Aug 27 2015 13:35:30 GMT+0800 (China Standard Time),,s10w5,label,"^"
Thu Aug 27 2015 13:35:30 GMT+0800 (China Standard Time),,s10w6,focus,
Thu Aug 27 2015 13:35:30 GMT+0800 (China Standard Time),,s10w7,focus,
Thu Aug 27 2015 13:35:31 GMT+0800 (China Standard Time),,s10w8,focus,
Thu Aug 27 2015 13:35:31 GMT+0800 (China Standard Time),,s10w9,focus,
Thu Aug 27 2015 13:35:31 GMT+0800 (China Standard Time),,s10w10,focus,
Thu Aug 27 2015 13:35:32 GMT+0800 (China Standard Time),,s10w11,focus,
Thu Aug 27 2015 13:35:32 GMT+0800 (China Standard Time),,s10w12,focus,
Thu Aug 27 2015 13:35:32 GMT+0800 (China Standard Time),,s10w13,focus,
Thu Aug 27 2015 13:35:33 GMT+0800 (China Standard Time),,s10w14,focus,
Thu Aug 27 2015 13:35:33 GMT+0800 (China Standard Time),,s10w15,focus,
Thu Aug 27 2015 13:35:33 GMT+0800 (China Standard Time),,s10w16,focus,
Thu Aug 27 2015 13:35:33 GMT+0800 (China Standard Time),,s10w17,focus,
Thu Aug 27 2015 13:35:34 GMT+0800 (China Standard Time),,s10w18,focus,
Thu Aug 27 2015 13:35:34 GMT+0800 (China Standard Time),,s10w19,focus,
Thu Aug 27 2015 13:35:34 GMT+0800 (China Standard Time),,s10w20,focus,
Thu Aug 27 2015 13:35:35 GMT+0800 (China Standard Time),,s10w21,focus,
Thu Aug 27 2015 13:35:35 GMT+0800 (China Standard Time),,s10w22,focus,
Thu Aug 27 2015 13:35:35 GMT+0800 (China Standard Time),,s10w23,focus,
Thu Aug 27 2015 13:35:35 GMT+0800 (China Standard Time),,s10w24,focus,
Thu Aug 27 2015 13:35:36 GMT+0800 (China Standard Time),,s10w25,focus,
Thu Aug 27 2015 13:35:37 GMT+0800 (China Standard Time),,s10w26,focus,
Thu Aug 27 2015 13:35:37 GMT+0800 (China Standard Time),,s10w27,focus,
Thu Aug 27 2015 13:35:38 GMT+0800 (China Standard Time),,s10w28,focus,
Thu Aug 27 2015 13:35:38 GMT+0800 (China Standard Time),,s10w29,focus,
Thu Aug 27 2015 13:35:39 GMT+0800 (China Standard Time),,s10w30,focus,
Thu Aug 27 2015 13:35:39 GMT+0800 (China Standard Time),,s10w31,focus,
Thu Aug 27 2015 13:35:39 GMT+0800 (China Standard Time),,s10w32,focus,
Thu Aug 27 2015 13:35:39 GMT+0800 (China Standard Time),,s10w33,focus,
Thu Aug 27 2015 13:35:40 GMT+0800 (China Standard Time),,s10w34,focus,
Thu Aug 27 2015 13:35:40 GMT+0800 (China Standard Time),,s10w35,focus,
Thu Aug 27 2015 13:35:40 GMT+0800 (China Standard Time),,s10w36,focus,
Thu Aug 27 2015 13:35:40 GMT+0800 (China Standard Time),,s10w37,focus,
Thu Aug 27 2015 13:35:41 GMT+0800 (China Standard Time),,s10w38,focus,
Thu Aug 27 2015 13:35:41 GMT+0800 (China Standard Time),,s10w39,focus,
Thu Aug 27 2015 13:35:42 GMT+0800 (China Standard Time),,s10w39,label,"^"
Thu Aug 27 2015 13:35:42 GMT+0800 (China Standard Time),,s10w40,focus,
Thu Aug 27 2015 13:35:43 GMT+0800 (China Standard Time),,s10w41,focus,
Thu Aug 27 2015 13:35:43 GMT+0800 (China Standard Time),,s10w42,focus,
Thu Aug 27 2015 13:35:43 GMT+0800 (China Standard Time),,s10w43,focus,
Thu Aug 27 2015 13:35:44 GMT+0800 (China Standard Time),,s10w44,focus,
Thu Aug 27 2015 13:35:44 GMT+0800 (China Standard Time),,s10w45,focus,
Thu Aug 27 2015 13:35:44 GMT+0800 (China Standard Time),,s10w46,focus,
Thu Aug 27 2015 13:35:44 GMT+0800 (China Standard Time),,s10w47,focus,
Thu Aug 27 2015 13:35:45 GMT+0800 (China Standard Time),,s10w48,focus,
Thu Aug 27 2015 13:35:45 GMT+0800 (China Standard Time),,s10w49,focus,
Thu Aug 27 2015 13:35:45 GMT+0800 (China Standard Time),,s10w50,focus,
Thu Aug 27 2015 13:35:46 GMT+0800 (China Standard Time),,s10w51,focus,
Thu Aug 27 2015 13:35:46 GMT+0800 (China Standard Time),,s10w52,focus,
Thu Aug 27 2015 13:35:46 GMT+0800 (China Standard Time),,s10w53,focus,
Thu Aug 27 2015 13:35:46 GMT+0800 (China Standard Time),,s10w54,focus,
Thu Aug 27 2015 13:35:47 GMT+0800 (China Standard Time),,s10w55,focus,
Thu Aug 27 2015 13:35:47 GMT+0800 (China Standard Time),,s10w56,focus,
Thu Aug 27 2015 13:35:47 GMT+0800 (China Standard Time),,s10w57,focus,
Thu Aug 27 2015 13:35:48 GMT+0800 (China Standard Time),,s10w58,focus,
Thu Aug 27 2015 13:35:48 GMT+0800 (China Standard Time),,s10w59,focus,
Thu Aug 27 2015 13:35:49 GMT+0800 (China Standard Time),,s10w60,focus,
Thu Aug 27 2015 13:35:49 GMT+0800 (China Standard Time),,s10w61,focus,
Thu Aug 27 2015 13:35:49 GMT+0800 (China Standard Time),,s10w62,focus,
Thu Aug 27 2015 13:35:49 GMT+0800 (China Standard Time),,s10w63,focus,
Thu Aug 27 2015 13:35:50 GMT+0800 (China Standard Time),,s10w64,focus,
Thu Aug 27 2015 13:35:50 GMT+0800 (China Standard Time),,s10w65,focus,
Thu Aug 27 2015 13:35:50 GMT+0800 (China Standard Time),,s10w66,focus,
Thu Aug 27 2015 13:35:51 GMT+0800 (China Standard Time),,s10w67,focus,
Thu Aug 27 2015 13:35:51 GMT+0800 (China Standard Time),,s10w68,focus,
Thu Aug 27 2015 13:35:51 GMT+0800 (China Standard Time),,s10w69,focus,
Thu Aug 27 2015 13:35:52 GMT+0800 (China Standard Time),,s10w70,focus,
Thu Aug 27 2015 13:35:55 GMT+0800 (China Standard Time),,s10w70,label,","
Thu Aug 27 2015 13:35:57 GMT+0800 (China Standard Time),,s10w71,focus,
Thu Aug 27 2015 13:35:57 GMT+0800 (China Standard Time),,s10w72,focus,
Thu Aug 27 2015 13:35:57 GMT+0800 (China Standard Time),,s10w73,focus,
Thu Aug 27 2015 13:35:58 GMT+0800 (China Standard Time),,s10w74,focus,
Thu Aug 27 2015 13:35:59 GMT+0800 (China Standard Time),,s10w74,label,","
Thu Aug 27 2015 13:36:02 GMT+0800 (China Standard Time),,s10w74,label,"G"
Thu Aug 27 2015 13:36:04 GMT+0800 (China Standard Time),,s10w70,focus,
Thu Aug 27 2015 13:36:04 GMT+0800 (China Standard Time),,s10w70,focus,
Thu Aug 27 2015 13:36:05 GMT+0800 (China Standard Time),,s10w70,label,"G"
Thu Aug 27 2015 13:36:05 GMT+0800 (China Standard Time),,s10w71,focus,
Thu Aug 27 2015 13:36:06 GMT+0800 (China Standard Time),,s10w72,focus,
Thu Aug 27 2015 13:36:06 GMT+0800 (China Standard Time),,s10w73,focus,
Thu Aug 27 2015 13:36:06 GMT+0800 (China Standard Time),,s10w74,focus,
Thu Aug 27 2015 13:36:06 GMT+0800 (China Standard Time),,s10w75,focus,
Thu Aug 27 2015 13:36:07 GMT+0800 (China Standard Time),,s10w76,focus,
Thu Aug 27 2015 13:36:07 GMT+0800 (China Standard Time),,s10w77,focus,
Thu Aug 27 2015 13:36:07 GMT+0800 (China Standard Time),,s10w78,focus,
Thu Aug 27 2015 13:36:08 GMT+0800 (China Standard Time),,s10w79,focus,
Thu Aug 27 2015 13:36:09 GMT+0800 (China Standard Time),,s10w80,focus,
Thu Aug 27 2015 13:36:09 GMT+0800 (China Standard Time),,s10w81,focus,
Thu Aug 27 2015 13:36:10 GMT+0800 (China Standard Time),,s10w82,focus,
Thu Aug 27 2015 13:36:10 GMT+0800 (China Standard Time),,s10w83,focus,
Thu Aug 27 2015 13:36:10 GMT+0800 (China Standard Time),,s11w1,focus,
Thu Aug 27 2015 13:36:11 GMT+0800 (China Standard Time),,s11w2,focus,
Thu Aug 27 2015 13:36:11 GMT+0800 (China Standard Time),,s11w3,focus,
Thu Aug 27 2015 13:36:11 GMT+0800 (China Standard Time),,s11w4,focus,
Thu Aug 27 2015 13:36:12 GMT+0800 (China Standard Time),,s11w5,focus,
Thu Aug 27 2015 13:36:12 GMT+0800 (China Standard Time),,s11w6,focus,
Thu Aug 27 2015 13:36:12 GMT+0800 (China Standard Time),,s11w7,focus,
Thu Aug 27 2015 13:36:13 GMT+0800 (China Standard Time),,s11w8,focus,
Thu Aug 27 2015 13:36:15 GMT+0800 (China Standard Time),,s11w9,focus,
Thu Aug 27 2015 13:36:16 GMT+0800 (China Standard Time),,s11w9,label,","
Thu Aug 27 2015 13:36:17 GMT+0800 (China Standard Time),,s11w10,focus,
Thu Aug 27 2015 13:36:21 GMT+0800 (China Standard Time),,s11w10,label,"G"
Thu Aug 27 2015 13:36:21 GMT+0800 (China Standard Time),,s11w11,focus,
Thu Aug 27 2015 13:36:22 GMT+0800 (China Standard Time),,s11w12,focus,
Thu Aug 27 2015 13:36:23 GMT+0800 (China Standard Time),,s11w13,focus,
Thu Aug 27 2015 13:36:23 GMT+0800 (China Standard Time),,s11w14,focus,
Thu Aug 27 2015 13:36:23 GMT+0800 (China Standard Time),,s11w15,focus,
Thu Aug 27 2015 13:36:25 GMT+0800 (China Standard Time),,s11w15,label,"G"
Thu Aug 27 2015 13:36:25 GMT+0800 (China Standard Time),,s11w16,focus,
Thu Aug 27 2015 13:36:26 GMT+0800 (China Standard Time),,s11w16,label,","
Thu Aug 27 2015 13:36:27 GMT+0800 (China Standard Time),,s11w17,focus,
Thu Aug 27 2015 13:36:28 GMT+0800 (China Standard Time),,s11w18,focus,
Thu Aug 27 2015 13:36:30 GMT+0800 (China Standard Time),,s11w19,focus,
Thu Aug 27 2015 13:36:30 GMT+0800 (China Standard Time),,s11w20,focus,
Thu Aug 27 2015 13:36:30 GMT+0800 (China Standard Time),,s11w21,focus,
Thu Aug 27 2015 13:36:30 GMT+0800 (China Standard Time),,s11w22,focus,
Thu Aug 27 2015 13:36:31 GMT+0800 (China Standard Time),,s11w23,focus,
Thu Aug 27 2015 13:36:31 GMT+0800 (China Standard Time),,s11w24,focus,
Thu Aug 27 2015 13:36:32 GMT+0800 (China Standard Time),,s11w25,focus,
Thu Aug 27 2015 13:36:32 GMT+0800 (China Standard Time),,s11w26,focus,
Thu Aug 27 2015 13:36:32 GMT+0800 (China Standard Time),,s11w27,focus,
Thu Aug 27 2015 13:36:32 GMT+0800 (China Standard Time),,s11w28,focus,
Thu Aug 27 2015 13:36:33 GMT+0800 (China Standard Time),,s11w29,focus,
Thu Aug 27 2015 13:36:33 GMT+0800 (China Standard Time),,s11w30,focus,
Thu Aug 27 2015 13:36:33 GMT+0800 (China Standard Time),,s11w31,focus,
Thu Aug 27 2015 13:36:33 GMT+0800 (China Standard Time),,s11w32,focus,
Thu Aug 27 2015 13:36:34 GMT+0800 (China Standard Time),,s11w33,focus,
Thu Aug 27 2015 13:36:34 GMT+0800 (China Standard Time),,s11w34,focus,
Thu Aug 27 2015 13:36:34 GMT+0800 (China Standard Time),,s12w1,focus,
Thu Aug 27 2015 13:36:35 GMT+0800 (China Standard Time),,s12w2,focus,
Thu Aug 27 2015 13:36:35 GMT+0800 (China Standard Time),,s12w3,focus,
Thu Aug 27 2015 13:36:35 GMT+0800 (China Standard Time),,s12w4,focus,
Thu Aug 27 2015 13:36:36 GMT+0800 (China Standard Time),,s12w5,focus,
Thu Aug 27 2015 13:36:36 GMT+0800 (China Standard Time),,s13w1,focus,
Thu Aug 27 2015 13:36:36 GMT+0800 (China Standard Time),,s13w2,focus,
Thu Aug 27 2015 13:36:36 GMT+0800 (China Standard Time),,s13w3,focus,
Thu Aug 27 2015 13:36:37 GMT+0800 (China Standard Time),,s13w4,focus,
Thu Aug 27 2015 13:36:37 GMT+0800 (China Standard Time),,s13w5,focus,
Thu Aug 27 2015 13:36:37 GMT+0800 (China Standard Time),,s13w6,focus,
Thu Aug 27 2015 13:36:38 GMT+0800 (China Standard Time),,s13w7,focus,
Thu Aug 27 2015 13:36:41 GMT+0800 (China Standard Time),,s13w5,focus,
Thu Aug 27 2015 13:36:41 GMT+0800 (China Standard Time),,s13w5,focus,
Thu Aug 27 2015 13:36:42 GMT+0800 (China Standard Time),,s13w5,label,"G"
Thu Aug 27 2015 13:36:43 GMT+0800 (China Standard Time),,s13w6,focus,
Thu Aug 27 2015 13:36:43 GMT+0800 (China Standard Time),,s13w6,label,","
Thu Aug 27 2015 13:36:44 GMT+0800 (China Standard Time),,s13w7,focus,
Thu Aug 27 2015 13:36:44 GMT+0800 (China Standard Time),,s13w8,focus,
Thu Aug 27 2015 13:36:45 GMT+0800 (China Standard Time),,s13w9,focus,
Thu Aug 27 2015 13:36:46 GMT+0800 (China Standard Time),,s13w10,focus,
Thu Aug 27 2015 13:36:47 GMT+0800 (China Standard Time),,s13w10,label,"G"
Thu Aug 27 2015 13:36:48 GMT+0800 (China Standard Time),,s13w11,focus,
Thu Aug 27 2015 13:36:50 GMT+0800 (China Standard Time),,s13w11,label,","
Thu Aug 27 2015 13:36:51 GMT+0800 (China Standard Time),,s13w12,focus,
Thu Aug 27 2015 13:36:51 GMT+0800 (China Standard Time),,s14w1,focus,
Thu Aug 27 2015 13:36:52 GMT+0800 (China Standard Time),,s14w2,focus,
Thu Aug 27 2015 13:36:53 GMT+0800 (China Standard Time),,s14w3,focus,
Thu Aug 27 2015 13:36:53 GMT+0800 (China Standard Time),,s14w4,focus,
Thu Aug 27 2015 13:36:54 GMT+0800 (China Standard Time),,s14w5,focus,
Thu Aug 27 2015 13:36:54 GMT+0800 (China Standard Time),,s14w6,focus,
Thu Aug 27 2015 13:36:54 GMT+0800 (China Standard Time),,s14w7,focus,
Thu Aug 27 2015 13:36:54 GMT+0800 (China Standard Time),,s14w8,focus,
Thu Aug 27 2015 13:36:55 GMT+0800 (China Standard Time),,s14w9,focus,
Thu Aug 27 2015 13:36:56 GMT+0800 (China Standard Time),,s14w9,label,"G"
Thu Aug 27 2015 13:37:11 GMT+0800 (China Standard Time),,s14w10,focus,
Thu Aug 27 2015 13:37:12 GMT+0800 (China Standard Time),,s14w11,focus,
Thu Aug 27 2015 13:37:12 GMT+0800 (China Standard Time),,s14w12,focus,
Thu Aug 27 2015 13:37:12 GMT+0800 (China Standard Time),,s14w13,focus,
Thu Aug 27 2015 13:37:13 GMT+0800 (China Standard Time),,s14w14,focus,
Thu Aug 27 2015 13:37:15 GMT+0800 (China Standard Time),,s14w14,label,"G"
Thu Aug 27 2015 13:37:15 GMT+0800 (China Standard Time),,s14w15,focus,
Thu Aug 27 2015 13:37:15 GMT+0800 (China Standard Time),,s14w16,focus,
Thu Aug 27 2015 13:37:16 GMT+0800 (China Standard Time),,s14w17,focus,
Thu Aug 27 2015 13:37:16 GMT+0800 (China Standard Time),,s14w18,focus,
Thu Aug 27 2015 13:37:23 GMT+0800 (China Standard Time),,s14w18,label,"N"
Thu Aug 27 2015 13:37:23 GMT+0800 (China Standard Time),,s14w19,focus,
Thu Aug 27 2015 13:37:25 GMT+0800 (China Standard Time),,s14w20,focus,
Thu Aug 27 2015 13:37:28 GMT+0800 (China Standard Time),,s14w20,label,"G"
Thu Aug 27 2015 13:37:28 GMT+0800 (China Standard Time),,s14w21,focus,
Thu Aug 27 2015 13:37:30 GMT+0800 (China Standard Time),,s14w21,label,","
Thu Aug 27 2015 13:37:30 GMT+0800 (China Standard Time),,s14w22,focus,
Thu Aug 27 2015 13:37:31 GMT+0800 (China Standard Time),,s14w22,label,","
Thu Aug 27 2015 13:37:31 GMT+0800 (China Standard Time),,s14w23,focus,
Thu Aug 27 2015 13:37:33 GMT+0800 (China Standard Time),,s14w23,label,"G"
Thu Aug 27 2015 13:37:33 GMT+0800 (China Standard Time),,s14w24,focus,
Thu Aug 27 2015 13:37:34 GMT+0800 (China Standard Time),,s14w24,label,","
Thu Aug 27 2015 13:37:35 GMT+0800 (China Standard Time),,s14w25,focus,
Thu Aug 27 2015 13:37:35 GMT+0800 (China Standard Time),,s14w26,focus,
Thu Aug 27 2015 13:37:36 GMT+0800 (China Standard Time),,s14w27,focus,
Thu Aug 27 2015 13:37:37 GMT+0800 (China Standard Time),,s14w27,label,"G"
Thu Aug 27 2015 13:37:37 GMT+0800 (China Standard Time),,s14w28,focus,
Thu Aug 27 2015 13:37:39 GMT+0800 (China Standard Time),,s14w29,focus,
Thu Aug 27 2015 13:37:40 GMT+0800 (China Standard Time),,s14w30,focus,
Thu Aug 27 2015 13:37:40 GMT+0800 (China Standard Time),,s14w31,focus,
Thu Aug 27 2015 13:37:41 GMT+0800 (China Standard Time),,s14w32,focus,
Thu Aug 27 2015 13:37:41 GMT+0800 (China Standard Time),,s14w33,focus,
Thu Aug 27 2015 13:37:43 GMT+0800 (China Standard Time),,s14w34,focus,
Thu Aug 27 2015 13:37:43 GMT+0800 (China Standard Time),,s14w35,focus,
Thu Aug 27 2015 13:37:44 GMT+0800 (China Standard Time),,s14w36,focus,
Thu Aug 27 2015 13:37:44 GMT+0800 (China Standard Time),,s14w37,focus,
Thu Aug 27 2015 13:37:44 GMT+0800 (China Standard Time),,s14w37,label,","
Thu Aug 27 2015 13:37:45 GMT+0800 (China Standard Time),,s14w38,focus,
Thu Aug 27 2015 13:37:45 GMT+0800 (China Standard Time),,s14w38,label,","
Thu Aug 27 2015 13:37:46 GMT+0800 (China Standard Time),,s14w39,focus,
Thu Aug 27 2015 13:37:47 GMT+0800 (China Standard Time),,s14w39,label,"G"
Thu Aug 27 2015 13:37:47 GMT+0800 (China Standard Time),,s14w40,focus,
Thu Aug 27 2015 13:37:49 GMT+0800 (China Standard Time),,s14w40,label,","
Thu Aug 27 2015 13:37:50 GMT+0800 (China Standard Time),,s14w41,focus,
Thu Aug 27 2015 13:37:51 GMT+0800 (China Standard Time),,s14w42,focus,
Thu Aug 27 2015 13:37:51 GMT+0800 (China Standard Time),,s14w43,focus,
Thu Aug 27 2015 13:37:53 GMT+0800 (China Standard Time),,s14w43,label,"G"
Thu Aug 27 2015 13:37:53 GMT+0800 (China Standard Time),,s14w44,focus,
Thu Aug 27 2015 13:37:54 GMT+0800 (China Standard Time),,s14w45,focus,
Thu Aug 27 2015 13:37:55 GMT+0800 (China Standard Time),,s15w1,focus,
Thu Aug 27 2015 13:37:56 GMT+0800 (China Standard Time),,s15w2,focus,
Thu Aug 27 2015 13:37:57 GMT+0800 (China Standard Time),,s15w3,focus,
Thu Aug 27 2015 13:37:57 GMT+0800 (China Standard Time),,s15w4,focus,
Thu Aug 27 2015 13:37:58 GMT+0800 (China Standard Time),,s15w5,focus,
Thu Aug 27 2015 13:37:58 GMT+0800 (China Standard Time),,s15w6,focus,
Thu Aug 27 2015 13:37:58 GMT+0800 (China Standard Time),,s15w7,focus,
Thu Aug 27 2015 13:37:58 GMT+0800 (China Standard Time),,s15w8,focus,
Thu Aug 27 2015 13:37:59 GMT+0800 (China Standard Time),,s15w9,focus,
Thu Aug 27 2015 13:37:59 GMT+0800 (China Standard Time),,s15w10,focus,
Thu Aug 27 2015 13:37:59 GMT+0800 (China Standard Time),,s15w11,focus,
Thu Aug 27 2015 13:37:59 GMT+0800 (China Standard Time),,s15w12,focus,
Thu Aug 27 2015 13:38:00 GMT+0800 (China Standard Time),,s15w13,focus,
Thu Aug 27 2015 13:38:00 GMT+0800 (China Standard Time),,s15w14,focus,
Thu Aug 27 2015 13:38:00 GMT+0800 (China Standard Time),,s15w15,focus,
Thu Aug 27 2015 13:38:00 GMT+0800 (China Standard Time),,s15w16,focus,
Thu Aug 27 2015 13:38:01 GMT+0800 (China Standard Time),,s15w17,focus,
Thu Aug 27 2015 13:38:01 GMT+0800 (China Standard Time),,s15w18,focus,
Thu Aug 27 2015 13:38:01 GMT+0800 (China Standard Time),,s15w19,focus,
Thu Aug 27 2015 13:38:01 GMT+0800 (China Standard Time),,s15w20,focus,
Thu Aug 27 2015 13:38:02 GMT+0800 (China Standard Time),,s15w21,focus,
Thu Aug 27 2015 13:38:02 GMT+0800 (China Standard Time),,s15w22,focus,
Thu Aug 27 2015 13:38:02 GMT+0800 (China Standard Time),,s15w23,focus,
Thu Aug 27 2015 13:38:02 GMT+0800 (China Standard Time),,s15w24,focus,
Thu Aug 27 2015 13:38:03 GMT+0800 (China Standard Time),,s15w25,focus,
Thu Aug 27 2015 13:38:03 GMT+0800 (China Standard Time),,s15w26,focus,
Thu Aug 27 2015 13:38:03 GMT+0800 (China Standard Time),,s15w27,focus,
Thu Aug 27 2015 13:38:03 GMT+0800 (China Standard Time),,s15w28,focus,
Thu Aug 27 2015 13:38:04 GMT+0800 (China Standard Time),,s15w29,focus,
Thu Aug 27 2015 13:38:04 GMT+0800 (China Standard Time),,s15w30,focus,
Thu Aug 27 2015 13:38:04 GMT+0800 (China Standard Time),,s15w31,focus,
Thu Aug 27 2015 13:38:04 GMT+0800 (China Standard Time),,s15w32,focus,
Thu Aug 27 2015 13:38:05 GMT+0800 (China Standard Time),,s15w33,focus,
Thu Aug 27 2015 13:38:05 GMT+0800 (China Standard Time),,s15w34,focus,
Thu Aug 27 2015 13:38:07 GMT+0800 (China Standard Time),,s15w35,focus,
Thu Aug 27 2015 13:38:12 GMT+0800 (China Standard Time),,s15w35,label,","
Thu Aug 27 2015 13:38:12 GMT+0800 (China Standard Time),,s15w36,focus,
Thu Aug 27 2015 13:38:13 GMT+0800 (China Standard Time),,s15w37,focus,
Thu Aug 27 2015 13:38:13 GMT+0800 (China Standard Time),,s15w38,focus,
Thu Aug 27 2015 13:38:14 GMT+0800 (China Standard Time),,s15w39,focus,
Thu Aug 27 2015 13:38:14 GMT+0800 (China Standard Time),,s15w40,focus,
Thu Aug 27 2015 13:38:15 GMT+0800 (China Standard Time),,s15w41,focus,
Thu Aug 27 2015 13:38:15 GMT+0800 (China Standard Time),,s15w42,focus,
Thu Aug 27 2015 13:38:16 GMT+0800 (China Standard Time),,s15w43,focus,
Thu Aug 27 2015 13:38:16 GMT+0800 (China Standard Time),,s15w44,focus,
Thu Aug 27 2015 13:38:16 GMT+0800 (China Standard Time),,s15w45,focus,
Thu Aug 27 2015 13:38:17 GMT+0800 (China Standard Time),,s15w46,focus,
Thu Aug 27 2015 13:38:17 GMT+0800 (China Standard Time),,s15w47,focus,
Thu Aug 27 2015 13:38:19 GMT+0800 (China Standard Time),,s15w48,focus,
Thu Aug 27 2015 13:38:20 GMT+0800 (China Standard Time),,s15w49,focus,
Thu Aug 27 2015 13:38:20 GMT+0800 (China Standard Time),,s15w50,focus,
Thu Aug 27 2015 13:38:20 GMT+0800 (China Standard Time),,s15w51,focus,
Thu Aug 27 2015 13:38:21 GMT+0800 (China Standard Time),,s15w52,focus,
Thu Aug 27 2015 13:38:21 GMT+0800 (China Standard Time),,s15w53,focus,
Thu Aug 27 2015 13:38:21 GMT+0800 (China Standard Time),,s15w54,focus,
Thu Aug 27 2015 13:38:22 GMT+0800 (China Standard Time),,s15w55,focus,
Thu Aug 27 2015 13:38:22 GMT+0800 (China Standard Time),,s15w56,focus,
Thu Aug 27 2015 13:38:22 GMT+0800 (China Standard Time),,s15w57,focus,
Thu Aug 27 2015 13:38:23 GMT+0800 (China Standard Time),,s15w58,focus,
Thu Aug 27 2015 13:38:23 GMT+0800 (China Standard Time),,s15w59,focus,
Thu Aug 27 2015 13:38:23 GMT+0800 (China Standard Time),,s15w60,focus,
Thu Aug 27 2015 13:38:26 GMT+0800 (China Standard Time),,,submitPage,
