Fri Aug 21 2015 17:03:23 GMT+0800 (Malay Peninsula Standard Time),,,pageReady,0:100:100
Fri Aug 21 2015 17:03:23 GMT+0800 (Malay Peninsula Standard Time),,s0,twitterId,416998
Fri Aug 21 2015 17:03:23 GMT+0800 (Malay Peninsula Standard Time),,s1,twitterId,416998
Fri Aug 21 2015 17:03:23 GMT+0800 (Malay Peninsula Standard Time),,s2,twitterId,416998
Fri Aug 21 2015 17:03:23 GMT+0800 (Malay Peninsula Standard Time),,s3,twitterId,416998
Fri Aug 21 2015 17:03:23 GMT+0800 (Malay Peninsula Standard Time),,s4,twitterId,416998
Fri Aug 21 2015 17:03:23 GMT+0800 (Malay Peninsula Standard Time),,s5,twitterId,416998
Fri Aug 21 2015 17:03:23 GMT+0800 (Malay Peninsula Standard Time),,s6,twitterId,416998
Fri Aug 21 2015 17:03:23 GMT+0800 (Malay Peninsula Standard Time),,s7,twitterId,416998
Fri Aug 21 2015 17:03:23 GMT+0800 (Malay Peninsula Standard Time),,s8,twitterId,416998
Fri Aug 21 2015 17:03:23 GMT+0800 (Malay Peninsula Standard Time),,s9,twitterId,416998
Fri Aug 21 2015 17:03:23 GMT+0800 (Malay Peninsula Standard Time),,s10,twitterId,416998
Fri Aug 21 2015 17:03:23 GMT+0800 (Malay Peninsula Standard Time),,s11,twitterId,416998
Fri Aug 21 2015 17:03:23 GMT+0800 (Malay Peninsula Standard Time),,s12,twitterId,416998
Fri Aug 21 2015 17:03:23 GMT+0800 (Malay Peninsula Standard Time),,s13,twitterId,416998
Fri Aug 21 2015 17:03:23 GMT+0800 (Malay Peninsula Standard Time),,s14,twitterId,416998
Fri Aug 21 2015 17:03:23 GMT+0800 (Malay Peninsula Standard Time),,s15,twitterId,416998
Fri Aug 21 2015 17:03:23 GMT+0800 (Malay Peninsula Standard Time),,s16,twitterId,416998
Fri Aug 21 2015 17:03:23 GMT+0800 (Malay Peninsula Standard Time),,s17,twitterId,416998
Fri Aug 21 2015 17:03:53 GMT+0800 (Malay Peninsula Standard Time),,s8w1,focus,
Fri Aug 21 2015 17:03:53 GMT+0800 (Malay Peninsula Standard Time),,s8w1,focus,
Fri Aug 21 2015 17:03:56 GMT+0800 (Malay Peninsula Standard Time),,s8w2,focus,
Fri Aug 21 2015 17:03:56 GMT+0800 (Malay Peninsula Standard Time),,s8w3,focus,
Fri Aug 21 2015 17:03:57 GMT+0800 (Malay Peninsula Standard Time),,s8w4,focus,
Fri Aug 21 2015 17:03:57 GMT+0800 (Malay Peninsula Standard Time),,s8w5,focus,
Fri Aug 21 2015 17:03:57 GMT+0800 (Malay Peninsula Standard Time),,s8w6,focus,
Fri Aug 21 2015 17:03:58 GMT+0800 (Malay Peninsula Standard Time),,s8w7,focus,
Fri Aug 21 2015 17:03:58 GMT+0800 (Malay Peninsula Standard Time),,s8w8,focus,
Fri Aug 21 2015 17:03:58 GMT+0800 (Malay Peninsula Standard Time),,s8w9,focus,
Fri Aug 21 2015 17:03:58 GMT+0800 (Malay Peninsula Standard Time),,s8w10,focus,
Fri Aug 21 2015 17:03:59 GMT+0800 (Malay Peninsula Standard Time),,s8w11,focus,
Fri Aug 21 2015 17:03:59 GMT+0800 (Malay Peninsula Standard Time),,s8w12,focus,
Fri Aug 21 2015 17:03:59 GMT+0800 (Malay Peninsula Standard Time),,s8w13,focus,
Fri Aug 21 2015 17:04:00 GMT+0800 (Malay Peninsula Standard Time),,s8w14,focus,
Fri Aug 21 2015 17:04:00 GMT+0800 (Malay Peninsula Standard Time),,s8w15,focus,
Fri Aug 21 2015 17:04:00 GMT+0800 (Malay Peninsula Standard Time),,s8w16,focus,
Fri Aug 21 2015 17:04:01 GMT+0800 (Malay Peninsula Standard Time),,s8w17,focus,
Fri Aug 21 2015 17:04:08 GMT+0800 (Malay Peninsula Standard Time),,s8w18,focus,
Fri Aug 21 2015 17:04:08 GMT+0800 (Malay Peninsula Standard Time),,s8w19,focus,
Fri Aug 21 2015 17:04:09 GMT+0800 (Malay Peninsula Standard Time),,s8w20,focus,
Fri Aug 21 2015 17:04:09 GMT+0800 (Malay Peninsula Standard Time),,s8w21,focus,
Fri Aug 21 2015 17:04:09 GMT+0800 (Malay Peninsula Standard Time),,s8w22,focus,
Fri Aug 21 2015 17:04:10 GMT+0800 (Malay Peninsula Standard Time),,s8w23,focus,
Fri Aug 21 2015 17:04:10 GMT+0800 (Malay Peninsula Standard Time),,s8w24,focus,
Fri Aug 21 2015 17:04:10 GMT+0800 (Malay Peninsula Standard Time),,s8w25,focus,
Fri Aug 21 2015 17:04:11 GMT+0800 (Malay Peninsula Standard Time),,s8w26,focus,
Fri Aug 21 2015 17:04:12 GMT+0800 (Malay Peninsula Standard Time),,s8w26,label,"^"
Fri Aug 21 2015 17:04:12 GMT+0800 (Malay Peninsula Standard Time),,s8w27,focus,
Fri Aug 21 2015 17:04:12 GMT+0800 (Malay Peninsula Standard Time),,s8w28,focus,
Fri Aug 21 2015 17:04:13 GMT+0800 (Malay Peninsula Standard Time),,s8w29,focus,
Fri Aug 21 2015 17:04:13 GMT+0800 (Malay Peninsula Standard Time),,s8w30,focus,
Fri Aug 21 2015 17:04:14 GMT+0800 (Malay Peninsula Standard Time),,s8w31,focus,
Fri Aug 21 2015 17:04:17 GMT+0800 (Malay Peninsula Standard Time),,s8w32,focus,
Fri Aug 21 2015 17:04:17 GMT+0800 (Malay Peninsula Standard Time),,s8w33,focus,
Fri Aug 21 2015 17:04:19 GMT+0800 (Malay Peninsula Standard Time),,s8w34,focus,
Fri Aug 21 2015 17:04:20 GMT+0800 (Malay Peninsula Standard Time),,s8w35,focus,
Fri Aug 21 2015 17:04:20 GMT+0800 (Malay Peninsula Standard Time),,s8w36,focus,
Fri Aug 21 2015 17:04:21 GMT+0800 (Malay Peninsula Standard Time),,s8w37,focus,
Fri Aug 21 2015 17:04:21 GMT+0800 (Malay Peninsula Standard Time),,s8w38,focus,
Fri Aug 21 2015 17:04:21 GMT+0800 (Malay Peninsula Standard Time),,s8w39,focus,
Fri Aug 21 2015 17:04:21 GMT+0800 (Malay Peninsula Standard Time),,s8w40,focus,
Fri Aug 21 2015 17:04:22 GMT+0800 (Malay Peninsula Standard Time),,s8w41,focus,
Fri Aug 21 2015 17:04:22 GMT+0800 (Malay Peninsula Standard Time),,s8w42,focus,
Fri Aug 21 2015 17:04:23 GMT+0800 (Malay Peninsula Standard Time),,s8w43,focus,
Fri Aug 21 2015 17:04:23 GMT+0800 (Malay Peninsula Standard Time),,s8w44,focus,
Fri Aug 21 2015 17:04:24 GMT+0800 (Malay Peninsula Standard Time),,s9w1,focus,
Fri Aug 21 2015 17:04:24 GMT+0800 (Malay Peninsula Standard Time),,s9w2,focus,
Fri Aug 21 2015 17:04:24 GMT+0800 (Malay Peninsula Standard Time),,s9w3,focus,
Fri Aug 21 2015 17:04:25 GMT+0800 (Malay Peninsula Standard Time),,s9w4,focus,
Fri Aug 21 2015 17:04:25 GMT+0800 (Malay Peninsula Standard Time),,s9w5,focus,
Fri Aug 21 2015 17:04:25 GMT+0800 (Malay Peninsula Standard Time),,s9w6,focus,
Fri Aug 21 2015 17:04:26 GMT+0800 (Malay Peninsula Standard Time),,s9w7,focus,
Fri Aug 21 2015 17:04:26 GMT+0800 (Malay Peninsula Standard Time),,s9w8,focus,
Fri Aug 21 2015 17:04:26 GMT+0800 (Malay Peninsula Standard Time),,s9w9,focus,
Fri Aug 21 2015 17:04:27 GMT+0800 (Malay Peninsula Standard Time),,s9w10,focus,
Fri Aug 21 2015 17:04:28 GMT+0800 (Malay Peninsula Standard Time),,s9w11,focus,
Fri Aug 21 2015 17:04:28 GMT+0800 (Malay Peninsula Standard Time),,s9w12,focus,
Fri Aug 21 2015 17:04:29 GMT+0800 (Malay Peninsula Standard Time),,s9w13,focus,
Fri Aug 21 2015 17:04:29 GMT+0800 (Malay Peninsula Standard Time),,s9w14,focus,
Fri Aug 21 2015 17:04:30 GMT+0800 (Malay Peninsula Standard Time),,s9w15,focus,
Fri Aug 21 2015 17:04:30 GMT+0800 (Malay Peninsula Standard Time),,s9w16,focus,
Fri Aug 21 2015 17:04:30 GMT+0800 (Malay Peninsula Standard Time),,s9w17,focus,
Fri Aug 21 2015 17:04:31 GMT+0800 (Malay Peninsula Standard Time),,s9w18,focus,
Fri Aug 21 2015 17:04:31 GMT+0800 (Malay Peninsula Standard Time),,s9w19,focus,
Fri Aug 21 2015 17:04:31 GMT+0800 (Malay Peninsula Standard Time),,s9w20,focus,
Fri Aug 21 2015 17:04:31 GMT+0800 (Malay Peninsula Standard Time),,s9w21,focus,
Fri Aug 21 2015 17:04:32 GMT+0800 (Malay Peninsula Standard Time),,s9w22,focus,
Fri Aug 21 2015 17:04:32 GMT+0800 (Malay Peninsula Standard Time),,s9w23,focus,
Fri Aug 21 2015 17:04:32 GMT+0800 (Malay Peninsula Standard Time),,s9w24,focus,
Fri Aug 21 2015 17:04:33 GMT+0800 (Malay Peninsula Standard Time),,s9w25,focus,
Fri Aug 21 2015 17:04:33 GMT+0800 (Malay Peninsula Standard Time),,s9w26,focus,
Fri Aug 21 2015 17:04:33 GMT+0800 (Malay Peninsula Standard Time),,s9w27,focus,
Fri Aug 21 2015 17:04:34 GMT+0800 (Malay Peninsula Standard Time),,s9w28,focus,
Fri Aug 21 2015 17:04:34 GMT+0800 (Malay Peninsula Standard Time),,s9w29,focus,
Fri Aug 21 2015 17:04:34 GMT+0800 (Malay Peninsula Standard Time),,s9w30,focus,
Fri Aug 21 2015 17:04:35 GMT+0800 (Malay Peninsula Standard Time),,s9w31,focus,
Fri Aug 21 2015 17:04:35 GMT+0800 (Malay Peninsula Standard Time),,s9w32,focus,
Fri Aug 21 2015 17:04:35 GMT+0800 (Malay Peninsula Standard Time),,s9w33,focus,
Fri Aug 21 2015 17:04:36 GMT+0800 (Malay Peninsula Standard Time),,s9w34,focus,
Fri Aug 21 2015 17:04:36 GMT+0800 (Malay Peninsula Standard Time),,s9w35,focus,
Fri Aug 21 2015 17:04:36 GMT+0800 (Malay Peninsula Standard Time),,s9w36,focus,
Fri Aug 21 2015 17:04:36 GMT+0800 (Malay Peninsula Standard Time),,s9w37,focus,
Fri Aug 21 2015 17:04:37 GMT+0800 (Malay Peninsula Standard Time),,s9w38,focus,
Fri Aug 21 2015 17:04:37 GMT+0800 (Malay Peninsula Standard Time),,s9w39,focus,
Fri Aug 21 2015 17:04:37 GMT+0800 (Malay Peninsula Standard Time),,s9w40,focus,
Fri Aug 21 2015 17:04:38 GMT+0800 (Malay Peninsula Standard Time),,s9w41,focus,
Fri Aug 21 2015 17:04:38 GMT+0800 (Malay Peninsula Standard Time),,s9w42,focus,
Fri Aug 21 2015 17:04:38 GMT+0800 (Malay Peninsula Standard Time),,s9w43,focus,
Fri Aug 21 2015 17:04:39 GMT+0800 (Malay Peninsula Standard Time),,s9w44,focus,
Fri Aug 21 2015 17:04:39 GMT+0800 (Malay Peninsula Standard Time),,s9w45,focus,
Fri Aug 21 2015 17:04:39 GMT+0800 (Malay Peninsula Standard Time),,s9w46,focus,
Fri Aug 21 2015 17:04:40 GMT+0800 (Malay Peninsula Standard Time),,s9w47,focus,
Fri Aug 21 2015 17:04:40 GMT+0800 (Malay Peninsula Standard Time),,s9w48,focus,
Fri Aug 21 2015 17:04:42 GMT+0800 (Malay Peninsula Standard Time),,s9w49,focus,
Fri Aug 21 2015 17:04:42 GMT+0800 (Malay Peninsula Standard Time),,s9w50,focus,
Fri Aug 21 2015 17:04:42 GMT+0800 (Malay Peninsula Standard Time),,s9w51,focus,
Fri Aug 21 2015 17:04:43 GMT+0800 (Malay Peninsula Standard Time),,s9w52,focus,
Fri Aug 21 2015 17:04:43 GMT+0800 (Malay Peninsula Standard Time),,s9w53,focus,
Fri Aug 21 2015 17:04:43 GMT+0800 (Malay Peninsula Standard Time),,s9w54,focus,
Fri Aug 21 2015 17:04:44 GMT+0800 (Malay Peninsula Standard Time),,s9w55,focus,
Fri Aug 21 2015 17:04:44 GMT+0800 (Malay Peninsula Standard Time),,s9w56,focus,
Fri Aug 21 2015 17:04:47 GMT+0800 (Malay Peninsula Standard Time),,s10w1,focus,
Fri Aug 21 2015 17:04:48 GMT+0800 (Malay Peninsula Standard Time),,s10w2,focus,
Fri Aug 21 2015 17:04:48 GMT+0800 (Malay Peninsula Standard Time),,s10w3,focus,
Fri Aug 21 2015 17:04:48 GMT+0800 (Malay Peninsula Standard Time),,s10w4,focus,
Fri Aug 21 2015 17:04:51 GMT+0800 (Malay Peninsula Standard Time),,s10w5,focus,
Fri Aug 21 2015 17:04:51 GMT+0800 (Malay Peninsula Standard Time),,s10w6,focus,
Fri Aug 21 2015 17:04:52 GMT+0800 (Malay Peninsula Standard Time),,s10w7,focus,
Fri Aug 21 2015 17:04:53 GMT+0800 (Malay Peninsula Standard Time),,s10w8,focus,
Fri Aug 21 2015 17:04:54 GMT+0800 (Malay Peninsula Standard Time),,s10w9,focus,
Fri Aug 21 2015 17:04:54 GMT+0800 (Malay Peninsula Standard Time),,s10w10,focus,
Fri Aug 21 2015 17:04:54 GMT+0800 (Malay Peninsula Standard Time),,s10w11,focus,
Fri Aug 21 2015 17:04:56 GMT+0800 (Malay Peninsula Standard Time),,s10w12,focus,
Fri Aug 21 2015 17:04:56 GMT+0800 (Malay Peninsula Standard Time),,s10w13,focus,
Fri Aug 21 2015 17:04:58 GMT+0800 (Malay Peninsula Standard Time),,s10w14,focus,
Fri Aug 21 2015 17:04:59 GMT+0800 (Malay Peninsula Standard Time),,s10w14,label,"N"
Fri Aug 21 2015 17:05:02 GMT+0800 (Malay Peninsula Standard Time),,s10w15,focus,
Fri Aug 21 2015 17:05:03 GMT+0800 (Malay Peninsula Standard Time),,s10w16,focus,
Fri Aug 21 2015 17:05:03 GMT+0800 (Malay Peninsula Standard Time),,s10w17,focus,
Fri Aug 21 2015 17:05:04 GMT+0800 (Malay Peninsula Standard Time),,s10w18,focus,
Fri Aug 21 2015 17:05:05 GMT+0800 (Malay Peninsula Standard Time),,s10w19,focus,
Fri Aug 21 2015 17:05:05 GMT+0800 (Malay Peninsula Standard Time),,s10w20,focus,
Fri Aug 21 2015 17:05:06 GMT+0800 (Malay Peninsula Standard Time),,s10w21,focus,
Fri Aug 21 2015 17:05:06 GMT+0800 (Malay Peninsula Standard Time),,s10w22,focus,
Fri Aug 21 2015 17:05:07 GMT+0800 (Malay Peninsula Standard Time),,s10w23,focus,
Fri Aug 21 2015 17:05:07 GMT+0800 (Malay Peninsula Standard Time),,s10w24,focus,
Fri Aug 21 2015 17:05:07 GMT+0800 (Malay Peninsula Standard Time),,s10w25,focus,
Fri Aug 21 2015 17:05:08 GMT+0800 (Malay Peninsula Standard Time),,s10w26,focus,
Fri Aug 21 2015 17:05:08 GMT+0800 (Malay Peninsula Standard Time),,s10w27,focus,
Fri Aug 21 2015 17:05:08 GMT+0800 (Malay Peninsula Standard Time),,s10w28,focus,
Fri Aug 21 2015 17:05:09 GMT+0800 (Malay Peninsula Standard Time),,s10w29,focus,
Fri Aug 21 2015 17:05:09 GMT+0800 (Malay Peninsula Standard Time),,s10w30,focus,
Fri Aug 21 2015 17:05:09 GMT+0800 (Malay Peninsula Standard Time),,s10w31,focus,
Fri Aug 21 2015 17:05:10 GMT+0800 (Malay Peninsula Standard Time),,s10w32,focus,
Fri Aug 21 2015 17:05:10 GMT+0800 (Malay Peninsula Standard Time),,s10w33,focus,
Fri Aug 21 2015 17:05:10 GMT+0800 (Malay Peninsula Standard Time),,s10w34,focus,
Fri Aug 21 2015 17:05:11 GMT+0800 (Malay Peninsula Standard Time),,s10w35,focus,
Fri Aug 21 2015 17:05:11 GMT+0800 (Malay Peninsula Standard Time),,s10w36,focus,
Fri Aug 21 2015 17:05:12 GMT+0800 (Malay Peninsula Standard Time),,s10w37,focus,
Fri Aug 21 2015 17:05:12 GMT+0800 (Malay Peninsula Standard Time),,s10w38,focus,
Fri Aug 21 2015 17:05:12 GMT+0800 (Malay Peninsula Standard Time),,s10w39,focus,
Fri Aug 21 2015 17:05:14 GMT+0800 (Malay Peninsula Standard Time),,s10w40,focus,
Fri Aug 21 2015 17:05:14 GMT+0800 (Malay Peninsula Standard Time),,s10w41,focus,
Fri Aug 21 2015 17:05:14 GMT+0800 (Malay Peninsula Standard Time),,s11w1,focus,
Fri Aug 21 2015 17:05:15 GMT+0800 (Malay Peninsula Standard Time),,s11w2,focus,
Fri Aug 21 2015 17:05:15 GMT+0800 (Malay Peninsula Standard Time),,s11w3,focus,
Fri Aug 21 2015 17:05:15 GMT+0800 (Malay Peninsula Standard Time),,s11w4,focus,
Fri Aug 21 2015 17:05:15 GMT+0800 (Malay Peninsula Standard Time),,s11w5,focus,
Fri Aug 21 2015 17:05:16 GMT+0800 (Malay Peninsula Standard Time),,s11w6,focus,
Fri Aug 21 2015 17:05:16 GMT+0800 (Malay Peninsula Standard Time),,s11w7,focus,
Fri Aug 21 2015 17:05:17 GMT+0800 (Malay Peninsula Standard Time),,s11w7,label,"^"
Fri Aug 21 2015 17:05:18 GMT+0800 (Malay Peninsula Standard Time),,s11w8,focus,
Fri Aug 21 2015 17:05:19 GMT+0800 (Malay Peninsula Standard Time),,s11w9,focus,
Fri Aug 21 2015 17:05:19 GMT+0800 (Malay Peninsula Standard Time),,s11w10,focus,
Fri Aug 21 2015 17:05:22 GMT+0800 (Malay Peninsula Standard Time),,s11w11,focus,
Fri Aug 21 2015 17:05:23 GMT+0800 (Malay Peninsula Standard Time),,s11w12,focus,
Fri Aug 21 2015 17:05:24 GMT+0800 (Malay Peninsula Standard Time),,s11w13,focus,
Fri Aug 21 2015 17:05:24 GMT+0800 (Malay Peninsula Standard Time),,s11w14,focus,
Fri Aug 21 2015 17:05:25 GMT+0800 (Malay Peninsula Standard Time),,s11w15,focus,
Fri Aug 21 2015 17:05:25 GMT+0800 (Malay Peninsula Standard Time),,s11w16,focus,
Fri Aug 21 2015 17:05:25 GMT+0800 (Malay Peninsula Standard Time),,s11w17,focus,
Fri Aug 21 2015 17:05:26 GMT+0800 (Malay Peninsula Standard Time),,s11w18,focus,
Fri Aug 21 2015 17:05:26 GMT+0800 (Malay Peninsula Standard Time),,s11w19,focus,
Fri Aug 21 2015 17:05:26 GMT+0800 (Malay Peninsula Standard Time),,s11w20,focus,
Fri Aug 21 2015 17:05:27 GMT+0800 (Malay Peninsula Standard Time),,s11w21,focus,
Fri Aug 21 2015 17:05:27 GMT+0800 (Malay Peninsula Standard Time),,s11w22,focus,
Fri Aug 21 2015 17:05:28 GMT+0800 (Malay Peninsula Standard Time),,s11w23,focus,
Fri Aug 21 2015 17:05:28 GMT+0800 (Malay Peninsula Standard Time),,s11w24,focus,
Fri Aug 21 2015 17:05:29 GMT+0800 (Malay Peninsula Standard Time),,s11w25,focus,
Fri Aug 21 2015 17:05:30 GMT+0800 (Malay Peninsula Standard Time),,s11w26,focus,
Fri Aug 21 2015 17:05:30 GMT+0800 (Malay Peninsula Standard Time),,s11w27,focus,
Fri Aug 21 2015 17:05:31 GMT+0800 (Malay Peninsula Standard Time),,s11w28,focus,
Fri Aug 21 2015 17:05:31 GMT+0800 (Malay Peninsula Standard Time),,s11w29,focus,
Fri Aug 21 2015 17:05:31 GMT+0800 (Malay Peninsula Standard Time),,s11w30,focus,
Fri Aug 21 2015 17:05:32 GMT+0800 (Malay Peninsula Standard Time),,s11w31,focus,
Fri Aug 21 2015 17:05:32 GMT+0800 (Malay Peninsula Standard Time),,s11w32,focus,
Fri Aug 21 2015 17:05:32 GMT+0800 (Malay Peninsula Standard Time),,s11w33,focus,
Fri Aug 21 2015 17:05:33 GMT+0800 (Malay Peninsula Standard Time),,s12w1,focus,
Fri Aug 21 2015 17:05:33 GMT+0800 (Malay Peninsula Standard Time),,s12w2,focus,
Fri Aug 21 2015 17:05:34 GMT+0800 (Malay Peninsula Standard Time),,s12w3,focus,
Fri Aug 21 2015 17:05:34 GMT+0800 (Malay Peninsula Standard Time),,s12w4,focus,
Fri Aug 21 2015 17:05:34 GMT+0800 (Malay Peninsula Standard Time),,s12w5,focus,
Fri Aug 21 2015 17:05:36 GMT+0800 (Malay Peninsula Standard Time),,s12w6,focus,
Fri Aug 21 2015 17:05:37 GMT+0800 (Malay Peninsula Standard Time),,s12w6,label,"^"
Fri Aug 21 2015 17:05:39 GMT+0800 (Malay Peninsula Standard Time),,s12w7,focus,
Fri Aug 21 2015 17:05:40 GMT+0800 (Malay Peninsula Standard Time),,s12w8,focus,
Fri Aug 21 2015 17:05:40 GMT+0800 (Malay Peninsula Standard Time),,s12w9,focus,
Fri Aug 21 2015 17:05:40 GMT+0800 (Malay Peninsula Standard Time),,s12w10,focus,
Fri Aug 21 2015 17:05:40 GMT+0800 (Malay Peninsula Standard Time),,s12w11,focus,
Fri Aug 21 2015 17:05:41 GMT+0800 (Malay Peninsula Standard Time),,s12w12,focus,
Fri Aug 21 2015 17:05:41 GMT+0800 (Malay Peninsula Standard Time),,s12w13,focus,
Fri Aug 21 2015 17:05:41 GMT+0800 (Malay Peninsula Standard Time),,s12w14,focus,
Fri Aug 21 2015 17:05:42 GMT+0800 (Malay Peninsula Standard Time),,s12w15,focus,
Fri Aug 21 2015 17:05:42 GMT+0800 (Malay Peninsula Standard Time),,s12w16,focus,
Fri Aug 21 2015 17:05:42 GMT+0800 (Malay Peninsula Standard Time),,s12w17,focus,
Fri Aug 21 2015 17:05:43 GMT+0800 (Malay Peninsula Standard Time),,s12w18,focus,
Fri Aug 21 2015 17:05:43 GMT+0800 (Malay Peninsula Standard Time),,s12w19,focus,
Fri Aug 21 2015 17:05:43 GMT+0800 (Malay Peninsula Standard Time),,s12w20,focus,
Fri Aug 21 2015 17:05:44 GMT+0800 (Malay Peninsula Standard Time),,s12w21,focus,
Fri Aug 21 2015 17:05:44 GMT+0800 (Malay Peninsula Standard Time),,s12w22,focus,
Fri Aug 21 2015 17:05:44 GMT+0800 (Malay Peninsula Standard Time),,s12w23,focus,
Fri Aug 21 2015 17:05:45 GMT+0800 (Malay Peninsula Standard Time),,s12w24,focus,
Fri Aug 21 2015 17:05:45 GMT+0800 (Malay Peninsula Standard Time),,s12w25,focus,
Fri Aug 21 2015 17:05:45 GMT+0800 (Malay Peninsula Standard Time),,s12w26,focus,
Fri Aug 21 2015 17:05:46 GMT+0800 (Malay Peninsula Standard Time),,s12w27,focus,
Fri Aug 21 2015 17:05:46 GMT+0800 (Malay Peninsula Standard Time),,s12w28,focus,
Fri Aug 21 2015 17:05:46 GMT+0800 (Malay Peninsula Standard Time),,s12w29,focus,
Fri Aug 21 2015 17:05:47 GMT+0800 (Malay Peninsula Standard Time),,s12w30,focus,
Fri Aug 21 2015 17:05:47 GMT+0800 (Malay Peninsula Standard Time),,s12w31,focus,
Fri Aug 21 2015 17:05:48 GMT+0800 (Malay Peninsula Standard Time),,s12w32,focus,
Fri Aug 21 2015 17:05:48 GMT+0800 (Malay Peninsula Standard Time),,s12w33,focus,
Fri Aug 21 2015 17:05:50 GMT+0800 (Malay Peninsula Standard Time),,s12w32,focus,
Fri Aug 21 2015 17:05:50 GMT+0800 (Malay Peninsula Standard Time),,s12w32,focus,
Fri Aug 21 2015 17:05:51 GMT+0800 (Malay Peninsula Standard Time),,s12w32,label,"^"
Fri Aug 21 2015 17:05:52 GMT+0800 (Malay Peninsula Standard Time),,s12w33,focus,
Fri Aug 21 2015 17:05:52 GMT+0800 (Malay Peninsula Standard Time),,s12w34,focus,
Fri Aug 21 2015 17:05:53 GMT+0800 (Malay Peninsula Standard Time),,s12w35,focus,
Fri Aug 21 2015 17:05:53 GMT+0800 (Malay Peninsula Standard Time),,s12w36,focus,
Fri Aug 21 2015 17:05:53 GMT+0800 (Malay Peninsula Standard Time),,s12w37,focus,
Fri Aug 21 2015 17:05:54 GMT+0800 (Malay Peninsula Standard Time),,s12w38,focus,
Fri Aug 21 2015 17:05:54 GMT+0800 (Malay Peninsula Standard Time),,s12w39,focus,
Fri Aug 21 2015 17:05:54 GMT+0800 (Malay Peninsula Standard Time),,s12w40,focus,
Fri Aug 21 2015 17:05:54 GMT+0800 (Malay Peninsula Standard Time),,s12w41,focus,
Fri Aug 21 2015 17:05:55 GMT+0800 (Malay Peninsula Standard Time),,s12w42,focus,
Fri Aug 21 2015 17:05:55 GMT+0800 (Malay Peninsula Standard Time),,s12w43,focus,
Fri Aug 21 2015 17:05:55 GMT+0800 (Malay Peninsula Standard Time),,s12w44,focus,
Fri Aug 21 2015 17:05:55 GMT+0800 (Malay Peninsula Standard Time),,s12w45,focus,
Fri Aug 21 2015 17:05:56 GMT+0800 (Malay Peninsula Standard Time),,s12w46,focus,
Fri Aug 21 2015 17:05:56 GMT+0800 (Malay Peninsula Standard Time),,s12w47,focus,
Fri Aug 21 2015 17:05:56 GMT+0800 (Malay Peninsula Standard Time),,s12w48,focus,
Fri Aug 21 2015 17:05:57 GMT+0800 (Malay Peninsula Standard Time),,s12w49,focus,
Fri Aug 21 2015 17:05:57 GMT+0800 (Malay Peninsula Standard Time),,s12w50,focus,
Fri Aug 21 2015 17:05:57 GMT+0800 (Malay Peninsula Standard Time),,s12w51,focus,
Fri Aug 21 2015 17:05:58 GMT+0800 (Malay Peninsula Standard Time),,s12w52,focus,
Fri Aug 21 2015 17:05:58 GMT+0800 (Malay Peninsula Standard Time),,s12w53,focus,
Fri Aug 21 2015 17:05:58 GMT+0800 (Malay Peninsula Standard Time),,s12w54,focus,
Fri Aug 21 2015 17:05:59 GMT+0800 (Malay Peninsula Standard Time),,s12w55,focus,
Fri Aug 21 2015 17:05:59 GMT+0800 (Malay Peninsula Standard Time),,s12w56,focus,
Fri Aug 21 2015 17:05:59 GMT+0800 (Malay Peninsula Standard Time),,s12w57,focus,
Fri Aug 21 2015 17:05:59 GMT+0800 (Malay Peninsula Standard Time),,s12w58,focus,
Fri Aug 21 2015 17:06:00 GMT+0800 (Malay Peninsula Standard Time),,s12w59,focus,
Fri Aug 21 2015 17:06:00 GMT+0800 (Malay Peninsula Standard Time),,s12w60,focus,
Fri Aug 21 2015 17:06:00 GMT+0800 (Malay Peninsula Standard Time),,s13w1,focus,
Fri Aug 21 2015 17:06:01 GMT+0800 (Malay Peninsula Standard Time),,s13w2,focus,
Fri Aug 21 2015 17:06:01 GMT+0800 (Malay Peninsula Standard Time),,s13w3,focus,
Fri Aug 21 2015 17:06:02 GMT+0800 (Malay Peninsula Standard Time),,s13w4,focus,
Fri Aug 21 2015 17:06:03 GMT+0800 (Malay Peninsula Standard Time),,s13w5,focus,
Fri Aug 21 2015 17:06:03 GMT+0800 (Malay Peninsula Standard Time),,s13w6,focus,
Fri Aug 21 2015 17:06:04 GMT+0800 (Malay Peninsula Standard Time),,s13w7,focus,
Fri Aug 21 2015 17:06:04 GMT+0800 (Malay Peninsula Standard Time),,s13w8,focus,
Fri Aug 21 2015 17:06:04 GMT+0800 (Malay Peninsula Standard Time),,s13w9,focus,
Fri Aug 21 2015 17:06:05 GMT+0800 (Malay Peninsula Standard Time),,s13w10,focus,
Fri Aug 21 2015 17:06:06 GMT+0800 (Malay Peninsula Standard Time),,s13w10,label,"^"
Fri Aug 21 2015 17:06:06 GMT+0800 (Malay Peninsula Standard Time),,s13w11,focus,
Fri Aug 21 2015 17:06:07 GMT+0800 (Malay Peninsula Standard Time),,s13w12,focus,
Fri Aug 21 2015 17:06:08 GMT+0800 (Malay Peninsula Standard Time),,s13w13,focus,
Fri Aug 21 2015 17:06:08 GMT+0800 (Malay Peninsula Standard Time),,s13w14,focus,
Fri Aug 21 2015 17:06:11 GMT+0800 (Malay Peninsula Standard Time),,s13w15,focus,
Fri Aug 21 2015 17:06:11 GMT+0800 (Malay Peninsula Standard Time),,s13w16,focus,
Fri Aug 21 2015 17:06:12 GMT+0800 (Malay Peninsula Standard Time),,s13w17,focus,
Fri Aug 21 2015 17:06:12 GMT+0800 (Malay Peninsula Standard Time),,s13w18,focus,
Fri Aug 21 2015 17:06:13 GMT+0800 (Malay Peninsula Standard Time),,s13w19,focus,
Fri Aug 21 2015 17:06:13 GMT+0800 (Malay Peninsula Standard Time),,s13w20,focus,
Fri Aug 21 2015 17:06:14 GMT+0800 (Malay Peninsula Standard Time),,s13w21,focus,
Fri Aug 21 2015 17:06:14 GMT+0800 (Malay Peninsula Standard Time),,s13w22,focus,
Fri Aug 21 2015 17:06:14 GMT+0800 (Malay Peninsula Standard Time),,s13w23,focus,
Fri Aug 21 2015 17:06:14 GMT+0800 (Malay Peninsula Standard Time),,s13w24,focus,
Fri Aug 21 2015 17:06:15 GMT+0800 (Malay Peninsula Standard Time),,s13w25,focus,
Fri Aug 21 2015 17:06:15 GMT+0800 (Malay Peninsula Standard Time),,s13w26,focus,
Fri Aug 21 2015 17:06:15 GMT+0800 (Malay Peninsula Standard Time),,s13w27,focus,
Fri Aug 21 2015 17:06:16 GMT+0800 (Malay Peninsula Standard Time),,s13w28,focus,
Fri Aug 21 2015 17:06:16 GMT+0800 (Malay Peninsula Standard Time),,s13w29,focus,
Fri Aug 21 2015 17:06:16 GMT+0800 (Malay Peninsula Standard Time),,s13w30,focus,
Fri Aug 21 2015 17:06:16 GMT+0800 (Malay Peninsula Standard Time),,s13w31,focus,
Fri Aug 21 2015 17:06:17 GMT+0800 (Malay Peninsula Standard Time),,s13w32,focus,
Fri Aug 21 2015 17:06:17 GMT+0800 (Malay Peninsula Standard Time),,s13w33,focus,
Fri Aug 21 2015 17:06:17 GMT+0800 (Malay Peninsula Standard Time),,s13w34,focus,
Fri Aug 21 2015 17:06:17 GMT+0800 (Malay Peninsula Standard Time),,s13w35,focus,
Fri Aug 21 2015 17:06:18 GMT+0800 (Malay Peninsula Standard Time),,s13w36,focus,
Fri Aug 21 2015 17:06:18 GMT+0800 (Malay Peninsula Standard Time),,s13w37,focus,
Fri Aug 21 2015 17:06:18 GMT+0800 (Malay Peninsula Standard Time),,s13w38,focus,
Fri Aug 21 2015 17:06:18 GMT+0800 (Malay Peninsula Standard Time),,s13w39,focus,
Fri Aug 21 2015 17:06:19 GMT+0800 (Malay Peninsula Standard Time),,s13w40,focus,
Fri Aug 21 2015 17:06:19 GMT+0800 (Malay Peninsula Standard Time),,s13w41,focus,
Fri Aug 21 2015 17:06:19 GMT+0800 (Malay Peninsula Standard Time),,s13w42,focus,
Fri Aug 21 2015 17:06:19 GMT+0800 (Malay Peninsula Standard Time),,s13w43,focus,
Fri Aug 21 2015 17:06:20 GMT+0800 (Malay Peninsula Standard Time),,s13w44,focus,
Fri Aug 21 2015 17:06:20 GMT+0800 (Malay Peninsula Standard Time),,s13w45,focus,
Fri Aug 21 2015 17:06:20 GMT+0800 (Malay Peninsula Standard Time),,s13w46,focus,
Fri Aug 21 2015 17:06:22 GMT+0800 (Malay Peninsula Standard Time),,s13w46,label,"^"
Fri Aug 21 2015 17:06:22 GMT+0800 (Malay Peninsula Standard Time),,s13w47,focus,
Fri Aug 21 2015 17:06:23 GMT+0800 (Malay Peninsula Standard Time),,s13w48,focus,
Fri Aug 21 2015 17:06:23 GMT+0800 (Malay Peninsula Standard Time),,s13w49,focus,
Fri Aug 21 2015 17:06:24 GMT+0800 (Malay Peninsula Standard Time),,s13w50,focus,
Fri Aug 21 2015 17:06:24 GMT+0800 (Malay Peninsula Standard Time),,s13w51,focus,
Fri Aug 21 2015 17:06:24 GMT+0800 (Malay Peninsula Standard Time),,s13w52,focus,
Fri Aug 21 2015 17:06:25 GMT+0800 (Malay Peninsula Standard Time),,s13w53,focus,
Fri Aug 21 2015 17:06:26 GMT+0800 (Malay Peninsula Standard Time),,s13w53,label,"^"
Fri Aug 21 2015 17:06:27 GMT+0800 (Malay Peninsula Standard Time),,s13w54,focus,
Fri Aug 21 2015 17:06:27 GMT+0800 (Malay Peninsula Standard Time),,s13w55,focus,
Fri Aug 21 2015 17:06:28 GMT+0800 (Malay Peninsula Standard Time),,s13w56,focus,
Fri Aug 21 2015 17:06:28 GMT+0800 (Malay Peninsula Standard Time),,s13w57,focus,
Fri Aug 21 2015 17:06:28 GMT+0800 (Malay Peninsula Standard Time),,s13w58,focus,
Fri Aug 21 2015 17:06:28 GMT+0800 (Malay Peninsula Standard Time),,s13w59,focus,
Fri Aug 21 2015 17:06:29 GMT+0800 (Malay Peninsula Standard Time),,s14w1,focus,
Fri Aug 21 2015 17:06:29 GMT+0800 (Malay Peninsula Standard Time),,s14w2,focus,
Fri Aug 21 2015 17:06:30 GMT+0800 (Malay Peninsula Standard Time),,s14w2,label,"^"
Fri Aug 21 2015 17:06:34 GMT+0800 (Malay Peninsula Standard Time),,s14w3,focus,
Fri Aug 21 2015 17:06:34 GMT+0800 (Malay Peninsula Standard Time),,s14w4,focus,
Fri Aug 21 2015 17:06:34 GMT+0800 (Malay Peninsula Standard Time),,s14w5,focus,
Fri Aug 21 2015 17:06:34 GMT+0800 (Malay Peninsula Standard Time),,s14w6,focus,
Fri Aug 21 2015 17:06:35 GMT+0800 (Malay Peninsula Standard Time),,s14w7,focus,
Fri Aug 21 2015 17:06:35 GMT+0800 (Malay Peninsula Standard Time),,s14w8,focus,
Fri Aug 21 2015 17:06:35 GMT+0800 (Malay Peninsula Standard Time),,s14w9,focus,
Fri Aug 21 2015 17:06:36 GMT+0800 (Malay Peninsula Standard Time),,s14w9,label,"^"
Fri Aug 21 2015 17:06:37 GMT+0800 (Malay Peninsula Standard Time),,s14w10,focus,
Fri Aug 21 2015 17:06:37 GMT+0800 (Malay Peninsula Standard Time),,s14w11,focus,
Fri Aug 21 2015 17:06:41 GMT+0800 (Malay Peninsula Standard Time),,s14w12,focus,
Fri Aug 21 2015 17:06:42 GMT+0800 (Malay Peninsula Standard Time),,s14w13,focus,
Fri Aug 21 2015 17:06:42 GMT+0800 (Malay Peninsula Standard Time),,s14w14,focus,
Fri Aug 21 2015 17:06:42 GMT+0800 (Malay Peninsula Standard Time),,s14w15,focus,
Fri Aug 21 2015 17:06:43 GMT+0800 (Malay Peninsula Standard Time),,s14w16,focus,
Fri Aug 21 2015 17:06:43 GMT+0800 (Malay Peninsula Standard Time),,s14w17,focus,
Fri Aug 21 2015 17:06:43 GMT+0800 (Malay Peninsula Standard Time),,s14w18,focus,
Fri Aug 21 2015 17:06:44 GMT+0800 (Malay Peninsula Standard Time),,s14w19,focus,
Fri Aug 21 2015 17:06:44 GMT+0800 (Malay Peninsula Standard Time),,s14w20,focus,
Fri Aug 21 2015 17:06:45 GMT+0800 (Malay Peninsula Standard Time),,s14w21,focus,
Fri Aug 21 2015 17:06:45 GMT+0800 (Malay Peninsula Standard Time),,s14w22,focus,
Fri Aug 21 2015 17:06:45 GMT+0800 (Malay Peninsula Standard Time),,s14w23,focus,
Fri Aug 21 2015 17:06:46 GMT+0800 (Malay Peninsula Standard Time),,s14w24,focus,
Fri Aug 21 2015 17:06:46 GMT+0800 (Malay Peninsula Standard Time),,s14w25,focus,
Fri Aug 21 2015 17:06:46 GMT+0800 (Malay Peninsula Standard Time),,s14w26,focus,
Fri Aug 21 2015 17:06:47 GMT+0800 (Malay Peninsula Standard Time),,s14w27,focus,
Fri Aug 21 2015 17:06:47 GMT+0800 (Malay Peninsula Standard Time),,s14w28,focus,
Fri Aug 21 2015 17:06:47 GMT+0800 (Malay Peninsula Standard Time),,s14w29,focus,
Fri Aug 21 2015 17:06:48 GMT+0800 (Malay Peninsula Standard Time),,s14w30,focus,
Fri Aug 21 2015 17:06:48 GMT+0800 (Malay Peninsula Standard Time),,s14w31,focus,
Fri Aug 21 2015 17:06:48 GMT+0800 (Malay Peninsula Standard Time),,s14w32,focus,
Fri Aug 21 2015 17:06:48 GMT+0800 (Malay Peninsula Standard Time),,s14w33,focus,
Fri Aug 21 2015 17:06:49 GMT+0800 (Malay Peninsula Standard Time),,s14w34,focus,
Fri Aug 21 2015 17:06:49 GMT+0800 (Malay Peninsula Standard Time),,s14w35,focus,
Fri Aug 21 2015 17:06:49 GMT+0800 (Malay Peninsula Standard Time),,s14w36,focus,
Fri Aug 21 2015 17:06:49 GMT+0800 (Malay Peninsula Standard Time),,s14w37,focus,
Fri Aug 21 2015 17:06:50 GMT+0800 (Malay Peninsula Standard Time),,s14w38,focus,
Fri Aug 21 2015 17:06:50 GMT+0800 (Malay Peninsula Standard Time),,s14w39,focus,
Fri Aug 21 2015 17:06:50 GMT+0800 (Malay Peninsula Standard Time),,s14w40,focus,
Fri Aug 21 2015 17:06:51 GMT+0800 (Malay Peninsula Standard Time),,s14w41,focus,
Fri Aug 21 2015 17:06:51 GMT+0800 (Malay Peninsula Standard Time),,s14w42,focus,
Fri Aug 21 2015 17:06:51 GMT+0800 (Malay Peninsula Standard Time),,s14w43,focus,
Fri Aug 21 2015 17:06:53 GMT+0800 (Malay Peninsula Standard Time),,s14w43,label,"^"
Fri Aug 21 2015 17:06:53 GMT+0800 (Malay Peninsula Standard Time),,s14w44,focus,
Fri Aug 21 2015 17:06:53 GMT+0800 (Malay Peninsula Standard Time),,s14w45,focus,
Fri Aug 21 2015 17:06:55 GMT+0800 (Malay Peninsula Standard Time),,s14w46,focus,
Fri Aug 21 2015 17:06:55 GMT+0800 (Malay Peninsula Standard Time),,s14w47,focus,
Fri Aug 21 2015 17:06:56 GMT+0800 (Malay Peninsula Standard Time),,s14w48,focus,
Fri Aug 21 2015 17:06:56 GMT+0800 (Malay Peninsula Standard Time),,s14w49,focus,
Fri Aug 21 2015 17:06:56 GMT+0800 (Malay Peninsula Standard Time),,s14w50,focus,
Fri Aug 21 2015 17:06:57 GMT+0800 (Malay Peninsula Standard Time),,s14w51,focus,
Fri Aug 21 2015 17:06:57 GMT+0800 (Malay Peninsula Standard Time),,s14w52,focus,
Fri Aug 21 2015 17:06:57 GMT+0800 (Malay Peninsula Standard Time),,s14w53,focus,
Fri Aug 21 2015 17:06:58 GMT+0800 (Malay Peninsula Standard Time),,s14w54,focus,
Fri Aug 21 2015 17:06:58 GMT+0800 (Malay Peninsula Standard Time),,s14w55,focus,
Fri Aug 21 2015 17:06:58 GMT+0800 (Malay Peninsula Standard Time),,s14w56,focus,
Fri Aug 21 2015 17:06:59 GMT+0800 (Malay Peninsula Standard Time),,s14w57,focus,
Fri Aug 21 2015 17:06:59 GMT+0800 (Malay Peninsula Standard Time),,s14w58,focus,
Fri Aug 21 2015 17:06:59 GMT+0800 (Malay Peninsula Standard Time),,s14w59,focus,
Fri Aug 21 2015 17:06:59 GMT+0800 (Malay Peninsula Standard Time),,s14w60,focus,
Fri Aug 21 2015 17:07:00 GMT+0800 (Malay Peninsula Standard Time),,s15w1,focus,
Fri Aug 21 2015 17:07:00 GMT+0800 (Malay Peninsula Standard Time),,s15w2,focus,
Fri Aug 21 2015 17:07:00 GMT+0800 (Malay Peninsula Standard Time),,s15w3,focus,
Fri Aug 21 2015 17:07:00 GMT+0800 (Malay Peninsula Standard Time),,s15w4,focus,
Fri Aug 21 2015 17:07:01 GMT+0800 (Malay Peninsula Standard Time),,s15w5,focus,
Fri Aug 21 2015 17:07:01 GMT+0800 (Malay Peninsula Standard Time),,s15w6,focus,
Fri Aug 21 2015 17:07:01 GMT+0800 (Malay Peninsula Standard Time),,s15w7,focus,
Fri Aug 21 2015 17:07:02 GMT+0800 (Malay Peninsula Standard Time),,s15w8,focus,
Fri Aug 21 2015 17:07:02 GMT+0800 (Malay Peninsula Standard Time),,s15w9,focus,
Fri Aug 21 2015 17:07:03 GMT+0800 (Malay Peninsula Standard Time),,s15w9,label,"^"
Fri Aug 21 2015 17:07:03 GMT+0800 (Malay Peninsula Standard Time),,s15w10,focus,
Fri Aug 21 2015 17:07:04 GMT+0800 (Malay Peninsula Standard Time),,s15w11,focus,
Fri Aug 21 2015 17:07:04 GMT+0800 (Malay Peninsula Standard Time),,s15w12,focus,
Fri Aug 21 2015 17:07:05 GMT+0800 (Malay Peninsula Standard Time),,s15w13,focus,
Fri Aug 21 2015 17:07:05 GMT+0800 (Malay Peninsula Standard Time),,s15w14,focus,
Fri Aug 21 2015 17:07:05 GMT+0800 (Malay Peninsula Standard Time),,s15w15,focus,
Fri Aug 21 2015 17:07:06 GMT+0800 (Malay Peninsula Standard Time),,s15w16,focus,
Fri Aug 21 2015 17:07:06 GMT+0800 (Malay Peninsula Standard Time),,s15w17,focus,
Fri Aug 21 2015 17:07:06 GMT+0800 (Malay Peninsula Standard Time),,s15w18,focus,
Fri Aug 21 2015 17:07:07 GMT+0800 (Malay Peninsula Standard Time),,s15w19,focus,
Fri Aug 21 2015 17:07:07 GMT+0800 (Malay Peninsula Standard Time),,s15w20,focus,
Fri Aug 21 2015 17:07:07 GMT+0800 (Malay Peninsula Standard Time),,s15w21,focus,
Fri Aug 21 2015 17:07:07 GMT+0800 (Malay Peninsula Standard Time),,s15w22,focus,
Fri Aug 21 2015 17:07:08 GMT+0800 (Malay Peninsula Standard Time),,s15w23,focus,
Fri Aug 21 2015 17:07:08 GMT+0800 (Malay Peninsula Standard Time),,s15w24,focus,
Fri Aug 21 2015 17:07:08 GMT+0800 (Malay Peninsula Standard Time),,s15w25,focus,
Fri Aug 21 2015 17:07:09 GMT+0800 (Malay Peninsula Standard Time),,s15w26,focus,
Fri Aug 21 2015 17:07:09 GMT+0800 (Malay Peninsula Standard Time),,s15w27,focus,
Fri Aug 21 2015 17:07:10 GMT+0800 (Malay Peninsula Standard Time),,s15w28,focus,
Fri Aug 21 2015 17:07:10 GMT+0800 (Malay Peninsula Standard Time),,s15w29,focus,
Fri Aug 21 2015 17:07:10 GMT+0800 (Malay Peninsula Standard Time),,s15w30,focus,
Fri Aug 21 2015 17:07:11 GMT+0800 (Malay Peninsula Standard Time),,s15w31,focus,
Fri Aug 21 2015 17:07:11 GMT+0800 (Malay Peninsula Standard Time),,s15w32,focus,
Fri Aug 21 2015 17:07:11 GMT+0800 (Malay Peninsula Standard Time),,s15w33,focus,
Fri Aug 21 2015 17:07:11 GMT+0800 (Malay Peninsula Standard Time),,s15w34,focus,
Fri Aug 21 2015 17:07:12 GMT+0800 (Malay Peninsula Standard Time),,s15w35,focus,
Fri Aug 21 2015 17:07:12 GMT+0800 (Malay Peninsula Standard Time),,s15w36,focus,
Fri Aug 21 2015 17:07:12 GMT+0800 (Malay Peninsula Standard Time),,s15w37,focus,
Fri Aug 21 2015 17:07:13 GMT+0800 (Malay Peninsula Standard Time),,s15w38,focus,
Fri Aug 21 2015 17:07:13 GMT+0800 (Malay Peninsula Standard Time),,s15w39,focus,
Fri Aug 21 2015 17:07:13 GMT+0800 (Malay Peninsula Standard Time),,s15w40,focus,
Fri Aug 21 2015 17:07:14 GMT+0800 (Malay Peninsula Standard Time),,s15w41,focus,
Fri Aug 21 2015 17:07:14 GMT+0800 (Malay Peninsula Standard Time),,s15w42,focus,
Fri Aug 21 2015 17:07:14 GMT+0800 (Malay Peninsula Standard Time),,s15w43,focus,
Fri Aug 21 2015 17:07:15 GMT+0800 (Malay Peninsula Standard Time),,s15w44,focus,
Fri Aug 21 2015 17:07:15 GMT+0800 (Malay Peninsula Standard Time),,s15w45,focus,
Fri Aug 21 2015 17:07:15 GMT+0800 (Malay Peninsula Standard Time),,s15w46,focus,
Fri Aug 21 2015 17:07:16 GMT+0800 (Malay Peninsula Standard Time),,s15w47,focus,
Fri Aug 21 2015 17:07:16 GMT+0800 (Malay Peninsula Standard Time),,s15w48,focus,
Fri Aug 21 2015 17:07:17 GMT+0800 (Malay Peninsula Standard Time),,s15w49,focus,
Fri Aug 21 2015 17:07:18 GMT+0800 (Malay Peninsula Standard Time),,s15w50,focus,
Fri Aug 21 2015 17:07:24 GMT+0800 (Malay Peninsula Standard Time),,s15w51,focus,
Fri Aug 21 2015 17:07:24 GMT+0800 (Malay Peninsula Standard Time),,s15w52,focus,
Fri Aug 21 2015 17:07:24 GMT+0800 (Malay Peninsula Standard Time),,s15w53,focus,
Fri Aug 21 2015 17:07:25 GMT+0800 (Malay Peninsula Standard Time),,s15w54,focus,
Fri Aug 21 2015 17:07:25 GMT+0800 (Malay Peninsula Standard Time),,s15w55,focus,
Fri Aug 21 2015 17:07:25 GMT+0800 (Malay Peninsula Standard Time),,s15w56,focus,
Fri Aug 21 2015 17:07:25 GMT+0800 (Malay Peninsula Standard Time),,s15w57,focus,
Fri Aug 21 2015 17:07:26 GMT+0800 (Malay Peninsula Standard Time),,s15w58,focus,
Fri Aug 21 2015 17:07:26 GMT+0800 (Malay Peninsula Standard Time),,s15w59,focus,
Fri Aug 21 2015 17:07:27 GMT+0800 (Malay Peninsula Standard Time),,s15w60,focus,
Fri Aug 21 2015 17:07:27 GMT+0800 (Malay Peninsula Standard Time),,s15w61,focus,
Fri Aug 21 2015 17:07:27 GMT+0800 (Malay Peninsula Standard Time),,s15w62,focus,
Fri Aug 21 2015 17:07:30 GMT+0800 (Malay Peninsula Standard Time),,s15w63,focus,
Fri Aug 21 2015 17:07:30 GMT+0800 (Malay Peninsula Standard Time),,s15w64,focus,
Fri Aug 21 2015 17:07:31 GMT+0800 (Malay Peninsula Standard Time),,s15w65,focus,
Fri Aug 21 2015 17:07:32 GMT+0800 (Malay Peninsula Standard Time),,s15w66,focus,
Fri Aug 21 2015 17:07:32 GMT+0800 (Malay Peninsula Standard Time),,s15w67,focus,
Fri Aug 21 2015 17:07:39 GMT+0800 (Malay Peninsula Standard Time),,s15w68,focus,
Fri Aug 21 2015 17:07:39 GMT+0800 (Malay Peninsula Standard Time),,s15w69,focus,
Fri Aug 21 2015 17:07:40 GMT+0800 (Malay Peninsula Standard Time),,s15w70,focus,
Fri Aug 21 2015 17:07:40 GMT+0800 (Malay Peninsula Standard Time),,s15w71,focus,
Fri Aug 21 2015 17:07:43 GMT+0800 (Malay Peninsula Standard Time),,s15w72,focus,
Fri Aug 21 2015 17:07:44 GMT+0800 (Malay Peninsula Standard Time),,s15w73,focus,
Fri Aug 21 2015 17:07:44 GMT+0800 (Malay Peninsula Standard Time),,s15w74,focus,
Fri Aug 21 2015 17:07:44 GMT+0800 (Malay Peninsula Standard Time),,s15w75,focus,
Fri Aug 21 2015 17:07:45 GMT+0800 (Malay Peninsula Standard Time),,s15w76,focus,
Fri Aug 21 2015 17:07:45 GMT+0800 (Malay Peninsula Standard Time),,s15w77,focus,
Fri Aug 21 2015 17:07:45 GMT+0800 (Malay Peninsula Standard Time),,s15w78,focus,
Fri Aug 21 2015 17:07:45 GMT+0800 (Malay Peninsula Standard Time),,s15w79,focus,
Fri Aug 21 2015 17:07:46 GMT+0800 (Malay Peninsula Standard Time),,s15w80,focus,
Fri Aug 21 2015 17:07:46 GMT+0800 (Malay Peninsula Standard Time),,s15w81,focus,
Fri Aug 21 2015 17:07:46 GMT+0800 (Malay Peninsula Standard Time),,s15w82,focus,
Fri Aug 21 2015 17:07:48 GMT+0800 (Malay Peninsula Standard Time),,s15w83,focus,
Fri Aug 21 2015 17:07:48 GMT+0800 (Malay Peninsula Standard Time),,s15w84,focus,
Fri Aug 21 2015 17:07:49 GMT+0800 (Malay Peninsula Standard Time),,s15w85,focus,
Fri Aug 21 2015 17:07:49 GMT+0800 (Malay Peninsula Standard Time),,s15w86,focus,
Fri Aug 21 2015 17:07:49 GMT+0800 (Malay Peninsula Standard Time),,s15w87,focus,
Fri Aug 21 2015 17:07:50 GMT+0800 (Malay Peninsula Standard Time),,s15w88,focus,
Fri Aug 21 2015 17:07:50 GMT+0800 (Malay Peninsula Standard Time),,s15w89,focus,
Fri Aug 21 2015 17:07:50 GMT+0800 (Malay Peninsula Standard Time),,s15w90,focus,
Fri Aug 21 2015 17:07:50 GMT+0800 (Malay Peninsula Standard Time),,s15w91,focus,
Fri Aug 21 2015 17:07:51 GMT+0800 (Malay Peninsula Standard Time),,s15w92,focus,
Fri Aug 21 2015 17:07:51 GMT+0800 (Malay Peninsula Standard Time),,s15w93,focus,
Fri Aug 21 2015 17:07:51 GMT+0800 (Malay Peninsula Standard Time),,s15w94,focus,
Fri Aug 21 2015 17:07:51 GMT+0800 (Malay Peninsula Standard Time),,s15w95,focus,
Fri Aug 21 2015 17:07:52 GMT+0800 (Malay Peninsula Standard Time),,s15w96,focus,
Fri Aug 21 2015 17:07:52 GMT+0800 (Malay Peninsula Standard Time),,s15w97,focus,
Fri Aug 21 2015 17:07:53 GMT+0800 (Malay Peninsula Standard Time),,s15w98,focus,
Fri Aug 21 2015 17:07:54 GMT+0800 (Malay Peninsula Standard Time),,s15w99,focus,
Fri Aug 21 2015 17:07:54 GMT+0800 (Malay Peninsula Standard Time),,s15w100,focus,
Fri Aug 21 2015 17:07:54 GMT+0800 (Malay Peninsula Standard Time),,s15w101,focus,
Fri Aug 21 2015 17:07:55 GMT+0800 (Malay Peninsula Standard Time),,s15w102,focus,
Fri Aug 21 2015 17:07:55 GMT+0800 (Malay Peninsula Standard Time),,s15w103,focus,
Fri Aug 21 2015 17:07:55 GMT+0800 (Malay Peninsula Standard Time),,s15w104,focus,
Fri Aug 21 2015 17:07:56 GMT+0800 (Malay Peninsula Standard Time),,s15w105,focus,
Fri Aug 21 2015 17:07:56 GMT+0800 (Malay Peninsula Standard Time),,s15w106,focus,
Fri Aug 21 2015 17:07:57 GMT+0800 (Malay Peninsula Standard Time),,s15w107,focus,
Fri Aug 21 2015 17:07:58 GMT+0800 (Malay Peninsula Standard Time),,s15w107,label,"^"
Fri Aug 21 2015 17:08:00 GMT+0800 (Malay Peninsula Standard Time),,s15w108,focus,
Fri Aug 21 2015 17:08:00 GMT+0800 (Malay Peninsula Standard Time),,s15w109,focus,
Fri Aug 21 2015 17:08:00 GMT+0800 (Malay Peninsula Standard Time),,s15w110,focus,
Fri Aug 21 2015 17:08:01 GMT+0800 (Malay Peninsula Standard Time),,s15w111,focus,
Fri Aug 21 2015 17:08:01 GMT+0800 (Malay Peninsula Standard Time),,s15w112,focus,
Fri Aug 21 2015 17:08:01 GMT+0800 (Malay Peninsula Standard Time),,s15w113,focus,
Fri Aug 21 2015 17:08:01 GMT+0800 (Malay Peninsula Standard Time),,s15w114,focus,
Fri Aug 21 2015 17:08:02 GMT+0800 (Malay Peninsula Standard Time),,s15w115,focus,
Fri Aug 21 2015 17:08:02 GMT+0800 (Malay Peninsula Standard Time),,s15w116,focus,
Fri Aug 21 2015 17:08:02 GMT+0800 (Malay Peninsula Standard Time),,s15w117,focus,
Fri Aug 21 2015 17:08:02 GMT+0800 (Malay Peninsula Standard Time),,s15w118,focus,
Fri Aug 21 2015 17:08:03 GMT+0800 (Malay Peninsula Standard Time),,s15w119,focus,
Fri Aug 21 2015 17:08:03 GMT+0800 (Malay Peninsula Standard Time),,s15w120,focus,
Fri Aug 21 2015 17:08:03 GMT+0800 (Malay Peninsula Standard Time),,s15w121,focus,
Fri Aug 21 2015 17:08:03 GMT+0800 (Malay Peninsula Standard Time),,s15w122,focus,
Fri Aug 21 2015 17:08:04 GMT+0800 (Malay Peninsula Standard Time),,s15w123,focus,
Fri Aug 21 2015 17:08:04 GMT+0800 (Malay Peninsula Standard Time),,s15w124,focus,
Fri Aug 21 2015 17:08:04 GMT+0800 (Malay Peninsula Standard Time),,s15w125,focus,
Fri Aug 21 2015 17:08:04 GMT+0800 (Malay Peninsula Standard Time),,s15w126,focus,
Fri Aug 21 2015 17:08:05 GMT+0800 (Malay Peninsula Standard Time),,s15w127,focus,
Fri Aug 21 2015 17:08:05 GMT+0800 (Malay Peninsula Standard Time),,s15w128,focus,
Fri Aug 21 2015 17:08:05 GMT+0800 (Malay Peninsula Standard Time),,s15w129,focus,
Fri Aug 21 2015 17:08:05 GMT+0800 (Malay Peninsula Standard Time),,s15w130,focus,
Fri Aug 21 2015 17:08:06 GMT+0800 (Malay Peninsula Standard Time),,s15w131,focus,
Fri Aug 21 2015 17:08:06 GMT+0800 (Malay Peninsula Standard Time),,s15w132,focus,
Fri Aug 21 2015 17:08:06 GMT+0800 (Malay Peninsula Standard Time),,s15w133,focus,
Fri Aug 21 2015 17:08:06 GMT+0800 (Malay Peninsula Standard Time),,s15w134,focus,
Fri Aug 21 2015 17:08:07 GMT+0800 (Malay Peninsula Standard Time),,s15w135,focus,
Fri Aug 21 2015 17:08:07 GMT+0800 (Malay Peninsula Standard Time),,s15w136,focus,
Fri Aug 21 2015 17:08:07 GMT+0800 (Malay Peninsula Standard Time),,s15w137,focus,
Fri Aug 21 2015 17:08:08 GMT+0800 (Malay Peninsula Standard Time),,s15w138,focus,
Fri Aug 21 2015 17:08:08 GMT+0800 (Malay Peninsula Standard Time),,s15w139,focus,
Fri Aug 21 2015 17:08:08 GMT+0800 (Malay Peninsula Standard Time),,s15w140,focus,
Fri Aug 21 2015 17:08:08 GMT+0800 (Malay Peninsula Standard Time),,s15w141,focus,
Fri Aug 21 2015 17:08:09 GMT+0800 (Malay Peninsula Standard Time),,s15w142,focus,
Fri Aug 21 2015 17:08:09 GMT+0800 (Malay Peninsula Standard Time),,s15w143,focus,
Fri Aug 21 2015 17:08:09 GMT+0800 (Malay Peninsula Standard Time),,s15w144,focus,
Fri Aug 21 2015 17:08:10 GMT+0800 (Malay Peninsula Standard Time),,s15w145,focus,
Fri Aug 21 2015 17:08:10 GMT+0800 (Malay Peninsula Standard Time),,s15w146,focus,
Fri Aug 21 2015 17:08:10 GMT+0800 (Malay Peninsula Standard Time),,s15w147,focus,
Fri Aug 21 2015 17:08:11 GMT+0800 (Malay Peninsula Standard Time),,s15w148,focus,
Fri Aug 21 2015 17:08:11 GMT+0800 (Malay Peninsula Standard Time),,s15w149,focus,
Fri Aug 21 2015 17:08:11 GMT+0800 (Malay Peninsula Standard Time),,s15w150,focus,
Fri Aug 21 2015 17:08:12 GMT+0800 (Malay Peninsula Standard Time),,s15w151,focus,
Fri Aug 21 2015 17:08:12 GMT+0800 (Malay Peninsula Standard Time),,s15w152,focus,
Fri Aug 21 2015 17:08:12 GMT+0800 (Malay Peninsula Standard Time),,s15w153,focus,
Fri Aug 21 2015 17:08:13 GMT+0800 (Malay Peninsula Standard Time),,s15w154,focus,
Fri Aug 21 2015 17:08:13 GMT+0800 (Malay Peninsula Standard Time),,s15w155,focus,
Fri Aug 21 2015 17:08:16 GMT+0800 (Malay Peninsula Standard Time),,s15w156,focus,
Fri Aug 21 2015 17:08:16 GMT+0800 (Malay Peninsula Standard Time),,s15w157,focus,
Fri Aug 21 2015 17:08:16 GMT+0800 (Malay Peninsula Standard Time),,s15w158,focus,
Fri Aug 21 2015 17:08:16 GMT+0800 (Malay Peninsula Standard Time),,s15w159,focus,
Fri Aug 21 2015 17:08:17 GMT+0800 (Malay Peninsula Standard Time),,s15w160,focus,
Fri Aug 21 2015 17:08:17 GMT+0800 (Malay Peninsula Standard Time),,s15w161,focus,
Fri Aug 21 2015 17:08:18 GMT+0800 (Malay Peninsula Standard Time),,s15w162,focus,
Fri Aug 21 2015 17:08:19 GMT+0800 (Malay Peninsula Standard Time),,s15w163,focus,
Fri Aug 21 2015 17:08:19 GMT+0800 (Malay Peninsula Standard Time),,s15w164,focus,
Fri Aug 21 2015 17:08:19 GMT+0800 (Malay Peninsula Standard Time),,s15w165,focus,
Fri Aug 21 2015 17:08:19 GMT+0800 (Malay Peninsula Standard Time),,s15w166,focus,
Fri Aug 21 2015 17:08:20 GMT+0800 (Malay Peninsula Standard Time),,s15w167,focus,
Fri Aug 21 2015 17:08:20 GMT+0800 (Malay Peninsula Standard Time),,s15w168,focus,
Fri Aug 21 2015 17:08:20 GMT+0800 (Malay Peninsula Standard Time),,s15w169,focus,
Fri Aug 21 2015 17:08:21 GMT+0800 (Malay Peninsula Standard Time),,s15w170,focus,
Fri Aug 21 2015 17:08:21 GMT+0800 (Malay Peninsula Standard Time),,s15w171,focus,
Fri Aug 21 2015 17:08:21 GMT+0800 (Malay Peninsula Standard Time),,s15w172,focus,
Fri Aug 21 2015 17:08:21 GMT+0800 (Malay Peninsula Standard Time),,s15w173,focus,
Fri Aug 21 2015 17:08:22 GMT+0800 (Malay Peninsula Standard Time),,s15w174,focus,
Fri Aug 21 2015 17:08:22 GMT+0800 (Malay Peninsula Standard Time),,s15w175,focus,
Fri Aug 21 2015 17:08:22 GMT+0800 (Malay Peninsula Standard Time),,s15w176,focus,
Fri Aug 21 2015 17:08:23 GMT+0800 (Malay Peninsula Standard Time),,s15w177,focus,
Fri Aug 21 2015 17:08:23 GMT+0800 (Malay Peninsula Standard Time),,s15w178,focus,
Fri Aug 21 2015 17:08:23 GMT+0800 (Malay Peninsula Standard Time),,s15w179,focus,
Fri Aug 21 2015 17:08:23 GMT+0800 (Malay Peninsula Standard Time),,s15w180,focus,
Fri Aug 21 2015 17:08:24 GMT+0800 (Malay Peninsula Standard Time),,s15w181,focus,
Fri Aug 21 2015 17:08:24 GMT+0800 (Malay Peninsula Standard Time),,s15w182,focus,
Fri Aug 21 2015 17:08:24 GMT+0800 (Malay Peninsula Standard Time),,s15w183,focus,
Fri Aug 21 2015 17:08:25 GMT+0800 (Malay Peninsula Standard Time),,s15w184,focus,
Fri Aug 21 2015 17:08:25 GMT+0800 (Malay Peninsula Standard Time),,s15w185,focus,
Fri Aug 21 2015 17:08:25 GMT+0800 (Malay Peninsula Standard Time),,s15w186,focus,
Fri Aug 21 2015 17:08:26 GMT+0800 (Malay Peninsula Standard Time),,s15w187,focus,
Fri Aug 21 2015 17:08:26 GMT+0800 (Malay Peninsula Standard Time),,s15w188,focus,
Fri Aug 21 2015 17:08:26 GMT+0800 (Malay Peninsula Standard Time),,s15w189,focus,
Fri Aug 21 2015 17:08:28 GMT+0800 (Malay Peninsula Standard Time),,s15w190,focus,
Fri Aug 21 2015 17:08:29 GMT+0800 (Malay Peninsula Standard Time),,s15w190,label,","
Fri Aug 21 2015 17:08:30 GMT+0800 (Malay Peninsula Standard Time),,s15w191,focus,
Fri Aug 21 2015 17:08:31 GMT+0800 (Malay Peninsula Standard Time),,s15w191,label,"G"
Fri Aug 21 2015 17:08:32 GMT+0800 (Malay Peninsula Standard Time),,s15w192,focus,
Fri Aug 21 2015 17:08:33 GMT+0800 (Malay Peninsula Standard Time),,s15w192,label,","
Fri Aug 21 2015 17:08:34 GMT+0800 (Malay Peninsula Standard Time),,s15w193,focus,
Fri Aug 21 2015 17:08:35 GMT+0800 (Malay Peninsula Standard Time),,s15w194,focus,
Fri Aug 21 2015 17:08:36 GMT+0800 (Malay Peninsula Standard Time),,s16w1,focus,
Fri Aug 21 2015 17:08:37 GMT+0800 (Malay Peninsula Standard Time),,s16w1,label,"^"
Fri Aug 21 2015 17:08:37 GMT+0800 (Malay Peninsula Standard Time),,s16w2,focus,
Fri Aug 21 2015 17:08:38 GMT+0800 (Malay Peninsula Standard Time),,s16w3,focus,
Fri Aug 21 2015 17:08:38 GMT+0800 (Malay Peninsula Standard Time),,s16w4,focus,
Fri Aug 21 2015 17:08:38 GMT+0800 (Malay Peninsula Standard Time),,s16w5,focus,
Fri Aug 21 2015 17:08:39 GMT+0800 (Malay Peninsula Standard Time),,s16w6,focus,
Fri Aug 21 2015 17:08:39 GMT+0800 (Malay Peninsula Standard Time),,s16w7,focus,
Fri Aug 21 2015 17:08:40 GMT+0800 (Malay Peninsula Standard Time),,s16w8,focus,
Fri Aug 21 2015 17:08:40 GMT+0800 (Malay Peninsula Standard Time),,s16w9,focus,
Fri Aug 21 2015 17:08:40 GMT+0800 (Malay Peninsula Standard Time),,s16w10,focus,
Fri Aug 21 2015 17:08:41 GMT+0800 (Malay Peninsula Standard Time),,s16w11,focus,
Fri Aug 21 2015 17:08:41 GMT+0800 (Malay Peninsula Standard Time),,s16w12,focus,
Fri Aug 21 2015 17:08:41 GMT+0800 (Malay Peninsula Standard Time),,s16w13,focus,
Fri Aug 21 2015 17:08:42 GMT+0800 (Malay Peninsula Standard Time),,s16w14,focus,
Fri Aug 21 2015 17:08:42 GMT+0800 (Malay Peninsula Standard Time),,s16w15,focus,
Fri Aug 21 2015 17:08:42 GMT+0800 (Malay Peninsula Standard Time),,s16w16,focus,
Fri Aug 21 2015 17:08:42 GMT+0800 (Malay Peninsula Standard Time),,s16w17,focus,
Fri Aug 21 2015 17:08:43 GMT+0800 (Malay Peninsula Standard Time),,s16w18,focus,
Fri Aug 21 2015 17:08:43 GMT+0800 (Malay Peninsula Standard Time),,s16w19,focus,
Fri Aug 21 2015 17:08:44 GMT+0800 (Malay Peninsula Standard Time),,s17w1,focus,
Fri Aug 21 2015 17:08:44 GMT+0800 (Malay Peninsula Standard Time),,s17w2,focus,
Fri Aug 21 2015 17:08:44 GMT+0800 (Malay Peninsula Standard Time),,s17w3,focus,
Fri Aug 21 2015 17:08:45 GMT+0800 (Malay Peninsula Standard Time),,s17w4,focus,
Fri Aug 21 2015 17:08:45 GMT+0800 (Malay Peninsula Standard Time),,s17w5,focus,
Fri Aug 21 2015 17:08:45 GMT+0800 (Malay Peninsula Standard Time),,s17w6,focus,
Fri Aug 21 2015 17:08:45 GMT+0800 (Malay Peninsula Standard Time),,s17w7,focus,
Fri Aug 21 2015 17:08:46 GMT+0800 (Malay Peninsula Standard Time),,s17w8,focus,
Fri Aug 21 2015 17:08:48 GMT+0800 (Malay Peninsula Standard Time),,,submitPage,
